ARM GAS  /var/folders/l5/0x54b2c10074c8bt31ycjvl80000gp/T//ccFmNi2A.s 			page 1


   1              		.cpu arm1176jz-s
   2              		.eabi_attribute 20, 1
   3              		.eabi_attribute 21, 1
   4              		.eabi_attribute 23, 3
   5              		.eabi_attribute 24, 1
   6              		.eabi_attribute 25, 1
   7              		.eabi_attribute 26, 1
   8              		.eabi_attribute 30, 2
   9              		.eabi_attribute 34, 1
  10              		.eabi_attribute 18, 4
  11              		.file	"chdynamic.c"
  12              		.text
  13              	.Ltext0:
  14              		.cfi_sections	.debug_frame
  15              		.section	.text.chThdAddRef,"ax",%progbits
  16              		.align	2
  17              		.global	chThdAddRef
  18              		.arch armv6kz
  19              		.syntax unified
  20              		.arm
  21              		.fpu softvfp
  22              		.type	chThdAddRef, %function
  23              	chThdAddRef:
  24              	.LVL0:
  25              	.LFB7:
  26              		.file 1 "../../os/kernel/src/chdynamic.c"
  27              		.loc 1 45 33 view -0
  28              		.cfi_startproc
  29              		@ args = 0, pretend = 0, frame = 0
  30              		@ frame_needed = 0, uses_anonymous_args = 0
  31              		@ link register save eliminated.
  32              		.loc 1 47 3 view .LVU1
  33              		.syntax divided
  34              	@ 47 "../../os/kernel/src/chdynamic.c" 1
  35 0000 9FF021E3 		msr     CPSR_c, #0x9F
  36              	@ 0 "" 2
  37              		.loc 1 47 3 view .LVU2
  38              		.loc 1 47 14 view .LVU3
  39              		.loc 1 48 3 view .LVU4
  40              		.loc 1 48 76 view .LVU5
  41              		.loc 1 49 3 view .LVU6
  42              		.loc 1 49 13 is_stmt 0 view .LVU7
  43              		.arm
  44              		.syntax unified
  45 0004 1E30D0E5 		ldrb	r3, [r0, #30]	@ zero_extendqisi2
  46 0008 013083E2 		add	r3, r3, #1
  47 000c 1E30C0E5 		strb	r3, [r0, #30]
  48              		.loc 1 50 3 is_stmt 1 view .LVU8
  49              		.loc 1 50 3 view .LVU9
  50              		.syntax divided
  51              	@ 50 "../../os/kernel/src/chdynamic.c" 1
  52 0010 1FF021E3 		msr     CPSR_c, #0x1F
  53              	@ 0 "" 2
  54              		.loc 1 50 16 view .LVU10
  55              		.loc 1 51 3 view .LVU11
  56              		.loc 1 52 1 is_stmt 0 view .LVU12
  57              		.arm
ARM GAS  /var/folders/l5/0x54b2c10074c8bt31ycjvl80000gp/T//ccFmNi2A.s 			page 2


  58              		.syntax unified
  59 0014 1EFF2FE1 		bx	lr
  60              		.cfi_endproc
  61              	.LFE7:
  62              		.size	chThdAddRef, .-chThdAddRef
  63              		.section	.text.chThdRelease,"ax",%progbits
  64              		.align	2
  65              		.global	chThdRelease
  66              		.syntax unified
  67              		.arm
  68              		.fpu softvfp
  69              		.type	chThdRelease, %function
  70              	chThdRelease:
  71              	.LVL1:
  72              	.LFB8:
  73              		.loc 1 67 31 is_stmt 1 view -0
  74              		.cfi_startproc
  75              		@ args = 0, pretend = 0, frame = 0
  76              		@ frame_needed = 0, uses_anonymous_args = 0
  77              		@ link register save eliminated.
  78              		.loc 1 68 3 view .LVU14
  79              		.loc 1 70 3 view .LVU15
  80              		.syntax divided
  81              	@ 70 "../../os/kernel/src/chdynamic.c" 1
  82 0000 9FF021E3 		msr     CPSR_c, #0x9F
  83              	@ 0 "" 2
  84              		.loc 1 70 3 view .LVU16
  85              		.loc 1 70 14 view .LVU17
  86              		.loc 1 71 3 view .LVU18
  87              		.loc 1 71 70 view .LVU19
  88              		.loc 1 72 3 view .LVU20
  89              		.loc 1 72 10 is_stmt 0 view .LVU21
  90              		.arm
  91              		.syntax unified
  92 0004 1E30D0E5 		ldrb	r3, [r0, #30]	@ zero_extendqisi2
  93 0008 013043E2 		sub	r3, r3, #1
  94 000c 7330EFE6 		uxtb	r3, r3
  95              		.loc 1 72 8 view .LVU22
  96 0010 1E30C0E5 		strb	r3, [r0, #30]
  97              	.LVL2:
  98              		.loc 1 73 3 is_stmt 1 view .LVU23
  99              		.loc 1 73 3 view .LVU24
 100              		.syntax divided
 101              	@ 73 "../../os/kernel/src/chdynamic.c" 1
 102 0014 1FF021E3 		msr     CPSR_c, #0x1F
 103              	@ 0 "" 2
 104              		.loc 1 73 16 view .LVU25
 105              		.loc 1 78 3 view .LVU26
 106              		.loc 1 78 6 is_stmt 0 view .LVU27
 107              		.arm
 108              		.syntax unified
 109 0018 000053E3 		cmp	r3, #0
 110 001c 1EFF2F11 		bxne	lr
 111              		.loc 1 78 19 discriminator 1 view .LVU28
 112 0020 1C30D0E5 		ldrb	r3, [r0, #28]	@ zero_extendqisi2
 113              	.LVL3:
 114              		.loc 1 78 19 discriminator 1 view .LVU29
ARM GAS  /var/folders/l5/0x54b2c10074c8bt31ycjvl80000gp/T//ccFmNi2A.s 			page 3


 115 0024 0E0053E3 		cmp	r3, #14
 116 0028 1EFF2F11 		bxne	lr
 117              		.loc 1 79 5 is_stmt 1 view .LVU30
 118 002c 1D30D0E5 		ldrb	r3, [r0, #29]	@ zero_extendqisi2
 119 0030 033003E2 		and	r3, r3, #3
 120 0034 010053E3 		cmp	r3, #1
 121 0038 1EFF2F11 		bxne	lr
 122              		.loc 1 83 7 view .LVU31
 123 003c 141090E5 		ldr	r1, [r0, #20]
 124 0040 103090E5 		ldr	r3, [r0, #16]
 125 0044 103081E5 		str	r3, [r1, #16]
 126              	.LVL4:
 127              		.loc 1 83 7 view .LVU32
 128 0048 141083E5 		str	r1, [r3, #20]
 129              		.loc 1 83 21 view .LVU33
 130              		.loc 1 85 7 view .LVU34
 131 004c FEFFFFEA 		b	chHeapFree
 132              	.LVL5:
 133              		.loc 1 85 7 is_stmt 0 view .LVU35
 134              		.cfi_endproc
 135              	.LFE8:
 136              		.size	chThdRelease, .-chThdRelease
 137              		.section	.text.chThdCreateFromHeap,"ax",%progbits
 138              		.align	2
 139              		.global	chThdCreateFromHeap
 140              		.syntax unified
 141              		.arm
 142              		.fpu softvfp
 143              		.type	chThdCreateFromHeap, %function
 144              	chThdCreateFromHeap:
 145              	.LVL6:
 146              	.LFB9:
 147              		.loc 1 124 66 is_stmt 1 view -0
 148              		.cfi_startproc
 149              		@ args = 4, pretend = 0, frame = 0
 150              		@ frame_needed = 0, uses_anonymous_args = 0
 151              		.loc 1 125 3 view .LVU37
 152              		.loc 1 126 3 view .LVU38
 153              		.loc 1 128 3 view .LVU39
 154              		.loc 1 124 66 is_stmt 0 view .LVU40
 155 0000 F0402DE9 		push	{r4, r5, r6, r7, lr}
 156              		.cfi_def_cfa_offset 20
 157              		.cfi_offset 4, -20
 158              		.cfi_offset 5, -16
 159              		.cfi_offset 6, -12
 160              		.cfi_offset 7, -8
 161              		.cfi_offset 14, -4
 162 0004 0CD04DE2 		sub	sp, sp, #12
 163              		.cfi_def_cfa_offset 32
 164              		.loc 1 124 66 view .LVU41
 165 0008 0260A0E1 		mov	r6, r2
 166 000c 0370A0E1 		mov	r7, r3
 167 0010 0150A0E1 		mov	r5, r1
 168              		.loc 1 128 9 view .LVU42
 169 0014 FEFFFFEB 		bl	chHeapAlloc
 170              	.LVL7:
 171              		.loc 1 129 3 is_stmt 1 view .LVU43
ARM GAS  /var/folders/l5/0x54b2c10074c8bt31ycjvl80000gp/T//ccFmNi2A.s 			page 4


 172              		.loc 1 129 6 is_stmt 0 view .LVU44
 173 0018 004050E2 		subs	r4, r0, #0
 174 001c 0C00000A 		beq	.L5
 175              		.loc 1 141 3 is_stmt 1 view .LVU45
 176              		.syntax divided
 177              	@ 141 "../../os/kernel/src/chdynamic.c" 1
 178 0020 9FF021E3 		msr     CPSR_c, #0x9F
 179              	@ 0 "" 2
 180              		.loc 1 141 3 view .LVU46
 181              		.loc 1 141 14 view .LVU47
 182              		.loc 1 142 3 view .LVU48
 183              		.loc 1 142 8 is_stmt 0 view .LVU49
 184              		.arm
 185              		.syntax unified
 186 0024 20309DE5 		ldr	r3, [sp, #32]
 187 0028 0620A0E1 		mov	r2, r6
 188 002c 00308DE5 		str	r3, [sp]
 189 0030 0510A0E1 		mov	r1, r5
 190 0034 0730A0E1 		mov	r3, r7
 191 0038 FEFFFFEB 		bl	chThdCreateI
 192              	.LVL8:
 193              		.loc 1 143 15 view .LVU50
 194 003c 0130A0E3 		mov	r3, #1
 195              		.loc 1 144 3 view .LVU51
 196 0040 0010A0E3 		mov	r1, #0
 197              		.loc 1 143 15 view .LVU52
 198 0044 1D30C0E5 		strb	r3, [r0, #29]
 199              		.loc 1 142 8 view .LVU53
 200 0048 0040A0E1 		mov	r4, r0
 201              	.LVL9:
 202              		.loc 1 143 3 is_stmt 1 view .LVU54
 203              		.loc 1 144 3 view .LVU55
 204 004c FEFFFFEB 		bl	chSchWakeupS
 205              	.LVL10:
 206              		.loc 1 145 3 view .LVU56
 207              		.loc 1 145 3 view .LVU57
 208              		.syntax divided
 209              	@ 145 "../../os/kernel/src/chdynamic.c" 1
 210 0050 1FF021E3 		msr     CPSR_c, #0x1F
 211              	@ 0 "" 2
 212              		.loc 1 145 16 view .LVU58
 213              		.loc 1 146 3 view .LVU59
 214              	.LVL11:
 215              		.arm
 216              		.syntax unified
 217              	.L5:
 218              		.loc 1 147 1 is_stmt 0 view .LVU60
 219 0054 0400A0E1 		mov	r0, r4
 220 0058 0CD08DE2 		add	sp, sp, #12
 221              		.cfi_def_cfa_offset 20
 222              		@ sp needed
 223 005c F080BDE8 		pop	{r4, r5, r6, r7, pc}
 224              		.loc 1 147 1 view .LVU61
 225              		.cfi_endproc
 226              	.LFE9:
 227              		.size	chThdCreateFromHeap, .-chThdCreateFromHeap
 228              		.text
ARM GAS  /var/folders/l5/0x54b2c10074c8bt31ycjvl80000gp/T//ccFmNi2A.s 			page 5


 229              	.Letext0:
 230              		.file 2 "/usr/local/Cellar/arm-gcc-bin/8-2019-q3-update/lib/gcc/arm-none-eabi/8.3.1/include/stddef
 231              		.file 3 "/usr/local/Cellar/arm-gcc-bin/8-2019-q3-update/arm-none-eabi/include/machine/_default_typ
 232              		.file 4 "/usr/local/Cellar/arm-gcc-bin/8-2019-q3-update/arm-none-eabi/include/sys/_stdint.h"
 233              		.file 5 "../../os/ports/GCC/ARM/chtypes.h"
 234              		.file 6 "../../os/kernel/include/chlists.h"
 235              		.file 7 "../../os/kernel/include/chthreads.h"
 236              		.file 8 "../../os/ports/GCC/ARM/chcore.h"
 237              		.file 9 "../../os/kernel/include/chvt.h"
 238              		.file 10 "../../os/kernel/include/chschd.h"
 239              		.file 11 "../../os/kernel/include/chmtx.h"
 240              		.file 12 "../../os/kernel/include/chmemcore.h"
 241              		.file 13 "../../os/kernel/include/chheap.h"
 242              		.file 14 "../../os/kernel/include/chregistry.h"
 243              		.file 15 "../../os/kernel/include/ch.h"
 244              		.section	.debug_info,"",%progbits
 245              	.Ldebug_info0:
 246 0000 11090000 		.4byte	0x911
 247 0004 0400     		.2byte	0x4
 248 0006 00000000 		.4byte	.Ldebug_abbrev0
 249 000a 04       		.byte	0x4
 250 000b 01       		.uleb128 0x1
 251 000c 1C020000 		.4byte	.LASF119
 252 0010 0C       		.byte	0xc
 253 0011 0E000000 		.4byte	.LASF120
 254 0015 80030000 		.4byte	.LASF121
 255 0019 00000000 		.4byte	.Ldebug_ranges0+0
 256 001d 00000000 		.4byte	0
 257 0021 00000000 		.4byte	.Ldebug_line0
 258 0025 02       		.uleb128 0x2
 259 0026 04       		.byte	0x4
 260 0027 05       		.byte	0x5
 261 0028 696E7400 		.ascii	"int\000"
 262 002c 03       		.uleb128 0x3
 263 002d 2E000000 		.4byte	.LASF2
 264 0031 02       		.byte	0x2
 265 0032 D8       		.byte	0xd8
 266 0033 17       		.byte	0x17
 267 0034 38000000 		.4byte	0x38
 268 0038 04       		.uleb128 0x4
 269 0039 04       		.byte	0x4
 270 003a 07       		.byte	0x7
 271 003b 8D010000 		.4byte	.LASF0
 272 003f 04       		.uleb128 0x4
 273 0040 01       		.byte	0x1
 274 0041 06       		.byte	0x6
 275 0042 C1000000 		.4byte	.LASF1
 276 0046 03       		.uleb128 0x3
 277 0047 41000000 		.4byte	.LASF3
 278 004b 03       		.byte	0x3
 279 004c 2B       		.byte	0x2b
 280 004d 18       		.byte	0x18
 281 004e 52000000 		.4byte	0x52
 282 0052 04       		.uleb128 0x4
 283 0053 01       		.byte	0x1
 284 0054 08       		.byte	0x8
 285 0055 20040000 		.4byte	.LASF4
ARM GAS  /var/folders/l5/0x54b2c10074c8bt31ycjvl80000gp/T//ccFmNi2A.s 			page 6


 286 0059 04       		.uleb128 0x4
 287 005a 02       		.byte	0x2
 288 005b 05       		.byte	0x5
 289 005c 43040000 		.4byte	.LASF5
 290 0060 03       		.uleb128 0x3
 291 0061 0F050000 		.4byte	.LASF6
 292 0065 03       		.byte	0x3
 293 0066 39       		.byte	0x39
 294 0067 19       		.byte	0x19
 295 0068 6C000000 		.4byte	0x6c
 296 006c 04       		.uleb128 0x4
 297 006d 02       		.byte	0x2
 298 006e 07       		.byte	0x7
 299 006f EE010000 		.4byte	.LASF7
 300 0073 03       		.uleb128 0x3
 301 0074 36050000 		.4byte	.LASF8
 302 0078 03       		.byte	0x3
 303 0079 4D       		.byte	0x4d
 304 007a 18       		.byte	0x18
 305 007b 7F000000 		.4byte	0x7f
 306 007f 04       		.uleb128 0x4
 307 0080 04       		.byte	0x4
 308 0081 05       		.byte	0x5
 309 0082 1A010000 		.4byte	.LASF9
 310 0086 03       		.uleb128 0x3
 311 0087 6B010000 		.4byte	.LASF10
 312 008b 03       		.byte	0x3
 313 008c 4F       		.byte	0x4f
 314 008d 19       		.byte	0x19
 315 008e 92000000 		.4byte	0x92
 316 0092 04       		.uleb128 0x4
 317 0093 04       		.byte	0x4
 318 0094 07       		.byte	0x7
 319 0095 AF010000 		.4byte	.LASF11
 320 0099 04       		.uleb128 0x4
 321 009a 08       		.byte	0x8
 322 009b 05       		.byte	0x5
 323 009c B3000000 		.4byte	.LASF12
 324 00a0 04       		.uleb128 0x4
 325 00a1 08       		.byte	0x8
 326 00a2 07       		.byte	0x7
 327 00a3 5F000000 		.4byte	.LASF13
 328 00a7 03       		.uleb128 0x3
 329 00a8 82050000 		.4byte	.LASF14
 330 00ac 04       		.byte	0x4
 331 00ad 18       		.byte	0x18
 332 00ae 13       		.byte	0x13
 333 00af 46000000 		.4byte	0x46
 334 00b3 03       		.uleb128 0x3
 335 00b4 40010000 		.4byte	.LASF15
 336 00b8 04       		.byte	0x4
 337 00b9 24       		.byte	0x24
 338 00ba 14       		.byte	0x14
 339 00bb 60000000 		.4byte	0x60
 340 00bf 03       		.uleb128 0x3
 341 00c0 18040000 		.4byte	.LASF16
 342 00c4 04       		.byte	0x4
ARM GAS  /var/folders/l5/0x54b2c10074c8bt31ycjvl80000gp/T//ccFmNi2A.s 			page 7


 343 00c5 2C       		.byte	0x2c
 344 00c6 13       		.byte	0x13
 345 00c7 73000000 		.4byte	0x73
 346 00cb 03       		.uleb128 0x3
 347 00cc DB040000 		.4byte	.LASF17
 348 00d0 04       		.byte	0x4
 349 00d1 30       		.byte	0x30
 350 00d2 14       		.byte	0x14
 351 00d3 86000000 		.4byte	0x86
 352 00d7 03       		.uleb128 0x3
 353 00d8 EC020000 		.4byte	.LASF18
 354 00dc 05       		.byte	0x5
 355 00dd 2A       		.byte	0x2a
 356 00de 19       		.byte	0x19
 357 00df A7000000 		.4byte	0xa7
 358 00e3 03       		.uleb128 0x3
 359 00e4 37010000 		.4byte	.LASF19
 360 00e8 05       		.byte	0x5
 361 00e9 2B       		.byte	0x2b
 362 00ea 19       		.byte	0x19
 363 00eb A7000000 		.4byte	0xa7
 364 00ef 03       		.uleb128 0x3
 365 00f0 F1030000 		.4byte	.LASF20
 366 00f4 05       		.byte	0x5
 367 00f5 2C       		.byte	0x2c
 368 00f6 19       		.byte	0x19
 369 00f7 A7000000 		.4byte	0xa7
 370 00fb 03       		.uleb128 0x3
 371 00fc 03010000 		.4byte	.LASF21
 372 0100 05       		.byte	0x5
 373 0101 2D       		.byte	0x2d
 374 0102 19       		.byte	0x19
 375 0103 A7000000 		.4byte	0xa7
 376 0107 03       		.uleb128 0x3
 377 0108 10040000 		.4byte	.LASF22
 378 010c 05       		.byte	0x5
 379 010d 2E       		.byte	0x2e
 380 010e 19       		.byte	0x19
 381 010f CB000000 		.4byte	0xcb
 382 0113 03       		.uleb128 0x3
 383 0114 0E020000 		.4byte	.LASF23
 384 0118 05       		.byte	0x5
 385 0119 2F       		.byte	0x2f
 386 011a 19       		.byte	0x19
 387 011b BF000000 		.4byte	0xbf
 388 011f 03       		.uleb128 0x3
 389 0120 00030000 		.4byte	.LASF24
 390 0124 05       		.byte	0x5
 391 0125 31       		.byte	0x31
 392 0126 19       		.byte	0x19
 393 0127 CB000000 		.4byte	0xcb
 394 012b 03       		.uleb128 0x3
 395 012c 21050000 		.4byte	.LASF25
 396 0130 05       		.byte	0x5
 397 0131 33       		.byte	0x33
 398 0132 19       		.byte	0x19
 399 0133 CB000000 		.4byte	0xcb
ARM GAS  /var/folders/l5/0x54b2c10074c8bt31ycjvl80000gp/T//ccFmNi2A.s 			page 8


 400 0137 05       		.uleb128 0x5
 401 0138 2B010000 		.4byte	0x12b
 402 013c 03       		.uleb128 0x3
 403 013d B0040000 		.4byte	.LASF26
 404 0141 06       		.byte	0x6
 405 0142 23       		.byte	0x23
 406 0143 17       		.byte	0x17
 407 0144 48010000 		.4byte	0x148
 408 0148 06       		.uleb128 0x6
 409 0149 B0040000 		.4byte	.LASF26
 410 014d 44       		.byte	0x44
 411 014e 07       		.byte	0x7
 412 014f 57       		.byte	0x57
 413 0150 08       		.byte	0x8
 414 0151 4D020000 		.4byte	0x24d
 415 0155 07       		.uleb128 0x7
 416 0156 85040000 		.4byte	.LASF27
 417 015a 07       		.byte	0x7
 418 015b 58       		.byte	0x58
 419 015c 1A       		.byte	0x1a
 420 015d 71020000 		.4byte	0x271
 421 0161 00       		.byte	0
 422 0162 07       		.uleb128 0x7
 423 0163 09040000 		.4byte	.LASF28
 424 0167 07       		.byte	0x7
 425 0168 5A       		.byte	0x5a
 426 0169 1A       		.byte	0x1a
 427 016a 71020000 		.4byte	0x271
 428 016e 04       		.byte	0x4
 429 016f 07       		.uleb128 0x7
 430 0170 9F000000 		.4byte	.LASF29
 431 0174 07       		.byte	0x7
 432 0175 5C       		.byte	0x5c
 433 0176 19       		.byte	0x19
 434 0177 07010000 		.4byte	0x107
 435 017b 08       		.byte	0x8
 436 017c 07       		.uleb128 0x7
 437 017d BD050000 		.4byte	.LASF30
 438 0181 07       		.byte	0x7
 439 0182 5D       		.byte	0x5d
 440 0183 19       		.byte	0x19
 441 0184 3C030000 		.4byte	0x33c
 442 0188 0C       		.byte	0xc
 443 0189 07       		.uleb128 0x7
 444 018a 53010000 		.4byte	.LASF31
 445 018e 07       		.byte	0x7
 446 018f 5F       		.byte	0x5f
 447 0190 1A       		.byte	0x1a
 448 0191 71020000 		.4byte	0x271
 449 0195 10       		.byte	0x10
 450 0196 07       		.uleb128 0x7
 451 0197 65030000 		.4byte	.LASF32
 452 019b 07       		.byte	0x7
 453 019c 60       		.byte	0x60
 454 019d 1A       		.byte	0x1a
 455 019e 71020000 		.4byte	0x271
 456 01a2 14       		.byte	0x14
ARM GAS  /var/folders/l5/0x54b2c10074c8bt31ycjvl80000gp/T//ccFmNi2A.s 			page 9


 457 01a3 07       		.uleb128 0x7
 458 01a4 91050000 		.4byte	.LASF33
 459 01a8 07       		.byte	0x7
 460 01a9 67       		.byte	0x67
 461 01aa 1A       		.byte	0x1a
 462 01ab F8050000 		.4byte	0x5f8
 463 01af 18       		.byte	0x18
 464 01b0 07       		.uleb128 0x7
 465 01b1 4D040000 		.4byte	.LASF34
 466 01b5 07       		.byte	0x7
 467 01b6 72       		.byte	0x72
 468 01b7 19       		.byte	0x19
 469 01b8 E3000000 		.4byte	0xe3
 470 01bc 1C       		.byte	0x1c
 471 01bd 07       		.uleb128 0x7
 472 01be 9B040000 		.4byte	.LASF35
 473 01c2 07       		.byte	0x7
 474 01c3 76       		.byte	0x76
 475 01c4 19       		.byte	0x19
 476 01c5 D7000000 		.4byte	0xd7
 477 01c9 1D       		.byte	0x1d
 478 01ca 07       		.uleb128 0x7
 479 01cb 6B050000 		.4byte	.LASF36
 480 01cf 07       		.byte	0x7
 481 01d0 7B       		.byte	0x7b
 482 01d1 19       		.byte	0x19
 483 01d2 EF000000 		.4byte	0xef
 484 01d6 1E       		.byte	0x1e
 485 01d7 07       		.uleb128 0x7
 486 01d8 55040000 		.4byte	.LASF37
 487 01dc 07       		.byte	0x7
 488 01dd 81       		.byte	0x81
 489 01de 19       		.byte	0x19
 490 01df FB000000 		.4byte	0xfb
 491 01e3 1F       		.byte	0x1f
 492 01e4 07       		.uleb128 0x7
 493 01e5 40050000 		.4byte	.LASF38
 494 01e9 07       		.byte	0x7
 495 01ea 88       		.byte	0x88
 496 01eb 19       		.byte	0x19
 497 01ec 37010000 		.4byte	0x137
 498 01f0 20       		.byte	0x20
 499 01f1 08       		.uleb128 0x8
 500 01f2 705F7500 		.ascii	"p_u\000"
 501 01f6 07       		.byte	0x7
 502 01f7 AD       		.byte	0xad
 503 01f8 19       		.byte	0x19
 504 01f9 BE050000 		.4byte	0x5be
 505 01fd 24       		.byte	0x24
 506 01fe 07       		.uleb128 0x7
 507 01ff C3050000 		.4byte	.LASF39
 508 0203 07       		.byte	0x7
 509 0204 B2       		.byte	0xb2
 510 0205 19       		.byte	0x19
 511 0206 9A020000 		.4byte	0x29a
 512 020a 28       		.byte	0x28
 513 020b 07       		.uleb128 0x7
ARM GAS  /var/folders/l5/0x54b2c10074c8bt31ycjvl80000gp/T//ccFmNi2A.s 			page 10


 514 020c 4E050000 		.4byte	.LASF40
 515 0210 07       		.byte	0x7
 516 0211 B8       		.byte	0xb8
 517 0212 19       		.byte	0x19
 518 0213 77020000 		.4byte	0x277
 519 0217 2C       		.byte	0x2c
 520 0218 07       		.uleb128 0x7
 521 0219 08000000 		.4byte	.LASF41
 522 021d 07       		.byte	0x7
 523 021e BC       		.byte	0xbc
 524 021f 19       		.byte	0x19
 525 0220 13010000 		.4byte	0x113
 526 0224 34       		.byte	0x34
 527 0225 07       		.uleb128 0x7
 528 0226 D0040000 		.4byte	.LASF42
 529 022a 07       		.byte	0x7
 530 022b C2       		.byte	0xc2
 531 022c 19       		.byte	0x19
 532 022d 1F010000 		.4byte	0x11f
 533 0231 38       		.byte	0x38
 534 0232 07       		.uleb128 0x7
 535 0233 39040000 		.4byte	.LASF43
 536 0237 07       		.byte	0x7
 537 0238 C9       		.byte	0xc9
 538 0239 1A       		.byte	0x1a
 539 023a 0A060000 		.4byte	0x60a
 540 023e 3C       		.byte	0x3c
 541 023f 07       		.uleb128 0x7
 542 0240 2B050000 		.4byte	.LASF44
 543 0244 07       		.byte	0x7
 544 0245 CD       		.byte	0xcd
 545 0246 19       		.byte	0x19
 546 0247 07010000 		.4byte	0x107
 547 024b 40       		.byte	0x40
 548 024c 00       		.byte	0
 549 024d 09       		.uleb128 0x9
 550 024e 08       		.byte	0x8
 551 024f 06       		.byte	0x6
 552 0250 5A       		.byte	0x5a
 553 0251 09       		.byte	0x9
 554 0252 71020000 		.4byte	0x271
 555 0256 07       		.uleb128 0x7
 556 0257 85040000 		.4byte	.LASF27
 557 025b 06       		.byte	0x6
 558 025c 5B       		.byte	0x5b
 559 025d 1A       		.byte	0x1a
 560 025e 71020000 		.4byte	0x271
 561 0262 00       		.byte	0
 562 0263 07       		.uleb128 0x7
 563 0264 09040000 		.4byte	.LASF28
 564 0268 06       		.byte	0x6
 565 0269 5D       		.byte	0x5d
 566 026a 1A       		.byte	0x1a
 567 026b 71020000 		.4byte	0x271
 568 026f 04       		.byte	0x4
 569 0270 00       		.byte	0
 570 0271 0A       		.uleb128 0xa
ARM GAS  /var/folders/l5/0x54b2c10074c8bt31ycjvl80000gp/T//ccFmNi2A.s 			page 11


 571 0272 04       		.byte	0x4
 572 0273 3C010000 		.4byte	0x13c
 573 0277 03       		.uleb128 0x3
 574 0278 73030000 		.4byte	.LASF45
 575 027c 06       		.byte	0x6
 576 027d 5F       		.byte	0x5f
 577 027e 03       		.byte	0x3
 578 027f 4D020000 		.4byte	0x24d
 579 0283 09       		.uleb128 0x9
 580 0284 04       		.byte	0x4
 581 0285 06       		.byte	0x6
 582 0286 64       		.byte	0x64
 583 0287 09       		.byte	0x9
 584 0288 9A020000 		.4byte	0x29a
 585 028c 07       		.uleb128 0x7
 586 028d 85040000 		.4byte	.LASF27
 587 0291 06       		.byte	0x6
 588 0292 66       		.byte	0x66
 589 0293 16       		.byte	0x16
 590 0294 71020000 		.4byte	0x271
 591 0298 00       		.byte	0
 592 0299 00       		.byte	0
 593 029a 03       		.uleb128 0x3
 594 029b F4020000 		.4byte	.LASF46
 595 029f 06       		.byte	0x6
 596 02a0 69       		.byte	0x69
 597 02a1 03       		.byte	0x3
 598 02a2 83020000 		.4byte	0x283
 599 02a6 03       		.uleb128 0x3
 600 02a7 1E030000 		.4byte	.LASF47
 601 02ab 08       		.byte	0x8
 602 02ac 9D       		.byte	0x9d
 603 02ad 12       		.byte	0x12
 604 02ae CB000000 		.4byte	0xcb
 605 02b2 03       		.uleb128 0x3
 606 02b3 76010000 		.4byte	.LASF48
 607 02b7 08       		.byte	0x8
 608 02b8 A2       		.byte	0xa2
 609 02b9 0F       		.byte	0xf
 610 02ba BE020000 		.4byte	0x2be
 611 02be 0B       		.uleb128 0xb
 612 02bf 04       		.byte	0x4
 613 02c0 06       		.uleb128 0x6
 614 02c1 47050000 		.4byte	.LASF49
 615 02c5 24       		.byte	0x24
 616 02c6 08       		.byte	0x8
 617 02c7 B9       		.byte	0xb9
 618 02c8 08       		.byte	0x8
 619 02c9 3C030000 		.4byte	0x33c
 620 02cd 08       		.uleb128 0x8
 621 02ce 723400   		.ascii	"r4\000"
 622 02d1 08       		.byte	0x8
 623 02d2 BA       		.byte	0xba
 624 02d3 11       		.byte	0x11
 625 02d4 B2020000 		.4byte	0x2b2
 626 02d8 00       		.byte	0
 627 02d9 08       		.uleb128 0x8
ARM GAS  /var/folders/l5/0x54b2c10074c8bt31ycjvl80000gp/T//ccFmNi2A.s 			page 12


 628 02da 723500   		.ascii	"r5\000"
 629 02dd 08       		.byte	0x8
 630 02de BB       		.byte	0xbb
 631 02df 11       		.byte	0x11
 632 02e0 B2020000 		.4byte	0x2b2
 633 02e4 04       		.byte	0x4
 634 02e5 08       		.uleb128 0x8
 635 02e6 723600   		.ascii	"r6\000"
 636 02e9 08       		.byte	0x8
 637 02ea BC       		.byte	0xbc
 638 02eb 11       		.byte	0x11
 639 02ec B2020000 		.4byte	0x2b2
 640 02f0 08       		.byte	0x8
 641 02f1 08       		.uleb128 0x8
 642 02f2 723700   		.ascii	"r7\000"
 643 02f5 08       		.byte	0x8
 644 02f6 BD       		.byte	0xbd
 645 02f7 11       		.byte	0x11
 646 02f8 B2020000 		.4byte	0x2b2
 647 02fc 0C       		.byte	0xc
 648 02fd 08       		.uleb128 0x8
 649 02fe 723800   		.ascii	"r8\000"
 650 0301 08       		.byte	0x8
 651 0302 BE       		.byte	0xbe
 652 0303 11       		.byte	0x11
 653 0304 B2020000 		.4byte	0x2b2
 654 0308 10       		.byte	0x10
 655 0309 08       		.uleb128 0x8
 656 030a 723900   		.ascii	"r9\000"
 657 030d 08       		.byte	0x8
 658 030e BF       		.byte	0xbf
 659 030f 11       		.byte	0x11
 660 0310 B2020000 		.4byte	0x2b2
 661 0314 14       		.byte	0x14
 662 0315 08       		.uleb128 0x8
 663 0316 72313000 		.ascii	"r10\000"
 664 031a 08       		.byte	0x8
 665 031b C0       		.byte	0xc0
 666 031c 11       		.byte	0x11
 667 031d B2020000 		.4byte	0x2b2
 668 0321 18       		.byte	0x18
 669 0322 08       		.uleb128 0x8
 670 0323 72313100 		.ascii	"r11\000"
 671 0327 08       		.byte	0x8
 672 0328 C1       		.byte	0xc1
 673 0329 11       		.byte	0x11
 674 032a B2020000 		.4byte	0x2b2
 675 032e 1C       		.byte	0x1c
 676 032f 08       		.uleb128 0x8
 677 0330 6C7200   		.ascii	"lr\000"
 678 0333 08       		.byte	0x8
 679 0334 C2       		.byte	0xc2
 680 0335 11       		.byte	0x11
 681 0336 B2020000 		.4byte	0x2b2
 682 033a 20       		.byte	0x20
 683 033b 00       		.byte	0
 684 033c 06       		.uleb128 0x6
ARM GAS  /var/folders/l5/0x54b2c10074c8bt31ycjvl80000gp/T//ccFmNi2A.s 			page 13


 685 033d E1010000 		.4byte	.LASF50
 686 0341 04       		.byte	0x4
 687 0342 08       		.byte	0x8
 688 0343 CA       		.byte	0xca
 689 0344 08       		.byte	0x8
 690 0345 57030000 		.4byte	0x357
 691 0349 08       		.uleb128 0x8
 692 034a 72313300 		.ascii	"r13\000"
 693 034e 08       		.byte	0x8
 694 034f CB       		.byte	0xcb
 695 0350 12       		.byte	0x12
 696 0351 57030000 		.4byte	0x357
 697 0355 00       		.byte	0
 698 0356 00       		.byte	0
 699 0357 0A       		.uleb128 0xa
 700 0358 04       		.byte	0x4
 701 0359 C0020000 		.4byte	0x2c0
 702 035d 03       		.uleb128 0x3
 703 035e CA010000 		.4byte	.LASF51
 704 0362 09       		.byte	0x9
 705 0363 4E       		.byte	0x4e
 706 0364 10       		.byte	0x10
 707 0365 69030000 		.4byte	0x369
 708 0369 0A       		.uleb128 0xa
 709 036a 04       		.byte	0x4
 710 036b 6F030000 		.4byte	0x36f
 711 036f 0C       		.uleb128 0xc
 712 0370 7A030000 		.4byte	0x37a
 713 0374 0D       		.uleb128 0xd
 714 0375 BE020000 		.4byte	0x2be
 715 0379 00       		.byte	0
 716 037a 03       		.uleb128 0x3
 717 037b F8040000 		.4byte	.LASF52
 718 037f 09       		.byte	0x9
 719 0380 53       		.byte	0x53
 720 0381 1D       		.byte	0x1d
 721 0382 86030000 		.4byte	0x386
 722 0386 06       		.uleb128 0x6
 723 0387 F8040000 		.4byte	.LASF52
 724 038b 14       		.byte	0x14
 725 038c 09       		.byte	0x9
 726 038d 5A       		.byte	0x5a
 727 038e 08       		.byte	0x8
 728 038f D5030000 		.4byte	0x3d5
 729 0393 07       		.uleb128 0x7
 730 0394 9A010000 		.4byte	.LASF53
 731 0398 09       		.byte	0x9
 732 0399 5B       		.byte	0x5b
 733 039a 1A       		.byte	0x1a
 734 039b D5030000 		.4byte	0x3d5
 735 039f 00       		.byte	0
 736 03a0 07       		.uleb128 0x7
 737 03a1 7F010000 		.4byte	.LASF54
 738 03a5 09       		.byte	0x9
 739 03a6 5D       		.byte	0x5d
 740 03a7 1A       		.byte	0x1a
 741 03a8 D5030000 		.4byte	0x3d5
ARM GAS  /var/folders/l5/0x54b2c10074c8bt31ycjvl80000gp/T//ccFmNi2A.s 			page 14


 742 03ac 04       		.byte	0x4
 743 03ad 07       		.uleb128 0x7
 744 03ae 3D030000 		.4byte	.LASF55
 745 03b2 09       		.byte	0x9
 746 03b3 5F       		.byte	0x5f
 747 03b4 19       		.byte	0x19
 748 03b5 2B010000 		.4byte	0x12b
 749 03b9 08       		.byte	0x8
 750 03ba 07       		.uleb128 0x7
 751 03bb 45030000 		.4byte	.LASF56
 752 03bf 09       		.byte	0x9
 753 03c0 60       		.byte	0x60
 754 03c1 19       		.byte	0x19
 755 03c2 5D030000 		.4byte	0x35d
 756 03c6 0C       		.byte	0xc
 757 03c7 07       		.uleb128 0x7
 758 03c8 59050000 		.4byte	.LASF57
 759 03cc 09       		.byte	0x9
 760 03cd 62       		.byte	0x62
 761 03ce 1A       		.byte	0x1a
 762 03cf BE020000 		.4byte	0x2be
 763 03d3 10       		.byte	0x10
 764 03d4 00       		.byte	0
 765 03d5 0A       		.uleb128 0xa
 766 03d6 04       		.byte	0x4
 767 03d7 7A030000 		.4byte	0x37a
 768 03db 09       		.uleb128 0x9
 769 03dc 10       		.byte	0x10
 770 03dd 09       		.byte	0x9
 771 03de 6C       		.byte	0x6c
 772 03df 09       		.byte	0x9
 773 03e0 19040000 		.4byte	0x419
 774 03e4 07       		.uleb128 0x7
 775 03e5 9A010000 		.4byte	.LASF53
 776 03e9 09       		.byte	0x9
 777 03ea 6D       		.byte	0x6d
 778 03eb 1A       		.byte	0x1a
 779 03ec D5030000 		.4byte	0x3d5
 780 03f0 00       		.byte	0
 781 03f1 07       		.uleb128 0x7
 782 03f2 7F010000 		.4byte	.LASF54
 783 03f6 09       		.byte	0x9
 784 03f7 6F       		.byte	0x6f
 785 03f8 1A       		.byte	0x1a
 786 03f9 D5030000 		.4byte	0x3d5
 787 03fd 04       		.byte	0x4
 788 03fe 07       		.uleb128 0x7
 789 03ff 3D030000 		.4byte	.LASF55
 790 0403 09       		.byte	0x9
 791 0404 71       		.byte	0x71
 792 0405 19       		.byte	0x19
 793 0406 2B010000 		.4byte	0x12b
 794 040a 08       		.byte	0x8
 795 040b 07       		.uleb128 0x7
 796 040c 98050000 		.4byte	.LASF58
 797 0410 09       		.byte	0x9
 798 0411 72       		.byte	0x72
ARM GAS  /var/folders/l5/0x54b2c10074c8bt31ycjvl80000gp/T//ccFmNi2A.s 			page 15


 799 0412 19       		.byte	0x19
 800 0413 37010000 		.4byte	0x137
 801 0417 0C       		.byte	0xc
 802 0418 00       		.byte	0
 803 0419 03       		.uleb128 0x3
 804 041a AE050000 		.4byte	.LASF59
 805 041e 09       		.byte	0x9
 806 041f 73       		.byte	0x73
 807 0420 03       		.byte	0x3
 808 0421 DB030000 		.4byte	0x3db
 809 0425 0E       		.uleb128 0xe
 810 0426 4B000000 		.4byte	.LASF67
 811 042a 09       		.byte	0x9
 812 042b D1       		.byte	0xd1
 813 042c 0F       		.byte	0xf
 814 042d 19040000 		.4byte	0x419
 815 0431 09       		.uleb128 0x9
 816 0432 1C       		.byte	0x1c
 817 0433 0A       		.byte	0xa
 818 0434 57       		.byte	0x57
 819 0435 09       		.byte	0x9
 820 0436 89040000 		.4byte	0x489
 821 043a 07       		.uleb128 0x7
 822 043b F0040000 		.4byte	.LASF60
 823 043f 0A       		.byte	0xa
 824 0440 58       		.byte	0x58
 825 0441 19       		.byte	0x19
 826 0442 77020000 		.4byte	0x277
 827 0446 00       		.byte	0
 828 0447 07       		.uleb128 0x7
 829 0448 6B040000 		.4byte	.LASF61
 830 044c 0A       		.byte	0xa
 831 044d 59       		.byte	0x59
 832 044e 19       		.byte	0x19
 833 044f 07010000 		.4byte	0x107
 834 0453 08       		.byte	0x8
 835 0454 07       		.uleb128 0x7
 836 0455 6D030000 		.4byte	.LASF62
 837 0459 0A       		.byte	0xa
 838 045a 5B       		.byte	0x5b
 839 045b 19       		.byte	0x19
 840 045c 3C030000 		.4byte	0x33c
 841 0460 0C       		.byte	0xc
 842 0461 07       		.uleb128 0x7
 843 0462 14020000 		.4byte	.LASF63
 844 0466 0A       		.byte	0xa
 845 0467 5E       		.byte	0x5e
 846 0468 1A       		.byte	0x1a
 847 0469 71020000 		.4byte	0x271
 848 046d 10       		.byte	0x10
 849 046e 07       		.uleb128 0x7
 850 046f DE030000 		.4byte	.LASF64
 851 0473 0A       		.byte	0xa
 852 0474 5F       		.byte	0x5f
 853 0475 1A       		.byte	0x1a
 854 0476 71020000 		.4byte	0x271
 855 047a 14       		.byte	0x14
ARM GAS  /var/folders/l5/0x54b2c10074c8bt31ycjvl80000gp/T//ccFmNi2A.s 			page 16


 856 047b 07       		.uleb128 0x7
 857 047c D4030000 		.4byte	.LASF65
 858 0480 0A       		.byte	0xa
 859 0481 62       		.byte	0x62
 860 0482 1A       		.byte	0x1a
 861 0483 71020000 		.4byte	0x271
 862 0487 18       		.byte	0x18
 863 0488 00       		.byte	0
 864 0489 03       		.uleb128 0x3
 865 048a 72050000 		.4byte	.LASF66
 866 048e 0A       		.byte	0xa
 867 048f 64       		.byte	0x64
 868 0490 03       		.byte	0x3
 869 0491 31040000 		.4byte	0x431
 870 0495 0E       		.uleb128 0xe
 871 0496 7C050000 		.4byte	.LASF68
 872 049a 0A       		.byte	0xa
 873 049b 68       		.byte	0x68
 874 049c 12       		.byte	0x12
 875 049d 89040000 		.4byte	0x489
 876 04a1 06       		.uleb128 0x6
 877 04a2 0C030000 		.4byte	.LASF69
 878 04a6 10       		.byte	0x10
 879 04a7 0B       		.byte	0xb
 880 04a8 25       		.byte	0x25
 881 04a9 10       		.byte	0x10
 882 04aa D6040000 		.4byte	0x4d6
 883 04ae 07       		.uleb128 0x7
 884 04af F0000000 		.4byte	.LASF70
 885 04b3 0B       		.byte	0xb
 886 04b4 26       		.byte	0x26
 887 04b5 19       		.byte	0x19
 888 04b6 77020000 		.4byte	0x277
 889 04ba 00       		.byte	0
 890 04bb 07       		.uleb128 0x7
 891 04bc B5050000 		.4byte	.LASF71
 892 04c0 0B       		.byte	0xb
 893 04c1 28       		.byte	0x28
 894 04c2 1A       		.byte	0x1a
 895 04c3 71020000 		.4byte	0x271
 896 04c7 08       		.byte	0x8
 897 04c8 07       		.uleb128 0x7
 898 04c9 1A050000 		.4byte	.LASF72
 899 04cd 0B       		.byte	0xb
 900 04ce 2A       		.byte	0x2a
 901 04cf 1A       		.byte	0x1a
 902 04d0 D6040000 		.4byte	0x4d6
 903 04d4 0C       		.byte	0xc
 904 04d5 00       		.byte	0
 905 04d6 0A       		.uleb128 0xa
 906 04d7 04       		.byte	0x4
 907 04d8 A1040000 		.4byte	0x4a1
 908 04dc 03       		.uleb128 0x3
 909 04dd 0C030000 		.4byte	.LASF69
 910 04e1 0B       		.byte	0xb
 911 04e2 2C       		.byte	0x2c
 912 04e3 03       		.byte	0x3
ARM GAS  /var/folders/l5/0x54b2c10074c8bt31ycjvl80000gp/T//ccFmNi2A.s 			page 17


 913 04e4 A1040000 		.4byte	0x4a1
 914 04e8 03       		.uleb128 0x3
 915 04e9 52000000 		.4byte	.LASF73
 916 04ed 0C       		.byte	0xc
 917 04ee 25       		.byte	0x25
 918 04ef 11       		.byte	0x11
 919 04f0 F4040000 		.4byte	0x4f4
 920 04f4 0A       		.uleb128 0xa
 921 04f5 04       		.byte	0x4
 922 04f6 FA040000 		.4byte	0x4fa
 923 04fa 0F       		.uleb128 0xf
 924 04fb BE020000 		.4byte	0x2be
 925 04ff 09050000 		.4byte	0x509
 926 0503 0D       		.uleb128 0xd
 927 0504 2C000000 		.4byte	0x2c
 928 0508 00       		.byte	0
 929 0509 03       		.uleb128 0x3
 930 050a E6030000 		.4byte	.LASF74
 931 050e 0D       		.byte	0xd
 932 050f 2D       		.byte	0x2d
 933 0510 1C       		.byte	0x1c
 934 0511 15050000 		.4byte	0x515
 935 0515 06       		.uleb128 0x6
 936 0516 CD050000 		.4byte	.LASF75
 937 051a 1C       		.byte	0x1c
 938 051b 0D       		.byte	0xd
 939 051c 40       		.byte	0x40
 940 051d 08       		.byte	0x8
 941 051e 4A050000 		.4byte	0x54a
 942 0522 07       		.uleb128 0x7
 943 0523 2E040000 		.4byte	.LASF76
 944 0527 0D       		.byte	0xd
 945 0528 41       		.byte	0x41
 946 0529 19       		.byte	0x19
 947 052a E8040000 		.4byte	0x4e8
 948 052e 00       		.byte	0
 949 052f 07       		.uleb128 0x7
 950 0530 8D000000 		.4byte	.LASF77
 951 0534 0D       		.byte	0xd
 952 0535 43       		.byte	0x43
 953 0536 19       		.byte	0x19
 954 0537 6C050000 		.4byte	0x56c
 955 053b 04       		.byte	0x4
 956 053c 07       		.uleb128 0x7
 957 053d CD000000 		.4byte	.LASF78
 958 0541 0D       		.byte	0xd
 959 0542 45       		.byte	0x45
 960 0543 19       		.byte	0x19
 961 0544 DC040000 		.4byte	0x4dc
 962 0548 0C       		.byte	0xc
 963 0549 00       		.byte	0
 964 054a 10       		.uleb128 0x10
 965 054b 04       		.byte	0x4
 966 054c 0D       		.byte	0xd
 967 054d 35       		.byte	0x35
 968 054e 05       		.byte	0x5
 969 054f 6C050000 		.4byte	0x56c
ARM GAS  /var/folders/l5/0x54b2c10074c8bt31ycjvl80000gp/T//ccFmNi2A.s 			page 18


 970 0553 11       		.uleb128 0x11
 971 0554 9A000000 		.4byte	.LASF79
 972 0558 0D       		.byte	0xd
 973 0559 36       		.byte	0x36
 974 055a 1A       		.byte	0x1a
 975 055b 90050000 		.4byte	0x590
 976 055f 11       		.uleb128 0x11
 977 0560 05050000 		.4byte	.LASF80
 978 0564 0D       		.byte	0xd
 979 0565 37       		.byte	0x37
 980 0566 1A       		.byte	0x1a
 981 0567 96050000 		.4byte	0x596
 982 056b 00       		.byte	0
 983 056c 12       		.uleb128 0x12
 984 056d 72040000 		.4byte	.LASF122
 985 0571 08       		.byte	0x8
 986 0572 0D       		.byte	0xd
 987 0573 32       		.byte	0x32
 988 0574 07       		.byte	0x7
 989 0575 90050000 		.4byte	0x590
 990 0579 11       		.uleb128 0x11
 991 057a 87010000 		.4byte	.LASF81
 992 057e 0D       		.byte	0xd
 993 057f 33       		.byte	0x33
 994 0580 0E       		.byte	0xe
 995 0581 A6020000 		.4byte	0x2a6
 996 0585 13       		.uleb128 0x13
 997 0586 6800     		.ascii	"h\000"
 998 0588 0D       		.byte	0xd
 999 0589 3A       		.byte	0x3a
 1000 058a 05       		.byte	0x5
 1001 058b 9C050000 		.4byte	0x59c
 1002 058f 00       		.byte	0
 1003 0590 0A       		.uleb128 0xa
 1004 0591 04       		.byte	0x4
 1005 0592 6C050000 		.4byte	0x56c
 1006 0596 0A       		.uleb128 0xa
 1007 0597 04       		.byte	0x4
 1008 0598 09050000 		.4byte	0x509
 1009 059c 09       		.uleb128 0x9
 1010 059d 08       		.byte	0x8
 1011 059e 0D       		.byte	0xd
 1012 059f 34       		.byte	0x34
 1013 05a0 03       		.byte	0x3
 1014 05a1 BE050000 		.4byte	0x5be
 1015 05a5 08       		.uleb128 0x8
 1016 05a6 7500     		.ascii	"u\000"
 1017 05a8 0D       		.byte	0xd
 1018 05a9 38       		.byte	0x38
 1019 05aa 07       		.byte	0x7
 1020 05ab 4A050000 		.4byte	0x54a
 1021 05af 00       		.byte	0
 1022 05b0 07       		.uleb128 0x7
 1023 05b1 E9010000 		.4byte	.LASF82
 1024 05b5 0D       		.byte	0xd
 1025 05b6 39       		.byte	0x39
 1026 05b7 19       		.byte	0x19
ARM GAS  /var/folders/l5/0x54b2c10074c8bt31ycjvl80000gp/T//ccFmNi2A.s 			page 19


 1027 05b8 2C000000 		.4byte	0x2c
 1028 05bc 04       		.byte	0x4
 1029 05bd 00       		.byte	0
 1030 05be 10       		.uleb128 0x10
 1031 05bf 04       		.byte	0x4
 1032 05c0 07       		.byte	0x7
 1033 05c1 8F       		.byte	0x8f
 1034 05c2 03       		.byte	0x3
 1035 05c3 F8050000 		.4byte	0x5f8
 1036 05c7 11       		.uleb128 0x11
 1037 05c8 3A000000 		.4byte	.LASF83
 1038 05cc 07       		.byte	0x7
 1039 05cd 96       		.byte	0x96
 1040 05ce 19       		.byte	0x19
 1041 05cf 13010000 		.4byte	0x113
 1042 05d3 11       		.uleb128 0x11
 1043 05d4 84000000 		.4byte	.LASF84
 1044 05d8 07       		.byte	0x7
 1045 05d9 9D       		.byte	0x9d
 1046 05da 19       		.byte	0x19
 1047 05db 13010000 		.4byte	0x113
 1048 05df 11       		.uleb128 0x11
 1049 05e0 8A050000 		.4byte	.LASF85
 1050 05e4 07       		.byte	0x7
 1051 05e5 A4       		.byte	0xa4
 1052 05e6 1A       		.byte	0x1a
 1053 05e7 BE020000 		.4byte	0x2be
 1054 05eb 11       		.uleb128 0x11
 1055 05ec 7E040000 		.4byte	.LASF86
 1056 05f0 07       		.byte	0x7
 1057 05f1 AB       		.byte	0xab
 1058 05f2 19       		.byte	0x19
 1059 05f3 1F010000 		.4byte	0x11f
 1060 05f7 00       		.byte	0
 1061 05f8 0A       		.uleb128 0xa
 1062 05f9 04       		.byte	0x4
 1063 05fa 05060000 		.4byte	0x605
 1064 05fe 04       		.uleb128 0x4
 1065 05ff 01       		.byte	0x1
 1066 0600 08       		.byte	0x8
 1067 0601 0A050000 		.4byte	.LASF87
 1068 0605 14       		.uleb128 0x14
 1069 0606 FE050000 		.4byte	0x5fe
 1070 060a 0A       		.uleb128 0xa
 1071 060b 04       		.byte	0x4
 1072 060c DC040000 		.4byte	0x4dc
 1073 0610 03       		.uleb128 0x3
 1074 0611 00000000 		.4byte	.LASF88
 1075 0615 07       		.byte	0x7
 1076 0616 DE       		.byte	0xde
 1077 0617 11       		.byte	0x11
 1078 0618 1C060000 		.4byte	0x61c
 1079 061c 0A       		.uleb128 0xa
 1080 061d 04       		.byte	0x4
 1081 061e 22060000 		.4byte	0x622
 1082 0622 0F       		.uleb128 0xf
 1083 0623 13010000 		.4byte	0x113
ARM GAS  /var/folders/l5/0x54b2c10074c8bt31ycjvl80000gp/T//ccFmNi2A.s 			page 20


 1084 0627 31060000 		.4byte	0x631
 1085 062b 0D       		.uleb128 0xd
 1086 062c BE020000 		.4byte	0x2be
 1087 0630 00       		.byte	0
 1088 0631 09       		.uleb128 0x9
 1089 0632 16       		.byte	0x16
 1090 0633 0E       		.byte	0xe
 1091 0634 25       		.byte	0x25
 1092 0635 09       		.byte	0x9
 1093 0636 25070000 		.4byte	0x725
 1094 063a 07       		.uleb128 0x7
 1095 063b D3010000 		.4byte	.LASF89
 1096 063f 0E       		.byte	0xe
 1097 0640 26       		.byte	0x26
 1098 0641 0D       		.byte	0xd
 1099 0642 25070000 		.4byte	0x725
 1100 0646 00       		.byte	0
 1101 0647 07       		.uleb128 0x7
 1102 0648 29030000 		.4byte	.LASF90
 1103 064c 0E       		.byte	0xe
 1104 064d 27       		.byte	0x27
 1105 064e 0D       		.byte	0xd
 1106 064f A7000000 		.4byte	0xa7
 1107 0653 04       		.byte	0x4
 1108 0654 07       		.uleb128 0x7
 1109 0655 CC030000 		.4byte	.LASF91
 1110 0659 0E       		.byte	0xe
 1111 065a 28       		.byte	0x28
 1112 065b 0D       		.byte	0xd
 1113 065c A7000000 		.4byte	0xa7
 1114 0660 05       		.byte	0x5
 1115 0661 07       		.uleb128 0x7
 1116 0662 A3050000 		.4byte	.LASF92
 1117 0666 0E       		.byte	0xe
 1118 0667 29       		.byte	0x29
 1119 0668 0D       		.byte	0xd
 1120 0669 B3000000 		.4byte	0xb3
 1121 066d 06       		.byte	0x6
 1122 066e 07       		.uleb128 0x7
 1123 066f F9030000 		.4byte	.LASF93
 1124 0673 0E       		.byte	0xe
 1125 0674 2A       		.byte	0x2a
 1126 0675 0D       		.byte	0xd
 1127 0676 A7000000 		.4byte	0xa7
 1128 067a 08       		.byte	0x8
 1129 067b 07       		.uleb128 0x7
 1130 067c 4D030000 		.4byte	.LASF94
 1131 0680 0E       		.byte	0xe
 1132 0681 2B       		.byte	0x2b
 1133 0682 0D       		.byte	0xd
 1134 0683 A7000000 		.4byte	0xa7
 1135 0687 09       		.byte	0x9
 1136 0688 07       		.uleb128 0x7
 1137 0689 76000000 		.4byte	.LASF95
 1138 068d 0E       		.byte	0xe
 1139 068e 2C       		.byte	0x2c
 1140 068f 0D       		.byte	0xd
ARM GAS  /var/folders/l5/0x54b2c10074c8bt31ycjvl80000gp/T//ccFmNi2A.s 			page 21


 1141 0690 A7000000 		.4byte	0xa7
 1142 0694 0A       		.byte	0xa
 1143 0695 07       		.uleb128 0x7
 1144 0696 E4040000 		.4byte	.LASF96
 1145 069a 0E       		.byte	0xe
 1146 069b 2D       		.byte	0x2d
 1147 069c 0D       		.byte	0xd
 1148 069d A7000000 		.4byte	0xa7
 1149 06a1 0B       		.byte	0xb
 1150 06a2 07       		.uleb128 0x7
 1151 06a3 60050000 		.4byte	.LASF97
 1152 06a7 0E       		.byte	0xe
 1153 06a8 2E       		.byte	0x2e
 1154 06a9 0D       		.byte	0xd
 1155 06aa A7000000 		.4byte	0xa7
 1156 06ae 0C       		.byte	0xc
 1157 06af 07       		.uleb128 0x7
 1158 06b0 C3040000 		.4byte	.LASF98
 1159 06b4 0E       		.byte	0xe
 1160 06b5 2F       		.byte	0x2f
 1161 06b6 0D       		.byte	0xd
 1162 06b7 A7000000 		.4byte	0xa7
 1163 06bb 0D       		.byte	0xd
 1164 06bc 07       		.uleb128 0x7
 1165 06bd A2010000 		.4byte	.LASF99
 1166 06c1 0E       		.byte	0xe
 1167 06c2 30       		.byte	0x30
 1168 06c3 0D       		.byte	0xd
 1169 06c4 A7000000 		.4byte	0xa7
 1170 06c8 0E       		.byte	0xe
 1171 06c9 07       		.uleb128 0x7
 1172 06ca 59030000 		.4byte	.LASF100
 1173 06ce 0E       		.byte	0xe
 1174 06cf 31       		.byte	0x31
 1175 06d0 0D       		.byte	0xd
 1176 06d1 A7000000 		.4byte	0xa7
 1177 06d5 0F       		.byte	0xf
 1178 06d6 07       		.uleb128 0x7
 1179 06d7 D3000000 		.4byte	.LASF101
 1180 06db 0E       		.byte	0xe
 1181 06dc 32       		.byte	0x32
 1182 06dd 0D       		.byte	0xd
 1183 06de A7000000 		.4byte	0xa7
 1184 06e2 10       		.byte	0x10
 1185 06e3 07       		.uleb128 0x7
 1186 06e4 A6000000 		.4byte	.LASF102
 1187 06e8 0E       		.byte	0xe
 1188 06e9 34       		.byte	0x34
 1189 06ea 0D       		.byte	0xd
 1190 06eb A7000000 		.4byte	0xa7
 1191 06ef 11       		.byte	0x11
 1192 06f0 07       		.uleb128 0x7
 1193 06f1 E3000000 		.4byte	.LASF103
 1194 06f5 0E       		.byte	0xe
 1195 06f6 35       		.byte	0x35
 1196 06f7 0D       		.byte	0xd
 1197 06f8 A7000000 		.4byte	0xa7
ARM GAS  /var/folders/l5/0x54b2c10074c8bt31ycjvl80000gp/T//ccFmNi2A.s 			page 22


 1198 06fc 12       		.byte	0x12
 1199 06fd 07       		.uleb128 0x7
 1200 06fe 31030000 		.4byte	.LASF104
 1201 0702 0E       		.byte	0xe
 1202 0703 36       		.byte	0x36
 1203 0704 0D       		.byte	0xd
 1204 0705 A7000000 		.4byte	0xa7
 1205 0709 13       		.byte	0x13
 1206 070a 07       		.uleb128 0x7
 1207 070b 8C040000 		.4byte	.LASF105
 1208 070f 0E       		.byte	0xe
 1209 0710 37       		.byte	0x37
 1210 0711 0D       		.byte	0xd
 1211 0712 A7000000 		.4byte	0xa7
 1212 0716 14       		.byte	0x14
 1213 0717 07       		.uleb128 0x7
 1214 0718 5F040000 		.4byte	.LASF106
 1215 071c 0E       		.byte	0xe
 1216 071d 39       		.byte	0x39
 1217 071e 0D       		.byte	0xd
 1218 071f A7000000 		.4byte	0xa7
 1219 0723 15       		.byte	0x15
 1220 0724 00       		.byte	0
 1221 0725 15       		.uleb128 0x15
 1222 0726 FE050000 		.4byte	0x5fe
 1223 072a 35070000 		.4byte	0x735
 1224 072e 16       		.uleb128 0x16
 1225 072f 38000000 		.4byte	0x38
 1226 0733 03       		.byte	0x3
 1227 0734 00       		.byte	0
 1228 0735 03       		.uleb128 0x3
 1229 0736 49010000 		.4byte	.LASF107
 1230 073a 0E       		.byte	0xe
 1231 073b 3A       		.byte	0x3a
 1232 073c 03       		.byte	0x3
 1233 073d 31060000 		.4byte	0x631
 1234 0741 14       		.uleb128 0x14
 1235 0742 35070000 		.4byte	0x735
 1236 0746 0E       		.uleb128 0xe
 1237 0747 C1010000 		.4byte	.LASF108
 1238 074b 0E       		.byte	0xe
 1239 074c 77       		.byte	0x77
 1240 074d 1D       		.byte	0x1d
 1241 074e 41070000 		.4byte	0x741
 1242 0752 15       		.uleb128 0x15
 1243 0753 A6020000 		.4byte	0x2a6
 1244 0757 62070000 		.4byte	0x762
 1245 075b 16       		.uleb128 0x16
 1246 075c 38000000 		.4byte	0x38
 1247 0760 26       		.byte	0x26
 1248 0761 00       		.byte	0
 1249 0762 0E       		.uleb128 0xe
 1250 0763 5B010000 		.4byte	.LASF109
 1251 0767 0F       		.byte	0xf
 1252 0768 82       		.byte	0x82
 1253 0769 08       		.byte	0x8
 1254 076a 52070000 		.4byte	0x752
ARM GAS  /var/folders/l5/0x54b2c10074c8bt31ycjvl80000gp/T//ccFmNi2A.s 			page 23


 1255 076e 17       		.uleb128 0x17
 1256 076f 23010000 		.4byte	.LASF113
 1257 0773 01       		.byte	0x1
 1258 0774 7B       		.byte	0x7b
 1259 0775 09       		.byte	0x9
 1260 0776 71020000 		.4byte	0x271
 1261 077a 00000000 		.4byte	.LFB9
 1262 077e 60000000 		.4byte	.LFE9-.LFB9
 1263 0782 01       		.uleb128 0x1
 1264 0783 9C       		.byte	0x9c
 1265 0784 6C080000 		.4byte	0x86c
 1266 0788 18       		.uleb128 0x18
 1267 0789 94000000 		.4byte	.LASF110
 1268 078d 01       		.byte	0x1
 1269 078e 7B       		.byte	0x7b
 1270 078f 29       		.byte	0x29
 1271 0790 96050000 		.4byte	0x596
 1272 0794 04000000 		.4byte	.LLST2
 1273 0798 00000000 		.4byte	.LVUS2
 1274 079c 18       		.uleb128 0x18
 1275 079d E9010000 		.4byte	.LASF82
 1276 07a1 01       		.byte	0x1
 1277 07a2 7B       		.byte	0x7b
 1278 07a3 37       		.byte	0x37
 1279 07a4 2C000000 		.4byte	0x2c
 1280 07a8 29000000 		.4byte	.LLST3
 1281 07ac 25000000 		.4byte	.LVUS3
 1282 07b0 18       		.uleb128 0x18
 1283 07b1 35000000 		.4byte	.LASF111
 1284 07b5 01       		.byte	0x1
 1285 07b6 7C       		.byte	0x7c
 1286 07b7 25       		.byte	0x25
 1287 07b8 07010000 		.4byte	0x107
 1288 07bc 4B000000 		.4byte	.LLST4
 1289 07c0 47000000 		.4byte	.LVUS4
 1290 07c4 19       		.uleb128 0x19
 1291 07c5 706600   		.ascii	"pf\000"
 1292 07c8 01       		.byte	0x1
 1293 07c9 7C       		.byte	0x7c
 1294 07ca 33       		.byte	0x33
 1295 07cb 10060000 		.4byte	0x610
 1296 07cf 6D000000 		.4byte	.LLST5
 1297 07d3 69000000 		.4byte	.LVUS5
 1298 07d7 1A       		.uleb128 0x1a
 1299 07d8 61726700 		.ascii	"arg\000"
 1300 07dc 01       		.byte	0x1
 1301 07dd 7C       		.byte	0x7c
 1302 07de 3D       		.byte	0x3d
 1303 07df BE020000 		.4byte	0x2be
 1304 07e3 02       		.uleb128 0x2
 1305 07e4 91       		.byte	0x91
 1306 07e5 00       		.sleb128 0
 1307 07e6 1B       		.uleb128 0x1b
 1308 07e7 77737000 		.ascii	"wsp\000"
 1309 07eb 01       		.byte	0x1
 1310 07ec 7D       		.byte	0x7d
 1311 07ed 09       		.byte	0x9
ARM GAS  /var/folders/l5/0x54b2c10074c8bt31ycjvl80000gp/T//ccFmNi2A.s 			page 24


 1312 07ee BE020000 		.4byte	0x2be
 1313 07f2 8F000000 		.4byte	.LLST6
 1314 07f6 8B000000 		.4byte	.LVUS6
 1315 07fa 1B       		.uleb128 0x1b
 1316 07fb 747000   		.ascii	"tp\000"
 1317 07fe 01       		.byte	0x1
 1318 07ff 7E       		.byte	0x7e
 1319 0800 0B       		.byte	0xb
 1320 0801 71020000 		.4byte	0x271
 1321 0805 B1000000 		.4byte	.LLST7
 1322 0809 AD000000 		.4byte	.LVUS7
 1323 080d 1C       		.uleb128 0x1c
 1324 080e 18000000 		.4byte	.LVL7
 1325 0812 E3080000 		.4byte	0x8e3
 1326 0816 28080000 		.4byte	0x828
 1327 081a 1D       		.uleb128 0x1d
 1328 081b 01       		.uleb128 0x1
 1329 081c 50       		.byte	0x50
 1330 081d 03       		.uleb128 0x3
 1331 081e F3       		.byte	0xf3
 1332 081f 01       		.uleb128 0x1
 1333 0820 50       		.byte	0x50
 1334 0821 1D       		.uleb128 0x1d
 1335 0822 01       		.uleb128 0x1
 1336 0823 51       		.byte	0x51
 1337 0824 02       		.uleb128 0x2
 1338 0825 75       		.byte	0x75
 1339 0826 00       		.sleb128 0
 1340 0827 00       		.byte	0
 1341 0828 1C       		.uleb128 0x1c
 1342 0829 3C000000 		.4byte	.LVL8
 1343 082d EF080000 		.4byte	0x8ef
 1344 0831 56080000 		.4byte	0x856
 1345 0835 1D       		.uleb128 0x1d
 1346 0836 01       		.uleb128 0x1
 1347 0837 50       		.byte	0x50
 1348 0838 02       		.uleb128 0x2
 1349 0839 74       		.byte	0x74
 1350 083a 00       		.sleb128 0
 1351 083b 1D       		.uleb128 0x1d
 1352 083c 01       		.uleb128 0x1
 1353 083d 51       		.byte	0x51
 1354 083e 02       		.uleb128 0x2
 1355 083f 75       		.byte	0x75
 1356 0840 00       		.sleb128 0
 1357 0841 1D       		.uleb128 0x1d
 1358 0842 01       		.uleb128 0x1
 1359 0843 52       		.byte	0x52
 1360 0844 02       		.uleb128 0x2
 1361 0845 76       		.byte	0x76
 1362 0846 00       		.sleb128 0
 1363 0847 1D       		.uleb128 0x1d
 1364 0848 01       		.uleb128 0x1
 1365 0849 53       		.byte	0x53
 1366 084a 02       		.uleb128 0x2
 1367 084b 77       		.byte	0x77
 1368 084c 00       		.sleb128 0
ARM GAS  /var/folders/l5/0x54b2c10074c8bt31ycjvl80000gp/T//ccFmNi2A.s 			page 25


 1369 084d 1D       		.uleb128 0x1d
 1370 084e 02       		.uleb128 0x2
 1371 084f 7D       		.byte	0x7d
 1372 0850 00       		.sleb128 0
 1373 0851 03       		.uleb128 0x3
 1374 0852 91       		.byte	0x91
 1375 0853 78       		.sleb128 -8
 1376 0854 06       		.byte	0x6
 1377 0855 00       		.byte	0
 1378 0856 1E       		.uleb128 0x1e
 1379 0857 50000000 		.4byte	.LVL10
 1380 085b FC080000 		.4byte	0x8fc
 1381 085f 1D       		.uleb128 0x1d
 1382 0860 01       		.uleb128 0x1
 1383 0861 50       		.byte	0x50
 1384 0862 02       		.uleb128 0x2
 1385 0863 74       		.byte	0x74
 1386 0864 00       		.sleb128 0
 1387 0865 1D       		.uleb128 0x1d
 1388 0866 01       		.uleb128 0x1
 1389 0867 51       		.byte	0x51
 1390 0868 01       		.uleb128 0x1
 1391 0869 30       		.byte	0x30
 1392 086a 00       		.byte	0
 1393 086b 00       		.byte	0
 1394 086c 1F       		.uleb128 0x1f
 1395 086d A3040000 		.4byte	.LASF123
 1396 0871 01       		.byte	0x1
 1397 0872 43       		.byte	0x43
 1398 0873 06       		.byte	0x6
 1399 0874 00000000 		.4byte	.LFB8
 1400 0878 50000000 		.4byte	.LFE8-.LFB8
 1401 087c 01       		.uleb128 0x1
 1402 087d 9C       		.byte	0x9c
 1403 087e BB080000 		.4byte	0x8bb
 1404 0882 19       		.uleb128 0x19
 1405 0883 747000   		.ascii	"tp\000"
 1406 0886 01       		.byte	0x1
 1407 0887 43       		.byte	0x43
 1408 0888 1B       		.byte	0x1b
 1409 0889 71020000 		.4byte	0x271
 1410 088d D3000000 		.4byte	.LLST0
 1411 0891 CF000000 		.4byte	.LVUS0
 1412 0895 20       		.uleb128 0x20
 1413 0896 04040000 		.4byte	.LASF112
 1414 089a 01       		.byte	0x1
 1415 089b 44       		.byte	0x44
 1416 089c 0B       		.byte	0xb
 1417 089d EF000000 		.4byte	0xef
 1418 08a1 F8000000 		.4byte	.LLST1
 1419 08a5 F4000000 		.4byte	.LVUS1
 1420 08a9 21       		.uleb128 0x21
 1421 08aa 50000000 		.4byte	.LVL5
 1422 08ae 08090000 		.4byte	0x908
 1423 08b2 1D       		.uleb128 0x1d
 1424 08b3 01       		.uleb128 0x1
 1425 08b4 50       		.byte	0x50
ARM GAS  /var/folders/l5/0x54b2c10074c8bt31ycjvl80000gp/T//ccFmNi2A.s 			page 26


 1426 08b5 03       		.uleb128 0x3
 1427 08b6 F3       		.byte	0xf3
 1428 08b7 01       		.uleb128 0x1
 1429 08b8 50       		.byte	0x50
 1430 08b9 00       		.byte	0
 1431 08ba 00       		.byte	0
 1432 08bb 17       		.uleb128 0x17
 1433 08bc 12030000 		.4byte	.LASF114
 1434 08c0 01       		.byte	0x1
 1435 08c1 2D       		.byte	0x2d
 1436 08c2 09       		.byte	0x9
 1437 08c3 71020000 		.4byte	0x271
 1438 08c7 00000000 		.4byte	.LFB7
 1439 08cb 18000000 		.4byte	.LFE7-.LFB7
 1440 08cf 01       		.uleb128 0x1
 1441 08d0 9C       		.byte	0x9c
 1442 08d1 E3080000 		.4byte	0x8e3
 1443 08d5 1A       		.uleb128 0x1a
 1444 08d6 747000   		.ascii	"tp\000"
 1445 08d9 01       		.byte	0x1
 1446 08da 2D       		.byte	0x2d
 1447 08db 1D       		.byte	0x1d
 1448 08dc 71020000 		.4byte	0x271
 1449 08e0 01       		.uleb128 0x1
 1450 08e1 50       		.byte	0x50
 1451 08e2 00       		.byte	0
 1452 08e3 22       		.uleb128 0x22
 1453 08e4 B7040000 		.4byte	.LASF115
 1454 08e8 B7040000 		.4byte	.LASF115
 1455 08ec 0D       		.byte	0xd
 1456 08ed 52       		.byte	0x52
 1457 08ee 09       		.byte	0x9
 1458 08ef 23       		.uleb128 0x23
 1459 08f0 0D010000 		.4byte	.LASF116
 1460 08f4 0D010000 		.4byte	.LASF116
 1461 08f8 07       		.byte	0x7
 1462 08f9 6201     		.2byte	0x162
 1463 08fb 0B       		.byte	0xb
 1464 08fc 22       		.uleb128 0x22
 1465 08fd 01020000 		.4byte	.LASF117
 1466 0901 01020000 		.4byte	.LASF117
 1467 0905 0A       		.byte	0xa
 1468 0906 92       		.byte	0x92
 1469 0907 08       		.byte	0x8
 1470 0908 22       		.uleb128 0x22
 1471 0909 F8000000 		.4byte	.LASF118
 1472 090d F8000000 		.4byte	.LASF118
 1473 0911 0D       		.byte	0xd
 1474 0912 53       		.byte	0x53
 1475 0913 08       		.byte	0x8
 1476 0914 00       		.byte	0
 1477              		.section	.debug_abbrev,"",%progbits
 1478              	.Ldebug_abbrev0:
 1479 0000 01       		.uleb128 0x1
 1480 0001 11       		.uleb128 0x11
 1481 0002 01       		.byte	0x1
 1482 0003 25       		.uleb128 0x25
ARM GAS  /var/folders/l5/0x54b2c10074c8bt31ycjvl80000gp/T//ccFmNi2A.s 			page 27


 1483 0004 0E       		.uleb128 0xe
 1484 0005 13       		.uleb128 0x13
 1485 0006 0B       		.uleb128 0xb
 1486 0007 03       		.uleb128 0x3
 1487 0008 0E       		.uleb128 0xe
 1488 0009 1B       		.uleb128 0x1b
 1489 000a 0E       		.uleb128 0xe
 1490 000b 55       		.uleb128 0x55
 1491 000c 17       		.uleb128 0x17
 1492 000d 11       		.uleb128 0x11
 1493 000e 01       		.uleb128 0x1
 1494 000f 10       		.uleb128 0x10
 1495 0010 17       		.uleb128 0x17
 1496 0011 00       		.byte	0
 1497 0012 00       		.byte	0
 1498 0013 02       		.uleb128 0x2
 1499 0014 24       		.uleb128 0x24
 1500 0015 00       		.byte	0
 1501 0016 0B       		.uleb128 0xb
 1502 0017 0B       		.uleb128 0xb
 1503 0018 3E       		.uleb128 0x3e
 1504 0019 0B       		.uleb128 0xb
 1505 001a 03       		.uleb128 0x3
 1506 001b 08       		.uleb128 0x8
 1507 001c 00       		.byte	0
 1508 001d 00       		.byte	0
 1509 001e 03       		.uleb128 0x3
 1510 001f 16       		.uleb128 0x16
 1511 0020 00       		.byte	0
 1512 0021 03       		.uleb128 0x3
 1513 0022 0E       		.uleb128 0xe
 1514 0023 3A       		.uleb128 0x3a
 1515 0024 0B       		.uleb128 0xb
 1516 0025 3B       		.uleb128 0x3b
 1517 0026 0B       		.uleb128 0xb
 1518 0027 39       		.uleb128 0x39
 1519 0028 0B       		.uleb128 0xb
 1520 0029 49       		.uleb128 0x49
 1521 002a 13       		.uleb128 0x13
 1522 002b 00       		.byte	0
 1523 002c 00       		.byte	0
 1524 002d 04       		.uleb128 0x4
 1525 002e 24       		.uleb128 0x24
 1526 002f 00       		.byte	0
 1527 0030 0B       		.uleb128 0xb
 1528 0031 0B       		.uleb128 0xb
 1529 0032 3E       		.uleb128 0x3e
 1530 0033 0B       		.uleb128 0xb
 1531 0034 03       		.uleb128 0x3
 1532 0035 0E       		.uleb128 0xe
 1533 0036 00       		.byte	0
 1534 0037 00       		.byte	0
 1535 0038 05       		.uleb128 0x5
 1536 0039 35       		.uleb128 0x35
 1537 003a 00       		.byte	0
 1538 003b 49       		.uleb128 0x49
 1539 003c 13       		.uleb128 0x13
ARM GAS  /var/folders/l5/0x54b2c10074c8bt31ycjvl80000gp/T//ccFmNi2A.s 			page 28


 1540 003d 00       		.byte	0
 1541 003e 00       		.byte	0
 1542 003f 06       		.uleb128 0x6
 1543 0040 13       		.uleb128 0x13
 1544 0041 01       		.byte	0x1
 1545 0042 03       		.uleb128 0x3
 1546 0043 0E       		.uleb128 0xe
 1547 0044 0B       		.uleb128 0xb
 1548 0045 0B       		.uleb128 0xb
 1549 0046 3A       		.uleb128 0x3a
 1550 0047 0B       		.uleb128 0xb
 1551 0048 3B       		.uleb128 0x3b
 1552 0049 0B       		.uleb128 0xb
 1553 004a 39       		.uleb128 0x39
 1554 004b 0B       		.uleb128 0xb
 1555 004c 01       		.uleb128 0x1
 1556 004d 13       		.uleb128 0x13
 1557 004e 00       		.byte	0
 1558 004f 00       		.byte	0
 1559 0050 07       		.uleb128 0x7
 1560 0051 0D       		.uleb128 0xd
 1561 0052 00       		.byte	0
 1562 0053 03       		.uleb128 0x3
 1563 0054 0E       		.uleb128 0xe
 1564 0055 3A       		.uleb128 0x3a
 1565 0056 0B       		.uleb128 0xb
 1566 0057 3B       		.uleb128 0x3b
 1567 0058 0B       		.uleb128 0xb
 1568 0059 39       		.uleb128 0x39
 1569 005a 0B       		.uleb128 0xb
 1570 005b 49       		.uleb128 0x49
 1571 005c 13       		.uleb128 0x13
 1572 005d 38       		.uleb128 0x38
 1573 005e 0B       		.uleb128 0xb
 1574 005f 00       		.byte	0
 1575 0060 00       		.byte	0
 1576 0061 08       		.uleb128 0x8
 1577 0062 0D       		.uleb128 0xd
 1578 0063 00       		.byte	0
 1579 0064 03       		.uleb128 0x3
 1580 0065 08       		.uleb128 0x8
 1581 0066 3A       		.uleb128 0x3a
 1582 0067 0B       		.uleb128 0xb
 1583 0068 3B       		.uleb128 0x3b
 1584 0069 0B       		.uleb128 0xb
 1585 006a 39       		.uleb128 0x39
 1586 006b 0B       		.uleb128 0xb
 1587 006c 49       		.uleb128 0x49
 1588 006d 13       		.uleb128 0x13
 1589 006e 38       		.uleb128 0x38
 1590 006f 0B       		.uleb128 0xb
 1591 0070 00       		.byte	0
 1592 0071 00       		.byte	0
 1593 0072 09       		.uleb128 0x9
 1594 0073 13       		.uleb128 0x13
 1595 0074 01       		.byte	0x1
 1596 0075 0B       		.uleb128 0xb
ARM GAS  /var/folders/l5/0x54b2c10074c8bt31ycjvl80000gp/T//ccFmNi2A.s 			page 29


 1597 0076 0B       		.uleb128 0xb
 1598 0077 3A       		.uleb128 0x3a
 1599 0078 0B       		.uleb128 0xb
 1600 0079 3B       		.uleb128 0x3b
 1601 007a 0B       		.uleb128 0xb
 1602 007b 39       		.uleb128 0x39
 1603 007c 0B       		.uleb128 0xb
 1604 007d 01       		.uleb128 0x1
 1605 007e 13       		.uleb128 0x13
 1606 007f 00       		.byte	0
 1607 0080 00       		.byte	0
 1608 0081 0A       		.uleb128 0xa
 1609 0082 0F       		.uleb128 0xf
 1610 0083 00       		.byte	0
 1611 0084 0B       		.uleb128 0xb
 1612 0085 0B       		.uleb128 0xb
 1613 0086 49       		.uleb128 0x49
 1614 0087 13       		.uleb128 0x13
 1615 0088 00       		.byte	0
 1616 0089 00       		.byte	0
 1617 008a 0B       		.uleb128 0xb
 1618 008b 0F       		.uleb128 0xf
 1619 008c 00       		.byte	0
 1620 008d 0B       		.uleb128 0xb
 1621 008e 0B       		.uleb128 0xb
 1622 008f 00       		.byte	0
 1623 0090 00       		.byte	0
 1624 0091 0C       		.uleb128 0xc
 1625 0092 15       		.uleb128 0x15
 1626 0093 01       		.byte	0x1
 1627 0094 27       		.uleb128 0x27
 1628 0095 19       		.uleb128 0x19
 1629 0096 01       		.uleb128 0x1
 1630 0097 13       		.uleb128 0x13
 1631 0098 00       		.byte	0
 1632 0099 00       		.byte	0
 1633 009a 0D       		.uleb128 0xd
 1634 009b 05       		.uleb128 0x5
 1635 009c 00       		.byte	0
 1636 009d 49       		.uleb128 0x49
 1637 009e 13       		.uleb128 0x13
 1638 009f 00       		.byte	0
 1639 00a0 00       		.byte	0
 1640 00a1 0E       		.uleb128 0xe
 1641 00a2 34       		.uleb128 0x34
 1642 00a3 00       		.byte	0
 1643 00a4 03       		.uleb128 0x3
 1644 00a5 0E       		.uleb128 0xe
 1645 00a6 3A       		.uleb128 0x3a
 1646 00a7 0B       		.uleb128 0xb
 1647 00a8 3B       		.uleb128 0x3b
 1648 00a9 0B       		.uleb128 0xb
 1649 00aa 39       		.uleb128 0x39
 1650 00ab 0B       		.uleb128 0xb
 1651 00ac 49       		.uleb128 0x49
 1652 00ad 13       		.uleb128 0x13
 1653 00ae 3F       		.uleb128 0x3f
ARM GAS  /var/folders/l5/0x54b2c10074c8bt31ycjvl80000gp/T//ccFmNi2A.s 			page 30


 1654 00af 19       		.uleb128 0x19
 1655 00b0 3C       		.uleb128 0x3c
 1656 00b1 19       		.uleb128 0x19
 1657 00b2 00       		.byte	0
 1658 00b3 00       		.byte	0
 1659 00b4 0F       		.uleb128 0xf
 1660 00b5 15       		.uleb128 0x15
 1661 00b6 01       		.byte	0x1
 1662 00b7 27       		.uleb128 0x27
 1663 00b8 19       		.uleb128 0x19
 1664 00b9 49       		.uleb128 0x49
 1665 00ba 13       		.uleb128 0x13
 1666 00bb 01       		.uleb128 0x1
 1667 00bc 13       		.uleb128 0x13
 1668 00bd 00       		.byte	0
 1669 00be 00       		.byte	0
 1670 00bf 10       		.uleb128 0x10
 1671 00c0 17       		.uleb128 0x17
 1672 00c1 01       		.byte	0x1
 1673 00c2 0B       		.uleb128 0xb
 1674 00c3 0B       		.uleb128 0xb
 1675 00c4 3A       		.uleb128 0x3a
 1676 00c5 0B       		.uleb128 0xb
 1677 00c6 3B       		.uleb128 0x3b
 1678 00c7 0B       		.uleb128 0xb
 1679 00c8 39       		.uleb128 0x39
 1680 00c9 0B       		.uleb128 0xb
 1681 00ca 01       		.uleb128 0x1
 1682 00cb 13       		.uleb128 0x13
 1683 00cc 00       		.byte	0
 1684 00cd 00       		.byte	0
 1685 00ce 11       		.uleb128 0x11
 1686 00cf 0D       		.uleb128 0xd
 1687 00d0 00       		.byte	0
 1688 00d1 03       		.uleb128 0x3
 1689 00d2 0E       		.uleb128 0xe
 1690 00d3 3A       		.uleb128 0x3a
 1691 00d4 0B       		.uleb128 0xb
 1692 00d5 3B       		.uleb128 0x3b
 1693 00d6 0B       		.uleb128 0xb
 1694 00d7 39       		.uleb128 0x39
 1695 00d8 0B       		.uleb128 0xb
 1696 00d9 49       		.uleb128 0x49
 1697 00da 13       		.uleb128 0x13
 1698 00db 00       		.byte	0
 1699 00dc 00       		.byte	0
 1700 00dd 12       		.uleb128 0x12
 1701 00de 17       		.uleb128 0x17
 1702 00df 01       		.byte	0x1
 1703 00e0 03       		.uleb128 0x3
 1704 00e1 0E       		.uleb128 0xe
 1705 00e2 0B       		.uleb128 0xb
 1706 00e3 0B       		.uleb128 0xb
 1707 00e4 3A       		.uleb128 0x3a
 1708 00e5 0B       		.uleb128 0xb
 1709 00e6 3B       		.uleb128 0x3b
 1710 00e7 0B       		.uleb128 0xb
ARM GAS  /var/folders/l5/0x54b2c10074c8bt31ycjvl80000gp/T//ccFmNi2A.s 			page 31


 1711 00e8 39       		.uleb128 0x39
 1712 00e9 0B       		.uleb128 0xb
 1713 00ea 01       		.uleb128 0x1
 1714 00eb 13       		.uleb128 0x13
 1715 00ec 00       		.byte	0
 1716 00ed 00       		.byte	0
 1717 00ee 13       		.uleb128 0x13
 1718 00ef 0D       		.uleb128 0xd
 1719 00f0 00       		.byte	0
 1720 00f1 03       		.uleb128 0x3
 1721 00f2 08       		.uleb128 0x8
 1722 00f3 3A       		.uleb128 0x3a
 1723 00f4 0B       		.uleb128 0xb
 1724 00f5 3B       		.uleb128 0x3b
 1725 00f6 0B       		.uleb128 0xb
 1726 00f7 39       		.uleb128 0x39
 1727 00f8 0B       		.uleb128 0xb
 1728 00f9 49       		.uleb128 0x49
 1729 00fa 13       		.uleb128 0x13
 1730 00fb 00       		.byte	0
 1731 00fc 00       		.byte	0
 1732 00fd 14       		.uleb128 0x14
 1733 00fe 26       		.uleb128 0x26
 1734 00ff 00       		.byte	0
 1735 0100 49       		.uleb128 0x49
 1736 0101 13       		.uleb128 0x13
 1737 0102 00       		.byte	0
 1738 0103 00       		.byte	0
 1739 0104 15       		.uleb128 0x15
 1740 0105 01       		.uleb128 0x1
 1741 0106 01       		.byte	0x1
 1742 0107 49       		.uleb128 0x49
 1743 0108 13       		.uleb128 0x13
 1744 0109 01       		.uleb128 0x1
 1745 010a 13       		.uleb128 0x13
 1746 010b 00       		.byte	0
 1747 010c 00       		.byte	0
 1748 010d 16       		.uleb128 0x16
 1749 010e 21       		.uleb128 0x21
 1750 010f 00       		.byte	0
 1751 0110 49       		.uleb128 0x49
 1752 0111 13       		.uleb128 0x13
 1753 0112 2F       		.uleb128 0x2f
 1754 0113 0B       		.uleb128 0xb
 1755 0114 00       		.byte	0
 1756 0115 00       		.byte	0
 1757 0116 17       		.uleb128 0x17
 1758 0117 2E       		.uleb128 0x2e
 1759 0118 01       		.byte	0x1
 1760 0119 3F       		.uleb128 0x3f
 1761 011a 19       		.uleb128 0x19
 1762 011b 03       		.uleb128 0x3
 1763 011c 0E       		.uleb128 0xe
 1764 011d 3A       		.uleb128 0x3a
 1765 011e 0B       		.uleb128 0xb
 1766 011f 3B       		.uleb128 0x3b
 1767 0120 0B       		.uleb128 0xb
ARM GAS  /var/folders/l5/0x54b2c10074c8bt31ycjvl80000gp/T//ccFmNi2A.s 			page 32


 1768 0121 39       		.uleb128 0x39
 1769 0122 0B       		.uleb128 0xb
 1770 0123 27       		.uleb128 0x27
 1771 0124 19       		.uleb128 0x19
 1772 0125 49       		.uleb128 0x49
 1773 0126 13       		.uleb128 0x13
 1774 0127 11       		.uleb128 0x11
 1775 0128 01       		.uleb128 0x1
 1776 0129 12       		.uleb128 0x12
 1777 012a 06       		.uleb128 0x6
 1778 012b 40       		.uleb128 0x40
 1779 012c 18       		.uleb128 0x18
 1780 012d 9742     		.uleb128 0x2117
 1781 012f 19       		.uleb128 0x19
 1782 0130 01       		.uleb128 0x1
 1783 0131 13       		.uleb128 0x13
 1784 0132 00       		.byte	0
 1785 0133 00       		.byte	0
 1786 0134 18       		.uleb128 0x18
 1787 0135 05       		.uleb128 0x5
 1788 0136 00       		.byte	0
 1789 0137 03       		.uleb128 0x3
 1790 0138 0E       		.uleb128 0xe
 1791 0139 3A       		.uleb128 0x3a
 1792 013a 0B       		.uleb128 0xb
 1793 013b 3B       		.uleb128 0x3b
 1794 013c 0B       		.uleb128 0xb
 1795 013d 39       		.uleb128 0x39
 1796 013e 0B       		.uleb128 0xb
 1797 013f 49       		.uleb128 0x49
 1798 0140 13       		.uleb128 0x13
 1799 0141 02       		.uleb128 0x2
 1800 0142 17       		.uleb128 0x17
 1801 0143 B742     		.uleb128 0x2137
 1802 0145 17       		.uleb128 0x17
 1803 0146 00       		.byte	0
 1804 0147 00       		.byte	0
 1805 0148 19       		.uleb128 0x19
 1806 0149 05       		.uleb128 0x5
 1807 014a 00       		.byte	0
 1808 014b 03       		.uleb128 0x3
 1809 014c 08       		.uleb128 0x8
 1810 014d 3A       		.uleb128 0x3a
 1811 014e 0B       		.uleb128 0xb
 1812 014f 3B       		.uleb128 0x3b
 1813 0150 0B       		.uleb128 0xb
 1814 0151 39       		.uleb128 0x39
 1815 0152 0B       		.uleb128 0xb
 1816 0153 49       		.uleb128 0x49
 1817 0154 13       		.uleb128 0x13
 1818 0155 02       		.uleb128 0x2
 1819 0156 17       		.uleb128 0x17
 1820 0157 B742     		.uleb128 0x2137
 1821 0159 17       		.uleb128 0x17
 1822 015a 00       		.byte	0
 1823 015b 00       		.byte	0
 1824 015c 1A       		.uleb128 0x1a
ARM GAS  /var/folders/l5/0x54b2c10074c8bt31ycjvl80000gp/T//ccFmNi2A.s 			page 33


 1825 015d 05       		.uleb128 0x5
 1826 015e 00       		.byte	0
 1827 015f 03       		.uleb128 0x3
 1828 0160 08       		.uleb128 0x8
 1829 0161 3A       		.uleb128 0x3a
 1830 0162 0B       		.uleb128 0xb
 1831 0163 3B       		.uleb128 0x3b
 1832 0164 0B       		.uleb128 0xb
 1833 0165 39       		.uleb128 0x39
 1834 0166 0B       		.uleb128 0xb
 1835 0167 49       		.uleb128 0x49
 1836 0168 13       		.uleb128 0x13
 1837 0169 02       		.uleb128 0x2
 1838 016a 18       		.uleb128 0x18
 1839 016b 00       		.byte	0
 1840 016c 00       		.byte	0
 1841 016d 1B       		.uleb128 0x1b
 1842 016e 34       		.uleb128 0x34
 1843 016f 00       		.byte	0
 1844 0170 03       		.uleb128 0x3
 1845 0171 08       		.uleb128 0x8
 1846 0172 3A       		.uleb128 0x3a
 1847 0173 0B       		.uleb128 0xb
 1848 0174 3B       		.uleb128 0x3b
 1849 0175 0B       		.uleb128 0xb
 1850 0176 39       		.uleb128 0x39
 1851 0177 0B       		.uleb128 0xb
 1852 0178 49       		.uleb128 0x49
 1853 0179 13       		.uleb128 0x13
 1854 017a 02       		.uleb128 0x2
 1855 017b 17       		.uleb128 0x17
 1856 017c B742     		.uleb128 0x2137
 1857 017e 17       		.uleb128 0x17
 1858 017f 00       		.byte	0
 1859 0180 00       		.byte	0
 1860 0181 1C       		.uleb128 0x1c
 1861 0182 898201   		.uleb128 0x4109
 1862 0185 01       		.byte	0x1
 1863 0186 11       		.uleb128 0x11
 1864 0187 01       		.uleb128 0x1
 1865 0188 31       		.uleb128 0x31
 1866 0189 13       		.uleb128 0x13
 1867 018a 01       		.uleb128 0x1
 1868 018b 13       		.uleb128 0x13
 1869 018c 00       		.byte	0
 1870 018d 00       		.byte	0
 1871 018e 1D       		.uleb128 0x1d
 1872 018f 8A8201   		.uleb128 0x410a
 1873 0192 00       		.byte	0
 1874 0193 02       		.uleb128 0x2
 1875 0194 18       		.uleb128 0x18
 1876 0195 9142     		.uleb128 0x2111
 1877 0197 18       		.uleb128 0x18
 1878 0198 00       		.byte	0
 1879 0199 00       		.byte	0
 1880 019a 1E       		.uleb128 0x1e
 1881 019b 898201   		.uleb128 0x4109
ARM GAS  /var/folders/l5/0x54b2c10074c8bt31ycjvl80000gp/T//ccFmNi2A.s 			page 34


 1882 019e 01       		.byte	0x1
 1883 019f 11       		.uleb128 0x11
 1884 01a0 01       		.uleb128 0x1
 1885 01a1 31       		.uleb128 0x31
 1886 01a2 13       		.uleb128 0x13
 1887 01a3 00       		.byte	0
 1888 01a4 00       		.byte	0
 1889 01a5 1F       		.uleb128 0x1f
 1890 01a6 2E       		.uleb128 0x2e
 1891 01a7 01       		.byte	0x1
 1892 01a8 3F       		.uleb128 0x3f
 1893 01a9 19       		.uleb128 0x19
 1894 01aa 03       		.uleb128 0x3
 1895 01ab 0E       		.uleb128 0xe
 1896 01ac 3A       		.uleb128 0x3a
 1897 01ad 0B       		.uleb128 0xb
 1898 01ae 3B       		.uleb128 0x3b
 1899 01af 0B       		.uleb128 0xb
 1900 01b0 39       		.uleb128 0x39
 1901 01b1 0B       		.uleb128 0xb
 1902 01b2 27       		.uleb128 0x27
 1903 01b3 19       		.uleb128 0x19
 1904 01b4 11       		.uleb128 0x11
 1905 01b5 01       		.uleb128 0x1
 1906 01b6 12       		.uleb128 0x12
 1907 01b7 06       		.uleb128 0x6
 1908 01b8 40       		.uleb128 0x40
 1909 01b9 18       		.uleb128 0x18
 1910 01ba 9742     		.uleb128 0x2117
 1911 01bc 19       		.uleb128 0x19
 1912 01bd 01       		.uleb128 0x1
 1913 01be 13       		.uleb128 0x13
 1914 01bf 00       		.byte	0
 1915 01c0 00       		.byte	0
 1916 01c1 20       		.uleb128 0x20
 1917 01c2 34       		.uleb128 0x34
 1918 01c3 00       		.byte	0
 1919 01c4 03       		.uleb128 0x3
 1920 01c5 0E       		.uleb128 0xe
 1921 01c6 3A       		.uleb128 0x3a
 1922 01c7 0B       		.uleb128 0xb
 1923 01c8 3B       		.uleb128 0x3b
 1924 01c9 0B       		.uleb128 0xb
 1925 01ca 39       		.uleb128 0x39
 1926 01cb 0B       		.uleb128 0xb
 1927 01cc 49       		.uleb128 0x49
 1928 01cd 13       		.uleb128 0x13
 1929 01ce 02       		.uleb128 0x2
 1930 01cf 17       		.uleb128 0x17
 1931 01d0 B742     		.uleb128 0x2137
 1932 01d2 17       		.uleb128 0x17
 1933 01d3 00       		.byte	0
 1934 01d4 00       		.byte	0
 1935 01d5 21       		.uleb128 0x21
 1936 01d6 898201   		.uleb128 0x4109
 1937 01d9 01       		.byte	0x1
 1938 01da 11       		.uleb128 0x11
ARM GAS  /var/folders/l5/0x54b2c10074c8bt31ycjvl80000gp/T//ccFmNi2A.s 			page 35


 1939 01db 01       		.uleb128 0x1
 1940 01dc 9542     		.uleb128 0x2115
 1941 01de 19       		.uleb128 0x19
 1942 01df 31       		.uleb128 0x31
 1943 01e0 13       		.uleb128 0x13
 1944 01e1 00       		.byte	0
 1945 01e2 00       		.byte	0
 1946 01e3 22       		.uleb128 0x22
 1947 01e4 2E       		.uleb128 0x2e
 1948 01e5 00       		.byte	0
 1949 01e6 3F       		.uleb128 0x3f
 1950 01e7 19       		.uleb128 0x19
 1951 01e8 3C       		.uleb128 0x3c
 1952 01e9 19       		.uleb128 0x19
 1953 01ea 6E       		.uleb128 0x6e
 1954 01eb 0E       		.uleb128 0xe
 1955 01ec 03       		.uleb128 0x3
 1956 01ed 0E       		.uleb128 0xe
 1957 01ee 3A       		.uleb128 0x3a
 1958 01ef 0B       		.uleb128 0xb
 1959 01f0 3B       		.uleb128 0x3b
 1960 01f1 0B       		.uleb128 0xb
 1961 01f2 39       		.uleb128 0x39
 1962 01f3 0B       		.uleb128 0xb
 1963 01f4 00       		.byte	0
 1964 01f5 00       		.byte	0
 1965 01f6 23       		.uleb128 0x23
 1966 01f7 2E       		.uleb128 0x2e
 1967 01f8 00       		.byte	0
 1968 01f9 3F       		.uleb128 0x3f
 1969 01fa 19       		.uleb128 0x19
 1970 01fb 3C       		.uleb128 0x3c
 1971 01fc 19       		.uleb128 0x19
 1972 01fd 6E       		.uleb128 0x6e
 1973 01fe 0E       		.uleb128 0xe
 1974 01ff 03       		.uleb128 0x3
 1975 0200 0E       		.uleb128 0xe
 1976 0201 3A       		.uleb128 0x3a
 1977 0202 0B       		.uleb128 0xb
 1978 0203 3B       		.uleb128 0x3b
 1979 0204 05       		.uleb128 0x5
 1980 0205 39       		.uleb128 0x39
 1981 0206 0B       		.uleb128 0xb
 1982 0207 00       		.byte	0
 1983 0208 00       		.byte	0
 1984 0209 00       		.byte	0
 1985              		.section	.debug_loc,"",%progbits
 1986              	.Ldebug_loc0:
 1987              	.LVUS2:
 1988 0000 00       		.uleb128 0
 1989 0001 00       		.uleb128 .LVU43
 1990 0002 00       		.uleb128 .LVU43
 1991 0003 00       		.uleb128 0
 1992              	.LLST2:
 1993 0004 00000000 		.4byte	.LVL6
 1994 0008 17000000 		.4byte	.LVL7-1
 1995 000c 0100     		.2byte	0x1
ARM GAS  /var/folders/l5/0x54b2c10074c8bt31ycjvl80000gp/T//ccFmNi2A.s 			page 36


 1996 000e 50       		.byte	0x50
 1997 000f 17000000 		.4byte	.LVL7-1
 1998 0013 60000000 		.4byte	.LFE9
 1999 0017 0400     		.2byte	0x4
 2000 0019 F3       		.byte	0xf3
 2001 001a 01       		.uleb128 0x1
 2002 001b 50       		.byte	0x50
 2003 001c 9F       		.byte	0x9f
 2004 001d 00000000 		.4byte	0
 2005 0021 00000000 		.4byte	0
 2006              	.LVUS3:
 2007 0025 00       		.uleb128 0
 2008 0026 00       		.uleb128 .LVU43
 2009 0027 00       		.uleb128 .LVU43
 2010 0028 00       		.uleb128 0
 2011              	.LLST3:
 2012 0029 00000000 		.4byte	.LVL6
 2013 002d 17000000 		.4byte	.LVL7-1
 2014 0031 0100     		.2byte	0x1
 2015 0033 51       		.byte	0x51
 2016 0034 17000000 		.4byte	.LVL7-1
 2017 0038 60000000 		.4byte	.LFE9
 2018 003c 0100     		.2byte	0x1
 2019 003e 55       		.byte	0x55
 2020 003f 00000000 		.4byte	0
 2021 0043 00000000 		.4byte	0
 2022              	.LVUS4:
 2023 0047 00       		.uleb128 0
 2024 0048 00       		.uleb128 .LVU43
 2025 0049 00       		.uleb128 .LVU43
 2026 004a 00       		.uleb128 0
 2027              	.LLST4:
 2028 004b 00000000 		.4byte	.LVL6
 2029 004f 17000000 		.4byte	.LVL7-1
 2030 0053 0100     		.2byte	0x1
 2031 0055 52       		.byte	0x52
 2032 0056 17000000 		.4byte	.LVL7-1
 2033 005a 60000000 		.4byte	.LFE9
 2034 005e 0100     		.2byte	0x1
 2035 0060 56       		.byte	0x56
 2036 0061 00000000 		.4byte	0
 2037 0065 00000000 		.4byte	0
 2038              	.LVUS5:
 2039 0069 00       		.uleb128 0
 2040 006a 00       		.uleb128 .LVU43
 2041 006b 00       		.uleb128 .LVU43
 2042 006c 00       		.uleb128 0
 2043              	.LLST5:
 2044 006d 00000000 		.4byte	.LVL6
 2045 0071 17000000 		.4byte	.LVL7-1
 2046 0075 0100     		.2byte	0x1
 2047 0077 53       		.byte	0x53
 2048 0078 17000000 		.4byte	.LVL7-1
 2049 007c 60000000 		.4byte	.LFE9
 2050 0080 0100     		.2byte	0x1
 2051 0082 57       		.byte	0x57
 2052 0083 00000000 		.4byte	0
ARM GAS  /var/folders/l5/0x54b2c10074c8bt31ycjvl80000gp/T//ccFmNi2A.s 			page 37


 2053 0087 00000000 		.4byte	0
 2054              	.LVUS6:
 2055 008b 00       		.uleb128 .LVU43
 2056 008c 00       		.uleb128 .LVU50
 2057 008d 00       		.uleb128 .LVU50
 2058 008e 00       		.uleb128 .LVU54
 2059              	.LLST6:
 2060 008f 18000000 		.4byte	.LVL7
 2061 0093 3B000000 		.4byte	.LVL8-1
 2062 0097 0100     		.2byte	0x1
 2063 0099 50       		.byte	0x50
 2064 009a 3B000000 		.4byte	.LVL8-1
 2065 009e 4C000000 		.4byte	.LVL9
 2066 00a2 0100     		.2byte	0x1
 2067 00a4 54       		.byte	0x54
 2068 00a5 00000000 		.4byte	0
 2069 00a9 00000000 		.4byte	0
 2070              	.LVUS7:
 2071 00ad 00       		.uleb128 .LVU54
 2072 00ae 00       		.uleb128 .LVU56
 2073 00af 00       		.uleb128 .LVU56
 2074 00b0 02       		.uleb128 .LVU60
 2075              	.LLST7:
 2076 00b1 4C000000 		.4byte	.LVL9
 2077 00b5 4F000000 		.4byte	.LVL10-1
 2078 00b9 0100     		.2byte	0x1
 2079 00bb 50       		.byte	0x50
 2080 00bc 4F000000 		.4byte	.LVL10-1
 2081 00c0 54000000 		.4byte	.LVL11
 2082 00c4 0100     		.2byte	0x1
 2083 00c6 54       		.byte	0x54
 2084 00c7 00000000 		.4byte	0
 2085 00cb 00000000 		.4byte	0
 2086              	.LVUS0:
 2087 00cf 00       		.uleb128 0
 2088 00d0 00       		.uleb128 .LVU35
 2089 00d1 00       		.uleb128 .LVU35
 2090 00d2 00       		.uleb128 0
 2091              	.LLST0:
 2092 00d3 00000000 		.4byte	.LVL1
 2093 00d7 4F000000 		.4byte	.LVL5-1
 2094 00db 0100     		.2byte	0x1
 2095 00dd 50       		.byte	0x50
 2096 00de 4F000000 		.4byte	.LVL5-1
 2097 00e2 50000000 		.4byte	.LFE8
 2098 00e6 0400     		.2byte	0x4
 2099 00e8 F3       		.byte	0xf3
 2100 00e9 01       		.uleb128 0x1
 2101 00ea 50       		.byte	0x50
 2102 00eb 9F       		.byte	0x9f
 2103 00ec 00000000 		.4byte	0
 2104 00f0 00000000 		.4byte	0
 2105              	.LVUS1:
 2106 00f4 00       		.uleb128 .LVU23
 2107 00f5 00       		.uleb128 .LVU29
 2108 00f6 00       		.uleb128 .LVU29
 2109 00f7 00       		.uleb128 .LVU32
ARM GAS  /var/folders/l5/0x54b2c10074c8bt31ycjvl80000gp/T//ccFmNi2A.s 			page 38


 2110              	.LLST1:
 2111 00f8 14000000 		.4byte	.LVL2
 2112 00fc 24000000 		.4byte	.LVL3
 2113 0100 0100     		.2byte	0x1
 2114 0102 53       		.byte	0x53
 2115 0103 24000000 		.4byte	.LVL3
 2116 0107 48000000 		.4byte	.LVL4
 2117 010b 0200     		.2byte	0x2
 2118 010d 70       		.byte	0x70
 2119 010e 1E       		.sleb128 30
 2120 010f 00000000 		.4byte	0
 2121 0113 00000000 		.4byte	0
 2122              		.section	.debug_aranges,"",%progbits
 2123 0000 2C000000 		.4byte	0x2c
 2124 0004 0200     		.2byte	0x2
 2125 0006 00000000 		.4byte	.Ldebug_info0
 2126 000a 04       		.byte	0x4
 2127 000b 00       		.byte	0
 2128 000c 0000     		.2byte	0
 2129 000e 0000     		.2byte	0
 2130 0010 00000000 		.4byte	.LFB7
 2131 0014 18000000 		.4byte	.LFE7-.LFB7
 2132 0018 00000000 		.4byte	.LFB8
 2133 001c 50000000 		.4byte	.LFE8-.LFB8
 2134 0020 00000000 		.4byte	.LFB9
 2135 0024 60000000 		.4byte	.LFE9-.LFB9
 2136 0028 00000000 		.4byte	0
 2137 002c 00000000 		.4byte	0
 2138              		.section	.debug_ranges,"",%progbits
 2139              	.Ldebug_ranges0:
 2140 0000 00000000 		.4byte	.LFB7
 2141 0004 18000000 		.4byte	.LFE7
 2142 0008 00000000 		.4byte	.LFB8
 2143 000c 50000000 		.4byte	.LFE8
 2144 0010 00000000 		.4byte	.LFB9
 2145 0014 60000000 		.4byte	.LFE9
 2146 0018 00000000 		.4byte	0
 2147 001c 00000000 		.4byte	0
 2148              		.section	.debug_line,"",%progbits
 2149              	.Ldebug_line0:
 2150 0000 E9020000 		.section	.debug_str,"MS",%progbits,1
 2150      03000402 
 2150      00000201 
 2150      FB0E0D00 
 2150      01010101 
 2151              	.LASF88:
 2152 0000 7466756E 		.ascii	"tfunc_t\000"
 2152      635F7400 
 2153              	.LASF41:
 2154 0008 705F6D73 		.ascii	"p_msg\000"
 2154      6700
 2155              	.LASF120:
 2156 000e 2E2E2F2E 		.ascii	"../../os/kernel/src/chdynamic.c\000"
 2156      2E2F6F73 
 2156      2F6B6572 
 2156      6E656C2F 
 2156      7372632F 
ARM GAS  /var/folders/l5/0x54b2c10074c8bt31ycjvl80000gp/T//ccFmNi2A.s 			page 39


 2157              	.LASF2:
 2158 002e 73697A65 		.ascii	"size_t\000"
 2158      5F7400
 2159              	.LASF111:
 2160 0035 7072696F 		.ascii	"prio\000"
 2160      00
 2161              	.LASF83:
 2162 003a 7264796D 		.ascii	"rdymsg\000"
 2162      736700
 2163              	.LASF3:
 2164 0041 5F5F7569 		.ascii	"__uint8_t\000"
 2164      6E74385F 
 2164      7400
 2165              	.LASF67:
 2166 004b 76746C69 		.ascii	"vtlist\000"
 2166      737400
 2167              	.LASF73:
 2168 0052 6D656D67 		.ascii	"memgetfunc_t\000"
 2168      65746675 
 2168      6E635F74 
 2168      00
 2169              	.LASF13:
 2170 005f 6C6F6E67 		.ascii	"long long unsigned int\000"
 2170      206C6F6E 
 2170      6720756E 
 2170      7369676E 
 2170      65642069 
 2171              	.LASF95:
 2172 0076 63685F74 		.ascii	"ch_threadsize\000"
 2172      68726561 
 2172      6473697A 
 2172      6500
 2173              	.LASF84:
 2174 0084 65786974 		.ascii	"exitcode\000"
 2174      636F6465 
 2174      00
 2175              	.LASF77:
 2176 008d 685F6672 		.ascii	"h_free\000"
 2176      656500
 2177              	.LASF110:
 2178 0094 68656170 		.ascii	"heapp\000"
 2178      7000
 2179              	.LASF79:
 2180 009a 6E657874 		.ascii	"next\000"
 2180      00
 2181              	.LASF29:
 2182 009f 705F7072 		.ascii	"p_prio\000"
 2182      696F00
 2183              	.LASF102:
 2184 00a6 63665F6F 		.ascii	"cf_off_state\000"
 2184      66665F73 
 2184      74617465 
 2184      00
 2185              	.LASF12:
 2186 00b3 6C6F6E67 		.ascii	"long long int\000"
 2186      206C6F6E 
 2186      6720696E 
ARM GAS  /var/folders/l5/0x54b2c10074c8bt31ycjvl80000gp/T//ccFmNi2A.s 			page 40


 2186      7400
 2187              	.LASF1:
 2188 00c1 7369676E 		.ascii	"signed char\000"
 2188      65642063 
 2188      68617200 
 2189              	.LASF78:
 2190 00cd 685F6D74 		.ascii	"h_mtx\000"
 2190      7800
 2191              	.LASF101:
 2192 00d3 63665F6F 		.ascii	"cf_off_stklimit\000"
 2192      66665F73 
 2192      746B6C69 
 2192      6D697400 
 2193              	.LASF103:
 2194 00e3 63665F6F 		.ascii	"cf_off_flags\000"
 2194      66665F66 
 2194      6C616773 
 2194      00
 2195              	.LASF70:
 2196 00f0 6D5F7175 		.ascii	"m_queue\000"
 2196      65756500 
 2197              	.LASF118:
 2198 00f8 63684865 		.ascii	"chHeapFree\000"
 2198      61704672 
 2198      656500
 2199              	.LASF21:
 2200 0103 74736C69 		.ascii	"tslices_t\000"
 2200      6365735F 
 2200      7400
 2201              	.LASF116:
 2202 010d 63685468 		.ascii	"chThdCreateI\000"
 2202      64437265 
 2202      61746549 
 2202      00
 2203              	.LASF9:
 2204 011a 6C6F6E67 		.ascii	"long int\000"
 2204      20696E74 
 2204      00
 2205              	.LASF113:
 2206 0123 63685468 		.ascii	"chThdCreateFromHeap\000"
 2206      64437265 
 2206      61746546 
 2206      726F6D48 
 2206      65617000 
 2207              	.LASF19:
 2208 0137 74737461 		.ascii	"tstate_t\000"
 2208      74655F74 
 2208      00
 2209              	.LASF15:
 2210 0140 75696E74 		.ascii	"uint16_t\000"
 2210      31365F74 
 2210      00
 2211              	.LASF107:
 2212 0149 63686465 		.ascii	"chdebug_t\000"
 2212      6275675F 
 2212      7400
 2213              	.LASF31:
ARM GAS  /var/folders/l5/0x54b2c10074c8bt31ycjvl80000gp/T//ccFmNi2A.s 			page 41


 2214 0153 705F6E65 		.ascii	"p_newer\000"
 2214      77657200 
 2215              	.LASF109:
 2216 015b 5F69646C 		.ascii	"_idle_thread_wa\000"
 2216      655F7468 
 2216      72656164 
 2216      5F776100 
 2217              	.LASF10:
 2218 016b 5F5F7569 		.ascii	"__uint32_t\000"
 2218      6E743332 
 2218      5F7400
 2219              	.LASF48:
 2220 0176 72656761 		.ascii	"regarm_t\000"
 2220      726D5F74 
 2220      00
 2221              	.LASF54:
 2222 017f 76745F70 		.ascii	"vt_prev\000"
 2222      72657600 
 2223              	.LASF81:
 2224 0187 616C6967 		.ascii	"align\000"
 2224      6E00
 2225              	.LASF0:
 2226 018d 756E7369 		.ascii	"unsigned int\000"
 2226      676E6564 
 2226      20696E74 
 2226      00
 2227              	.LASF53:
 2228 019a 76745F6E 		.ascii	"vt_next\000"
 2228      65787400 
 2229              	.LASF99:
 2230 01a2 63665F6F 		.ascii	"cf_off_older\000"
 2230      66665F6F 
 2230      6C646572 
 2230      00
 2231              	.LASF11:
 2232 01af 6C6F6E67 		.ascii	"long unsigned int\000"
 2232      20756E73 
 2232      69676E65 
 2232      6420696E 
 2232      7400
 2233              	.LASF108:
 2234 01c1 63685F64 		.ascii	"ch_debug\000"
 2234      65627567 
 2234      00
 2235              	.LASF51:
 2236 01ca 76746675 		.ascii	"vtfunc_t\000"
 2236      6E635F74 
 2236      00
 2237              	.LASF89:
 2238 01d3 63685F69 		.ascii	"ch_identifier\000"
 2238      64656E74 
 2238      69666965 
 2238      7200
 2239              	.LASF50:
 2240 01e1 636F6E74 		.ascii	"context\000"
 2240      65787400 
 2241              	.LASF82:
ARM GAS  /var/folders/l5/0x54b2c10074c8bt31ycjvl80000gp/T//ccFmNi2A.s 			page 42


 2242 01e9 73697A65 		.ascii	"size\000"
 2242      00
 2243              	.LASF7:
 2244 01ee 73686F72 		.ascii	"short unsigned int\000"
 2244      7420756E 
 2244      7369676E 
 2244      65642069 
 2244      6E7400
 2245              	.LASF117:
 2246 0201 63685363 		.ascii	"chSchWakeupS\000"
 2246      6857616B 
 2246      65757053 
 2246      00
 2247              	.LASF23:
 2248 020e 6D73675F 		.ascii	"msg_t\000"
 2248      7400
 2249              	.LASF63:
 2250 0214 725F6E65 		.ascii	"r_newer\000"
 2250      77657200 
 2251              	.LASF119:
 2252 021c 474E5520 		.ascii	"GNU C17 8.3.1 20190703 (release) [gcc-8-branch revi"
 2252      43313720 
 2252      382E332E 
 2252      31203230 
 2252      31393037 
 2253 024f 73696F6E 		.ascii	"sion 273027] -mcpu=arm1176jz-s -mno-thumb-interwork"
 2253      20323733 
 2253      3032375D 
 2253      202D6D63 
 2253      70753D61 
 2254 0282 202D6D66 		.ascii	" -mfloat-abi=soft -marm -march=armv6kz -ggdb -O2 -f"
 2254      6C6F6174 
 2254      2D616269 
 2254      3D736F66 
 2254      74202D6D 
 2255 02b5 6F6D6974 		.ascii	"omit-frame-pointer -ffunction-sections -fdata-secti"
 2255      2D667261 
 2255      6D652D70 
 2255      6F696E74 
 2255      6572202D 
 2256 02e8 6F6E7300 		.ascii	"ons\000"
 2257              	.LASF18:
 2258 02ec 746D6F64 		.ascii	"tmode_t\000"
 2258      655F7400 
 2259              	.LASF46:
 2260 02f4 54687265 		.ascii	"ThreadsList\000"
 2260      6164734C 
 2260      69737400 
 2261              	.LASF24:
 2262 0300 6576656E 		.ascii	"eventmask_t\000"
 2262      746D6173 
 2262      6B5F7400 
 2263              	.LASF69:
 2264 030c 4D757465 		.ascii	"Mutex\000"
 2264      7800
 2265              	.LASF114:
 2266 0312 63685468 		.ascii	"chThdAddRef\000"
ARM GAS  /var/folders/l5/0x54b2c10074c8bt31ycjvl80000gp/T//ccFmNi2A.s 			page 43


 2266      64416464 
 2266      52656600 
 2267              	.LASF47:
 2268 031e 73746B61 		.ascii	"stkalign_t\000"
 2268      6C69676E 
 2268      5F7400
 2269              	.LASF90:
 2270 0329 63685F7A 		.ascii	"ch_zero\000"
 2270      65726F00 
 2271              	.LASF104:
 2272 0331 63665F6F 		.ascii	"cf_off_refs\000"
 2272      66665F72 
 2272      65667300 
 2273              	.LASF55:
 2274 033d 76745F74 		.ascii	"vt_time\000"
 2274      696D6500 
 2275              	.LASF56:
 2276 0345 76745F66 		.ascii	"vt_func\000"
 2276      756E6300 
 2277              	.LASF94:
 2278 034d 63685F74 		.ascii	"ch_timesize\000"
 2278      696D6573 
 2278      697A6500 
 2279              	.LASF100:
 2280 0359 63665F6F 		.ascii	"cf_off_name\000"
 2280      66665F6E 
 2280      616D6500 
 2281              	.LASF32:
 2282 0365 705F6F6C 		.ascii	"p_older\000"
 2282      64657200 
 2283              	.LASF62:
 2284 036d 725F6374 		.ascii	"r_ctx\000"
 2284      7800
 2285              	.LASF45:
 2286 0373 54687265 		.ascii	"ThreadsQueue\000"
 2286      61647351 
 2286      75657565 
 2286      00
 2287              	.LASF121:
 2288 0380 2F557365 		.ascii	"/Users/fernandoguirado/eclipse-workspace/ChibiOS-RP"
 2288      72732F66 
 2288      65726E61 
 2288      6E646F67 
 2288      75697261 
 2289 03b3 692D636F 		.ascii	"i-copia/demos/semaphores\000"
 2289      7069612F 
 2289      64656D6F 
 2289      732F7365 
 2289      6D617068 
 2290              	.LASF91:
 2291 03cc 63685F73 		.ascii	"ch_size\000"
 2291      697A6500 
 2292              	.LASF65:
 2293 03d4 725F6375 		.ascii	"r_current\000"
 2293      7272656E 
 2293      7400
 2294              	.LASF64:
ARM GAS  /var/folders/l5/0x54b2c10074c8bt31ycjvl80000gp/T//ccFmNi2A.s 			page 44


 2295 03de 725F6F6C 		.ascii	"r_older\000"
 2295      64657200 
 2296              	.LASF74:
 2297 03e6 4D656D6F 		.ascii	"MemoryHeap\000"
 2297      72794865 
 2297      617000
 2298              	.LASF20:
 2299 03f1 74726566 		.ascii	"trefs_t\000"
 2299      735F7400 
 2300              	.LASF93:
 2301 03f9 63685F70 		.ascii	"ch_ptrsize\000"
 2301      74727369 
 2301      7A6500
 2302              	.LASF112:
 2303 0404 72656673 		.ascii	"refs\000"
 2303      00
 2304              	.LASF28:
 2305 0409 705F7072 		.ascii	"p_prev\000"
 2305      657600
 2306              	.LASF22:
 2307 0410 74707269 		.ascii	"tprio_t\000"
 2307      6F5F7400 
 2308              	.LASF16:
 2309 0418 696E7433 		.ascii	"int32_t\000"
 2309      325F7400 
 2310              	.LASF4:
 2311 0420 756E7369 		.ascii	"unsigned char\000"
 2311      676E6564 
 2311      20636861 
 2311      7200
 2312              	.LASF76:
 2313 042e 685F7072 		.ascii	"h_provider\000"
 2313      6F766964 
 2313      657200
 2314              	.LASF43:
 2315 0439 705F6D74 		.ascii	"p_mtxlist\000"
 2315      786C6973 
 2315      7400
 2316              	.LASF5:
 2317 0443 73686F72 		.ascii	"short int\000"
 2317      7420696E 
 2317      7400
 2318              	.LASF34:
 2319 044d 705F7374 		.ascii	"p_state\000"
 2319      61746500 
 2320              	.LASF37:
 2321 0455 705F7072 		.ascii	"p_preempt\000"
 2321      65656D70 
 2321      7400
 2322              	.LASF106:
 2323 045f 63665F6F 		.ascii	"cf_off_time\000"
 2323      66665F74 
 2323      696D6500 
 2324              	.LASF61:
 2325 046b 725F7072 		.ascii	"r_prio\000"
 2325      696F00
 2326              	.LASF122:
ARM GAS  /var/folders/l5/0x54b2c10074c8bt31ycjvl80000gp/T//ccFmNi2A.s 			page 45


 2327 0472 68656170 		.ascii	"heap_header\000"
 2327      5F686561 
 2327      64657200 
 2328              	.LASF86:
 2329 047e 65776D61 		.ascii	"ewmask\000"
 2329      736B00
 2330              	.LASF27:
 2331 0485 705F6E65 		.ascii	"p_next\000"
 2331      787400
 2332              	.LASF105:
 2333 048c 63665F6F 		.ascii	"cf_off_preempt\000"
 2333      66665F70 
 2333      7265656D 
 2333      707400
 2334              	.LASF35:
 2335 049b 705F666C 		.ascii	"p_flags\000"
 2335      61677300 
 2336              	.LASF123:
 2337 04a3 63685468 		.ascii	"chThdRelease\000"
 2337      6452656C 
 2337      65617365 
 2337      00
 2338              	.LASF26:
 2339 04b0 54687265 		.ascii	"Thread\000"
 2339      616400
 2340              	.LASF115:
 2341 04b7 63684865 		.ascii	"chHeapAlloc\000"
 2341      6170416C 
 2341      6C6F6300 
 2342              	.LASF98:
 2343 04c3 63665F6F 		.ascii	"cf_off_newer\000"
 2343      66665F6E 
 2343      65776572 
 2343      00
 2344              	.LASF42:
 2345 04d0 705F6570 		.ascii	"p_epending\000"
 2345      656E6469 
 2345      6E6700
 2346              	.LASF17:
 2347 04db 75696E74 		.ascii	"uint32_t\000"
 2347      33325F74 
 2347      00
 2348              	.LASF96:
 2349 04e4 63665F6F 		.ascii	"cf_off_prio\000"
 2349      66665F70 
 2349      72696F00 
 2350              	.LASF60:
 2351 04f0 725F7175 		.ascii	"r_queue\000"
 2351      65756500 
 2352              	.LASF52:
 2353 04f8 56697274 		.ascii	"VirtualTimer\000"
 2353      75616C54 
 2353      696D6572 
 2353      00
 2354              	.LASF80:
 2355 0505 68656170 		.ascii	"heap\000"
 2355      00
ARM GAS  /var/folders/l5/0x54b2c10074c8bt31ycjvl80000gp/T//ccFmNi2A.s 			page 46


 2356              	.LASF87:
 2357 050a 63686172 		.ascii	"char\000"
 2357      00
 2358              	.LASF6:
 2359 050f 5F5F7569 		.ascii	"__uint16_t\000"
 2359      6E743136 
 2359      5F7400
 2360              	.LASF72:
 2361 051a 6D5F6E65 		.ascii	"m_next\000"
 2361      787400
 2362              	.LASF25:
 2363 0521 73797374 		.ascii	"systime_t\000"
 2363      696D655F 
 2363      7400
 2364              	.LASF44:
 2365 052b 705F7265 		.ascii	"p_realprio\000"
 2365      616C7072 
 2365      696F00
 2366              	.LASF8:
 2367 0536 5F5F696E 		.ascii	"__int32_t\000"
 2367      7433325F 
 2367      7400
 2368              	.LASF38:
 2369 0540 705F7469 		.ascii	"p_time\000"
 2369      6D6500
 2370              	.LASF49:
 2371 0547 696E7463 		.ascii	"intctx\000"
 2371      747800
 2372              	.LASF40:
 2373 054e 705F6D73 		.ascii	"p_msgqueue\000"
 2373      67717565 
 2373      756500
 2374              	.LASF57:
 2375 0559 76745F70 		.ascii	"vt_par\000"
 2375      617200
 2376              	.LASF97:
 2377 0560 63665F6F 		.ascii	"cf_off_ctx\000"
 2377      66665F63 
 2377      747800
 2378              	.LASF36:
 2379 056b 705F7265 		.ascii	"p_refs\000"
 2379      667300
 2380              	.LASF66:
 2381 0572 52656164 		.ascii	"ReadyList\000"
 2381      794C6973 
 2381      7400
 2382              	.LASF68:
 2383 057c 726C6973 		.ascii	"rlist\000"
 2383      7400
 2384              	.LASF14:
 2385 0582 75696E74 		.ascii	"uint8_t\000"
 2385      385F7400 
 2386              	.LASF85:
 2387 058a 77746F62 		.ascii	"wtobjp\000"
 2387      6A7000
 2388              	.LASF33:
 2389 0591 705F6E61 		.ascii	"p_name\000"
ARM GAS  /var/folders/l5/0x54b2c10074c8bt31ycjvl80000gp/T//ccFmNi2A.s 			page 47


 2389      6D6500
 2390              	.LASF58:
 2391 0598 76745F73 		.ascii	"vt_systime\000"
 2391      79737469 
 2391      6D6500
 2392              	.LASF92:
 2393 05a3 63685F76 		.ascii	"ch_version\000"
 2393      65727369 
 2393      6F6E00
 2394              	.LASF59:
 2395 05ae 56544C69 		.ascii	"VTList\000"
 2395      737400
 2396              	.LASF71:
 2397 05b5 6D5F6F77 		.ascii	"m_owner\000"
 2397      6E657200 
 2398              	.LASF30:
 2399 05bd 705F6374 		.ascii	"p_ctx\000"
 2399      7800
 2400              	.LASF39:
 2401 05c3 705F7761 		.ascii	"p_waiting\000"
 2401      6974696E 
 2401      6700
 2402              	.LASF75:
 2403 05cd 6D656D6F 		.ascii	"memory_heap\000"
 2403      72795F68 
 2403      65617000 
 2404              		.ident	"GCC: (GNU Tools for Arm Embedded Processors 8-2019-q3-update) 8.3.1 20190703 (release) [gc
ARM GAS  /var/folders/l5/0x54b2c10074c8bt31ycjvl80000gp/T//ccFmNi2A.s 			page 48


DEFINED SYMBOLS
                            *ABS*:0000000000000000 chdynamic.c
/var/folders/l5/0x54b2c10074c8bt31ycjvl80000gp/T//ccFmNi2A.s:16     .text.chThdAddRef:0000000000000000 $a
/var/folders/l5/0x54b2c10074c8bt31ycjvl80000gp/T//ccFmNi2A.s:23     .text.chThdAddRef:0000000000000000 chThdAddRef
/var/folders/l5/0x54b2c10074c8bt31ycjvl80000gp/T//ccFmNi2A.s:64     .text.chThdRelease:0000000000000000 $a
/var/folders/l5/0x54b2c10074c8bt31ycjvl80000gp/T//ccFmNi2A.s:70     .text.chThdRelease:0000000000000000 chThdRelease
/var/folders/l5/0x54b2c10074c8bt31ycjvl80000gp/T//ccFmNi2A.s:138    .text.chThdCreateFromHeap:0000000000000000 $a
/var/folders/l5/0x54b2c10074c8bt31ycjvl80000gp/T//ccFmNi2A.s:144    .text.chThdCreateFromHeap:0000000000000000 chThdCreateFromHeap

UNDEFINED SYMBOLS
chHeapFree
chHeapAlloc
chThdCreateI
chSchWakeupS
