ARM GAS  /var/folders/l5/0x54b2c10074c8bt31ycjvl80000gp/T//cc1mJOMo.s 			page 1


   1              		.cpu arm1176jz-s
   2              		.eabi_attribute 20, 1
   3              		.eabi_attribute 21, 1
   4              		.eabi_attribute 23, 3
   5              		.eabi_attribute 24, 1
   6              		.eabi_attribute 25, 1
   7              		.eabi_attribute 26, 1
   8              		.eabi_attribute 30, 2
   9              		.eabi_attribute 34, 1
  10              		.eabi_attribute 18, 4
  11              		.file	"chmsg.c"
  12              		.text
  13              	.Ltext0:
  14              		.cfi_sections	.debug_frame
  15              		.section	.text.chMsgSend,"ax",%progbits
  16              		.align	2
  17              		.global	chMsgSend
  18              		.arch armv6kz
  19              		.syntax unified
  20              		.arm
  21              		.fpu softvfp
  22              		.type	chMsgSend, %function
  23              	chMsgSend:
  24              	.LVL0:
  25              	.LFB7:
  26              		.file 1 "../../os/kernel/src/chmsg.c"
  27              		.loc 1 68 40 view -0
  28              		.cfi_startproc
  29              		@ args = 0, pretend = 0, frame = 0
  30              		@ frame_needed = 0, uses_anonymous_args = 0
  31              		.loc 1 69 3 view .LVU1
  32              		.loc 1 69 11 is_stmt 0 view .LVU2
  33 0000 50309FE5 		ldr	r3, .L6
  34              		.loc 1 68 40 view .LVU3
  35 0004 10402DE9 		push	{r4, lr}
  36              		.cfi_def_cfa_offset 8
  37              		.cfi_offset 4, -8
  38              		.cfi_offset 14, -4
  39              		.loc 1 69 11 view .LVU4
  40 0008 184093E5 		ldr	r4, [r3, #24]
  41              	.LVL1:
  42              		.loc 1 71 3 is_stmt 1 view .LVU5
  43              		.loc 1 71 38 view .LVU6
  44              		.loc 1 73 3 view .LVU7
  45              		.syntax divided
  46              	@ 73 "../../os/kernel/src/chmsg.c" 1
  47 000c 9FF021E3 		msr     CPSR_c, #0x9F
  48              	@ 0 "" 2
  49              		.loc 1 73 3 view .LVU8
  50              		.loc 1 73 14 view .LVU9
  51              		.loc 1 74 3 view .LVU10
  52              		.arm
  53              		.syntax unified
  54              	.LBB6:
  55              	.LBB7:
  56              		.file 2 "../../os/kernel/include/chinline.h"
  57              		.loc 2 48 19 is_stmt 0 view .LVU11
ARM GAS  /var/folders/l5/0x54b2c10074c8bt31ycjvl80000gp/T//cc1mJOMo.s 			page 2


  58 0010 302090E5 		ldr	r2, [r0, #48]
  59              	.LBE7:
  60              	.LBE6:
  61              		.loc 1 75 21 view .LVU12
  62 0014 2CC080E2 		add	ip, r0, #44
  63              		.loc 1 74 14 view .LVU13
  64 0018 341084E5 		str	r1, [r4, #52]
  65              		.loc 1 75 3 is_stmt 1 view .LVU14
  66              	.LBB10:
  67              	.LBB8:
  68              		.loc 2 48 14 is_stmt 0 view .LVU15
  69 001c 042084E5 		str	r2, [r4, #4]
  70              	.LBE8:
  71              	.LBE10:
  72              		.loc 1 75 19 view .LVU16
  73 0020 24C084E5 		str	ip, [r4, #36]
  74              		.loc 1 76 3 is_stmt 1 view .LVU17
  75              	.LVL2:
  76              	.LBB11:
  77              	.LBI6:
  78              		.loc 2 45 20 view .LVU18
  79              	.LBB9:
  80              		.loc 2 47 3 view .LVU19
  81              		.loc 2 47 14 is_stmt 0 view .LVU20
  82 0024 00C084E5 		str	ip, [r4]
  83              		.loc 2 48 3 is_stmt 1 view .LVU21
  84              		.loc 2 49 3 view .LVU22
  85              		.loc 2 49 36 is_stmt 0 view .LVU23
  86 0028 304080E5 		str	r4, [r0, #48]
  87              		.loc 2 49 22 view .LVU24
  88 002c 004082E5 		str	r4, [r2]
  89              	.LVL3:
  90              		.loc 2 49 22 view .LVU25
  91              	.LBE9:
  92              	.LBE11:
  93              		.loc 1 77 3 is_stmt 1 view .LVU26
  94              		.loc 1 77 6 is_stmt 0 view .LVU27
  95 0030 1C30D0E5 		ldrb	r3, [r0, #28]	@ zero_extendqisi2
  96 0034 0C0053E3 		cmp	r3, #12
  97 0038 0400000A 		beq	.L5
  98              	.LVL4:
  99              	.L2:
 100              		.loc 1 79 3 is_stmt 1 view .LVU28
 101 003c 0A00A0E3 		mov	r0, #10
 102 0040 FEFFFFEB 		bl	chSchGoSleepS
 103              	.LVL5:
 104              		.loc 1 80 3 view .LVU29
 105              		.loc 1 80 7 is_stmt 0 view .LVU30
 106 0044 240094E5 		ldr	r0, [r4, #36]
 107              	.LVL6:
 108              		.loc 1 81 3 is_stmt 1 view .LVU31
 109              		.loc 1 81 3 view .LVU32
 110              		.syntax divided
 111              	@ 81 "../../os/kernel/src/chmsg.c" 1
 112 0048 1FF021E3 		msr     CPSR_c, #0x1F
 113              	@ 0 "" 2
 114              		.loc 1 81 16 view .LVU33
ARM GAS  /var/folders/l5/0x54b2c10074c8bt31ycjvl80000gp/T//cc1mJOMo.s 			page 3


 115              		.loc 1 82 3 view .LVU34
 116              		.loc 1 83 1 is_stmt 0 view .LVU35
 117              		.arm
 118              		.syntax unified
 119 004c 1080BDE8 		pop	{r4, pc}
 120              	.LVL7:
 121              	.L5:
 122              		.loc 1 78 5 is_stmt 1 view .LVU36
 123 0050 FEFFFFEB 		bl	chSchReadyI
 124              	.LVL8:
 125              		.loc 1 78 5 is_stmt 0 view .LVU37
 126 0054 F8FFFFEA 		b	.L2
 127              	.L7:
 128              		.align	2
 129              	.L6:
 130 0058 00000000 		.word	rlist
 131              		.cfi_endproc
 132              	.LFE7:
 133              		.size	chMsgSend, .-chMsgSend
 134              		.section	.text.chMsgWait,"ax",%progbits
 135              		.align	2
 136              		.global	chMsgWait
 137              		.syntax unified
 138              		.arm
 139              		.fpu softvfp
 140              		.type	chMsgWait, %function
 141              	chMsgWait:
 142              	.LFB8:
 143              		.loc 1 99 25 is_stmt 1 view -0
 144              		.cfi_startproc
 145              		@ args = 0, pretend = 0, frame = 0
 146              		@ frame_needed = 0, uses_anonymous_args = 0
 147              		.loc 1 100 3 view .LVU39
 148              		.loc 1 102 3 view .LVU40
 149              		.loc 1 99 25 is_stmt 0 view .LVU41
 150 0000 10402DE9 		push	{r4, lr}
 151              		.cfi_def_cfa_offset 8
 152              		.cfi_offset 4, -8
 153              		.cfi_offset 14, -4
 154              		.loc 1 102 3 view .LVU42
 155              		.syntax divided
 156              	@ 102 "../../os/kernel/src/chmsg.c" 1
 157 0004 9FF021E3 		msr     CPSR_c, #0x9F
 158              	@ 0 "" 2
 159              		.loc 1 102 3 is_stmt 1 view .LVU43
 160              		.loc 1 102 14 view .LVU44
 161              		.loc 1 103 3 view .LVU45
 162              		.loc 1 103 8 is_stmt 0 view .LVU46
 163              		.arm
 164              		.syntax unified
 165 0008 44409FE5 		ldr	r4, .L12
 166 000c 182094E5 		ldr	r2, [r4, #24]
 167 0010 0230A0E1 		mov	r3, r2
 168 0014 2C00B3E5 		ldr	r0, [r3, #44]!
 169              		.loc 1 103 6 view .LVU47
 170 0018 030050E1 		cmp	r0, r3
 171 001c 0600000A 		beq	.L11
ARM GAS  /var/folders/l5/0x54b2c10074c8bt31ycjvl80000gp/T//cc1mJOMo.s 			page 4


 172              	.L9:
 173              		.loc 1 105 3 is_stmt 1 view .LVU48
 174              	.LVL9:
 175              	.LBB12:
 176              	.LBI12:
 177              		.loc 2 52 23 view .LVU49
 178              	.LBB13:
 179              		.loc 2 53 3 view .LVU50
 180              		.loc 2 55 3 view .LVU51
 181              	.LBE13:
 182              	.LBE12:
 183              		.loc 1 106 15 is_stmt 0 view .LVU52
 184 0020 0BC0A0E3 		mov	ip, #11
 185              	.LBB15:
 186              	.LBB14:
 187              		.loc 2 55 20 view .LVU53
 188 0024 001090E5 		ldr	r1, [r0]
 189              		.loc 2 55 16 view .LVU54
 190 0028 2C1082E5 		str	r1, [r2, #44]
 191              	.LVL10:
 192              		.loc 2 55 38 view .LVU55
 193 002c 043081E5 		str	r3, [r1, #4]
 194              		.loc 2 56 3 is_stmt 1 view .LVU56
 195              	.LVL11:
 196              		.loc 2 56 3 is_stmt 0 view .LVU57
 197              	.LBE14:
 198              	.LBE15:
 199              		.loc 1 106 3 is_stmt 1 view .LVU58
 200              		.loc 1 106 15 is_stmt 0 view .LVU59
 201 0030 1CC0C0E5 		strb	ip, [r0, #28]
 202              		.loc 1 107 3 is_stmt 1 view .LVU60
 203              		.loc 1 107 3 view .LVU61
 204              		.syntax divided
 205              	@ 107 "../../os/kernel/src/chmsg.c" 1
 206 0034 1FF021E3 		msr     CPSR_c, #0x1F
 207              	@ 0 "" 2
 208              		.loc 1 107 16 view .LVU62
 209              		.loc 1 108 3 view .LVU63
 210              		.loc 1 109 1 is_stmt 0 view .LVU64
 211              		.arm
 212              		.syntax unified
 213 0038 1080BDE8 		pop	{r4, pc}
 214              	.L11:
 215              		.loc 1 104 5 is_stmt 1 view .LVU65
 216 003c 0C00A0E3 		mov	r0, #12
 217 0040 FEFFFFEB 		bl	chSchGoSleepS
 218              	.LVL12:
 219 0044 182094E5 		ldr	r2, [r4, #24]
 220 0048 2C0092E5 		ldr	r0, [r2, #44]
 221 004c 2C3082E2 		add	r3, r2, #44
 222 0050 F2FFFFEA 		b	.L9
 223              	.L13:
 224              		.align	2
 225              	.L12:
 226 0054 00000000 		.word	rlist
 227              		.cfi_endproc
 228              	.LFE8:
ARM GAS  /var/folders/l5/0x54b2c10074c8bt31ycjvl80000gp/T//cc1mJOMo.s 			page 5


 229              		.size	chMsgWait, .-chMsgWait
 230              		.section	.text.chMsgRelease,"ax",%progbits
 231              		.align	2
 232              		.global	chMsgRelease
 233              		.syntax unified
 234              		.arm
 235              		.fpu softvfp
 236              		.type	chMsgRelease, %function
 237              	chMsgRelease:
 238              	.LVL13:
 239              	.LFB9:
 240              		.loc 1 121 42 view -0
 241              		.cfi_startproc
 242              		@ args = 0, pretend = 0, frame = 0
 243              		@ frame_needed = 0, uses_anonymous_args = 0
 244              		.loc 1 123 3 view .LVU67
 245              		.loc 1 121 42 is_stmt 0 view .LVU68
 246 0000 10402DE9 		push	{r4, lr}
 247              		.cfi_def_cfa_offset 8
 248              		.cfi_offset 4, -8
 249              		.cfi_offset 14, -4
 250              		.loc 1 123 3 view .LVU69
 251              		.syntax divided
 252              	@ 123 "../../os/kernel/src/chmsg.c" 1
 253 0004 9FF021E3 		msr     CPSR_c, #0x9F
 254              	@ 0 "" 2
 255              		.loc 1 123 3 is_stmt 1 view .LVU70
 256              		.loc 1 123 14 view .LVU71
 257              		.loc 1 124 3 view .LVU72
 258              		.loc 1 125 53 view .LVU73
 259              		.loc 1 126 3 view .LVU74
 260              		.arm
 261              		.syntax unified
 262 0008 FEFFFFEB 		bl	chSchWakeupS
 263              	.LVL14:
 264              		.loc 1 127 3 view .LVU75
 265              		.loc 1 127 3 view .LVU76
 266              		.syntax divided
 267              	@ 127 "../../os/kernel/src/chmsg.c" 1
 268 000c 1FF021E3 		msr     CPSR_c, #0x1F
 269              	@ 0 "" 2
 270              		.loc 1 127 16 view .LVU77
 271              		.loc 1 128 1 is_stmt 0 view .LVU78
 272              		.arm
 273              		.syntax unified
 274 0010 1080BDE8 		pop	{r4, pc}
 275              		.cfi_endproc
 276              	.LFE9:
 277              		.size	chMsgRelease, .-chMsgRelease
 278              		.text
 279              	.Letext0:
 280              		.file 3 "/usr/local/Cellar/arm-gcc-bin/8-2019-q3-update/arm-none-eabi/include/machine/_default_typ
 281              		.file 4 "/usr/local/Cellar/arm-gcc-bin/8-2019-q3-update/arm-none-eabi/include/sys/_stdint.h"
 282              		.file 5 "../../os/ports/GCC/ARM/chtypes.h"
 283              		.file 6 "../../os/kernel/include/chlists.h"
 284              		.file 7 "../../os/kernel/include/chthreads.h"
 285              		.file 8 "../../os/ports/GCC/ARM/chcore.h"
ARM GAS  /var/folders/l5/0x54b2c10074c8bt31ycjvl80000gp/T//cc1mJOMo.s 			page 6


 286              		.file 9 "../../os/kernel/include/chvt.h"
 287              		.file 10 "../../os/kernel/include/chschd.h"
 288              		.file 11 "../../os/kernel/include/chmtx.h"
 289              		.file 12 "../../os/kernel/include/chregistry.h"
 290              		.file 13 "../../os/kernel/include/ch.h"
 291              		.section	.debug_info,"",%progbits
 292              	.Ldebug_info0:
 293 0000 33080000 		.4byte	0x833
 294 0004 0400     		.2byte	0x4
 295 0006 00000000 		.4byte	.Ldebug_abbrev0
 296 000a 04       		.byte	0x4
 297 000b 01       		.uleb128 0x1
 298 000c AE010000 		.4byte	.LASF103
 299 0010 0C       		.byte	0xc
 300 0011 21050000 		.4byte	.LASF104
 301 0015 06030000 		.4byte	.LASF105
 302 0019 38000000 		.4byte	.Ldebug_ranges0+0x38
 303 001d 00000000 		.4byte	0
 304 0021 00000000 		.4byte	.Ldebug_line0
 305 0025 02       		.uleb128 0x2
 306 0026 04       		.byte	0x4
 307 0027 05       		.byte	0x5
 308 0028 696E7400 		.ascii	"int\000"
 309 002c 03       		.uleb128 0x3
 310 002d 04       		.byte	0x4
 311 002e 07       		.byte	0x7
 312 002f 26010000 		.4byte	.LASF0
 313 0033 03       		.uleb128 0x3
 314 0034 01       		.byte	0x1
 315 0035 06       		.byte	0x6
 316 0036 88000000 		.4byte	.LASF1
 317 003a 04       		.uleb128 0x4
 318 003b 27000000 		.4byte	.LASF4
 319 003f 03       		.byte	0x3
 320 0040 2B       		.byte	0x2b
 321 0041 18       		.byte	0x18
 322 0042 46000000 		.4byte	0x46
 323 0046 03       		.uleb128 0x3
 324 0047 01       		.byte	0x1
 325 0048 08       		.byte	0x8
 326 0049 96030000 		.4byte	.LASF2
 327 004d 03       		.uleb128 0x3
 328 004e 02       		.byte	0x2
 329 004f 05       		.byte	0x5
 330 0050 AE030000 		.4byte	.LASF3
 331 0054 04       		.uleb128 0x4
 332 0055 6A040000 		.4byte	.LASF5
 333 0059 03       		.byte	0x3
 334 005a 39       		.byte	0x39
 335 005b 19       		.byte	0x19
 336 005c 60000000 		.4byte	0x60
 337 0060 03       		.uleb128 0x3
 338 0061 02       		.byte	0x2
 339 0062 07       		.byte	0x7
 340 0063 75010000 		.4byte	.LASF6
 341 0067 04       		.uleb128 0x4
 342 0068 9D040000 		.4byte	.LASF7
ARM GAS  /var/folders/l5/0x54b2c10074c8bt31ycjvl80000gp/T//cc1mJOMo.s 			page 7


 343 006c 03       		.byte	0x3
 344 006d 4D       		.byte	0x4d
 345 006e 18       		.byte	0x18
 346 006f 73000000 		.4byte	0x73
 347 0073 03       		.uleb128 0x3
 348 0074 04       		.byte	0x4
 349 0075 05       		.byte	0x5
 350 0076 C3000000 		.4byte	.LASF8
 351 007a 04       		.uleb128 0x4
 352 007b 0A010000 		.4byte	.LASF9
 353 007f 03       		.byte	0x3
 354 0080 4F       		.byte	0x4f
 355 0081 19       		.byte	0x19
 356 0082 86000000 		.4byte	0x86
 357 0086 03       		.uleb128 0x3
 358 0087 04       		.byte	0x4
 359 0088 07       		.byte	0x7
 360 0089 3B010000 		.4byte	.LASF10
 361 008d 03       		.uleb128 0x3
 362 008e 08       		.byte	0x8
 363 008f 05       		.byte	0x5
 364 0090 7A000000 		.4byte	.LASF11
 365 0094 03       		.uleb128 0x3
 366 0095 08       		.byte	0x8
 367 0096 07       		.byte	0x7
 368 0097 38000000 		.4byte	.LASF12
 369 009b 04       		.uleb128 0x4
 370 009c 00050000 		.4byte	.LASF13
 371 00a0 04       		.byte	0x4
 372 00a1 18       		.byte	0x18
 373 00a2 13       		.byte	0x13
 374 00a3 3A000000 		.4byte	0x3a
 375 00a7 04       		.uleb128 0x4
 376 00a8 DF000000 		.4byte	.LASF14
 377 00ac 04       		.byte	0x4
 378 00ad 24       		.byte	0x24
 379 00ae 14       		.byte	0x14
 380 00af 54000000 		.4byte	0x54
 381 00b3 04       		.uleb128 0x4
 382 00b4 8E030000 		.4byte	.LASF15
 383 00b8 04       		.byte	0x4
 384 00b9 2C       		.byte	0x2c
 385 00ba 13       		.byte	0x13
 386 00bb 67000000 		.4byte	0x67
 387 00bf 04       		.uleb128 0x4
 388 00c0 2F040000 		.4byte	.LASF16
 389 00c4 04       		.byte	0x4
 390 00c5 30       		.byte	0x30
 391 00c6 14       		.byte	0x14
 392 00c7 7A000000 		.4byte	0x7a
 393 00cb 04       		.uleb128 0x4
 394 00cc 7E020000 		.4byte	.LASF17
 395 00d0 05       		.byte	0x5
 396 00d1 2A       		.byte	0x2a
 397 00d2 19       		.byte	0x19
 398 00d3 9B000000 		.4byte	0x9b
 399 00d7 04       		.uleb128 0x4
ARM GAS  /var/folders/l5/0x54b2c10074c8bt31ycjvl80000gp/T//cc1mJOMo.s 			page 8


 400 00d8 D6000000 		.4byte	.LASF18
 401 00dc 05       		.byte	0x5
 402 00dd 2B       		.byte	0x2b
 403 00de 19       		.byte	0x19
 404 00df 9B000000 		.4byte	0x9b
 405 00e3 04       		.uleb128 0x4
 406 00e4 6C030000 		.4byte	.LASF19
 407 00e8 05       		.byte	0x5
 408 00e9 2C       		.byte	0x2c
 409 00ea 19       		.byte	0x19
 410 00eb 9B000000 		.4byte	0x9b
 411 00ef 04       		.uleb128 0x4
 412 00f0 B9000000 		.4byte	.LASF20
 413 00f4 05       		.byte	0x5
 414 00f5 2D       		.byte	0x2d
 415 00f6 19       		.byte	0x19
 416 00f7 9B000000 		.4byte	0x9b
 417 00fb 04       		.uleb128 0x4
 418 00fc 86030000 		.4byte	.LASF21
 419 0100 05       		.byte	0x5
 420 0101 2E       		.byte	0x2e
 421 0102 19       		.byte	0x19
 422 0103 BF000000 		.4byte	0xbf
 423 0107 04       		.uleb128 0x4
 424 0108 A0010000 		.4byte	.LASF22
 425 010c 05       		.byte	0x5
 426 010d 2F       		.byte	0x2f
 427 010e 19       		.byte	0x19
 428 010f B3000000 		.4byte	0xb3
 429 0113 04       		.uleb128 0x4
 430 0114 92020000 		.4byte	.LASF23
 431 0118 05       		.byte	0x5
 432 0119 31       		.byte	0x31
 433 011a 19       		.byte	0x19
 434 011b BF000000 		.4byte	0xbf
 435 011f 04       		.uleb128 0x4
 436 0120 88040000 		.4byte	.LASF24
 437 0124 05       		.byte	0x5
 438 0125 33       		.byte	0x33
 439 0126 19       		.byte	0x19
 440 0127 BF000000 		.4byte	0xbf
 441 012b 05       		.uleb128 0x5
 442 012c 1F010000 		.4byte	0x11f
 443 0130 04       		.uleb128 0x4
 444 0131 02040000 		.4byte	.LASF25
 445 0135 06       		.byte	0x6
 446 0136 23       		.byte	0x23
 447 0137 17       		.byte	0x17
 448 0138 3C010000 		.4byte	0x13c
 449 013c 06       		.uleb128 0x6
 450 013d 02040000 		.4byte	.LASF25
 451 0141 44       		.byte	0x44
 452 0142 07       		.byte	0x7
 453 0143 57       		.byte	0x57
 454 0144 08       		.byte	0x8
 455 0145 41020000 		.4byte	0x241
 456 0149 07       		.uleb128 0x7
ARM GAS  /var/folders/l5/0x54b2c10074c8bt31ycjvl80000gp/T//cc1mJOMo.s 			page 9


 457 014a E4030000 		.4byte	.LASF26
 458 014e 07       		.byte	0x7
 459 014f 58       		.byte	0x58
 460 0150 1A       		.byte	0x1a
 461 0151 65020000 		.4byte	0x265
 462 0155 00       		.byte	0
 463 0156 07       		.uleb128 0x7
 464 0157 7F030000 		.4byte	.LASF27
 465 015b 07       		.byte	0x7
 466 015c 5A       		.byte	0x5a
 467 015d 1A       		.byte	0x1a
 468 015e 65020000 		.4byte	0x265
 469 0162 04       		.byte	0x4
 470 0163 07       		.uleb128 0x7
 471 0164 66000000 		.4byte	.LASF28
 472 0168 07       		.byte	0x7
 473 0169 5C       		.byte	0x5c
 474 016a 19       		.byte	0x19
 475 016b FB000000 		.4byte	0xfb
 476 016f 08       		.byte	0x8
 477 0170 07       		.uleb128 0x7
 478 0171 4C050000 		.4byte	.LASF29
 479 0175 07       		.byte	0x7
 480 0176 5D       		.byte	0x5d
 481 0177 19       		.byte	0x19
 482 0178 30030000 		.4byte	0x330
 483 017c 0C       		.byte	0xc
 484 017d 07       		.uleb128 0x7
 485 017e F2000000 		.4byte	.LASF30
 486 0182 07       		.byte	0x7
 487 0183 5F       		.byte	0x5f
 488 0184 1A       		.byte	0x1a
 489 0185 65020000 		.4byte	0x265
 490 0189 10       		.byte	0x10
 491 018a 07       		.uleb128 0x7
 492 018b EB020000 		.4byte	.LASF31
 493 018f 07       		.byte	0x7
 494 0190 60       		.byte	0x60
 495 0191 1A       		.byte	0x1a
 496 0192 65020000 		.4byte	0x265
 497 0196 14       		.byte	0x14
 498 0197 07       		.uleb128 0x7
 499 0198 0F050000 		.4byte	.LASF32
 500 019c 07       		.byte	0x7
 501 019d 67       		.byte	0x67
 502 019e 1A       		.byte	0x1a
 503 019f 16050000 		.4byte	0x516
 504 01a3 18       		.byte	0x18
 505 01a4 07       		.uleb128 0x7
 506 01a5 B8030000 		.4byte	.LASF33
 507 01a9 07       		.byte	0x7
 508 01aa 72       		.byte	0x72
 509 01ab 19       		.byte	0x19
 510 01ac D7000000 		.4byte	0xd7
 511 01b0 1C       		.byte	0x1c
 512 01b1 07       		.uleb128 0x7
 513 01b2 FA030000 		.4byte	.LASF34
ARM GAS  /var/folders/l5/0x54b2c10074c8bt31ycjvl80000gp/T//cc1mJOMo.s 			page 10


 514 01b6 07       		.byte	0x7
 515 01b7 76       		.byte	0x76
 516 01b8 19       		.byte	0x19
 517 01b9 CB000000 		.4byte	0xcb
 518 01bd 1D       		.byte	0x1d
 519 01be 07       		.uleb128 0x7
 520 01bf DF040000 		.4byte	.LASF35
 521 01c3 07       		.byte	0x7
 522 01c4 7B       		.byte	0x7b
 523 01c5 19       		.byte	0x19
 524 01c6 E3000000 		.4byte	0xe3
 525 01ca 1E       		.byte	0x1e
 526 01cb 07       		.uleb128 0x7
 527 01cc C0030000 		.4byte	.LASF36
 528 01d0 07       		.byte	0x7
 529 01d1 81       		.byte	0x81
 530 01d2 19       		.byte	0x19
 531 01d3 EF000000 		.4byte	0xef
 532 01d7 1F       		.byte	0x1f
 533 01d8 07       		.uleb128 0x7
 534 01d9 A7040000 		.4byte	.LASF37
 535 01dd 07       		.byte	0x7
 536 01de 88       		.byte	0x88
 537 01df 19       		.byte	0x19
 538 01e0 2B010000 		.4byte	0x12b
 539 01e4 20       		.byte	0x20
 540 01e5 08       		.uleb128 0x8
 541 01e6 705F7500 		.ascii	"p_u\000"
 542 01ea 07       		.byte	0x7
 543 01eb AD       		.byte	0xad
 544 01ec 19       		.byte	0x19
 545 01ed DC040000 		.4byte	0x4dc
 546 01f1 24       		.byte	0x24
 547 01f2 07       		.uleb128 0x7
 548 01f3 52050000 		.4byte	.LASF38
 549 01f7 07       		.byte	0x7
 550 01f8 B2       		.byte	0xb2
 551 01f9 19       		.byte	0x19
 552 01fa 8E020000 		.4byte	0x28e
 553 01fe 28       		.byte	0x28
 554 01ff 07       		.uleb128 0x7
 555 0200 B5040000 		.4byte	.LASF39
 556 0204 07       		.byte	0x7
 557 0205 B8       		.byte	0xb8
 558 0206 19       		.byte	0x19
 559 0207 6B020000 		.4byte	0x26b
 560 020b 2C       		.byte	0x2c
 561 020c 07       		.uleb128 0x7
 562 020d 0D000000 		.4byte	.LASF40
 563 0211 07       		.byte	0x7
 564 0212 BC       		.byte	0xbc
 565 0213 19       		.byte	0x19
 566 0214 07010000 		.4byte	0x107
 567 0218 34       		.byte	0x34
 568 0219 07       		.uleb128 0x7
 569 021a 24040000 		.4byte	.LASF41
 570 021e 07       		.byte	0x7
ARM GAS  /var/folders/l5/0x54b2c10074c8bt31ycjvl80000gp/T//cc1mJOMo.s 			page 11


 571 021f C2       		.byte	0xc2
 572 0220 19       		.byte	0x19
 573 0221 13010000 		.4byte	0x113
 574 0225 38       		.byte	0x38
 575 0226 07       		.uleb128 0x7
 576 0227 A4030000 		.4byte	.LASF42
 577 022b 07       		.byte	0x7
 578 022c C9       		.byte	0xc9
 579 022d 1A       		.byte	0x1a
 580 022e 28050000 		.4byte	0x528
 581 0232 3C       		.byte	0x3c
 582 0233 07       		.uleb128 0x7
 583 0234 92040000 		.4byte	.LASF43
 584 0238 07       		.byte	0x7
 585 0239 CD       		.byte	0xcd
 586 023a 19       		.byte	0x19
 587 023b FB000000 		.4byte	0xfb
 588 023f 40       		.byte	0x40
 589 0240 00       		.byte	0
 590 0241 09       		.uleb128 0x9
 591 0242 08       		.byte	0x8
 592 0243 06       		.byte	0x6
 593 0244 5A       		.byte	0x5a
 594 0245 09       		.byte	0x9
 595 0246 65020000 		.4byte	0x265
 596 024a 07       		.uleb128 0x7
 597 024b E4030000 		.4byte	.LASF26
 598 024f 06       		.byte	0x6
 599 0250 5B       		.byte	0x5b
 600 0251 1A       		.byte	0x1a
 601 0252 65020000 		.4byte	0x265
 602 0256 00       		.byte	0
 603 0257 07       		.uleb128 0x7
 604 0258 7F030000 		.4byte	.LASF27
 605 025c 06       		.byte	0x6
 606 025d 5D       		.byte	0x5d
 607 025e 1A       		.byte	0x1a
 608 025f 65020000 		.4byte	0x265
 609 0263 04       		.byte	0x4
 610 0264 00       		.byte	0
 611 0265 0A       		.uleb128 0xa
 612 0266 04       		.byte	0x4
 613 0267 30010000 		.4byte	0x130
 614 026b 04       		.uleb128 0x4
 615 026c F9020000 		.4byte	.LASF44
 616 0270 06       		.byte	0x6
 617 0271 5F       		.byte	0x5f
 618 0272 03       		.byte	0x3
 619 0273 41020000 		.4byte	0x241
 620 0277 09       		.uleb128 0x9
 621 0278 04       		.byte	0x4
 622 0279 06       		.byte	0x6
 623 027a 64       		.byte	0x64
 624 027b 09       		.byte	0x9
 625 027c 8E020000 		.4byte	0x28e
 626 0280 07       		.uleb128 0x7
 627 0281 E4030000 		.4byte	.LASF26
ARM GAS  /var/folders/l5/0x54b2c10074c8bt31ycjvl80000gp/T//cc1mJOMo.s 			page 12


 628 0285 06       		.byte	0x6
 629 0286 66       		.byte	0x66
 630 0287 16       		.byte	0x16
 631 0288 65020000 		.4byte	0x265
 632 028c 00       		.byte	0
 633 028d 00       		.byte	0
 634 028e 04       		.uleb128 0x4
 635 028f 86020000 		.4byte	.LASF45
 636 0293 06       		.byte	0x6
 637 0294 69       		.byte	0x69
 638 0295 03       		.byte	0x3
 639 0296 77020000 		.4byte	0x277
 640 029a 04       		.uleb128 0x4
 641 029b A4020000 		.4byte	.LASF46
 642 029f 08       		.byte	0x8
 643 02a0 9D       		.byte	0x9d
 644 02a1 12       		.byte	0x12
 645 02a2 BF000000 		.4byte	0xbf
 646 02a6 04       		.uleb128 0x4
 647 02a7 15010000 		.4byte	.LASF47
 648 02ab 08       		.byte	0x8
 649 02ac A2       		.byte	0xa2
 650 02ad 0F       		.byte	0xf
 651 02ae B2020000 		.4byte	0x2b2
 652 02b2 0B       		.uleb128 0xb
 653 02b3 04       		.byte	0x4
 654 02b4 06       		.uleb128 0x6
 655 02b5 AE040000 		.4byte	.LASF48
 656 02b9 24       		.byte	0x24
 657 02ba 08       		.byte	0x8
 658 02bb B9       		.byte	0xb9
 659 02bc 08       		.byte	0x8
 660 02bd 30030000 		.4byte	0x330
 661 02c1 08       		.uleb128 0x8
 662 02c2 723400   		.ascii	"r4\000"
 663 02c5 08       		.byte	0x8
 664 02c6 BA       		.byte	0xba
 665 02c7 11       		.byte	0x11
 666 02c8 A6020000 		.4byte	0x2a6
 667 02cc 00       		.byte	0
 668 02cd 08       		.uleb128 0x8
 669 02ce 723500   		.ascii	"r5\000"
 670 02d1 08       		.byte	0x8
 671 02d2 BB       		.byte	0xbb
 672 02d3 11       		.byte	0x11
 673 02d4 A6020000 		.4byte	0x2a6
 674 02d8 04       		.byte	0x4
 675 02d9 08       		.uleb128 0x8
 676 02da 723600   		.ascii	"r6\000"
 677 02dd 08       		.byte	0x8
 678 02de BC       		.byte	0xbc
 679 02df 11       		.byte	0x11
 680 02e0 A6020000 		.4byte	0x2a6
 681 02e4 08       		.byte	0x8
 682 02e5 08       		.uleb128 0x8
 683 02e6 723700   		.ascii	"r7\000"
 684 02e9 08       		.byte	0x8
ARM GAS  /var/folders/l5/0x54b2c10074c8bt31ycjvl80000gp/T//cc1mJOMo.s 			page 13


 685 02ea BD       		.byte	0xbd
 686 02eb 11       		.byte	0x11
 687 02ec A6020000 		.4byte	0x2a6
 688 02f0 0C       		.byte	0xc
 689 02f1 08       		.uleb128 0x8
 690 02f2 723800   		.ascii	"r8\000"
 691 02f5 08       		.byte	0x8
 692 02f6 BE       		.byte	0xbe
 693 02f7 11       		.byte	0x11
 694 02f8 A6020000 		.4byte	0x2a6
 695 02fc 10       		.byte	0x10
 696 02fd 08       		.uleb128 0x8
 697 02fe 723900   		.ascii	"r9\000"
 698 0301 08       		.byte	0x8
 699 0302 BF       		.byte	0xbf
 700 0303 11       		.byte	0x11
 701 0304 A6020000 		.4byte	0x2a6
 702 0308 14       		.byte	0x14
 703 0309 08       		.uleb128 0x8
 704 030a 72313000 		.ascii	"r10\000"
 705 030e 08       		.byte	0x8
 706 030f C0       		.byte	0xc0
 707 0310 11       		.byte	0x11
 708 0311 A6020000 		.4byte	0x2a6
 709 0315 18       		.byte	0x18
 710 0316 08       		.uleb128 0x8
 711 0317 72313100 		.ascii	"r11\000"
 712 031b 08       		.byte	0x8
 713 031c C1       		.byte	0xc1
 714 031d 11       		.byte	0x11
 715 031e A6020000 		.4byte	0x2a6
 716 0322 1C       		.byte	0x1c
 717 0323 08       		.uleb128 0x8
 718 0324 6C7200   		.ascii	"lr\000"
 719 0327 08       		.byte	0x8
 720 0328 C2       		.byte	0xc2
 721 0329 11       		.byte	0x11
 722 032a A6020000 		.4byte	0x2a6
 723 032e 20       		.byte	0x20
 724 032f 00       		.byte	0
 725 0330 06       		.uleb128 0x6
 726 0331 6D010000 		.4byte	.LASF49
 727 0335 04       		.byte	0x4
 728 0336 08       		.byte	0x8
 729 0337 CA       		.byte	0xca
 730 0338 08       		.byte	0x8
 731 0339 4B030000 		.4byte	0x34b
 732 033d 08       		.uleb128 0x8
 733 033e 72313300 		.ascii	"r13\000"
 734 0342 08       		.byte	0x8
 735 0343 CB       		.byte	0xcb
 736 0344 12       		.byte	0x12
 737 0345 4B030000 		.4byte	0x34b
 738 0349 00       		.byte	0
 739 034a 00       		.byte	0
 740 034b 0A       		.uleb128 0xa
 741 034c 04       		.byte	0x4
ARM GAS  /var/folders/l5/0x54b2c10074c8bt31ycjvl80000gp/T//cc1mJOMo.s 			page 14


 742 034d B4020000 		.4byte	0x2b4
 743 0351 04       		.uleb128 0x4
 744 0352 56010000 		.4byte	.LASF50
 745 0356 09       		.byte	0x9
 746 0357 4E       		.byte	0x4e
 747 0358 10       		.byte	0x10
 748 0359 5D030000 		.4byte	0x35d
 749 035d 0A       		.uleb128 0xa
 750 035e 04       		.byte	0x4
 751 035f 63030000 		.4byte	0x363
 752 0363 0C       		.uleb128 0xc
 753 0364 6E030000 		.4byte	0x36e
 754 0368 0D       		.uleb128 0xd
 755 0369 B2020000 		.4byte	0x2b2
 756 036d 00       		.byte	0
 757 036e 04       		.uleb128 0x4
 758 036f 4C040000 		.4byte	.LASF51
 759 0373 09       		.byte	0x9
 760 0374 53       		.byte	0x53
 761 0375 1D       		.byte	0x1d
 762 0376 7A030000 		.4byte	0x37a
 763 037a 06       		.uleb128 0x6
 764 037b 4C040000 		.4byte	.LASF51
 765 037f 14       		.byte	0x14
 766 0380 09       		.byte	0x9
 767 0381 5A       		.byte	0x5a
 768 0382 08       		.byte	0x8
 769 0383 C9030000 		.4byte	0x3c9
 770 0387 07       		.uleb128 0x7
 771 0388 33010000 		.4byte	.LASF52
 772 038c 09       		.byte	0x9
 773 038d 5B       		.byte	0x5b
 774 038e 1A       		.byte	0x1a
 775 038f C9030000 		.4byte	0x3c9
 776 0393 00       		.byte	0
 777 0394 07       		.uleb128 0x7
 778 0395 1E010000 		.4byte	.LASF53
 779 0399 09       		.byte	0x9
 780 039a 5D       		.byte	0x5d
 781 039b 1A       		.byte	0x1a
 782 039c C9030000 		.4byte	0x3c9
 783 03a0 04       		.byte	0x4
 784 03a1 07       		.uleb128 0x7
 785 03a2 C3020000 		.4byte	.LASF54
 786 03a6 09       		.byte	0x9
 787 03a7 5F       		.byte	0x5f
 788 03a8 19       		.byte	0x19
 789 03a9 1F010000 		.4byte	0x11f
 790 03ad 08       		.byte	0x8
 791 03ae 07       		.uleb128 0x7
 792 03af CB020000 		.4byte	.LASF55
 793 03b3 09       		.byte	0x9
 794 03b4 60       		.byte	0x60
 795 03b5 19       		.byte	0x19
 796 03b6 51030000 		.4byte	0x351
 797 03ba 0C       		.byte	0xc
 798 03bb 07       		.uleb128 0x7
ARM GAS  /var/folders/l5/0x54b2c10074c8bt31ycjvl80000gp/T//cc1mJOMo.s 			page 15


 799 03bc C0040000 		.4byte	.LASF56
 800 03c0 09       		.byte	0x9
 801 03c1 62       		.byte	0x62
 802 03c2 1A       		.byte	0x1a
 803 03c3 B2020000 		.4byte	0x2b2
 804 03c7 10       		.byte	0x10
 805 03c8 00       		.byte	0
 806 03c9 0A       		.uleb128 0xa
 807 03ca 04       		.byte	0x4
 808 03cb 6E030000 		.4byte	0x36e
 809 03cf 09       		.uleb128 0x9
 810 03d0 10       		.byte	0x10
 811 03d1 09       		.byte	0x9
 812 03d2 6C       		.byte	0x6c
 813 03d3 09       		.byte	0x9
 814 03d4 0D040000 		.4byte	0x40d
 815 03d8 07       		.uleb128 0x7
 816 03d9 33010000 		.4byte	.LASF52
 817 03dd 09       		.byte	0x9
 818 03de 6D       		.byte	0x6d
 819 03df 1A       		.byte	0x1a
 820 03e0 C9030000 		.4byte	0x3c9
 821 03e4 00       		.byte	0
 822 03e5 07       		.uleb128 0x7
 823 03e6 1E010000 		.4byte	.LASF53
 824 03ea 09       		.byte	0x9
 825 03eb 6F       		.byte	0x6f
 826 03ec 1A       		.byte	0x1a
 827 03ed C9030000 		.4byte	0x3c9
 828 03f1 04       		.byte	0x4
 829 03f2 07       		.uleb128 0x7
 830 03f3 C3020000 		.4byte	.LASF54
 831 03f7 09       		.byte	0x9
 832 03f8 71       		.byte	0x71
 833 03f9 19       		.byte	0x19
 834 03fa 1F010000 		.4byte	0x11f
 835 03fe 08       		.byte	0x8
 836 03ff 07       		.uleb128 0x7
 837 0400 16050000 		.4byte	.LASF57
 838 0404 09       		.byte	0x9
 839 0405 72       		.byte	0x72
 840 0406 19       		.byte	0x19
 841 0407 2B010000 		.4byte	0x12b
 842 040b 0C       		.byte	0xc
 843 040c 00       		.byte	0
 844 040d 04       		.uleb128 0x4
 845 040e 3D050000 		.4byte	.LASF58
 846 0412 09       		.byte	0x9
 847 0413 73       		.byte	0x73
 848 0414 03       		.byte	0x3
 849 0415 CF030000 		.4byte	0x3cf
 850 0419 0E       		.uleb128 0xe
 851 041a 31000000 		.4byte	.LASF66
 852 041e 09       		.byte	0x9
 853 041f D1       		.byte	0xd1
 854 0420 0F       		.byte	0xf
 855 0421 0D040000 		.4byte	0x40d
ARM GAS  /var/folders/l5/0x54b2c10074c8bt31ycjvl80000gp/T//cc1mJOMo.s 			page 16


 856 0425 09       		.uleb128 0x9
 857 0426 1C       		.byte	0x1c
 858 0427 0A       		.byte	0xa
 859 0428 57       		.byte	0x57
 860 0429 09       		.byte	0x9
 861 042a 7D040000 		.4byte	0x47d
 862 042e 07       		.uleb128 0x7
 863 042f 44040000 		.4byte	.LASF59
 864 0433 0A       		.byte	0xa
 865 0434 58       		.byte	0x58
 866 0435 19       		.byte	0x19
 867 0436 6B020000 		.4byte	0x26b
 868 043a 00       		.byte	0
 869 043b 07       		.uleb128 0x7
 870 043c D6030000 		.4byte	.LASF60
 871 0440 0A       		.byte	0xa
 872 0441 59       		.byte	0x59
 873 0442 19       		.byte	0x19
 874 0443 FB000000 		.4byte	0xfb
 875 0447 08       		.byte	0x8
 876 0448 07       		.uleb128 0x7
 877 0449 F3020000 		.4byte	.LASF61
 878 044d 0A       		.byte	0xa
 879 044e 5B       		.byte	0x5b
 880 044f 19       		.byte	0x19
 881 0450 30030000 		.4byte	0x330
 882 0454 0C       		.byte	0xc
 883 0455 07       		.uleb128 0x7
 884 0456 A6010000 		.4byte	.LASF62
 885 045a 0A       		.byte	0xa
 886 045b 5E       		.byte	0x5e
 887 045c 1A       		.byte	0x1a
 888 045d 65020000 		.4byte	0x265
 889 0461 10       		.byte	0x10
 890 0462 07       		.uleb128 0x7
 891 0463 64030000 		.4byte	.LASF63
 892 0467 0A       		.byte	0xa
 893 0468 5F       		.byte	0x5f
 894 0469 1A       		.byte	0x1a
 895 046a 65020000 		.4byte	0x265
 896 046e 14       		.byte	0x14
 897 046f 07       		.uleb128 0x7
 898 0470 5A030000 		.4byte	.LASF64
 899 0474 0A       		.byte	0xa
 900 0475 62       		.byte	0x62
 901 0476 1A       		.byte	0x1a
 902 0477 65020000 		.4byte	0x265
 903 047b 18       		.byte	0x18
 904 047c 00       		.byte	0
 905 047d 04       		.uleb128 0x4
 906 047e E6040000 		.4byte	.LASF65
 907 0482 0A       		.byte	0xa
 908 0483 64       		.byte	0x64
 909 0484 03       		.byte	0x3
 910 0485 25040000 		.4byte	0x425
 911 0489 0E       		.uleb128 0xe
 912 048a FA040000 		.4byte	.LASF67
ARM GAS  /var/folders/l5/0x54b2c10074c8bt31ycjvl80000gp/T//cc1mJOMo.s 			page 17


 913 048e 0A       		.byte	0xa
 914 048f 68       		.byte	0x68
 915 0490 12       		.byte	0x12
 916 0491 7D040000 		.4byte	0x47d
 917 0495 06       		.uleb128 0x6
 918 0496 9E020000 		.4byte	.LASF68
 919 049a 10       		.byte	0x10
 920 049b 0B       		.byte	0xb
 921 049c 25       		.byte	0x25
 922 049d 10       		.byte	0x10
 923 049e CA040000 		.4byte	0x4ca
 924 04a2 07       		.uleb128 0x7
 925 04a3 B1000000 		.4byte	.LASF69
 926 04a7 0B       		.byte	0xb
 927 04a8 26       		.byte	0x26
 928 04a9 19       		.byte	0x19
 929 04aa 6B020000 		.4byte	0x26b
 930 04ae 00       		.byte	0
 931 04af 07       		.uleb128 0x7
 932 04b0 44050000 		.4byte	.LASF70
 933 04b4 0B       		.byte	0xb
 934 04b5 28       		.byte	0x28
 935 04b6 1A       		.byte	0x1a
 936 04b7 65020000 		.4byte	0x265
 937 04bb 08       		.byte	0x8
 938 04bc 07       		.uleb128 0x7
 939 04bd 81040000 		.4byte	.LASF71
 940 04c1 0B       		.byte	0xb
 941 04c2 2A       		.byte	0x2a
 942 04c3 1A       		.byte	0x1a
 943 04c4 CA040000 		.4byte	0x4ca
 944 04c8 0C       		.byte	0xc
 945 04c9 00       		.byte	0
 946 04ca 0A       		.uleb128 0xa
 947 04cb 04       		.byte	0x4
 948 04cc 95040000 		.4byte	0x495
 949 04d0 04       		.uleb128 0x4
 950 04d1 9E020000 		.4byte	.LASF68
 951 04d5 0B       		.byte	0xb
 952 04d6 2C       		.byte	0x2c
 953 04d7 03       		.byte	0x3
 954 04d8 95040000 		.4byte	0x495
 955 04dc 0F       		.uleb128 0xf
 956 04dd 04       		.byte	0x4
 957 04de 07       		.byte	0x7
 958 04df 8F       		.byte	0x8f
 959 04e0 03       		.byte	0x3
 960 04e1 16050000 		.4byte	0x516
 961 04e5 10       		.uleb128 0x10
 962 04e6 20000000 		.4byte	.LASF72
 963 04ea 07       		.byte	0x7
 964 04eb 96       		.byte	0x96
 965 04ec 19       		.byte	0x19
 966 04ed 07010000 		.4byte	0x107
 967 04f1 10       		.uleb128 0x10
 968 04f2 5D000000 		.4byte	.LASF73
 969 04f6 07       		.byte	0x7
ARM GAS  /var/folders/l5/0x54b2c10074c8bt31ycjvl80000gp/T//cc1mJOMo.s 			page 18


 970 04f7 9D       		.byte	0x9d
 971 04f8 19       		.byte	0x19
 972 04f9 07010000 		.4byte	0x107
 973 04fd 10       		.uleb128 0x10
 974 04fe 08050000 		.4byte	.LASF74
 975 0502 07       		.byte	0x7
 976 0503 A4       		.byte	0xa4
 977 0504 1A       		.byte	0x1a
 978 0505 B2020000 		.4byte	0x2b2
 979 0509 10       		.uleb128 0x10
 980 050a DD030000 		.4byte	.LASF75
 981 050e 07       		.byte	0x7
 982 050f AB       		.byte	0xab
 983 0510 19       		.byte	0x19
 984 0511 13010000 		.4byte	0x113
 985 0515 00       		.byte	0
 986 0516 0A       		.uleb128 0xa
 987 0517 04       		.byte	0x4
 988 0518 23050000 		.4byte	0x523
 989 051c 03       		.uleb128 0x3
 990 051d 01       		.byte	0x1
 991 051e 08       		.byte	0x8
 992 051f 59040000 		.4byte	.LASF76
 993 0523 11       		.uleb128 0x11
 994 0524 1C050000 		.4byte	0x51c
 995 0528 0A       		.uleb128 0xa
 996 0529 04       		.byte	0x4
 997 052a D0040000 		.4byte	0x4d0
 998 052e 09       		.uleb128 0x9
 999 052f 16       		.byte	0x16
 1000 0530 0C       		.byte	0xc
 1001 0531 25       		.byte	0x25
 1002 0532 09       		.byte	0x9
 1003 0533 22060000 		.4byte	0x622
 1004 0537 07       		.uleb128 0x7
 1005 0538 5F010000 		.4byte	.LASF77
 1006 053c 0C       		.byte	0xc
 1007 053d 26       		.byte	0x26
 1008 053e 0D       		.byte	0xd
 1009 053f 22060000 		.4byte	0x622
 1010 0543 00       		.byte	0
 1011 0544 07       		.uleb128 0x7
 1012 0545 AF020000 		.4byte	.LASF78
 1013 0549 0C       		.byte	0xc
 1014 054a 27       		.byte	0x27
 1015 054b 0D       		.byte	0xd
 1016 054c 9B000000 		.4byte	0x9b
 1017 0550 04       		.byte	0x4
 1018 0551 07       		.uleb128 0x7
 1019 0552 52030000 		.4byte	.LASF79
 1020 0556 0C       		.byte	0xc
 1021 0557 28       		.byte	0x28
 1022 0558 0D       		.byte	0xd
 1023 0559 9B000000 		.4byte	0x9b
 1024 055d 05       		.byte	0x5
 1025 055e 07       		.uleb128 0x7
 1026 055f 95010000 		.4byte	.LASF80
ARM GAS  /var/folders/l5/0x54b2c10074c8bt31ycjvl80000gp/T//cc1mJOMo.s 			page 19


 1027 0563 0C       		.byte	0xc
 1028 0564 29       		.byte	0x29
 1029 0565 0D       		.byte	0xd
 1030 0566 A7000000 		.4byte	0xa7
 1031 056a 06       		.byte	0x6
 1032 056b 07       		.uleb128 0x7
 1033 056c 74030000 		.4byte	.LASF81
 1034 0570 0C       		.byte	0xc
 1035 0571 2A       		.byte	0x2a
 1036 0572 0D       		.byte	0xd
 1037 0573 9B000000 		.4byte	0x9b
 1038 0577 08       		.byte	0x8
 1039 0578 07       		.uleb128 0x7
 1040 0579 D3020000 		.4byte	.LASF82
 1041 057d 0C       		.byte	0xc
 1042 057e 2B       		.byte	0x2b
 1043 057f 0D       		.byte	0xd
 1044 0580 9B000000 		.4byte	0x9b
 1045 0584 09       		.byte	0x9
 1046 0585 07       		.uleb128 0x7
 1047 0586 4F000000 		.4byte	.LASF83
 1048 058a 0C       		.byte	0xc
 1049 058b 2C       		.byte	0x2c
 1050 058c 0D       		.byte	0xd
 1051 058d 9B000000 		.4byte	0x9b
 1052 0591 0A       		.byte	0xa
 1053 0592 07       		.uleb128 0x7
 1054 0593 38040000 		.4byte	.LASF84
 1055 0597 0C       		.byte	0xc
 1056 0598 2D       		.byte	0x2d
 1057 0599 0D       		.byte	0xd
 1058 059a 9B000000 		.4byte	0x9b
 1059 059e 0B       		.byte	0xb
 1060 059f 07       		.uleb128 0x7
 1061 05a0 D4040000 		.4byte	.LASF85
 1062 05a4 0C       		.byte	0xc
 1063 05a5 2E       		.byte	0x2e
 1064 05a6 0D       		.byte	0xd
 1065 05a7 9B000000 		.4byte	0x9b
 1066 05ab 0C       		.byte	0xc
 1067 05ac 07       		.uleb128 0x7
 1068 05ad 09040000 		.4byte	.LASF86
 1069 05b1 0C       		.byte	0xc
 1070 05b2 2F       		.byte	0x2f
 1071 05b3 0D       		.byte	0xd
 1072 05b4 9B000000 		.4byte	0x9b
 1073 05b8 0D       		.byte	0xd
 1074 05b9 07       		.uleb128 0x7
 1075 05ba 00000000 		.4byte	.LASF87
 1076 05be 0C       		.byte	0xc
 1077 05bf 30       		.byte	0x30
 1078 05c0 0D       		.byte	0xd
 1079 05c1 9B000000 		.4byte	0x9b
 1080 05c5 0E       		.byte	0xe
 1081 05c6 07       		.uleb128 0x7
 1082 05c7 DF020000 		.4byte	.LASF88
 1083 05cb 0C       		.byte	0xc
ARM GAS  /var/folders/l5/0x54b2c10074c8bt31ycjvl80000gp/T//cc1mJOMo.s 			page 20


 1084 05cc 31       		.byte	0x31
 1085 05cd 0D       		.byte	0xd
 1086 05ce 9B000000 		.4byte	0x9b
 1087 05d2 0F       		.byte	0xf
 1088 05d3 07       		.uleb128 0x7
 1089 05d4 94000000 		.4byte	.LASF89
 1090 05d8 0C       		.byte	0xc
 1091 05d9 32       		.byte	0x32
 1092 05da 0D       		.byte	0xd
 1093 05db 9B000000 		.4byte	0x9b
 1094 05df 10       		.byte	0x10
 1095 05e0 07       		.uleb128 0x7
 1096 05e1 6D000000 		.4byte	.LASF90
 1097 05e5 0C       		.byte	0xc
 1098 05e6 34       		.byte	0x34
 1099 05e7 0D       		.byte	0xd
 1100 05e8 9B000000 		.4byte	0x9b
 1101 05ec 11       		.byte	0x11
 1102 05ed 07       		.uleb128 0x7
 1103 05ee A4000000 		.4byte	.LASF91
 1104 05f2 0C       		.byte	0xc
 1105 05f3 35       		.byte	0x35
 1106 05f4 0D       		.byte	0xd
 1107 05f5 9B000000 		.4byte	0x9b
 1108 05f9 12       		.byte	0x12
 1109 05fa 07       		.uleb128 0x7
 1110 05fb B7020000 		.4byte	.LASF92
 1111 05ff 0C       		.byte	0xc
 1112 0600 36       		.byte	0x36
 1113 0601 0D       		.byte	0xd
 1114 0602 9B000000 		.4byte	0x9b
 1115 0606 13       		.byte	0x13
 1116 0607 07       		.uleb128 0x7
 1117 0608 EB030000 		.4byte	.LASF93
 1118 060c 0C       		.byte	0xc
 1119 060d 37       		.byte	0x37
 1120 060e 0D       		.byte	0xd
 1121 060f 9B000000 		.4byte	0x9b
 1122 0613 14       		.byte	0x14
 1123 0614 07       		.uleb128 0x7
 1124 0615 CA030000 		.4byte	.LASF94
 1125 0619 0C       		.byte	0xc
 1126 061a 39       		.byte	0x39
 1127 061b 0D       		.byte	0xd
 1128 061c 9B000000 		.4byte	0x9b
 1129 0620 15       		.byte	0x15
 1130 0621 00       		.byte	0
 1131 0622 12       		.uleb128 0x12
 1132 0623 1C050000 		.4byte	0x51c
 1133 0627 32060000 		.4byte	0x632
 1134 062b 13       		.uleb128 0x13
 1135 062c 2C000000 		.4byte	0x2c
 1136 0630 03       		.byte	0x3
 1137 0631 00       		.byte	0
 1138 0632 04       		.uleb128 0x4
 1139 0633 E8000000 		.4byte	.LASF95
 1140 0637 0C       		.byte	0xc
ARM GAS  /var/folders/l5/0x54b2c10074c8bt31ycjvl80000gp/T//cc1mJOMo.s 			page 21


 1141 0638 3A       		.byte	0x3a
 1142 0639 03       		.byte	0x3
 1143 063a 2E050000 		.4byte	0x52e
 1144 063e 11       		.uleb128 0x11
 1145 063f 32060000 		.4byte	0x632
 1146 0643 0E       		.uleb128 0xe
 1147 0644 4D010000 		.4byte	.LASF96
 1148 0648 0C       		.byte	0xc
 1149 0649 77       		.byte	0x77
 1150 064a 1D       		.byte	0x1d
 1151 064b 3E060000 		.4byte	0x63e
 1152 064f 12       		.uleb128 0x12
 1153 0650 9A020000 		.4byte	0x29a
 1154 0654 5F060000 		.4byte	0x65f
 1155 0658 13       		.uleb128 0x13
 1156 0659 2C000000 		.4byte	0x2c
 1157 065d 26       		.byte	0x26
 1158 065e 00       		.byte	0
 1159 065f 0E       		.uleb128 0xe
 1160 0660 FA000000 		.4byte	.LASF97
 1161 0664 0D       		.byte	0xd
 1162 0665 82       		.byte	0x82
 1163 0666 08       		.byte	0x8
 1164 0667 4F060000 		.4byte	0x64f
 1165 066b 14       		.uleb128 0x14
 1166 066c C7040000 		.4byte	.LASF106
 1167 0670 01       		.byte	0x1
 1168 0671 79       		.byte	0x79
 1169 0672 06       		.byte	0x6
 1170 0673 00000000 		.4byte	.LFB9
 1171 0677 14000000 		.4byte	.LFE9-.LFB9
 1172 067b 01       		.uleb128 0x1
 1173 067c 9C       		.byte	0x9c
 1174 067d C1060000 		.4byte	0x6c1
 1175 0681 15       		.uleb128 0x15
 1176 0682 747000   		.ascii	"tp\000"
 1177 0685 01       		.byte	0x1
 1178 0686 79       		.byte	0x79
 1179 0687 1B       		.byte	0x1b
 1180 0688 65020000 		.4byte	0x265
 1181 068c 04000000 		.4byte	.LLST5
 1182 0690 00000000 		.4byte	.LVUS5
 1183 0694 15       		.uleb128 0x15
 1184 0695 6D736700 		.ascii	"msg\000"
 1185 0699 01       		.byte	0x1
 1186 069a 79       		.byte	0x79
 1187 069b 25       		.byte	0x25
 1188 069c 07010000 		.4byte	0x107
 1189 06a0 29000000 		.4byte	.LLST6
 1190 06a4 25000000 		.4byte	.LVUS6
 1191 06a8 16       		.uleb128 0x16
 1192 06a9 0C000000 		.4byte	.LVL14
 1193 06ad 12080000 		.4byte	0x812
 1194 06b1 17       		.uleb128 0x17
 1195 06b2 01       		.uleb128 0x1
 1196 06b3 50       		.byte	0x50
 1197 06b4 03       		.uleb128 0x3
ARM GAS  /var/folders/l5/0x54b2c10074c8bt31ycjvl80000gp/T//cc1mJOMo.s 			page 22


 1198 06b5 F3       		.byte	0xf3
 1199 06b6 01       		.uleb128 0x1
 1200 06b7 50       		.byte	0x50
 1201 06b8 17       		.uleb128 0x17
 1202 06b9 01       		.uleb128 0x1
 1203 06ba 51       		.byte	0x51
 1204 06bb 03       		.uleb128 0x3
 1205 06bc F3       		.byte	0xf3
 1206 06bd 01       		.uleb128 0x1
 1207 06be 51       		.byte	0x51
 1208 06bf 00       		.byte	0
 1209 06c0 00       		.byte	0
 1210 06c1 18       		.uleb128 0x18
 1211 06c2 F0040000 		.4byte	.LASF98
 1212 06c6 01       		.byte	0x1
 1213 06c7 63       		.byte	0x63
 1214 06c8 09       		.byte	0x9
 1215 06c9 65020000 		.4byte	0x265
 1216 06cd 00000000 		.4byte	.LFB8
 1217 06d1 58000000 		.4byte	.LFE8-.LFB8
 1218 06d5 01       		.uleb128 0x1
 1219 06d6 9C       		.byte	0x9c
 1220 06d7 1C070000 		.4byte	0x71c
 1221 06db 19       		.uleb128 0x19
 1222 06dc 747000   		.ascii	"tp\000"
 1223 06df 01       		.byte	0x1
 1224 06e0 64       		.byte	0x64
 1225 06e1 0B       		.byte	0xb
 1226 06e2 65020000 		.4byte	0x265
 1227 06e6 1A       		.uleb128 0x1a
 1228 06e7 BE070000 		.4byte	0x7be
 1229 06eb 20000000 		.4byte	.LBI12
 1230 06ef 01       		.byte	.LVU49
 1231 06f0 20000000 		.4byte	.Ldebug_ranges0+0x20
 1232 06f4 01       		.byte	0x1
 1233 06f5 69       		.byte	0x69
 1234 06f6 08       		.byte	0x8
 1235 06f7 0C070000 		.4byte	0x70c
 1236 06fb 1B       		.uleb128 0x1b
 1237 06fc CF070000 		.4byte	0x7cf
 1238 0700 1C       		.uleb128 0x1c
 1239 0701 20000000 		.4byte	.Ldebug_ranges0+0x20
 1240 0705 1D       		.uleb128 0x1d
 1241 0706 DB070000 		.4byte	0x7db
 1242 070a 00       		.byte	0
 1243 070b 00       		.byte	0
 1244 070c 16       		.uleb128 0x16
 1245 070d 44000000 		.4byte	.LVL12
 1246 0711 1E080000 		.4byte	0x81e
 1247 0715 17       		.uleb128 0x17
 1248 0716 01       		.uleb128 0x1
 1249 0717 50       		.byte	0x50
 1250 0718 01       		.uleb128 0x1
 1251 0719 3C       		.byte	0x3c
 1252 071a 00       		.byte	0
 1253 071b 00       		.byte	0
 1254 071c 18       		.uleb128 0x18
ARM GAS  /var/folders/l5/0x54b2c10074c8bt31ycjvl80000gp/T//cc1mJOMo.s 			page 23


 1255 071d CC000000 		.4byte	.LASF99
 1256 0721 01       		.byte	0x1
 1257 0722 44       		.byte	0x44
 1258 0723 07       		.byte	0x7
 1259 0724 07010000 		.4byte	0x107
 1260 0728 00000000 		.4byte	.LFB7
 1261 072c 5C000000 		.4byte	.LFE7-.LFB7
 1262 0730 01       		.uleb128 0x1
 1263 0731 9C       		.byte	0x9c
 1264 0732 BE070000 		.4byte	0x7be
 1265 0736 15       		.uleb128 0x15
 1266 0737 747000   		.ascii	"tp\000"
 1267 073a 01       		.byte	0x1
 1268 073b 44       		.byte	0x44
 1269 073c 19       		.byte	0x19
 1270 073d 65020000 		.4byte	0x265
 1271 0741 52000000 		.4byte	.LLST0
 1272 0745 4A000000 		.4byte	.LVUS0
 1273 0749 15       		.uleb128 0x15
 1274 074a 6D736700 		.ascii	"msg\000"
 1275 074e 01       		.byte	0x1
 1276 074f 44       		.byte	0x44
 1277 0750 23       		.byte	0x23
 1278 0751 07010000 		.4byte	0x107
 1279 0755 96000000 		.4byte	.LLST1
 1280 0759 8C000000 		.4byte	.LVUS1
 1281 075d 1E       		.uleb128 0x1e
 1282 075e 63747000 		.ascii	"ctp\000"
 1283 0762 01       		.byte	0x1
 1284 0763 45       		.byte	0x45
 1285 0764 0B       		.byte	0xb
 1286 0765 65020000 		.4byte	0x265
 1287 0769 DD000000 		.4byte	.LLST2
 1288 076d DB000000 		.4byte	.LVUS2
 1289 0771 1A       		.uleb128 0x1a
 1290 0772 ED070000 		.4byte	0x7ed
 1291 0776 24000000 		.4byte	.LBI6
 1292 077a 01       		.byte	.LVU18
 1293 077b 00000000 		.4byte	.Ldebug_ranges0+0
 1294 077f 01       		.byte	0x1
 1295 0780 4C       		.byte	0x4c
 1296 0781 03       		.byte	0x3
 1297 0782 A1070000 		.4byte	0x7a1
 1298 0786 1F       		.uleb128 0x1f
 1299 0787 05080000 		.4byte	0x805
 1300 078b F2000000 		.4byte	.LLST3
 1301 078f F0000000 		.4byte	.LVUS3
 1302 0793 1F       		.uleb128 0x1f
 1303 0794 FA070000 		.4byte	0x7fa
 1304 0798 07010000 		.4byte	.LLST4
 1305 079c 05010000 		.4byte	.LVUS4
 1306 07a0 00       		.byte	0
 1307 07a1 20       		.uleb128 0x20
 1308 07a2 44000000 		.4byte	.LVL5
 1309 07a6 1E080000 		.4byte	0x81e
 1310 07aa B4070000 		.4byte	0x7b4
 1311 07ae 17       		.uleb128 0x17
ARM GAS  /var/folders/l5/0x54b2c10074c8bt31ycjvl80000gp/T//cc1mJOMo.s 			page 24


 1312 07af 01       		.uleb128 0x1
 1313 07b0 50       		.byte	0x50
 1314 07b1 01       		.uleb128 0x1
 1315 07b2 3A       		.byte	0x3a
 1316 07b3 00       		.byte	0
 1317 07b4 21       		.uleb128 0x21
 1318 07b5 54000000 		.4byte	.LVL8
 1319 07b9 2A080000 		.4byte	0x82a
 1320 07bd 00       		.byte	0
 1321 07be 22       		.uleb128 0x22
 1322 07bf 5E040000 		.4byte	.LASF107
 1323 07c3 02       		.byte	0x2
 1324 07c4 34       		.byte	0x34
 1325 07c5 17       		.byte	0x17
 1326 07c6 65020000 		.4byte	0x265
 1327 07ca 03       		.byte	0x3
 1328 07cb E7070000 		.4byte	0x7e7
 1329 07cf 23       		.uleb128 0x23
 1330 07d0 74717000 		.ascii	"tqp\000"
 1331 07d4 02       		.byte	0x2
 1332 07d5 34       		.byte	0x34
 1333 07d6 31       		.byte	0x31
 1334 07d7 E7070000 		.4byte	0x7e7
 1335 07db 19       		.uleb128 0x19
 1336 07dc 747000   		.ascii	"tp\000"
 1337 07df 02       		.byte	0x2
 1338 07e0 35       		.byte	0x35
 1339 07e1 0B       		.byte	0xb
 1340 07e2 65020000 		.4byte	0x265
 1341 07e6 00       		.byte	0
 1342 07e7 0A       		.uleb128 0xa
 1343 07e8 04       		.byte	0x4
 1344 07e9 6B020000 		.4byte	0x26b
 1345 07ed 24       		.uleb128 0x24
 1346 07ee 13000000 		.4byte	.LASF108
 1347 07f2 02       		.byte	0x2
 1348 07f3 2D       		.byte	0x2d
 1349 07f4 14       		.byte	0x14
 1350 07f5 03       		.byte	0x3
 1351 07f6 12080000 		.4byte	0x812
 1352 07fa 23       		.uleb128 0x23
 1353 07fb 747000   		.ascii	"tp\000"
 1354 07fe 02       		.byte	0x2
 1355 07ff 2D       		.byte	0x2d
 1356 0800 29       		.byte	0x29
 1357 0801 65020000 		.4byte	0x265
 1358 0805 23       		.uleb128 0x23
 1359 0806 74717000 		.ascii	"tqp\000"
 1360 080a 02       		.byte	0x2
 1361 080b 2D       		.byte	0x2d
 1362 080c 3B       		.byte	0x3b
 1363 080d E7070000 		.4byte	0x7e7
 1364 0811 00       		.byte	0
 1365 0812 25       		.uleb128 0x25
 1366 0813 88010000 		.4byte	.LASF100
 1367 0817 88010000 		.4byte	.LASF100
 1368 081b 0A       		.byte	0xa
ARM GAS  /var/folders/l5/0x54b2c10074c8bt31ycjvl80000gp/T//cc1mJOMo.s 			page 25


 1369 081c 92       		.byte	0x92
 1370 081d 08       		.byte	0x8
 1371 081e 25       		.uleb128 0x25
 1372 081f 16040000 		.4byte	.LASF101
 1373 0823 16040000 		.4byte	.LASF101
 1374 0827 0A       		.byte	0xa
 1375 0828 8C       		.byte	0x8c
 1376 0829 08       		.byte	0x8
 1377 082a 25       		.uleb128 0x25
 1378 082b 75040000 		.4byte	.LASF102
 1379 082f 75040000 		.4byte	.LASF102
 1380 0833 0A       		.byte	0xa
 1381 0834 89       		.byte	0x89
 1382 0835 0B       		.byte	0xb
 1383 0836 00       		.byte	0
 1384              		.section	.debug_abbrev,"",%progbits
 1385              	.Ldebug_abbrev0:
 1386 0000 01       		.uleb128 0x1
 1387 0001 11       		.uleb128 0x11
 1388 0002 01       		.byte	0x1
 1389 0003 25       		.uleb128 0x25
 1390 0004 0E       		.uleb128 0xe
 1391 0005 13       		.uleb128 0x13
 1392 0006 0B       		.uleb128 0xb
 1393 0007 03       		.uleb128 0x3
 1394 0008 0E       		.uleb128 0xe
 1395 0009 1B       		.uleb128 0x1b
 1396 000a 0E       		.uleb128 0xe
 1397 000b 55       		.uleb128 0x55
 1398 000c 17       		.uleb128 0x17
 1399 000d 11       		.uleb128 0x11
 1400 000e 01       		.uleb128 0x1
 1401 000f 10       		.uleb128 0x10
 1402 0010 17       		.uleb128 0x17
 1403 0011 00       		.byte	0
 1404 0012 00       		.byte	0
 1405 0013 02       		.uleb128 0x2
 1406 0014 24       		.uleb128 0x24
 1407 0015 00       		.byte	0
 1408 0016 0B       		.uleb128 0xb
 1409 0017 0B       		.uleb128 0xb
 1410 0018 3E       		.uleb128 0x3e
 1411 0019 0B       		.uleb128 0xb
 1412 001a 03       		.uleb128 0x3
 1413 001b 08       		.uleb128 0x8
 1414 001c 00       		.byte	0
 1415 001d 00       		.byte	0
 1416 001e 03       		.uleb128 0x3
 1417 001f 24       		.uleb128 0x24
 1418 0020 00       		.byte	0
 1419 0021 0B       		.uleb128 0xb
 1420 0022 0B       		.uleb128 0xb
 1421 0023 3E       		.uleb128 0x3e
 1422 0024 0B       		.uleb128 0xb
 1423 0025 03       		.uleb128 0x3
 1424 0026 0E       		.uleb128 0xe
 1425 0027 00       		.byte	0
ARM GAS  /var/folders/l5/0x54b2c10074c8bt31ycjvl80000gp/T//cc1mJOMo.s 			page 26


 1426 0028 00       		.byte	0
 1427 0029 04       		.uleb128 0x4
 1428 002a 16       		.uleb128 0x16
 1429 002b 00       		.byte	0
 1430 002c 03       		.uleb128 0x3
 1431 002d 0E       		.uleb128 0xe
 1432 002e 3A       		.uleb128 0x3a
 1433 002f 0B       		.uleb128 0xb
 1434 0030 3B       		.uleb128 0x3b
 1435 0031 0B       		.uleb128 0xb
 1436 0032 39       		.uleb128 0x39
 1437 0033 0B       		.uleb128 0xb
 1438 0034 49       		.uleb128 0x49
 1439 0035 13       		.uleb128 0x13
 1440 0036 00       		.byte	0
 1441 0037 00       		.byte	0
 1442 0038 05       		.uleb128 0x5
 1443 0039 35       		.uleb128 0x35
 1444 003a 00       		.byte	0
 1445 003b 49       		.uleb128 0x49
 1446 003c 13       		.uleb128 0x13
 1447 003d 00       		.byte	0
 1448 003e 00       		.byte	0
 1449 003f 06       		.uleb128 0x6
 1450 0040 13       		.uleb128 0x13
 1451 0041 01       		.byte	0x1
 1452 0042 03       		.uleb128 0x3
 1453 0043 0E       		.uleb128 0xe
 1454 0044 0B       		.uleb128 0xb
 1455 0045 0B       		.uleb128 0xb
 1456 0046 3A       		.uleb128 0x3a
 1457 0047 0B       		.uleb128 0xb
 1458 0048 3B       		.uleb128 0x3b
 1459 0049 0B       		.uleb128 0xb
 1460 004a 39       		.uleb128 0x39
 1461 004b 0B       		.uleb128 0xb
 1462 004c 01       		.uleb128 0x1
 1463 004d 13       		.uleb128 0x13
 1464 004e 00       		.byte	0
 1465 004f 00       		.byte	0
 1466 0050 07       		.uleb128 0x7
 1467 0051 0D       		.uleb128 0xd
 1468 0052 00       		.byte	0
 1469 0053 03       		.uleb128 0x3
 1470 0054 0E       		.uleb128 0xe
 1471 0055 3A       		.uleb128 0x3a
 1472 0056 0B       		.uleb128 0xb
 1473 0057 3B       		.uleb128 0x3b
 1474 0058 0B       		.uleb128 0xb
 1475 0059 39       		.uleb128 0x39
 1476 005a 0B       		.uleb128 0xb
 1477 005b 49       		.uleb128 0x49
 1478 005c 13       		.uleb128 0x13
 1479 005d 38       		.uleb128 0x38
 1480 005e 0B       		.uleb128 0xb
 1481 005f 00       		.byte	0
 1482 0060 00       		.byte	0
ARM GAS  /var/folders/l5/0x54b2c10074c8bt31ycjvl80000gp/T//cc1mJOMo.s 			page 27


 1483 0061 08       		.uleb128 0x8
 1484 0062 0D       		.uleb128 0xd
 1485 0063 00       		.byte	0
 1486 0064 03       		.uleb128 0x3
 1487 0065 08       		.uleb128 0x8
 1488 0066 3A       		.uleb128 0x3a
 1489 0067 0B       		.uleb128 0xb
 1490 0068 3B       		.uleb128 0x3b
 1491 0069 0B       		.uleb128 0xb
 1492 006a 39       		.uleb128 0x39
 1493 006b 0B       		.uleb128 0xb
 1494 006c 49       		.uleb128 0x49
 1495 006d 13       		.uleb128 0x13
 1496 006e 38       		.uleb128 0x38
 1497 006f 0B       		.uleb128 0xb
 1498 0070 00       		.byte	0
 1499 0071 00       		.byte	0
 1500 0072 09       		.uleb128 0x9
 1501 0073 13       		.uleb128 0x13
 1502 0074 01       		.byte	0x1
 1503 0075 0B       		.uleb128 0xb
 1504 0076 0B       		.uleb128 0xb
 1505 0077 3A       		.uleb128 0x3a
 1506 0078 0B       		.uleb128 0xb
 1507 0079 3B       		.uleb128 0x3b
 1508 007a 0B       		.uleb128 0xb
 1509 007b 39       		.uleb128 0x39
 1510 007c 0B       		.uleb128 0xb
 1511 007d 01       		.uleb128 0x1
 1512 007e 13       		.uleb128 0x13
 1513 007f 00       		.byte	0
 1514 0080 00       		.byte	0
 1515 0081 0A       		.uleb128 0xa
 1516 0082 0F       		.uleb128 0xf
 1517 0083 00       		.byte	0
 1518 0084 0B       		.uleb128 0xb
 1519 0085 0B       		.uleb128 0xb
 1520 0086 49       		.uleb128 0x49
 1521 0087 13       		.uleb128 0x13
 1522 0088 00       		.byte	0
 1523 0089 00       		.byte	0
 1524 008a 0B       		.uleb128 0xb
 1525 008b 0F       		.uleb128 0xf
 1526 008c 00       		.byte	0
 1527 008d 0B       		.uleb128 0xb
 1528 008e 0B       		.uleb128 0xb
 1529 008f 00       		.byte	0
 1530 0090 00       		.byte	0
 1531 0091 0C       		.uleb128 0xc
 1532 0092 15       		.uleb128 0x15
 1533 0093 01       		.byte	0x1
 1534 0094 27       		.uleb128 0x27
 1535 0095 19       		.uleb128 0x19
 1536 0096 01       		.uleb128 0x1
 1537 0097 13       		.uleb128 0x13
 1538 0098 00       		.byte	0
 1539 0099 00       		.byte	0
ARM GAS  /var/folders/l5/0x54b2c10074c8bt31ycjvl80000gp/T//cc1mJOMo.s 			page 28


 1540 009a 0D       		.uleb128 0xd
 1541 009b 05       		.uleb128 0x5
 1542 009c 00       		.byte	0
 1543 009d 49       		.uleb128 0x49
 1544 009e 13       		.uleb128 0x13
 1545 009f 00       		.byte	0
 1546 00a0 00       		.byte	0
 1547 00a1 0E       		.uleb128 0xe
 1548 00a2 34       		.uleb128 0x34
 1549 00a3 00       		.byte	0
 1550 00a4 03       		.uleb128 0x3
 1551 00a5 0E       		.uleb128 0xe
 1552 00a6 3A       		.uleb128 0x3a
 1553 00a7 0B       		.uleb128 0xb
 1554 00a8 3B       		.uleb128 0x3b
 1555 00a9 0B       		.uleb128 0xb
 1556 00aa 39       		.uleb128 0x39
 1557 00ab 0B       		.uleb128 0xb
 1558 00ac 49       		.uleb128 0x49
 1559 00ad 13       		.uleb128 0x13
 1560 00ae 3F       		.uleb128 0x3f
 1561 00af 19       		.uleb128 0x19
 1562 00b0 3C       		.uleb128 0x3c
 1563 00b1 19       		.uleb128 0x19
 1564 00b2 00       		.byte	0
 1565 00b3 00       		.byte	0
 1566 00b4 0F       		.uleb128 0xf
 1567 00b5 17       		.uleb128 0x17
 1568 00b6 01       		.byte	0x1
 1569 00b7 0B       		.uleb128 0xb
 1570 00b8 0B       		.uleb128 0xb
 1571 00b9 3A       		.uleb128 0x3a
 1572 00ba 0B       		.uleb128 0xb
 1573 00bb 3B       		.uleb128 0x3b
 1574 00bc 0B       		.uleb128 0xb
 1575 00bd 39       		.uleb128 0x39
 1576 00be 0B       		.uleb128 0xb
 1577 00bf 01       		.uleb128 0x1
 1578 00c0 13       		.uleb128 0x13
 1579 00c1 00       		.byte	0
 1580 00c2 00       		.byte	0
 1581 00c3 10       		.uleb128 0x10
 1582 00c4 0D       		.uleb128 0xd
 1583 00c5 00       		.byte	0
 1584 00c6 03       		.uleb128 0x3
 1585 00c7 0E       		.uleb128 0xe
 1586 00c8 3A       		.uleb128 0x3a
 1587 00c9 0B       		.uleb128 0xb
 1588 00ca 3B       		.uleb128 0x3b
 1589 00cb 0B       		.uleb128 0xb
 1590 00cc 39       		.uleb128 0x39
 1591 00cd 0B       		.uleb128 0xb
 1592 00ce 49       		.uleb128 0x49
 1593 00cf 13       		.uleb128 0x13
 1594 00d0 00       		.byte	0
 1595 00d1 00       		.byte	0
 1596 00d2 11       		.uleb128 0x11
ARM GAS  /var/folders/l5/0x54b2c10074c8bt31ycjvl80000gp/T//cc1mJOMo.s 			page 29


 1597 00d3 26       		.uleb128 0x26
 1598 00d4 00       		.byte	0
 1599 00d5 49       		.uleb128 0x49
 1600 00d6 13       		.uleb128 0x13
 1601 00d7 00       		.byte	0
 1602 00d8 00       		.byte	0
 1603 00d9 12       		.uleb128 0x12
 1604 00da 01       		.uleb128 0x1
 1605 00db 01       		.byte	0x1
 1606 00dc 49       		.uleb128 0x49
 1607 00dd 13       		.uleb128 0x13
 1608 00de 01       		.uleb128 0x1
 1609 00df 13       		.uleb128 0x13
 1610 00e0 00       		.byte	0
 1611 00e1 00       		.byte	0
 1612 00e2 13       		.uleb128 0x13
 1613 00e3 21       		.uleb128 0x21
 1614 00e4 00       		.byte	0
 1615 00e5 49       		.uleb128 0x49
 1616 00e6 13       		.uleb128 0x13
 1617 00e7 2F       		.uleb128 0x2f
 1618 00e8 0B       		.uleb128 0xb
 1619 00e9 00       		.byte	0
 1620 00ea 00       		.byte	0
 1621 00eb 14       		.uleb128 0x14
 1622 00ec 2E       		.uleb128 0x2e
 1623 00ed 01       		.byte	0x1
 1624 00ee 3F       		.uleb128 0x3f
 1625 00ef 19       		.uleb128 0x19
 1626 00f0 03       		.uleb128 0x3
 1627 00f1 0E       		.uleb128 0xe
 1628 00f2 3A       		.uleb128 0x3a
 1629 00f3 0B       		.uleb128 0xb
 1630 00f4 3B       		.uleb128 0x3b
 1631 00f5 0B       		.uleb128 0xb
 1632 00f6 39       		.uleb128 0x39
 1633 00f7 0B       		.uleb128 0xb
 1634 00f8 27       		.uleb128 0x27
 1635 00f9 19       		.uleb128 0x19
 1636 00fa 11       		.uleb128 0x11
 1637 00fb 01       		.uleb128 0x1
 1638 00fc 12       		.uleb128 0x12
 1639 00fd 06       		.uleb128 0x6
 1640 00fe 40       		.uleb128 0x40
 1641 00ff 18       		.uleb128 0x18
 1642 0100 9742     		.uleb128 0x2117
 1643 0102 19       		.uleb128 0x19
 1644 0103 01       		.uleb128 0x1
 1645 0104 13       		.uleb128 0x13
 1646 0105 00       		.byte	0
 1647 0106 00       		.byte	0
 1648 0107 15       		.uleb128 0x15
 1649 0108 05       		.uleb128 0x5
 1650 0109 00       		.byte	0
 1651 010a 03       		.uleb128 0x3
 1652 010b 08       		.uleb128 0x8
 1653 010c 3A       		.uleb128 0x3a
ARM GAS  /var/folders/l5/0x54b2c10074c8bt31ycjvl80000gp/T//cc1mJOMo.s 			page 30


 1654 010d 0B       		.uleb128 0xb
 1655 010e 3B       		.uleb128 0x3b
 1656 010f 0B       		.uleb128 0xb
 1657 0110 39       		.uleb128 0x39
 1658 0111 0B       		.uleb128 0xb
 1659 0112 49       		.uleb128 0x49
 1660 0113 13       		.uleb128 0x13
 1661 0114 02       		.uleb128 0x2
 1662 0115 17       		.uleb128 0x17
 1663 0116 B742     		.uleb128 0x2137
 1664 0118 17       		.uleb128 0x17
 1665 0119 00       		.byte	0
 1666 011a 00       		.byte	0
 1667 011b 16       		.uleb128 0x16
 1668 011c 898201   		.uleb128 0x4109
 1669 011f 01       		.byte	0x1
 1670 0120 11       		.uleb128 0x11
 1671 0121 01       		.uleb128 0x1
 1672 0122 31       		.uleb128 0x31
 1673 0123 13       		.uleb128 0x13
 1674 0124 00       		.byte	0
 1675 0125 00       		.byte	0
 1676 0126 17       		.uleb128 0x17
 1677 0127 8A8201   		.uleb128 0x410a
 1678 012a 00       		.byte	0
 1679 012b 02       		.uleb128 0x2
 1680 012c 18       		.uleb128 0x18
 1681 012d 9142     		.uleb128 0x2111
 1682 012f 18       		.uleb128 0x18
 1683 0130 00       		.byte	0
 1684 0131 00       		.byte	0
 1685 0132 18       		.uleb128 0x18
 1686 0133 2E       		.uleb128 0x2e
 1687 0134 01       		.byte	0x1
 1688 0135 3F       		.uleb128 0x3f
 1689 0136 19       		.uleb128 0x19
 1690 0137 03       		.uleb128 0x3
 1691 0138 0E       		.uleb128 0xe
 1692 0139 3A       		.uleb128 0x3a
 1693 013a 0B       		.uleb128 0xb
 1694 013b 3B       		.uleb128 0x3b
 1695 013c 0B       		.uleb128 0xb
 1696 013d 39       		.uleb128 0x39
 1697 013e 0B       		.uleb128 0xb
 1698 013f 27       		.uleb128 0x27
 1699 0140 19       		.uleb128 0x19
 1700 0141 49       		.uleb128 0x49
 1701 0142 13       		.uleb128 0x13
 1702 0143 11       		.uleb128 0x11
 1703 0144 01       		.uleb128 0x1
 1704 0145 12       		.uleb128 0x12
 1705 0146 06       		.uleb128 0x6
 1706 0147 40       		.uleb128 0x40
 1707 0148 18       		.uleb128 0x18
 1708 0149 9742     		.uleb128 0x2117
 1709 014b 19       		.uleb128 0x19
 1710 014c 01       		.uleb128 0x1
ARM GAS  /var/folders/l5/0x54b2c10074c8bt31ycjvl80000gp/T//cc1mJOMo.s 			page 31


 1711 014d 13       		.uleb128 0x13
 1712 014e 00       		.byte	0
 1713 014f 00       		.byte	0
 1714 0150 19       		.uleb128 0x19
 1715 0151 34       		.uleb128 0x34
 1716 0152 00       		.byte	0
 1717 0153 03       		.uleb128 0x3
 1718 0154 08       		.uleb128 0x8
 1719 0155 3A       		.uleb128 0x3a
 1720 0156 0B       		.uleb128 0xb
 1721 0157 3B       		.uleb128 0x3b
 1722 0158 0B       		.uleb128 0xb
 1723 0159 39       		.uleb128 0x39
 1724 015a 0B       		.uleb128 0xb
 1725 015b 49       		.uleb128 0x49
 1726 015c 13       		.uleb128 0x13
 1727 015d 00       		.byte	0
 1728 015e 00       		.byte	0
 1729 015f 1A       		.uleb128 0x1a
 1730 0160 1D       		.uleb128 0x1d
 1731 0161 01       		.byte	0x1
 1732 0162 31       		.uleb128 0x31
 1733 0163 13       		.uleb128 0x13
 1734 0164 52       		.uleb128 0x52
 1735 0165 01       		.uleb128 0x1
 1736 0166 B842     		.uleb128 0x2138
 1737 0168 0B       		.uleb128 0xb
 1738 0169 55       		.uleb128 0x55
 1739 016a 17       		.uleb128 0x17
 1740 016b 58       		.uleb128 0x58
 1741 016c 0B       		.uleb128 0xb
 1742 016d 59       		.uleb128 0x59
 1743 016e 0B       		.uleb128 0xb
 1744 016f 57       		.uleb128 0x57
 1745 0170 0B       		.uleb128 0xb
 1746 0171 01       		.uleb128 0x1
 1747 0172 13       		.uleb128 0x13
 1748 0173 00       		.byte	0
 1749 0174 00       		.byte	0
 1750 0175 1B       		.uleb128 0x1b
 1751 0176 05       		.uleb128 0x5
 1752 0177 00       		.byte	0
 1753 0178 31       		.uleb128 0x31
 1754 0179 13       		.uleb128 0x13
 1755 017a 00       		.byte	0
 1756 017b 00       		.byte	0
 1757 017c 1C       		.uleb128 0x1c
 1758 017d 0B       		.uleb128 0xb
 1759 017e 01       		.byte	0x1
 1760 017f 55       		.uleb128 0x55
 1761 0180 17       		.uleb128 0x17
 1762 0181 00       		.byte	0
 1763 0182 00       		.byte	0
 1764 0183 1D       		.uleb128 0x1d
 1765 0184 34       		.uleb128 0x34
 1766 0185 00       		.byte	0
 1767 0186 31       		.uleb128 0x31
ARM GAS  /var/folders/l5/0x54b2c10074c8bt31ycjvl80000gp/T//cc1mJOMo.s 			page 32


 1768 0187 13       		.uleb128 0x13
 1769 0188 00       		.byte	0
 1770 0189 00       		.byte	0
 1771 018a 1E       		.uleb128 0x1e
 1772 018b 34       		.uleb128 0x34
 1773 018c 00       		.byte	0
 1774 018d 03       		.uleb128 0x3
 1775 018e 08       		.uleb128 0x8
 1776 018f 3A       		.uleb128 0x3a
 1777 0190 0B       		.uleb128 0xb
 1778 0191 3B       		.uleb128 0x3b
 1779 0192 0B       		.uleb128 0xb
 1780 0193 39       		.uleb128 0x39
 1781 0194 0B       		.uleb128 0xb
 1782 0195 49       		.uleb128 0x49
 1783 0196 13       		.uleb128 0x13
 1784 0197 02       		.uleb128 0x2
 1785 0198 17       		.uleb128 0x17
 1786 0199 B742     		.uleb128 0x2137
 1787 019b 17       		.uleb128 0x17
 1788 019c 00       		.byte	0
 1789 019d 00       		.byte	0
 1790 019e 1F       		.uleb128 0x1f
 1791 019f 05       		.uleb128 0x5
 1792 01a0 00       		.byte	0
 1793 01a1 31       		.uleb128 0x31
 1794 01a2 13       		.uleb128 0x13
 1795 01a3 02       		.uleb128 0x2
 1796 01a4 17       		.uleb128 0x17
 1797 01a5 B742     		.uleb128 0x2137
 1798 01a7 17       		.uleb128 0x17
 1799 01a8 00       		.byte	0
 1800 01a9 00       		.byte	0
 1801 01aa 20       		.uleb128 0x20
 1802 01ab 898201   		.uleb128 0x4109
 1803 01ae 01       		.byte	0x1
 1804 01af 11       		.uleb128 0x11
 1805 01b0 01       		.uleb128 0x1
 1806 01b1 31       		.uleb128 0x31
 1807 01b2 13       		.uleb128 0x13
 1808 01b3 01       		.uleb128 0x1
 1809 01b4 13       		.uleb128 0x13
 1810 01b5 00       		.byte	0
 1811 01b6 00       		.byte	0
 1812 01b7 21       		.uleb128 0x21
 1813 01b8 898201   		.uleb128 0x4109
 1814 01bb 00       		.byte	0
 1815 01bc 11       		.uleb128 0x11
 1816 01bd 01       		.uleb128 0x1
 1817 01be 31       		.uleb128 0x31
 1818 01bf 13       		.uleb128 0x13
 1819 01c0 00       		.byte	0
 1820 01c1 00       		.byte	0
 1821 01c2 22       		.uleb128 0x22
 1822 01c3 2E       		.uleb128 0x2e
 1823 01c4 01       		.byte	0x1
 1824 01c5 03       		.uleb128 0x3
ARM GAS  /var/folders/l5/0x54b2c10074c8bt31ycjvl80000gp/T//cc1mJOMo.s 			page 33


 1825 01c6 0E       		.uleb128 0xe
 1826 01c7 3A       		.uleb128 0x3a
 1827 01c8 0B       		.uleb128 0xb
 1828 01c9 3B       		.uleb128 0x3b
 1829 01ca 0B       		.uleb128 0xb
 1830 01cb 39       		.uleb128 0x39
 1831 01cc 0B       		.uleb128 0xb
 1832 01cd 27       		.uleb128 0x27
 1833 01ce 19       		.uleb128 0x19
 1834 01cf 49       		.uleb128 0x49
 1835 01d0 13       		.uleb128 0x13
 1836 01d1 20       		.uleb128 0x20
 1837 01d2 0B       		.uleb128 0xb
 1838 01d3 01       		.uleb128 0x1
 1839 01d4 13       		.uleb128 0x13
 1840 01d5 00       		.byte	0
 1841 01d6 00       		.byte	0
 1842 01d7 23       		.uleb128 0x23
 1843 01d8 05       		.uleb128 0x5
 1844 01d9 00       		.byte	0
 1845 01da 03       		.uleb128 0x3
 1846 01db 08       		.uleb128 0x8
 1847 01dc 3A       		.uleb128 0x3a
 1848 01dd 0B       		.uleb128 0xb
 1849 01de 3B       		.uleb128 0x3b
 1850 01df 0B       		.uleb128 0xb
 1851 01e0 39       		.uleb128 0x39
 1852 01e1 0B       		.uleb128 0xb
 1853 01e2 49       		.uleb128 0x49
 1854 01e3 13       		.uleb128 0x13
 1855 01e4 00       		.byte	0
 1856 01e5 00       		.byte	0
 1857 01e6 24       		.uleb128 0x24
 1858 01e7 2E       		.uleb128 0x2e
 1859 01e8 01       		.byte	0x1
 1860 01e9 03       		.uleb128 0x3
 1861 01ea 0E       		.uleb128 0xe
 1862 01eb 3A       		.uleb128 0x3a
 1863 01ec 0B       		.uleb128 0xb
 1864 01ed 3B       		.uleb128 0x3b
 1865 01ee 0B       		.uleb128 0xb
 1866 01ef 39       		.uleb128 0x39
 1867 01f0 0B       		.uleb128 0xb
 1868 01f1 27       		.uleb128 0x27
 1869 01f2 19       		.uleb128 0x19
 1870 01f3 20       		.uleb128 0x20
 1871 01f4 0B       		.uleb128 0xb
 1872 01f5 01       		.uleb128 0x1
 1873 01f6 13       		.uleb128 0x13
 1874 01f7 00       		.byte	0
 1875 01f8 00       		.byte	0
 1876 01f9 25       		.uleb128 0x25
 1877 01fa 2E       		.uleb128 0x2e
 1878 01fb 00       		.byte	0
 1879 01fc 3F       		.uleb128 0x3f
 1880 01fd 19       		.uleb128 0x19
 1881 01fe 3C       		.uleb128 0x3c
ARM GAS  /var/folders/l5/0x54b2c10074c8bt31ycjvl80000gp/T//cc1mJOMo.s 			page 34


 1882 01ff 19       		.uleb128 0x19
 1883 0200 6E       		.uleb128 0x6e
 1884 0201 0E       		.uleb128 0xe
 1885 0202 03       		.uleb128 0x3
 1886 0203 0E       		.uleb128 0xe
 1887 0204 3A       		.uleb128 0x3a
 1888 0205 0B       		.uleb128 0xb
 1889 0206 3B       		.uleb128 0x3b
 1890 0207 0B       		.uleb128 0xb
 1891 0208 39       		.uleb128 0x39
 1892 0209 0B       		.uleb128 0xb
 1893 020a 00       		.byte	0
 1894 020b 00       		.byte	0
 1895 020c 00       		.byte	0
 1896              		.section	.debug_loc,"",%progbits
 1897              	.Ldebug_loc0:
 1898              	.LVUS5:
 1899 0000 00       		.uleb128 0
 1900 0001 00       		.uleb128 .LVU75
 1901 0002 00       		.uleb128 .LVU75
 1902 0003 00       		.uleb128 0
 1903              	.LLST5:
 1904 0004 00000000 		.4byte	.LVL13
 1905 0008 0B000000 		.4byte	.LVL14-1
 1906 000c 0100     		.2byte	0x1
 1907 000e 50       		.byte	0x50
 1908 000f 0B000000 		.4byte	.LVL14-1
 1909 0013 14000000 		.4byte	.LFE9
 1910 0017 0400     		.2byte	0x4
 1911 0019 F3       		.byte	0xf3
 1912 001a 01       		.uleb128 0x1
 1913 001b 50       		.byte	0x50
 1914 001c 9F       		.byte	0x9f
 1915 001d 00000000 		.4byte	0
 1916 0021 00000000 		.4byte	0
 1917              	.LVUS6:
 1918 0025 00       		.uleb128 0
 1919 0026 00       		.uleb128 .LVU75
 1920 0027 00       		.uleb128 .LVU75
 1921 0028 00       		.uleb128 0
 1922              	.LLST6:
 1923 0029 00000000 		.4byte	.LVL13
 1924 002d 0B000000 		.4byte	.LVL14-1
 1925 0031 0100     		.2byte	0x1
 1926 0033 51       		.byte	0x51
 1927 0034 0B000000 		.4byte	.LVL14-1
 1928 0038 14000000 		.4byte	.LFE9
 1929 003c 0400     		.2byte	0x4
 1930 003e F3       		.byte	0xf3
 1931 003f 01       		.uleb128 0x1
 1932 0040 51       		.byte	0x51
 1933 0041 9F       		.byte	0x9f
 1934 0042 00000000 		.4byte	0
 1935 0046 00000000 		.4byte	0
 1936              	.LVUS0:
 1937 004a 00       		.uleb128 0
 1938 004b 00       		.uleb128 .LVU28
ARM GAS  /var/folders/l5/0x54b2c10074c8bt31ycjvl80000gp/T//cc1mJOMo.s 			page 35


 1939 004c 00       		.uleb128 .LVU28
 1940 004d 00       		.uleb128 .LVU36
 1941 004e 00       		.uleb128 .LVU36
 1942 004f 00       		.uleb128 .LVU37
 1943 0050 00       		.uleb128 .LVU37
 1944 0051 00       		.uleb128 0
 1945              	.LLST0:
 1946 0052 00000000 		.4byte	.LVL0
 1947 0056 3C000000 		.4byte	.LVL4
 1948 005a 0100     		.2byte	0x1
 1949 005c 50       		.byte	0x50
 1950 005d 3C000000 		.4byte	.LVL4
 1951 0061 50000000 		.4byte	.LVL7
 1952 0065 0400     		.2byte	0x4
 1953 0067 F3       		.byte	0xf3
 1954 0068 01       		.uleb128 0x1
 1955 0069 50       		.byte	0x50
 1956 006a 9F       		.byte	0x9f
 1957 006b 50000000 		.4byte	.LVL7
 1958 006f 53000000 		.4byte	.LVL8-1
 1959 0073 0100     		.2byte	0x1
 1960 0075 50       		.byte	0x50
 1961 0076 53000000 		.4byte	.LVL8-1
 1962 007a 5C000000 		.4byte	.LFE7
 1963 007e 0400     		.2byte	0x4
 1964 0080 F3       		.byte	0xf3
 1965 0081 01       		.uleb128 0x1
 1966 0082 50       		.byte	0x50
 1967 0083 9F       		.byte	0x9f
 1968 0084 00000000 		.4byte	0
 1969 0088 00000000 		.4byte	0
 1970              	.LVUS1:
 1971 008c 00       		.uleb128 0
 1972 008d 00       		.uleb128 .LVU28
 1973 008e 00       		.uleb128 .LVU28
 1974 008f 00       		.uleb128 .LVU31
 1975 0090 00       		.uleb128 .LVU31
 1976 0091 00       		.uleb128 .LVU36
 1977 0092 00       		.uleb128 .LVU36
 1978 0093 00       		.uleb128 .LVU37
 1979 0094 00       		.uleb128 .LVU37
 1980 0095 00       		.uleb128 0
 1981              	.LLST1:
 1982 0096 00000000 		.4byte	.LVL0
 1983 009a 3C000000 		.4byte	.LVL4
 1984 009e 0100     		.2byte	0x1
 1985 00a0 51       		.byte	0x51
 1986 00a1 3C000000 		.4byte	.LVL4
 1987 00a5 48000000 		.4byte	.LVL6
 1988 00a9 0400     		.2byte	0x4
 1989 00ab F3       		.byte	0xf3
 1990 00ac 01       		.uleb128 0x1
 1991 00ad 51       		.byte	0x51
 1992 00ae 9F       		.byte	0x9f
 1993 00af 48000000 		.4byte	.LVL6
 1994 00b3 50000000 		.4byte	.LVL7
 1995 00b7 0100     		.2byte	0x1
ARM GAS  /var/folders/l5/0x54b2c10074c8bt31ycjvl80000gp/T//cc1mJOMo.s 			page 36


 1996 00b9 50       		.byte	0x50
 1997 00ba 50000000 		.4byte	.LVL7
 1998 00be 53000000 		.4byte	.LVL8-1
 1999 00c2 0100     		.2byte	0x1
 2000 00c4 51       		.byte	0x51
 2001 00c5 53000000 		.4byte	.LVL8-1
 2002 00c9 5C000000 		.4byte	.LFE7
 2003 00cd 0400     		.2byte	0x4
 2004 00cf F3       		.byte	0xf3
 2005 00d0 01       		.uleb128 0x1
 2006 00d1 51       		.byte	0x51
 2007 00d2 9F       		.byte	0x9f
 2008 00d3 00000000 		.4byte	0
 2009 00d7 00000000 		.4byte	0
 2010              	.LVUS2:
 2011 00db 00       		.uleb128 .LVU5
 2012 00dc 00       		.uleb128 0
 2013              	.LLST2:
 2014 00dd 0C000000 		.4byte	.LVL1
 2015 00e1 5C000000 		.4byte	.LFE7
 2016 00e5 0100     		.2byte	0x1
 2017 00e7 54       		.byte	0x54
 2018 00e8 00000000 		.4byte	0
 2019 00ec 00000000 		.4byte	0
 2020              	.LVUS3:
 2021 00f0 01       		.uleb128 .LVU18
 2022 00f1 00       		.uleb128 .LVU25
 2023              	.LLST3:
 2024 00f2 24000000 		.4byte	.LVL2
 2025 00f6 30000000 		.4byte	.LVL3
 2026 00fa 0100     		.2byte	0x1
 2027 00fc 5C       		.byte	0x5c
 2028 00fd 00000000 		.4byte	0
 2029 0101 00000000 		.4byte	0
 2030              	.LVUS4:
 2031 0105 01       		.uleb128 .LVU18
 2032 0106 00       		.uleb128 .LVU25
 2033              	.LLST4:
 2034 0107 24000000 		.4byte	.LVL2
 2035 010b 30000000 		.4byte	.LVL3
 2036 010f 0100     		.2byte	0x1
 2037 0111 54       		.byte	0x54
 2038 0112 00000000 		.4byte	0
 2039 0116 00000000 		.4byte	0
 2040              		.section	.debug_aranges,"",%progbits
 2041 0000 2C000000 		.4byte	0x2c
 2042 0004 0200     		.2byte	0x2
 2043 0006 00000000 		.4byte	.Ldebug_info0
 2044 000a 04       		.byte	0x4
 2045 000b 00       		.byte	0
 2046 000c 0000     		.2byte	0
 2047 000e 0000     		.2byte	0
 2048 0010 00000000 		.4byte	.LFB7
 2049 0014 5C000000 		.4byte	.LFE7-.LFB7
 2050 0018 00000000 		.4byte	.LFB8
 2051 001c 58000000 		.4byte	.LFE8-.LFB8
 2052 0020 00000000 		.4byte	.LFB9
ARM GAS  /var/folders/l5/0x54b2c10074c8bt31ycjvl80000gp/T//cc1mJOMo.s 			page 37


 2053 0024 14000000 		.4byte	.LFE9-.LFB9
 2054 0028 00000000 		.4byte	0
 2055 002c 00000000 		.4byte	0
 2056              		.section	.debug_ranges,"",%progbits
 2057              	.Ldebug_ranges0:
 2058 0000 10000000 		.4byte	.LBB6
 2059 0004 14000000 		.4byte	.LBE6
 2060 0008 1C000000 		.4byte	.LBB10
 2061 000c 20000000 		.4byte	.LBE10
 2062 0010 24000000 		.4byte	.LBB11
 2063 0014 30000000 		.4byte	.LBE11
 2064 0018 00000000 		.4byte	0
 2065 001c 00000000 		.4byte	0
 2066 0020 20000000 		.4byte	.LBB12
 2067 0024 20000000 		.4byte	.LBE12
 2068 0028 24000000 		.4byte	.LBB15
 2069 002c 30000000 		.4byte	.LBE15
 2070 0030 00000000 		.4byte	0
 2071 0034 00000000 		.4byte	0
 2072 0038 00000000 		.4byte	.LFB7
 2073 003c 5C000000 		.4byte	.LFE7
 2074 0040 00000000 		.4byte	.LFB8
 2075 0044 58000000 		.4byte	.LFE8
 2076 0048 00000000 		.4byte	.LFB9
 2077 004c 14000000 		.4byte	.LFE9
 2078 0050 00000000 		.4byte	0
 2079 0054 00000000 		.4byte	0
 2080              		.section	.debug_line,"",%progbits
 2081              	.Ldebug_line0:
 2082 0000 DE020000 		.section	.debug_str,"MS",%progbits,1
 2082      03009401 
 2082      00000201 
 2082      FB0E0D00 
 2082      01010101 
 2083              	.LASF87:
 2084 0000 63665F6F 		.ascii	"cf_off_older\000"
 2084      66665F6F 
 2084      6C646572 
 2084      00
 2085              	.LASF40:
 2086 000d 705F6D73 		.ascii	"p_msg\000"
 2086      6700
 2087              	.LASF108:
 2088 0013 71756575 		.ascii	"queue_insert\000"
 2088      655F696E 
 2088      73657274 
 2088      00
 2089              	.LASF72:
 2090 0020 7264796D 		.ascii	"rdymsg\000"
 2090      736700
 2091              	.LASF4:
 2092 0027 5F5F7569 		.ascii	"__uint8_t\000"
 2092      6E74385F 
 2092      7400
 2093              	.LASF66:
 2094 0031 76746C69 		.ascii	"vtlist\000"
 2094      737400
ARM GAS  /var/folders/l5/0x54b2c10074c8bt31ycjvl80000gp/T//cc1mJOMo.s 			page 38


 2095              	.LASF12:
 2096 0038 6C6F6E67 		.ascii	"long long unsigned int\000"
 2096      206C6F6E 
 2096      6720756E 
 2096      7369676E 
 2096      65642069 
 2097              	.LASF83:
 2098 004f 63685F74 		.ascii	"ch_threadsize\000"
 2098      68726561 
 2098      6473697A 
 2098      6500
 2099              	.LASF73:
 2100 005d 65786974 		.ascii	"exitcode\000"
 2100      636F6465 
 2100      00
 2101              	.LASF28:
 2102 0066 705F7072 		.ascii	"p_prio\000"
 2102      696F00
 2103              	.LASF90:
 2104 006d 63665F6F 		.ascii	"cf_off_state\000"
 2104      66665F73 
 2104      74617465 
 2104      00
 2105              	.LASF11:
 2106 007a 6C6F6E67 		.ascii	"long long int\000"
 2106      206C6F6E 
 2106      6720696E 
 2106      7400
 2107              	.LASF1:
 2108 0088 7369676E 		.ascii	"signed char\000"
 2108      65642063 
 2108      68617200 
 2109              	.LASF89:
 2110 0094 63665F6F 		.ascii	"cf_off_stklimit\000"
 2110      66665F73 
 2110      746B6C69 
 2110      6D697400 
 2111              	.LASF91:
 2112 00a4 63665F6F 		.ascii	"cf_off_flags\000"
 2112      66665F66 
 2112      6C616773 
 2112      00
 2113              	.LASF69:
 2114 00b1 6D5F7175 		.ascii	"m_queue\000"
 2114      65756500 
 2115              	.LASF20:
 2116 00b9 74736C69 		.ascii	"tslices_t\000"
 2116      6365735F 
 2116      7400
 2117              	.LASF8:
 2118 00c3 6C6F6E67 		.ascii	"long int\000"
 2118      20696E74 
 2118      00
 2119              	.LASF99:
 2120 00cc 63684D73 		.ascii	"chMsgSend\000"
 2120      6753656E 
 2120      6400
ARM GAS  /var/folders/l5/0x54b2c10074c8bt31ycjvl80000gp/T//cc1mJOMo.s 			page 39


 2121              	.LASF18:
 2122 00d6 74737461 		.ascii	"tstate_t\000"
 2122      74655F74 
 2122      00
 2123              	.LASF14:
 2124 00df 75696E74 		.ascii	"uint16_t\000"
 2124      31365F74 
 2124      00
 2125              	.LASF95:
 2126 00e8 63686465 		.ascii	"chdebug_t\000"
 2126      6275675F 
 2126      7400
 2127              	.LASF30:
 2128 00f2 705F6E65 		.ascii	"p_newer\000"
 2128      77657200 
 2129              	.LASF97:
 2130 00fa 5F69646C 		.ascii	"_idle_thread_wa\000"
 2130      655F7468 
 2130      72656164 
 2130      5F776100 
 2131              	.LASF9:
 2132 010a 5F5F7569 		.ascii	"__uint32_t\000"
 2132      6E743332 
 2132      5F7400
 2133              	.LASF47:
 2134 0115 72656761 		.ascii	"regarm_t\000"
 2134      726D5F74 
 2134      00
 2135              	.LASF53:
 2136 011e 76745F70 		.ascii	"vt_prev\000"
 2136      72657600 
 2137              	.LASF0:
 2138 0126 756E7369 		.ascii	"unsigned int\000"
 2138      676E6564 
 2138      20696E74 
 2138      00
 2139              	.LASF52:
 2140 0133 76745F6E 		.ascii	"vt_next\000"
 2140      65787400 
 2141              	.LASF10:
 2142 013b 6C6F6E67 		.ascii	"long unsigned int\000"
 2142      20756E73 
 2142      69676E65 
 2142      6420696E 
 2142      7400
 2143              	.LASF96:
 2144 014d 63685F64 		.ascii	"ch_debug\000"
 2144      65627567 
 2144      00
 2145              	.LASF50:
 2146 0156 76746675 		.ascii	"vtfunc_t\000"
 2146      6E635F74 
 2146      00
 2147              	.LASF77:
 2148 015f 63685F69 		.ascii	"ch_identifier\000"
 2148      64656E74 
 2148      69666965 
ARM GAS  /var/folders/l5/0x54b2c10074c8bt31ycjvl80000gp/T//cc1mJOMo.s 			page 40


 2148      7200
 2149              	.LASF49:
 2150 016d 636F6E74 		.ascii	"context\000"
 2150      65787400 
 2151              	.LASF6:
 2152 0175 73686F72 		.ascii	"short unsigned int\000"
 2152      7420756E 
 2152      7369676E 
 2152      65642069 
 2152      6E7400
 2153              	.LASF100:
 2154 0188 63685363 		.ascii	"chSchWakeupS\000"
 2154      6857616B 
 2154      65757053 
 2154      00
 2155              	.LASF80:
 2156 0195 63685F76 		.ascii	"ch_version\000"
 2156      65727369 
 2156      6F6E00
 2157              	.LASF22:
 2158 01a0 6D73675F 		.ascii	"msg_t\000"
 2158      7400
 2159              	.LASF62:
 2160 01a6 725F6E65 		.ascii	"r_newer\000"
 2160      77657200 
 2161              	.LASF103:
 2162 01ae 474E5520 		.ascii	"GNU C17 8.3.1 20190703 (release) [gcc-8-branch revi"
 2162      43313720 
 2162      382E332E 
 2162      31203230 
 2162      31393037 
 2163 01e1 73696F6E 		.ascii	"sion 273027] -mcpu=arm1176jz-s -mno-thumb-interwork"
 2163      20323733 
 2163      3032375D 
 2163      202D6D63 
 2163      70753D61 
 2164 0214 202D6D66 		.ascii	" -mfloat-abi=soft -marm -march=armv6kz -ggdb -O2 -f"
 2164      6C6F6174 
 2164      2D616269 
 2164      3D736F66 
 2164      74202D6D 
 2165 0247 6F6D6974 		.ascii	"omit-frame-pointer -ffunction-sections -fdata-secti"
 2165      2D667261 
 2165      6D652D70 
 2165      6F696E74 
 2165      6572202D 
 2166 027a 6F6E7300 		.ascii	"ons\000"
 2167              	.LASF17:
 2168 027e 746D6F64 		.ascii	"tmode_t\000"
 2168      655F7400 
 2169              	.LASF45:
 2170 0286 54687265 		.ascii	"ThreadsList\000"
 2170      6164734C 
 2170      69737400 
 2171              	.LASF23:
 2172 0292 6576656E 		.ascii	"eventmask_t\000"
 2172      746D6173 
ARM GAS  /var/folders/l5/0x54b2c10074c8bt31ycjvl80000gp/T//cc1mJOMo.s 			page 41


 2172      6B5F7400 
 2173              	.LASF68:
 2174 029e 4D757465 		.ascii	"Mutex\000"
 2174      7800
 2175              	.LASF46:
 2176 02a4 73746B61 		.ascii	"stkalign_t\000"
 2176      6C69676E 
 2176      5F7400
 2177              	.LASF78:
 2178 02af 63685F7A 		.ascii	"ch_zero\000"
 2178      65726F00 
 2179              	.LASF92:
 2180 02b7 63665F6F 		.ascii	"cf_off_refs\000"
 2180      66665F72 
 2180      65667300 
 2181              	.LASF54:
 2182 02c3 76745F74 		.ascii	"vt_time\000"
 2182      696D6500 
 2183              	.LASF55:
 2184 02cb 76745F66 		.ascii	"vt_func\000"
 2184      756E6300 
 2185              	.LASF82:
 2186 02d3 63685F74 		.ascii	"ch_timesize\000"
 2186      696D6573 
 2186      697A6500 
 2187              	.LASF88:
 2188 02df 63665F6F 		.ascii	"cf_off_name\000"
 2188      66665F6E 
 2188      616D6500 
 2189              	.LASF31:
 2190 02eb 705F6F6C 		.ascii	"p_older\000"
 2190      64657200 
 2191              	.LASF61:
 2192 02f3 725F6374 		.ascii	"r_ctx\000"
 2192      7800
 2193              	.LASF44:
 2194 02f9 54687265 		.ascii	"ThreadsQueue\000"
 2194      61647351 
 2194      75657565 
 2194      00
 2195              	.LASF105:
 2196 0306 2F557365 		.ascii	"/Users/fernandoguirado/eclipse-workspace/ChibiOS-RP"
 2196      72732F66 
 2196      65726E61 
 2196      6E646F67 
 2196      75697261 
 2197 0339 692D636F 		.ascii	"i-copia/demos/semaphores\000"
 2197      7069612F 
 2197      64656D6F 
 2197      732F7365 
 2197      6D617068 
 2198              	.LASF79:
 2199 0352 63685F73 		.ascii	"ch_size\000"
 2199      697A6500 
 2200              	.LASF64:
 2201 035a 725F6375 		.ascii	"r_current\000"
 2201      7272656E 
ARM GAS  /var/folders/l5/0x54b2c10074c8bt31ycjvl80000gp/T//cc1mJOMo.s 			page 42


 2201      7400
 2202              	.LASF63:
 2203 0364 725F6F6C 		.ascii	"r_older\000"
 2203      64657200 
 2204              	.LASF19:
 2205 036c 74726566 		.ascii	"trefs_t\000"
 2205      735F7400 
 2206              	.LASF81:
 2207 0374 63685F70 		.ascii	"ch_ptrsize\000"
 2207      74727369 
 2207      7A6500
 2208              	.LASF27:
 2209 037f 705F7072 		.ascii	"p_prev\000"
 2209      657600
 2210              	.LASF21:
 2211 0386 74707269 		.ascii	"tprio_t\000"
 2211      6F5F7400 
 2212              	.LASF15:
 2213 038e 696E7433 		.ascii	"int32_t\000"
 2213      325F7400 
 2214              	.LASF2:
 2215 0396 756E7369 		.ascii	"unsigned char\000"
 2215      676E6564 
 2215      20636861 
 2215      7200
 2216              	.LASF42:
 2217 03a4 705F6D74 		.ascii	"p_mtxlist\000"
 2217      786C6973 
 2217      7400
 2218              	.LASF3:
 2219 03ae 73686F72 		.ascii	"short int\000"
 2219      7420696E 
 2219      7400
 2220              	.LASF33:
 2221 03b8 705F7374 		.ascii	"p_state\000"
 2221      61746500 
 2222              	.LASF36:
 2223 03c0 705F7072 		.ascii	"p_preempt\000"
 2223      65656D70 
 2223      7400
 2224              	.LASF94:
 2225 03ca 63665F6F 		.ascii	"cf_off_time\000"
 2225      66665F74 
 2225      696D6500 
 2226              	.LASF60:
 2227 03d6 725F7072 		.ascii	"r_prio\000"
 2227      696F00
 2228              	.LASF75:
 2229 03dd 65776D61 		.ascii	"ewmask\000"
 2229      736B00
 2230              	.LASF26:
 2231 03e4 705F6E65 		.ascii	"p_next\000"
 2231      787400
 2232              	.LASF93:
 2233 03eb 63665F6F 		.ascii	"cf_off_preempt\000"
 2233      66665F70 
 2233      7265656D 
ARM GAS  /var/folders/l5/0x54b2c10074c8bt31ycjvl80000gp/T//cc1mJOMo.s 			page 43


 2233      707400
 2234              	.LASF34:
 2235 03fa 705F666C 		.ascii	"p_flags\000"
 2235      61677300 
 2236              	.LASF25:
 2237 0402 54687265 		.ascii	"Thread\000"
 2237      616400
 2238              	.LASF86:
 2239 0409 63665F6F 		.ascii	"cf_off_newer\000"
 2239      66665F6E 
 2239      65776572 
 2239      00
 2240              	.LASF101:
 2241 0416 63685363 		.ascii	"chSchGoSleepS\000"
 2241      68476F53 
 2241      6C656570 
 2241      5300
 2242              	.LASF41:
 2243 0424 705F6570 		.ascii	"p_epending\000"
 2243      656E6469 
 2243      6E6700
 2244              	.LASF16:
 2245 042f 75696E74 		.ascii	"uint32_t\000"
 2245      33325F74 
 2245      00
 2246              	.LASF84:
 2247 0438 63665F6F 		.ascii	"cf_off_prio\000"
 2247      66665F70 
 2247      72696F00 
 2248              	.LASF59:
 2249 0444 725F7175 		.ascii	"r_queue\000"
 2249      65756500 
 2250              	.LASF51:
 2251 044c 56697274 		.ascii	"VirtualTimer\000"
 2251      75616C54 
 2251      696D6572 
 2251      00
 2252              	.LASF76:
 2253 0459 63686172 		.ascii	"char\000"
 2253      00
 2254              	.LASF107:
 2255 045e 6669666F 		.ascii	"fifo_remove\000"
 2255      5F72656D 
 2255      6F766500 
 2256              	.LASF5:
 2257 046a 5F5F7569 		.ascii	"__uint16_t\000"
 2257      6E743136 
 2257      5F7400
 2258              	.LASF102:
 2259 0475 63685363 		.ascii	"chSchReadyI\000"
 2259      68526561 
 2259      64794900 
 2260              	.LASF71:
 2261 0481 6D5F6E65 		.ascii	"m_next\000"
 2261      787400
 2262              	.LASF24:
 2263 0488 73797374 		.ascii	"systime_t\000"
ARM GAS  /var/folders/l5/0x54b2c10074c8bt31ycjvl80000gp/T//cc1mJOMo.s 			page 44


 2263      696D655F 
 2263      7400
 2264              	.LASF43:
 2265 0492 705F7265 		.ascii	"p_realprio\000"
 2265      616C7072 
 2265      696F00
 2266              	.LASF7:
 2267 049d 5F5F696E 		.ascii	"__int32_t\000"
 2267      7433325F 
 2267      7400
 2268              	.LASF37:
 2269 04a7 705F7469 		.ascii	"p_time\000"
 2269      6D6500
 2270              	.LASF48:
 2271 04ae 696E7463 		.ascii	"intctx\000"
 2271      747800
 2272              	.LASF39:
 2273 04b5 705F6D73 		.ascii	"p_msgqueue\000"
 2273      67717565 
 2273      756500
 2274              	.LASF56:
 2275 04c0 76745F70 		.ascii	"vt_par\000"
 2275      617200
 2276              	.LASF106:
 2277 04c7 63684D73 		.ascii	"chMsgRelease\000"
 2277      6752656C 
 2277      65617365 
 2277      00
 2278              	.LASF85:
 2279 04d4 63665F6F 		.ascii	"cf_off_ctx\000"
 2279      66665F63 
 2279      747800
 2280              	.LASF35:
 2281 04df 705F7265 		.ascii	"p_refs\000"
 2281      667300
 2282              	.LASF65:
 2283 04e6 52656164 		.ascii	"ReadyList\000"
 2283      794C6973 
 2283      7400
 2284              	.LASF98:
 2285 04f0 63684D73 		.ascii	"chMsgWait\000"
 2285      67576169 
 2285      7400
 2286              	.LASF67:
 2287 04fa 726C6973 		.ascii	"rlist\000"
 2287      7400
 2288              	.LASF13:
 2289 0500 75696E74 		.ascii	"uint8_t\000"
 2289      385F7400 
 2290              	.LASF74:
 2291 0508 77746F62 		.ascii	"wtobjp\000"
 2291      6A7000
 2292              	.LASF32:
 2293 050f 705F6E61 		.ascii	"p_name\000"
 2293      6D6500
 2294              	.LASF57:
 2295 0516 76745F73 		.ascii	"vt_systime\000"
ARM GAS  /var/folders/l5/0x54b2c10074c8bt31ycjvl80000gp/T//cc1mJOMo.s 			page 45


 2295      79737469 
 2295      6D6500
 2296              	.LASF104:
 2297 0521 2E2E2F2E 		.ascii	"../../os/kernel/src/chmsg.c\000"
 2297      2E2F6F73 
 2297      2F6B6572 
 2297      6E656C2F 
 2297      7372632F 
 2298              	.LASF58:
 2299 053d 56544C69 		.ascii	"VTList\000"
 2299      737400
 2300              	.LASF70:
 2301 0544 6D5F6F77 		.ascii	"m_owner\000"
 2301      6E657200 
 2302              	.LASF29:
 2303 054c 705F6374 		.ascii	"p_ctx\000"
 2303      7800
 2304              	.LASF38:
 2305 0552 705F7761 		.ascii	"p_waiting\000"
 2305      6974696E 
 2305      6700
 2306              		.ident	"GCC: (GNU Tools for Arm Embedded Processors 8-2019-q3-update) 8.3.1 20190703 (release) [gc
ARM GAS  /var/folders/l5/0x54b2c10074c8bt31ycjvl80000gp/T//cc1mJOMo.s 			page 46


DEFINED SYMBOLS
                            *ABS*:0000000000000000 chmsg.c
/var/folders/l5/0x54b2c10074c8bt31ycjvl80000gp/T//cc1mJOMo.s:16     .text.chMsgSend:0000000000000000 $a
/var/folders/l5/0x54b2c10074c8bt31ycjvl80000gp/T//cc1mJOMo.s:23     .text.chMsgSend:0000000000000000 chMsgSend
/var/folders/l5/0x54b2c10074c8bt31ycjvl80000gp/T//cc1mJOMo.s:130    .text.chMsgSend:0000000000000058 $d
/var/folders/l5/0x54b2c10074c8bt31ycjvl80000gp/T//cc1mJOMo.s:135    .text.chMsgWait:0000000000000000 $a
/var/folders/l5/0x54b2c10074c8bt31ycjvl80000gp/T//cc1mJOMo.s:141    .text.chMsgWait:0000000000000000 chMsgWait
/var/folders/l5/0x54b2c10074c8bt31ycjvl80000gp/T//cc1mJOMo.s:226    .text.chMsgWait:0000000000000054 $d
/var/folders/l5/0x54b2c10074c8bt31ycjvl80000gp/T//cc1mJOMo.s:231    .text.chMsgRelease:0000000000000000 $a
/var/folders/l5/0x54b2c10074c8bt31ycjvl80000gp/T//cc1mJOMo.s:237    .text.chMsgRelease:0000000000000000 chMsgRelease

UNDEFINED SYMBOLS
chSchGoSleepS
chSchReadyI
rlist
chSchWakeupS
