ARM GAS  /tmp/ccrsN3aa.s 			page 1


   1              		.cpu arm1176jz-s
   2              		.eabi_attribute 20, 1
   3              		.eabi_attribute 21, 1
   4              		.eabi_attribute 23, 3
   5              		.eabi_attribute 24, 1
   6              		.eabi_attribute 25, 1
   7              		.eabi_attribute 26, 1
   8              		.eabi_attribute 30, 2
   9              		.eabi_attribute 34, 1
  10              		.eabi_attribute 18, 4
  11              		.file	"chcore.c"
  12              		.text
  13              	.Ltext0:
  14              		.cfi_sections	.debug_frame
  15              		.section	.text.port_halt,"ax",%progbits
  16              		.align	2
  17              		.weak	port_halt
  18              		.arch armv6kz
  19              		.syntax unified
  20              		.arm
  21              		.fpu softvfp
  22              		.type	port_halt, %function
  23              	port_halt:
  24              	.LFB7:
  25              		.file 1 "../../os/ports/GCC/ARM/chcore.c"
  26              		.loc 1 37 22 view -0
  27              		.cfi_startproc
  28              		@ args = 0, pretend = 0, frame = 0
  29              		@ frame_needed = 0, uses_anonymous_args = 0
  30              		@ link register save eliminated.
  31              		.loc 1 39 3 view .LVU1
  32              		.syntax divided
  33              	@ 39 "../../os/ports/GCC/ARM/chcore.c" 1
  34 0000 00300FE1 		mrs     r3, CPSR                       
  35 0004 803083E3 		orr     r3, #0x80                      
  36 0008 03F021E1 		msr     CPSR_c, r3                     
  37 000c 403083E3 		orr     r3, #0x40                      
  38 0010 03F021E1 		msr     CPSR_c, r3
  39              	@ 0 "" 2
  40              		.arm
  41              		.syntax unified
  42              	.L2:
  43              		.loc 1 39 17 discriminator 1 view .LVU2
  44              		.loc 1 40 3 discriminator 1 view .LVU3
  45              		.loc 1 41 3 discriminator 1 view .LVU4
  46              		.loc 1 40 9 discriminator 1 view .LVU5
  47              		.loc 1 39 17 discriminator 1 view .LVU6
  48              		.loc 1 40 3 discriminator 1 view .LVU7
  49              		.loc 1 41 3 discriminator 1 view .LVU8
  50              		.loc 1 40 9 discriminator 1 view .LVU9
  51 0014 FEFFFFEA 		b	.L2
  52              		.cfi_endproc
  53              	.LFE7:
  54              		.size	port_halt, .-port_halt
  55              		.text
  56              	.Letext0:
  57              		.file 2 "/usr/lib/gcc/arm-none-eabi/9.2.1/include/stdint.h"
ARM GAS  /tmp/ccrsN3aa.s 			page 2


  58              		.file 3 "../../os/ports/GCC/ARM/chtypes.h"
  59              		.file 4 "../../os/kernel/include/chlists.h"
  60              		.file 5 "../../os/kernel/include/chthreads.h"
  61              		.file 6 "../../os/ports/GCC/ARM/chcore.h"
  62              		.file 7 "../../os/kernel/include/chvt.h"
  63              		.file 8 "../../os/kernel/include/chschd.h"
  64              		.file 9 "../../os/kernel/include/chmtx.h"
  65              		.file 10 "../../os/kernel/include/chregistry.h"
  66              		.file 11 "../../os/kernel/include/ch.h"
  67              		.section	.debug_info,"",%progbits
  68              	.Ldebug_info0:
  69 0000 4A060000 		.4byte	0x64a
  70 0004 0400     		.2byte	0x4
  71 0006 00000000 		.4byte	.Ldebug_abbrev0
  72 000a 04       		.byte	0x4
  73 000b 01       		.uleb128 0x1
  74 000c 13000000 		.4byte	.LASF94
  75 0010 0C       		.byte	0xc
  76 0011 51020000 		.4byte	.LASF95
  77 0015 E7000000 		.4byte	.LASF96
  78 0019 00000000 		.4byte	.Ldebug_ranges0+0
  79 001d 00000000 		.4byte	0
  80 0021 00000000 		.4byte	.Ldebug_line0
  81 0025 02       		.uleb128 0x2
  82 0026 04       		.byte	0x4
  83 0027 05       		.byte	0x5
  84 0028 696E7400 		.ascii	"int\000"
  85 002c 03       		.uleb128 0x3
  86 002d 04       		.byte	0x4
  87 002e 07       		.byte	0x7
  88 002f 0B020000 		.4byte	.LASF0
  89 0033 03       		.uleb128 0x3
  90 0034 01       		.byte	0x1
  91 0035 06       		.byte	0x6
  92 0036 7A010000 		.4byte	.LASF1
  93 003a 03       		.uleb128 0x3
  94 003b 02       		.byte	0x2
  95 003c 05       		.byte	0x5
  96 003d 78030000 		.4byte	.LASF2
  97 0041 04       		.uleb128 0x4
  98 0042 58030000 		.4byte	.LASF5
  99 0046 02       		.byte	0x2
 100 0047 28       		.byte	0x28
 101 0048 18       		.byte	0x18
 102 0049 4D000000 		.4byte	0x4d
 103 004d 03       		.uleb128 0x3
 104 004e 04       		.byte	0x4
 105 004f 05       		.byte	0x5
 106 0050 B5010000 		.4byte	.LASF3
 107 0054 03       		.uleb128 0x3
 108 0055 08       		.byte	0x8
 109 0056 05       		.byte	0x5
 110 0057 6C010000 		.4byte	.LASF4
 111 005b 04       		.uleb128 0x4
 112 005c 81040000 		.4byte	.LASF6
 113 0060 02       		.byte	0x2
 114 0061 2E       		.byte	0x2e
ARM GAS  /tmp/ccrsN3aa.s 			page 3


 115 0062 18       		.byte	0x18
 116 0063 67000000 		.4byte	0x67
 117 0067 03       		.uleb128 0x3
 118 0068 01       		.byte	0x1
 119 0069 08       		.byte	0x8
 120 006a 60030000 		.4byte	.LASF7
 121 006e 04       		.uleb128 0x4
 122 006f C7010000 		.4byte	.LASF8
 123 0073 02       		.byte	0x2
 124 0074 31       		.byte	0x31
 125 0075 19       		.byte	0x19
 126 0076 7A000000 		.4byte	0x7a
 127 007a 03       		.uleb128 0x3
 128 007b 02       		.byte	0x2
 129 007c 07       		.byte	0x7
 130 007d 71020000 		.4byte	.LASF9
 131 0081 04       		.uleb128 0x4
 132 0082 EB030000 		.4byte	.LASF10
 133 0086 02       		.byte	0x2
 134 0087 34       		.byte	0x34
 135 0088 19       		.byte	0x19
 136 0089 8D000000 		.4byte	0x8d
 137 008d 03       		.uleb128 0x3
 138 008e 04       		.byte	0x4
 139 008f 07       		.byte	0x7
 140 0090 20020000 		.4byte	.LASF11
 141 0094 03       		.uleb128 0x3
 142 0095 08       		.byte	0x8
 143 0096 07       		.byte	0x7
 144 0097 2A010000 		.4byte	.LASF12
 145 009b 04       		.uleb128 0x4
 146 009c 8A020000 		.4byte	.LASF13
 147 00a0 03       		.byte	0x3
 148 00a1 2A       		.byte	0x2a
 149 00a2 19       		.byte	0x19
 150 00a3 5B000000 		.4byte	0x5b
 151 00a7 04       		.uleb128 0x4
 152 00a8 BE010000 		.4byte	.LASF14
 153 00ac 03       		.byte	0x3
 154 00ad 2B       		.byte	0x2b
 155 00ae 19       		.byte	0x19
 156 00af 5B000000 		.4byte	0x5b
 157 00b3 04       		.uleb128 0x4
 158 00b4 36030000 		.4byte	.LASF15
 159 00b8 03       		.byte	0x3
 160 00b9 2C       		.byte	0x2c
 161 00ba 19       		.byte	0x19
 162 00bb 5B000000 		.4byte	0x5b
 163 00bf 04       		.uleb128 0x4
 164 00c0 AB010000 		.4byte	.LASF16
 165 00c4 03       		.byte	0x3
 166 00c5 2D       		.byte	0x2d
 167 00c6 19       		.byte	0x19
 168 00c7 5B000000 		.4byte	0x5b
 169 00cb 04       		.uleb128 0x4
 170 00cc 50030000 		.4byte	.LASF17
 171 00d0 03       		.byte	0x3
ARM GAS  /tmp/ccrsN3aa.s 			page 4


 172 00d1 2E       		.byte	0x2e
 173 00d2 19       		.byte	0x19
 174 00d3 81000000 		.4byte	0x81
 175 00d7 04       		.uleb128 0x4
 176 00d8 84020000 		.4byte	.LASF18
 177 00dc 03       		.byte	0x3
 178 00dd 2F       		.byte	0x2f
 179 00de 19       		.byte	0x19
 180 00df 41000000 		.4byte	0x41
 181 00e3 04       		.uleb128 0x4
 182 00e4 9E020000 		.4byte	.LASF19
 183 00e8 03       		.byte	0x3
 184 00e9 31       		.byte	0x31
 185 00ea 19       		.byte	0x19
 186 00eb 81000000 		.4byte	0x81
 187 00ef 04       		.uleb128 0x4
 188 00f0 21040000 		.4byte	.LASF20
 189 00f4 03       		.byte	0x3
 190 00f5 33       		.byte	0x33
 191 00f6 19       		.byte	0x19
 192 00f7 81000000 		.4byte	0x81
 193 00fb 05       		.uleb128 0x5
 194 00fc EF000000 		.4byte	0xef
 195 0100 04       		.uleb128 0x4
 196 0101 CC030000 		.4byte	.LASF21
 197 0105 04       		.byte	0x4
 198 0106 23       		.byte	0x23
 199 0107 17       		.byte	0x17
 200 0108 0C010000 		.4byte	0x10c
 201 010c 06       		.uleb128 0x6
 202 010d CC030000 		.4byte	.LASF21
 203 0111 44       		.byte	0x44
 204 0112 05       		.byte	0x5
 205 0113 57       		.byte	0x57
 206 0114 08       		.byte	0x8
 207 0115 11020000 		.4byte	0x211
 208 0119 07       		.uleb128 0x7
 209 011a AE030000 		.4byte	.LASF22
 210 011e 05       		.byte	0x5
 211 011f 58       		.byte	0x58
 212 0120 1A       		.byte	0x1a
 213 0121 35020000 		.4byte	0x235
 214 0125 00       		.byte	0
 215 0126 07       		.uleb128 0x7
 216 0127 49030000 		.4byte	.LASF23
 217 012b 05       		.byte	0x5
 218 012c 5A       		.byte	0x5a
 219 012d 1A       		.byte	0x1a
 220 012e 35020000 		.4byte	0x235
 221 0132 04       		.byte	0x4
 222 0133 07       		.uleb128 0x7
 223 0134 58010000 		.4byte	.LASF24
 224 0138 05       		.byte	0x5
 225 0139 5C       		.byte	0x5c
 226 013a 19       		.byte	0x19
 227 013b CB000000 		.4byte	0xcb
 228 013f 08       		.byte	0x8
ARM GAS  /tmp/ccrsN3aa.s 			page 5


 229 0140 07       		.uleb128 0x7
 230 0141 BC040000 		.4byte	.LASF25
 231 0145 05       		.byte	0x5
 232 0146 5D       		.byte	0x5d
 233 0147 19       		.byte	0x19
 234 0148 00030000 		.4byte	0x300
 235 014c 0C       		.byte	0xc
 236 014d 07       		.uleb128 0x7
 237 014e DA010000 		.4byte	.LASF26
 238 0152 05       		.byte	0x5
 239 0153 5F       		.byte	0x5f
 240 0154 1A       		.byte	0x1a
 241 0155 35020000 		.4byte	0x235
 242 0159 10       		.byte	0x10
 243 015a 07       		.uleb128 0x7
 244 015b 01030000 		.4byte	.LASF27
 245 015f 05       		.byte	0x5
 246 0160 60       		.byte	0x60
 247 0161 1A       		.byte	0x1a
 248 0162 35020000 		.4byte	0x235
 249 0166 14       		.byte	0x14
 250 0167 07       		.uleb128 0x7
 251 0168 90040000 		.4byte	.LASF28
 252 016c 05       		.byte	0x5
 253 016d 67       		.byte	0x67
 254 016e 1A       		.byte	0x1a
 255 016f E6040000 		.4byte	0x4e6
 256 0173 18       		.byte	0x18
 257 0174 07       		.uleb128 0x7
 258 0175 82030000 		.4byte	.LASF29
 259 0179 05       		.byte	0x5
 260 017a 72       		.byte	0x72
 261 017b 19       		.byte	0x19
 262 017c A7000000 		.4byte	0xa7
 263 0180 1C       		.byte	0x1c
 264 0181 07       		.uleb128 0x7
 265 0182 C4030000 		.4byte	.LASF30
 266 0186 05       		.byte	0x5
 267 0187 76       		.byte	0x76
 268 0188 19       		.byte	0x19
 269 0189 9B000000 		.4byte	0x9b
 270 018d 1D       		.byte	0x1d
 271 018e 07       		.uleb128 0x7
 272 018f 6A040000 		.4byte	.LASF31
 273 0193 05       		.byte	0x5
 274 0194 7B       		.byte	0x7b
 275 0195 19       		.byte	0x19
 276 0196 B3000000 		.4byte	0xb3
 277 019a 1E       		.byte	0x1e
 278 019b 07       		.uleb128 0x7
 279 019c 8A030000 		.4byte	.LASF32
 280 01a0 05       		.byte	0x5
 281 01a1 81       		.byte	0x81
 282 01a2 19       		.byte	0x19
 283 01a3 BF000000 		.4byte	0xbf
 284 01a7 1F       		.byte	0x1f
 285 01a8 07       		.uleb128 0x7
ARM GAS  /tmp/ccrsN3aa.s 			page 6


 286 01a9 3F040000 		.4byte	.LASF33
 287 01ad 05       		.byte	0x5
 288 01ae 88       		.byte	0x88
 289 01af 19       		.byte	0x19
 290 01b0 FB000000 		.4byte	0xfb
 291 01b4 20       		.byte	0x20
 292 01b5 08       		.uleb128 0x8
 293 01b6 705F7500 		.ascii	"p_u\000"
 294 01ba 05       		.byte	0x5
 295 01bb AD       		.byte	0xad
 296 01bc 19       		.byte	0x19
 297 01bd AC040000 		.4byte	0x4ac
 298 01c1 24       		.byte	0x24
 299 01c2 07       		.uleb128 0x7
 300 01c3 C2040000 		.4byte	.LASF34
 301 01c7 05       		.byte	0x5
 302 01c8 B2       		.byte	0xb2
 303 01c9 19       		.byte	0x19
 304 01ca 5E020000 		.4byte	0x25e
 305 01ce 28       		.byte	0x28
 306 01cf 07       		.uleb128 0x7
 307 01d0 4D040000 		.4byte	.LASF35
 308 01d4 05       		.byte	0x5
 309 01d5 B8       		.byte	0xb8
 310 01d6 19       		.byte	0x19
 311 01d7 3B020000 		.4byte	0x23b
 312 01db 2C       		.byte	0x2c
 313 01dc 07       		.uleb128 0x7
 314 01dd 0D000000 		.4byte	.LASF36
 315 01e1 05       		.byte	0x5
 316 01e2 BC       		.byte	0xbc
 317 01e3 19       		.byte	0x19
 318 01e4 D7000000 		.4byte	0xd7
 319 01e8 34       		.byte	0x34
 320 01e9 07       		.uleb128 0x7
 321 01ea E0030000 		.4byte	.LASF37
 322 01ee 05       		.byte	0x5
 323 01ef C2       		.byte	0xc2
 324 01f0 19       		.byte	0x19
 325 01f1 E3000000 		.4byte	0xe3
 326 01f5 38       		.byte	0x38
 327 01f6 07       		.uleb128 0x7
 328 01f7 6E030000 		.4byte	.LASF38
 329 01fb 05       		.byte	0x5
 330 01fc C9       		.byte	0xc9
 331 01fd 1A       		.byte	0x1a
 332 01fe F8040000 		.4byte	0x4f8
 333 0202 3C       		.byte	0x3c
 334 0203 07       		.uleb128 0x7
 335 0204 2B040000 		.4byte	.LASF39
 336 0208 05       		.byte	0x5
 337 0209 CD       		.byte	0xcd
 338 020a 19       		.byte	0x19
 339 020b CB000000 		.4byte	0xcb
 340 020f 40       		.byte	0x40
 341 0210 00       		.byte	0
 342 0211 09       		.uleb128 0x9
ARM GAS  /tmp/ccrsN3aa.s 			page 7


 343 0212 08       		.byte	0x8
 344 0213 04       		.byte	0x4
 345 0214 5A       		.byte	0x5a
 346 0215 09       		.byte	0x9
 347 0216 35020000 		.4byte	0x235
 348 021a 07       		.uleb128 0x7
 349 021b AE030000 		.4byte	.LASF22
 350 021f 04       		.byte	0x4
 351 0220 5B       		.byte	0x5b
 352 0221 1A       		.byte	0x1a
 353 0222 35020000 		.4byte	0x235
 354 0226 00       		.byte	0
 355 0227 07       		.uleb128 0x7
 356 0228 49030000 		.4byte	.LASF23
 357 022c 04       		.byte	0x4
 358 022d 5D       		.byte	0x5d
 359 022e 1A       		.byte	0x1a
 360 022f 35020000 		.4byte	0x235
 361 0233 04       		.byte	0x4
 362 0234 00       		.byte	0
 363 0235 0A       		.uleb128 0xa
 364 0236 04       		.byte	0x4
 365 0237 00010000 		.4byte	0x100
 366 023b 04       		.uleb128 0x4
 367 023c 0F030000 		.4byte	.LASF40
 368 0240 04       		.byte	0x4
 369 0241 5F       		.byte	0x5f
 370 0242 03       		.byte	0x3
 371 0243 11020000 		.4byte	0x211
 372 0247 09       		.uleb128 0x9
 373 0248 04       		.byte	0x4
 374 0249 04       		.byte	0x4
 375 024a 64       		.byte	0x64
 376 024b 09       		.byte	0x9
 377 024c 5E020000 		.4byte	0x25e
 378 0250 07       		.uleb128 0x7
 379 0251 AE030000 		.4byte	.LASF22
 380 0255 04       		.byte	0x4
 381 0256 66       		.byte	0x66
 382 0257 16       		.byte	0x16
 383 0258 35020000 		.4byte	0x235
 384 025c 00       		.byte	0
 385 025d 00       		.byte	0
 386 025e 04       		.uleb128 0x4
 387 025f 92020000 		.4byte	.LASF41
 388 0263 04       		.byte	0x4
 389 0264 69       		.byte	0x69
 390 0265 03       		.byte	0x3
 391 0266 47020000 		.4byte	0x247
 392 026a 04       		.uleb128 0x4
 393 026b B0020000 		.4byte	.LASF42
 394 026f 06       		.byte	0x6
 395 0270 9D       		.byte	0x9d
 396 0271 12       		.byte	0x12
 397 0272 81000000 		.4byte	0x81
 398 0276 04       		.uleb128 0x4
 399 0277 FA010000 		.4byte	.LASF43
ARM GAS  /tmp/ccrsN3aa.s 			page 8


 400 027b 06       		.byte	0x6
 401 027c A2       		.byte	0xa2
 402 027d 0F       		.byte	0xf
 403 027e 82020000 		.4byte	0x282
 404 0282 0B       		.uleb128 0xb
 405 0283 04       		.byte	0x4
 406 0284 06       		.uleb128 0x6
 407 0285 46040000 		.4byte	.LASF44
 408 0289 24       		.byte	0x24
 409 028a 06       		.byte	0x6
 410 028b B9       		.byte	0xb9
 411 028c 08       		.byte	0x8
 412 028d 00030000 		.4byte	0x300
 413 0291 08       		.uleb128 0x8
 414 0292 723400   		.ascii	"r4\000"
 415 0295 06       		.byte	0x6
 416 0296 BA       		.byte	0xba
 417 0297 11       		.byte	0x11
 418 0298 76020000 		.4byte	0x276
 419 029c 00       		.byte	0
 420 029d 08       		.uleb128 0x8
 421 029e 723500   		.ascii	"r5\000"
 422 02a1 06       		.byte	0x6
 423 02a2 BB       		.byte	0xbb
 424 02a3 11       		.byte	0x11
 425 02a4 76020000 		.4byte	0x276
 426 02a8 04       		.byte	0x4
 427 02a9 08       		.uleb128 0x8
 428 02aa 723600   		.ascii	"r6\000"
 429 02ad 06       		.byte	0x6
 430 02ae BC       		.byte	0xbc
 431 02af 11       		.byte	0x11
 432 02b0 76020000 		.4byte	0x276
 433 02b4 08       		.byte	0x8
 434 02b5 08       		.uleb128 0x8
 435 02b6 723700   		.ascii	"r7\000"
 436 02b9 06       		.byte	0x6
 437 02ba BD       		.byte	0xbd
 438 02bb 11       		.byte	0x11
 439 02bc 76020000 		.4byte	0x276
 440 02c0 0C       		.byte	0xc
 441 02c1 08       		.uleb128 0x8
 442 02c2 723800   		.ascii	"r8\000"
 443 02c5 06       		.byte	0x6
 444 02c6 BE       		.byte	0xbe
 445 02c7 11       		.byte	0x11
 446 02c8 76020000 		.4byte	0x276
 447 02cc 10       		.byte	0x10
 448 02cd 08       		.uleb128 0x8
 449 02ce 723900   		.ascii	"r9\000"
 450 02d1 06       		.byte	0x6
 451 02d2 BF       		.byte	0xbf
 452 02d3 11       		.byte	0x11
 453 02d4 76020000 		.4byte	0x276
 454 02d8 14       		.byte	0x14
 455 02d9 08       		.uleb128 0x8
 456 02da 72313000 		.ascii	"r10\000"
ARM GAS  /tmp/ccrsN3aa.s 			page 9


 457 02de 06       		.byte	0x6
 458 02df C0       		.byte	0xc0
 459 02e0 11       		.byte	0x11
 460 02e1 76020000 		.4byte	0x276
 461 02e5 18       		.byte	0x18
 462 02e6 08       		.uleb128 0x8
 463 02e7 72313100 		.ascii	"r11\000"
 464 02eb 06       		.byte	0x6
 465 02ec C1       		.byte	0xc1
 466 02ed 11       		.byte	0x11
 467 02ee 76020000 		.4byte	0x276
 468 02f2 1C       		.byte	0x1c
 469 02f3 08       		.uleb128 0x8
 470 02f4 6C7200   		.ascii	"lr\000"
 471 02f7 06       		.byte	0x6
 472 02f8 C2       		.byte	0xc2
 473 02f9 11       		.byte	0x11
 474 02fa 76020000 		.4byte	0x276
 475 02fe 20       		.byte	0x20
 476 02ff 00       		.byte	0
 477 0300 06       		.uleb128 0x6
 478 0301 49020000 		.4byte	.LASF45
 479 0305 04       		.byte	0x4
 480 0306 06       		.byte	0x6
 481 0307 CA       		.byte	0xca
 482 0308 08       		.byte	0x8
 483 0309 1B030000 		.4byte	0x31b
 484 030d 08       		.uleb128 0x8
 485 030e 72313300 		.ascii	"r13\000"
 486 0312 06       		.byte	0x6
 487 0313 CB       		.byte	0xcb
 488 0314 12       		.byte	0x12
 489 0315 1B030000 		.4byte	0x31b
 490 0319 00       		.byte	0
 491 031a 00       		.byte	0
 492 031b 0A       		.uleb128 0xa
 493 031c 04       		.byte	0x4
 494 031d 84020000 		.4byte	0x284
 495 0321 04       		.uleb128 0x4
 496 0322 36040000 		.4byte	.LASF46
 497 0326 07       		.byte	0x7
 498 0327 4E       		.byte	0x4e
 499 0328 10       		.byte	0x10
 500 0329 2D030000 		.4byte	0x32d
 501 032d 0A       		.uleb128 0xa
 502 032e 04       		.byte	0x4
 503 032f 33030000 		.4byte	0x333
 504 0333 0C       		.uleb128 0xc
 505 0334 3E030000 		.4byte	0x33e
 506 0338 0D       		.uleb128 0xd
 507 0339 82020000 		.4byte	0x282
 508 033d 00       		.byte	0
 509 033e 04       		.uleb128 0x4
 510 033f 08040000 		.4byte	.LASF47
 511 0343 07       		.byte	0x7
 512 0344 53       		.byte	0x53
 513 0345 1D       		.byte	0x1d
ARM GAS  /tmp/ccrsN3aa.s 			page 10


 514 0346 4A030000 		.4byte	0x34a
 515 034a 06       		.uleb128 0x6
 516 034b 08040000 		.4byte	.LASF47
 517 034f 14       		.byte	0x14
 518 0350 07       		.byte	0x7
 519 0351 5A       		.byte	0x5a
 520 0352 08       		.byte	0x8
 521 0353 99030000 		.4byte	0x399
 522 0357 07       		.uleb128 0x7
 523 0358 18020000 		.4byte	.LASF48
 524 035c 07       		.byte	0x7
 525 035d 5B       		.byte	0x5b
 526 035e 1A       		.byte	0x1a
 527 035f 99030000 		.4byte	0x399
 528 0363 00       		.byte	0
 529 0364 07       		.uleb128 0x7
 530 0365 03020000 		.4byte	.LASF49
 531 0369 07       		.byte	0x7
 532 036a 5D       		.byte	0x5d
 533 036b 1A       		.byte	0x1a
 534 036c 99030000 		.4byte	0x399
 535 0370 04       		.byte	0x4
 536 0371 07       		.uleb128 0x7
 537 0372 CF020000 		.4byte	.LASF50
 538 0376 07       		.byte	0x7
 539 0377 5F       		.byte	0x5f
 540 0378 19       		.byte	0x19
 541 0379 EF000000 		.4byte	0xef
 542 037d 08       		.byte	0x8
 543 037e 07       		.uleb128 0x7
 544 037f E1020000 		.4byte	.LASF51
 545 0383 07       		.byte	0x7
 546 0384 60       		.byte	0x60
 547 0385 19       		.byte	0x19
 548 0386 21030000 		.4byte	0x321
 549 038a 0C       		.byte	0xc
 550 038b 07       		.uleb128 0x7
 551 038c 58040000 		.4byte	.LASF52
 552 0390 07       		.byte	0x7
 553 0391 62       		.byte	0x62
 554 0392 1A       		.byte	0x1a
 555 0393 82020000 		.4byte	0x282
 556 0397 10       		.byte	0x10
 557 0398 00       		.byte	0
 558 0399 0A       		.uleb128 0xa
 559 039a 04       		.byte	0x4
 560 039b 3E030000 		.4byte	0x33e
 561 039f 09       		.uleb128 0x9
 562 03a0 10       		.byte	0x10
 563 03a1 07       		.byte	0x7
 564 03a2 6C       		.byte	0x6c
 565 03a3 09       		.byte	0x9
 566 03a4 DD030000 		.4byte	0x3dd
 567 03a8 07       		.uleb128 0x7
 568 03a9 18020000 		.4byte	.LASF48
 569 03ad 07       		.byte	0x7
 570 03ae 6D       		.byte	0x6d
ARM GAS  /tmp/ccrsN3aa.s 			page 11


 571 03af 1A       		.byte	0x1a
 572 03b0 99030000 		.4byte	0x399
 573 03b4 00       		.byte	0
 574 03b5 07       		.uleb128 0x7
 575 03b6 03020000 		.4byte	.LASF49
 576 03ba 07       		.byte	0x7
 577 03bb 6F       		.byte	0x6f
 578 03bc 1A       		.byte	0x1a
 579 03bd 99030000 		.4byte	0x399
 580 03c1 04       		.byte	0x4
 581 03c2 07       		.uleb128 0x7
 582 03c3 CF020000 		.4byte	.LASF50
 583 03c7 07       		.byte	0x7
 584 03c8 71       		.byte	0x71
 585 03c9 19       		.byte	0x19
 586 03ca EF000000 		.4byte	0xef
 587 03ce 08       		.byte	0x8
 588 03cf 07       		.uleb128 0x7
 589 03d0 97040000 		.4byte	.LASF53
 590 03d4 07       		.byte	0x7
 591 03d5 72       		.byte	0x72
 592 03d6 19       		.byte	0x19
 593 03d7 FB000000 		.4byte	0xfb
 594 03db 0C       		.byte	0xc
 595 03dc 00       		.byte	0
 596 03dd 04       		.uleb128 0x4
 597 03de AD040000 		.4byte	.LASF54
 598 03e2 07       		.byte	0x7
 599 03e3 73       		.byte	0x73
 600 03e4 03       		.byte	0x3
 601 03e5 9F030000 		.4byte	0x39f
 602 03e9 0E       		.uleb128 0xe
 603 03ea 23010000 		.4byte	.LASF62
 604 03ee 07       		.byte	0x7
 605 03ef D1       		.byte	0xd1
 606 03f0 0F       		.byte	0xf
 607 03f1 DD030000 		.4byte	0x3dd
 608 03f5 09       		.uleb128 0x9
 609 03f6 1C       		.byte	0x1c
 610 03f7 08       		.byte	0x8
 611 03f8 57       		.byte	0x57
 612 03f9 09       		.byte	0x9
 613 03fa 4D040000 		.4byte	0x44d
 614 03fe 07       		.uleb128 0x7
 615 03ff 00040000 		.4byte	.LASF55
 616 0403 08       		.byte	0x8
 617 0404 58       		.byte	0x58
 618 0405 19       		.byte	0x19
 619 0406 3B020000 		.4byte	0x23b
 620 040a 00       		.byte	0
 621 040b 07       		.uleb128 0x7
 622 040c A0030000 		.4byte	.LASF56
 623 0410 08       		.byte	0x8
 624 0411 59       		.byte	0x59
 625 0412 19       		.byte	0x19
 626 0413 CB000000 		.4byte	0xcb
 627 0417 08       		.byte	0x8
ARM GAS  /tmp/ccrsN3aa.s 			page 12


 628 0418 07       		.uleb128 0x7
 629 0419 09030000 		.4byte	.LASF57
 630 041d 08       		.byte	0x8
 631 041e 5B       		.byte	0x5b
 632 041f 19       		.byte	0x19
 633 0420 00030000 		.4byte	0x300
 634 0424 0C       		.byte	0xc
 635 0425 07       		.uleb128 0x7
 636 0426 F2010000 		.4byte	.LASF58
 637 042a 08       		.byte	0x8
 638 042b 5E       		.byte	0x5e
 639 042c 1A       		.byte	0x1a
 640 042d 35020000 		.4byte	0x235
 641 0431 10       		.byte	0x10
 642 0432 07       		.uleb128 0x7
 643 0433 2E030000 		.4byte	.LASF59
 644 0437 08       		.byte	0x8
 645 0438 5F       		.byte	0x5f
 646 0439 1A       		.byte	0x1a
 647 043a 35020000 		.4byte	0x235
 648 043e 14       		.byte	0x14
 649 043f 07       		.uleb128 0x7
 650 0440 24030000 		.4byte	.LASF60
 651 0444 08       		.byte	0x8
 652 0445 62       		.byte	0x62
 653 0446 1A       		.byte	0x1a
 654 0447 35020000 		.4byte	0x235
 655 044b 18       		.byte	0x18
 656 044c 00       		.byte	0
 657 044d 04       		.uleb128 0x4
 658 044e 71040000 		.4byte	.LASF61
 659 0452 08       		.byte	0x8
 660 0453 64       		.byte	0x64
 661 0454 03       		.byte	0x3
 662 0455 F5030000 		.4byte	0x3f5
 663 0459 0E       		.uleb128 0xe
 664 045a 7B040000 		.4byte	.LASF63
 665 045e 08       		.byte	0x8
 666 045f 68       		.byte	0x68
 667 0460 12       		.byte	0x12
 668 0461 4D040000 		.4byte	0x44d
 669 0465 06       		.uleb128 0x6
 670 0466 AA020000 		.4byte	.LASF64
 671 046a 10       		.byte	0x10
 672 046b 09       		.byte	0x9
 673 046c 25       		.byte	0x25
 674 046d 10       		.byte	0x10
 675 046e 9A040000 		.4byte	0x49a
 676 0472 07       		.uleb128 0x7
 677 0473 A3010000 		.4byte	.LASF65
 678 0477 09       		.byte	0x9
 679 0478 26       		.byte	0x26
 680 0479 19       		.byte	0x19
 681 047a 3B020000 		.4byte	0x23b
 682 047e 00       		.byte	0
 683 047f 07       		.uleb128 0x7
 684 0480 B4040000 		.4byte	.LASF66
ARM GAS  /tmp/ccrsN3aa.s 			page 13


 685 0484 09       		.byte	0x9
 686 0485 28       		.byte	0x28
 687 0486 1A       		.byte	0x1a
 688 0487 35020000 		.4byte	0x235
 689 048b 08       		.byte	0x8
 690 048c 07       		.uleb128 0x7
 691 048d 1A040000 		.4byte	.LASF67
 692 0491 09       		.byte	0x9
 693 0492 2A       		.byte	0x2a
 694 0493 1A       		.byte	0x1a
 695 0494 9A040000 		.4byte	0x49a
 696 0498 0C       		.byte	0xc
 697 0499 00       		.byte	0
 698 049a 0A       		.uleb128 0xa
 699 049b 04       		.byte	0x4
 700 049c 65040000 		.4byte	0x465
 701 04a0 04       		.uleb128 0x4
 702 04a1 AA020000 		.4byte	.LASF64
 703 04a5 09       		.byte	0x9
 704 04a6 2C       		.byte	0x2c
 705 04a7 03       		.byte	0x3
 706 04a8 65040000 		.4byte	0x465
 707 04ac 0F       		.uleb128 0xf
 708 04ad 04       		.byte	0x4
 709 04ae 05       		.byte	0x5
 710 04af 8F       		.byte	0x8f
 711 04b0 03       		.byte	0x3
 712 04b1 E6040000 		.4byte	0x4e6
 713 04b5 10       		.uleb128 0x10
 714 04b6 1C010000 		.4byte	.LASF68
 715 04ba 05       		.byte	0x5
 716 04bb 96       		.byte	0x96
 717 04bc 19       		.byte	0x19
 718 04bd D7000000 		.4byte	0xd7
 719 04c1 10       		.uleb128 0x10
 720 04c2 4F010000 		.4byte	.LASF69
 721 04c6 05       		.byte	0x5
 722 04c7 9D       		.byte	0x9d
 723 04c8 19       		.byte	0x19
 724 04c9 D7000000 		.4byte	0xd7
 725 04cd 10       		.uleb128 0x10
 726 04ce 89040000 		.4byte	.LASF70
 727 04d2 05       		.byte	0x5
 728 04d3 A4       		.byte	0xa4
 729 04d4 1A       		.byte	0x1a
 730 04d5 82020000 		.4byte	0x282
 731 04d9 10       		.uleb128 0x10
 732 04da A7030000 		.4byte	.LASF71
 733 04de 05       		.byte	0x5
 734 04df AB       		.byte	0xab
 735 04e0 19       		.byte	0x19
 736 04e1 E3000000 		.4byte	0xe3
 737 04e5 00       		.byte	0
 738 04e6 0A       		.uleb128 0xa
 739 04e7 04       		.byte	0x4
 740 04e8 F3040000 		.4byte	0x4f3
 741 04ec 03       		.uleb128 0x3
ARM GAS  /tmp/ccrsN3aa.s 			page 14


 742 04ed 01       		.byte	0x1
 743 04ee 08       		.byte	0x8
 744 04ef 15040000 		.4byte	.LASF72
 745 04f3 11       		.uleb128 0x11
 746 04f4 EC040000 		.4byte	0x4ec
 747 04f8 0A       		.uleb128 0xa
 748 04f9 04       		.byte	0x4
 749 04fa A0040000 		.4byte	0x4a0
 750 04fe 09       		.uleb128 0x9
 751 04ff 16       		.byte	0x16
 752 0500 0A       		.byte	0xa
 753 0501 25       		.byte	0x25
 754 0502 09       		.byte	0x9
 755 0503 F2050000 		.4byte	0x5f2
 756 0507 07       		.uleb128 0x7
 757 0508 3B020000 		.4byte	.LASF73
 758 050c 0A       		.byte	0xa
 759 050d 26       		.byte	0x26
 760 050e 0D       		.byte	0xd
 761 050f F2050000 		.4byte	0x5f2
 762 0513 00       		.byte	0
 763 0514 07       		.uleb128 0x7
 764 0515 BB020000 		.4byte	.LASF74
 765 0519 0A       		.byte	0xa
 766 051a 27       		.byte	0x27
 767 051b 0D       		.byte	0xd
 768 051c 5B000000 		.4byte	0x5b
 769 0520 04       		.byte	0x4
 770 0521 07       		.uleb128 0x7
 771 0522 1C030000 		.4byte	.LASF75
 772 0526 0A       		.byte	0xa
 773 0527 28       		.byte	0x28
 774 0528 0D       		.byte	0xd
 775 0529 5B000000 		.4byte	0x5b
 776 052d 05       		.byte	0x5
 777 052e 07       		.uleb128 0x7
 778 052f A2040000 		.4byte	.LASF76
 779 0533 0A       		.byte	0xa
 780 0534 29       		.byte	0x29
 781 0535 0D       		.byte	0xd
 782 0536 6E000000 		.4byte	0x6e
 783 053a 06       		.byte	0x6
 784 053b 07       		.uleb128 0x7
 785 053c 3E030000 		.4byte	.LASF77
 786 0540 0A       		.byte	0xa
 787 0541 2A       		.byte	0x2a
 788 0542 0D       		.byte	0xd
 789 0543 5B000000 		.4byte	0x5b
 790 0547 08       		.byte	0x8
 791 0548 07       		.uleb128 0x7
 792 0549 E9020000 		.4byte	.LASF78
 793 054d 0A       		.byte	0xa
 794 054e 2B       		.byte	0x2b
 795 054f 0D       		.byte	0xd
 796 0550 5B000000 		.4byte	0x5b
 797 0554 09       		.byte	0x9
 798 0555 07       		.uleb128 0x7
ARM GAS  /tmp/ccrsN3aa.s 			page 15


 799 0556 41010000 		.4byte	.LASF79
 800 055a 0A       		.byte	0xa
 801 055b 2C       		.byte	0x2c
 802 055c 0D       		.byte	0xd
 803 055d 5B000000 		.4byte	0x5b
 804 0561 0A       		.byte	0xa
 805 0562 07       		.uleb128 0x7
 806 0563 F4030000 		.4byte	.LASF80
 807 0567 0A       		.byte	0xa
 808 0568 2D       		.byte	0x2d
 809 0569 0D       		.byte	0xd
 810 056a 5B000000 		.4byte	0x5b
 811 056e 0B       		.byte	0xb
 812 056f 07       		.uleb128 0x7
 813 0570 5F040000 		.4byte	.LASF81
 814 0574 0A       		.byte	0xa
 815 0575 2E       		.byte	0x2e
 816 0576 0D       		.byte	0xd
 817 0577 5B000000 		.4byte	0x5b
 818 057b 0C       		.byte	0xc
 819 057c 07       		.uleb128 0x7
 820 057d D3030000 		.4byte	.LASF82
 821 0581 0A       		.byte	0xa
 822 0582 2F       		.byte	0x2f
 823 0583 0D       		.byte	0xd
 824 0584 5B000000 		.4byte	0x5b
 825 0588 0D       		.byte	0xd
 826 0589 07       		.uleb128 0x7
 827 058a 00000000 		.4byte	.LASF83
 828 058e 0A       		.byte	0xa
 829 058f 30       		.byte	0x30
 830 0590 0D       		.byte	0xd
 831 0591 5B000000 		.4byte	0x5b
 832 0595 0E       		.byte	0xe
 833 0596 07       		.uleb128 0x7
 834 0597 F5020000 		.4byte	.LASF84
 835 059b 0A       		.byte	0xa
 836 059c 31       		.byte	0x31
 837 059d 0D       		.byte	0xd
 838 059e 5B000000 		.4byte	0x5b
 839 05a2 0F       		.byte	0xf
 840 05a3 07       		.uleb128 0x7
 841 05a4 86010000 		.4byte	.LASF85
 842 05a8 0A       		.byte	0xa
 843 05a9 32       		.byte	0x32
 844 05aa 0D       		.byte	0xd
 845 05ab 5B000000 		.4byte	0x5b
 846 05af 10       		.byte	0x10
 847 05b0 07       		.uleb128 0x7
 848 05b1 5F010000 		.4byte	.LASF86
 849 05b5 0A       		.byte	0xa
 850 05b6 34       		.byte	0x34
 851 05b7 0D       		.byte	0xd
 852 05b8 5B000000 		.4byte	0x5b
 853 05bc 11       		.byte	0x11
 854 05bd 07       		.uleb128 0x7
 855 05be 96010000 		.4byte	.LASF87
ARM GAS  /tmp/ccrsN3aa.s 			page 16


 856 05c2 0A       		.byte	0xa
 857 05c3 35       		.byte	0x35
 858 05c4 0D       		.byte	0xd
 859 05c5 5B000000 		.4byte	0x5b
 860 05c9 12       		.byte	0x12
 861 05ca 07       		.uleb128 0x7
 862 05cb C3020000 		.4byte	.LASF88
 863 05cf 0A       		.byte	0xa
 864 05d0 36       		.byte	0x36
 865 05d1 0D       		.byte	0xd
 866 05d2 5B000000 		.4byte	0x5b
 867 05d6 13       		.byte	0x13
 868 05d7 07       		.uleb128 0x7
 869 05d8 B5030000 		.4byte	.LASF89
 870 05dc 0A       		.byte	0xa
 871 05dd 37       		.byte	0x37
 872 05de 0D       		.byte	0xd
 873 05df 5B000000 		.4byte	0x5b
 874 05e3 14       		.byte	0x14
 875 05e4 07       		.uleb128 0x7
 876 05e5 94030000 		.4byte	.LASF90
 877 05e9 0A       		.byte	0xa
 878 05ea 39       		.byte	0x39
 879 05eb 0D       		.byte	0xd
 880 05ec 5B000000 		.4byte	0x5b
 881 05f0 15       		.byte	0x15
 882 05f1 00       		.byte	0
 883 05f2 12       		.uleb128 0x12
 884 05f3 EC040000 		.4byte	0x4ec
 885 05f7 02060000 		.4byte	0x602
 886 05fb 13       		.uleb128 0x13
 887 05fc 2C000000 		.4byte	0x2c
 888 0600 03       		.byte	0x3
 889 0601 00       		.byte	0
 890 0602 04       		.uleb128 0x4
 891 0603 D0010000 		.4byte	.LASF91
 892 0607 0A       		.byte	0xa
 893 0608 3A       		.byte	0x3a
 894 0609 03       		.byte	0x3
 895 060a FE040000 		.4byte	0x4fe
 896 060e 11       		.uleb128 0x11
 897 060f 02060000 		.4byte	0x602
 898 0613 0E       		.uleb128 0xe
 899 0614 32020000 		.4byte	.LASF92
 900 0618 0A       		.byte	0xa
 901 0619 77       		.byte	0x77
 902 061a 1D       		.byte	0x1d
 903 061b 0E060000 		.4byte	0x60e
 904 061f 12       		.uleb128 0x12
 905 0620 6A020000 		.4byte	0x26a
 906 0624 2F060000 		.4byte	0x62f
 907 0628 13       		.uleb128 0x13
 908 0629 2C000000 		.4byte	0x2c
 909 062d 26       		.byte	0x26
 910 062e 00       		.byte	0
 911 062f 0E       		.uleb128 0xe
 912 0630 E2010000 		.4byte	.LASF93
ARM GAS  /tmp/ccrsN3aa.s 			page 17


 913 0634 0B       		.byte	0xb
 914 0635 82       		.byte	0x82
 915 0636 08       		.byte	0x8
 916 0637 1F060000 		.4byte	0x61f
 917 063b 14       		.uleb128 0x14
 918 063c D7020000 		.4byte	.LASF97
 919 0640 01       		.byte	0x1
 920 0641 25       		.byte	0x25
 921 0642 06       		.byte	0x6
 922 0643 00000000 		.4byte	.LFB7
 923 0647 18000000 		.4byte	.LFE7-.LFB7
 924 064b 01       		.uleb128 0x1
 925 064c 9C       		.byte	0x9c
 926 064d 00       		.byte	0
 927              		.section	.debug_abbrev,"",%progbits
 928              	.Ldebug_abbrev0:
 929 0000 01       		.uleb128 0x1
 930 0001 11       		.uleb128 0x11
 931 0002 01       		.byte	0x1
 932 0003 25       		.uleb128 0x25
 933 0004 0E       		.uleb128 0xe
 934 0005 13       		.uleb128 0x13
 935 0006 0B       		.uleb128 0xb
 936 0007 03       		.uleb128 0x3
 937 0008 0E       		.uleb128 0xe
 938 0009 1B       		.uleb128 0x1b
 939 000a 0E       		.uleb128 0xe
 940 000b 55       		.uleb128 0x55
 941 000c 17       		.uleb128 0x17
 942 000d 11       		.uleb128 0x11
 943 000e 01       		.uleb128 0x1
 944 000f 10       		.uleb128 0x10
 945 0010 17       		.uleb128 0x17
 946 0011 00       		.byte	0
 947 0012 00       		.byte	0
 948 0013 02       		.uleb128 0x2
 949 0014 24       		.uleb128 0x24
 950 0015 00       		.byte	0
 951 0016 0B       		.uleb128 0xb
 952 0017 0B       		.uleb128 0xb
 953 0018 3E       		.uleb128 0x3e
 954 0019 0B       		.uleb128 0xb
 955 001a 03       		.uleb128 0x3
 956 001b 08       		.uleb128 0x8
 957 001c 00       		.byte	0
 958 001d 00       		.byte	0
 959 001e 03       		.uleb128 0x3
 960 001f 24       		.uleb128 0x24
 961 0020 00       		.byte	0
 962 0021 0B       		.uleb128 0xb
 963 0022 0B       		.uleb128 0xb
 964 0023 3E       		.uleb128 0x3e
 965 0024 0B       		.uleb128 0xb
 966 0025 03       		.uleb128 0x3
 967 0026 0E       		.uleb128 0xe
 968 0027 00       		.byte	0
 969 0028 00       		.byte	0
ARM GAS  /tmp/ccrsN3aa.s 			page 18


 970 0029 04       		.uleb128 0x4
 971 002a 16       		.uleb128 0x16
 972 002b 00       		.byte	0
 973 002c 03       		.uleb128 0x3
 974 002d 0E       		.uleb128 0xe
 975 002e 3A       		.uleb128 0x3a
 976 002f 0B       		.uleb128 0xb
 977 0030 3B       		.uleb128 0x3b
 978 0031 0B       		.uleb128 0xb
 979 0032 39       		.uleb128 0x39
 980 0033 0B       		.uleb128 0xb
 981 0034 49       		.uleb128 0x49
 982 0035 13       		.uleb128 0x13
 983 0036 00       		.byte	0
 984 0037 00       		.byte	0
 985 0038 05       		.uleb128 0x5
 986 0039 35       		.uleb128 0x35
 987 003a 00       		.byte	0
 988 003b 49       		.uleb128 0x49
 989 003c 13       		.uleb128 0x13
 990 003d 00       		.byte	0
 991 003e 00       		.byte	0
 992 003f 06       		.uleb128 0x6
 993 0040 13       		.uleb128 0x13
 994 0041 01       		.byte	0x1
 995 0042 03       		.uleb128 0x3
 996 0043 0E       		.uleb128 0xe
 997 0044 0B       		.uleb128 0xb
 998 0045 0B       		.uleb128 0xb
 999 0046 3A       		.uleb128 0x3a
 1000 0047 0B       		.uleb128 0xb
 1001 0048 3B       		.uleb128 0x3b
 1002 0049 0B       		.uleb128 0xb
 1003 004a 39       		.uleb128 0x39
 1004 004b 0B       		.uleb128 0xb
 1005 004c 01       		.uleb128 0x1
 1006 004d 13       		.uleb128 0x13
 1007 004e 00       		.byte	0
 1008 004f 00       		.byte	0
 1009 0050 07       		.uleb128 0x7
 1010 0051 0D       		.uleb128 0xd
 1011 0052 00       		.byte	0
 1012 0053 03       		.uleb128 0x3
 1013 0054 0E       		.uleb128 0xe
 1014 0055 3A       		.uleb128 0x3a
 1015 0056 0B       		.uleb128 0xb
 1016 0057 3B       		.uleb128 0x3b
 1017 0058 0B       		.uleb128 0xb
 1018 0059 39       		.uleb128 0x39
 1019 005a 0B       		.uleb128 0xb
 1020 005b 49       		.uleb128 0x49
 1021 005c 13       		.uleb128 0x13
 1022 005d 38       		.uleb128 0x38
 1023 005e 0B       		.uleb128 0xb
 1024 005f 00       		.byte	0
 1025 0060 00       		.byte	0
 1026 0061 08       		.uleb128 0x8
ARM GAS  /tmp/ccrsN3aa.s 			page 19


 1027 0062 0D       		.uleb128 0xd
 1028 0063 00       		.byte	0
 1029 0064 03       		.uleb128 0x3
 1030 0065 08       		.uleb128 0x8
 1031 0066 3A       		.uleb128 0x3a
 1032 0067 0B       		.uleb128 0xb
 1033 0068 3B       		.uleb128 0x3b
 1034 0069 0B       		.uleb128 0xb
 1035 006a 39       		.uleb128 0x39
 1036 006b 0B       		.uleb128 0xb
 1037 006c 49       		.uleb128 0x49
 1038 006d 13       		.uleb128 0x13
 1039 006e 38       		.uleb128 0x38
 1040 006f 0B       		.uleb128 0xb
 1041 0070 00       		.byte	0
 1042 0071 00       		.byte	0
 1043 0072 09       		.uleb128 0x9
 1044 0073 13       		.uleb128 0x13
 1045 0074 01       		.byte	0x1
 1046 0075 0B       		.uleb128 0xb
 1047 0076 0B       		.uleb128 0xb
 1048 0077 3A       		.uleb128 0x3a
 1049 0078 0B       		.uleb128 0xb
 1050 0079 3B       		.uleb128 0x3b
 1051 007a 0B       		.uleb128 0xb
 1052 007b 39       		.uleb128 0x39
 1053 007c 0B       		.uleb128 0xb
 1054 007d 01       		.uleb128 0x1
 1055 007e 13       		.uleb128 0x13
 1056 007f 00       		.byte	0
 1057 0080 00       		.byte	0
 1058 0081 0A       		.uleb128 0xa
 1059 0082 0F       		.uleb128 0xf
 1060 0083 00       		.byte	0
 1061 0084 0B       		.uleb128 0xb
 1062 0085 0B       		.uleb128 0xb
 1063 0086 49       		.uleb128 0x49
 1064 0087 13       		.uleb128 0x13
 1065 0088 00       		.byte	0
 1066 0089 00       		.byte	0
 1067 008a 0B       		.uleb128 0xb
 1068 008b 0F       		.uleb128 0xf
 1069 008c 00       		.byte	0
 1070 008d 0B       		.uleb128 0xb
 1071 008e 0B       		.uleb128 0xb
 1072 008f 00       		.byte	0
 1073 0090 00       		.byte	0
 1074 0091 0C       		.uleb128 0xc
 1075 0092 15       		.uleb128 0x15
 1076 0093 01       		.byte	0x1
 1077 0094 27       		.uleb128 0x27
 1078 0095 19       		.uleb128 0x19
 1079 0096 01       		.uleb128 0x1
 1080 0097 13       		.uleb128 0x13
 1081 0098 00       		.byte	0
 1082 0099 00       		.byte	0
 1083 009a 0D       		.uleb128 0xd
ARM GAS  /tmp/ccrsN3aa.s 			page 20


 1084 009b 05       		.uleb128 0x5
 1085 009c 00       		.byte	0
 1086 009d 49       		.uleb128 0x49
 1087 009e 13       		.uleb128 0x13
 1088 009f 00       		.byte	0
 1089 00a0 00       		.byte	0
 1090 00a1 0E       		.uleb128 0xe
 1091 00a2 34       		.uleb128 0x34
 1092 00a3 00       		.byte	0
 1093 00a4 03       		.uleb128 0x3
 1094 00a5 0E       		.uleb128 0xe
 1095 00a6 3A       		.uleb128 0x3a
 1096 00a7 0B       		.uleb128 0xb
 1097 00a8 3B       		.uleb128 0x3b
 1098 00a9 0B       		.uleb128 0xb
 1099 00aa 39       		.uleb128 0x39
 1100 00ab 0B       		.uleb128 0xb
 1101 00ac 49       		.uleb128 0x49
 1102 00ad 13       		.uleb128 0x13
 1103 00ae 3F       		.uleb128 0x3f
 1104 00af 19       		.uleb128 0x19
 1105 00b0 3C       		.uleb128 0x3c
 1106 00b1 19       		.uleb128 0x19
 1107 00b2 00       		.byte	0
 1108 00b3 00       		.byte	0
 1109 00b4 0F       		.uleb128 0xf
 1110 00b5 17       		.uleb128 0x17
 1111 00b6 01       		.byte	0x1
 1112 00b7 0B       		.uleb128 0xb
 1113 00b8 0B       		.uleb128 0xb
 1114 00b9 3A       		.uleb128 0x3a
 1115 00ba 0B       		.uleb128 0xb
 1116 00bb 3B       		.uleb128 0x3b
 1117 00bc 0B       		.uleb128 0xb
 1118 00bd 39       		.uleb128 0x39
 1119 00be 0B       		.uleb128 0xb
 1120 00bf 01       		.uleb128 0x1
 1121 00c0 13       		.uleb128 0x13
 1122 00c1 00       		.byte	0
 1123 00c2 00       		.byte	0
 1124 00c3 10       		.uleb128 0x10
 1125 00c4 0D       		.uleb128 0xd
 1126 00c5 00       		.byte	0
 1127 00c6 03       		.uleb128 0x3
 1128 00c7 0E       		.uleb128 0xe
 1129 00c8 3A       		.uleb128 0x3a
 1130 00c9 0B       		.uleb128 0xb
 1131 00ca 3B       		.uleb128 0x3b
 1132 00cb 0B       		.uleb128 0xb
 1133 00cc 39       		.uleb128 0x39
 1134 00cd 0B       		.uleb128 0xb
 1135 00ce 49       		.uleb128 0x49
 1136 00cf 13       		.uleb128 0x13
 1137 00d0 00       		.byte	0
 1138 00d1 00       		.byte	0
 1139 00d2 11       		.uleb128 0x11
 1140 00d3 26       		.uleb128 0x26
ARM GAS  /tmp/ccrsN3aa.s 			page 21


 1141 00d4 00       		.byte	0
 1142 00d5 49       		.uleb128 0x49
 1143 00d6 13       		.uleb128 0x13
 1144 00d7 00       		.byte	0
 1145 00d8 00       		.byte	0
 1146 00d9 12       		.uleb128 0x12
 1147 00da 01       		.uleb128 0x1
 1148 00db 01       		.byte	0x1
 1149 00dc 49       		.uleb128 0x49
 1150 00dd 13       		.uleb128 0x13
 1151 00de 01       		.uleb128 0x1
 1152 00df 13       		.uleb128 0x13
 1153 00e0 00       		.byte	0
 1154 00e1 00       		.byte	0
 1155 00e2 13       		.uleb128 0x13
 1156 00e3 21       		.uleb128 0x21
 1157 00e4 00       		.byte	0
 1158 00e5 49       		.uleb128 0x49
 1159 00e6 13       		.uleb128 0x13
 1160 00e7 2F       		.uleb128 0x2f
 1161 00e8 0B       		.uleb128 0xb
 1162 00e9 00       		.byte	0
 1163 00ea 00       		.byte	0
 1164 00eb 14       		.uleb128 0x14
 1165 00ec 2E       		.uleb128 0x2e
 1166 00ed 00       		.byte	0
 1167 00ee 3F       		.uleb128 0x3f
 1168 00ef 19       		.uleb128 0x19
 1169 00f0 03       		.uleb128 0x3
 1170 00f1 0E       		.uleb128 0xe
 1171 00f2 3A       		.uleb128 0x3a
 1172 00f3 0B       		.uleb128 0xb
 1173 00f4 3B       		.uleb128 0x3b
 1174 00f5 0B       		.uleb128 0xb
 1175 00f6 39       		.uleb128 0x39
 1176 00f7 0B       		.uleb128 0xb
 1177 00f8 27       		.uleb128 0x27
 1178 00f9 19       		.uleb128 0x19
 1179 00fa 11       		.uleb128 0x11
 1180 00fb 01       		.uleb128 0x1
 1181 00fc 12       		.uleb128 0x12
 1182 00fd 06       		.uleb128 0x6
 1183 00fe 40       		.uleb128 0x40
 1184 00ff 18       		.uleb128 0x18
 1185 0100 9742     		.uleb128 0x2117
 1186 0102 19       		.uleb128 0x19
 1187 0103 00       		.byte	0
 1188 0104 00       		.byte	0
 1189 0105 00       		.byte	0
 1190              		.section	.debug_aranges,"",%progbits
 1191 0000 1C000000 		.4byte	0x1c
 1192 0004 0200     		.2byte	0x2
 1193 0006 00000000 		.4byte	.Ldebug_info0
 1194 000a 04       		.byte	0x4
 1195 000b 00       		.byte	0
 1196 000c 0000     		.2byte	0
 1197 000e 0000     		.2byte	0
ARM GAS  /tmp/ccrsN3aa.s 			page 22


 1198 0010 00000000 		.4byte	.LFB7
 1199 0014 18000000 		.4byte	.LFE7-.LFB7
 1200 0018 00000000 		.4byte	0
 1201 001c 00000000 		.4byte	0
 1202              		.section	.debug_ranges,"",%progbits
 1203              	.Ldebug_ranges0:
 1204 0000 00000000 		.4byte	.LFB7
 1205 0004 18000000 		.4byte	.LFE7
 1206 0008 00000000 		.4byte	0
 1207 000c 00000000 		.4byte	0
 1208              		.section	.debug_line,"",%progbits
 1209              	.Ldebug_line0:
 1210 0000 3F010000 		.section	.debug_str,"MS",%progbits,1
 1210      0300F100 
 1210      00000201 
 1210      FB0E0D00 
 1210      01010101 
 1211              	.LASF83:
 1212 0000 63665F6F 		.ascii	"cf_off_older\000"
 1212      66665F6F 
 1212      6C646572 
 1212      00
 1213              	.LASF36:
 1214 000d 705F6D73 		.ascii	"p_msg\000"
 1214      6700
 1215              	.LASF94:
 1216 0013 474E5520 		.ascii	"GNU C17 9.2.1 20191025 (release) [ARM/arm-9-branch "
 1216      43313720 
 1216      392E322E 
 1216      31203230 
 1216      31393130 
 1217 0046 72657669 		.ascii	"revision 277599] -mcpu=arm1176jz-s -mno-thumb-inter"
 1217      73696F6E 
 1217      20323737 
 1217      3539395D 
 1217      202D6D63 
 1218 0079 776F726B 		.ascii	"work -mfloat-abi=soft -marm -march=armv6kz -ggdb -O"
 1218      202D6D66 
 1218      6C6F6174 
 1218      2D616269 
 1218      3D736F66 
 1219 00ac 32202D66 		.ascii	"2 -fomit-frame-pointer -ffunction-sections -fdata-s"
 1219      6F6D6974 
 1219      2D667261 
 1219      6D652D70 
 1219      6F696E74 
 1220 00df 65637469 		.ascii	"ections\000"
 1220      6F6E7300 
 1221              	.LASF96:
 1222 00e7 2F686F6D 		.ascii	"/home/oriol/uni/master/arduino/ChibiOS-RPi/demos/le"
 1222      652F6F72 
 1222      696F6C2F 
 1222      756E692F 
 1222      6D617374 
 1223 011a 6400     		.ascii	"d\000"
 1224              	.LASF68:
 1225 011c 7264796D 		.ascii	"rdymsg\000"
ARM GAS  /tmp/ccrsN3aa.s 			page 23


 1225      736700
 1226              	.LASF62:
 1227 0123 76746C69 		.ascii	"vtlist\000"
 1227      737400
 1228              	.LASF12:
 1229 012a 6C6F6E67 		.ascii	"long long unsigned int\000"
 1229      206C6F6E 
 1229      6720756E 
 1229      7369676E 
 1229      65642069 
 1230              	.LASF79:
 1231 0141 63685F74 		.ascii	"ch_threadsize\000"
 1231      68726561 
 1231      6473697A 
 1231      6500
 1232              	.LASF69:
 1233 014f 65786974 		.ascii	"exitcode\000"
 1233      636F6465 
 1233      00
 1234              	.LASF24:
 1235 0158 705F7072 		.ascii	"p_prio\000"
 1235      696F00
 1236              	.LASF86:
 1237 015f 63665F6F 		.ascii	"cf_off_state\000"
 1237      66665F73 
 1237      74617465 
 1237      00
 1238              	.LASF4:
 1239 016c 6C6F6E67 		.ascii	"long long int\000"
 1239      206C6F6E 
 1239      6720696E 
 1239      7400
 1240              	.LASF1:
 1241 017a 7369676E 		.ascii	"signed char\000"
 1241      65642063 
 1241      68617200 
 1242              	.LASF85:
 1243 0186 63665F6F 		.ascii	"cf_off_stklimit\000"
 1243      66665F73 
 1243      746B6C69 
 1243      6D697400 
 1244              	.LASF87:
 1245 0196 63665F6F 		.ascii	"cf_off_flags\000"
 1245      66665F66 
 1245      6C616773 
 1245      00
 1246              	.LASF65:
 1247 01a3 6D5F7175 		.ascii	"m_queue\000"
 1247      65756500 
 1248              	.LASF16:
 1249 01ab 74736C69 		.ascii	"tslices_t\000"
 1249      6365735F 
 1249      7400
 1250              	.LASF3:
 1251 01b5 6C6F6E67 		.ascii	"long int\000"
 1251      20696E74 
 1251      00
ARM GAS  /tmp/ccrsN3aa.s 			page 24


 1252              	.LASF14:
 1253 01be 74737461 		.ascii	"tstate_t\000"
 1253      74655F74 
 1253      00
 1254              	.LASF8:
 1255 01c7 75696E74 		.ascii	"uint16_t\000"
 1255      31365F74 
 1255      00
 1256              	.LASF91:
 1257 01d0 63686465 		.ascii	"chdebug_t\000"
 1257      6275675F 
 1257      7400
 1258              	.LASF26:
 1259 01da 705F6E65 		.ascii	"p_newer\000"
 1259      77657200 
 1260              	.LASF93:
 1261 01e2 5F69646C 		.ascii	"_idle_thread_wa\000"
 1261      655F7468 
 1261      72656164 
 1261      5F776100 
 1262              	.LASF58:
 1263 01f2 725F6E65 		.ascii	"r_newer\000"
 1263      77657200 
 1264              	.LASF43:
 1265 01fa 72656761 		.ascii	"regarm_t\000"
 1265      726D5F74 
 1265      00
 1266              	.LASF49:
 1267 0203 76745F70 		.ascii	"vt_prev\000"
 1267      72657600 
 1268              	.LASF0:
 1269 020b 756E7369 		.ascii	"unsigned int\000"
 1269      676E6564 
 1269      20696E74 
 1269      00
 1270              	.LASF48:
 1271 0218 76745F6E 		.ascii	"vt_next\000"
 1271      65787400 
 1272              	.LASF11:
 1273 0220 6C6F6E67 		.ascii	"long unsigned int\000"
 1273      20756E73 
 1273      69676E65 
 1273      6420696E 
 1273      7400
 1274              	.LASF92:
 1275 0232 63685F64 		.ascii	"ch_debug\000"
 1275      65627567 
 1275      00
 1276              	.LASF73:
 1277 023b 63685F69 		.ascii	"ch_identifier\000"
 1277      64656E74 
 1277      69666965 
 1277      7200
 1278              	.LASF45:
 1279 0249 636F6E74 		.ascii	"context\000"
 1279      65787400 
 1280              	.LASF95:
ARM GAS  /tmp/ccrsN3aa.s 			page 25


 1281 0251 2E2E2F2E 		.ascii	"../../os/ports/GCC/ARM/chcore.c\000"
 1281      2E2F6F73 
 1281      2F706F72 
 1281      74732F47 
 1281      43432F41 
 1282              	.LASF9:
 1283 0271 73686F72 		.ascii	"short unsigned int\000"
 1283      7420756E 
 1283      7369676E 
 1283      65642069 
 1283      6E7400
 1284              	.LASF18:
 1285 0284 6D73675F 		.ascii	"msg_t\000"
 1285      7400
 1286              	.LASF13:
 1287 028a 746D6F64 		.ascii	"tmode_t\000"
 1287      655F7400 
 1288              	.LASF41:
 1289 0292 54687265 		.ascii	"ThreadsList\000"
 1289      6164734C 
 1289      69737400 
 1290              	.LASF19:
 1291 029e 6576656E 		.ascii	"eventmask_t\000"
 1291      746D6173 
 1291      6B5F7400 
 1292              	.LASF64:
 1293 02aa 4D757465 		.ascii	"Mutex\000"
 1293      7800
 1294              	.LASF42:
 1295 02b0 73746B61 		.ascii	"stkalign_t\000"
 1295      6C69676E 
 1295      5F7400
 1296              	.LASF74:
 1297 02bb 63685F7A 		.ascii	"ch_zero\000"
 1297      65726F00 
 1298              	.LASF88:
 1299 02c3 63665F6F 		.ascii	"cf_off_refs\000"
 1299      66665F72 
 1299      65667300 
 1300              	.LASF50:
 1301 02cf 76745F74 		.ascii	"vt_time\000"
 1301      696D6500 
 1302              	.LASF97:
 1303 02d7 706F7274 		.ascii	"port_halt\000"
 1303      5F68616C 
 1303      7400
 1304              	.LASF51:
 1305 02e1 76745F66 		.ascii	"vt_func\000"
 1305      756E6300 
 1306              	.LASF78:
 1307 02e9 63685F74 		.ascii	"ch_timesize\000"
 1307      696D6573 
 1307      697A6500 
 1308              	.LASF84:
 1309 02f5 63665F6F 		.ascii	"cf_off_name\000"
 1309      66665F6E 
 1309      616D6500 
ARM GAS  /tmp/ccrsN3aa.s 			page 26


 1310              	.LASF27:
 1311 0301 705F6F6C 		.ascii	"p_older\000"
 1311      64657200 
 1312              	.LASF57:
 1313 0309 725F6374 		.ascii	"r_ctx\000"
 1313      7800
 1314              	.LASF40:
 1315 030f 54687265 		.ascii	"ThreadsQueue\000"
 1315      61647351 
 1315      75657565 
 1315      00
 1316              	.LASF75:
 1317 031c 63685F73 		.ascii	"ch_size\000"
 1317      697A6500 
 1318              	.LASF60:
 1319 0324 725F6375 		.ascii	"r_current\000"
 1319      7272656E 
 1319      7400
 1320              	.LASF59:
 1321 032e 725F6F6C 		.ascii	"r_older\000"
 1321      64657200 
 1322              	.LASF15:
 1323 0336 74726566 		.ascii	"trefs_t\000"
 1323      735F7400 
 1324              	.LASF77:
 1325 033e 63685F70 		.ascii	"ch_ptrsize\000"
 1325      74727369 
 1325      7A6500
 1326              	.LASF23:
 1327 0349 705F7072 		.ascii	"p_prev\000"
 1327      657600
 1328              	.LASF17:
 1329 0350 74707269 		.ascii	"tprio_t\000"
 1329      6F5F7400 
 1330              	.LASF5:
 1331 0358 696E7433 		.ascii	"int32_t\000"
 1331      325F7400 
 1332              	.LASF7:
 1333 0360 756E7369 		.ascii	"unsigned char\000"
 1333      676E6564 
 1333      20636861 
 1333      7200
 1334              	.LASF38:
 1335 036e 705F6D74 		.ascii	"p_mtxlist\000"
 1335      786C6973 
 1335      7400
 1336              	.LASF2:
 1337 0378 73686F72 		.ascii	"short int\000"
 1337      7420696E 
 1337      7400
 1338              	.LASF29:
 1339 0382 705F7374 		.ascii	"p_state\000"
 1339      61746500 
 1340              	.LASF32:
 1341 038a 705F7072 		.ascii	"p_preempt\000"
 1341      65656D70 
 1341      7400
ARM GAS  /tmp/ccrsN3aa.s 			page 27


 1342              	.LASF90:
 1343 0394 63665F6F 		.ascii	"cf_off_time\000"
 1343      66665F74 
 1343      696D6500 
 1344              	.LASF56:
 1345 03a0 725F7072 		.ascii	"r_prio\000"
 1345      696F00
 1346              	.LASF71:
 1347 03a7 65776D61 		.ascii	"ewmask\000"
 1347      736B00
 1348              	.LASF22:
 1349 03ae 705F6E65 		.ascii	"p_next\000"
 1349      787400
 1350              	.LASF89:
 1351 03b5 63665F6F 		.ascii	"cf_off_preempt\000"
 1351      66665F70 
 1351      7265656D 
 1351      707400
 1352              	.LASF30:
 1353 03c4 705F666C 		.ascii	"p_flags\000"
 1353      61677300 
 1354              	.LASF21:
 1355 03cc 54687265 		.ascii	"Thread\000"
 1355      616400
 1356              	.LASF82:
 1357 03d3 63665F6F 		.ascii	"cf_off_newer\000"
 1357      66665F6E 
 1357      65776572 
 1357      00
 1358              	.LASF37:
 1359 03e0 705F6570 		.ascii	"p_epending\000"
 1359      656E6469 
 1359      6E6700
 1360              	.LASF10:
 1361 03eb 75696E74 		.ascii	"uint32_t\000"
 1361      33325F74 
 1361      00
 1362              	.LASF80:
 1363 03f4 63665F6F 		.ascii	"cf_off_prio\000"
 1363      66665F70 
 1363      72696F00 
 1364              	.LASF55:
 1365 0400 725F7175 		.ascii	"r_queue\000"
 1365      65756500 
 1366              	.LASF47:
 1367 0408 56697274 		.ascii	"VirtualTimer\000"
 1367      75616C54 
 1367      696D6572 
 1367      00
 1368              	.LASF72:
 1369 0415 63686172 		.ascii	"char\000"
 1369      00
 1370              	.LASF67:
 1371 041a 6D5F6E65 		.ascii	"m_next\000"
 1371      787400
 1372              	.LASF20:
 1373 0421 73797374 		.ascii	"systime_t\000"
ARM GAS  /tmp/ccrsN3aa.s 			page 28


 1373      696D655F 
 1373      7400
 1374              	.LASF39:
 1375 042b 705F7265 		.ascii	"p_realprio\000"
 1375      616C7072 
 1375      696F00
 1376              	.LASF46:
 1377 0436 76746675 		.ascii	"vtfunc_t\000"
 1377      6E635F74 
 1377      00
 1378              	.LASF33:
 1379 043f 705F7469 		.ascii	"p_time\000"
 1379      6D6500
 1380              	.LASF44:
 1381 0446 696E7463 		.ascii	"intctx\000"
 1381      747800
 1382              	.LASF35:
 1383 044d 705F6D73 		.ascii	"p_msgqueue\000"
 1383      67717565 
 1383      756500
 1384              	.LASF52:
 1385 0458 76745F70 		.ascii	"vt_par\000"
 1385      617200
 1386              	.LASF81:
 1387 045f 63665F6F 		.ascii	"cf_off_ctx\000"
 1387      66665F63 
 1387      747800
 1388              	.LASF31:
 1389 046a 705F7265 		.ascii	"p_refs\000"
 1389      667300
 1390              	.LASF61:
 1391 0471 52656164 		.ascii	"ReadyList\000"
 1391      794C6973 
 1391      7400
 1392              	.LASF63:
 1393 047b 726C6973 		.ascii	"rlist\000"
 1393      7400
 1394              	.LASF6:
 1395 0481 75696E74 		.ascii	"uint8_t\000"
 1395      385F7400 
 1396              	.LASF70:
 1397 0489 77746F62 		.ascii	"wtobjp\000"
 1397      6A7000
 1398              	.LASF28:
 1399 0490 705F6E61 		.ascii	"p_name\000"
 1399      6D6500
 1400              	.LASF53:
 1401 0497 76745F73 		.ascii	"vt_systime\000"
 1401      79737469 
 1401      6D6500
 1402              	.LASF76:
 1403 04a2 63685F76 		.ascii	"ch_version\000"
 1403      65727369 
 1403      6F6E00
 1404              	.LASF54:
 1405 04ad 56544C69 		.ascii	"VTList\000"
 1405      737400
ARM GAS  /tmp/ccrsN3aa.s 			page 29


 1406              	.LASF66:
 1407 04b4 6D5F6F77 		.ascii	"m_owner\000"
 1407      6E657200 
 1408              	.LASF25:
 1409 04bc 705F6374 		.ascii	"p_ctx\000"
 1409      7800
 1410              	.LASF34:
 1411 04c2 705F7761 		.ascii	"p_waiting\000"
 1411      6974696E 
 1411      6700
 1412              		.ident	"GCC: (15:9-2019-q4-0ubuntu2) 9.2.1 20191025 (release) [ARM/arm-9-branch revision 277599]"
ARM GAS  /tmp/ccrsN3aa.s 			page 30


DEFINED SYMBOLS
                            *ABS*:0000000000000000 chcore.c
     /tmp/ccrsN3aa.s:16     .text.port_halt:0000000000000000 $a
     /tmp/ccrsN3aa.s:23     .text.port_halt:0000000000000000 port_halt

NO UNDEFINED SYMBOLS
