ARM GAS  /var/folders/l5/0x54b2c10074c8bt31ycjvl80000gp/T//cczl47hR.s 			page 1


   1              		.cpu arm1176jz-s
   2              		.eabi_attribute 20, 1
   3              		.eabi_attribute 21, 1
   4              		.eabi_attribute 23, 3
   5              		.eabi_attribute 24, 1
   6              		.eabi_attribute 25, 1
   7              		.eabi_attribute 26, 1
   8              		.eabi_attribute 30, 2
   9              		.eabi_attribute 34, 1
  10              		.eabi_attribute 18, 4
  11              		.file	"chcore.c"
  12              		.text
  13              	.Ltext0:
  14              		.cfi_sections	.debug_frame
  15              		.section	.text.port_halt,"ax",%progbits
  16              		.align	2
  17              		.weak	port_halt
  18              		.arch armv6kz
  19              		.syntax unified
  20              		.arm
  21              		.fpu softvfp
  22              		.type	port_halt, %function
  23              	port_halt:
  24              	.LFB7:
  25              		.file 1 "../../os/ports/GCC/ARM/chcore.c"
  26              		.loc 1 37 22 view -0
  27              		.cfi_startproc
  28              		@ args = 0, pretend = 0, frame = 0
  29              		@ frame_needed = 0, uses_anonymous_args = 0
  30              		@ link register save eliminated.
  31              		.loc 1 39 3 view .LVU1
  32              		.syntax divided
  33              	@ 39 "../../os/ports/GCC/ARM/chcore.c" 1
  34 0000 00300FE1 		mrs     r3, CPSR                       
  35 0004 803083E3 		orr     r3, #0x80                      
  36 0008 03F021E1 		msr     CPSR_c, r3                     
  37 000c 403083E3 		orr     r3, #0x40                      
  38 0010 03F021E1 		msr     CPSR_c, r3
  39              	@ 0 "" 2
  40              		.arm
  41              		.syntax unified
  42              	.L2:
  43              		.loc 1 39 17 discriminator 1 view .LVU2
  44              		.loc 1 40 3 discriminator 1 view .LVU3
  45              		.loc 1 41 3 discriminator 1 view .LVU4
  46              		.loc 1 39 17 discriminator 1 view .LVU5
  47              		.loc 1 40 3 discriminator 1 view .LVU6
  48              		.loc 1 41 3 discriminator 1 view .LVU7
  49 0014 FEFFFFEA 		b	.L2
  50              		.cfi_endproc
  51              	.LFE7:
  52              		.size	port_halt, .-port_halt
  53              		.text
  54              	.Letext0:
  55              		.file 2 "/usr/local/Cellar/arm-gcc-bin/8-2019-q3-update/arm-none-eabi/include/machine/_default_typ
  56              		.file 3 "/usr/local/Cellar/arm-gcc-bin/8-2019-q3-update/arm-none-eabi/include/sys/_stdint.h"
  57              		.file 4 "../../os/ports/GCC/ARM/chtypes.h"
ARM GAS  /var/folders/l5/0x54b2c10074c8bt31ycjvl80000gp/T//cczl47hR.s 			page 2


  58              		.file 5 "../../os/kernel/include/chlists.h"
  59              		.file 6 "../../os/kernel/include/chthreads.h"
  60              		.file 7 "../../os/ports/GCC/ARM/chcore.h"
  61              		.file 8 "../../os/kernel/include/chvt.h"
  62              		.file 9 "../../os/kernel/include/chschd.h"
  63              		.file 10 "../../os/kernel/include/chmtx.h"
  64              		.file 11 "../../os/kernel/include/chregistry.h"
  65              		.file 12 "../../os/kernel/include/ch.h"
  66              		.section	.debug_info,"",%progbits
  67              	.Ldebug_info0:
  68 0000 7A060000 		.4byte	0x67a
  69 0004 0400     		.2byte	0x4
  70 0006 00000000 		.4byte	.Ldebug_abbrev0
  71 000a 04       		.byte	0x4
  72 000b 01       		.uleb128 0x1
  73 000c 9F010000 		.4byte	.LASF98
  74 0010 0C       		.byte	0xc
  75 0011 5E010000 		.4byte	.LASF99
  76 0015 01030000 		.4byte	.LASF100
  77 0019 00000000 		.4byte	.Ldebug_ranges0+0
  78 001d 00000000 		.4byte	0
  79 0021 00000000 		.4byte	.Ldebug_line0
  80 0025 02       		.uleb128 0x2
  81 0026 04       		.byte	0x4
  82 0027 05       		.byte	0x5
  83 0028 696E7400 		.ascii	"int\000"
  84 002c 03       		.uleb128 0x3
  85 002d 04       		.byte	0x4
  86 002e 07       		.byte	0x7
  87 002f 0F010000 		.4byte	.LASF0
  88 0033 03       		.uleb128 0x3
  89 0034 01       		.byte	0x1
  90 0035 06       		.byte	0x6
  91 0036 7B000000 		.4byte	.LASF1
  92 003a 04       		.uleb128 0x4
  93 003b 1A000000 		.4byte	.LASF4
  94 003f 02       		.byte	0x2
  95 0040 2B       		.byte	0x2b
  96 0041 18       		.byte	0x18
  97 0042 46000000 		.4byte	0x46
  98 0046 03       		.uleb128 0x3
  99 0047 01       		.byte	0x1
 100 0048 08       		.byte	0x8
 101 0049 87030000 		.4byte	.LASF2
 102 004d 03       		.uleb128 0x3
 103 004e 02       		.byte	0x2
 104 004f 05       		.byte	0x5
 105 0050 9F030000 		.4byte	.LASF3
 106 0054 04       		.uleb128 0x4
 107 0055 41040000 		.4byte	.LASF5
 108 0059 02       		.byte	0x2
 109 005a 39       		.byte	0x39
 110 005b 19       		.byte	0x19
 111 005c 60000000 		.4byte	0x60
 112 0060 03       		.uleb128 0x3
 113 0061 02       		.byte	0x2
 114 0062 07       		.byte	0x7
ARM GAS  /var/folders/l5/0x54b2c10074c8bt31ycjvl80000gp/T//cczl47hR.s 			page 3


 115 0063 7E010000 		.4byte	.LASF6
 116 0067 04       		.uleb128 0x4
 117 0068 68040000 		.4byte	.LASF7
 118 006c 02       		.byte	0x2
 119 006d 4D       		.byte	0x4d
 120 006e 18       		.byte	0x18
 121 006f 73000000 		.4byte	0x73
 122 0073 03       		.uleb128 0x3
 123 0074 04       		.byte	0x4
 124 0075 05       		.byte	0x5
 125 0076 B6000000 		.4byte	.LASF8
 126 007a 04       		.uleb128 0x4
 127 007b F3000000 		.4byte	.LASF9
 128 007f 02       		.byte	0x2
 129 0080 4F       		.byte	0x4f
 130 0081 19       		.byte	0x19
 131 0082 86000000 		.4byte	0x86
 132 0086 03       		.uleb128 0x3
 133 0087 04       		.byte	0x4
 134 0088 07       		.byte	0x7
 135 0089 24010000 		.4byte	.LASF10
 136 008d 03       		.uleb128 0x3
 137 008e 08       		.byte	0x8
 138 008f 05       		.byte	0x5
 139 0090 6D000000 		.4byte	.LASF11
 140 0094 03       		.uleb128 0x3
 141 0095 08       		.byte	0x8
 142 0096 07       		.byte	0x7
 143 0097 2B000000 		.4byte	.LASF12
 144 009b 04       		.uleb128 0x4
 145 009c B4040000 		.4byte	.LASF13
 146 00a0 03       		.byte	0x3
 147 00a1 18       		.byte	0x18
 148 00a2 13       		.byte	0x13
 149 00a3 3A000000 		.4byte	0x3a
 150 00a7 04       		.uleb128 0x4
 151 00a8 C8000000 		.4byte	.LASF14
 152 00ac 03       		.byte	0x3
 153 00ad 24       		.byte	0x24
 154 00ae 14       		.byte	0x14
 155 00af 54000000 		.4byte	0x54
 156 00b3 04       		.uleb128 0x4
 157 00b4 7F030000 		.4byte	.LASF15
 158 00b8 03       		.byte	0x3
 159 00b9 2C       		.byte	0x2c
 160 00ba 13       		.byte	0x13
 161 00bb 67000000 		.4byte	0x67
 162 00bf 04       		.uleb128 0x4
 163 00c0 12040000 		.4byte	.LASF16
 164 00c4 03       		.byte	0x3
 165 00c5 30       		.byte	0x30
 166 00c6 14       		.byte	0x14
 167 00c7 7A000000 		.4byte	0x7a
 168 00cb 04       		.uleb128 0x4
 169 00cc 6F020000 		.4byte	.LASF17
 170 00d0 04       		.byte	0x4
 171 00d1 2A       		.byte	0x2a
ARM GAS  /var/folders/l5/0x54b2c10074c8bt31ycjvl80000gp/T//cczl47hR.s 			page 4


 172 00d2 19       		.byte	0x19
 173 00d3 9B000000 		.4byte	0x9b
 174 00d7 04       		.uleb128 0x4
 175 00d8 BF000000 		.4byte	.LASF18
 176 00dc 04       		.byte	0x4
 177 00dd 2B       		.byte	0x2b
 178 00de 19       		.byte	0x19
 179 00df 9B000000 		.4byte	0x9b
 180 00e3 04       		.uleb128 0x4
 181 00e4 5D030000 		.4byte	.LASF19
 182 00e8 04       		.byte	0x4
 183 00e9 2C       		.byte	0x2c
 184 00ea 19       		.byte	0x19
 185 00eb 9B000000 		.4byte	0x9b
 186 00ef 04       		.uleb128 0x4
 187 00f0 AC000000 		.4byte	.LASF20
 188 00f4 04       		.byte	0x4
 189 00f5 2D       		.byte	0x2d
 190 00f6 19       		.byte	0x19
 191 00f7 9B000000 		.4byte	0x9b
 192 00fb 04       		.uleb128 0x4
 193 00fc 77030000 		.4byte	.LASF21
 194 0100 04       		.byte	0x4
 195 0101 2E       		.byte	0x2e
 196 0102 19       		.byte	0x19
 197 0103 BF000000 		.4byte	0xbf
 198 0107 04       		.uleb128 0x4
 199 0108 91010000 		.4byte	.LASF22
 200 010c 04       		.byte	0x4
 201 010d 2F       		.byte	0x2f
 202 010e 19       		.byte	0x19
 203 010f B3000000 		.4byte	0xb3
 204 0113 04       		.uleb128 0x4
 205 0114 83020000 		.4byte	.LASF23
 206 0118 04       		.byte	0x4
 207 0119 31       		.byte	0x31
 208 011a 19       		.byte	0x19
 209 011b BF000000 		.4byte	0xbf
 210 011f 04       		.uleb128 0x4
 211 0120 53040000 		.4byte	.LASF24
 212 0124 04       		.byte	0x4
 213 0125 33       		.byte	0x33
 214 0126 19       		.byte	0x19
 215 0127 BF000000 		.4byte	0xbf
 216 012b 05       		.uleb128 0x5
 217 012c 1F010000 		.4byte	0x11f
 218 0130 04       		.uleb128 0x4
 219 0131 F3030000 		.4byte	.LASF25
 220 0135 05       		.byte	0x5
 221 0136 23       		.byte	0x23
 222 0137 17       		.byte	0x17
 223 0138 3C010000 		.4byte	0x13c
 224 013c 06       		.uleb128 0x6
 225 013d F3030000 		.4byte	.LASF25
 226 0141 44       		.byte	0x44
 227 0142 06       		.byte	0x6
 228 0143 57       		.byte	0x57
ARM GAS  /var/folders/l5/0x54b2c10074c8bt31ycjvl80000gp/T//cczl47hR.s 			page 5


 229 0144 08       		.byte	0x8
 230 0145 41020000 		.4byte	0x241
 231 0149 07       		.uleb128 0x7
 232 014a D5030000 		.4byte	.LASF26
 233 014e 06       		.byte	0x6
 234 014f 58       		.byte	0x58
 235 0150 1A       		.byte	0x1a
 236 0151 65020000 		.4byte	0x265
 237 0155 00       		.byte	0
 238 0156 07       		.uleb128 0x7
 239 0157 70030000 		.4byte	.LASF27
 240 015b 06       		.byte	0x6
 241 015c 5A       		.byte	0x5a
 242 015d 1A       		.byte	0x1a
 243 015e 65020000 		.4byte	0x265
 244 0162 04       		.byte	0x4
 245 0163 07       		.uleb128 0x7
 246 0164 59000000 		.4byte	.LASF28
 247 0168 06       		.byte	0x6
 248 0169 5C       		.byte	0x5c
 249 016a 19       		.byte	0x19
 250 016b FB000000 		.4byte	0xfb
 251 016f 08       		.byte	0x8
 252 0170 07       		.uleb128 0x7
 253 0171 EF040000 		.4byte	.LASF29
 254 0175 06       		.byte	0x6
 255 0176 5D       		.byte	0x5d
 256 0177 19       		.byte	0x19
 257 0178 30030000 		.4byte	0x330
 258 017c 0C       		.byte	0xc
 259 017d 07       		.uleb128 0x7
 260 017e DB000000 		.4byte	.LASF30
 261 0182 06       		.byte	0x6
 262 0183 5F       		.byte	0x5f
 263 0184 1A       		.byte	0x1a
 264 0185 65020000 		.4byte	0x265
 265 0189 10       		.byte	0x10
 266 018a 07       		.uleb128 0x7
 267 018b E6020000 		.4byte	.LASF31
 268 018f 06       		.byte	0x6
 269 0190 60       		.byte	0x60
 270 0191 1A       		.byte	0x1a
 271 0192 65020000 		.4byte	0x265
 272 0196 14       		.byte	0x14
 273 0197 07       		.uleb128 0x7
 274 0198 C3040000 		.4byte	.LASF32
 275 019c 06       		.byte	0x6
 276 019d 67       		.byte	0x67
 277 019e 1A       		.byte	0x1a
 278 019f 16050000 		.4byte	0x516
 279 01a3 18       		.byte	0x18
 280 01a4 07       		.uleb128 0x7
 281 01a5 A9030000 		.4byte	.LASF33
 282 01a9 06       		.byte	0x6
 283 01aa 72       		.byte	0x72
 284 01ab 19       		.byte	0x19
 285 01ac D7000000 		.4byte	0xd7
ARM GAS  /var/folders/l5/0x54b2c10074c8bt31ycjvl80000gp/T//cczl47hR.s 			page 6


 286 01b0 1C       		.byte	0x1c
 287 01b1 07       		.uleb128 0x7
 288 01b2 EB030000 		.4byte	.LASF34
 289 01b6 06       		.byte	0x6
 290 01b7 76       		.byte	0x76
 291 01b8 19       		.byte	0x19
 292 01b9 CB000000 		.4byte	0xcb
 293 01bd 1D       		.byte	0x1d
 294 01be 07       		.uleb128 0x7
 295 01bf 9D040000 		.4byte	.LASF35
 296 01c3 06       		.byte	0x6
 297 01c4 7B       		.byte	0x7b
 298 01c5 19       		.byte	0x19
 299 01c6 E3000000 		.4byte	0xe3
 300 01ca 1E       		.byte	0x1e
 301 01cb 07       		.uleb128 0x7
 302 01cc B1030000 		.4byte	.LASF36
 303 01d0 06       		.byte	0x6
 304 01d1 81       		.byte	0x81
 305 01d2 19       		.byte	0x19
 306 01d3 EF000000 		.4byte	0xef
 307 01d7 1F       		.byte	0x1f
 308 01d8 07       		.uleb128 0x7
 309 01d9 72040000 		.4byte	.LASF37
 310 01dd 06       		.byte	0x6
 311 01de 88       		.byte	0x88
 312 01df 19       		.byte	0x19
 313 01e0 2B010000 		.4byte	0x12b
 314 01e4 20       		.byte	0x20
 315 01e5 08       		.uleb128 0x8
 316 01e6 705F7500 		.ascii	"p_u\000"
 317 01ea 06       		.byte	0x6
 318 01eb AD       		.byte	0xad
 319 01ec 19       		.byte	0x19
 320 01ed DC040000 		.4byte	0x4dc
 321 01f1 24       		.byte	0x24
 322 01f2 07       		.uleb128 0x7
 323 01f3 F5040000 		.4byte	.LASF38
 324 01f7 06       		.byte	0x6
 325 01f8 B2       		.byte	0xb2
 326 01f9 19       		.byte	0x19
 327 01fa 8E020000 		.4byte	0x28e
 328 01fe 28       		.byte	0x28
 329 01ff 07       		.uleb128 0x7
 330 0200 80040000 		.4byte	.LASF39
 331 0204 06       		.byte	0x6
 332 0205 B8       		.byte	0xb8
 333 0206 19       		.byte	0x19
 334 0207 6B020000 		.4byte	0x26b
 335 020b 2C       		.byte	0x2c
 336 020c 07       		.uleb128 0x7
 337 020d 0D000000 		.4byte	.LASF40
 338 0211 06       		.byte	0x6
 339 0212 BC       		.byte	0xbc
 340 0213 19       		.byte	0x19
 341 0214 07010000 		.4byte	0x107
 342 0218 34       		.byte	0x34
ARM GAS  /var/folders/l5/0x54b2c10074c8bt31ycjvl80000gp/T//cczl47hR.s 			page 7


 343 0219 07       		.uleb128 0x7
 344 021a 07040000 		.4byte	.LASF41
 345 021e 06       		.byte	0x6
 346 021f C2       		.byte	0xc2
 347 0220 19       		.byte	0x19
 348 0221 13010000 		.4byte	0x113
 349 0225 38       		.byte	0x38
 350 0226 07       		.uleb128 0x7
 351 0227 95030000 		.4byte	.LASF42
 352 022b 06       		.byte	0x6
 353 022c C9       		.byte	0xc9
 354 022d 1A       		.byte	0x1a
 355 022e 28050000 		.4byte	0x528
 356 0232 3C       		.byte	0x3c
 357 0233 07       		.uleb128 0x7
 358 0234 5D040000 		.4byte	.LASF43
 359 0238 06       		.byte	0x6
 360 0239 CD       		.byte	0xcd
 361 023a 19       		.byte	0x19
 362 023b FB000000 		.4byte	0xfb
 363 023f 40       		.byte	0x40
 364 0240 00       		.byte	0
 365 0241 09       		.uleb128 0x9
 366 0242 08       		.byte	0x8
 367 0243 05       		.byte	0x5
 368 0244 5A       		.byte	0x5a
 369 0245 09       		.byte	0x9
 370 0246 65020000 		.4byte	0x265
 371 024a 07       		.uleb128 0x7
 372 024b D5030000 		.4byte	.LASF26
 373 024f 05       		.byte	0x5
 374 0250 5B       		.byte	0x5b
 375 0251 1A       		.byte	0x1a
 376 0252 65020000 		.4byte	0x265
 377 0256 00       		.byte	0
 378 0257 07       		.uleb128 0x7
 379 0258 70030000 		.4byte	.LASF27
 380 025c 05       		.byte	0x5
 381 025d 5D       		.byte	0x5d
 382 025e 1A       		.byte	0x1a
 383 025f 65020000 		.4byte	0x265
 384 0263 04       		.byte	0x4
 385 0264 00       		.byte	0
 386 0265 0A       		.uleb128 0xa
 387 0266 04       		.byte	0x4
 388 0267 30010000 		.4byte	0x130
 389 026b 04       		.uleb128 0x4
 390 026c F4020000 		.4byte	.LASF44
 391 0270 05       		.byte	0x5
 392 0271 5F       		.byte	0x5f
 393 0272 03       		.byte	0x3
 394 0273 41020000 		.4byte	0x241
 395 0277 09       		.uleb128 0x9
 396 0278 04       		.byte	0x4
 397 0279 05       		.byte	0x5
 398 027a 64       		.byte	0x64
 399 027b 09       		.byte	0x9
ARM GAS  /var/folders/l5/0x54b2c10074c8bt31ycjvl80000gp/T//cczl47hR.s 			page 8


 400 027c 8E020000 		.4byte	0x28e
 401 0280 07       		.uleb128 0x7
 402 0281 D5030000 		.4byte	.LASF26
 403 0285 05       		.byte	0x5
 404 0286 66       		.byte	0x66
 405 0287 16       		.byte	0x16
 406 0288 65020000 		.4byte	0x265
 407 028c 00       		.byte	0
 408 028d 00       		.byte	0
 409 028e 04       		.uleb128 0x4
 410 028f 77020000 		.4byte	.LASF45
 411 0293 05       		.byte	0x5
 412 0294 69       		.byte	0x69
 413 0295 03       		.byte	0x3
 414 0296 77020000 		.4byte	0x277
 415 029a 04       		.uleb128 0x4
 416 029b 95020000 		.4byte	.LASF46
 417 029f 07       		.byte	0x7
 418 02a0 9D       		.byte	0x9d
 419 02a1 12       		.byte	0x12
 420 02a2 BF000000 		.4byte	0xbf
 421 02a6 04       		.uleb128 0x4
 422 02a7 FE000000 		.4byte	.LASF47
 423 02ab 07       		.byte	0x7
 424 02ac A2       		.byte	0xa2
 425 02ad 0F       		.byte	0xf
 426 02ae B2020000 		.4byte	0x2b2
 427 02b2 0B       		.uleb128 0xb
 428 02b3 04       		.byte	0x4
 429 02b4 06       		.uleb128 0x6
 430 02b5 79040000 		.4byte	.LASF48
 431 02b9 24       		.byte	0x24
 432 02ba 07       		.byte	0x7
 433 02bb B9       		.byte	0xb9
 434 02bc 08       		.byte	0x8
 435 02bd 30030000 		.4byte	0x330
 436 02c1 08       		.uleb128 0x8
 437 02c2 723400   		.ascii	"r4\000"
 438 02c5 07       		.byte	0x7
 439 02c6 BA       		.byte	0xba
 440 02c7 11       		.byte	0x11
 441 02c8 A6020000 		.4byte	0x2a6
 442 02cc 00       		.byte	0
 443 02cd 08       		.uleb128 0x8
 444 02ce 723500   		.ascii	"r5\000"
 445 02d1 07       		.byte	0x7
 446 02d2 BB       		.byte	0xbb
 447 02d3 11       		.byte	0x11
 448 02d4 A6020000 		.4byte	0x2a6
 449 02d8 04       		.byte	0x4
 450 02d9 08       		.uleb128 0x8
 451 02da 723600   		.ascii	"r6\000"
 452 02dd 07       		.byte	0x7
 453 02de BC       		.byte	0xbc
 454 02df 11       		.byte	0x11
 455 02e0 A6020000 		.4byte	0x2a6
 456 02e4 08       		.byte	0x8
ARM GAS  /var/folders/l5/0x54b2c10074c8bt31ycjvl80000gp/T//cczl47hR.s 			page 9


 457 02e5 08       		.uleb128 0x8
 458 02e6 723700   		.ascii	"r7\000"
 459 02e9 07       		.byte	0x7
 460 02ea BD       		.byte	0xbd
 461 02eb 11       		.byte	0x11
 462 02ec A6020000 		.4byte	0x2a6
 463 02f0 0C       		.byte	0xc
 464 02f1 08       		.uleb128 0x8
 465 02f2 723800   		.ascii	"r8\000"
 466 02f5 07       		.byte	0x7
 467 02f6 BE       		.byte	0xbe
 468 02f7 11       		.byte	0x11
 469 02f8 A6020000 		.4byte	0x2a6
 470 02fc 10       		.byte	0x10
 471 02fd 08       		.uleb128 0x8
 472 02fe 723900   		.ascii	"r9\000"
 473 0301 07       		.byte	0x7
 474 0302 BF       		.byte	0xbf
 475 0303 11       		.byte	0x11
 476 0304 A6020000 		.4byte	0x2a6
 477 0308 14       		.byte	0x14
 478 0309 08       		.uleb128 0x8
 479 030a 72313000 		.ascii	"r10\000"
 480 030e 07       		.byte	0x7
 481 030f C0       		.byte	0xc0
 482 0310 11       		.byte	0x11
 483 0311 A6020000 		.4byte	0x2a6
 484 0315 18       		.byte	0x18
 485 0316 08       		.uleb128 0x8
 486 0317 72313100 		.ascii	"r11\000"
 487 031b 07       		.byte	0x7
 488 031c C1       		.byte	0xc1
 489 031d 11       		.byte	0x11
 490 031e A6020000 		.4byte	0x2a6
 491 0322 1C       		.byte	0x1c
 492 0323 08       		.uleb128 0x8
 493 0324 6C7200   		.ascii	"lr\000"
 494 0327 07       		.byte	0x7
 495 0328 C2       		.byte	0xc2
 496 0329 11       		.byte	0x11
 497 032a A6020000 		.4byte	0x2a6
 498 032e 20       		.byte	0x20
 499 032f 00       		.byte	0
 500 0330 06       		.uleb128 0x6
 501 0331 56010000 		.4byte	.LASF49
 502 0335 04       		.byte	0x4
 503 0336 07       		.byte	0x7
 504 0337 CA       		.byte	0xca
 505 0338 08       		.byte	0x8
 506 0339 4B030000 		.4byte	0x34b
 507 033d 08       		.uleb128 0x8
 508 033e 72313300 		.ascii	"r13\000"
 509 0342 07       		.byte	0x7
 510 0343 CB       		.byte	0xcb
 511 0344 12       		.byte	0x12
 512 0345 4B030000 		.4byte	0x34b
 513 0349 00       		.byte	0
ARM GAS  /var/folders/l5/0x54b2c10074c8bt31ycjvl80000gp/T//cczl47hR.s 			page 10


 514 034a 00       		.byte	0
 515 034b 0A       		.uleb128 0xa
 516 034c 04       		.byte	0x4
 517 034d B4020000 		.4byte	0x2b4
 518 0351 04       		.uleb128 0x4
 519 0352 3F010000 		.4byte	.LASF50
 520 0356 08       		.byte	0x8
 521 0357 4E       		.byte	0x4e
 522 0358 10       		.byte	0x10
 523 0359 5D030000 		.4byte	0x35d
 524 035d 0A       		.uleb128 0xa
 525 035e 04       		.byte	0x4
 526 035f 63030000 		.4byte	0x363
 527 0363 0C       		.uleb128 0xc
 528 0364 6E030000 		.4byte	0x36e
 529 0368 0D       		.uleb128 0xd
 530 0369 B2020000 		.4byte	0x2b2
 531 036d 00       		.byte	0
 532 036e 04       		.uleb128 0x4
 533 036f 2F040000 		.4byte	.LASF51
 534 0373 08       		.byte	0x8
 535 0374 53       		.byte	0x53
 536 0375 1D       		.byte	0x1d
 537 0376 7A030000 		.4byte	0x37a
 538 037a 06       		.uleb128 0x6
 539 037b 2F040000 		.4byte	.LASF51
 540 037f 14       		.byte	0x14
 541 0380 08       		.byte	0x8
 542 0381 5A       		.byte	0x5a
 543 0382 08       		.byte	0x8
 544 0383 C9030000 		.4byte	0x3c9
 545 0387 07       		.uleb128 0x7
 546 0388 1C010000 		.4byte	.LASF52
 547 038c 08       		.byte	0x8
 548 038d 5B       		.byte	0x5b
 549 038e 1A       		.byte	0x1a
 550 038f C9030000 		.4byte	0x3c9
 551 0393 00       		.byte	0
 552 0394 07       		.uleb128 0x7
 553 0395 07010000 		.4byte	.LASF53
 554 0399 08       		.byte	0x8
 555 039a 5D       		.byte	0x5d
 556 039b 1A       		.byte	0x1a
 557 039c C9030000 		.4byte	0x3c9
 558 03a0 04       		.byte	0x4
 559 03a1 07       		.uleb128 0x7
 560 03a2 B4020000 		.4byte	.LASF54
 561 03a6 08       		.byte	0x8
 562 03a7 5F       		.byte	0x5f
 563 03a8 19       		.byte	0x19
 564 03a9 1F010000 		.4byte	0x11f
 565 03ad 08       		.byte	0x8
 566 03ae 07       		.uleb128 0x7
 567 03af C6020000 		.4byte	.LASF55
 568 03b3 08       		.byte	0x8
 569 03b4 60       		.byte	0x60
 570 03b5 19       		.byte	0x19
ARM GAS  /var/folders/l5/0x54b2c10074c8bt31ycjvl80000gp/T//cczl47hR.s 			page 11


 571 03b6 51030000 		.4byte	0x351
 572 03ba 0C       		.byte	0xc
 573 03bb 07       		.uleb128 0x7
 574 03bc 8B040000 		.4byte	.LASF56
 575 03c0 08       		.byte	0x8
 576 03c1 62       		.byte	0x62
 577 03c2 1A       		.byte	0x1a
 578 03c3 B2020000 		.4byte	0x2b2
 579 03c7 10       		.byte	0x10
 580 03c8 00       		.byte	0
 581 03c9 0A       		.uleb128 0xa
 582 03ca 04       		.byte	0x4
 583 03cb 6E030000 		.4byte	0x36e
 584 03cf 09       		.uleb128 0x9
 585 03d0 10       		.byte	0x10
 586 03d1 08       		.byte	0x8
 587 03d2 6C       		.byte	0x6c
 588 03d3 09       		.byte	0x9
 589 03d4 0D040000 		.4byte	0x40d
 590 03d8 07       		.uleb128 0x7
 591 03d9 1C010000 		.4byte	.LASF52
 592 03dd 08       		.byte	0x8
 593 03de 6D       		.byte	0x6d
 594 03df 1A       		.byte	0x1a
 595 03e0 C9030000 		.4byte	0x3c9
 596 03e4 00       		.byte	0
 597 03e5 07       		.uleb128 0x7
 598 03e6 07010000 		.4byte	.LASF53
 599 03ea 08       		.byte	0x8
 600 03eb 6F       		.byte	0x6f
 601 03ec 1A       		.byte	0x1a
 602 03ed C9030000 		.4byte	0x3c9
 603 03f1 04       		.byte	0x4
 604 03f2 07       		.uleb128 0x7
 605 03f3 B4020000 		.4byte	.LASF54
 606 03f7 08       		.byte	0x8
 607 03f8 71       		.byte	0x71
 608 03f9 19       		.byte	0x19
 609 03fa 1F010000 		.4byte	0x11f
 610 03fe 08       		.byte	0x8
 611 03ff 07       		.uleb128 0x7
 612 0400 CA040000 		.4byte	.LASF57
 613 0404 08       		.byte	0x8
 614 0405 72       		.byte	0x72
 615 0406 19       		.byte	0x19
 616 0407 2B010000 		.4byte	0x12b
 617 040b 0C       		.byte	0xc
 618 040c 00       		.byte	0
 619 040d 04       		.uleb128 0x4
 620 040e E0040000 		.4byte	.LASF58
 621 0412 08       		.byte	0x8
 622 0413 73       		.byte	0x73
 623 0414 03       		.byte	0x3
 624 0415 CF030000 		.4byte	0x3cf
 625 0419 0E       		.uleb128 0xe
 626 041a 24000000 		.4byte	.LASF66
 627 041e 08       		.byte	0x8
ARM GAS  /var/folders/l5/0x54b2c10074c8bt31ycjvl80000gp/T//cczl47hR.s 			page 12


 628 041f D1       		.byte	0xd1
 629 0420 0F       		.byte	0xf
 630 0421 0D040000 		.4byte	0x40d
 631 0425 09       		.uleb128 0x9
 632 0426 1C       		.byte	0x1c
 633 0427 09       		.byte	0x9
 634 0428 57       		.byte	0x57
 635 0429 09       		.byte	0x9
 636 042a 7D040000 		.4byte	0x47d
 637 042e 07       		.uleb128 0x7
 638 042f 27040000 		.4byte	.LASF59
 639 0433 09       		.byte	0x9
 640 0434 58       		.byte	0x58
 641 0435 19       		.byte	0x19
 642 0436 6B020000 		.4byte	0x26b
 643 043a 00       		.byte	0
 644 043b 07       		.uleb128 0x7
 645 043c C7030000 		.4byte	.LASF60
 646 0440 09       		.byte	0x9
 647 0441 59       		.byte	0x59
 648 0442 19       		.byte	0x19
 649 0443 FB000000 		.4byte	0xfb
 650 0447 08       		.byte	0x8
 651 0448 07       		.uleb128 0x7
 652 0449 EE020000 		.4byte	.LASF61
 653 044d 09       		.byte	0x9
 654 044e 5B       		.byte	0x5b
 655 044f 19       		.byte	0x19
 656 0450 30030000 		.4byte	0x330
 657 0454 0C       		.byte	0xc
 658 0455 07       		.uleb128 0x7
 659 0456 97010000 		.4byte	.LASF62
 660 045a 09       		.byte	0x9
 661 045b 5E       		.byte	0x5e
 662 045c 1A       		.byte	0x1a
 663 045d 65020000 		.4byte	0x265
 664 0461 10       		.byte	0x10
 665 0462 07       		.uleb128 0x7
 666 0463 55030000 		.4byte	.LASF63
 667 0467 09       		.byte	0x9
 668 0468 5F       		.byte	0x5f
 669 0469 1A       		.byte	0x1a
 670 046a 65020000 		.4byte	0x265
 671 046e 14       		.byte	0x14
 672 046f 07       		.uleb128 0x7
 673 0470 4B030000 		.4byte	.LASF64
 674 0474 09       		.byte	0x9
 675 0475 62       		.byte	0x62
 676 0476 1A       		.byte	0x1a
 677 0477 65020000 		.4byte	0x265
 678 047b 18       		.byte	0x18
 679 047c 00       		.byte	0
 680 047d 04       		.uleb128 0x4
 681 047e A4040000 		.4byte	.LASF65
 682 0482 09       		.byte	0x9
 683 0483 64       		.byte	0x64
 684 0484 03       		.byte	0x3
ARM GAS  /var/folders/l5/0x54b2c10074c8bt31ycjvl80000gp/T//cczl47hR.s 			page 13


 685 0485 25040000 		.4byte	0x425
 686 0489 0E       		.uleb128 0xe
 687 048a AE040000 		.4byte	.LASF67
 688 048e 09       		.byte	0x9
 689 048f 68       		.byte	0x68
 690 0490 12       		.byte	0x12
 691 0491 7D040000 		.4byte	0x47d
 692 0495 06       		.uleb128 0x6
 693 0496 8F020000 		.4byte	.LASF68
 694 049a 10       		.byte	0x10
 695 049b 0A       		.byte	0xa
 696 049c 25       		.byte	0x25
 697 049d 10       		.byte	0x10
 698 049e CA040000 		.4byte	0x4ca
 699 04a2 07       		.uleb128 0x7
 700 04a3 A4000000 		.4byte	.LASF69
 701 04a7 0A       		.byte	0xa
 702 04a8 26       		.byte	0x26
 703 04a9 19       		.byte	0x19
 704 04aa 6B020000 		.4byte	0x26b
 705 04ae 00       		.byte	0
 706 04af 07       		.uleb128 0x7
 707 04b0 E7040000 		.4byte	.LASF70
 708 04b4 0A       		.byte	0xa
 709 04b5 28       		.byte	0x28
 710 04b6 1A       		.byte	0x1a
 711 04b7 65020000 		.4byte	0x265
 712 04bb 08       		.byte	0x8
 713 04bc 07       		.uleb128 0x7
 714 04bd 4C040000 		.4byte	.LASF71
 715 04c1 0A       		.byte	0xa
 716 04c2 2A       		.byte	0x2a
 717 04c3 1A       		.byte	0x1a
 718 04c4 CA040000 		.4byte	0x4ca
 719 04c8 0C       		.byte	0xc
 720 04c9 00       		.byte	0
 721 04ca 0A       		.uleb128 0xa
 722 04cb 04       		.byte	0x4
 723 04cc 95040000 		.4byte	0x495
 724 04d0 04       		.uleb128 0x4
 725 04d1 8F020000 		.4byte	.LASF68
 726 04d5 0A       		.byte	0xa
 727 04d6 2C       		.byte	0x2c
 728 04d7 03       		.byte	0x3
 729 04d8 95040000 		.4byte	0x495
 730 04dc 0F       		.uleb128 0xf
 731 04dd 04       		.byte	0x4
 732 04de 06       		.byte	0x6
 733 04df 8F       		.byte	0x8f
 734 04e0 03       		.byte	0x3
 735 04e1 16050000 		.4byte	0x516
 736 04e5 10       		.uleb128 0x10
 737 04e6 13000000 		.4byte	.LASF72
 738 04ea 06       		.byte	0x6
 739 04eb 96       		.byte	0x96
 740 04ec 19       		.byte	0x19
 741 04ed 07010000 		.4byte	0x107
ARM GAS  /var/folders/l5/0x54b2c10074c8bt31ycjvl80000gp/T//cczl47hR.s 			page 14


 742 04f1 10       		.uleb128 0x10
 743 04f2 50000000 		.4byte	.LASF73
 744 04f6 06       		.byte	0x6
 745 04f7 9D       		.byte	0x9d
 746 04f8 19       		.byte	0x19
 747 04f9 07010000 		.4byte	0x107
 748 04fd 10       		.uleb128 0x10
 749 04fe BC040000 		.4byte	.LASF74
 750 0502 06       		.byte	0x6
 751 0503 A4       		.byte	0xa4
 752 0504 1A       		.byte	0x1a
 753 0505 B2020000 		.4byte	0x2b2
 754 0509 10       		.uleb128 0x10
 755 050a CE030000 		.4byte	.LASF75
 756 050e 06       		.byte	0x6
 757 050f AB       		.byte	0xab
 758 0510 19       		.byte	0x19
 759 0511 13010000 		.4byte	0x113
 760 0515 00       		.byte	0
 761 0516 0A       		.uleb128 0xa
 762 0517 04       		.byte	0x4
 763 0518 23050000 		.4byte	0x523
 764 051c 03       		.uleb128 0x3
 765 051d 01       		.byte	0x1
 766 051e 08       		.byte	0x8
 767 051f 3C040000 		.4byte	.LASF76
 768 0523 11       		.uleb128 0x11
 769 0524 1C050000 		.4byte	0x51c
 770 0528 0A       		.uleb128 0xa
 771 0529 04       		.byte	0x4
 772 052a D0040000 		.4byte	0x4d0
 773 052e 09       		.uleb128 0x9
 774 052f 16       		.byte	0x16
 775 0530 0B       		.byte	0xb
 776 0531 25       		.byte	0x25
 777 0532 09       		.byte	0x9
 778 0533 22060000 		.4byte	0x622
 779 0537 07       		.uleb128 0x7
 780 0538 48010000 		.4byte	.LASF77
 781 053c 0B       		.byte	0xb
 782 053d 26       		.byte	0x26
 783 053e 0D       		.byte	0xd
 784 053f 22060000 		.4byte	0x622
 785 0543 00       		.byte	0
 786 0544 07       		.uleb128 0x7
 787 0545 A0020000 		.4byte	.LASF78
 788 0549 0B       		.byte	0xb
 789 054a 27       		.byte	0x27
 790 054b 0D       		.byte	0xd
 791 054c 9B000000 		.4byte	0x9b
 792 0550 04       		.byte	0x4
 793 0551 07       		.uleb128 0x7
 794 0552 43030000 		.4byte	.LASF79
 795 0556 0B       		.byte	0xb
 796 0557 28       		.byte	0x28
 797 0558 0D       		.byte	0xd
 798 0559 9B000000 		.4byte	0x9b
ARM GAS  /var/folders/l5/0x54b2c10074c8bt31ycjvl80000gp/T//cczl47hR.s 			page 15


 799 055d 05       		.byte	0x5
 800 055e 07       		.uleb128 0x7
 801 055f D5040000 		.4byte	.LASF80
 802 0563 0B       		.byte	0xb
 803 0564 29       		.byte	0x29
 804 0565 0D       		.byte	0xd
 805 0566 A7000000 		.4byte	0xa7
 806 056a 06       		.byte	0x6
 807 056b 07       		.uleb128 0x7
 808 056c 65030000 		.4byte	.LASF81
 809 0570 0B       		.byte	0xb
 810 0571 2A       		.byte	0x2a
 811 0572 0D       		.byte	0xd
 812 0573 9B000000 		.4byte	0x9b
 813 0577 08       		.byte	0x8
 814 0578 07       		.uleb128 0x7
 815 0579 CE020000 		.4byte	.LASF82
 816 057d 0B       		.byte	0xb
 817 057e 2B       		.byte	0x2b
 818 057f 0D       		.byte	0xd
 819 0580 9B000000 		.4byte	0x9b
 820 0584 09       		.byte	0x9
 821 0585 07       		.uleb128 0x7
 822 0586 42000000 		.4byte	.LASF83
 823 058a 0B       		.byte	0xb
 824 058b 2C       		.byte	0x2c
 825 058c 0D       		.byte	0xd
 826 058d 9B000000 		.4byte	0x9b
 827 0591 0A       		.byte	0xa
 828 0592 07       		.uleb128 0x7
 829 0593 1B040000 		.4byte	.LASF84
 830 0597 0B       		.byte	0xb
 831 0598 2D       		.byte	0x2d
 832 0599 0D       		.byte	0xd
 833 059a 9B000000 		.4byte	0x9b
 834 059e 0B       		.byte	0xb
 835 059f 07       		.uleb128 0x7
 836 05a0 92040000 		.4byte	.LASF85
 837 05a4 0B       		.byte	0xb
 838 05a5 2E       		.byte	0x2e
 839 05a6 0D       		.byte	0xd
 840 05a7 9B000000 		.4byte	0x9b
 841 05ab 0C       		.byte	0xc
 842 05ac 07       		.uleb128 0x7
 843 05ad FA030000 		.4byte	.LASF86
 844 05b1 0B       		.byte	0xb
 845 05b2 2F       		.byte	0x2f
 846 05b3 0D       		.byte	0xd
 847 05b4 9B000000 		.4byte	0x9b
 848 05b8 0D       		.byte	0xd
 849 05b9 07       		.uleb128 0x7
 850 05ba 00000000 		.4byte	.LASF87
 851 05be 0B       		.byte	0xb
 852 05bf 30       		.byte	0x30
 853 05c0 0D       		.byte	0xd
 854 05c1 9B000000 		.4byte	0x9b
 855 05c5 0E       		.byte	0xe
ARM GAS  /var/folders/l5/0x54b2c10074c8bt31ycjvl80000gp/T//cczl47hR.s 			page 16


 856 05c6 07       		.uleb128 0x7
 857 05c7 DA020000 		.4byte	.LASF88
 858 05cb 0B       		.byte	0xb
 859 05cc 31       		.byte	0x31
 860 05cd 0D       		.byte	0xd
 861 05ce 9B000000 		.4byte	0x9b
 862 05d2 0F       		.byte	0xf
 863 05d3 07       		.uleb128 0x7
 864 05d4 87000000 		.4byte	.LASF89
 865 05d8 0B       		.byte	0xb
 866 05d9 32       		.byte	0x32
 867 05da 0D       		.byte	0xd
 868 05db 9B000000 		.4byte	0x9b
 869 05df 10       		.byte	0x10
 870 05e0 07       		.uleb128 0x7
 871 05e1 60000000 		.4byte	.LASF90
 872 05e5 0B       		.byte	0xb
 873 05e6 34       		.byte	0x34
 874 05e7 0D       		.byte	0xd
 875 05e8 9B000000 		.4byte	0x9b
 876 05ec 11       		.byte	0x11
 877 05ed 07       		.uleb128 0x7
 878 05ee 97000000 		.4byte	.LASF91
 879 05f2 0B       		.byte	0xb
 880 05f3 35       		.byte	0x35
 881 05f4 0D       		.byte	0xd
 882 05f5 9B000000 		.4byte	0x9b
 883 05f9 12       		.byte	0x12
 884 05fa 07       		.uleb128 0x7
 885 05fb A8020000 		.4byte	.LASF92
 886 05ff 0B       		.byte	0xb
 887 0600 36       		.byte	0x36
 888 0601 0D       		.byte	0xd
 889 0602 9B000000 		.4byte	0x9b
 890 0606 13       		.byte	0x13
 891 0607 07       		.uleb128 0x7
 892 0608 DC030000 		.4byte	.LASF93
 893 060c 0B       		.byte	0xb
 894 060d 37       		.byte	0x37
 895 060e 0D       		.byte	0xd
 896 060f 9B000000 		.4byte	0x9b
 897 0613 14       		.byte	0x14
 898 0614 07       		.uleb128 0x7
 899 0615 BB030000 		.4byte	.LASF94
 900 0619 0B       		.byte	0xb
 901 061a 39       		.byte	0x39
 902 061b 0D       		.byte	0xd
 903 061c 9B000000 		.4byte	0x9b
 904 0620 15       		.byte	0x15
 905 0621 00       		.byte	0
 906 0622 12       		.uleb128 0x12
 907 0623 1C050000 		.4byte	0x51c
 908 0627 32060000 		.4byte	0x632
 909 062b 13       		.uleb128 0x13
 910 062c 2C000000 		.4byte	0x2c
 911 0630 03       		.byte	0x3
 912 0631 00       		.byte	0
ARM GAS  /var/folders/l5/0x54b2c10074c8bt31ycjvl80000gp/T//cczl47hR.s 			page 17


 913 0632 04       		.uleb128 0x4
 914 0633 D1000000 		.4byte	.LASF95
 915 0637 0B       		.byte	0xb
 916 0638 3A       		.byte	0x3a
 917 0639 03       		.byte	0x3
 918 063a 2E050000 		.4byte	0x52e
 919 063e 11       		.uleb128 0x11
 920 063f 32060000 		.4byte	0x632
 921 0643 0E       		.uleb128 0xe
 922 0644 36010000 		.4byte	.LASF96
 923 0648 0B       		.byte	0xb
 924 0649 77       		.byte	0x77
 925 064a 1D       		.byte	0x1d
 926 064b 3E060000 		.4byte	0x63e
 927 064f 12       		.uleb128 0x12
 928 0650 9A020000 		.4byte	0x29a
 929 0654 5F060000 		.4byte	0x65f
 930 0658 13       		.uleb128 0x13
 931 0659 2C000000 		.4byte	0x2c
 932 065d 26       		.byte	0x26
 933 065e 00       		.byte	0
 934 065f 0E       		.uleb128 0xe
 935 0660 E3000000 		.4byte	.LASF97
 936 0664 0C       		.byte	0xc
 937 0665 82       		.byte	0x82
 938 0666 08       		.byte	0x8
 939 0667 4F060000 		.4byte	0x64f
 940 066b 14       		.uleb128 0x14
 941 066c BC020000 		.4byte	.LASF101
 942 0670 01       		.byte	0x1
 943 0671 25       		.byte	0x25
 944 0672 06       		.byte	0x6
 945 0673 00000000 		.4byte	.LFB7
 946 0677 18000000 		.4byte	.LFE7-.LFB7
 947 067b 01       		.uleb128 0x1
 948 067c 9C       		.byte	0x9c
 949 067d 00       		.byte	0
 950              		.section	.debug_abbrev,"",%progbits
 951              	.Ldebug_abbrev0:
 952 0000 01       		.uleb128 0x1
 953 0001 11       		.uleb128 0x11
 954 0002 01       		.byte	0x1
 955 0003 25       		.uleb128 0x25
 956 0004 0E       		.uleb128 0xe
 957 0005 13       		.uleb128 0x13
 958 0006 0B       		.uleb128 0xb
 959 0007 03       		.uleb128 0x3
 960 0008 0E       		.uleb128 0xe
 961 0009 1B       		.uleb128 0x1b
 962 000a 0E       		.uleb128 0xe
 963 000b 55       		.uleb128 0x55
 964 000c 17       		.uleb128 0x17
 965 000d 11       		.uleb128 0x11
 966 000e 01       		.uleb128 0x1
 967 000f 10       		.uleb128 0x10
 968 0010 17       		.uleb128 0x17
 969 0011 00       		.byte	0
ARM GAS  /var/folders/l5/0x54b2c10074c8bt31ycjvl80000gp/T//cczl47hR.s 			page 18


 970 0012 00       		.byte	0
 971 0013 02       		.uleb128 0x2
 972 0014 24       		.uleb128 0x24
 973 0015 00       		.byte	0
 974 0016 0B       		.uleb128 0xb
 975 0017 0B       		.uleb128 0xb
 976 0018 3E       		.uleb128 0x3e
 977 0019 0B       		.uleb128 0xb
 978 001a 03       		.uleb128 0x3
 979 001b 08       		.uleb128 0x8
 980 001c 00       		.byte	0
 981 001d 00       		.byte	0
 982 001e 03       		.uleb128 0x3
 983 001f 24       		.uleb128 0x24
 984 0020 00       		.byte	0
 985 0021 0B       		.uleb128 0xb
 986 0022 0B       		.uleb128 0xb
 987 0023 3E       		.uleb128 0x3e
 988 0024 0B       		.uleb128 0xb
 989 0025 03       		.uleb128 0x3
 990 0026 0E       		.uleb128 0xe
 991 0027 00       		.byte	0
 992 0028 00       		.byte	0
 993 0029 04       		.uleb128 0x4
 994 002a 16       		.uleb128 0x16
 995 002b 00       		.byte	0
 996 002c 03       		.uleb128 0x3
 997 002d 0E       		.uleb128 0xe
 998 002e 3A       		.uleb128 0x3a
 999 002f 0B       		.uleb128 0xb
 1000 0030 3B       		.uleb128 0x3b
 1001 0031 0B       		.uleb128 0xb
 1002 0032 39       		.uleb128 0x39
 1003 0033 0B       		.uleb128 0xb
 1004 0034 49       		.uleb128 0x49
 1005 0035 13       		.uleb128 0x13
 1006 0036 00       		.byte	0
 1007 0037 00       		.byte	0
 1008 0038 05       		.uleb128 0x5
 1009 0039 35       		.uleb128 0x35
 1010 003a 00       		.byte	0
 1011 003b 49       		.uleb128 0x49
 1012 003c 13       		.uleb128 0x13
 1013 003d 00       		.byte	0
 1014 003e 00       		.byte	0
 1015 003f 06       		.uleb128 0x6
 1016 0040 13       		.uleb128 0x13
 1017 0041 01       		.byte	0x1
 1018 0042 03       		.uleb128 0x3
 1019 0043 0E       		.uleb128 0xe
 1020 0044 0B       		.uleb128 0xb
 1021 0045 0B       		.uleb128 0xb
 1022 0046 3A       		.uleb128 0x3a
 1023 0047 0B       		.uleb128 0xb
 1024 0048 3B       		.uleb128 0x3b
 1025 0049 0B       		.uleb128 0xb
 1026 004a 39       		.uleb128 0x39
ARM GAS  /var/folders/l5/0x54b2c10074c8bt31ycjvl80000gp/T//cczl47hR.s 			page 19


 1027 004b 0B       		.uleb128 0xb
 1028 004c 01       		.uleb128 0x1
 1029 004d 13       		.uleb128 0x13
 1030 004e 00       		.byte	0
 1031 004f 00       		.byte	0
 1032 0050 07       		.uleb128 0x7
 1033 0051 0D       		.uleb128 0xd
 1034 0052 00       		.byte	0
 1035 0053 03       		.uleb128 0x3
 1036 0054 0E       		.uleb128 0xe
 1037 0055 3A       		.uleb128 0x3a
 1038 0056 0B       		.uleb128 0xb
 1039 0057 3B       		.uleb128 0x3b
 1040 0058 0B       		.uleb128 0xb
 1041 0059 39       		.uleb128 0x39
 1042 005a 0B       		.uleb128 0xb
 1043 005b 49       		.uleb128 0x49
 1044 005c 13       		.uleb128 0x13
 1045 005d 38       		.uleb128 0x38
 1046 005e 0B       		.uleb128 0xb
 1047 005f 00       		.byte	0
 1048 0060 00       		.byte	0
 1049 0061 08       		.uleb128 0x8
 1050 0062 0D       		.uleb128 0xd
 1051 0063 00       		.byte	0
 1052 0064 03       		.uleb128 0x3
 1053 0065 08       		.uleb128 0x8
 1054 0066 3A       		.uleb128 0x3a
 1055 0067 0B       		.uleb128 0xb
 1056 0068 3B       		.uleb128 0x3b
 1057 0069 0B       		.uleb128 0xb
 1058 006a 39       		.uleb128 0x39
 1059 006b 0B       		.uleb128 0xb
 1060 006c 49       		.uleb128 0x49
 1061 006d 13       		.uleb128 0x13
 1062 006e 38       		.uleb128 0x38
 1063 006f 0B       		.uleb128 0xb
 1064 0070 00       		.byte	0
 1065 0071 00       		.byte	0
 1066 0072 09       		.uleb128 0x9
 1067 0073 13       		.uleb128 0x13
 1068 0074 01       		.byte	0x1
 1069 0075 0B       		.uleb128 0xb
 1070 0076 0B       		.uleb128 0xb
 1071 0077 3A       		.uleb128 0x3a
 1072 0078 0B       		.uleb128 0xb
 1073 0079 3B       		.uleb128 0x3b
 1074 007a 0B       		.uleb128 0xb
 1075 007b 39       		.uleb128 0x39
 1076 007c 0B       		.uleb128 0xb
 1077 007d 01       		.uleb128 0x1
 1078 007e 13       		.uleb128 0x13
 1079 007f 00       		.byte	0
 1080 0080 00       		.byte	0
 1081 0081 0A       		.uleb128 0xa
 1082 0082 0F       		.uleb128 0xf
 1083 0083 00       		.byte	0
ARM GAS  /var/folders/l5/0x54b2c10074c8bt31ycjvl80000gp/T//cczl47hR.s 			page 20


 1084 0084 0B       		.uleb128 0xb
 1085 0085 0B       		.uleb128 0xb
 1086 0086 49       		.uleb128 0x49
 1087 0087 13       		.uleb128 0x13
 1088 0088 00       		.byte	0
 1089 0089 00       		.byte	0
 1090 008a 0B       		.uleb128 0xb
 1091 008b 0F       		.uleb128 0xf
 1092 008c 00       		.byte	0
 1093 008d 0B       		.uleb128 0xb
 1094 008e 0B       		.uleb128 0xb
 1095 008f 00       		.byte	0
 1096 0090 00       		.byte	0
 1097 0091 0C       		.uleb128 0xc
 1098 0092 15       		.uleb128 0x15
 1099 0093 01       		.byte	0x1
 1100 0094 27       		.uleb128 0x27
 1101 0095 19       		.uleb128 0x19
 1102 0096 01       		.uleb128 0x1
 1103 0097 13       		.uleb128 0x13
 1104 0098 00       		.byte	0
 1105 0099 00       		.byte	0
 1106 009a 0D       		.uleb128 0xd
 1107 009b 05       		.uleb128 0x5
 1108 009c 00       		.byte	0
 1109 009d 49       		.uleb128 0x49
 1110 009e 13       		.uleb128 0x13
 1111 009f 00       		.byte	0
 1112 00a0 00       		.byte	0
 1113 00a1 0E       		.uleb128 0xe
 1114 00a2 34       		.uleb128 0x34
 1115 00a3 00       		.byte	0
 1116 00a4 03       		.uleb128 0x3
 1117 00a5 0E       		.uleb128 0xe
 1118 00a6 3A       		.uleb128 0x3a
 1119 00a7 0B       		.uleb128 0xb
 1120 00a8 3B       		.uleb128 0x3b
 1121 00a9 0B       		.uleb128 0xb
 1122 00aa 39       		.uleb128 0x39
 1123 00ab 0B       		.uleb128 0xb
 1124 00ac 49       		.uleb128 0x49
 1125 00ad 13       		.uleb128 0x13
 1126 00ae 3F       		.uleb128 0x3f
 1127 00af 19       		.uleb128 0x19
 1128 00b0 3C       		.uleb128 0x3c
 1129 00b1 19       		.uleb128 0x19
 1130 00b2 00       		.byte	0
 1131 00b3 00       		.byte	0
 1132 00b4 0F       		.uleb128 0xf
 1133 00b5 17       		.uleb128 0x17
 1134 00b6 01       		.byte	0x1
 1135 00b7 0B       		.uleb128 0xb
 1136 00b8 0B       		.uleb128 0xb
 1137 00b9 3A       		.uleb128 0x3a
 1138 00ba 0B       		.uleb128 0xb
 1139 00bb 3B       		.uleb128 0x3b
 1140 00bc 0B       		.uleb128 0xb
ARM GAS  /var/folders/l5/0x54b2c10074c8bt31ycjvl80000gp/T//cczl47hR.s 			page 21


 1141 00bd 39       		.uleb128 0x39
 1142 00be 0B       		.uleb128 0xb
 1143 00bf 01       		.uleb128 0x1
 1144 00c0 13       		.uleb128 0x13
 1145 00c1 00       		.byte	0
 1146 00c2 00       		.byte	0
 1147 00c3 10       		.uleb128 0x10
 1148 00c4 0D       		.uleb128 0xd
 1149 00c5 00       		.byte	0
 1150 00c6 03       		.uleb128 0x3
 1151 00c7 0E       		.uleb128 0xe
 1152 00c8 3A       		.uleb128 0x3a
 1153 00c9 0B       		.uleb128 0xb
 1154 00ca 3B       		.uleb128 0x3b
 1155 00cb 0B       		.uleb128 0xb
 1156 00cc 39       		.uleb128 0x39
 1157 00cd 0B       		.uleb128 0xb
 1158 00ce 49       		.uleb128 0x49
 1159 00cf 13       		.uleb128 0x13
 1160 00d0 00       		.byte	0
 1161 00d1 00       		.byte	0
 1162 00d2 11       		.uleb128 0x11
 1163 00d3 26       		.uleb128 0x26
 1164 00d4 00       		.byte	0
 1165 00d5 49       		.uleb128 0x49
 1166 00d6 13       		.uleb128 0x13
 1167 00d7 00       		.byte	0
 1168 00d8 00       		.byte	0
 1169 00d9 12       		.uleb128 0x12
 1170 00da 01       		.uleb128 0x1
 1171 00db 01       		.byte	0x1
 1172 00dc 49       		.uleb128 0x49
 1173 00dd 13       		.uleb128 0x13
 1174 00de 01       		.uleb128 0x1
 1175 00df 13       		.uleb128 0x13
 1176 00e0 00       		.byte	0
 1177 00e1 00       		.byte	0
 1178 00e2 13       		.uleb128 0x13
 1179 00e3 21       		.uleb128 0x21
 1180 00e4 00       		.byte	0
 1181 00e5 49       		.uleb128 0x49
 1182 00e6 13       		.uleb128 0x13
 1183 00e7 2F       		.uleb128 0x2f
 1184 00e8 0B       		.uleb128 0xb
 1185 00e9 00       		.byte	0
 1186 00ea 00       		.byte	0
 1187 00eb 14       		.uleb128 0x14
 1188 00ec 2E       		.uleb128 0x2e
 1189 00ed 00       		.byte	0
 1190 00ee 3F       		.uleb128 0x3f
 1191 00ef 19       		.uleb128 0x19
 1192 00f0 03       		.uleb128 0x3
 1193 00f1 0E       		.uleb128 0xe
 1194 00f2 3A       		.uleb128 0x3a
 1195 00f3 0B       		.uleb128 0xb
 1196 00f4 3B       		.uleb128 0x3b
 1197 00f5 0B       		.uleb128 0xb
ARM GAS  /var/folders/l5/0x54b2c10074c8bt31ycjvl80000gp/T//cczl47hR.s 			page 22


 1198 00f6 39       		.uleb128 0x39
 1199 00f7 0B       		.uleb128 0xb
 1200 00f8 27       		.uleb128 0x27
 1201 00f9 19       		.uleb128 0x19
 1202 00fa 11       		.uleb128 0x11
 1203 00fb 01       		.uleb128 0x1
 1204 00fc 12       		.uleb128 0x12
 1205 00fd 06       		.uleb128 0x6
 1206 00fe 40       		.uleb128 0x40
 1207 00ff 18       		.uleb128 0x18
 1208 0100 9742     		.uleb128 0x2117
 1209 0102 19       		.uleb128 0x19
 1210 0103 00       		.byte	0
 1211 0104 00       		.byte	0
 1212 0105 00       		.byte	0
 1213              		.section	.debug_aranges,"",%progbits
 1214 0000 1C000000 		.4byte	0x1c
 1215 0004 0200     		.2byte	0x2
 1216 0006 00000000 		.4byte	.Ldebug_info0
 1217 000a 04       		.byte	0x4
 1218 000b 00       		.byte	0
 1219 000c 0000     		.2byte	0
 1220 000e 0000     		.2byte	0
 1221 0010 00000000 		.4byte	.LFB7
 1222 0014 18000000 		.4byte	.LFE7-.LFB7
 1223 0018 00000000 		.4byte	0
 1224 001c 00000000 		.4byte	0
 1225              		.section	.debug_ranges,"",%progbits
 1226              	.Ldebug_ranges0:
 1227 0000 00000000 		.4byte	.LFB7
 1228 0004 18000000 		.4byte	.LFE7
 1229 0008 00000000 		.4byte	0
 1230 000c 00000000 		.4byte	0
 1231              		.section	.debug_line,"",%progbits
 1232              	.Ldebug_line0:
 1233 0000 B3010000 		.section	.debug_str,"MS",%progbits,1
 1233      03007301 
 1233      00000201 
 1233      FB0E0D00 
 1233      01010101 
 1234              	.LASF87:
 1235 0000 63665F6F 		.ascii	"cf_off_older\000"
 1235      66665F6F 
 1235      6C646572 
 1235      00
 1236              	.LASF40:
 1237 000d 705F6D73 		.ascii	"p_msg\000"
 1237      6700
 1238              	.LASF72:
 1239 0013 7264796D 		.ascii	"rdymsg\000"
 1239      736700
 1240              	.LASF4:
 1241 001a 5F5F7569 		.ascii	"__uint8_t\000"
 1241      6E74385F 
 1241      7400
 1242              	.LASF66:
 1243 0024 76746C69 		.ascii	"vtlist\000"
ARM GAS  /var/folders/l5/0x54b2c10074c8bt31ycjvl80000gp/T//cczl47hR.s 			page 23


 1243      737400
 1244              	.LASF12:
 1245 002b 6C6F6E67 		.ascii	"long long unsigned int\000"
 1245      206C6F6E 
 1245      6720756E 
 1245      7369676E 
 1245      65642069 
 1246              	.LASF83:
 1247 0042 63685F74 		.ascii	"ch_threadsize\000"
 1247      68726561 
 1247      6473697A 
 1247      6500
 1248              	.LASF73:
 1249 0050 65786974 		.ascii	"exitcode\000"
 1249      636F6465 
 1249      00
 1250              	.LASF28:
 1251 0059 705F7072 		.ascii	"p_prio\000"
 1251      696F00
 1252              	.LASF90:
 1253 0060 63665F6F 		.ascii	"cf_off_state\000"
 1253      66665F73 
 1253      74617465 
 1253      00
 1254              	.LASF11:
 1255 006d 6C6F6E67 		.ascii	"long long int\000"
 1255      206C6F6E 
 1255      6720696E 
 1255      7400
 1256              	.LASF1:
 1257 007b 7369676E 		.ascii	"signed char\000"
 1257      65642063 
 1257      68617200 
 1258              	.LASF89:
 1259 0087 63665F6F 		.ascii	"cf_off_stklimit\000"
 1259      66665F73 
 1259      746B6C69 
 1259      6D697400 
 1260              	.LASF91:
 1261 0097 63665F6F 		.ascii	"cf_off_flags\000"
 1261      66665F66 
 1261      6C616773 
 1261      00
 1262              	.LASF69:
 1263 00a4 6D5F7175 		.ascii	"m_queue\000"
 1263      65756500 
 1264              	.LASF20:
 1265 00ac 74736C69 		.ascii	"tslices_t\000"
 1265      6365735F 
 1265      7400
 1266              	.LASF8:
 1267 00b6 6C6F6E67 		.ascii	"long int\000"
 1267      20696E74 
 1267      00
 1268              	.LASF18:
 1269 00bf 74737461 		.ascii	"tstate_t\000"
 1269      74655F74 
ARM GAS  /var/folders/l5/0x54b2c10074c8bt31ycjvl80000gp/T//cczl47hR.s 			page 24


 1269      00
 1270              	.LASF14:
 1271 00c8 75696E74 		.ascii	"uint16_t\000"
 1271      31365F74 
 1271      00
 1272              	.LASF95:
 1273 00d1 63686465 		.ascii	"chdebug_t\000"
 1273      6275675F 
 1273      7400
 1274              	.LASF30:
 1275 00db 705F6E65 		.ascii	"p_newer\000"
 1275      77657200 
 1276              	.LASF97:
 1277 00e3 5F69646C 		.ascii	"_idle_thread_wa\000"
 1277      655F7468 
 1277      72656164 
 1277      5F776100 
 1278              	.LASF9:
 1279 00f3 5F5F7569 		.ascii	"__uint32_t\000"
 1279      6E743332 
 1279      5F7400
 1280              	.LASF47:
 1281 00fe 72656761 		.ascii	"regarm_t\000"
 1281      726D5F74 
 1281      00
 1282              	.LASF53:
 1283 0107 76745F70 		.ascii	"vt_prev\000"
 1283      72657600 
 1284              	.LASF0:
 1285 010f 756E7369 		.ascii	"unsigned int\000"
 1285      676E6564 
 1285      20696E74 
 1285      00
 1286              	.LASF52:
 1287 011c 76745F6E 		.ascii	"vt_next\000"
 1287      65787400 
 1288              	.LASF10:
 1289 0124 6C6F6E67 		.ascii	"long unsigned int\000"
 1289      20756E73 
 1289      69676E65 
 1289      6420696E 
 1289      7400
 1290              	.LASF96:
 1291 0136 63685F64 		.ascii	"ch_debug\000"
 1291      65627567 
 1291      00
 1292              	.LASF50:
 1293 013f 76746675 		.ascii	"vtfunc_t\000"
 1293      6E635F74 
 1293      00
 1294              	.LASF77:
 1295 0148 63685F69 		.ascii	"ch_identifier\000"
 1295      64656E74 
 1295      69666965 
 1295      7200
 1296              	.LASF49:
 1297 0156 636F6E74 		.ascii	"context\000"
ARM GAS  /var/folders/l5/0x54b2c10074c8bt31ycjvl80000gp/T//cczl47hR.s 			page 25


 1297      65787400 
 1298              	.LASF99:
 1299 015e 2E2E2F2E 		.ascii	"../../os/ports/GCC/ARM/chcore.c\000"
 1299      2E2F6F73 
 1299      2F706F72 
 1299      74732F47 
 1299      43432F41 
 1300              	.LASF6:
 1301 017e 73686F72 		.ascii	"short unsigned int\000"
 1301      7420756E 
 1301      7369676E 
 1301      65642069 
 1301      6E7400
 1302              	.LASF22:
 1303 0191 6D73675F 		.ascii	"msg_t\000"
 1303      7400
 1304              	.LASF62:
 1305 0197 725F6E65 		.ascii	"r_newer\000"
 1305      77657200 
 1306              	.LASF98:
 1307 019f 474E5520 		.ascii	"GNU C17 8.3.1 20190703 (release) [gcc-8-branch revi"
 1307      43313720 
 1307      382E332E 
 1307      31203230 
 1307      31393037 
 1308 01d2 73696F6E 		.ascii	"sion 273027] -mcpu=arm1176jz-s -mno-thumb-interwork"
 1308      20323733 
 1308      3032375D 
 1308      202D6D63 
 1308      70753D61 
 1309 0205 202D6D66 		.ascii	" -mfloat-abi=soft -marm -march=armv6kz -ggdb -O2 -f"
 1309      6C6F6174 
 1309      2D616269 
 1309      3D736F66 
 1309      74202D6D 
 1310 0238 6F6D6974 		.ascii	"omit-frame-pointer -ffunction-sections -fdata-secti"
 1310      2D667261 
 1310      6D652D70 
 1310      6F696E74 
 1310      6572202D 
 1311 026b 6F6E7300 		.ascii	"ons\000"
 1312              	.LASF17:
 1313 026f 746D6F64 		.ascii	"tmode_t\000"
 1313      655F7400 
 1314              	.LASF45:
 1315 0277 54687265 		.ascii	"ThreadsList\000"
 1315      6164734C 
 1315      69737400 
 1316              	.LASF23:
 1317 0283 6576656E 		.ascii	"eventmask_t\000"
 1317      746D6173 
 1317      6B5F7400 
 1318              	.LASF68:
 1319 028f 4D757465 		.ascii	"Mutex\000"
 1319      7800
 1320              	.LASF46:
 1321 0295 73746B61 		.ascii	"stkalign_t\000"
ARM GAS  /var/folders/l5/0x54b2c10074c8bt31ycjvl80000gp/T//cczl47hR.s 			page 26


 1321      6C69676E 
 1321      5F7400
 1322              	.LASF78:
 1323 02a0 63685F7A 		.ascii	"ch_zero\000"
 1323      65726F00 
 1324              	.LASF92:
 1325 02a8 63665F6F 		.ascii	"cf_off_refs\000"
 1325      66665F72 
 1325      65667300 
 1326              	.LASF54:
 1327 02b4 76745F74 		.ascii	"vt_time\000"
 1327      696D6500 
 1328              	.LASF101:
 1329 02bc 706F7274 		.ascii	"port_halt\000"
 1329      5F68616C 
 1329      7400
 1330              	.LASF55:
 1331 02c6 76745F66 		.ascii	"vt_func\000"
 1331      756E6300 
 1332              	.LASF82:
 1333 02ce 63685F74 		.ascii	"ch_timesize\000"
 1333      696D6573 
 1333      697A6500 
 1334              	.LASF88:
 1335 02da 63665F6F 		.ascii	"cf_off_name\000"
 1335      66665F6E 
 1335      616D6500 
 1336              	.LASF31:
 1337 02e6 705F6F6C 		.ascii	"p_older\000"
 1337      64657200 
 1338              	.LASF61:
 1339 02ee 725F6374 		.ascii	"r_ctx\000"
 1339      7800
 1340              	.LASF44:
 1341 02f4 54687265 		.ascii	"ThreadsQueue\000"
 1341      61647351 
 1341      75657565 
 1341      00
 1342              	.LASF100:
 1343 0301 2F557365 		.ascii	"/Users/fernandoguirado/Desktop/Chibi/ChibiOS-RPi/de"
 1343      72732F66 
 1343      65726E61 
 1343      6E646F67 
 1343      75697261 
 1344 0334 6D6F732F 		.ascii	"mos/Serial_LCD\000"
 1344      53657269 
 1344      616C5F4C 
 1344      434400
 1345              	.LASF79:
 1346 0343 63685F73 		.ascii	"ch_size\000"
 1346      697A6500 
 1347              	.LASF64:
 1348 034b 725F6375 		.ascii	"r_current\000"
 1348      7272656E 
 1348      7400
 1349              	.LASF63:
 1350 0355 725F6F6C 		.ascii	"r_older\000"
ARM GAS  /var/folders/l5/0x54b2c10074c8bt31ycjvl80000gp/T//cczl47hR.s 			page 27


 1350      64657200 
 1351              	.LASF19:
 1352 035d 74726566 		.ascii	"trefs_t\000"
 1352      735F7400 
 1353              	.LASF81:
 1354 0365 63685F70 		.ascii	"ch_ptrsize\000"
 1354      74727369 
 1354      7A6500
 1355              	.LASF27:
 1356 0370 705F7072 		.ascii	"p_prev\000"
 1356      657600
 1357              	.LASF21:
 1358 0377 74707269 		.ascii	"tprio_t\000"
 1358      6F5F7400 
 1359              	.LASF15:
 1360 037f 696E7433 		.ascii	"int32_t\000"
 1360      325F7400 
 1361              	.LASF2:
 1362 0387 756E7369 		.ascii	"unsigned char\000"
 1362      676E6564 
 1362      20636861 
 1362      7200
 1363              	.LASF42:
 1364 0395 705F6D74 		.ascii	"p_mtxlist\000"
 1364      786C6973 
 1364      7400
 1365              	.LASF3:
 1366 039f 73686F72 		.ascii	"short int\000"
 1366      7420696E 
 1366      7400
 1367              	.LASF33:
 1368 03a9 705F7374 		.ascii	"p_state\000"
 1368      61746500 
 1369              	.LASF36:
 1370 03b1 705F7072 		.ascii	"p_preempt\000"
 1370      65656D70 
 1370      7400
 1371              	.LASF94:
 1372 03bb 63665F6F 		.ascii	"cf_off_time\000"
 1372      66665F74 
 1372      696D6500 
 1373              	.LASF60:
 1374 03c7 725F7072 		.ascii	"r_prio\000"
 1374      696F00
 1375              	.LASF75:
 1376 03ce 65776D61 		.ascii	"ewmask\000"
 1376      736B00
 1377              	.LASF26:
 1378 03d5 705F6E65 		.ascii	"p_next\000"
 1378      787400
 1379              	.LASF93:
 1380 03dc 63665F6F 		.ascii	"cf_off_preempt\000"
 1380      66665F70 
 1380      7265656D 
 1380      707400
 1381              	.LASF34:
 1382 03eb 705F666C 		.ascii	"p_flags\000"
ARM GAS  /var/folders/l5/0x54b2c10074c8bt31ycjvl80000gp/T//cczl47hR.s 			page 28


 1382      61677300 
 1383              	.LASF25:
 1384 03f3 54687265 		.ascii	"Thread\000"
 1384      616400
 1385              	.LASF86:
 1386 03fa 63665F6F 		.ascii	"cf_off_newer\000"
 1386      66665F6E 
 1386      65776572 
 1386      00
 1387              	.LASF41:
 1388 0407 705F6570 		.ascii	"p_epending\000"
 1388      656E6469 
 1388      6E6700
 1389              	.LASF16:
 1390 0412 75696E74 		.ascii	"uint32_t\000"
 1390      33325F74 
 1390      00
 1391              	.LASF84:
 1392 041b 63665F6F 		.ascii	"cf_off_prio\000"
 1392      66665F70 
 1392      72696F00 
 1393              	.LASF59:
 1394 0427 725F7175 		.ascii	"r_queue\000"
 1394      65756500 
 1395              	.LASF51:
 1396 042f 56697274 		.ascii	"VirtualTimer\000"
 1396      75616C54 
 1396      696D6572 
 1396      00
 1397              	.LASF76:
 1398 043c 63686172 		.ascii	"char\000"
 1398      00
 1399              	.LASF5:
 1400 0441 5F5F7569 		.ascii	"__uint16_t\000"
 1400      6E743136 
 1400      5F7400
 1401              	.LASF71:
 1402 044c 6D5F6E65 		.ascii	"m_next\000"
 1402      787400
 1403              	.LASF24:
 1404 0453 73797374 		.ascii	"systime_t\000"
 1404      696D655F 
 1404      7400
 1405              	.LASF43:
 1406 045d 705F7265 		.ascii	"p_realprio\000"
 1406      616C7072 
 1406      696F00
 1407              	.LASF7:
 1408 0468 5F5F696E 		.ascii	"__int32_t\000"
 1408      7433325F 
 1408      7400
 1409              	.LASF37:
 1410 0472 705F7469 		.ascii	"p_time\000"
 1410      6D6500
 1411              	.LASF48:
 1412 0479 696E7463 		.ascii	"intctx\000"
 1412      747800
ARM GAS  /var/folders/l5/0x54b2c10074c8bt31ycjvl80000gp/T//cczl47hR.s 			page 29


 1413              	.LASF39:
 1414 0480 705F6D73 		.ascii	"p_msgqueue\000"
 1414      67717565 
 1414      756500
 1415              	.LASF56:
 1416 048b 76745F70 		.ascii	"vt_par\000"
 1416      617200
 1417              	.LASF85:
 1418 0492 63665F6F 		.ascii	"cf_off_ctx\000"
 1418      66665F63 
 1418      747800
 1419              	.LASF35:
 1420 049d 705F7265 		.ascii	"p_refs\000"
 1420      667300
 1421              	.LASF65:
 1422 04a4 52656164 		.ascii	"ReadyList\000"
 1422      794C6973 
 1422      7400
 1423              	.LASF67:
 1424 04ae 726C6973 		.ascii	"rlist\000"
 1424      7400
 1425              	.LASF13:
 1426 04b4 75696E74 		.ascii	"uint8_t\000"
 1426      385F7400 
 1427              	.LASF74:
 1428 04bc 77746F62 		.ascii	"wtobjp\000"
 1428      6A7000
 1429              	.LASF32:
 1430 04c3 705F6E61 		.ascii	"p_name\000"
 1430      6D6500
 1431              	.LASF57:
 1432 04ca 76745F73 		.ascii	"vt_systime\000"
 1432      79737469 
 1432      6D6500
 1433              	.LASF80:
 1434 04d5 63685F76 		.ascii	"ch_version\000"
 1434      65727369 
 1434      6F6E00
 1435              	.LASF58:
 1436 04e0 56544C69 		.ascii	"VTList\000"
 1436      737400
 1437              	.LASF70:
 1438 04e7 6D5F6F77 		.ascii	"m_owner\000"
 1438      6E657200 
 1439              	.LASF29:
 1440 04ef 705F6374 		.ascii	"p_ctx\000"
 1440      7800
 1441              	.LASF38:
 1442 04f5 705F7761 		.ascii	"p_waiting\000"
 1442      6974696E 
 1442      6700
 1443              		.ident	"GCC: (GNU Tools for Arm Embedded Processors 8-2019-q3-update) 8.3.1 20190703 (release) [gc
ARM GAS  /var/folders/l5/0x54b2c10074c8bt31ycjvl80000gp/T//cczl47hR.s 			page 30


DEFINED SYMBOLS
                            *ABS*:0000000000000000 chcore.c
/var/folders/l5/0x54b2c10074c8bt31ycjvl80000gp/T//cczl47hR.s:16     .text.port_halt:0000000000000000 $a
/var/folders/l5/0x54b2c10074c8bt31ycjvl80000gp/T//cczl47hR.s:23     .text.port_halt:0000000000000000 port_halt

NO UNDEFINED SYMBOLS
