ARM GAS  /var/folders/l5/0x54b2c10074c8bt31ycjvl80000gp/T//ccVsplG0.s 			page 1


   1              		.cpu arm1176jz-s
   2              		.eabi_attribute 20, 1
   3              		.eabi_attribute 21, 1
   4              		.eabi_attribute 23, 3
   5              		.eabi_attribute 24, 1
   6              		.eabi_attribute 25, 1
   7              		.eabi_attribute 26, 1
   8              		.eabi_attribute 30, 2
   9              		.eabi_attribute 34, 1
  10              		.eabi_attribute 18, 4
  11              		.file	"chdebug.c"
  12              		.text
  13              	.Ltext0:
  14              		.cfi_sections	.debug_frame
  15              	.Letext0:
  16              		.file 1 "/usr/local/Cellar/arm-gcc-bin/8-2019-q3-update/arm-none-eabi/include/machine/_default_typ
  17              		.file 2 "/usr/local/Cellar/arm-gcc-bin/8-2019-q3-update/arm-none-eabi/include/sys/_stdint.h"
  18              		.file 3 "../../os/ports/GCC/ARM/chtypes.h"
  19              		.file 4 "../../os/kernel/include/chlists.h"
  20              		.file 5 "../../os/kernel/include/chthreads.h"
  21              		.file 6 "../../os/ports/GCC/ARM/chcore.h"
  22              		.file 7 "../../os/kernel/include/chvt.h"
  23              		.file 8 "../../os/kernel/include/chschd.h"
  24              		.file 9 "../../os/kernel/include/chmtx.h"
  25              		.file 10 "../../os/kernel/include/chregistry.h"
  26              		.file 11 "../../os/kernel/include/ch.h"
  27              		.section	.debug_info,"",%progbits
  28              	.Ldebug_info0:
  29 0000 60060000 		.4byte	0x660
  30 0004 0400     		.2byte	0x4
  31 0006 00000000 		.4byte	.Ldebug_abbrev0
  32 000a 04       		.byte	0x4
  33 000b 01       		.uleb128 0x1
  34 000c 7F010000 		.4byte	.LASF98
  35 0010 0C       		.byte	0xc
  36 0011 C9030000 		.4byte	.LASF99
  37 0015 D7020000 		.4byte	.LASF100
  38 0019 00000000 		.4byte	.Ldebug_line0
  39 001d 02       		.uleb128 0x2
  40 001e 04       		.byte	0x4
  41 001f 05       		.byte	0x5
  42 0020 696E7400 		.ascii	"int\000"
  43 0024 03       		.uleb128 0x3
  44 0025 04       		.byte	0x4
  45 0026 07       		.byte	0x7
  46 0027 0F010000 		.4byte	.LASF0
  47 002b 03       		.uleb128 0x3
  48 002c 01       		.byte	0x1
  49 002d 06       		.byte	0x6
  50 002e 7B000000 		.4byte	.LASF1
  51 0032 04       		.uleb128 0x4
  52 0033 1A000000 		.4byte	.LASF4
  53 0037 01       		.byte	0x1
  54 0038 2B       		.byte	0x2b
  55 0039 18       		.byte	0x18
  56 003a 3E000000 		.4byte	0x3e
  57 003e 03       		.uleb128 0x3
ARM GAS  /var/folders/l5/0x54b2c10074c8bt31ycjvl80000gp/T//ccVsplG0.s 			page 2


  58 003f 01       		.byte	0x1
  59 0040 08       		.byte	0x8
  60 0041 5D030000 		.4byte	.LASF2
  61 0045 03       		.uleb128 0x3
  62 0046 02       		.byte	0x2
  63 0047 05       		.byte	0x5
  64 0048 75030000 		.4byte	.LASF3
  65 004c 04       		.uleb128 0x4
  66 004d 35040000 		.4byte	.LASF5
  67 0051 01       		.byte	0x1
  68 0052 39       		.byte	0x39
  69 0053 19       		.byte	0x19
  70 0054 58000000 		.4byte	0x58
  71 0058 03       		.uleb128 0x3
  72 0059 02       		.byte	0x2
  73 005a 07       		.byte	0x7
  74 005b 5E010000 		.4byte	.LASF6
  75 005f 04       		.uleb128 0x4
  76 0060 5C040000 		.4byte	.LASF7
  77 0064 01       		.byte	0x1
  78 0065 4D       		.byte	0x4d
  79 0066 18       		.byte	0x18
  80 0067 6B000000 		.4byte	0x6b
  81 006b 03       		.uleb128 0x3
  82 006c 04       		.byte	0x4
  83 006d 05       		.byte	0x5
  84 006e B6000000 		.4byte	.LASF8
  85 0072 04       		.uleb128 0x4
  86 0073 F3000000 		.4byte	.LASF9
  87 0077 01       		.byte	0x1
  88 0078 4F       		.byte	0x4f
  89 0079 19       		.byte	0x19
  90 007a 7E000000 		.4byte	0x7e
  91 007e 03       		.uleb128 0x3
  92 007f 04       		.byte	0x4
  93 0080 07       		.byte	0x7
  94 0081 24010000 		.4byte	.LASF10
  95 0085 03       		.uleb128 0x3
  96 0086 08       		.byte	0x8
  97 0087 05       		.byte	0x5
  98 0088 6D000000 		.4byte	.LASF11
  99 008c 03       		.uleb128 0x3
 100 008d 08       		.byte	0x8
 101 008e 07       		.byte	0x7
 102 008f 2B000000 		.4byte	.LASF12
 103 0093 04       		.uleb128 0x4
 104 0094 A8040000 		.4byte	.LASF13
 105 0098 02       		.byte	0x2
 106 0099 18       		.byte	0x18
 107 009a 13       		.byte	0x13
 108 009b 32000000 		.4byte	0x32
 109 009f 04       		.uleb128 0x4
 110 00a0 C8000000 		.4byte	.LASF14
 111 00a4 02       		.byte	0x2
 112 00a5 24       		.byte	0x24
 113 00a6 14       		.byte	0x14
 114 00a7 4C000000 		.4byte	0x4c
ARM GAS  /var/folders/l5/0x54b2c10074c8bt31ycjvl80000gp/T//ccVsplG0.s 			page 3


 115 00ab 04       		.uleb128 0x4
 116 00ac 55030000 		.4byte	.LASF15
 117 00b0 02       		.byte	0x2
 118 00b1 2C       		.byte	0x2c
 119 00b2 13       		.byte	0x13
 120 00b3 5F000000 		.4byte	0x5f
 121 00b7 04       		.uleb128 0x4
 122 00b8 06040000 		.4byte	.LASF16
 123 00bc 02       		.byte	0x2
 124 00bd 30       		.byte	0x30
 125 00be 14       		.byte	0x14
 126 00bf 72000000 		.4byte	0x72
 127 00c3 04       		.uleb128 0x4
 128 00c4 4F020000 		.4byte	.LASF17
 129 00c8 03       		.byte	0x3
 130 00c9 2A       		.byte	0x2a
 131 00ca 19       		.byte	0x19
 132 00cb 93000000 		.4byte	0x93
 133 00cf 04       		.uleb128 0x4
 134 00d0 BF000000 		.4byte	.LASF18
 135 00d4 03       		.byte	0x3
 136 00d5 2B       		.byte	0x2b
 137 00d6 19       		.byte	0x19
 138 00d7 93000000 		.4byte	0x93
 139 00db 04       		.uleb128 0x4
 140 00dc 33030000 		.4byte	.LASF19
 141 00e0 03       		.byte	0x3
 142 00e1 2C       		.byte	0x2c
 143 00e2 19       		.byte	0x19
 144 00e3 93000000 		.4byte	0x93
 145 00e7 04       		.uleb128 0x4
 146 00e8 AC000000 		.4byte	.LASF20
 147 00ec 03       		.byte	0x3
 148 00ed 2D       		.byte	0x2d
 149 00ee 19       		.byte	0x19
 150 00ef 93000000 		.4byte	0x93
 151 00f3 04       		.uleb128 0x4
 152 00f4 4D030000 		.4byte	.LASF21
 153 00f8 03       		.byte	0x3
 154 00f9 2E       		.byte	0x2e
 155 00fa 19       		.byte	0x19
 156 00fb B7000000 		.4byte	0xb7
 157 00ff 04       		.uleb128 0x4
 158 0100 71010000 		.4byte	.LASF22
 159 0104 03       		.byte	0x3
 160 0105 2F       		.byte	0x2f
 161 0106 19       		.byte	0x19
 162 0107 AB000000 		.4byte	0xab
 163 010b 04       		.uleb128 0x4
 164 010c 63020000 		.4byte	.LASF23
 165 0110 03       		.byte	0x3
 166 0111 31       		.byte	0x31
 167 0112 19       		.byte	0x19
 168 0113 B7000000 		.4byte	0xb7
 169 0117 04       		.uleb128 0x4
 170 0118 47040000 		.4byte	.LASF24
 171 011c 03       		.byte	0x3
ARM GAS  /var/folders/l5/0x54b2c10074c8bt31ycjvl80000gp/T//ccVsplG0.s 			page 4


 172 011d 33       		.byte	0x33
 173 011e 19       		.byte	0x19
 174 011f B7000000 		.4byte	0xb7
 175 0123 05       		.uleb128 0x5
 176 0124 17010000 		.4byte	0x117
 177 0128 04       		.uleb128 0x4
 178 0129 E7030000 		.4byte	.LASF25
 179 012d 04       		.byte	0x4
 180 012e 23       		.byte	0x23
 181 012f 17       		.byte	0x17
 182 0130 34010000 		.4byte	0x134
 183 0134 06       		.uleb128 0x6
 184 0135 E7030000 		.4byte	.LASF25
 185 0139 44       		.byte	0x44
 186 013a 05       		.byte	0x5
 187 013b 57       		.byte	0x57
 188 013c 08       		.byte	0x8
 189 013d 39020000 		.4byte	0x239
 190 0141 07       		.uleb128 0x7
 191 0142 AB030000 		.4byte	.LASF26
 192 0146 05       		.byte	0x5
 193 0147 58       		.byte	0x58
 194 0148 1A       		.byte	0x1a
 195 0149 5D020000 		.4byte	0x25d
 196 014d 00       		.byte	0
 197 014e 07       		.uleb128 0x7
 198 014f 46030000 		.4byte	.LASF27
 199 0153 05       		.byte	0x5
 200 0154 5A       		.byte	0x5a
 201 0155 1A       		.byte	0x1a
 202 0156 5D020000 		.4byte	0x25d
 203 015a 04       		.byte	0x4
 204 015b 07       		.uleb128 0x7
 205 015c 59000000 		.4byte	.LASF28
 206 0160 05       		.byte	0x5
 207 0161 5C       		.byte	0x5c
 208 0162 19       		.byte	0x19
 209 0163 F3000000 		.4byte	0xf3
 210 0167 08       		.byte	0x8
 211 0168 07       		.uleb128 0x7
 212 0169 E3040000 		.4byte	.LASF29
 213 016d 05       		.byte	0x5
 214 016e 5D       		.byte	0x5d
 215 016f 19       		.byte	0x19
 216 0170 28030000 		.4byte	0x328
 217 0174 0C       		.byte	0xc
 218 0175 07       		.uleb128 0x7
 219 0176 DB000000 		.4byte	.LASF30
 220 017a 05       		.byte	0x5
 221 017b 5F       		.byte	0x5f
 222 017c 1A       		.byte	0x1a
 223 017d 5D020000 		.4byte	0x25d
 224 0181 10       		.byte	0x10
 225 0182 07       		.uleb128 0x7
 226 0183 BC020000 		.4byte	.LASF31
 227 0187 05       		.byte	0x5
 228 0188 60       		.byte	0x60
ARM GAS  /var/folders/l5/0x54b2c10074c8bt31ycjvl80000gp/T//ccVsplG0.s 			page 5


 229 0189 1A       		.byte	0x1a
 230 018a 5D020000 		.4byte	0x25d
 231 018e 14       		.byte	0x14
 232 018f 07       		.uleb128 0x7
 233 0190 B7040000 		.4byte	.LASF32
 234 0194 05       		.byte	0x5
 235 0195 67       		.byte	0x67
 236 0196 1A       		.byte	0x1a
 237 0197 0E050000 		.4byte	0x50e
 238 019b 18       		.byte	0x18
 239 019c 07       		.uleb128 0x7
 240 019d 7F030000 		.4byte	.LASF33
 241 01a1 05       		.byte	0x5
 242 01a2 72       		.byte	0x72
 243 01a3 19       		.byte	0x19
 244 01a4 CF000000 		.4byte	0xcf
 245 01a8 1C       		.byte	0x1c
 246 01a9 07       		.uleb128 0x7
 247 01aa C1030000 		.4byte	.LASF34
 248 01ae 05       		.byte	0x5
 249 01af 76       		.byte	0x76
 250 01b0 19       		.byte	0x19
 251 01b1 C3000000 		.4byte	0xc3
 252 01b5 1D       		.byte	0x1d
 253 01b6 07       		.uleb128 0x7
 254 01b7 91040000 		.4byte	.LASF35
 255 01bb 05       		.byte	0x5
 256 01bc 7B       		.byte	0x7b
 257 01bd 19       		.byte	0x19
 258 01be DB000000 		.4byte	0xdb
 259 01c2 1E       		.byte	0x1e
 260 01c3 07       		.uleb128 0x7
 261 01c4 87030000 		.4byte	.LASF36
 262 01c8 05       		.byte	0x5
 263 01c9 81       		.byte	0x81
 264 01ca 19       		.byte	0x19
 265 01cb E7000000 		.4byte	0xe7
 266 01cf 1F       		.byte	0x1f
 267 01d0 07       		.uleb128 0x7
 268 01d1 66040000 		.4byte	.LASF37
 269 01d5 05       		.byte	0x5
 270 01d6 88       		.byte	0x88
 271 01d7 19       		.byte	0x19
 272 01d8 23010000 		.4byte	0x123
 273 01dc 20       		.byte	0x20
 274 01dd 08       		.uleb128 0x8
 275 01de 705F7500 		.ascii	"p_u\000"
 276 01e2 05       		.byte	0x5
 277 01e3 AD       		.byte	0xad
 278 01e4 19       		.byte	0x19
 279 01e5 D4040000 		.4byte	0x4d4
 280 01e9 24       		.byte	0x24
 281 01ea 07       		.uleb128 0x7
 282 01eb E9040000 		.4byte	.LASF38
 283 01ef 05       		.byte	0x5
 284 01f0 B2       		.byte	0xb2
 285 01f1 19       		.byte	0x19
ARM GAS  /var/folders/l5/0x54b2c10074c8bt31ycjvl80000gp/T//ccVsplG0.s 			page 6


 286 01f2 86020000 		.4byte	0x286
 287 01f6 28       		.byte	0x28
 288 01f7 07       		.uleb128 0x7
 289 01f8 74040000 		.4byte	.LASF39
 290 01fc 05       		.byte	0x5
 291 01fd B8       		.byte	0xb8
 292 01fe 19       		.byte	0x19
 293 01ff 63020000 		.4byte	0x263
 294 0203 2C       		.byte	0x2c
 295 0204 07       		.uleb128 0x7
 296 0205 0D000000 		.4byte	.LASF40
 297 0209 05       		.byte	0x5
 298 020a BC       		.byte	0xbc
 299 020b 19       		.byte	0x19
 300 020c FF000000 		.4byte	0xff
 301 0210 34       		.byte	0x34
 302 0211 07       		.uleb128 0x7
 303 0212 FB030000 		.4byte	.LASF41
 304 0216 05       		.byte	0x5
 305 0217 C2       		.byte	0xc2
 306 0218 19       		.byte	0x19
 307 0219 0B010000 		.4byte	0x10b
 308 021d 38       		.byte	0x38
 309 021e 07       		.uleb128 0x7
 310 021f 6B030000 		.4byte	.LASF42
 311 0223 05       		.byte	0x5
 312 0224 C9       		.byte	0xc9
 313 0225 1A       		.byte	0x1a
 314 0226 20050000 		.4byte	0x520
 315 022a 3C       		.byte	0x3c
 316 022b 07       		.uleb128 0x7
 317 022c 51040000 		.4byte	.LASF43
 318 0230 05       		.byte	0x5
 319 0231 CD       		.byte	0xcd
 320 0232 19       		.byte	0x19
 321 0233 F3000000 		.4byte	0xf3
 322 0237 40       		.byte	0x40
 323 0238 00       		.byte	0
 324 0239 09       		.uleb128 0x9
 325 023a 08       		.byte	0x8
 326 023b 04       		.byte	0x4
 327 023c 5A       		.byte	0x5a
 328 023d 09       		.byte	0x9
 329 023e 5D020000 		.4byte	0x25d
 330 0242 07       		.uleb128 0x7
 331 0243 AB030000 		.4byte	.LASF26
 332 0247 04       		.byte	0x4
 333 0248 5B       		.byte	0x5b
 334 0249 1A       		.byte	0x1a
 335 024a 5D020000 		.4byte	0x25d
 336 024e 00       		.byte	0
 337 024f 07       		.uleb128 0x7
 338 0250 46030000 		.4byte	.LASF27
 339 0254 04       		.byte	0x4
 340 0255 5D       		.byte	0x5d
 341 0256 1A       		.byte	0x1a
 342 0257 5D020000 		.4byte	0x25d
ARM GAS  /var/folders/l5/0x54b2c10074c8bt31ycjvl80000gp/T//ccVsplG0.s 			page 7


 343 025b 04       		.byte	0x4
 344 025c 00       		.byte	0
 345 025d 0A       		.uleb128 0xa
 346 025e 04       		.byte	0x4
 347 025f 28010000 		.4byte	0x128
 348 0263 04       		.uleb128 0x4
 349 0264 CA020000 		.4byte	.LASF44
 350 0268 04       		.byte	0x4
 351 0269 5F       		.byte	0x5f
 352 026a 03       		.byte	0x3
 353 026b 39020000 		.4byte	0x239
 354 026f 09       		.uleb128 0x9
 355 0270 04       		.byte	0x4
 356 0271 04       		.byte	0x4
 357 0272 64       		.byte	0x64
 358 0273 09       		.byte	0x9
 359 0274 86020000 		.4byte	0x286
 360 0278 07       		.uleb128 0x7
 361 0279 AB030000 		.4byte	.LASF26
 362 027d 04       		.byte	0x4
 363 027e 66       		.byte	0x66
 364 027f 16       		.byte	0x16
 365 0280 5D020000 		.4byte	0x25d
 366 0284 00       		.byte	0
 367 0285 00       		.byte	0
 368 0286 04       		.uleb128 0x4
 369 0287 57020000 		.4byte	.LASF45
 370 028b 04       		.byte	0x4
 371 028c 69       		.byte	0x69
 372 028d 03       		.byte	0x3
 373 028e 6F020000 		.4byte	0x26f
 374 0292 04       		.uleb128 0x4
 375 0293 75020000 		.4byte	.LASF46
 376 0297 06       		.byte	0x6
 377 0298 9D       		.byte	0x9d
 378 0299 12       		.byte	0x12
 379 029a B7000000 		.4byte	0xb7
 380 029e 04       		.uleb128 0x4
 381 029f FE000000 		.4byte	.LASF47
 382 02a3 06       		.byte	0x6
 383 02a4 A2       		.byte	0xa2
 384 02a5 0F       		.byte	0xf
 385 02a6 AA020000 		.4byte	0x2aa
 386 02aa 0B       		.uleb128 0xb
 387 02ab 04       		.byte	0x4
 388 02ac 06       		.uleb128 0x6
 389 02ad 6D040000 		.4byte	.LASF48
 390 02b1 24       		.byte	0x24
 391 02b2 06       		.byte	0x6
 392 02b3 B9       		.byte	0xb9
 393 02b4 08       		.byte	0x8
 394 02b5 28030000 		.4byte	0x328
 395 02b9 08       		.uleb128 0x8
 396 02ba 723400   		.ascii	"r4\000"
 397 02bd 06       		.byte	0x6
 398 02be BA       		.byte	0xba
 399 02bf 11       		.byte	0x11
ARM GAS  /var/folders/l5/0x54b2c10074c8bt31ycjvl80000gp/T//ccVsplG0.s 			page 8


 400 02c0 9E020000 		.4byte	0x29e
 401 02c4 00       		.byte	0
 402 02c5 08       		.uleb128 0x8
 403 02c6 723500   		.ascii	"r5\000"
 404 02c9 06       		.byte	0x6
 405 02ca BB       		.byte	0xbb
 406 02cb 11       		.byte	0x11
 407 02cc 9E020000 		.4byte	0x29e
 408 02d0 04       		.byte	0x4
 409 02d1 08       		.uleb128 0x8
 410 02d2 723600   		.ascii	"r6\000"
 411 02d5 06       		.byte	0x6
 412 02d6 BC       		.byte	0xbc
 413 02d7 11       		.byte	0x11
 414 02d8 9E020000 		.4byte	0x29e
 415 02dc 08       		.byte	0x8
 416 02dd 08       		.uleb128 0x8
 417 02de 723700   		.ascii	"r7\000"
 418 02e1 06       		.byte	0x6
 419 02e2 BD       		.byte	0xbd
 420 02e3 11       		.byte	0x11
 421 02e4 9E020000 		.4byte	0x29e
 422 02e8 0C       		.byte	0xc
 423 02e9 08       		.uleb128 0x8
 424 02ea 723800   		.ascii	"r8\000"
 425 02ed 06       		.byte	0x6
 426 02ee BE       		.byte	0xbe
 427 02ef 11       		.byte	0x11
 428 02f0 9E020000 		.4byte	0x29e
 429 02f4 10       		.byte	0x10
 430 02f5 08       		.uleb128 0x8
 431 02f6 723900   		.ascii	"r9\000"
 432 02f9 06       		.byte	0x6
 433 02fa BF       		.byte	0xbf
 434 02fb 11       		.byte	0x11
 435 02fc 9E020000 		.4byte	0x29e
 436 0300 14       		.byte	0x14
 437 0301 08       		.uleb128 0x8
 438 0302 72313000 		.ascii	"r10\000"
 439 0306 06       		.byte	0x6
 440 0307 C0       		.byte	0xc0
 441 0308 11       		.byte	0x11
 442 0309 9E020000 		.4byte	0x29e
 443 030d 18       		.byte	0x18
 444 030e 08       		.uleb128 0x8
 445 030f 72313100 		.ascii	"r11\000"
 446 0313 06       		.byte	0x6
 447 0314 C1       		.byte	0xc1
 448 0315 11       		.byte	0x11
 449 0316 9E020000 		.4byte	0x29e
 450 031a 1C       		.byte	0x1c
 451 031b 08       		.uleb128 0x8
 452 031c 6C7200   		.ascii	"lr\000"
 453 031f 06       		.byte	0x6
 454 0320 C2       		.byte	0xc2
 455 0321 11       		.byte	0x11
 456 0322 9E020000 		.4byte	0x29e
ARM GAS  /var/folders/l5/0x54b2c10074c8bt31ycjvl80000gp/T//ccVsplG0.s 			page 9


 457 0326 20       		.byte	0x20
 458 0327 00       		.byte	0
 459 0328 06       		.uleb128 0x6
 460 0329 56010000 		.4byte	.LASF49
 461 032d 04       		.byte	0x4
 462 032e 06       		.byte	0x6
 463 032f CA       		.byte	0xca
 464 0330 08       		.byte	0x8
 465 0331 43030000 		.4byte	0x343
 466 0335 08       		.uleb128 0x8
 467 0336 72313300 		.ascii	"r13\000"
 468 033a 06       		.byte	0x6
 469 033b CB       		.byte	0xcb
 470 033c 12       		.byte	0x12
 471 033d 43030000 		.4byte	0x343
 472 0341 00       		.byte	0
 473 0342 00       		.byte	0
 474 0343 0A       		.uleb128 0xa
 475 0344 04       		.byte	0x4
 476 0345 AC020000 		.4byte	0x2ac
 477 0349 04       		.uleb128 0x4
 478 034a 3F010000 		.4byte	.LASF50
 479 034e 07       		.byte	0x7
 480 034f 4E       		.byte	0x4e
 481 0350 10       		.byte	0x10
 482 0351 55030000 		.4byte	0x355
 483 0355 0A       		.uleb128 0xa
 484 0356 04       		.byte	0x4
 485 0357 5B030000 		.4byte	0x35b
 486 035b 0C       		.uleb128 0xc
 487 035c 66030000 		.4byte	0x366
 488 0360 0D       		.uleb128 0xd
 489 0361 AA020000 		.4byte	0x2aa
 490 0365 00       		.byte	0
 491 0366 04       		.uleb128 0x4
 492 0367 23040000 		.4byte	.LASF51
 493 036b 07       		.byte	0x7
 494 036c 53       		.byte	0x53
 495 036d 1D       		.byte	0x1d
 496 036e 72030000 		.4byte	0x372
 497 0372 06       		.uleb128 0x6
 498 0373 23040000 		.4byte	.LASF51
 499 0377 14       		.byte	0x14
 500 0378 07       		.byte	0x7
 501 0379 5A       		.byte	0x5a
 502 037a 08       		.byte	0x8
 503 037b C1030000 		.4byte	0x3c1
 504 037f 07       		.uleb128 0x7
 505 0380 1C010000 		.4byte	.LASF52
 506 0384 07       		.byte	0x7
 507 0385 5B       		.byte	0x5b
 508 0386 1A       		.byte	0x1a
 509 0387 C1030000 		.4byte	0x3c1
 510 038b 00       		.byte	0
 511 038c 07       		.uleb128 0x7
 512 038d 07010000 		.4byte	.LASF53
 513 0391 07       		.byte	0x7
ARM GAS  /var/folders/l5/0x54b2c10074c8bt31ycjvl80000gp/T//ccVsplG0.s 			page 10


 514 0392 5D       		.byte	0x5d
 515 0393 1A       		.byte	0x1a
 516 0394 C1030000 		.4byte	0x3c1
 517 0398 04       		.byte	0x4
 518 0399 07       		.uleb128 0x7
 519 039a 94020000 		.4byte	.LASF54
 520 039e 07       		.byte	0x7
 521 039f 5F       		.byte	0x5f
 522 03a0 19       		.byte	0x19
 523 03a1 17010000 		.4byte	0x117
 524 03a5 08       		.byte	0x8
 525 03a6 07       		.uleb128 0x7
 526 03a7 9C020000 		.4byte	.LASF55
 527 03ab 07       		.byte	0x7
 528 03ac 60       		.byte	0x60
 529 03ad 19       		.byte	0x19
 530 03ae 49030000 		.4byte	0x349
 531 03b2 0C       		.byte	0xc
 532 03b3 07       		.uleb128 0x7
 533 03b4 7F040000 		.4byte	.LASF56
 534 03b8 07       		.byte	0x7
 535 03b9 62       		.byte	0x62
 536 03ba 1A       		.byte	0x1a
 537 03bb AA020000 		.4byte	0x2aa
 538 03bf 10       		.byte	0x10
 539 03c0 00       		.byte	0
 540 03c1 0A       		.uleb128 0xa
 541 03c2 04       		.byte	0x4
 542 03c3 66030000 		.4byte	0x366
 543 03c7 09       		.uleb128 0x9
 544 03c8 10       		.byte	0x10
 545 03c9 07       		.byte	0x7
 546 03ca 6C       		.byte	0x6c
 547 03cb 09       		.byte	0x9
 548 03cc 05040000 		.4byte	0x405
 549 03d0 07       		.uleb128 0x7
 550 03d1 1C010000 		.4byte	.LASF52
 551 03d5 07       		.byte	0x7
 552 03d6 6D       		.byte	0x6d
 553 03d7 1A       		.byte	0x1a
 554 03d8 C1030000 		.4byte	0x3c1
 555 03dc 00       		.byte	0
 556 03dd 07       		.uleb128 0x7
 557 03de 07010000 		.4byte	.LASF53
 558 03e2 07       		.byte	0x7
 559 03e3 6F       		.byte	0x6f
 560 03e4 1A       		.byte	0x1a
 561 03e5 C1030000 		.4byte	0x3c1
 562 03e9 04       		.byte	0x4
 563 03ea 07       		.uleb128 0x7
 564 03eb 94020000 		.4byte	.LASF54
 565 03ef 07       		.byte	0x7
 566 03f0 71       		.byte	0x71
 567 03f1 19       		.byte	0x19
 568 03f2 17010000 		.4byte	0x117
 569 03f6 08       		.byte	0x8
 570 03f7 07       		.uleb128 0x7
ARM GAS  /var/folders/l5/0x54b2c10074c8bt31ycjvl80000gp/T//ccVsplG0.s 			page 11


 571 03f8 BE040000 		.4byte	.LASF57
 572 03fc 07       		.byte	0x7
 573 03fd 72       		.byte	0x72
 574 03fe 19       		.byte	0x19
 575 03ff 23010000 		.4byte	0x123
 576 0403 0C       		.byte	0xc
 577 0404 00       		.byte	0
 578 0405 04       		.uleb128 0x4
 579 0406 D4040000 		.4byte	.LASF58
 580 040a 07       		.byte	0x7
 581 040b 73       		.byte	0x73
 582 040c 03       		.byte	0x3
 583 040d C7030000 		.4byte	0x3c7
 584 0411 0E       		.uleb128 0xe
 585 0412 24000000 		.4byte	.LASF66
 586 0416 07       		.byte	0x7
 587 0417 D1       		.byte	0xd1
 588 0418 0F       		.byte	0xf
 589 0419 05040000 		.4byte	0x405
 590 041d 09       		.uleb128 0x9
 591 041e 1C       		.byte	0x1c
 592 041f 08       		.byte	0x8
 593 0420 57       		.byte	0x57
 594 0421 09       		.byte	0x9
 595 0422 75040000 		.4byte	0x475
 596 0426 07       		.uleb128 0x7
 597 0427 1B040000 		.4byte	.LASF59
 598 042b 08       		.byte	0x8
 599 042c 58       		.byte	0x58
 600 042d 19       		.byte	0x19
 601 042e 63020000 		.4byte	0x263
 602 0432 00       		.byte	0
 603 0433 07       		.uleb128 0x7
 604 0434 9D030000 		.4byte	.LASF60
 605 0438 08       		.byte	0x8
 606 0439 59       		.byte	0x59
 607 043a 19       		.byte	0x19
 608 043b F3000000 		.4byte	0xf3
 609 043f 08       		.byte	0x8
 610 0440 07       		.uleb128 0x7
 611 0441 C4020000 		.4byte	.LASF61
 612 0445 08       		.byte	0x8
 613 0446 5B       		.byte	0x5b
 614 0447 19       		.byte	0x19
 615 0448 28030000 		.4byte	0x328
 616 044c 0C       		.byte	0xc
 617 044d 07       		.uleb128 0x7
 618 044e 77010000 		.4byte	.LASF62
 619 0452 08       		.byte	0x8
 620 0453 5E       		.byte	0x5e
 621 0454 1A       		.byte	0x1a
 622 0455 5D020000 		.4byte	0x25d
 623 0459 10       		.byte	0x10
 624 045a 07       		.uleb128 0x7
 625 045b 2B030000 		.4byte	.LASF63
 626 045f 08       		.byte	0x8
 627 0460 5F       		.byte	0x5f
ARM GAS  /var/folders/l5/0x54b2c10074c8bt31ycjvl80000gp/T//ccVsplG0.s 			page 12


 628 0461 1A       		.byte	0x1a
 629 0462 5D020000 		.4byte	0x25d
 630 0466 14       		.byte	0x14
 631 0467 07       		.uleb128 0x7
 632 0468 21030000 		.4byte	.LASF64
 633 046c 08       		.byte	0x8
 634 046d 62       		.byte	0x62
 635 046e 1A       		.byte	0x1a
 636 046f 5D020000 		.4byte	0x25d
 637 0473 18       		.byte	0x18
 638 0474 00       		.byte	0
 639 0475 04       		.uleb128 0x4
 640 0476 98040000 		.4byte	.LASF65
 641 047a 08       		.byte	0x8
 642 047b 64       		.byte	0x64
 643 047c 03       		.byte	0x3
 644 047d 1D040000 		.4byte	0x41d
 645 0481 0E       		.uleb128 0xe
 646 0482 A2040000 		.4byte	.LASF67
 647 0486 08       		.byte	0x8
 648 0487 68       		.byte	0x68
 649 0488 12       		.byte	0x12
 650 0489 75040000 		.4byte	0x475
 651 048d 06       		.uleb128 0x6
 652 048e 6F020000 		.4byte	.LASF68
 653 0492 10       		.byte	0x10
 654 0493 09       		.byte	0x9
 655 0494 25       		.byte	0x25
 656 0495 10       		.byte	0x10
 657 0496 C2040000 		.4byte	0x4c2
 658 049a 07       		.uleb128 0x7
 659 049b A4000000 		.4byte	.LASF69
 660 049f 09       		.byte	0x9
 661 04a0 26       		.byte	0x26
 662 04a1 19       		.byte	0x19
 663 04a2 63020000 		.4byte	0x263
 664 04a6 00       		.byte	0
 665 04a7 07       		.uleb128 0x7
 666 04a8 DB040000 		.4byte	.LASF70
 667 04ac 09       		.byte	0x9
 668 04ad 28       		.byte	0x28
 669 04ae 1A       		.byte	0x1a
 670 04af 5D020000 		.4byte	0x25d
 671 04b3 08       		.byte	0x8
 672 04b4 07       		.uleb128 0x7
 673 04b5 40040000 		.4byte	.LASF71
 674 04b9 09       		.byte	0x9
 675 04ba 2A       		.byte	0x2a
 676 04bb 1A       		.byte	0x1a
 677 04bc C2040000 		.4byte	0x4c2
 678 04c0 0C       		.byte	0xc
 679 04c1 00       		.byte	0
 680 04c2 0A       		.uleb128 0xa
 681 04c3 04       		.byte	0x4
 682 04c4 8D040000 		.4byte	0x48d
 683 04c8 04       		.uleb128 0x4
 684 04c9 6F020000 		.4byte	.LASF68
ARM GAS  /var/folders/l5/0x54b2c10074c8bt31ycjvl80000gp/T//ccVsplG0.s 			page 13


 685 04cd 09       		.byte	0x9
 686 04ce 2C       		.byte	0x2c
 687 04cf 03       		.byte	0x3
 688 04d0 8D040000 		.4byte	0x48d
 689 04d4 0F       		.uleb128 0xf
 690 04d5 04       		.byte	0x4
 691 04d6 05       		.byte	0x5
 692 04d7 8F       		.byte	0x8f
 693 04d8 03       		.byte	0x3
 694 04d9 0E050000 		.4byte	0x50e
 695 04dd 10       		.uleb128 0x10
 696 04de 13000000 		.4byte	.LASF72
 697 04e2 05       		.byte	0x5
 698 04e3 96       		.byte	0x96
 699 04e4 19       		.byte	0x19
 700 04e5 FF000000 		.4byte	0xff
 701 04e9 10       		.uleb128 0x10
 702 04ea 50000000 		.4byte	.LASF73
 703 04ee 05       		.byte	0x5
 704 04ef 9D       		.byte	0x9d
 705 04f0 19       		.byte	0x19
 706 04f1 FF000000 		.4byte	0xff
 707 04f5 10       		.uleb128 0x10
 708 04f6 B0040000 		.4byte	.LASF74
 709 04fa 05       		.byte	0x5
 710 04fb A4       		.byte	0xa4
 711 04fc 1A       		.byte	0x1a
 712 04fd AA020000 		.4byte	0x2aa
 713 0501 10       		.uleb128 0x10
 714 0502 A4030000 		.4byte	.LASF75
 715 0506 05       		.byte	0x5
 716 0507 AB       		.byte	0xab
 717 0508 19       		.byte	0x19
 718 0509 0B010000 		.4byte	0x10b
 719 050d 00       		.byte	0
 720 050e 0A       		.uleb128 0xa
 721 050f 04       		.byte	0x4
 722 0510 1B050000 		.4byte	0x51b
 723 0514 03       		.uleb128 0x3
 724 0515 01       		.byte	0x1
 725 0516 08       		.byte	0x8
 726 0517 30040000 		.4byte	.LASF76
 727 051b 11       		.uleb128 0x11
 728 051c 14050000 		.4byte	0x514
 729 0520 0A       		.uleb128 0xa
 730 0521 04       		.byte	0x4
 731 0522 C8040000 		.4byte	0x4c8
 732 0526 09       		.uleb128 0x9
 733 0527 16       		.byte	0x16
 734 0528 0A       		.byte	0xa
 735 0529 25       		.byte	0x25
 736 052a 09       		.byte	0x9
 737 052b 1A060000 		.4byte	0x61a
 738 052f 07       		.uleb128 0x7
 739 0530 48010000 		.4byte	.LASF77
 740 0534 0A       		.byte	0xa
 741 0535 26       		.byte	0x26
ARM GAS  /var/folders/l5/0x54b2c10074c8bt31ycjvl80000gp/T//ccVsplG0.s 			page 14


 742 0536 0D       		.byte	0xd
 743 0537 1A060000 		.4byte	0x61a
 744 053b 00       		.byte	0
 745 053c 07       		.uleb128 0x7
 746 053d 80020000 		.4byte	.LASF78
 747 0541 0A       		.byte	0xa
 748 0542 27       		.byte	0x27
 749 0543 0D       		.byte	0xd
 750 0544 93000000 		.4byte	0x93
 751 0548 04       		.byte	0x4
 752 0549 07       		.uleb128 0x7
 753 054a 19030000 		.4byte	.LASF79
 754 054e 0A       		.byte	0xa
 755 054f 28       		.byte	0x28
 756 0550 0D       		.byte	0xd
 757 0551 93000000 		.4byte	0x93
 758 0555 05       		.byte	0x5
 759 0556 07       		.uleb128 0x7
 760 0557 C9040000 		.4byte	.LASF80
 761 055b 0A       		.byte	0xa
 762 055c 29       		.byte	0x29
 763 055d 0D       		.byte	0xd
 764 055e 9F000000 		.4byte	0x9f
 765 0562 06       		.byte	0x6
 766 0563 07       		.uleb128 0x7
 767 0564 3B030000 		.4byte	.LASF81
 768 0568 0A       		.byte	0xa
 769 0569 2A       		.byte	0x2a
 770 056a 0D       		.byte	0xd
 771 056b 93000000 		.4byte	0x93
 772 056f 08       		.byte	0x8
 773 0570 07       		.uleb128 0x7
 774 0571 A4020000 		.4byte	.LASF82
 775 0575 0A       		.byte	0xa
 776 0576 2B       		.byte	0x2b
 777 0577 0D       		.byte	0xd
 778 0578 93000000 		.4byte	0x93
 779 057c 09       		.byte	0x9
 780 057d 07       		.uleb128 0x7
 781 057e 42000000 		.4byte	.LASF83
 782 0582 0A       		.byte	0xa
 783 0583 2C       		.byte	0x2c
 784 0584 0D       		.byte	0xd
 785 0585 93000000 		.4byte	0x93
 786 0589 0A       		.byte	0xa
 787 058a 07       		.uleb128 0x7
 788 058b 0F040000 		.4byte	.LASF84
 789 058f 0A       		.byte	0xa
 790 0590 2D       		.byte	0x2d
 791 0591 0D       		.byte	0xd
 792 0592 93000000 		.4byte	0x93
 793 0596 0B       		.byte	0xb
 794 0597 07       		.uleb128 0x7
 795 0598 86040000 		.4byte	.LASF85
 796 059c 0A       		.byte	0xa
 797 059d 2E       		.byte	0x2e
 798 059e 0D       		.byte	0xd
ARM GAS  /var/folders/l5/0x54b2c10074c8bt31ycjvl80000gp/T//ccVsplG0.s 			page 15


 799 059f 93000000 		.4byte	0x93
 800 05a3 0C       		.byte	0xc
 801 05a4 07       		.uleb128 0x7
 802 05a5 EE030000 		.4byte	.LASF86
 803 05a9 0A       		.byte	0xa
 804 05aa 2F       		.byte	0x2f
 805 05ab 0D       		.byte	0xd
 806 05ac 93000000 		.4byte	0x93
 807 05b0 0D       		.byte	0xd
 808 05b1 07       		.uleb128 0x7
 809 05b2 00000000 		.4byte	.LASF87
 810 05b6 0A       		.byte	0xa
 811 05b7 30       		.byte	0x30
 812 05b8 0D       		.byte	0xd
 813 05b9 93000000 		.4byte	0x93
 814 05bd 0E       		.byte	0xe
 815 05be 07       		.uleb128 0x7
 816 05bf B0020000 		.4byte	.LASF88
 817 05c3 0A       		.byte	0xa
 818 05c4 31       		.byte	0x31
 819 05c5 0D       		.byte	0xd
 820 05c6 93000000 		.4byte	0x93
 821 05ca 0F       		.byte	0xf
 822 05cb 07       		.uleb128 0x7
 823 05cc 87000000 		.4byte	.LASF89
 824 05d0 0A       		.byte	0xa
 825 05d1 32       		.byte	0x32
 826 05d2 0D       		.byte	0xd
 827 05d3 93000000 		.4byte	0x93
 828 05d7 10       		.byte	0x10
 829 05d8 07       		.uleb128 0x7
 830 05d9 60000000 		.4byte	.LASF90
 831 05dd 0A       		.byte	0xa
 832 05de 34       		.byte	0x34
 833 05df 0D       		.byte	0xd
 834 05e0 93000000 		.4byte	0x93
 835 05e4 11       		.byte	0x11
 836 05e5 07       		.uleb128 0x7
 837 05e6 97000000 		.4byte	.LASF91
 838 05ea 0A       		.byte	0xa
 839 05eb 35       		.byte	0x35
 840 05ec 0D       		.byte	0xd
 841 05ed 93000000 		.4byte	0x93
 842 05f1 12       		.byte	0x12
 843 05f2 07       		.uleb128 0x7
 844 05f3 88020000 		.4byte	.LASF92
 845 05f7 0A       		.byte	0xa
 846 05f8 36       		.byte	0x36
 847 05f9 0D       		.byte	0xd
 848 05fa 93000000 		.4byte	0x93
 849 05fe 13       		.byte	0x13
 850 05ff 07       		.uleb128 0x7
 851 0600 B2030000 		.4byte	.LASF93
 852 0604 0A       		.byte	0xa
 853 0605 37       		.byte	0x37
 854 0606 0D       		.byte	0xd
 855 0607 93000000 		.4byte	0x93
ARM GAS  /var/folders/l5/0x54b2c10074c8bt31ycjvl80000gp/T//ccVsplG0.s 			page 16


 856 060b 14       		.byte	0x14
 857 060c 07       		.uleb128 0x7
 858 060d 91030000 		.4byte	.LASF94
 859 0611 0A       		.byte	0xa
 860 0612 39       		.byte	0x39
 861 0613 0D       		.byte	0xd
 862 0614 93000000 		.4byte	0x93
 863 0618 15       		.byte	0x15
 864 0619 00       		.byte	0
 865 061a 12       		.uleb128 0x12
 866 061b 14050000 		.4byte	0x514
 867 061f 2A060000 		.4byte	0x62a
 868 0623 13       		.uleb128 0x13
 869 0624 24000000 		.4byte	0x24
 870 0628 03       		.byte	0x3
 871 0629 00       		.byte	0
 872 062a 04       		.uleb128 0x4
 873 062b D1000000 		.4byte	.LASF95
 874 062f 0A       		.byte	0xa
 875 0630 3A       		.byte	0x3a
 876 0631 03       		.byte	0x3
 877 0632 26050000 		.4byte	0x526
 878 0636 11       		.uleb128 0x11
 879 0637 2A060000 		.4byte	0x62a
 880 063b 0E       		.uleb128 0xe
 881 063c 36010000 		.4byte	.LASF96
 882 0640 0A       		.byte	0xa
 883 0641 77       		.byte	0x77
 884 0642 1D       		.byte	0x1d
 885 0643 36060000 		.4byte	0x636
 886 0647 12       		.uleb128 0x12
 887 0648 92020000 		.4byte	0x292
 888 064c 57060000 		.4byte	0x657
 889 0650 13       		.uleb128 0x13
 890 0651 24000000 		.4byte	0x24
 891 0655 26       		.byte	0x26
 892 0656 00       		.byte	0
 893 0657 0E       		.uleb128 0xe
 894 0658 E3000000 		.4byte	.LASF97
 895 065c 0B       		.byte	0xb
 896 065d 82       		.byte	0x82
 897 065e 08       		.byte	0x8
 898 065f 47060000 		.4byte	0x647
 899 0663 00       		.byte	0
 900              		.section	.debug_abbrev,"",%progbits
 901              	.Ldebug_abbrev0:
 902 0000 01       		.uleb128 0x1
 903 0001 11       		.uleb128 0x11
 904 0002 01       		.byte	0x1
 905 0003 25       		.uleb128 0x25
 906 0004 0E       		.uleb128 0xe
 907 0005 13       		.uleb128 0x13
 908 0006 0B       		.uleb128 0xb
 909 0007 03       		.uleb128 0x3
 910 0008 0E       		.uleb128 0xe
 911 0009 1B       		.uleb128 0x1b
 912 000a 0E       		.uleb128 0xe
ARM GAS  /var/folders/l5/0x54b2c10074c8bt31ycjvl80000gp/T//ccVsplG0.s 			page 17


 913 000b 10       		.uleb128 0x10
 914 000c 17       		.uleb128 0x17
 915 000d 00       		.byte	0
 916 000e 00       		.byte	0
 917 000f 02       		.uleb128 0x2
 918 0010 24       		.uleb128 0x24
 919 0011 00       		.byte	0
 920 0012 0B       		.uleb128 0xb
 921 0013 0B       		.uleb128 0xb
 922 0014 3E       		.uleb128 0x3e
 923 0015 0B       		.uleb128 0xb
 924 0016 03       		.uleb128 0x3
 925 0017 08       		.uleb128 0x8
 926 0018 00       		.byte	0
 927 0019 00       		.byte	0
 928 001a 03       		.uleb128 0x3
 929 001b 24       		.uleb128 0x24
 930 001c 00       		.byte	0
 931 001d 0B       		.uleb128 0xb
 932 001e 0B       		.uleb128 0xb
 933 001f 3E       		.uleb128 0x3e
 934 0020 0B       		.uleb128 0xb
 935 0021 03       		.uleb128 0x3
 936 0022 0E       		.uleb128 0xe
 937 0023 00       		.byte	0
 938 0024 00       		.byte	0
 939 0025 04       		.uleb128 0x4
 940 0026 16       		.uleb128 0x16
 941 0027 00       		.byte	0
 942 0028 03       		.uleb128 0x3
 943 0029 0E       		.uleb128 0xe
 944 002a 3A       		.uleb128 0x3a
 945 002b 0B       		.uleb128 0xb
 946 002c 3B       		.uleb128 0x3b
 947 002d 0B       		.uleb128 0xb
 948 002e 39       		.uleb128 0x39
 949 002f 0B       		.uleb128 0xb
 950 0030 49       		.uleb128 0x49
 951 0031 13       		.uleb128 0x13
 952 0032 00       		.byte	0
 953 0033 00       		.byte	0
 954 0034 05       		.uleb128 0x5
 955 0035 35       		.uleb128 0x35
 956 0036 00       		.byte	0
 957 0037 49       		.uleb128 0x49
 958 0038 13       		.uleb128 0x13
 959 0039 00       		.byte	0
 960 003a 00       		.byte	0
 961 003b 06       		.uleb128 0x6
 962 003c 13       		.uleb128 0x13
 963 003d 01       		.byte	0x1
 964 003e 03       		.uleb128 0x3
 965 003f 0E       		.uleb128 0xe
 966 0040 0B       		.uleb128 0xb
 967 0041 0B       		.uleb128 0xb
 968 0042 3A       		.uleb128 0x3a
 969 0043 0B       		.uleb128 0xb
ARM GAS  /var/folders/l5/0x54b2c10074c8bt31ycjvl80000gp/T//ccVsplG0.s 			page 18


 970 0044 3B       		.uleb128 0x3b
 971 0045 0B       		.uleb128 0xb
 972 0046 39       		.uleb128 0x39
 973 0047 0B       		.uleb128 0xb
 974 0048 01       		.uleb128 0x1
 975 0049 13       		.uleb128 0x13
 976 004a 00       		.byte	0
 977 004b 00       		.byte	0
 978 004c 07       		.uleb128 0x7
 979 004d 0D       		.uleb128 0xd
 980 004e 00       		.byte	0
 981 004f 03       		.uleb128 0x3
 982 0050 0E       		.uleb128 0xe
 983 0051 3A       		.uleb128 0x3a
 984 0052 0B       		.uleb128 0xb
 985 0053 3B       		.uleb128 0x3b
 986 0054 0B       		.uleb128 0xb
 987 0055 39       		.uleb128 0x39
 988 0056 0B       		.uleb128 0xb
 989 0057 49       		.uleb128 0x49
 990 0058 13       		.uleb128 0x13
 991 0059 38       		.uleb128 0x38
 992 005a 0B       		.uleb128 0xb
 993 005b 00       		.byte	0
 994 005c 00       		.byte	0
 995 005d 08       		.uleb128 0x8
 996 005e 0D       		.uleb128 0xd
 997 005f 00       		.byte	0
 998 0060 03       		.uleb128 0x3
 999 0061 08       		.uleb128 0x8
 1000 0062 3A       		.uleb128 0x3a
 1001 0063 0B       		.uleb128 0xb
 1002 0064 3B       		.uleb128 0x3b
 1003 0065 0B       		.uleb128 0xb
 1004 0066 39       		.uleb128 0x39
 1005 0067 0B       		.uleb128 0xb
 1006 0068 49       		.uleb128 0x49
 1007 0069 13       		.uleb128 0x13
 1008 006a 38       		.uleb128 0x38
 1009 006b 0B       		.uleb128 0xb
 1010 006c 00       		.byte	0
 1011 006d 00       		.byte	0
 1012 006e 09       		.uleb128 0x9
 1013 006f 13       		.uleb128 0x13
 1014 0070 01       		.byte	0x1
 1015 0071 0B       		.uleb128 0xb
 1016 0072 0B       		.uleb128 0xb
 1017 0073 3A       		.uleb128 0x3a
 1018 0074 0B       		.uleb128 0xb
 1019 0075 3B       		.uleb128 0x3b
 1020 0076 0B       		.uleb128 0xb
 1021 0077 39       		.uleb128 0x39
 1022 0078 0B       		.uleb128 0xb
 1023 0079 01       		.uleb128 0x1
 1024 007a 13       		.uleb128 0x13
 1025 007b 00       		.byte	0
 1026 007c 00       		.byte	0
ARM GAS  /var/folders/l5/0x54b2c10074c8bt31ycjvl80000gp/T//ccVsplG0.s 			page 19


 1027 007d 0A       		.uleb128 0xa
 1028 007e 0F       		.uleb128 0xf
 1029 007f 00       		.byte	0
 1030 0080 0B       		.uleb128 0xb
 1031 0081 0B       		.uleb128 0xb
 1032 0082 49       		.uleb128 0x49
 1033 0083 13       		.uleb128 0x13
 1034 0084 00       		.byte	0
 1035 0085 00       		.byte	0
 1036 0086 0B       		.uleb128 0xb
 1037 0087 0F       		.uleb128 0xf
 1038 0088 00       		.byte	0
 1039 0089 0B       		.uleb128 0xb
 1040 008a 0B       		.uleb128 0xb
 1041 008b 00       		.byte	0
 1042 008c 00       		.byte	0
 1043 008d 0C       		.uleb128 0xc
 1044 008e 15       		.uleb128 0x15
 1045 008f 01       		.byte	0x1
 1046 0090 27       		.uleb128 0x27
 1047 0091 19       		.uleb128 0x19
 1048 0092 01       		.uleb128 0x1
 1049 0093 13       		.uleb128 0x13
 1050 0094 00       		.byte	0
 1051 0095 00       		.byte	0
 1052 0096 0D       		.uleb128 0xd
 1053 0097 05       		.uleb128 0x5
 1054 0098 00       		.byte	0
 1055 0099 49       		.uleb128 0x49
 1056 009a 13       		.uleb128 0x13
 1057 009b 00       		.byte	0
 1058 009c 00       		.byte	0
 1059 009d 0E       		.uleb128 0xe
 1060 009e 34       		.uleb128 0x34
 1061 009f 00       		.byte	0
 1062 00a0 03       		.uleb128 0x3
 1063 00a1 0E       		.uleb128 0xe
 1064 00a2 3A       		.uleb128 0x3a
 1065 00a3 0B       		.uleb128 0xb
 1066 00a4 3B       		.uleb128 0x3b
 1067 00a5 0B       		.uleb128 0xb
 1068 00a6 39       		.uleb128 0x39
 1069 00a7 0B       		.uleb128 0xb
 1070 00a8 49       		.uleb128 0x49
 1071 00a9 13       		.uleb128 0x13
 1072 00aa 3F       		.uleb128 0x3f
 1073 00ab 19       		.uleb128 0x19
 1074 00ac 3C       		.uleb128 0x3c
 1075 00ad 19       		.uleb128 0x19
 1076 00ae 00       		.byte	0
 1077 00af 00       		.byte	0
 1078 00b0 0F       		.uleb128 0xf
 1079 00b1 17       		.uleb128 0x17
 1080 00b2 01       		.byte	0x1
 1081 00b3 0B       		.uleb128 0xb
 1082 00b4 0B       		.uleb128 0xb
 1083 00b5 3A       		.uleb128 0x3a
ARM GAS  /var/folders/l5/0x54b2c10074c8bt31ycjvl80000gp/T//ccVsplG0.s 			page 20


 1084 00b6 0B       		.uleb128 0xb
 1085 00b7 3B       		.uleb128 0x3b
 1086 00b8 0B       		.uleb128 0xb
 1087 00b9 39       		.uleb128 0x39
 1088 00ba 0B       		.uleb128 0xb
 1089 00bb 01       		.uleb128 0x1
 1090 00bc 13       		.uleb128 0x13
 1091 00bd 00       		.byte	0
 1092 00be 00       		.byte	0
 1093 00bf 10       		.uleb128 0x10
 1094 00c0 0D       		.uleb128 0xd
 1095 00c1 00       		.byte	0
 1096 00c2 03       		.uleb128 0x3
 1097 00c3 0E       		.uleb128 0xe
 1098 00c4 3A       		.uleb128 0x3a
 1099 00c5 0B       		.uleb128 0xb
 1100 00c6 3B       		.uleb128 0x3b
 1101 00c7 0B       		.uleb128 0xb
 1102 00c8 39       		.uleb128 0x39
 1103 00c9 0B       		.uleb128 0xb
 1104 00ca 49       		.uleb128 0x49
 1105 00cb 13       		.uleb128 0x13
 1106 00cc 00       		.byte	0
 1107 00cd 00       		.byte	0
 1108 00ce 11       		.uleb128 0x11
 1109 00cf 26       		.uleb128 0x26
 1110 00d0 00       		.byte	0
 1111 00d1 49       		.uleb128 0x49
 1112 00d2 13       		.uleb128 0x13
 1113 00d3 00       		.byte	0
 1114 00d4 00       		.byte	0
 1115 00d5 12       		.uleb128 0x12
 1116 00d6 01       		.uleb128 0x1
 1117 00d7 01       		.byte	0x1
 1118 00d8 49       		.uleb128 0x49
 1119 00d9 13       		.uleb128 0x13
 1120 00da 01       		.uleb128 0x1
 1121 00db 13       		.uleb128 0x13
 1122 00dc 00       		.byte	0
 1123 00dd 00       		.byte	0
 1124 00de 13       		.uleb128 0x13
 1125 00df 21       		.uleb128 0x21
 1126 00e0 00       		.byte	0
 1127 00e1 49       		.uleb128 0x49
 1128 00e2 13       		.uleb128 0x13
 1129 00e3 2F       		.uleb128 0x2f
 1130 00e4 0B       		.uleb128 0xb
 1131 00e5 00       		.byte	0
 1132 00e6 00       		.byte	0
 1133 00e7 00       		.byte	0
 1134              		.section	.debug_aranges,"",%progbits
 1135 0000 14000000 		.4byte	0x14
 1136 0004 0200     		.2byte	0x2
 1137 0006 00000000 		.4byte	.Ldebug_info0
 1138 000a 04       		.byte	0x4
 1139 000b 00       		.byte	0
 1140 000c 0000     		.2byte	0
ARM GAS  /var/folders/l5/0x54b2c10074c8bt31ycjvl80000gp/T//ccVsplG0.s 			page 21


 1141 000e 0000     		.2byte	0
 1142 0010 00000000 		.4byte	0
 1143 0014 00000000 		.4byte	0
 1144              		.section	.debug_line,"",%progbits
 1145              	.Ldebug_line0:
 1146 0000 6D010000 		.section	.debug_str,"MS",%progbits,1
 1146      03006701 
 1146      00000201 
 1146      FB0E0D00 
 1146      01010101 
 1147              	.LASF87:
 1148 0000 63665F6F 		.ascii	"cf_off_older\000"
 1148      66665F6F 
 1148      6C646572 
 1148      00
 1149              	.LASF40:
 1150 000d 705F6D73 		.ascii	"p_msg\000"
 1150      6700
 1151              	.LASF72:
 1152 0013 7264796D 		.ascii	"rdymsg\000"
 1152      736700
 1153              	.LASF4:
 1154 001a 5F5F7569 		.ascii	"__uint8_t\000"
 1154      6E74385F 
 1154      7400
 1155              	.LASF66:
 1156 0024 76746C69 		.ascii	"vtlist\000"
 1156      737400
 1157              	.LASF12:
 1158 002b 6C6F6E67 		.ascii	"long long unsigned int\000"
 1158      206C6F6E 
 1158      6720756E 
 1158      7369676E 
 1158      65642069 
 1159              	.LASF83:
 1160 0042 63685F74 		.ascii	"ch_threadsize\000"
 1160      68726561 
 1160      6473697A 
 1160      6500
 1161              	.LASF73:
 1162 0050 65786974 		.ascii	"exitcode\000"
 1162      636F6465 
 1162      00
 1163              	.LASF28:
 1164 0059 705F7072 		.ascii	"p_prio\000"
 1164      696F00
 1165              	.LASF90:
 1166 0060 63665F6F 		.ascii	"cf_off_state\000"
 1166      66665F73 
 1166      74617465 
 1166      00
 1167              	.LASF11:
 1168 006d 6C6F6E67 		.ascii	"long long int\000"
 1168      206C6F6E 
 1168      6720696E 
 1168      7400
 1169              	.LASF1:
ARM GAS  /var/folders/l5/0x54b2c10074c8bt31ycjvl80000gp/T//ccVsplG0.s 			page 22


 1170 007b 7369676E 		.ascii	"signed char\000"
 1170      65642063 
 1170      68617200 
 1171              	.LASF89:
 1172 0087 63665F6F 		.ascii	"cf_off_stklimit\000"
 1172      66665F73 
 1172      746B6C69 
 1172      6D697400 
 1173              	.LASF91:
 1174 0097 63665F6F 		.ascii	"cf_off_flags\000"
 1174      66665F66 
 1174      6C616773 
 1174      00
 1175              	.LASF69:
 1176 00a4 6D5F7175 		.ascii	"m_queue\000"
 1176      65756500 
 1177              	.LASF20:
 1178 00ac 74736C69 		.ascii	"tslices_t\000"
 1178      6365735F 
 1178      7400
 1179              	.LASF8:
 1180 00b6 6C6F6E67 		.ascii	"long int\000"
 1180      20696E74 
 1180      00
 1181              	.LASF18:
 1182 00bf 74737461 		.ascii	"tstate_t\000"
 1182      74655F74 
 1182      00
 1183              	.LASF14:
 1184 00c8 75696E74 		.ascii	"uint16_t\000"
 1184      31365F74 
 1184      00
 1185              	.LASF95:
 1186 00d1 63686465 		.ascii	"chdebug_t\000"
 1186      6275675F 
 1186      7400
 1187              	.LASF30:
 1188 00db 705F6E65 		.ascii	"p_newer\000"
 1188      77657200 
 1189              	.LASF97:
 1190 00e3 5F69646C 		.ascii	"_idle_thread_wa\000"
 1190      655F7468 
 1190      72656164 
 1190      5F776100 
 1191              	.LASF9:
 1192 00f3 5F5F7569 		.ascii	"__uint32_t\000"
 1192      6E743332 
 1192      5F7400
 1193              	.LASF47:
 1194 00fe 72656761 		.ascii	"regarm_t\000"
 1194      726D5F74 
 1194      00
 1195              	.LASF53:
 1196 0107 76745F70 		.ascii	"vt_prev\000"
 1196      72657600 
 1197              	.LASF0:
 1198 010f 756E7369 		.ascii	"unsigned int\000"
ARM GAS  /var/folders/l5/0x54b2c10074c8bt31ycjvl80000gp/T//ccVsplG0.s 			page 23


 1198      676E6564 
 1198      20696E74 
 1198      00
 1199              	.LASF52:
 1200 011c 76745F6E 		.ascii	"vt_next\000"
 1200      65787400 
 1201              	.LASF10:
 1202 0124 6C6F6E67 		.ascii	"long unsigned int\000"
 1202      20756E73 
 1202      69676E65 
 1202      6420696E 
 1202      7400
 1203              	.LASF96:
 1204 0136 63685F64 		.ascii	"ch_debug\000"
 1204      65627567 
 1204      00
 1205              	.LASF50:
 1206 013f 76746675 		.ascii	"vtfunc_t\000"
 1206      6E635F74 
 1206      00
 1207              	.LASF77:
 1208 0148 63685F69 		.ascii	"ch_identifier\000"
 1208      64656E74 
 1208      69666965 
 1208      7200
 1209              	.LASF49:
 1210 0156 636F6E74 		.ascii	"context\000"
 1210      65787400 
 1211              	.LASF6:
 1212 015e 73686F72 		.ascii	"short unsigned int\000"
 1212      7420756E 
 1212      7369676E 
 1212      65642069 
 1212      6E7400
 1213              	.LASF22:
 1214 0171 6D73675F 		.ascii	"msg_t\000"
 1214      7400
 1215              	.LASF62:
 1216 0177 725F6E65 		.ascii	"r_newer\000"
 1216      77657200 
 1217              	.LASF98:
 1218 017f 474E5520 		.ascii	"GNU C17 8.3.1 20190703 (release) [gcc-8-branch revi"
 1218      43313720 
 1218      382E332E 
 1218      31203230 
 1218      31393037 
 1219 01b2 73696F6E 		.ascii	"sion 273027] -mcpu=arm1176jz-s -mno-thumb-interwork"
 1219      20323733 
 1219      3032375D 
 1219      202D6D63 
 1219      70753D61 
 1220 01e5 202D6D66 		.ascii	" -mfloat-abi=soft -marm -march=armv6kz -ggdb -O2 -f"
 1220      6C6F6174 
 1220      2D616269 
 1220      3D736F66 
 1220      74202D6D 
 1221 0218 6F6D6974 		.ascii	"omit-frame-pointer -ffunction-sections -fdata-secti"
ARM GAS  /var/folders/l5/0x54b2c10074c8bt31ycjvl80000gp/T//ccVsplG0.s 			page 24


 1221      2D667261 
 1221      6D652D70 
 1221      6F696E74 
 1221      6572202D 
 1222 024b 6F6E7300 		.ascii	"ons\000"
 1223              	.LASF17:
 1224 024f 746D6F64 		.ascii	"tmode_t\000"
 1224      655F7400 
 1225              	.LASF45:
 1226 0257 54687265 		.ascii	"ThreadsList\000"
 1226      6164734C 
 1226      69737400 
 1227              	.LASF23:
 1228 0263 6576656E 		.ascii	"eventmask_t\000"
 1228      746D6173 
 1228      6B5F7400 
 1229              	.LASF68:
 1230 026f 4D757465 		.ascii	"Mutex\000"
 1230      7800
 1231              	.LASF46:
 1232 0275 73746B61 		.ascii	"stkalign_t\000"
 1232      6C69676E 
 1232      5F7400
 1233              	.LASF78:
 1234 0280 63685F7A 		.ascii	"ch_zero\000"
 1234      65726F00 
 1235              	.LASF92:
 1236 0288 63665F6F 		.ascii	"cf_off_refs\000"
 1236      66665F72 
 1236      65667300 
 1237              	.LASF54:
 1238 0294 76745F74 		.ascii	"vt_time\000"
 1238      696D6500 
 1239              	.LASF55:
 1240 029c 76745F66 		.ascii	"vt_func\000"
 1240      756E6300 
 1241              	.LASF82:
 1242 02a4 63685F74 		.ascii	"ch_timesize\000"
 1242      696D6573 
 1242      697A6500 
 1243              	.LASF88:
 1244 02b0 63665F6F 		.ascii	"cf_off_name\000"
 1244      66665F6E 
 1244      616D6500 
 1245              	.LASF31:
 1246 02bc 705F6F6C 		.ascii	"p_older\000"
 1246      64657200 
 1247              	.LASF61:
 1248 02c4 725F6374 		.ascii	"r_ctx\000"
 1248      7800
 1249              	.LASF44:
 1250 02ca 54687265 		.ascii	"ThreadsQueue\000"
 1250      61647351 
 1250      75657565 
 1250      00
 1251              	.LASF100:
 1252 02d7 2F557365 		.ascii	"/Users/fernandoguirado/Desktop/Chibi/ChibiOS-RPi/de"
ARM GAS  /var/folders/l5/0x54b2c10074c8bt31ycjvl80000gp/T//ccVsplG0.s 			page 25


 1252      72732F66 
 1252      65726E61 
 1252      6E646F67 
 1252      75697261 
 1253 030a 6D6F732F 		.ascii	"mos/Serial_LCD\000"
 1253      53657269 
 1253      616C5F4C 
 1253      434400
 1254              	.LASF79:
 1255 0319 63685F73 		.ascii	"ch_size\000"
 1255      697A6500 
 1256              	.LASF64:
 1257 0321 725F6375 		.ascii	"r_current\000"
 1257      7272656E 
 1257      7400
 1258              	.LASF63:
 1259 032b 725F6F6C 		.ascii	"r_older\000"
 1259      64657200 
 1260              	.LASF19:
 1261 0333 74726566 		.ascii	"trefs_t\000"
 1261      735F7400 
 1262              	.LASF81:
 1263 033b 63685F70 		.ascii	"ch_ptrsize\000"
 1263      74727369 
 1263      7A6500
 1264              	.LASF27:
 1265 0346 705F7072 		.ascii	"p_prev\000"
 1265      657600
 1266              	.LASF21:
 1267 034d 74707269 		.ascii	"tprio_t\000"
 1267      6F5F7400 
 1268              	.LASF15:
 1269 0355 696E7433 		.ascii	"int32_t\000"
 1269      325F7400 
 1270              	.LASF2:
 1271 035d 756E7369 		.ascii	"unsigned char\000"
 1271      676E6564 
 1271      20636861 
 1271      7200
 1272              	.LASF42:
 1273 036b 705F6D74 		.ascii	"p_mtxlist\000"
 1273      786C6973 
 1273      7400
 1274              	.LASF3:
 1275 0375 73686F72 		.ascii	"short int\000"
 1275      7420696E 
 1275      7400
 1276              	.LASF33:
 1277 037f 705F7374 		.ascii	"p_state\000"
 1277      61746500 
 1278              	.LASF36:
 1279 0387 705F7072 		.ascii	"p_preempt\000"
 1279      65656D70 
 1279      7400
 1280              	.LASF94:
 1281 0391 63665F6F 		.ascii	"cf_off_time\000"
 1281      66665F74 
ARM GAS  /var/folders/l5/0x54b2c10074c8bt31ycjvl80000gp/T//ccVsplG0.s 			page 26


 1281      696D6500 
 1282              	.LASF60:
 1283 039d 725F7072 		.ascii	"r_prio\000"
 1283      696F00
 1284              	.LASF75:
 1285 03a4 65776D61 		.ascii	"ewmask\000"
 1285      736B00
 1286              	.LASF26:
 1287 03ab 705F6E65 		.ascii	"p_next\000"
 1287      787400
 1288              	.LASF93:
 1289 03b2 63665F6F 		.ascii	"cf_off_preempt\000"
 1289      66665F70 
 1289      7265656D 
 1289      707400
 1290              	.LASF34:
 1291 03c1 705F666C 		.ascii	"p_flags\000"
 1291      61677300 
 1292              	.LASF99:
 1293 03c9 2E2E2F2E 		.ascii	"../../os/kernel/src/chdebug.c\000"
 1293      2E2F6F73 
 1293      2F6B6572 
 1293      6E656C2F 
 1293      7372632F 
 1294              	.LASF25:
 1295 03e7 54687265 		.ascii	"Thread\000"
 1295      616400
 1296              	.LASF86:
 1297 03ee 63665F6F 		.ascii	"cf_off_newer\000"
 1297      66665F6E 
 1297      65776572 
 1297      00
 1298              	.LASF41:
 1299 03fb 705F6570 		.ascii	"p_epending\000"
 1299      656E6469 
 1299      6E6700
 1300              	.LASF16:
 1301 0406 75696E74 		.ascii	"uint32_t\000"
 1301      33325F74 
 1301      00
 1302              	.LASF84:
 1303 040f 63665F6F 		.ascii	"cf_off_prio\000"
 1303      66665F70 
 1303      72696F00 
 1304              	.LASF59:
 1305 041b 725F7175 		.ascii	"r_queue\000"
 1305      65756500 
 1306              	.LASF51:
 1307 0423 56697274 		.ascii	"VirtualTimer\000"
 1307      75616C54 
 1307      696D6572 
 1307      00
 1308              	.LASF76:
 1309 0430 63686172 		.ascii	"char\000"
 1309      00
 1310              	.LASF5:
 1311 0435 5F5F7569 		.ascii	"__uint16_t\000"
ARM GAS  /var/folders/l5/0x54b2c10074c8bt31ycjvl80000gp/T//ccVsplG0.s 			page 27


 1311      6E743136 
 1311      5F7400
 1312              	.LASF71:
 1313 0440 6D5F6E65 		.ascii	"m_next\000"
 1313      787400
 1314              	.LASF24:
 1315 0447 73797374 		.ascii	"systime_t\000"
 1315      696D655F 
 1315      7400
 1316              	.LASF43:
 1317 0451 705F7265 		.ascii	"p_realprio\000"
 1317      616C7072 
 1317      696F00
 1318              	.LASF7:
 1319 045c 5F5F696E 		.ascii	"__int32_t\000"
 1319      7433325F 
 1319      7400
 1320              	.LASF37:
 1321 0466 705F7469 		.ascii	"p_time\000"
 1321      6D6500
 1322              	.LASF48:
 1323 046d 696E7463 		.ascii	"intctx\000"
 1323      747800
 1324              	.LASF39:
 1325 0474 705F6D73 		.ascii	"p_msgqueue\000"
 1325      67717565 
 1325      756500
 1326              	.LASF56:
 1327 047f 76745F70 		.ascii	"vt_par\000"
 1327      617200
 1328              	.LASF85:
 1329 0486 63665F6F 		.ascii	"cf_off_ctx\000"
 1329      66665F63 
 1329      747800
 1330              	.LASF35:
 1331 0491 705F7265 		.ascii	"p_refs\000"
 1331      667300
 1332              	.LASF65:
 1333 0498 52656164 		.ascii	"ReadyList\000"
 1333      794C6973 
 1333      7400
 1334              	.LASF67:
 1335 04a2 726C6973 		.ascii	"rlist\000"
 1335      7400
 1336              	.LASF13:
 1337 04a8 75696E74 		.ascii	"uint8_t\000"
 1337      385F7400 
 1338              	.LASF74:
 1339 04b0 77746F62 		.ascii	"wtobjp\000"
 1339      6A7000
 1340              	.LASF32:
 1341 04b7 705F6E61 		.ascii	"p_name\000"
 1341      6D6500
 1342              	.LASF57:
 1343 04be 76745F73 		.ascii	"vt_systime\000"
 1343      79737469 
 1343      6D6500
ARM GAS  /var/folders/l5/0x54b2c10074c8bt31ycjvl80000gp/T//ccVsplG0.s 			page 28


 1344              	.LASF80:
 1345 04c9 63685F76 		.ascii	"ch_version\000"
 1345      65727369 
 1345      6F6E00
 1346              	.LASF58:
 1347 04d4 56544C69 		.ascii	"VTList\000"
 1347      737400
 1348              	.LASF70:
 1349 04db 6D5F6F77 		.ascii	"m_owner\000"
 1349      6E657200 
 1350              	.LASF29:
 1351 04e3 705F6374 		.ascii	"p_ctx\000"
 1351      7800
 1352              	.LASF38:
 1353 04e9 705F7761 		.ascii	"p_waiting\000"
 1353      6974696E 
 1353      6700
 1354              		.ident	"GCC: (GNU Tools for Arm Embedded Processors 8-2019-q3-update) 8.3.1 20190703 (release) [gc
ARM GAS  /var/folders/l5/0x54b2c10074c8bt31ycjvl80000gp/T//ccVsplG0.s 			page 29


DEFINED SYMBOLS
                            *ABS*:0000000000000000 chdebug.c

NO UNDEFINED SYMBOLS
