ARM GAS  /var/folders/l5/0x54b2c10074c8bt31ycjvl80000gp/T//ccIWmuAs.s 			page 1


   1              		.cpu arm1176jz-s
   2              		.eabi_attribute 20, 1
   3              		.eabi_attribute 21, 1
   4              		.eabi_attribute 23, 3
   5              		.eabi_attribute 24, 1
   6              		.eabi_attribute 25, 1
   7              		.eabi_attribute 26, 1
   8              		.eabi_attribute 30, 2
   9              		.eabi_attribute 34, 1
  10              		.eabi_attribute 18, 4
  11              		.file	"chmemcore.c"
  12              		.text
  13              	.Ltext0:
  14              		.cfi_sections	.debug_frame
  15              		.section	.text._core_init,"ax",%progbits
  16              		.align	2
  17              		.global	_core_init
  18              		.arch armv6kz
  19              		.syntax unified
  20              		.arm
  21              		.fpu softvfp
  22              		.type	_core_init, %function
  23              	_core_init:
  24              	.LFB7:
  25              		.file 1 "../../os/kernel/src/chmemcore.c"
  26              		.loc 1 59 23 view -0
  27              		.cfi_startproc
  28              		@ args = 0, pretend = 0, frame = 0
  29              		@ frame_needed = 0, uses_anonymous_args = 0
  30              		@ link register save eliminated.
  31              		.loc 1 61 3 view .LVU1
  32              		.loc 1 62 3 view .LVU2
  33              		.loc 1 63 3 view .LVU3
  34              		.loc 1 63 24 is_stmt 0 view .LVU4
  35 0000 1C209FE5 		ldr	r2, .L3
  36              		.loc 1 64 23 view .LVU5
  37 0004 1C309FE5 		ldr	r3, .L3+4
  38              		.loc 1 63 11 view .LVU6
  39 0008 1C009FE5 		ldr	r0, .L3+8
  40              		.loc 1 64 10 view .LVU7
  41 000c 1C109FE5 		ldr	r1, .L3+12
  42              		.loc 1 63 24 view .LVU8
  43 0010 0320C2E3 		bic	r2, r2, #3
  44              		.loc 1 64 23 view .LVU9
  45 0014 0330C3E3 		bic	r3, r3, #3
  46              		.loc 1 63 11 view .LVU10
  47 0018 002080E5 		str	r2, [r0]
  48              		.loc 1 64 3 is_stmt 1 view .LVU11
  49              		.loc 1 64 10 is_stmt 0 view .LVU12
  50 001c 003081E5 		str	r3, [r1]
  51              		.loc 1 70 1 view .LVU13
  52 0020 1EFF2FE1 		bx	lr
  53              	.L4:
  54              		.align	2
  55              	.L3:
  56 0024 03000000 		.word	__heap_base__+3
  57 0028 00000000 		.word	__heap_end__
ARM GAS  /var/folders/l5/0x54b2c10074c8bt31ycjvl80000gp/T//ccIWmuAs.s 			page 2


  58 002c 00000000 		.word	.LANCHOR0
  59 0030 00000000 		.word	.LANCHOR1
  60              		.cfi_endproc
  61              	.LFE7:
  62              		.size	_core_init, .-_core_init
  63              		.section	.text.chCoreAlloc,"ax",%progbits
  64              		.align	2
  65              		.global	chCoreAlloc
  66              		.syntax unified
  67              		.arm
  68              		.fpu softvfp
  69              		.type	chCoreAlloc, %function
  70              	chCoreAlloc:
  71              	.LVL0:
  72              	.LFB8:
  73              		.loc 1 84 32 is_stmt 1 view -0
  74              		.cfi_startproc
  75              		@ args = 0, pretend = 0, frame = 0
  76              		@ frame_needed = 0, uses_anonymous_args = 0
  77              		@ link register save eliminated.
  78              		.loc 1 85 3 view .LVU15
  79              		.loc 1 87 3 view .LVU16
  80              		.loc 1 84 32 is_stmt 0 view .LVU17
  81 0000 0030A0E1 		mov	r3, r0
  82              		.loc 1 87 3 view .LVU18
  83              		.syntax divided
  84              	@ 87 "../../os/kernel/src/chmemcore.c" 1
  85 0004 9FF021E3 		msr     CPSR_c, #0x9F
  86              	@ 0 "" 2
  87              		.loc 1 87 3 is_stmt 1 view .LVU19
  88              		.loc 1 87 14 view .LVU20
  89              		.loc 1 88 3 view .LVU21
  90              	.LVL1:
  91              		.arm
  92              		.syntax unified
  93              	.LBB4:
  94              	.LBI4:
  95              		.loc 1 105 7 view .LVU22
  96              	.LBB5:
  97              		.loc 1 106 3 view .LVU23
  98              		.loc 1 108 3 view .LVU24
  99              		.loc 1 108 21 view .LVU25
 100              		.loc 1 110 3 view .LVU26
 101              		.loc 1 111 23 is_stmt 0 view .LVU27
 102 0008 2C109FE5 		ldr	r1, .L8
 103 000c 2C209FE5 		ldr	r2, .L8+4
 104 0010 000091E5 		ldr	r0, [r1]
 105              	.LVL2:
 106              		.loc 1 111 23 view .LVU28
 107 0014 002092E5 		ldr	r2, [r2]
 108              		.loc 1 110 10 view .LVU29
 109 0018 033083E2 		add	r3, r3, #3
 110              	.LVL3:
 111              		.loc 1 110 8 view .LVU30
 112 001c 0330C3E3 		bic	r3, r3, #3
 113              	.LVL4:
 114              		.loc 1 111 3 is_stmt 1 view .LVU31
ARM GAS  /var/folders/l5/0x54b2c10074c8bt31ycjvl80000gp/T//ccIWmuAs.s 			page 3


 115              		.loc 1 111 23 is_stmt 0 view .LVU32
 116 0020 002042E0 		sub	r2, r2, r0
 117              		.loc 1 111 6 view .LVU33
 118 0024 020053E1 		cmp	r3, r2
 119              		.loc 1 113 3 is_stmt 1 view .LVU34
 120              	.LVL5:
 121              		.loc 1 114 3 view .LVU35
 122              		.loc 1 114 11 is_stmt 0 view .LVU36
 123 0028 03308090 		addls	r3, r0, r3
 124              	.LVL6:
 125              		.loc 1 114 11 view .LVU37
 126 002c 00308195 		strls	r3, [r1]
 127              		.loc 1 115 3 is_stmt 1 view .LVU38
 128              		.loc 1 112 12 is_stmt 0 view .LVU39
 129 0030 0000A083 		movhi	r0, #0
 130              	.LVL7:
 131              		.loc 1 112 12 view .LVU40
 132              	.LBE5:
 133              	.LBE4:
 134              		.loc 1 89 3 is_stmt 1 view .LVU41
 135              		.loc 1 89 3 view .LVU42
 136              		.syntax divided
 137              	@ 89 "../../os/kernel/src/chmemcore.c" 1
 138 0034 1FF021E3 		msr     CPSR_c, #0x1F
 139              	@ 0 "" 2
 140              		.loc 1 89 16 view .LVU43
 141              		.loc 1 90 3 view .LVU44
 142              		.loc 1 91 1 is_stmt 0 view .LVU45
 143              		.arm
 144              		.syntax unified
 145 0038 1EFF2FE1 		bx	lr
 146              	.L9:
 147              		.align	2
 148              	.L8:
 149 003c 00000000 		.word	.LANCHOR0
 150 0040 00000000 		.word	.LANCHOR1
 151              		.cfi_endproc
 152              	.LFE8:
 153              		.size	chCoreAlloc, .-chCoreAlloc
 154              		.section	.text.chCoreAllocI,"ax",%progbits
 155              		.align	2
 156              		.global	chCoreAllocI
 157              		.syntax unified
 158              		.arm
 159              		.fpu softvfp
 160              		.type	chCoreAllocI, %function
 161              	chCoreAllocI:
 162              	.LVL8:
 163              	.LFB9:
 164              		.loc 1 105 33 is_stmt 1 view -0
 165              		.cfi_startproc
 166              		@ args = 0, pretend = 0, frame = 0
 167              		@ frame_needed = 0, uses_anonymous_args = 0
 168              		@ link register save eliminated.
 169              		.loc 1 106 3 view .LVU47
 170              		.loc 1 108 3 view .LVU48
 171              		.loc 1 108 21 view .LVU49
ARM GAS  /var/folders/l5/0x54b2c10074c8bt31ycjvl80000gp/T//ccIWmuAs.s 			page 4


 172              		.loc 1 110 3 view .LVU50
 173              		.loc 1 111 23 is_stmt 0 view .LVU51
 174 0000 2C109FE5 		ldr	r1, .L13
 175 0004 2C309FE5 		ldr	r3, .L13+4
 176 0008 002091E5 		ldr	r2, [r1]
 177 000c 003093E5 		ldr	r3, [r3]
 178              		.loc 1 110 10 view .LVU52
 179 0010 030080E2 		add	r0, r0, #3
 180              	.LVL9:
 181              		.loc 1 110 8 view .LVU53
 182 0014 0300C0E3 		bic	r0, r0, #3
 183              	.LVL10:
 184              		.loc 1 111 3 is_stmt 1 view .LVU54
 185              		.loc 1 111 23 is_stmt 0 view .LVU55
 186 0018 023043E0 		sub	r3, r3, r2
 187              		.loc 1 111 6 view .LVU56
 188 001c 000053E1 		cmp	r3, r0
 189              		.loc 1 113 3 is_stmt 1 view .LVU57
 190              	.LVL11:
 191              		.loc 1 114 3 view .LVU58
 192              		.loc 1 112 12 is_stmt 0 view .LVU59
 193 0020 0020A033 		movcc	r2, #0
 194              	.LVL12:
 195              		.loc 1 114 11 view .LVU60
 196 0024 00008220 		addcs	r0, r2, r0
 197              	.LVL13:
 198              		.loc 1 114 11 view .LVU61
 199 0028 00008125 		strcs	r0, [r1]
 200              	.LVL14:
 201              		.loc 1 115 3 is_stmt 1 view .LVU62
 202              		.loc 1 116 1 is_stmt 0 view .LVU63
 203 002c 0200A0E1 		mov	r0, r2
 204 0030 1EFF2FE1 		bx	lr
 205              	.L14:
 206              		.align	2
 207              	.L13:
 208 0034 00000000 		.word	.LANCHOR0
 209 0038 00000000 		.word	.LANCHOR1
 210              		.cfi_endproc
 211              	.LFE9:
 212              		.size	chCoreAllocI, .-chCoreAllocI
 213              		.section	.text.chCoreStatus,"ax",%progbits
 214              		.align	2
 215              		.global	chCoreStatus
 216              		.syntax unified
 217              		.arm
 218              		.fpu softvfp
 219              		.type	chCoreStatus, %function
 220              	chCoreStatus:
 221              	.LFB10:
 222              		.loc 1 125 27 is_stmt 1 view -0
 223              		.cfi_startproc
 224              		@ args = 0, pretend = 0, frame = 0
 225              		@ frame_needed = 0, uses_anonymous_args = 0
 226              		@ link register save eliminated.
 227              		.loc 1 127 3 view .LVU65
 228              		.loc 1 127 26 is_stmt 0 view .LVU66
ARM GAS  /var/folders/l5/0x54b2c10074c8bt31ycjvl80000gp/T//ccIWmuAs.s 			page 5


 229 0000 10209FE5 		ldr	r2, .L16
 230 0004 10309FE5 		ldr	r3, .L16+4
 231 0008 000092E5 		ldr	r0, [r2]
 232 000c 003093E5 		ldr	r3, [r3]
 233              		.loc 1 128 1 view .LVU67
 234 0010 030040E0 		sub	r0, r0, r3
 235 0014 1EFF2FE1 		bx	lr
 236              	.L17:
 237              		.align	2
 238              	.L16:
 239 0018 00000000 		.word	.LANCHOR1
 240 001c 00000000 		.word	.LANCHOR0
 241              		.cfi_endproc
 242              	.LFE10:
 243              		.size	chCoreStatus, .-chCoreStatus
 244              		.section	.bss.endmem,"aw",%nobits
 245              		.align	2
 246              		.set	.LANCHOR1,. + 0
 247              		.type	endmem, %object
 248              		.size	endmem, 4
 249              	endmem:
 250 0000 00000000 		.space	4
 251              		.section	.bss.nextmem,"aw",%nobits
 252              		.align	2
 253              		.set	.LANCHOR0,. + 0
 254              		.type	nextmem, %object
 255              		.size	nextmem, 4
 256              	nextmem:
 257 0000 00000000 		.space	4
 258              		.text
 259              	.Letext0:
 260              		.file 2 "/usr/local/Cellar/arm-gcc-bin/8-2019-q3-update/lib/gcc/arm-none-eabi/8.3.1/include/stddef
 261              		.file 3 "/usr/local/Cellar/arm-gcc-bin/8-2019-q3-update/arm-none-eabi/include/machine/_default_typ
 262              		.file 4 "/usr/local/Cellar/arm-gcc-bin/8-2019-q3-update/arm-none-eabi/include/sys/_stdint.h"
 263              		.file 5 "../../os/ports/GCC/ARM/chtypes.h"
 264              		.file 6 "../../os/kernel/include/chlists.h"
 265              		.file 7 "../../os/kernel/include/chthreads.h"
 266              		.file 8 "../../os/ports/GCC/ARM/chcore.h"
 267              		.file 9 "../../os/kernel/include/chvt.h"
 268              		.file 10 "../../os/kernel/include/chschd.h"
 269              		.file 11 "../../os/kernel/include/chmtx.h"
 270              		.file 12 "../../os/kernel/include/chregistry.h"
 271              		.file 13 "../../os/kernel/include/ch.h"
 272              		.section	.debug_info,"",%progbits
 273              	.Ldebug_info0:
 274 0000 BB070000 		.4byte	0x7bb
 275 0004 0400     		.2byte	0x4
 276 0006 00000000 		.4byte	.Ldebug_abbrev0
 277 000a 04       		.byte	0x4
 278 000b 01       		.uleb128 0x1
 279 000c B1010000 		.4byte	.LASF103
 280 0010 0C       		.byte	0xc
 281 0011 A1020000 		.4byte	.LASF104
 282 0015 29030000 		.4byte	.LASF105
 283 0019 00000000 		.4byte	.Ldebug_ranges0+0
 284 001d 00000000 		.4byte	0
 285 0021 00000000 		.4byte	.Ldebug_line0
ARM GAS  /var/folders/l5/0x54b2c10074c8bt31ycjvl80000gp/T//ccIWmuAs.s 			page 6


 286 0025 02       		.uleb128 0x2
 287 0026 04       		.byte	0x4
 288 0027 05       		.byte	0x5
 289 0028 696E7400 		.ascii	"int\000"
 290 002c 03       		.uleb128 0x3
 291 002d 13000000 		.4byte	.LASF2
 292 0031 02       		.byte	0x2
 293 0032 D8       		.byte	0xd8
 294 0033 17       		.byte	0x17
 295 0034 38000000 		.4byte	0x38
 296 0038 04       		.uleb128 0x4
 297 0039 04       		.byte	0x4
 298 003a 07       		.byte	0x7
 299 003b 3C010000 		.4byte	.LASF0
 300 003f 04       		.uleb128 0x4
 301 0040 01       		.byte	0x1
 302 0041 06       		.byte	0x6
 303 0042 9B000000 		.4byte	.LASF1
 304 0046 03       		.uleb128 0x3
 305 0047 2D000000 		.4byte	.LASF3
 306 004b 03       		.byte	0x3
 307 004c 2B       		.byte	0x2b
 308 004d 18       		.byte	0x18
 309 004e 52000000 		.4byte	0x52
 310 0052 04       		.uleb128 0x4
 311 0053 01       		.byte	0x1
 312 0054 08       		.byte	0x8
 313 0055 AF030000 		.4byte	.LASF4
 314 0059 04       		.uleb128 0x4
 315 005a 02       		.byte	0x2
 316 005b 05       		.byte	0x5
 317 005c D2030000 		.4byte	.LASF5
 318 0060 03       		.uleb128 0x3
 319 0061 81040000 		.4byte	.LASF6
 320 0065 03       		.byte	0x3
 321 0066 39       		.byte	0x39
 322 0067 19       		.byte	0x19
 323 0068 6C000000 		.4byte	0x6c
 324 006c 04       		.uleb128 0x4
 325 006d 02       		.byte	0x2
 326 006e 07       		.byte	0x7
 327 006f 90010000 		.4byte	.LASF7
 328 0073 03       		.uleb128 0x3
 329 0074 B0040000 		.4byte	.LASF8
 330 0078 03       		.byte	0x3
 331 0079 4D       		.byte	0x4d
 332 007a 18       		.byte	0x18
 333 007b 7F000000 		.4byte	0x7f
 334 007f 04       		.uleb128 0x4
 335 0080 04       		.byte	0x4
 336 0081 05       		.byte	0x5
 337 0082 D6000000 		.4byte	.LASF9
 338 0086 03       		.uleb128 0x3
 339 0087 20010000 		.4byte	.LASF10
 340 008b 03       		.byte	0x3
 341 008c 4F       		.byte	0x4f
 342 008d 19       		.byte	0x19
ARM GAS  /var/folders/l5/0x54b2c10074c8bt31ycjvl80000gp/T//ccIWmuAs.s 			page 7


 343 008e 92000000 		.4byte	0x92
 344 0092 04       		.uleb128 0x4
 345 0093 04       		.byte	0x4
 346 0094 07       		.byte	0x7
 347 0095 51010000 		.4byte	.LASF11
 348 0099 04       		.uleb128 0x4
 349 009a 08       		.byte	0x8
 350 009b 05       		.byte	0x5
 351 009c 8D000000 		.4byte	.LASF12
 352 00a0 04       		.uleb128 0x4
 353 00a1 08       		.byte	0x8
 354 00a2 07       		.byte	0x7
 355 00a3 3E000000 		.4byte	.LASF13
 356 00a7 03       		.uleb128 0x3
 357 00a8 11050000 		.4byte	.LASF14
 358 00ac 04       		.byte	0x4
 359 00ad 18       		.byte	0x18
 360 00ae 13       		.byte	0x13
 361 00af 46000000 		.4byte	0x46
 362 00b3 03       		.uleb128 0x3
 363 00b4 E8000000 		.4byte	.LASF15
 364 00b8 04       		.byte	0x4
 365 00b9 24       		.byte	0x24
 366 00ba 14       		.byte	0x14
 367 00bb 60000000 		.4byte	0x60
 368 00bf 03       		.uleb128 0x3
 369 00c0 A7030000 		.4byte	.LASF16
 370 00c4 04       		.byte	0x4
 371 00c5 2C       		.byte	0x2c
 372 00c6 13       		.byte	0x13
 373 00c7 73000000 		.4byte	0x73
 374 00cb 03       		.uleb128 0x3
 375 00cc 45040000 		.4byte	.LASF17
 376 00d0 04       		.byte	0x4
 377 00d1 30       		.byte	0x30
 378 00d2 14       		.byte	0x14
 379 00d3 86000000 		.4byte	0x86
 380 00d7 03       		.uleb128 0x3
 381 00d8 81020000 		.4byte	.LASF18
 382 00dc 05       		.byte	0x5
 383 00dd 2A       		.byte	0x2a
 384 00de 19       		.byte	0x19
 385 00df A7000000 		.4byte	0xa7
 386 00e3 03       		.uleb128 0x3
 387 00e4 DF000000 		.4byte	.LASF19
 388 00e8 05       		.byte	0x5
 389 00e9 2B       		.byte	0x2b
 390 00ea 19       		.byte	0x19
 391 00eb A7000000 		.4byte	0xa7
 392 00ef 03       		.uleb128 0x3
 393 00f0 85030000 		.4byte	.LASF20
 394 00f4 05       		.byte	0x5
 395 00f5 2C       		.byte	0x2c
 396 00f6 19       		.byte	0x19
 397 00f7 A7000000 		.4byte	0xa7
 398 00fb 03       		.uleb128 0x3
 399 00fc CC000000 		.4byte	.LASF21
ARM GAS  /var/folders/l5/0x54b2c10074c8bt31ycjvl80000gp/T//ccIWmuAs.s 			page 8


 400 0100 05       		.byte	0x5
 401 0101 2D       		.byte	0x2d
 402 0102 19       		.byte	0x19
 403 0103 A7000000 		.4byte	0xa7
 404 0107 03       		.uleb128 0x3
 405 0108 9F030000 		.4byte	.LASF22
 406 010c 05       		.byte	0x5
 407 010d 2E       		.byte	0x2e
 408 010e 19       		.byte	0x19
 409 010f CB000000 		.4byte	0xcb
 410 0113 03       		.uleb128 0x3
 411 0114 A3010000 		.4byte	.LASF23
 412 0118 05       		.byte	0x5
 413 0119 2F       		.byte	0x2f
 414 011a 19       		.byte	0x19
 415 011b BF000000 		.4byte	0xbf
 416 011f 03       		.uleb128 0x3
 417 0120 95020000 		.4byte	.LASF24
 418 0124 05       		.byte	0x5
 419 0125 31       		.byte	0x31
 420 0126 19       		.byte	0x19
 421 0127 CB000000 		.4byte	0xcb
 422 012b 03       		.uleb128 0x3
 423 012c 9B040000 		.4byte	.LASF25
 424 0130 05       		.byte	0x5
 425 0131 33       		.byte	0x33
 426 0132 19       		.byte	0x19
 427 0133 CB000000 		.4byte	0xcb
 428 0137 05       		.uleb128 0x5
 429 0138 2B010000 		.4byte	0x12b
 430 013c 03       		.uleb128 0x3
 431 013d 26040000 		.4byte	.LASF26
 432 0141 06       		.byte	0x6
 433 0142 23       		.byte	0x23
 434 0143 17       		.byte	0x17
 435 0144 48010000 		.4byte	0x148
 436 0148 06       		.uleb128 0x6
 437 0149 26040000 		.4byte	.LASF26
 438 014d 44       		.byte	0x44
 439 014e 07       		.byte	0x7
 440 014f 57       		.byte	0x57
 441 0150 08       		.byte	0x8
 442 0151 4D020000 		.4byte	0x24d
 443 0155 07       		.uleb128 0x7
 444 0156 08040000 		.4byte	.LASF27
 445 015a 07       		.byte	0x7
 446 015b 58       		.byte	0x58
 447 015c 1A       		.byte	0x1a
 448 015d 71020000 		.4byte	0x271
 449 0161 00       		.byte	0
 450 0162 07       		.uleb128 0x7
 451 0163 98030000 		.4byte	.LASF28
 452 0167 07       		.byte	0x7
 453 0168 5A       		.byte	0x5a
 454 0169 1A       		.byte	0x1a
 455 016a 71020000 		.4byte	0x271
 456 016e 04       		.byte	0x4
ARM GAS  /var/folders/l5/0x54b2c10074c8bt31ycjvl80000gp/T//ccIWmuAs.s 			page 9


 457 016f 07       		.uleb128 0x7
 458 0170 79000000 		.4byte	.LASF29
 459 0174 07       		.byte	0x7
 460 0175 5C       		.byte	0x5c
 461 0176 19       		.byte	0x19
 462 0177 07010000 		.4byte	0x107
 463 017b 08       		.byte	0x8
 464 017c 07       		.uleb128 0x7
 465 017d 4C050000 		.4byte	.LASF30
 466 0181 07       		.byte	0x7
 467 0182 5D       		.byte	0x5d
 468 0183 19       		.byte	0x19
 469 0184 3C030000 		.4byte	0x33c
 470 0188 0C       		.byte	0xc
 471 0189 07       		.uleb128 0x7
 472 018a FB000000 		.4byte	.LASF31
 473 018e 07       		.byte	0x7
 474 018f 5F       		.byte	0x5f
 475 0190 1A       		.byte	0x1a
 476 0191 71020000 		.4byte	0x271
 477 0195 10       		.byte	0x10
 478 0196 07       		.uleb128 0x7
 479 0197 0E030000 		.4byte	.LASF32
 480 019b 07       		.byte	0x7
 481 019c 60       		.byte	0x60
 482 019d 1A       		.byte	0x1a
 483 019e 71020000 		.4byte	0x271
 484 01a2 14       		.byte	0x14
 485 01a3 07       		.uleb128 0x7
 486 01a4 20050000 		.4byte	.LASF33
 487 01a8 07       		.byte	0x7
 488 01a9 67       		.byte	0x67
 489 01aa 1A       		.byte	0x1a
 490 01ab 22050000 		.4byte	0x522
 491 01af 18       		.byte	0x18
 492 01b0 07       		.uleb128 0x7
 493 01b1 DC030000 		.4byte	.LASF34
 494 01b5 07       		.byte	0x7
 495 01b6 72       		.byte	0x72
 496 01b7 19       		.byte	0x19
 497 01b8 E3000000 		.4byte	0xe3
 498 01bc 1C       		.byte	0x1c
 499 01bd 07       		.uleb128 0x7
 500 01be 1E040000 		.4byte	.LASF35
 501 01c2 07       		.byte	0x7
 502 01c3 76       		.byte	0x76
 503 01c4 19       		.byte	0x19
 504 01c5 D7000000 		.4byte	0xd7
 505 01c9 1D       		.byte	0x1d
 506 01ca 07       		.uleb128 0x7
 507 01cb F3040000 		.4byte	.LASF36
 508 01cf 07       		.byte	0x7
 509 01d0 7B       		.byte	0x7b
 510 01d1 19       		.byte	0x19
 511 01d2 EF000000 		.4byte	0xef
 512 01d6 1E       		.byte	0x1e
 513 01d7 07       		.uleb128 0x7
ARM GAS  /var/folders/l5/0x54b2c10074c8bt31ycjvl80000gp/T//ccIWmuAs.s 			page 10


 514 01d8 E4030000 		.4byte	.LASF37
 515 01dc 07       		.byte	0x7
 516 01dd 81       		.byte	0x81
 517 01de 19       		.byte	0x19
 518 01df FB000000 		.4byte	0xfb
 519 01e3 1F       		.byte	0x1f
 520 01e4 07       		.uleb128 0x7
 521 01e5 BA040000 		.4byte	.LASF38
 522 01e9 07       		.byte	0x7
 523 01ea 88       		.byte	0x88
 524 01eb 19       		.byte	0x19
 525 01ec 37010000 		.4byte	0x137
 526 01f0 20       		.byte	0x20
 527 01f1 08       		.uleb128 0x8
 528 01f2 705F7500 		.ascii	"p_u\000"
 529 01f6 07       		.byte	0x7
 530 01f7 AD       		.byte	0xad
 531 01f8 19       		.byte	0x19
 532 01f9 E8040000 		.4byte	0x4e8
 533 01fd 24       		.byte	0x24
 534 01fe 07       		.uleb128 0x7
 535 01ff 52050000 		.4byte	.LASF39
 536 0203 07       		.byte	0x7
 537 0204 B2       		.byte	0xb2
 538 0205 19       		.byte	0x19
 539 0206 9A020000 		.4byte	0x29a
 540 020a 28       		.byte	0x28
 541 020b 07       		.uleb128 0x7
 542 020c C8040000 		.4byte	.LASF40
 543 0210 07       		.byte	0x7
 544 0211 B8       		.byte	0xb8
 545 0212 19       		.byte	0x19
 546 0213 77020000 		.4byte	0x277
 547 0217 2C       		.byte	0x2c
 548 0218 07       		.uleb128 0x7
 549 0219 0D000000 		.4byte	.LASF41
 550 021d 07       		.byte	0x7
 551 021e BC       		.byte	0xbc
 552 021f 19       		.byte	0x19
 553 0220 13010000 		.4byte	0x113
 554 0224 34       		.byte	0x34
 555 0225 07       		.uleb128 0x7
 556 0226 3A040000 		.4byte	.LASF42
 557 022a 07       		.byte	0x7
 558 022b C2       		.byte	0xc2
 559 022c 19       		.byte	0x19
 560 022d 1F010000 		.4byte	0x11f
 561 0231 38       		.byte	0x38
 562 0232 07       		.uleb128 0x7
 563 0233 C8030000 		.4byte	.LASF43
 564 0237 07       		.byte	0x7
 565 0238 C9       		.byte	0xc9
 566 0239 1A       		.byte	0x1a
 567 023a 34050000 		.4byte	0x534
 568 023e 3C       		.byte	0x3c
 569 023f 07       		.uleb128 0x7
 570 0240 A5040000 		.4byte	.LASF44
ARM GAS  /var/folders/l5/0x54b2c10074c8bt31ycjvl80000gp/T//ccIWmuAs.s 			page 11


 571 0244 07       		.byte	0x7
 572 0245 CD       		.byte	0xcd
 573 0246 19       		.byte	0x19
 574 0247 07010000 		.4byte	0x107
 575 024b 40       		.byte	0x40
 576 024c 00       		.byte	0
 577 024d 09       		.uleb128 0x9
 578 024e 08       		.byte	0x8
 579 024f 06       		.byte	0x6
 580 0250 5A       		.byte	0x5a
 581 0251 09       		.byte	0x9
 582 0252 71020000 		.4byte	0x271
 583 0256 07       		.uleb128 0x7
 584 0257 08040000 		.4byte	.LASF27
 585 025b 06       		.byte	0x6
 586 025c 5B       		.byte	0x5b
 587 025d 1A       		.byte	0x1a
 588 025e 71020000 		.4byte	0x271
 589 0262 00       		.byte	0
 590 0263 07       		.uleb128 0x7
 591 0264 98030000 		.4byte	.LASF28
 592 0268 06       		.byte	0x6
 593 0269 5D       		.byte	0x5d
 594 026a 1A       		.byte	0x1a
 595 026b 71020000 		.4byte	0x271
 596 026f 04       		.byte	0x4
 597 0270 00       		.byte	0
 598 0271 0A       		.uleb128 0xa
 599 0272 04       		.byte	0x4
 600 0273 3C010000 		.4byte	0x13c
 601 0277 03       		.uleb128 0x3
 602 0278 1C030000 		.4byte	.LASF45
 603 027c 06       		.byte	0x6
 604 027d 5F       		.byte	0x5f
 605 027e 03       		.byte	0x3
 606 027f 4D020000 		.4byte	0x24d
 607 0283 09       		.uleb128 0x9
 608 0284 04       		.byte	0x4
 609 0285 06       		.byte	0x6
 610 0286 64       		.byte	0x64
 611 0287 09       		.byte	0x9
 612 0288 9A020000 		.4byte	0x29a
 613 028c 07       		.uleb128 0x7
 614 028d 08040000 		.4byte	.LASF27
 615 0291 06       		.byte	0x6
 616 0292 66       		.byte	0x66
 617 0293 16       		.byte	0x16
 618 0294 71020000 		.4byte	0x271
 619 0298 00       		.byte	0
 620 0299 00       		.byte	0
 621 029a 03       		.uleb128 0x3
 622 029b 89020000 		.4byte	.LASF46
 623 029f 06       		.byte	0x6
 624 02a0 69       		.byte	0x69
 625 02a1 03       		.byte	0x3
 626 02a2 83020000 		.4byte	0x283
 627 02a6 03       		.uleb128 0x3
ARM GAS  /var/folders/l5/0x54b2c10074c8bt31ycjvl80000gp/T//ccIWmuAs.s 			page 12


 628 02a7 C7020000 		.4byte	.LASF47
 629 02ab 08       		.byte	0x8
 630 02ac 9D       		.byte	0x9d
 631 02ad 12       		.byte	0x12
 632 02ae CB000000 		.4byte	0xcb
 633 02b2 03       		.uleb128 0x3
 634 02b3 2B010000 		.4byte	.LASF48
 635 02b7 08       		.byte	0x8
 636 02b8 A2       		.byte	0xa2
 637 02b9 0F       		.byte	0xf
 638 02ba BE020000 		.4byte	0x2be
 639 02be 0B       		.uleb128 0xb
 640 02bf 04       		.byte	0x4
 641 02c0 06       		.uleb128 0x6
 642 02c1 C1040000 		.4byte	.LASF49
 643 02c5 24       		.byte	0x24
 644 02c6 08       		.byte	0x8
 645 02c7 B9       		.byte	0xb9
 646 02c8 08       		.byte	0x8
 647 02c9 3C030000 		.4byte	0x33c
 648 02cd 08       		.uleb128 0x8
 649 02ce 723400   		.ascii	"r4\000"
 650 02d1 08       		.byte	0x8
 651 02d2 BA       		.byte	0xba
 652 02d3 11       		.byte	0x11
 653 02d4 B2020000 		.4byte	0x2b2
 654 02d8 00       		.byte	0
 655 02d9 08       		.uleb128 0x8
 656 02da 723500   		.ascii	"r5\000"
 657 02dd 08       		.byte	0x8
 658 02de BB       		.byte	0xbb
 659 02df 11       		.byte	0x11
 660 02e0 B2020000 		.4byte	0x2b2
 661 02e4 04       		.byte	0x4
 662 02e5 08       		.uleb128 0x8
 663 02e6 723600   		.ascii	"r6\000"
 664 02e9 08       		.byte	0x8
 665 02ea BC       		.byte	0xbc
 666 02eb 11       		.byte	0x11
 667 02ec B2020000 		.4byte	0x2b2
 668 02f0 08       		.byte	0x8
 669 02f1 08       		.uleb128 0x8
 670 02f2 723700   		.ascii	"r7\000"
 671 02f5 08       		.byte	0x8
 672 02f6 BD       		.byte	0xbd
 673 02f7 11       		.byte	0x11
 674 02f8 B2020000 		.4byte	0x2b2
 675 02fc 0C       		.byte	0xc
 676 02fd 08       		.uleb128 0x8
 677 02fe 723800   		.ascii	"r8\000"
 678 0301 08       		.byte	0x8
 679 0302 BE       		.byte	0xbe
 680 0303 11       		.byte	0x11
 681 0304 B2020000 		.4byte	0x2b2
 682 0308 10       		.byte	0x10
 683 0309 08       		.uleb128 0x8
 684 030a 723900   		.ascii	"r9\000"
ARM GAS  /var/folders/l5/0x54b2c10074c8bt31ycjvl80000gp/T//ccIWmuAs.s 			page 13


 685 030d 08       		.byte	0x8
 686 030e BF       		.byte	0xbf
 687 030f 11       		.byte	0x11
 688 0310 B2020000 		.4byte	0x2b2
 689 0314 14       		.byte	0x14
 690 0315 08       		.uleb128 0x8
 691 0316 72313000 		.ascii	"r10\000"
 692 031a 08       		.byte	0x8
 693 031b C0       		.byte	0xc0
 694 031c 11       		.byte	0x11
 695 031d B2020000 		.4byte	0x2b2
 696 0321 18       		.byte	0x18
 697 0322 08       		.uleb128 0x8
 698 0323 72313100 		.ascii	"r11\000"
 699 0327 08       		.byte	0x8
 700 0328 C1       		.byte	0xc1
 701 0329 11       		.byte	0x11
 702 032a B2020000 		.4byte	0x2b2
 703 032e 1C       		.byte	0x1c
 704 032f 08       		.uleb128 0x8
 705 0330 6C7200   		.ascii	"lr\000"
 706 0333 08       		.byte	0x8
 707 0334 C2       		.byte	0xc2
 708 0335 11       		.byte	0x11
 709 0336 B2020000 		.4byte	0x2b2
 710 033a 20       		.byte	0x20
 711 033b 00       		.byte	0
 712 033c 06       		.uleb128 0x6
 713 033d 83010000 		.4byte	.LASF50
 714 0341 04       		.byte	0x4
 715 0342 08       		.byte	0x8
 716 0343 CA       		.byte	0xca
 717 0344 08       		.byte	0x8
 718 0345 57030000 		.4byte	0x357
 719 0349 08       		.uleb128 0x8
 720 034a 72313300 		.ascii	"r13\000"
 721 034e 08       		.byte	0x8
 722 034f CB       		.byte	0xcb
 723 0350 12       		.byte	0x12
 724 0351 57030000 		.4byte	0x357
 725 0355 00       		.byte	0
 726 0356 00       		.byte	0
 727 0357 0A       		.uleb128 0xa
 728 0358 04       		.byte	0x4
 729 0359 C0020000 		.4byte	0x2c0
 730 035d 03       		.uleb128 0x3
 731 035e 6C010000 		.4byte	.LASF51
 732 0362 09       		.byte	0x9
 733 0363 4E       		.byte	0x4e
 734 0364 10       		.byte	0x10
 735 0365 69030000 		.4byte	0x369
 736 0369 0A       		.uleb128 0xa
 737 036a 04       		.byte	0x4
 738 036b 6F030000 		.4byte	0x36f
 739 036f 0C       		.uleb128 0xc
 740 0370 7A030000 		.4byte	0x37a
 741 0374 0D       		.uleb128 0xd
ARM GAS  /var/folders/l5/0x54b2c10074c8bt31ycjvl80000gp/T//ccIWmuAs.s 			page 14


 742 0375 BE020000 		.4byte	0x2be
 743 0379 00       		.byte	0
 744 037a 03       		.uleb128 0x3
 745 037b 62040000 		.4byte	.LASF52
 746 037f 09       		.byte	0x9
 747 0380 53       		.byte	0x53
 748 0381 1D       		.byte	0x1d
 749 0382 86030000 		.4byte	0x386
 750 0386 06       		.uleb128 0x6
 751 0387 62040000 		.4byte	.LASF52
 752 038b 14       		.byte	0x14
 753 038c 09       		.byte	0x9
 754 038d 5A       		.byte	0x5a
 755 038e 08       		.byte	0x8
 756 038f D5030000 		.4byte	0x3d5
 757 0393 07       		.uleb128 0x7
 758 0394 49010000 		.4byte	.LASF53
 759 0398 09       		.byte	0x9
 760 0399 5B       		.byte	0x5b
 761 039a 1A       		.byte	0x1a
 762 039b D5030000 		.4byte	0x3d5
 763 039f 00       		.byte	0
 764 03a0 07       		.uleb128 0x7
 765 03a1 34010000 		.4byte	.LASF54
 766 03a5 09       		.byte	0x9
 767 03a6 5D       		.byte	0x5d
 768 03a7 1A       		.byte	0x1a
 769 03a8 D5030000 		.4byte	0x3d5
 770 03ac 04       		.byte	0x4
 771 03ad 07       		.uleb128 0x7
 772 03ae E6020000 		.4byte	.LASF55
 773 03b2 09       		.byte	0x9
 774 03b3 5F       		.byte	0x5f
 775 03b4 19       		.byte	0x19
 776 03b5 2B010000 		.4byte	0x12b
 777 03b9 08       		.byte	0x8
 778 03ba 07       		.uleb128 0x7
 779 03bb EE020000 		.4byte	.LASF56
 780 03bf 09       		.byte	0x9
 781 03c0 60       		.byte	0x60
 782 03c1 19       		.byte	0x19
 783 03c2 5D030000 		.4byte	0x35d
 784 03c6 0C       		.byte	0xc
 785 03c7 07       		.uleb128 0x7
 786 03c8 D3040000 		.4byte	.LASF57
 787 03cc 09       		.byte	0x9
 788 03cd 62       		.byte	0x62
 789 03ce 1A       		.byte	0x1a
 790 03cf BE020000 		.4byte	0x2be
 791 03d3 10       		.byte	0x10
 792 03d4 00       		.byte	0
 793 03d5 0A       		.uleb128 0xa
 794 03d6 04       		.byte	0x4
 795 03d7 7A030000 		.4byte	0x37a
 796 03db 09       		.uleb128 0x9
 797 03dc 10       		.byte	0x10
 798 03dd 09       		.byte	0x9
ARM GAS  /var/folders/l5/0x54b2c10074c8bt31ycjvl80000gp/T//ccIWmuAs.s 			page 15


 799 03de 6C       		.byte	0x6c
 800 03df 09       		.byte	0x9
 801 03e0 19040000 		.4byte	0x419
 802 03e4 07       		.uleb128 0x7
 803 03e5 49010000 		.4byte	.LASF53
 804 03e9 09       		.byte	0x9
 805 03ea 6D       		.byte	0x6d
 806 03eb 1A       		.byte	0x1a
 807 03ec D5030000 		.4byte	0x3d5
 808 03f0 00       		.byte	0
 809 03f1 07       		.uleb128 0x7
 810 03f2 34010000 		.4byte	.LASF54
 811 03f6 09       		.byte	0x9
 812 03f7 6F       		.byte	0x6f
 813 03f8 1A       		.byte	0x1a
 814 03f9 D5030000 		.4byte	0x3d5
 815 03fd 04       		.byte	0x4
 816 03fe 07       		.uleb128 0x7
 817 03ff E6020000 		.4byte	.LASF55
 818 0403 09       		.byte	0x9
 819 0404 71       		.byte	0x71
 820 0405 19       		.byte	0x19
 821 0406 2B010000 		.4byte	0x12b
 822 040a 08       		.byte	0x8
 823 040b 07       		.uleb128 0x7
 824 040c 27050000 		.4byte	.LASF58
 825 0410 09       		.byte	0x9
 826 0411 72       		.byte	0x72
 827 0412 19       		.byte	0x19
 828 0413 37010000 		.4byte	0x137
 829 0417 0C       		.byte	0xc
 830 0418 00       		.byte	0
 831 0419 03       		.uleb128 0x3
 832 041a 3D050000 		.4byte	.LASF59
 833 041e 09       		.byte	0x9
 834 041f 73       		.byte	0x73
 835 0420 03       		.byte	0x3
 836 0421 DB030000 		.4byte	0x3db
 837 0425 0E       		.uleb128 0xe
 838 0426 37000000 		.4byte	.LASF67
 839 042a 09       		.byte	0x9
 840 042b D1       		.byte	0xd1
 841 042c 0F       		.byte	0xf
 842 042d 19040000 		.4byte	0x419
 843 0431 09       		.uleb128 0x9
 844 0432 1C       		.byte	0x1c
 845 0433 0A       		.byte	0xa
 846 0434 57       		.byte	0x57
 847 0435 09       		.byte	0x9
 848 0436 89040000 		.4byte	0x489
 849 043a 07       		.uleb128 0x7
 850 043b 5A040000 		.4byte	.LASF60
 851 043f 0A       		.byte	0xa
 852 0440 58       		.byte	0x58
 853 0441 19       		.byte	0x19
 854 0442 77020000 		.4byte	0x277
 855 0446 00       		.byte	0
ARM GAS  /var/folders/l5/0x54b2c10074c8bt31ycjvl80000gp/T//ccIWmuAs.s 			page 16


 856 0447 07       		.uleb128 0x7
 857 0448 FA030000 		.4byte	.LASF61
 858 044c 0A       		.byte	0xa
 859 044d 59       		.byte	0x59
 860 044e 19       		.byte	0x19
 861 044f 07010000 		.4byte	0x107
 862 0453 08       		.byte	0x8
 863 0454 07       		.uleb128 0x7
 864 0455 16030000 		.4byte	.LASF62
 865 0459 0A       		.byte	0xa
 866 045a 5B       		.byte	0x5b
 867 045b 19       		.byte	0x19
 868 045c 3C030000 		.4byte	0x33c
 869 0460 0C       		.byte	0xc
 870 0461 07       		.uleb128 0x7
 871 0462 A9010000 		.4byte	.LASF63
 872 0466 0A       		.byte	0xa
 873 0467 5E       		.byte	0x5e
 874 0468 1A       		.byte	0x1a
 875 0469 71020000 		.4byte	0x271
 876 046d 10       		.byte	0x10
 877 046e 07       		.uleb128 0x7
 878 046f 7D030000 		.4byte	.LASF64
 879 0473 0A       		.byte	0xa
 880 0474 5F       		.byte	0x5f
 881 0475 1A       		.byte	0x1a
 882 0476 71020000 		.4byte	0x271
 883 047a 14       		.byte	0x14
 884 047b 07       		.uleb128 0x7
 885 047c 73030000 		.4byte	.LASF65
 886 0480 0A       		.byte	0xa
 887 0481 62       		.byte	0x62
 888 0482 1A       		.byte	0x1a
 889 0483 71020000 		.4byte	0x271
 890 0487 18       		.byte	0x18
 891 0488 00       		.byte	0
 892 0489 03       		.uleb128 0x3
 893 048a FA040000 		.4byte	.LASF66
 894 048e 0A       		.byte	0xa
 895 048f 64       		.byte	0x64
 896 0490 03       		.byte	0x3
 897 0491 31040000 		.4byte	0x431
 898 0495 0E       		.uleb128 0xe
 899 0496 0B050000 		.4byte	.LASF68
 900 049a 0A       		.byte	0xa
 901 049b 68       		.byte	0x68
 902 049c 12       		.byte	0x12
 903 049d 89040000 		.4byte	0x489
 904 04a1 06       		.uleb128 0x6
 905 04a2 C1020000 		.4byte	.LASF69
 906 04a6 10       		.byte	0x10
 907 04a7 0B       		.byte	0xb
 908 04a8 25       		.byte	0x25
 909 04a9 10       		.byte	0x10
 910 04aa D6040000 		.4byte	0x4d6
 911 04ae 07       		.uleb128 0x7
 912 04af C4000000 		.4byte	.LASF70
ARM GAS  /var/folders/l5/0x54b2c10074c8bt31ycjvl80000gp/T//ccIWmuAs.s 			page 17


 913 04b3 0B       		.byte	0xb
 914 04b4 26       		.byte	0x26
 915 04b5 19       		.byte	0x19
 916 04b6 77020000 		.4byte	0x277
 917 04ba 00       		.byte	0
 918 04bb 07       		.uleb128 0x7
 919 04bc 44050000 		.4byte	.LASF71
 920 04c0 0B       		.byte	0xb
 921 04c1 28       		.byte	0x28
 922 04c2 1A       		.byte	0x1a
 923 04c3 71020000 		.4byte	0x271
 924 04c7 08       		.byte	0x8
 925 04c8 07       		.uleb128 0x7
 926 04c9 94040000 		.4byte	.LASF72
 927 04cd 0B       		.byte	0xb
 928 04ce 2A       		.byte	0x2a
 929 04cf 1A       		.byte	0x1a
 930 04d0 D6040000 		.4byte	0x4d6
 931 04d4 0C       		.byte	0xc
 932 04d5 00       		.byte	0
 933 04d6 0A       		.uleb128 0xa
 934 04d7 04       		.byte	0x4
 935 04d8 A1040000 		.4byte	0x4a1
 936 04dc 03       		.uleb128 0x3
 937 04dd C1020000 		.4byte	.LASF69
 938 04e1 0B       		.byte	0xb
 939 04e2 2C       		.byte	0x2c
 940 04e3 03       		.byte	0x3
 941 04e4 A1040000 		.4byte	0x4a1
 942 04e8 0F       		.uleb128 0xf
 943 04e9 04       		.byte	0x4
 944 04ea 07       		.byte	0x7
 945 04eb 8F       		.byte	0x8f
 946 04ec 03       		.byte	0x3
 947 04ed 22050000 		.4byte	0x522
 948 04f1 10       		.uleb128 0x10
 949 04f2 1A000000 		.4byte	.LASF73
 950 04f6 07       		.byte	0x7
 951 04f7 96       		.byte	0x96
 952 04f8 19       		.byte	0x19
 953 04f9 13010000 		.4byte	0x113
 954 04fd 10       		.uleb128 0x10
 955 04fe 63000000 		.4byte	.LASF74
 956 0502 07       		.byte	0x7
 957 0503 9D       		.byte	0x9d
 958 0504 19       		.byte	0x19
 959 0505 13010000 		.4byte	0x113
 960 0509 10       		.uleb128 0x10
 961 050a 19050000 		.4byte	.LASF75
 962 050e 07       		.byte	0x7
 963 050f A4       		.byte	0xa4
 964 0510 1A       		.byte	0x1a
 965 0511 BE020000 		.4byte	0x2be
 966 0515 10       		.uleb128 0x10
 967 0516 01040000 		.4byte	.LASF76
 968 051a 07       		.byte	0x7
 969 051b AB       		.byte	0xab
ARM GAS  /var/folders/l5/0x54b2c10074c8bt31ycjvl80000gp/T//ccIWmuAs.s 			page 18


 970 051c 19       		.byte	0x19
 971 051d 1F010000 		.4byte	0x11f
 972 0521 00       		.byte	0
 973 0522 0A       		.uleb128 0xa
 974 0523 04       		.byte	0x4
 975 0524 2F050000 		.4byte	0x52f
 976 0528 04       		.uleb128 0x4
 977 0529 01       		.byte	0x1
 978 052a 08       		.byte	0x8
 979 052b 7C040000 		.4byte	.LASF77
 980 052f 11       		.uleb128 0x11
 981 0530 28050000 		.4byte	0x528
 982 0534 0A       		.uleb128 0xa
 983 0535 04       		.byte	0x4
 984 0536 DC040000 		.4byte	0x4dc
 985 053a 09       		.uleb128 0x9
 986 053b 16       		.byte	0x16
 987 053c 0C       		.byte	0xc
 988 053d 25       		.byte	0x25
 989 053e 09       		.byte	0x9
 990 053f 2E060000 		.4byte	0x62e
 991 0543 07       		.uleb128 0x7
 992 0544 75010000 		.4byte	.LASF78
 993 0548 0C       		.byte	0xc
 994 0549 26       		.byte	0x26
 995 054a 0D       		.byte	0xd
 996 054b 2E060000 		.4byte	0x62e
 997 054f 00       		.byte	0
 998 0550 07       		.uleb128 0x7
 999 0551 D2020000 		.4byte	.LASF79
 1000 0555 0C       		.byte	0xc
 1001 0556 27       		.byte	0x27
 1002 0557 0D       		.byte	0xd
 1003 0558 A7000000 		.4byte	0xa7
 1004 055c 04       		.byte	0x4
 1005 055d 07       		.uleb128 0x7
 1006 055e 6B030000 		.4byte	.LASF80
 1007 0562 0C       		.byte	0xc
 1008 0563 28       		.byte	0x28
 1009 0564 0D       		.byte	0xd
 1010 0565 A7000000 		.4byte	0xa7
 1011 0569 05       		.byte	0x5
 1012 056a 07       		.uleb128 0x7
 1013 056b 32050000 		.4byte	.LASF81
 1014 056f 0C       		.byte	0xc
 1015 0570 29       		.byte	0x29
 1016 0571 0D       		.byte	0xd
 1017 0572 B3000000 		.4byte	0xb3
 1018 0576 06       		.byte	0x6
 1019 0577 07       		.uleb128 0x7
 1020 0578 8D030000 		.4byte	.LASF82
 1021 057c 0C       		.byte	0xc
 1022 057d 2A       		.byte	0x2a
 1023 057e 0D       		.byte	0xd
 1024 057f A7000000 		.4byte	0xa7
 1025 0583 08       		.byte	0x8
 1026 0584 07       		.uleb128 0x7
ARM GAS  /var/folders/l5/0x54b2c10074c8bt31ycjvl80000gp/T//ccIWmuAs.s 			page 19


 1027 0585 F6020000 		.4byte	.LASF83
 1028 0589 0C       		.byte	0xc
 1029 058a 2B       		.byte	0x2b
 1030 058b 0D       		.byte	0xd
 1031 058c A7000000 		.4byte	0xa7
 1032 0590 09       		.byte	0x9
 1033 0591 07       		.uleb128 0x7
 1034 0592 55000000 		.4byte	.LASF84
 1035 0596 0C       		.byte	0xc
 1036 0597 2C       		.byte	0x2c
 1037 0598 0D       		.byte	0xd
 1038 0599 A7000000 		.4byte	0xa7
 1039 059d 0A       		.byte	0xa
 1040 059e 07       		.uleb128 0x7
 1041 059f 4E040000 		.4byte	.LASF85
 1042 05a3 0C       		.byte	0xc
 1043 05a4 2D       		.byte	0x2d
 1044 05a5 0D       		.byte	0xd
 1045 05a6 A7000000 		.4byte	0xa7
 1046 05aa 0B       		.byte	0xb
 1047 05ab 07       		.uleb128 0x7
 1048 05ac E8040000 		.4byte	.LASF86
 1049 05b0 0C       		.byte	0xc
 1050 05b1 2E       		.byte	0x2e
 1051 05b2 0D       		.byte	0xd
 1052 05b3 A7000000 		.4byte	0xa7
 1053 05b7 0C       		.byte	0xc
 1054 05b8 07       		.uleb128 0x7
 1055 05b9 2D040000 		.4byte	.LASF87
 1056 05bd 0C       		.byte	0xc
 1057 05be 2F       		.byte	0x2f
 1058 05bf 0D       		.byte	0xd
 1059 05c0 A7000000 		.4byte	0xa7
 1060 05c4 0D       		.byte	0xd
 1061 05c5 07       		.uleb128 0x7
 1062 05c6 00000000 		.4byte	.LASF88
 1063 05ca 0C       		.byte	0xc
 1064 05cb 30       		.byte	0x30
 1065 05cc 0D       		.byte	0xd
 1066 05cd A7000000 		.4byte	0xa7
 1067 05d1 0E       		.byte	0xe
 1068 05d2 07       		.uleb128 0x7
 1069 05d3 02030000 		.4byte	.LASF89
 1070 05d7 0C       		.byte	0xc
 1071 05d8 31       		.byte	0x31
 1072 05d9 0D       		.byte	0xd
 1073 05da A7000000 		.4byte	0xa7
 1074 05de 0F       		.byte	0xf
 1075 05df 07       		.uleb128 0x7
 1076 05e0 A7000000 		.4byte	.LASF90
 1077 05e4 0C       		.byte	0xc
 1078 05e5 32       		.byte	0x32
 1079 05e6 0D       		.byte	0xd
 1080 05e7 A7000000 		.4byte	0xa7
 1081 05eb 10       		.byte	0x10
 1082 05ec 07       		.uleb128 0x7
 1083 05ed 80000000 		.4byte	.LASF91
ARM GAS  /var/folders/l5/0x54b2c10074c8bt31ycjvl80000gp/T//ccIWmuAs.s 			page 20


 1084 05f1 0C       		.byte	0xc
 1085 05f2 34       		.byte	0x34
 1086 05f3 0D       		.byte	0xd
 1087 05f4 A7000000 		.4byte	0xa7
 1088 05f8 11       		.byte	0x11
 1089 05f9 07       		.uleb128 0x7
 1090 05fa B7000000 		.4byte	.LASF92
 1091 05fe 0C       		.byte	0xc
 1092 05ff 35       		.byte	0x35
 1093 0600 0D       		.byte	0xd
 1094 0601 A7000000 		.4byte	0xa7
 1095 0605 12       		.byte	0x12
 1096 0606 07       		.uleb128 0x7
 1097 0607 DA020000 		.4byte	.LASF93
 1098 060b 0C       		.byte	0xc
 1099 060c 36       		.byte	0x36
 1100 060d 0D       		.byte	0xd
 1101 060e A7000000 		.4byte	0xa7
 1102 0612 13       		.byte	0x13
 1103 0613 07       		.uleb128 0x7
 1104 0614 0F040000 		.4byte	.LASF94
 1105 0618 0C       		.byte	0xc
 1106 0619 37       		.byte	0x37
 1107 061a 0D       		.byte	0xd
 1108 061b A7000000 		.4byte	0xa7
 1109 061f 14       		.byte	0x14
 1110 0620 07       		.uleb128 0x7
 1111 0621 EE030000 		.4byte	.LASF95
 1112 0625 0C       		.byte	0xc
 1113 0626 39       		.byte	0x39
 1114 0627 0D       		.byte	0xd
 1115 0628 A7000000 		.4byte	0xa7
 1116 062c 15       		.byte	0x15
 1117 062d 00       		.byte	0
 1118 062e 12       		.uleb128 0x12
 1119 062f 28050000 		.4byte	0x528
 1120 0633 3E060000 		.4byte	0x63e
 1121 0637 13       		.uleb128 0x13
 1122 0638 38000000 		.4byte	0x38
 1123 063c 03       		.byte	0x3
 1124 063d 00       		.byte	0
 1125 063e 03       		.uleb128 0x3
 1126 063f F1000000 		.4byte	.LASF96
 1127 0643 0C       		.byte	0xc
 1128 0644 3A       		.byte	0x3a
 1129 0645 03       		.byte	0x3
 1130 0646 3A050000 		.4byte	0x53a
 1131 064a 11       		.uleb128 0x11
 1132 064b 3E060000 		.4byte	0x63e
 1133 064f 0E       		.uleb128 0xe
 1134 0650 63010000 		.4byte	.LASF97
 1135 0654 0C       		.byte	0xc
 1136 0655 77       		.byte	0x77
 1137 0656 1D       		.byte	0x1d
 1138 0657 4A060000 		.4byte	0x64a
 1139 065b 0A       		.uleb128 0xa
 1140 065c 04       		.byte	0x4
ARM GAS  /var/folders/l5/0x54b2c10074c8bt31ycjvl80000gp/T//ccIWmuAs.s 			page 21


 1141 065d A7000000 		.4byte	0xa7
 1142 0661 12       		.uleb128 0x12
 1143 0662 A6020000 		.4byte	0x2a6
 1144 0666 71060000 		.4byte	0x671
 1145 066a 13       		.uleb128 0x13
 1146 066b 38000000 		.4byte	0x38
 1147 066f 26       		.byte	0x26
 1148 0670 00       		.byte	0
 1149 0671 0E       		.uleb128 0xe
 1150 0672 03010000 		.4byte	.LASF98
 1151 0676 0D       		.byte	0xd
 1152 0677 82       		.byte	0x82
 1153 0678 08       		.byte	0x8
 1154 0679 61060000 		.4byte	0x661
 1155 067d 14       		.uleb128 0x14
 1156 067e 8C040000 		.4byte	.LASF99
 1157 0682 01       		.byte	0x1
 1158 0683 33       		.byte	0x33
 1159 0684 11       		.byte	0x11
 1160 0685 5B060000 		.4byte	0x65b
 1161 0689 05       		.uleb128 0x5
 1162 068a 03       		.byte	0x3
 1163 068b 00000000 		.4byte	nextmem
 1164 068f 14       		.uleb128 0x14
 1165 0690 04050000 		.4byte	.LASF100
 1166 0694 01       		.byte	0x1
 1167 0695 34       		.byte	0x34
 1168 0696 11       		.byte	0x11
 1169 0697 5B060000 		.4byte	0x65b
 1170 069b 05       		.uleb128 0x5
 1171 069c 03       		.byte	0x3
 1172 069d 00000000 		.4byte	endmem
 1173 06a1 15       		.uleb128 0x15
 1174 06a2 6F040000 		.4byte	.LASF106
 1175 06a6 01       		.byte	0x1
 1176 06a7 7D       		.byte	0x7d
 1177 06a8 08       		.byte	0x8
 1178 06a9 2C000000 		.4byte	0x2c
 1179 06ad 00000000 		.4byte	.LFB10
 1180 06b1 20000000 		.4byte	.LFE10-.LFB10
 1181 06b5 01       		.uleb128 0x1
 1182 06b6 9C       		.byte	0x9c
 1183 06b7 16       		.uleb128 0x16
 1184 06b8 13010000 		.4byte	.LASF107
 1185 06bc 01       		.byte	0x1
 1186 06bd 69       		.byte	0x69
 1187 06be 07       		.byte	0x7
 1188 06bf BE020000 		.4byte	0x2be
 1189 06c3 01       		.byte	0x1
 1190 06c4 DF060000 		.4byte	0x6df
 1191 06c8 17       		.uleb128 0x17
 1192 06c9 8B010000 		.4byte	.LASF108
 1193 06cd 01       		.byte	0x1
 1194 06ce 69       		.byte	0x69
 1195 06cf 1B       		.byte	0x1b
 1196 06d0 2C000000 		.4byte	0x2c
 1197 06d4 18       		.uleb128 0x18
ARM GAS  /var/folders/l5/0x54b2c10074c8bt31ycjvl80000gp/T//ccIWmuAs.s 			page 22


 1198 06d5 7000     		.ascii	"p\000"
 1199 06d7 01       		.byte	0x1
 1200 06d8 6A       		.byte	0x6a
 1201 06d9 09       		.byte	0x9
 1202 06da BE020000 		.4byte	0x2be
 1203 06de 00       		.byte	0
 1204 06df 19       		.uleb128 0x19
 1205 06e0 21000000 		.4byte	.LASF109
 1206 06e4 01       		.byte	0x1
 1207 06e5 54       		.byte	0x54
 1208 06e6 07       		.byte	0x7
 1209 06e7 BE020000 		.4byte	0x2be
 1210 06eb 00000000 		.4byte	.LFB8
 1211 06ef 44000000 		.4byte	.LFE8-.LFB8
 1212 06f3 01       		.uleb128 0x1
 1213 06f4 9C       		.byte	0x9c
 1214 06f5 5A070000 		.4byte	0x75a
 1215 06f9 1A       		.uleb128 0x1a
 1216 06fa 8B010000 		.4byte	.LASF108
 1217 06fe 01       		.byte	0x1
 1218 06ff 54       		.byte	0x54
 1219 0700 1A       		.byte	0x1a
 1220 0701 2C000000 		.4byte	0x2c
 1221 0705 08000000 		.4byte	.LLST0
 1222 0709 00000000 		.4byte	.LVUS0
 1223 070d 1B       		.uleb128 0x1b
 1224 070e 7000     		.ascii	"p\000"
 1225 0710 01       		.byte	0x1
 1226 0711 55       		.byte	0x55
 1227 0712 09       		.byte	0x9
 1228 0713 BE020000 		.4byte	0x2be
 1229 0717 43000000 		.4byte	.LLST1
 1230 071b 41000000 		.4byte	.LVUS1
 1231 071f 1C       		.uleb128 0x1c
 1232 0720 B7060000 		.4byte	0x6b7
 1233 0724 08000000 		.4byte	.LBI4
 1234 0728 03       		.byte	.LVU22
 1235 0729 08000000 		.4byte	.LBB4
 1236 072d 2C000000 		.4byte	.LBE4-.LBB4
 1237 0731 01       		.byte	0x1
 1238 0732 58       		.byte	0x58
 1239 0733 07       		.byte	0x7
 1240 0734 1D       		.uleb128 0x1d
 1241 0735 C8060000 		.4byte	0x6c8
 1242 0739 60000000 		.4byte	.LLST2
 1243 073d 56000000 		.4byte	.LVUS2
 1244 0741 1E       		.uleb128 0x1e
 1245 0742 08000000 		.4byte	.LBB5
 1246 0746 2C000000 		.4byte	.LBE5-.LBB5
 1247 074a 1F       		.uleb128 0x1f
 1248 074b D4060000 		.4byte	0x6d4
 1249 074f AB000000 		.4byte	.LLST3
 1250 0753 A9000000 		.4byte	.LVUS3
 1251 0757 00       		.byte	0
 1252 0758 00       		.byte	0
 1253 0759 00       		.byte	0
 1254 075a 20       		.uleb128 0x20
ARM GAS  /var/folders/l5/0x54b2c10074c8bt31ycjvl80000gp/T//ccIWmuAs.s 			page 23


 1255 075b BD030000 		.4byte	.LASF110
 1256 075f 01       		.byte	0x1
 1257 0760 3B       		.byte	0x3b
 1258 0761 06       		.byte	0x6
 1259 0762 00000000 		.4byte	.LFB7
 1260 0766 34000000 		.4byte	.LFE7-.LFB7
 1261 076a 01       		.uleb128 0x1
 1262 076b 9C       		.byte	0x9c
 1263 076c 89070000 		.4byte	0x789
 1264 0770 0E       		.uleb128 0xe
 1265 0771 DA040000 		.4byte	.LASF101
 1266 0775 01       		.byte	0x1
 1267 0776 3D       		.byte	0x3d
 1268 0777 12       		.byte	0x12
 1269 0778 89070000 		.4byte	0x789
 1270 077c 0E       		.uleb128 0xe
 1271 077d 6C000000 		.4byte	.LASF102
 1272 0781 01       		.byte	0x1
 1273 0782 3E       		.byte	0x3e
 1274 0783 12       		.byte	0x12
 1275 0784 89070000 		.4byte	0x789
 1276 0788 00       		.byte	0
 1277 0789 12       		.uleb128 0x12
 1278 078a A7000000 		.4byte	0xa7
 1279 078e 94070000 		.4byte	0x794
 1280 0792 21       		.uleb128 0x21
 1281 0793 00       		.byte	0
 1282 0794 22       		.uleb128 0x22
 1283 0795 B7060000 		.4byte	0x6b7
 1284 0799 00000000 		.4byte	.LFB9
 1285 079d 3C000000 		.4byte	.LFE9-.LFB9
 1286 07a1 01       		.uleb128 0x1
 1287 07a2 9C       		.byte	0x9c
 1288 07a3 1D       		.uleb128 0x1d
 1289 07a4 C8060000 		.4byte	0x6c8
 1290 07a8 C6000000 		.4byte	.LLST4
 1291 07ac BE000000 		.4byte	.LVUS4
 1292 07b0 1F       		.uleb128 0x1f
 1293 07b1 D4060000 		.4byte	0x6d4
 1294 07b5 08010000 		.4byte	.LLST5
 1295 07b9 04010000 		.4byte	.LVUS5
 1296 07bd 00       		.byte	0
 1297 07be 00       		.byte	0
 1298              		.section	.debug_abbrev,"",%progbits
 1299              	.Ldebug_abbrev0:
 1300 0000 01       		.uleb128 0x1
 1301 0001 11       		.uleb128 0x11
 1302 0002 01       		.byte	0x1
 1303 0003 25       		.uleb128 0x25
 1304 0004 0E       		.uleb128 0xe
 1305 0005 13       		.uleb128 0x13
 1306 0006 0B       		.uleb128 0xb
 1307 0007 03       		.uleb128 0x3
 1308 0008 0E       		.uleb128 0xe
 1309 0009 1B       		.uleb128 0x1b
 1310 000a 0E       		.uleb128 0xe
 1311 000b 55       		.uleb128 0x55
ARM GAS  /var/folders/l5/0x54b2c10074c8bt31ycjvl80000gp/T//ccIWmuAs.s 			page 24


 1312 000c 17       		.uleb128 0x17
 1313 000d 11       		.uleb128 0x11
 1314 000e 01       		.uleb128 0x1
 1315 000f 10       		.uleb128 0x10
 1316 0010 17       		.uleb128 0x17
 1317 0011 00       		.byte	0
 1318 0012 00       		.byte	0
 1319 0013 02       		.uleb128 0x2
 1320 0014 24       		.uleb128 0x24
 1321 0015 00       		.byte	0
 1322 0016 0B       		.uleb128 0xb
 1323 0017 0B       		.uleb128 0xb
 1324 0018 3E       		.uleb128 0x3e
 1325 0019 0B       		.uleb128 0xb
 1326 001a 03       		.uleb128 0x3
 1327 001b 08       		.uleb128 0x8
 1328 001c 00       		.byte	0
 1329 001d 00       		.byte	0
 1330 001e 03       		.uleb128 0x3
 1331 001f 16       		.uleb128 0x16
 1332 0020 00       		.byte	0
 1333 0021 03       		.uleb128 0x3
 1334 0022 0E       		.uleb128 0xe
 1335 0023 3A       		.uleb128 0x3a
 1336 0024 0B       		.uleb128 0xb
 1337 0025 3B       		.uleb128 0x3b
 1338 0026 0B       		.uleb128 0xb
 1339 0027 39       		.uleb128 0x39
 1340 0028 0B       		.uleb128 0xb
 1341 0029 49       		.uleb128 0x49
 1342 002a 13       		.uleb128 0x13
 1343 002b 00       		.byte	0
 1344 002c 00       		.byte	0
 1345 002d 04       		.uleb128 0x4
 1346 002e 24       		.uleb128 0x24
 1347 002f 00       		.byte	0
 1348 0030 0B       		.uleb128 0xb
 1349 0031 0B       		.uleb128 0xb
 1350 0032 3E       		.uleb128 0x3e
 1351 0033 0B       		.uleb128 0xb
 1352 0034 03       		.uleb128 0x3
 1353 0035 0E       		.uleb128 0xe
 1354 0036 00       		.byte	0
 1355 0037 00       		.byte	0
 1356 0038 05       		.uleb128 0x5
 1357 0039 35       		.uleb128 0x35
 1358 003a 00       		.byte	0
 1359 003b 49       		.uleb128 0x49
 1360 003c 13       		.uleb128 0x13
 1361 003d 00       		.byte	0
 1362 003e 00       		.byte	0
 1363 003f 06       		.uleb128 0x6
 1364 0040 13       		.uleb128 0x13
 1365 0041 01       		.byte	0x1
 1366 0042 03       		.uleb128 0x3
 1367 0043 0E       		.uleb128 0xe
 1368 0044 0B       		.uleb128 0xb
ARM GAS  /var/folders/l5/0x54b2c10074c8bt31ycjvl80000gp/T//ccIWmuAs.s 			page 25


 1369 0045 0B       		.uleb128 0xb
 1370 0046 3A       		.uleb128 0x3a
 1371 0047 0B       		.uleb128 0xb
 1372 0048 3B       		.uleb128 0x3b
 1373 0049 0B       		.uleb128 0xb
 1374 004a 39       		.uleb128 0x39
 1375 004b 0B       		.uleb128 0xb
 1376 004c 01       		.uleb128 0x1
 1377 004d 13       		.uleb128 0x13
 1378 004e 00       		.byte	0
 1379 004f 00       		.byte	0
 1380 0050 07       		.uleb128 0x7
 1381 0051 0D       		.uleb128 0xd
 1382 0052 00       		.byte	0
 1383 0053 03       		.uleb128 0x3
 1384 0054 0E       		.uleb128 0xe
 1385 0055 3A       		.uleb128 0x3a
 1386 0056 0B       		.uleb128 0xb
 1387 0057 3B       		.uleb128 0x3b
 1388 0058 0B       		.uleb128 0xb
 1389 0059 39       		.uleb128 0x39
 1390 005a 0B       		.uleb128 0xb
 1391 005b 49       		.uleb128 0x49
 1392 005c 13       		.uleb128 0x13
 1393 005d 38       		.uleb128 0x38
 1394 005e 0B       		.uleb128 0xb
 1395 005f 00       		.byte	0
 1396 0060 00       		.byte	0
 1397 0061 08       		.uleb128 0x8
 1398 0062 0D       		.uleb128 0xd
 1399 0063 00       		.byte	0
 1400 0064 03       		.uleb128 0x3
 1401 0065 08       		.uleb128 0x8
 1402 0066 3A       		.uleb128 0x3a
 1403 0067 0B       		.uleb128 0xb
 1404 0068 3B       		.uleb128 0x3b
 1405 0069 0B       		.uleb128 0xb
 1406 006a 39       		.uleb128 0x39
 1407 006b 0B       		.uleb128 0xb
 1408 006c 49       		.uleb128 0x49
 1409 006d 13       		.uleb128 0x13
 1410 006e 38       		.uleb128 0x38
 1411 006f 0B       		.uleb128 0xb
 1412 0070 00       		.byte	0
 1413 0071 00       		.byte	0
 1414 0072 09       		.uleb128 0x9
 1415 0073 13       		.uleb128 0x13
 1416 0074 01       		.byte	0x1
 1417 0075 0B       		.uleb128 0xb
 1418 0076 0B       		.uleb128 0xb
 1419 0077 3A       		.uleb128 0x3a
 1420 0078 0B       		.uleb128 0xb
 1421 0079 3B       		.uleb128 0x3b
 1422 007a 0B       		.uleb128 0xb
 1423 007b 39       		.uleb128 0x39
 1424 007c 0B       		.uleb128 0xb
 1425 007d 01       		.uleb128 0x1
ARM GAS  /var/folders/l5/0x54b2c10074c8bt31ycjvl80000gp/T//ccIWmuAs.s 			page 26


 1426 007e 13       		.uleb128 0x13
 1427 007f 00       		.byte	0
 1428 0080 00       		.byte	0
 1429 0081 0A       		.uleb128 0xa
 1430 0082 0F       		.uleb128 0xf
 1431 0083 00       		.byte	0
 1432 0084 0B       		.uleb128 0xb
 1433 0085 0B       		.uleb128 0xb
 1434 0086 49       		.uleb128 0x49
 1435 0087 13       		.uleb128 0x13
 1436 0088 00       		.byte	0
 1437 0089 00       		.byte	0
 1438 008a 0B       		.uleb128 0xb
 1439 008b 0F       		.uleb128 0xf
 1440 008c 00       		.byte	0
 1441 008d 0B       		.uleb128 0xb
 1442 008e 0B       		.uleb128 0xb
 1443 008f 00       		.byte	0
 1444 0090 00       		.byte	0
 1445 0091 0C       		.uleb128 0xc
 1446 0092 15       		.uleb128 0x15
 1447 0093 01       		.byte	0x1
 1448 0094 27       		.uleb128 0x27
 1449 0095 19       		.uleb128 0x19
 1450 0096 01       		.uleb128 0x1
 1451 0097 13       		.uleb128 0x13
 1452 0098 00       		.byte	0
 1453 0099 00       		.byte	0
 1454 009a 0D       		.uleb128 0xd
 1455 009b 05       		.uleb128 0x5
 1456 009c 00       		.byte	0
 1457 009d 49       		.uleb128 0x49
 1458 009e 13       		.uleb128 0x13
 1459 009f 00       		.byte	0
 1460 00a0 00       		.byte	0
 1461 00a1 0E       		.uleb128 0xe
 1462 00a2 34       		.uleb128 0x34
 1463 00a3 00       		.byte	0
 1464 00a4 03       		.uleb128 0x3
 1465 00a5 0E       		.uleb128 0xe
 1466 00a6 3A       		.uleb128 0x3a
 1467 00a7 0B       		.uleb128 0xb
 1468 00a8 3B       		.uleb128 0x3b
 1469 00a9 0B       		.uleb128 0xb
 1470 00aa 39       		.uleb128 0x39
 1471 00ab 0B       		.uleb128 0xb
 1472 00ac 49       		.uleb128 0x49
 1473 00ad 13       		.uleb128 0x13
 1474 00ae 3F       		.uleb128 0x3f
 1475 00af 19       		.uleb128 0x19
 1476 00b0 3C       		.uleb128 0x3c
 1477 00b1 19       		.uleb128 0x19
 1478 00b2 00       		.byte	0
 1479 00b3 00       		.byte	0
 1480 00b4 0F       		.uleb128 0xf
 1481 00b5 17       		.uleb128 0x17
 1482 00b6 01       		.byte	0x1
ARM GAS  /var/folders/l5/0x54b2c10074c8bt31ycjvl80000gp/T//ccIWmuAs.s 			page 27


 1483 00b7 0B       		.uleb128 0xb
 1484 00b8 0B       		.uleb128 0xb
 1485 00b9 3A       		.uleb128 0x3a
 1486 00ba 0B       		.uleb128 0xb
 1487 00bb 3B       		.uleb128 0x3b
 1488 00bc 0B       		.uleb128 0xb
 1489 00bd 39       		.uleb128 0x39
 1490 00be 0B       		.uleb128 0xb
 1491 00bf 01       		.uleb128 0x1
 1492 00c0 13       		.uleb128 0x13
 1493 00c1 00       		.byte	0
 1494 00c2 00       		.byte	0
 1495 00c3 10       		.uleb128 0x10
 1496 00c4 0D       		.uleb128 0xd
 1497 00c5 00       		.byte	0
 1498 00c6 03       		.uleb128 0x3
 1499 00c7 0E       		.uleb128 0xe
 1500 00c8 3A       		.uleb128 0x3a
 1501 00c9 0B       		.uleb128 0xb
 1502 00ca 3B       		.uleb128 0x3b
 1503 00cb 0B       		.uleb128 0xb
 1504 00cc 39       		.uleb128 0x39
 1505 00cd 0B       		.uleb128 0xb
 1506 00ce 49       		.uleb128 0x49
 1507 00cf 13       		.uleb128 0x13
 1508 00d0 00       		.byte	0
 1509 00d1 00       		.byte	0
 1510 00d2 11       		.uleb128 0x11
 1511 00d3 26       		.uleb128 0x26
 1512 00d4 00       		.byte	0
 1513 00d5 49       		.uleb128 0x49
 1514 00d6 13       		.uleb128 0x13
 1515 00d7 00       		.byte	0
 1516 00d8 00       		.byte	0
 1517 00d9 12       		.uleb128 0x12
 1518 00da 01       		.uleb128 0x1
 1519 00db 01       		.byte	0x1
 1520 00dc 49       		.uleb128 0x49
 1521 00dd 13       		.uleb128 0x13
 1522 00de 01       		.uleb128 0x1
 1523 00df 13       		.uleb128 0x13
 1524 00e0 00       		.byte	0
 1525 00e1 00       		.byte	0
 1526 00e2 13       		.uleb128 0x13
 1527 00e3 21       		.uleb128 0x21
 1528 00e4 00       		.byte	0
 1529 00e5 49       		.uleb128 0x49
 1530 00e6 13       		.uleb128 0x13
 1531 00e7 2F       		.uleb128 0x2f
 1532 00e8 0B       		.uleb128 0xb
 1533 00e9 00       		.byte	0
 1534 00ea 00       		.byte	0
 1535 00eb 14       		.uleb128 0x14
 1536 00ec 34       		.uleb128 0x34
 1537 00ed 00       		.byte	0
 1538 00ee 03       		.uleb128 0x3
 1539 00ef 0E       		.uleb128 0xe
ARM GAS  /var/folders/l5/0x54b2c10074c8bt31ycjvl80000gp/T//ccIWmuAs.s 			page 28


 1540 00f0 3A       		.uleb128 0x3a
 1541 00f1 0B       		.uleb128 0xb
 1542 00f2 3B       		.uleb128 0x3b
 1543 00f3 0B       		.uleb128 0xb
 1544 00f4 39       		.uleb128 0x39
 1545 00f5 0B       		.uleb128 0xb
 1546 00f6 49       		.uleb128 0x49
 1547 00f7 13       		.uleb128 0x13
 1548 00f8 02       		.uleb128 0x2
 1549 00f9 18       		.uleb128 0x18
 1550 00fa 00       		.byte	0
 1551 00fb 00       		.byte	0
 1552 00fc 15       		.uleb128 0x15
 1553 00fd 2E       		.uleb128 0x2e
 1554 00fe 00       		.byte	0
 1555 00ff 3F       		.uleb128 0x3f
 1556 0100 19       		.uleb128 0x19
 1557 0101 03       		.uleb128 0x3
 1558 0102 0E       		.uleb128 0xe
 1559 0103 3A       		.uleb128 0x3a
 1560 0104 0B       		.uleb128 0xb
 1561 0105 3B       		.uleb128 0x3b
 1562 0106 0B       		.uleb128 0xb
 1563 0107 39       		.uleb128 0x39
 1564 0108 0B       		.uleb128 0xb
 1565 0109 27       		.uleb128 0x27
 1566 010a 19       		.uleb128 0x19
 1567 010b 49       		.uleb128 0x49
 1568 010c 13       		.uleb128 0x13
 1569 010d 11       		.uleb128 0x11
 1570 010e 01       		.uleb128 0x1
 1571 010f 12       		.uleb128 0x12
 1572 0110 06       		.uleb128 0x6
 1573 0111 40       		.uleb128 0x40
 1574 0112 18       		.uleb128 0x18
 1575 0113 9742     		.uleb128 0x2117
 1576 0115 19       		.uleb128 0x19
 1577 0116 00       		.byte	0
 1578 0117 00       		.byte	0
 1579 0118 16       		.uleb128 0x16
 1580 0119 2E       		.uleb128 0x2e
 1581 011a 01       		.byte	0x1
 1582 011b 3F       		.uleb128 0x3f
 1583 011c 19       		.uleb128 0x19
 1584 011d 03       		.uleb128 0x3
 1585 011e 0E       		.uleb128 0xe
 1586 011f 3A       		.uleb128 0x3a
 1587 0120 0B       		.uleb128 0xb
 1588 0121 3B       		.uleb128 0x3b
 1589 0122 0B       		.uleb128 0xb
 1590 0123 39       		.uleb128 0x39
 1591 0124 0B       		.uleb128 0xb
 1592 0125 27       		.uleb128 0x27
 1593 0126 19       		.uleb128 0x19
 1594 0127 49       		.uleb128 0x49
 1595 0128 13       		.uleb128 0x13
 1596 0129 20       		.uleb128 0x20
ARM GAS  /var/folders/l5/0x54b2c10074c8bt31ycjvl80000gp/T//ccIWmuAs.s 			page 29


 1597 012a 0B       		.uleb128 0xb
 1598 012b 01       		.uleb128 0x1
 1599 012c 13       		.uleb128 0x13
 1600 012d 00       		.byte	0
 1601 012e 00       		.byte	0
 1602 012f 17       		.uleb128 0x17
 1603 0130 05       		.uleb128 0x5
 1604 0131 00       		.byte	0
 1605 0132 03       		.uleb128 0x3
 1606 0133 0E       		.uleb128 0xe
 1607 0134 3A       		.uleb128 0x3a
 1608 0135 0B       		.uleb128 0xb
 1609 0136 3B       		.uleb128 0x3b
 1610 0137 0B       		.uleb128 0xb
 1611 0138 39       		.uleb128 0x39
 1612 0139 0B       		.uleb128 0xb
 1613 013a 49       		.uleb128 0x49
 1614 013b 13       		.uleb128 0x13
 1615 013c 00       		.byte	0
 1616 013d 00       		.byte	0
 1617 013e 18       		.uleb128 0x18
 1618 013f 34       		.uleb128 0x34
 1619 0140 00       		.byte	0
 1620 0141 03       		.uleb128 0x3
 1621 0142 08       		.uleb128 0x8
 1622 0143 3A       		.uleb128 0x3a
 1623 0144 0B       		.uleb128 0xb
 1624 0145 3B       		.uleb128 0x3b
 1625 0146 0B       		.uleb128 0xb
 1626 0147 39       		.uleb128 0x39
 1627 0148 0B       		.uleb128 0xb
 1628 0149 49       		.uleb128 0x49
 1629 014a 13       		.uleb128 0x13
 1630 014b 00       		.byte	0
 1631 014c 00       		.byte	0
 1632 014d 19       		.uleb128 0x19
 1633 014e 2E       		.uleb128 0x2e
 1634 014f 01       		.byte	0x1
 1635 0150 3F       		.uleb128 0x3f
 1636 0151 19       		.uleb128 0x19
 1637 0152 03       		.uleb128 0x3
 1638 0153 0E       		.uleb128 0xe
 1639 0154 3A       		.uleb128 0x3a
 1640 0155 0B       		.uleb128 0xb
 1641 0156 3B       		.uleb128 0x3b
 1642 0157 0B       		.uleb128 0xb
 1643 0158 39       		.uleb128 0x39
 1644 0159 0B       		.uleb128 0xb
 1645 015a 27       		.uleb128 0x27
 1646 015b 19       		.uleb128 0x19
 1647 015c 49       		.uleb128 0x49
 1648 015d 13       		.uleb128 0x13
 1649 015e 11       		.uleb128 0x11
 1650 015f 01       		.uleb128 0x1
 1651 0160 12       		.uleb128 0x12
 1652 0161 06       		.uleb128 0x6
 1653 0162 40       		.uleb128 0x40
ARM GAS  /var/folders/l5/0x54b2c10074c8bt31ycjvl80000gp/T//ccIWmuAs.s 			page 30


 1654 0163 18       		.uleb128 0x18
 1655 0164 9742     		.uleb128 0x2117
 1656 0166 19       		.uleb128 0x19
 1657 0167 01       		.uleb128 0x1
 1658 0168 13       		.uleb128 0x13
 1659 0169 00       		.byte	0
 1660 016a 00       		.byte	0
 1661 016b 1A       		.uleb128 0x1a
 1662 016c 05       		.uleb128 0x5
 1663 016d 00       		.byte	0
 1664 016e 03       		.uleb128 0x3
 1665 016f 0E       		.uleb128 0xe
 1666 0170 3A       		.uleb128 0x3a
 1667 0171 0B       		.uleb128 0xb
 1668 0172 3B       		.uleb128 0x3b
 1669 0173 0B       		.uleb128 0xb
 1670 0174 39       		.uleb128 0x39
 1671 0175 0B       		.uleb128 0xb
 1672 0176 49       		.uleb128 0x49
 1673 0177 13       		.uleb128 0x13
 1674 0178 02       		.uleb128 0x2
 1675 0179 17       		.uleb128 0x17
 1676 017a B742     		.uleb128 0x2137
 1677 017c 17       		.uleb128 0x17
 1678 017d 00       		.byte	0
 1679 017e 00       		.byte	0
 1680 017f 1B       		.uleb128 0x1b
 1681 0180 34       		.uleb128 0x34
 1682 0181 00       		.byte	0
 1683 0182 03       		.uleb128 0x3
 1684 0183 08       		.uleb128 0x8
 1685 0184 3A       		.uleb128 0x3a
 1686 0185 0B       		.uleb128 0xb
 1687 0186 3B       		.uleb128 0x3b
 1688 0187 0B       		.uleb128 0xb
 1689 0188 39       		.uleb128 0x39
 1690 0189 0B       		.uleb128 0xb
 1691 018a 49       		.uleb128 0x49
 1692 018b 13       		.uleb128 0x13
 1693 018c 02       		.uleb128 0x2
 1694 018d 17       		.uleb128 0x17
 1695 018e B742     		.uleb128 0x2137
 1696 0190 17       		.uleb128 0x17
 1697 0191 00       		.byte	0
 1698 0192 00       		.byte	0
 1699 0193 1C       		.uleb128 0x1c
 1700 0194 1D       		.uleb128 0x1d
 1701 0195 01       		.byte	0x1
 1702 0196 31       		.uleb128 0x31
 1703 0197 13       		.uleb128 0x13
 1704 0198 52       		.uleb128 0x52
 1705 0199 01       		.uleb128 0x1
 1706 019a B842     		.uleb128 0x2138
 1707 019c 0B       		.uleb128 0xb
 1708 019d 11       		.uleb128 0x11
 1709 019e 01       		.uleb128 0x1
 1710 019f 12       		.uleb128 0x12
ARM GAS  /var/folders/l5/0x54b2c10074c8bt31ycjvl80000gp/T//ccIWmuAs.s 			page 31


 1711 01a0 06       		.uleb128 0x6
 1712 01a1 58       		.uleb128 0x58
 1713 01a2 0B       		.uleb128 0xb
 1714 01a3 59       		.uleb128 0x59
 1715 01a4 0B       		.uleb128 0xb
 1716 01a5 57       		.uleb128 0x57
 1717 01a6 0B       		.uleb128 0xb
 1718 01a7 00       		.byte	0
 1719 01a8 00       		.byte	0
 1720 01a9 1D       		.uleb128 0x1d
 1721 01aa 05       		.uleb128 0x5
 1722 01ab 00       		.byte	0
 1723 01ac 31       		.uleb128 0x31
 1724 01ad 13       		.uleb128 0x13
 1725 01ae 02       		.uleb128 0x2
 1726 01af 17       		.uleb128 0x17
 1727 01b0 B742     		.uleb128 0x2137
 1728 01b2 17       		.uleb128 0x17
 1729 01b3 00       		.byte	0
 1730 01b4 00       		.byte	0
 1731 01b5 1E       		.uleb128 0x1e
 1732 01b6 0B       		.uleb128 0xb
 1733 01b7 01       		.byte	0x1
 1734 01b8 11       		.uleb128 0x11
 1735 01b9 01       		.uleb128 0x1
 1736 01ba 12       		.uleb128 0x12
 1737 01bb 06       		.uleb128 0x6
 1738 01bc 00       		.byte	0
 1739 01bd 00       		.byte	0
 1740 01be 1F       		.uleb128 0x1f
 1741 01bf 34       		.uleb128 0x34
 1742 01c0 00       		.byte	0
 1743 01c1 31       		.uleb128 0x31
 1744 01c2 13       		.uleb128 0x13
 1745 01c3 02       		.uleb128 0x2
 1746 01c4 17       		.uleb128 0x17
 1747 01c5 B742     		.uleb128 0x2137
 1748 01c7 17       		.uleb128 0x17
 1749 01c8 00       		.byte	0
 1750 01c9 00       		.byte	0
 1751 01ca 20       		.uleb128 0x20
 1752 01cb 2E       		.uleb128 0x2e
 1753 01cc 01       		.byte	0x1
 1754 01cd 3F       		.uleb128 0x3f
 1755 01ce 19       		.uleb128 0x19
 1756 01cf 03       		.uleb128 0x3
 1757 01d0 0E       		.uleb128 0xe
 1758 01d1 3A       		.uleb128 0x3a
 1759 01d2 0B       		.uleb128 0xb
 1760 01d3 3B       		.uleb128 0x3b
 1761 01d4 0B       		.uleb128 0xb
 1762 01d5 39       		.uleb128 0x39
 1763 01d6 0B       		.uleb128 0xb
 1764 01d7 27       		.uleb128 0x27
 1765 01d8 19       		.uleb128 0x19
 1766 01d9 11       		.uleb128 0x11
 1767 01da 01       		.uleb128 0x1
ARM GAS  /var/folders/l5/0x54b2c10074c8bt31ycjvl80000gp/T//ccIWmuAs.s 			page 32


 1768 01db 12       		.uleb128 0x12
 1769 01dc 06       		.uleb128 0x6
 1770 01dd 40       		.uleb128 0x40
 1771 01de 18       		.uleb128 0x18
 1772 01df 9742     		.uleb128 0x2117
 1773 01e1 19       		.uleb128 0x19
 1774 01e2 01       		.uleb128 0x1
 1775 01e3 13       		.uleb128 0x13
 1776 01e4 00       		.byte	0
 1777 01e5 00       		.byte	0
 1778 01e6 21       		.uleb128 0x21
 1779 01e7 21       		.uleb128 0x21
 1780 01e8 00       		.byte	0
 1781 01e9 00       		.byte	0
 1782 01ea 00       		.byte	0
 1783 01eb 22       		.uleb128 0x22
 1784 01ec 2E       		.uleb128 0x2e
 1785 01ed 01       		.byte	0x1
 1786 01ee 31       		.uleb128 0x31
 1787 01ef 13       		.uleb128 0x13
 1788 01f0 11       		.uleb128 0x11
 1789 01f1 01       		.uleb128 0x1
 1790 01f2 12       		.uleb128 0x12
 1791 01f3 06       		.uleb128 0x6
 1792 01f4 40       		.uleb128 0x40
 1793 01f5 18       		.uleb128 0x18
 1794 01f6 9742     		.uleb128 0x2117
 1795 01f8 19       		.uleb128 0x19
 1796 01f9 00       		.byte	0
 1797 01fa 00       		.byte	0
 1798 01fb 00       		.byte	0
 1799              		.section	.debug_loc,"",%progbits
 1800              	.Ldebug_loc0:
 1801              	.LVUS0:
 1802 0000 00       		.uleb128 0
 1803 0001 00       		.uleb128 .LVU28
 1804 0002 00       		.uleb128 .LVU28
 1805 0003 00       		.uleb128 .LVU30
 1806 0004 00       		.uleb128 .LVU30
 1807 0005 00       		.uleb128 .LVU31
 1808 0006 00       		.uleb128 .LVU31
 1809 0007 00       		.uleb128 0
 1810              	.LLST0:
 1811 0008 00000000 		.4byte	.LVL0
 1812 000c 14000000 		.4byte	.LVL2
 1813 0010 0100     		.2byte	0x1
 1814 0012 50       		.byte	0x50
 1815 0013 14000000 		.4byte	.LVL2
 1816 0017 1C000000 		.4byte	.LVL3
 1817 001b 0100     		.2byte	0x1
 1818 001d 53       		.byte	0x53
 1819 001e 1C000000 		.4byte	.LVL3
 1820 0022 20000000 		.4byte	.LVL4
 1821 0026 0300     		.2byte	0x3
 1822 0028 73       		.byte	0x73
 1823 0029 7D       		.sleb128 -3
 1824 002a 9F       		.byte	0x9f
ARM GAS  /var/folders/l5/0x54b2c10074c8bt31ycjvl80000gp/T//ccIWmuAs.s 			page 33


 1825 002b 20000000 		.4byte	.LVL4
 1826 002f 44000000 		.4byte	.LFE8
 1827 0033 0400     		.2byte	0x4
 1828 0035 F3       		.byte	0xf3
 1829 0036 01       		.uleb128 0x1
 1830 0037 50       		.byte	0x50
 1831 0038 9F       		.byte	0x9f
 1832 0039 00000000 		.4byte	0
 1833 003d 00000000 		.4byte	0
 1834              	.LVUS1:
 1835 0041 00       		.uleb128 .LVU40
 1836 0042 00       		.uleb128 0
 1837              	.LLST1:
 1838 0043 34000000 		.4byte	.LVL7
 1839 0047 44000000 		.4byte	.LFE8
 1840 004b 0100     		.2byte	0x1
 1841 004d 50       		.byte	0x50
 1842 004e 00000000 		.4byte	0
 1843 0052 00000000 		.4byte	0
 1844              	.LVUS2:
 1845 0056 03       		.uleb128 .LVU22
 1846 0057 00       		.uleb128 .LVU28
 1847 0058 00       		.uleb128 .LVU28
 1848 0059 00       		.uleb128 .LVU30
 1849 005a 00       		.uleb128 .LVU30
 1850 005b 00       		.uleb128 .LVU31
 1851 005c 00       		.uleb128 .LVU31
 1852 005d 00       		.uleb128 .LVU37
 1853 005e 00       		.uleb128 .LVU37
 1854 005f 00       		.uleb128 .LVU40
 1855              	.LLST2:
 1856 0060 08000000 		.4byte	.LVL1
 1857 0064 14000000 		.4byte	.LVL2
 1858 0068 0100     		.2byte	0x1
 1859 006a 50       		.byte	0x50
 1860 006b 14000000 		.4byte	.LVL2
 1861 006f 1C000000 		.4byte	.LVL3
 1862 0073 0100     		.2byte	0x1
 1863 0075 53       		.byte	0x53
 1864 0076 1C000000 		.4byte	.LVL3
 1865 007a 20000000 		.4byte	.LVL4
 1866 007e 0300     		.2byte	0x3
 1867 0080 73       		.byte	0x73
 1868 0081 7D       		.sleb128 -3
 1869 0082 9F       		.byte	0x9f
 1870 0083 20000000 		.4byte	.LVL4
 1871 0087 2C000000 		.4byte	.LVL6
 1872 008b 0100     		.2byte	0x1
 1873 008d 53       		.byte	0x53
 1874 008e 2C000000 		.4byte	.LVL6
 1875 0092 34000000 		.4byte	.LVL7
 1876 0096 0900     		.2byte	0x9
 1877 0098 F3       		.byte	0xf3
 1878 0099 01       		.uleb128 0x1
 1879 009a 50       		.byte	0x50
 1880 009b 23       		.byte	0x23
 1881 009c 03       		.uleb128 0x3
ARM GAS  /var/folders/l5/0x54b2c10074c8bt31ycjvl80000gp/T//ccIWmuAs.s 			page 34


 1882 009d 09       		.byte	0x9
 1883 009e FC       		.byte	0xfc
 1884 009f 1A       		.byte	0x1a
 1885 00a0 9F       		.byte	0x9f
 1886 00a1 00000000 		.4byte	0
 1887 00a5 00000000 		.4byte	0
 1888              	.LVUS3:
 1889 00a9 01       		.uleb128 .LVU35
 1890 00aa 00       		.uleb128 .LVU40
 1891              	.LLST3:
 1892 00ab 28000000 		.4byte	.LVL5
 1893 00af 34000000 		.4byte	.LVL7
 1894 00b3 0100     		.2byte	0x1
 1895 00b5 50       		.byte	0x50
 1896 00b6 00000000 		.4byte	0
 1897 00ba 00000000 		.4byte	0
 1898              	.LVUS4:
 1899 00be 00       		.uleb128 0
 1900 00bf 00       		.uleb128 .LVU53
 1901 00c0 00       		.uleb128 .LVU53
 1902 00c1 00       		.uleb128 .LVU54
 1903 00c2 00       		.uleb128 .LVU54
 1904 00c3 00       		.uleb128 .LVU61
 1905 00c4 00       		.uleb128 .LVU61
 1906 00c5 00       		.uleb128 0
 1907              	.LLST4:
 1908 00c6 00000000 		.4byte	.LVL8
 1909 00ca 14000000 		.4byte	.LVL9
 1910 00ce 0100     		.2byte	0x1
 1911 00d0 50       		.byte	0x50
 1912 00d1 14000000 		.4byte	.LVL9
 1913 00d5 18000000 		.4byte	.LVL10
 1914 00d9 0300     		.2byte	0x3
 1915 00db 70       		.byte	0x70
 1916 00dc 7D       		.sleb128 -3
 1917 00dd 9F       		.byte	0x9f
 1918 00de 18000000 		.4byte	.LVL10
 1919 00e2 28000000 		.4byte	.LVL13
 1920 00e6 0100     		.2byte	0x1
 1921 00e8 50       		.byte	0x50
 1922 00e9 28000000 		.4byte	.LVL13
 1923 00ed 3C000000 		.4byte	.LFE9
 1924 00f1 0900     		.2byte	0x9
 1925 00f3 F3       		.byte	0xf3
 1926 00f4 01       		.uleb128 0x1
 1927 00f5 50       		.byte	0x50
 1928 00f6 23       		.byte	0x23
 1929 00f7 03       		.uleb128 0x3
 1930 00f8 09       		.byte	0x9
 1931 00f9 FC       		.byte	0xfc
 1932 00fa 1A       		.byte	0x1a
 1933 00fb 9F       		.byte	0x9f
 1934 00fc 00000000 		.4byte	0
 1935 0100 00000000 		.4byte	0
 1936              	.LVUS5:
 1937 0104 01       		.uleb128 .LVU58
 1938 0105 00       		.uleb128 .LVU60
ARM GAS  /var/folders/l5/0x54b2c10074c8bt31ycjvl80000gp/T//ccIWmuAs.s 			page 35


 1939 0106 00       		.uleb128 .LVU60
 1940 0107 00       		.uleb128 .LVU62
 1941              	.LLST5:
 1942 0108 20000000 		.4byte	.LVL11
 1943 010c 24000000 		.4byte	.LVL12
 1944 0110 0100     		.2byte	0x1
 1945 0112 52       		.byte	0x52
 1946 0113 24000000 		.4byte	.LVL12
 1947 0117 2C000000 		.4byte	.LVL14
 1948 011b 0500     		.2byte	0x5
 1949 011d 03       		.byte	0x3
 1950 011e 00000000 		.4byte	nextmem
 1951 0122 00000000 		.4byte	0
 1952 0126 00000000 		.4byte	0
 1953              		.section	.debug_aranges,"",%progbits
 1954 0000 34000000 		.4byte	0x34
 1955 0004 0200     		.2byte	0x2
 1956 0006 00000000 		.4byte	.Ldebug_info0
 1957 000a 04       		.byte	0x4
 1958 000b 00       		.byte	0
 1959 000c 0000     		.2byte	0
 1960 000e 0000     		.2byte	0
 1961 0010 00000000 		.4byte	.LFB7
 1962 0014 34000000 		.4byte	.LFE7-.LFB7
 1963 0018 00000000 		.4byte	.LFB8
 1964 001c 44000000 		.4byte	.LFE8-.LFB8
 1965 0020 00000000 		.4byte	.LFB9
 1966 0024 3C000000 		.4byte	.LFE9-.LFB9
 1967 0028 00000000 		.4byte	.LFB10
 1968 002c 20000000 		.4byte	.LFE10-.LFB10
 1969 0030 00000000 		.4byte	0
 1970 0034 00000000 		.4byte	0
 1971              		.section	.debug_ranges,"",%progbits
 1972              	.Ldebug_ranges0:
 1973 0000 00000000 		.4byte	.LFB7
 1974 0004 34000000 		.4byte	.LFE7
 1975 0008 00000000 		.4byte	.LFB8
 1976 000c 44000000 		.4byte	.LFE8
 1977 0010 00000000 		.4byte	.LFB9
 1978 0014 3C000000 		.4byte	.LFE9
 1979 0018 00000000 		.4byte	.LFB10
 1980 001c 20000000 		.4byte	.LFE10
 1981 0020 00000000 		.4byte	0
 1982 0024 00000000 		.4byte	0
 1983              		.section	.debug_line,"",%progbits
 1984              	.Ldebug_line0:
 1985 0000 F6020000 		.section	.debug_str,"MS",%progbits,1
 1985      0300E901 
 1985      00000201 
 1985      FB0E0D00 
 1985      01010101 
 1986              	.LASF88:
 1987 0000 63665F6F 		.ascii	"cf_off_older\000"
 1987      66665F6F 
 1987      6C646572 
 1987      00
 1988              	.LASF41:
ARM GAS  /var/folders/l5/0x54b2c10074c8bt31ycjvl80000gp/T//ccIWmuAs.s 			page 36


 1989 000d 705F6D73 		.ascii	"p_msg\000"
 1989      6700
 1990              	.LASF2:
 1991 0013 73697A65 		.ascii	"size_t\000"
 1991      5F7400
 1992              	.LASF73:
 1993 001a 7264796D 		.ascii	"rdymsg\000"
 1993      736700
 1994              	.LASF109:
 1995 0021 6368436F 		.ascii	"chCoreAlloc\000"
 1995      7265416C 
 1995      6C6F6300 
 1996              	.LASF3:
 1997 002d 5F5F7569 		.ascii	"__uint8_t\000"
 1997      6E74385F 
 1997      7400
 1998              	.LASF67:
 1999 0037 76746C69 		.ascii	"vtlist\000"
 1999      737400
 2000              	.LASF13:
 2001 003e 6C6F6E67 		.ascii	"long long unsigned int\000"
 2001      206C6F6E 
 2001      6720756E 
 2001      7369676E 
 2001      65642069 
 2002              	.LASF84:
 2003 0055 63685F74 		.ascii	"ch_threadsize\000"
 2003      68726561 
 2003      6473697A 
 2003      6500
 2004              	.LASF74:
 2005 0063 65786974 		.ascii	"exitcode\000"
 2005      636F6465 
 2005      00
 2006              	.LASF102:
 2007 006c 5F5F6865 		.ascii	"__heap_end__\000"
 2007      61705F65 
 2007      6E645F5F 
 2007      00
 2008              	.LASF29:
 2009 0079 705F7072 		.ascii	"p_prio\000"
 2009      696F00
 2010              	.LASF91:
 2011 0080 63665F6F 		.ascii	"cf_off_state\000"
 2011      66665F73 
 2011      74617465 
 2011      00
 2012              	.LASF12:
 2013 008d 6C6F6E67 		.ascii	"long long int\000"
 2013      206C6F6E 
 2013      6720696E 
 2013      7400
 2014              	.LASF1:
 2015 009b 7369676E 		.ascii	"signed char\000"
 2015      65642063 
 2015      68617200 
 2016              	.LASF90:
ARM GAS  /var/folders/l5/0x54b2c10074c8bt31ycjvl80000gp/T//ccIWmuAs.s 			page 37


 2017 00a7 63665F6F 		.ascii	"cf_off_stklimit\000"
 2017      66665F73 
 2017      746B6C69 
 2017      6D697400 
 2018              	.LASF92:
 2019 00b7 63665F6F 		.ascii	"cf_off_flags\000"
 2019      66665F66 
 2019      6C616773 
 2019      00
 2020              	.LASF70:
 2021 00c4 6D5F7175 		.ascii	"m_queue\000"
 2021      65756500 
 2022              	.LASF21:
 2023 00cc 74736C69 		.ascii	"tslices_t\000"
 2023      6365735F 
 2023      7400
 2024              	.LASF9:
 2025 00d6 6C6F6E67 		.ascii	"long int\000"
 2025      20696E74 
 2025      00
 2026              	.LASF19:
 2027 00df 74737461 		.ascii	"tstate_t\000"
 2027      74655F74 
 2027      00
 2028              	.LASF15:
 2029 00e8 75696E74 		.ascii	"uint16_t\000"
 2029      31365F74 
 2029      00
 2030              	.LASF96:
 2031 00f1 63686465 		.ascii	"chdebug_t\000"
 2031      6275675F 
 2031      7400
 2032              	.LASF31:
 2033 00fb 705F6E65 		.ascii	"p_newer\000"
 2033      77657200 
 2034              	.LASF98:
 2035 0103 5F69646C 		.ascii	"_idle_thread_wa\000"
 2035      655F7468 
 2035      72656164 
 2035      5F776100 
 2036              	.LASF107:
 2037 0113 6368436F 		.ascii	"chCoreAllocI\000"
 2037      7265416C 
 2037      6C6F6349 
 2037      00
 2038              	.LASF10:
 2039 0120 5F5F7569 		.ascii	"__uint32_t\000"
 2039      6E743332 
 2039      5F7400
 2040              	.LASF48:
 2041 012b 72656761 		.ascii	"regarm_t\000"
 2041      726D5F74 
 2041      00
 2042              	.LASF54:
 2043 0134 76745F70 		.ascii	"vt_prev\000"
 2043      72657600 
 2044              	.LASF0:
ARM GAS  /var/folders/l5/0x54b2c10074c8bt31ycjvl80000gp/T//ccIWmuAs.s 			page 38


 2045 013c 756E7369 		.ascii	"unsigned int\000"
 2045      676E6564 
 2045      20696E74 
 2045      00
 2046              	.LASF53:
 2047 0149 76745F6E 		.ascii	"vt_next\000"
 2047      65787400 
 2048              	.LASF11:
 2049 0151 6C6F6E67 		.ascii	"long unsigned int\000"
 2049      20756E73 
 2049      69676E65 
 2049      6420696E 
 2049      7400
 2050              	.LASF97:
 2051 0163 63685F64 		.ascii	"ch_debug\000"
 2051      65627567 
 2051      00
 2052              	.LASF51:
 2053 016c 76746675 		.ascii	"vtfunc_t\000"
 2053      6E635F74 
 2053      00
 2054              	.LASF78:
 2055 0175 63685F69 		.ascii	"ch_identifier\000"
 2055      64656E74 
 2055      69666965 
 2055      7200
 2056              	.LASF50:
 2057 0183 636F6E74 		.ascii	"context\000"
 2057      65787400 
 2058              	.LASF108:
 2059 018b 73697A65 		.ascii	"size\000"
 2059      00
 2060              	.LASF7:
 2061 0190 73686F72 		.ascii	"short unsigned int\000"
 2061      7420756E 
 2061      7369676E 
 2061      65642069 
 2061      6E7400
 2062              	.LASF23:
 2063 01a3 6D73675F 		.ascii	"msg_t\000"
 2063      7400
 2064              	.LASF63:
 2065 01a9 725F6E65 		.ascii	"r_newer\000"
 2065      77657200 
 2066              	.LASF103:
 2067 01b1 474E5520 		.ascii	"GNU C17 8.3.1 20190703 (release) [gcc-8-branch revi"
 2067      43313720 
 2067      382E332E 
 2067      31203230 
 2067      31393037 
 2068 01e4 73696F6E 		.ascii	"sion 273027] -mcpu=arm1176jz-s -mno-thumb-interwork"
 2068      20323733 
 2068      3032375D 
 2068      202D6D63 
 2068      70753D61 
 2069 0217 202D6D66 		.ascii	" -mfloat-abi=soft -marm -march=armv6kz -ggdb -O2 -f"
 2069      6C6F6174 
ARM GAS  /var/folders/l5/0x54b2c10074c8bt31ycjvl80000gp/T//ccIWmuAs.s 			page 39


 2069      2D616269 
 2069      3D736F66 
 2069      74202D6D 
 2070 024a 6F6D6974 		.ascii	"omit-frame-pointer -ffunction-sections -fdata-secti"
 2070      2D667261 
 2070      6D652D70 
 2070      6F696E74 
 2070      6572202D 
 2071 027d 6F6E7300 		.ascii	"ons\000"
 2072              	.LASF18:
 2073 0281 746D6F64 		.ascii	"tmode_t\000"
 2073      655F7400 
 2074              	.LASF46:
 2075 0289 54687265 		.ascii	"ThreadsList\000"
 2075      6164734C 
 2075      69737400 
 2076              	.LASF24:
 2077 0295 6576656E 		.ascii	"eventmask_t\000"
 2077      746D6173 
 2077      6B5F7400 
 2078              	.LASF104:
 2079 02a1 2E2E2F2E 		.ascii	"../../os/kernel/src/chmemcore.c\000"
 2079      2E2F6F73 
 2079      2F6B6572 
 2079      6E656C2F 
 2079      7372632F 
 2080              	.LASF69:
 2081 02c1 4D757465 		.ascii	"Mutex\000"
 2081      7800
 2082              	.LASF47:
 2083 02c7 73746B61 		.ascii	"stkalign_t\000"
 2083      6C69676E 
 2083      5F7400
 2084              	.LASF79:
 2085 02d2 63685F7A 		.ascii	"ch_zero\000"
 2085      65726F00 
 2086              	.LASF93:
 2087 02da 63665F6F 		.ascii	"cf_off_refs\000"
 2087      66665F72 
 2087      65667300 
 2088              	.LASF55:
 2089 02e6 76745F74 		.ascii	"vt_time\000"
 2089      696D6500 
 2090              	.LASF56:
 2091 02ee 76745F66 		.ascii	"vt_func\000"
 2091      756E6300 
 2092              	.LASF83:
 2093 02f6 63685F74 		.ascii	"ch_timesize\000"
 2093      696D6573 
 2093      697A6500 
 2094              	.LASF89:
 2095 0302 63665F6F 		.ascii	"cf_off_name\000"
 2095      66665F6E 
 2095      616D6500 
 2096              	.LASF32:
 2097 030e 705F6F6C 		.ascii	"p_older\000"
 2097      64657200 
ARM GAS  /var/folders/l5/0x54b2c10074c8bt31ycjvl80000gp/T//ccIWmuAs.s 			page 40


 2098              	.LASF62:
 2099 0316 725F6374 		.ascii	"r_ctx\000"
 2099      7800
 2100              	.LASF45:
 2101 031c 54687265 		.ascii	"ThreadsQueue\000"
 2101      61647351 
 2101      75657565 
 2101      00
 2102              	.LASF105:
 2103 0329 2F557365 		.ascii	"/Users/fernandoguirado/Desktop/Chibi/ChibiOS-RPi/de"
 2103      72732F66 
 2103      65726E61 
 2103      6E646F67 
 2103      75697261 
 2104 035c 6D6F732F 		.ascii	"mos/Serial_LCD\000"
 2104      53657269 
 2104      616C5F4C 
 2104      434400
 2105              	.LASF80:
 2106 036b 63685F73 		.ascii	"ch_size\000"
 2106      697A6500 
 2107              	.LASF65:
 2108 0373 725F6375 		.ascii	"r_current\000"
 2108      7272656E 
 2108      7400
 2109              	.LASF64:
 2110 037d 725F6F6C 		.ascii	"r_older\000"
 2110      64657200 
 2111              	.LASF20:
 2112 0385 74726566 		.ascii	"trefs_t\000"
 2112      735F7400 
 2113              	.LASF82:
 2114 038d 63685F70 		.ascii	"ch_ptrsize\000"
 2114      74727369 
 2114      7A6500
 2115              	.LASF28:
 2116 0398 705F7072 		.ascii	"p_prev\000"
 2116      657600
 2117              	.LASF22:
 2118 039f 74707269 		.ascii	"tprio_t\000"
 2118      6F5F7400 
 2119              	.LASF16:
 2120 03a7 696E7433 		.ascii	"int32_t\000"
 2120      325F7400 
 2121              	.LASF4:
 2122 03af 756E7369 		.ascii	"unsigned char\000"
 2122      676E6564 
 2122      20636861 
 2122      7200
 2123              	.LASF110:
 2124 03bd 5F636F72 		.ascii	"_core_init\000"
 2124      655F696E 
 2124      697400
 2125              	.LASF43:
 2126 03c8 705F6D74 		.ascii	"p_mtxlist\000"
 2126      786C6973 
 2126      7400
ARM GAS  /var/folders/l5/0x54b2c10074c8bt31ycjvl80000gp/T//ccIWmuAs.s 			page 41


 2127              	.LASF5:
 2128 03d2 73686F72 		.ascii	"short int\000"
 2128      7420696E 
 2128      7400
 2129              	.LASF34:
 2130 03dc 705F7374 		.ascii	"p_state\000"
 2130      61746500 
 2131              	.LASF37:
 2132 03e4 705F7072 		.ascii	"p_preempt\000"
 2132      65656D70 
 2132      7400
 2133              	.LASF95:
 2134 03ee 63665F6F 		.ascii	"cf_off_time\000"
 2134      66665F74 
 2134      696D6500 
 2135              	.LASF61:
 2136 03fa 725F7072 		.ascii	"r_prio\000"
 2136      696F00
 2137              	.LASF76:
 2138 0401 65776D61 		.ascii	"ewmask\000"
 2138      736B00
 2139              	.LASF27:
 2140 0408 705F6E65 		.ascii	"p_next\000"
 2140      787400
 2141              	.LASF94:
 2142 040f 63665F6F 		.ascii	"cf_off_preempt\000"
 2142      66665F70 
 2142      7265656D 
 2142      707400
 2143              	.LASF35:
 2144 041e 705F666C 		.ascii	"p_flags\000"
 2144      61677300 
 2145              	.LASF26:
 2146 0426 54687265 		.ascii	"Thread\000"
 2146      616400
 2147              	.LASF87:
 2148 042d 63665F6F 		.ascii	"cf_off_newer\000"
 2148      66665F6E 
 2148      65776572 
 2148      00
 2149              	.LASF42:
 2150 043a 705F6570 		.ascii	"p_epending\000"
 2150      656E6469 
 2150      6E6700
 2151              	.LASF17:
 2152 0445 75696E74 		.ascii	"uint32_t\000"
 2152      33325F74 
 2152      00
 2153              	.LASF85:
 2154 044e 63665F6F 		.ascii	"cf_off_prio\000"
 2154      66665F70 
 2154      72696F00 
 2155              	.LASF60:
 2156 045a 725F7175 		.ascii	"r_queue\000"
 2156      65756500 
 2157              	.LASF52:
 2158 0462 56697274 		.ascii	"VirtualTimer\000"
ARM GAS  /var/folders/l5/0x54b2c10074c8bt31ycjvl80000gp/T//ccIWmuAs.s 			page 42


 2158      75616C54 
 2158      696D6572 
 2158      00
 2159              	.LASF106:
 2160 046f 6368436F 		.ascii	"chCoreStatus\000"
 2160      72655374 
 2160      61747573 
 2160      00
 2161              	.LASF77:
 2162 047c 63686172 		.ascii	"char\000"
 2162      00
 2163              	.LASF6:
 2164 0481 5F5F7569 		.ascii	"__uint16_t\000"
 2164      6E743136 
 2164      5F7400
 2165              	.LASF99:
 2166 048c 6E657874 		.ascii	"nextmem\000"
 2166      6D656D00 
 2167              	.LASF72:
 2168 0494 6D5F6E65 		.ascii	"m_next\000"
 2168      787400
 2169              	.LASF25:
 2170 049b 73797374 		.ascii	"systime_t\000"
 2170      696D655F 
 2170      7400
 2171              	.LASF44:
 2172 04a5 705F7265 		.ascii	"p_realprio\000"
 2172      616C7072 
 2172      696F00
 2173              	.LASF8:
 2174 04b0 5F5F696E 		.ascii	"__int32_t\000"
 2174      7433325F 
 2174      7400
 2175              	.LASF38:
 2176 04ba 705F7469 		.ascii	"p_time\000"
 2176      6D6500
 2177              	.LASF49:
 2178 04c1 696E7463 		.ascii	"intctx\000"
 2178      747800
 2179              	.LASF40:
 2180 04c8 705F6D73 		.ascii	"p_msgqueue\000"
 2180      67717565 
 2180      756500
 2181              	.LASF57:
 2182 04d3 76745F70 		.ascii	"vt_par\000"
 2182      617200
 2183              	.LASF101:
 2184 04da 5F5F6865 		.ascii	"__heap_base__\000"
 2184      61705F62 
 2184      6173655F 
 2184      5F00
 2185              	.LASF86:
 2186 04e8 63665F6F 		.ascii	"cf_off_ctx\000"
 2186      66665F63 
 2186      747800
 2187              	.LASF36:
 2188 04f3 705F7265 		.ascii	"p_refs\000"
ARM GAS  /var/folders/l5/0x54b2c10074c8bt31ycjvl80000gp/T//ccIWmuAs.s 			page 43


 2188      667300
 2189              	.LASF66:
 2190 04fa 52656164 		.ascii	"ReadyList\000"
 2190      794C6973 
 2190      7400
 2191              	.LASF100:
 2192 0504 656E646D 		.ascii	"endmem\000"
 2192      656D00
 2193              	.LASF68:
 2194 050b 726C6973 		.ascii	"rlist\000"
 2194      7400
 2195              	.LASF14:
 2196 0511 75696E74 		.ascii	"uint8_t\000"
 2196      385F7400 
 2197              	.LASF75:
 2198 0519 77746F62 		.ascii	"wtobjp\000"
 2198      6A7000
 2199              	.LASF33:
 2200 0520 705F6E61 		.ascii	"p_name\000"
 2200      6D6500
 2201              	.LASF58:
 2202 0527 76745F73 		.ascii	"vt_systime\000"
 2202      79737469 
 2202      6D6500
 2203              	.LASF81:
 2204 0532 63685F76 		.ascii	"ch_version\000"
 2204      65727369 
 2204      6F6E00
 2205              	.LASF59:
 2206 053d 56544C69 		.ascii	"VTList\000"
 2206      737400
 2207              	.LASF71:
 2208 0544 6D5F6F77 		.ascii	"m_owner\000"
 2208      6E657200 
 2209              	.LASF30:
 2210 054c 705F6374 		.ascii	"p_ctx\000"
 2210      7800
 2211              	.LASF39:
 2212 0552 705F7761 		.ascii	"p_waiting\000"
 2212      6974696E 
 2212      6700
 2213              		.ident	"GCC: (GNU Tools for Arm Embedded Processors 8-2019-q3-update) 8.3.1 20190703 (release) [gc
ARM GAS  /var/folders/l5/0x54b2c10074c8bt31ycjvl80000gp/T//ccIWmuAs.s 			page 44


DEFINED SYMBOLS
                            *ABS*:0000000000000000 chmemcore.c
/var/folders/l5/0x54b2c10074c8bt31ycjvl80000gp/T//ccIWmuAs.s:16     .text._core_init:0000000000000000 $a
/var/folders/l5/0x54b2c10074c8bt31ycjvl80000gp/T//ccIWmuAs.s:23     .text._core_init:0000000000000000 _core_init
/var/folders/l5/0x54b2c10074c8bt31ycjvl80000gp/T//ccIWmuAs.s:56     .text._core_init:0000000000000024 $d
/var/folders/l5/0x54b2c10074c8bt31ycjvl80000gp/T//ccIWmuAs.s:64     .text.chCoreAlloc:0000000000000000 $a
/var/folders/l5/0x54b2c10074c8bt31ycjvl80000gp/T//ccIWmuAs.s:70     .text.chCoreAlloc:0000000000000000 chCoreAlloc
/var/folders/l5/0x54b2c10074c8bt31ycjvl80000gp/T//ccIWmuAs.s:149    .text.chCoreAlloc:000000000000003c $d
/var/folders/l5/0x54b2c10074c8bt31ycjvl80000gp/T//ccIWmuAs.s:155    .text.chCoreAllocI:0000000000000000 $a
/var/folders/l5/0x54b2c10074c8bt31ycjvl80000gp/T//ccIWmuAs.s:161    .text.chCoreAllocI:0000000000000000 chCoreAllocI
/var/folders/l5/0x54b2c10074c8bt31ycjvl80000gp/T//ccIWmuAs.s:208    .text.chCoreAllocI:0000000000000034 $d
/var/folders/l5/0x54b2c10074c8bt31ycjvl80000gp/T//ccIWmuAs.s:214    .text.chCoreStatus:0000000000000000 $a
/var/folders/l5/0x54b2c10074c8bt31ycjvl80000gp/T//ccIWmuAs.s:220    .text.chCoreStatus:0000000000000000 chCoreStatus
/var/folders/l5/0x54b2c10074c8bt31ycjvl80000gp/T//ccIWmuAs.s:239    .text.chCoreStatus:0000000000000018 $d
/var/folders/l5/0x54b2c10074c8bt31ycjvl80000gp/T//ccIWmuAs.s:245    .bss.endmem:0000000000000000 $d
/var/folders/l5/0x54b2c10074c8bt31ycjvl80000gp/T//ccIWmuAs.s:249    .bss.endmem:0000000000000000 endmem
/var/folders/l5/0x54b2c10074c8bt31ycjvl80000gp/T//ccIWmuAs.s:252    .bss.nextmem:0000000000000000 $d
/var/folders/l5/0x54b2c10074c8bt31ycjvl80000gp/T//ccIWmuAs.s:256    .bss.nextmem:0000000000000000 nextmem

UNDEFINED SYMBOLS
__heap_base__
__heap_end__
