ARM GAS  /tmp/cc2vuAYo.s 			page 1


   1              		.cpu arm1176jz-s
   2              		.eabi_attribute 20, 1
   3              		.eabi_attribute 21, 1
   4              		.eabi_attribute 23, 3
   5              		.eabi_attribute 24, 1
   6              		.eabi_attribute 25, 1
   7              		.eabi_attribute 26, 1
   8              		.eabi_attribute 30, 2
   9              		.eabi_attribute 34, 1
  10              		.eabi_attribute 18, 4
  11              		.file	"bcm2835.c"
  12              		.text
  13              	.Ltext0:
  14              		.cfi_sections	.debug_frame
  15              		.section	.text.bcm2835_gpio_fnsel,"ax",%progbits
  16              		.align	2
  17              		.global	bcm2835_gpio_fnsel
  18              		.arch armv6kz
  19              		.syntax unified
  20              		.arm
  21              		.fpu softvfp
  22              		.type	bcm2835_gpio_fnsel, %function
  23              	bcm2835_gpio_fnsel:
  24              	.LVL0:
  25              	.LFB0:
  26              		.file 1 "../../os/hal/platforms/BCM2835/bcm2835.c"
  27              		.loc 1 12 1 view -0
  28              		.cfi_startproc
  29              		@ args = 0, pretend = 0, frame = 0
  30              		@ frame_needed = 0, uses_anonymous_args = 0
  31              		@ link register save eliminated.
  32              		.loc 1 13 3 view .LVU1
  33              		.loc 1 16 22 is_stmt 0 view .LVU2
  34 0000 07C0A0E3 		mov	ip, #7
  35              	.LVL1:
  36              		.loc 1 14 3 is_stmt 1 view .LVU3
  37              		.loc 1 14 12 is_stmt 0 view .LVU4
  38 0004 38309FE5 		ldr	r3, .L3
  39 0008 932083E0 		umull	r2, r3, r3, r0
  40 000c A331A0E1 		lsr	r3, r3, #3
  41 0010 0321A0E1 		lsl	r2, r3, #2
  42              		.loc 1 15 22 view .LVU5
  43 0014 022282E2 		add	r2, r2, #536870912
  44 0018 022682E2 		add	r2, r2, #2097152
  45              		.loc 1 14 12 view .LVU6
  46 001c 033183E0 		add	r3, r3, r3, lsl #2
  47 0020 830040E0 		sub	r0, r0, r3, lsl #1
  48              	.LVL2:
  49              		.loc 1 16 12 view .LVU7
  50 0024 003092E5 		ldr	r3, [r2]
  51              		.loc 1 14 12 view .LVU8
  52 0028 800080E0 		add	r0, r0, r0, lsl #1
  53              	.LVL3:
  54              		.loc 1 15 3 is_stmt 1 view .LVU9
  55              		.loc 1 16 3 view .LVU10
  56              		.loc 1 16 12 is_stmt 0 view .LVU11
  57 002c 1C30C3E1 		bic	r3, r3, ip, lsl r0
ARM GAS  /tmp/cc2vuAYo.s 			page 2


  58 0030 003082E5 		str	r3, [r2]
  59              		.loc 1 17 3 is_stmt 1 view .LVU12
  60              		.loc 1 17 12 is_stmt 0 view .LVU13
  61 0034 003092E5 		ldr	r3, [r2]
  62 0038 113083E1 		orr	r3, r3, r1, lsl r0
  63 003c 003082E5 		str	r3, [r2]
  64              		.loc 1 18 1 view .LVU14
  65 0040 1EFF2FE1 		bx	lr
  66              	.L4:
  67              		.align	2
  68              	.L3:
  69 0044 CDCCCCCC 		.word	-858993459
  70              		.cfi_endproc
  71              	.LFE0:
  72              		.size	bcm2835_gpio_fnsel, .-bcm2835_gpio_fnsel
  73              		.section	.text.bcm2835_delay,"ax",%progbits
  74              		.align	2
  75              		.global	bcm2835_delay
  76              		.syntax unified
  77              		.arm
  78              		.fpu softvfp
  79              		.type	bcm2835_delay, %function
  80              	bcm2835_delay:
  81              	.LVL4:
  82              	.LFB1:
  83              		.loc 1 21 1 is_stmt 1 view -0
  84              		.cfi_startproc
  85              		@ args = 0, pretend = 0, frame = 8
  86              		@ frame_needed = 0, uses_anonymous_args = 0
  87              		@ link register save eliminated.
  88              		.loc 1 22 3 view .LVU16
  89              		.loc 1 22 21 is_stmt 0 view .LVU17
  90 0000 0030A0E3 		mov	r3, #0
  91              		.loc 1 21 1 view .LVU18
  92 0004 08D04DE2 		sub	sp, sp, #8
  93              		.cfi_def_cfa_offset 8
  94              		.loc 1 22 21 view .LVU19
  95 0008 04308DE5 		str	r3, [sp, #4]
  96              		.loc 1 23 3 is_stmt 1 view .LVU20
  97              		.loc 1 23 9 is_stmt 0 view .LVU21
  98 000c 04308DE5 		str	r3, [sp, #4]
  99              		.loc 1 23 16 is_stmt 1 view .LVU22
 100 0010 04309DE5 		ldr	r3, [sp, #4]
 101 0014 030050E1 		cmp	r0, r3
 102 0018 0500009A 		bls	.L5
 103              	.L7:
 104              		.loc 1 23 22 discriminator 3 view .LVU23
 105 001c 04309DE5 		ldr	r3, [sp, #4]
 106 0020 013083E2 		add	r3, r3, #1
 107 0024 04308DE5 		str	r3, [sp, #4]
 108              		.loc 1 23 16 discriminator 3 view .LVU24
 109 0028 04309DE5 		ldr	r3, [sp, #4]
 110 002c 000053E1 		cmp	r3, r0
 111 0030 F9FFFF3A 		bcc	.L7
 112              	.L5:
 113              		.loc 1 24 1 is_stmt 0 view .LVU25
 114 0034 08D08DE2 		add	sp, sp, #8
ARM GAS  /tmp/cc2vuAYo.s 			page 3


 115              		.cfi_def_cfa_offset 0
 116              		@ sp needed
 117 0038 1EFF2FE1 		bx	lr
 118              		.cfi_endproc
 119              	.LFE1:
 120              		.size	bcm2835_delay, .-bcm2835_delay
 121              		.text
 122              	.Letext0:
 123              		.file 2 "/usr/arm-none-eabi/include/machine/_default_types.h"
 124              		.file 3 "/usr/arm-none-eabi/include/sys/_stdint.h"
 125              		.section	.debug_info,"",%progbits
 126              	.Ldebug_info0:
 127 0000 2A010000 		.4byte	0x12a
 128 0004 0500     		.2byte	0x5
 129 0006 01       		.byte	0x1
 130 0007 04       		.byte	0x4
 131 0008 00000000 		.4byte	.Ldebug_abbrev0
 132 000c 05       		.uleb128 0x5
 133 000d 4F000000 		.4byte	.LASF17
 134 0011 1D       		.byte	0x1d
 135 0012 FF000000 		.4byte	.LASF18
 136 0016 33010000 		.4byte	.LASF19
 137 001a 0C000000 		.4byte	.LLRL4
 138 001e 00000000 		.4byte	0
 139 0022 00000000 		.4byte	.Ldebug_line0
 140 0026 01       		.uleb128 0x1
 141 0027 04       		.byte	0x4
 142 0028 07       		.byte	0x7
 143 0029 5D010000 		.4byte	.LASF0
 144 002d 06       		.uleb128 0x6
 145 002e 04       		.byte	0x4
 146 002f 05       		.byte	0x5
 147 0030 696E7400 		.ascii	"int\000"
 148 0034 01       		.uleb128 0x1
 149 0035 01       		.byte	0x1
 150 0036 06       		.byte	0x6
 151 0037 C8010000 		.4byte	.LASF1
 152 003b 01       		.uleb128 0x1
 153 003c 01       		.byte	0x1
 154 003d 08       		.byte	0x8
 155 003e 2F000000 		.4byte	.LASF2
 156 0042 01       		.uleb128 0x1
 157 0043 02       		.byte	0x2
 158 0044 05       		.byte	0x5
 159 0045 A4010000 		.4byte	.LASF3
 160 0049 01       		.uleb128 0x1
 161 004a 02       		.byte	0x2
 162 004b 07       		.byte	0x7
 163 004c 13000000 		.4byte	.LASF4
 164 0050 01       		.uleb128 0x1
 165 0051 04       		.byte	0x4
 166 0052 05       		.byte	0x5
 167 0053 BF010000 		.4byte	.LASF5
 168 0057 03       		.uleb128 0x3
 169 0058 28010000 		.4byte	.LASF9
 170 005c 02       		.byte	0x2
 171 005d 4F       		.byte	0x4f
ARM GAS  /tmp/cc2vuAYo.s 			page 4


 172 005e 19       		.byte	0x19
 173 005f 63000000 		.4byte	0x63
 174 0063 01       		.uleb128 0x1
 175 0064 04       		.byte	0x4
 176 0065 07       		.byte	0x7
 177 0066 3D000000 		.4byte	.LASF6
 178 006a 01       		.uleb128 0x1
 179 006b 08       		.byte	0x8
 180 006c 05       		.byte	0x5
 181 006d 8F010000 		.4byte	.LASF7
 182 0071 01       		.uleb128 0x1
 183 0072 08       		.byte	0x8
 184 0073 07       		.byte	0x7
 185 0074 6A010000 		.4byte	.LASF8
 186 0078 03       		.uleb128 0x3
 187 0079 B6010000 		.4byte	.LASF10
 188 007d 03       		.byte	0x3
 189 007e 30       		.byte	0x30
 190 007f 14       		.byte	0x14
 191 0080 57000000 		.4byte	0x57
 192 0084 07       		.uleb128 0x7
 193 0085 78000000 		.4byte	0x78
 194 0089 04       		.uleb128 0x4
 195 008a 81010000 		.4byte	.LASF11
 196 008e 14       		.byte	0x14
 197 008f 00000000 		.4byte	.LFB1
 198 0093 3C000000 		.4byte	.LFE1-.LFB1
 199 0097 01       		.uleb128 0x1
 200 0098 9C       		.byte	0x9c
 201 0099 B7000000 		.4byte	0xb7
 202 009d 08       		.uleb128 0x8
 203 009e 6E00     		.ascii	"n\000"
 204 00a0 01       		.byte	0x1
 205 00a1 14       		.byte	0x14
 206 00a2 1D       		.byte	0x1d
 207 00a3 78000000 		.4byte	0x78
 208 00a7 01       		.uleb128 0x1
 209 00a8 50       		.byte	0x50
 210 00a9 09       		.uleb128 0x9
 211 00aa 6900     		.ascii	"i\000"
 212 00ac 01       		.byte	0x1
 213 00ad 16       		.byte	0x16
 214 00ae 15       		.byte	0x15
 215 00af 84000000 		.4byte	0x84
 216 00b3 02       		.uleb128 0x2
 217 00b4 91       		.byte	0x91
 218 00b5 7C       		.sleb128 -4
 219 00b6 00       		.byte	0
 220 00b7 04       		.uleb128 0x4
 221 00b8 00000000 		.4byte	.LASF12
 222 00bc 0B       		.byte	0xb
 223 00bd 00000000 		.4byte	.LFB0
 224 00c1 48000000 		.4byte	.LFE0-.LFB0
 225 00c5 01       		.uleb128 0x1
 226 00c6 9C       		.byte	0x9c
 227 00c7 27010000 		.4byte	0x127
 228 00cb 0A       		.uleb128 0xa
ARM GAS  /tmp/cc2vuAYo.s 			page 5


 229 00cc F6000000 		.4byte	.LASF20
 230 00d0 01       		.byte	0x1
 231 00d1 0B       		.byte	0xb
 232 00d2 22       		.byte	0x22
 233 00d3 78000000 		.4byte	0x78
 234 00d7 10000000 		.4byte	.LLST0
 235 00db 0C000000 		.4byte	.LVUS0
 236 00df 0B       		.uleb128 0xb
 237 00e0 EE000000 		.4byte	.LASF13
 238 00e4 01       		.byte	0x1
 239 00e5 0B       		.byte	0xb
 240 00e6 35       		.byte	0x35
 241 00e7 78000000 		.4byte	0x78
 242 00eb 01       		.uleb128 0x1
 243 00ec 51       		.byte	0x51
 244 00ed 02       		.uleb128 0x2
 245 00ee 26000000 		.4byte	.LASF14
 246 00f2 0D       		.byte	0xd
 247 00f3 0C       		.byte	0xc
 248 00f4 78000000 		.4byte	0x78
 249 00f8 27000000 		.4byte	.LLST1
 250 00fc 23000000 		.4byte	.LVUS1
 251 0100 02       		.uleb128 0x2
 252 0101 9D010000 		.4byte	.LASF15
 253 0105 0E       		.byte	0xe
 254 0106 0C       		.byte	0xc
 255 0107 78000000 		.4byte	0x78
 256 010b 4E000000 		.4byte	.LLST2
 257 010f 4C000000 		.4byte	.LVUS2
 258 0113 02       		.uleb128 0x2
 259 0114 AE010000 		.4byte	.LASF16
 260 0118 0F       		.byte	0xf
 261 0119 16       		.byte	0x16
 262 011a 27010000 		.4byte	0x127
 263 011e 59000000 		.4byte	.LLST3
 264 0122 57000000 		.4byte	.LVUS3
 265 0126 00       		.byte	0
 266 0127 0C       		.uleb128 0xc
 267 0128 04       		.byte	0x4
 268 0129 84000000 		.4byte	0x84
 269 012d 00       		.byte	0
 270              		.section	.debug_abbrev,"",%progbits
 271              	.Ldebug_abbrev0:
 272 0000 01       		.uleb128 0x1
 273 0001 24       		.uleb128 0x24
 274 0002 00       		.byte	0
 275 0003 0B       		.uleb128 0xb
 276 0004 0B       		.uleb128 0xb
 277 0005 3E       		.uleb128 0x3e
 278 0006 0B       		.uleb128 0xb
 279 0007 03       		.uleb128 0x3
 280 0008 0E       		.uleb128 0xe
 281 0009 00       		.byte	0
 282 000a 00       		.byte	0
 283 000b 02       		.uleb128 0x2
 284 000c 34       		.uleb128 0x34
 285 000d 00       		.byte	0
ARM GAS  /tmp/cc2vuAYo.s 			page 6


 286 000e 03       		.uleb128 0x3
 287 000f 0E       		.uleb128 0xe
 288 0010 3A       		.uleb128 0x3a
 289 0011 21       		.uleb128 0x21
 290 0012 01       		.sleb128 1
 291 0013 3B       		.uleb128 0x3b
 292 0014 0B       		.uleb128 0xb
 293 0015 39       		.uleb128 0x39
 294 0016 0B       		.uleb128 0xb
 295 0017 49       		.uleb128 0x49
 296 0018 13       		.uleb128 0x13
 297 0019 02       		.uleb128 0x2
 298 001a 17       		.uleb128 0x17
 299 001b B742     		.uleb128 0x2137
 300 001d 17       		.uleb128 0x17
 301 001e 00       		.byte	0
 302 001f 00       		.byte	0
 303 0020 03       		.uleb128 0x3
 304 0021 16       		.uleb128 0x16
 305 0022 00       		.byte	0
 306 0023 03       		.uleb128 0x3
 307 0024 0E       		.uleb128 0xe
 308 0025 3A       		.uleb128 0x3a
 309 0026 0B       		.uleb128 0xb
 310 0027 3B       		.uleb128 0x3b
 311 0028 0B       		.uleb128 0xb
 312 0029 39       		.uleb128 0x39
 313 002a 0B       		.uleb128 0xb
 314 002b 49       		.uleb128 0x49
 315 002c 13       		.uleb128 0x13
 316 002d 00       		.byte	0
 317 002e 00       		.byte	0
 318 002f 04       		.uleb128 0x4
 319 0030 2E       		.uleb128 0x2e
 320 0031 01       		.byte	0x1
 321 0032 3F       		.uleb128 0x3f
 322 0033 19       		.uleb128 0x19
 323 0034 03       		.uleb128 0x3
 324 0035 0E       		.uleb128 0xe
 325 0036 3A       		.uleb128 0x3a
 326 0037 21       		.uleb128 0x21
 327 0038 01       		.sleb128 1
 328 0039 3B       		.uleb128 0x3b
 329 003a 0B       		.uleb128 0xb
 330 003b 39       		.uleb128 0x39
 331 003c 21       		.uleb128 0x21
 332 003d 06       		.sleb128 6
 333 003e 27       		.uleb128 0x27
 334 003f 19       		.uleb128 0x19
 335 0040 11       		.uleb128 0x11
 336 0041 01       		.uleb128 0x1
 337 0042 12       		.uleb128 0x12
 338 0043 06       		.uleb128 0x6
 339 0044 40       		.uleb128 0x40
 340 0045 18       		.uleb128 0x18
 341 0046 7A       		.uleb128 0x7a
 342 0047 19       		.uleb128 0x19
ARM GAS  /tmp/cc2vuAYo.s 			page 7


 343 0048 01       		.uleb128 0x1
 344 0049 13       		.uleb128 0x13
 345 004a 00       		.byte	0
 346 004b 00       		.byte	0
 347 004c 05       		.uleb128 0x5
 348 004d 11       		.uleb128 0x11
 349 004e 01       		.byte	0x1
 350 004f 25       		.uleb128 0x25
 351 0050 0E       		.uleb128 0xe
 352 0051 13       		.uleb128 0x13
 353 0052 0B       		.uleb128 0xb
 354 0053 03       		.uleb128 0x3
 355 0054 0E       		.uleb128 0xe
 356 0055 1B       		.uleb128 0x1b
 357 0056 0E       		.uleb128 0xe
 358 0057 55       		.uleb128 0x55
 359 0058 17       		.uleb128 0x17
 360 0059 11       		.uleb128 0x11
 361 005a 01       		.uleb128 0x1
 362 005b 10       		.uleb128 0x10
 363 005c 17       		.uleb128 0x17
 364 005d 00       		.byte	0
 365 005e 00       		.byte	0
 366 005f 06       		.uleb128 0x6
 367 0060 24       		.uleb128 0x24
 368 0061 00       		.byte	0
 369 0062 0B       		.uleb128 0xb
 370 0063 0B       		.uleb128 0xb
 371 0064 3E       		.uleb128 0x3e
 372 0065 0B       		.uleb128 0xb
 373 0066 03       		.uleb128 0x3
 374 0067 08       		.uleb128 0x8
 375 0068 00       		.byte	0
 376 0069 00       		.byte	0
 377 006a 07       		.uleb128 0x7
 378 006b 35       		.uleb128 0x35
 379 006c 00       		.byte	0
 380 006d 49       		.uleb128 0x49
 381 006e 13       		.uleb128 0x13
 382 006f 00       		.byte	0
 383 0070 00       		.byte	0
 384 0071 08       		.uleb128 0x8
 385 0072 05       		.uleb128 0x5
 386 0073 00       		.byte	0
 387 0074 03       		.uleb128 0x3
 388 0075 08       		.uleb128 0x8
 389 0076 3A       		.uleb128 0x3a
 390 0077 0B       		.uleb128 0xb
 391 0078 3B       		.uleb128 0x3b
 392 0079 0B       		.uleb128 0xb
 393 007a 39       		.uleb128 0x39
 394 007b 0B       		.uleb128 0xb
 395 007c 49       		.uleb128 0x49
 396 007d 13       		.uleb128 0x13
 397 007e 02       		.uleb128 0x2
 398 007f 18       		.uleb128 0x18
 399 0080 00       		.byte	0
ARM GAS  /tmp/cc2vuAYo.s 			page 8


 400 0081 00       		.byte	0
 401 0082 09       		.uleb128 0x9
 402 0083 34       		.uleb128 0x34
 403 0084 00       		.byte	0
 404 0085 03       		.uleb128 0x3
 405 0086 08       		.uleb128 0x8
 406 0087 3A       		.uleb128 0x3a
 407 0088 0B       		.uleb128 0xb
 408 0089 3B       		.uleb128 0x3b
 409 008a 0B       		.uleb128 0xb
 410 008b 39       		.uleb128 0x39
 411 008c 0B       		.uleb128 0xb
 412 008d 49       		.uleb128 0x49
 413 008e 13       		.uleb128 0x13
 414 008f 02       		.uleb128 0x2
 415 0090 18       		.uleb128 0x18
 416 0091 00       		.byte	0
 417 0092 00       		.byte	0
 418 0093 0A       		.uleb128 0xa
 419 0094 05       		.uleb128 0x5
 420 0095 00       		.byte	0
 421 0096 03       		.uleb128 0x3
 422 0097 0E       		.uleb128 0xe
 423 0098 3A       		.uleb128 0x3a
 424 0099 0B       		.uleb128 0xb
 425 009a 3B       		.uleb128 0x3b
 426 009b 0B       		.uleb128 0xb
 427 009c 39       		.uleb128 0x39
 428 009d 0B       		.uleb128 0xb
 429 009e 49       		.uleb128 0x49
 430 009f 13       		.uleb128 0x13
 431 00a0 02       		.uleb128 0x2
 432 00a1 17       		.uleb128 0x17
 433 00a2 B742     		.uleb128 0x2137
 434 00a4 17       		.uleb128 0x17
 435 00a5 00       		.byte	0
 436 00a6 00       		.byte	0
 437 00a7 0B       		.uleb128 0xb
 438 00a8 05       		.uleb128 0x5
 439 00a9 00       		.byte	0
 440 00aa 03       		.uleb128 0x3
 441 00ab 0E       		.uleb128 0xe
 442 00ac 3A       		.uleb128 0x3a
 443 00ad 0B       		.uleb128 0xb
 444 00ae 3B       		.uleb128 0x3b
 445 00af 0B       		.uleb128 0xb
 446 00b0 39       		.uleb128 0x39
 447 00b1 0B       		.uleb128 0xb
 448 00b2 49       		.uleb128 0x49
 449 00b3 13       		.uleb128 0x13
 450 00b4 02       		.uleb128 0x2
 451 00b5 18       		.uleb128 0x18
 452 00b6 00       		.byte	0
 453 00b7 00       		.byte	0
 454 00b8 0C       		.uleb128 0xc
 455 00b9 0F       		.uleb128 0xf
 456 00ba 00       		.byte	0
ARM GAS  /tmp/cc2vuAYo.s 			page 9


 457 00bb 0B       		.uleb128 0xb
 458 00bc 0B       		.uleb128 0xb
 459 00bd 49       		.uleb128 0x49
 460 00be 13       		.uleb128 0x13
 461 00bf 00       		.byte	0
 462 00c0 00       		.byte	0
 463 00c1 00       		.byte	0
 464              		.section	.debug_loclists,"",%progbits
 465 0000 5E000000 		.4byte	.Ldebug_loc3-.Ldebug_loc2
 466              	.Ldebug_loc2:
 467 0004 0500     		.2byte	0x5
 468 0006 04       		.byte	0x4
 469 0007 00       		.byte	0
 470 0008 00000000 		.4byte	0
 471              	.Ldebug_loc0:
 472              	.LVUS0:
 473 000c 00       		.uleb128 0
 474 000d 00       		.uleb128 .LVU7
 475 000e 00       		.uleb128 .LVU7
 476 000f 00       		.uleb128 0
 477              	.LLST0:
 478 0010 06       		.byte	0x6
 479 0011 00000000 		.4byte	.LVL0
 480 0015 04       		.byte	0x4
 481 0016 00       		.uleb128 .LVL0-.LVL0
 482 0017 24       		.uleb128 .LVL2-.LVL0
 483 0018 01       		.uleb128 0x1
 484 0019 50       		.byte	0x50
 485 001a 04       		.byte	0x4
 486 001b 24       		.uleb128 .LVL2-.LVL0
 487 001c 48       		.uleb128 .LFE0-.LVL0
 488 001d 04       		.uleb128 0x4
 489 001e A3       		.byte	0xa3
 490 001f 01       		.uleb128 0x1
 491 0020 50       		.byte	0x50
 492 0021 9F       		.byte	0x9f
 493 0022 00       		.byte	0
 494              	.LVUS1:
 495 0023 00       		.uleb128 .LVU3
 496 0024 00       		.uleb128 .LVU7
 497 0025 00       		.uleb128 .LVU7
 498 0026 00       		.uleb128 0
 499              	.LLST1:
 500 0027 06       		.byte	0x6
 501 0028 04000000 		.4byte	.LVL1
 502 002c 04       		.byte	0x4
 503 002d 00       		.uleb128 .LVL1-.LVL1
 504 002e 20       		.uleb128 .LVL2-.LVL1
 505 002f 0B       		.uleb128 0xb
 506 0030 70       		.byte	0x70
 507 0031 00       		.sleb128 0
 508 0032 A8       		.byte	0xa8
 509 0033 26       		.uleb128 0x26
 510 0034 3A       		.byte	0x3a
 511 0035 A8       		.byte	0xa8
 512 0036 26       		.uleb128 0x26
 513 0037 1B       		.byte	0x1b
ARM GAS  /tmp/cc2vuAYo.s 			page 10


 514 0038 A8       		.byte	0xa8
 515 0039 00       		.uleb128 0
 516 003a 9F       		.byte	0x9f
 517 003b 04       		.byte	0x4
 518 003c 20       		.uleb128 .LVL2-.LVL1
 519 003d 44       		.uleb128 .LFE0-.LVL1
 520 003e 0C       		.uleb128 0xc
 521 003f A3       		.byte	0xa3
 522 0040 01       		.uleb128 0x1
 523 0041 50       		.byte	0x50
 524 0042 A8       		.byte	0xa8
 525 0043 26       		.uleb128 0x26
 526 0044 3A       		.byte	0x3a
 527 0045 A8       		.byte	0xa8
 528 0046 26       		.uleb128 0x26
 529 0047 1B       		.byte	0x1b
 530 0048 A8       		.byte	0xa8
 531 0049 00       		.uleb128 0
 532 004a 9F       		.byte	0x9f
 533 004b 00       		.byte	0
 534              	.LVUS2:
 535 004c 00       		.uleb128 .LVU9
 536 004d 00       		.uleb128 0
 537              	.LLST2:
 538 004e 08       		.byte	0x8
 539 004f 2C000000 		.4byte	.LVL3
 540 0053 1C       		.uleb128 .LFE0-.LVL3
 541 0054 01       		.uleb128 0x1
 542 0055 50       		.byte	0x50
 543 0056 00       		.byte	0
 544              	.LVUS3:
 545 0057 01       		.uleb128 .LVU10
 546 0058 00       		.uleb128 0
 547              	.LLST3:
 548 0059 08       		.byte	0x8
 549 005a 2C000000 		.4byte	.LVL3
 550 005e 1C       		.uleb128 .LFE0-.LVL3
 551 005f 01       		.uleb128 0x1
 552 0060 52       		.byte	0x52
 553 0061 00       		.byte	0
 554              	.Ldebug_loc3:
 555              		.section	.debug_aranges,"",%progbits
 556 0000 24000000 		.4byte	0x24
 557 0004 0200     		.2byte	0x2
 558 0006 00000000 		.4byte	.Ldebug_info0
 559 000a 04       		.byte	0x4
 560 000b 00       		.byte	0
 561 000c 0000     		.2byte	0
 562 000e 0000     		.2byte	0
 563 0010 00000000 		.4byte	.LFB0
 564 0014 48000000 		.4byte	.LFE0-.LFB0
 565 0018 00000000 		.4byte	.LFB1
 566 001c 3C000000 		.4byte	.LFE1-.LFB1
 567 0020 00000000 		.4byte	0
 568 0024 00000000 		.4byte	0
 569              		.section	.debug_rnglists,"",%progbits
 570              	.Ldebug_ranges0:
ARM GAS  /tmp/cc2vuAYo.s 			page 11


 571 0000 15000000 		.4byte	.Ldebug_ranges3-.Ldebug_ranges2
 572              	.Ldebug_ranges2:
 573 0004 0500     		.2byte	0x5
 574 0006 04       		.byte	0x4
 575 0007 00       		.byte	0
 576 0008 00000000 		.4byte	0
 577              	.LLRL4:
 578 000c 07       		.byte	0x7
 579 000d 00000000 		.4byte	.LFB0
 580 0011 48       		.uleb128 .LFE0-.LFB0
 581 0012 07       		.byte	0x7
 582 0013 00000000 		.4byte	.LFB1
 583 0017 3C       		.uleb128 .LFE1-.LFB1
 584 0018 00       		.byte	0
 585              	.Ldebug_ranges3:
 586              		.section	.debug_line,"",%progbits
 587              	.Ldebug_line0:
 588 0000 20010000 		.section	.debug_str,"MS",%progbits,1
 588      0300A200 
 588      00000201 
 588      FB0E0D00 
 588      01010101 
 589              	.LASF12:
 590 0000 62636D32 		.ascii	"bcm2835_gpio_fnsel\000"
 590      3833355F 
 590      6770696F 
 590      5F666E73 
 590      656C00
 591              	.LASF4:
 592 0013 73686F72 		.ascii	"short unsigned int\000"
 592      7420756E 
 592      7369676E 
 592      65642069 
 592      6E7400
 593              	.LASF14:
 594 0026 6770666E 		.ascii	"gpfnbank\000"
 594      62616E6B 
 594      00
 595              	.LASF2:
 596 002f 756E7369 		.ascii	"unsigned char\000"
 596      676E6564 
 596      20636861 
 596      7200
 597              	.LASF6:
 598 003d 6C6F6E67 		.ascii	"long unsigned int\000"
 598      20756E73 
 598      69676E65 
 598      6420696E 
 598      7400
 599              	.LASF17:
 600 004f 474E5520 		.ascii	"GNU C17 11.2.0 -mcpu=arm1176jz-s -mno-thumb-interwo"
 600      43313720 
 600      31312E32 
 600      2E30202D 
 600      6D637075 
 601 0082 726B202D 		.ascii	"rk -mfloat-abi=soft -marm -march=armv6kz -ggdb -O2 "
 601      6D666C6F 
ARM GAS  /tmp/cc2vuAYo.s 			page 12


 601      61742D61 
 601      62693D73 
 601      6F667420 
 602 00b5 2D666F6D 		.ascii	"-fomit-frame-pointer -ffunction-sections -fdata-sec"
 602      69742D66 
 602      72616D65 
 602      2D706F69 
 602      6E746572 
 603 00e8 74696F6E 		.ascii	"tions\000"
 603      7300
 604              	.LASF13:
 605 00ee 6770696F 		.ascii	"gpio_fn\000"
 605      5F666E00 
 606              	.LASF20:
 607 00f6 6770696F 		.ascii	"gpio_pin\000"
 607      5F70696E 
 607      00
 608              	.LASF18:
 609 00ff 2E2E2F2E 		.ascii	"../../os/hal/platforms/BCM2835/bcm2835.c\000"
 609      2E2F6F73 
 609      2F68616C 
 609      2F706C61 
 609      74666F72 
 610              	.LASF9:
 611 0128 5F5F7569 		.ascii	"__uint32_t\000"
 611      6E743332 
 611      5F7400
 612              	.LASF19:
 613 0133 2F686F6D 		.ascii	"/home/sergi/uni/seu/ChibiOS-RPi/demos/led\000"
 613      652F7365 
 613      7267692F 
 613      756E692F 
 613      7365752F 
 614              	.LASF0:
 615 015d 756E7369 		.ascii	"unsigned int\000"
 615      676E6564 
 615      20696E74 
 615      00
 616              	.LASF8:
 617 016a 6C6F6E67 		.ascii	"long long unsigned int\000"
 617      206C6F6E 
 617      6720756E 
 617      7369676E 
 617      65642069 
 618              	.LASF11:
 619 0181 62636D32 		.ascii	"bcm2835_delay\000"
 619      3833355F 
 619      64656C61 
 619      7900
 620              	.LASF7:
 621 018f 6C6F6E67 		.ascii	"long long int\000"
 621      206C6F6E 
 621      6720696E 
 621      7400
 622              	.LASF15:
 623 019d 6F666673 		.ascii	"offset\000"
 623      657400
ARM GAS  /tmp/cc2vuAYo.s 			page 13


 624              	.LASF3:
 625 01a4 73686F72 		.ascii	"short int\000"
 625      7420696E 
 625      7400
 626              	.LASF16:
 627 01ae 6770666E 		.ascii	"gpfnsel\000"
 627      73656C00 
 628              	.LASF10:
 629 01b6 75696E74 		.ascii	"uint32_t\000"
 629      33325F74 
 629      00
 630              	.LASF5:
 631 01bf 6C6F6E67 		.ascii	"long int\000"
 631      20696E74 
 631      00
 632              	.LASF1:
 633 01c8 7369676E 		.ascii	"signed char\000"
 633      65642063 
 633      68617200 
 634              		.ident	"GCC: (Arch Repository) 11.2.0"
ARM GAS  /tmp/cc2vuAYo.s 			page 14


DEFINED SYMBOLS
                            *ABS*:0000000000000000 bcm2835.c
     /tmp/cc2vuAYo.s:16     .text.bcm2835_gpio_fnsel:0000000000000000 $a
     /tmp/cc2vuAYo.s:23     .text.bcm2835_gpio_fnsel:0000000000000000 bcm2835_gpio_fnsel
     /tmp/cc2vuAYo.s:69     .text.bcm2835_gpio_fnsel:0000000000000044 $d
     /tmp/cc2vuAYo.s:74     .text.bcm2835_delay:0000000000000000 $a
     /tmp/cc2vuAYo.s:80     .text.bcm2835_delay:0000000000000000 bcm2835_delay

NO UNDEFINED SYMBOLS
