ARM GAS  /tmp/ccBEQAin.s 			page 1


   1              		.cpu arm1176jz-s
   2              		.eabi_attribute 20, 1
   3              		.eabi_attribute 21, 1
   4              		.eabi_attribute 23, 3
   5              		.eabi_attribute 24, 1
   6              		.eabi_attribute 25, 1
   7              		.eabi_attribute 26, 1
   8              		.eabi_attribute 30, 2
   9              		.eabi_attribute 34, 1
  10              		.eabi_attribute 18, 4
  11              		.file	"board.c"
  12              		.text
  13              	.Ltext0:
  14              		.cfi_sections	.debug_frame
  15              		.section	.text.boardInit,"ax",%progbits
  16              		.align	2
  17              		.global	boardInit
  18              		.arch armv6kz
  19              		.syntax unified
  20              		.arm
  21              		.fpu softvfp
  22              		.type	boardInit, %function
  23              	boardInit:
  24              	.LFB7:
  25              		.file 1 "../../boards/RASPBERRYPI_MODB/board.c"
  26              		.loc 1 38 22 view -0
  27              		.cfi_startproc
  28              		@ args = 0, pretend = 0, frame = 0
  29              		@ frame_needed = 0, uses_anonymous_args = 0
  30              		@ link register save eliminated.
  31              		.loc 1 39 1 view .LVU1
  32 0000 1EFF2FE1 		bx	lr
  33              		.cfi_endproc
  34              	.LFE7:
  35              		.size	boardInit, .-boardInit
  36              		.global	pal_default_config
  37              		.section	.rodata.pal_default_config,"a"
  38              		.align	2
  39              		.type	pal_default_config, %object
  40              		.size	pal_default_config, 0
  41              	pal_default_config:
  42              		.text
  43              	.Letext0:
  44              		.file 2 "../../os/hal/platforms/BCM2835/pal_lld.h"
  45              		.section	.debug_info,"",%progbits
  46              	.Ldebug_info0:
  47 0000 B2000000 		.4byte	0xb2
  48 0004 0500     		.2byte	0x5
  49 0006 01       		.byte	0x1
  50 0007 04       		.byte	0x4
  51 0008 00000000 		.4byte	.Ldebug_abbrev0
  52 000c 02       		.uleb128 0x2
  53 000d B0000000 		.4byte	.LASF10
  54 0011 1D       		.byte	0x1d
  55 0012 0E000000 		.4byte	.LASF11
  56 0016 41000000 		.4byte	.LASF12
  57 001a 0C000000 		.4byte	.LLRL0
ARM GAS  /tmp/ccBEQAin.s 			page 2


  58 001e 00000000 		.4byte	0
  59 0022 00000000 		.4byte	.Ldebug_line0
  60 0026 03       		.uleb128 0x3
  61 0027 04       		.byte	0x4
  62 0028 05       		.byte	0x5
  63 0029 696E7400 		.ascii	"int\000"
  64 002d 01       		.uleb128 0x1
  65 002e 04       		.byte	0x4
  66 002f 07       		.byte	0x7
  67 0030 34000000 		.4byte	.LASF0
  68 0034 01       		.uleb128 0x1
  69 0035 01       		.byte	0x1
  70 0036 06       		.byte	0x6
  71 0037 75010000 		.4byte	.LASF1
  72 003b 01       		.uleb128 0x1
  73 003c 01       		.byte	0x1
  74 003d 08       		.byte	0x8
  75 003e 94000000 		.4byte	.LASF2
  76 0042 01       		.uleb128 0x1
  77 0043 02       		.byte	0x2
  78 0044 05       		.byte	0x5
  79 0045 8B010000 		.4byte	.LASF3
  80 0049 01       		.uleb128 0x1
  81 004a 02       		.byte	0x2
  82 004b 07       		.byte	0x7
  83 004c 62010000 		.4byte	.LASF4
  84 0050 01       		.uleb128 0x1
  85 0051 04       		.byte	0x4
  86 0052 05       		.byte	0x5
  87 0053 A7000000 		.4byte	.LASF5
  88 0057 01       		.uleb128 0x1
  89 0058 04       		.byte	0x4
  90 0059 07       		.byte	0x7
  91 005a 6B000000 		.4byte	.LASF6
  92 005e 01       		.uleb128 0x1
  93 005f 08       		.byte	0x8
  94 0060 05       		.byte	0x5
  95 0061 00000000 		.4byte	.LASF7
  96 0065 01       		.uleb128 0x1
  97 0066 08       		.byte	0x8
  98 0067 07       		.byte	0x7
  99 0068 7D000000 		.4byte	.LASF8
 100 006c 01       		.uleb128 0x1
 101 006d 01       		.byte	0x1
 102 006e 08       		.byte	0x8
 103 006f A2000000 		.4byte	.LASF9
 104 0073 04       		.uleb128 0x4
 105 0074 00       		.byte	0
 106 0075 02       		.byte	0x2
 107 0076 43       		.byte	0x43
 108 0077 09       		.byte	0x9
 109 0078 05       		.uleb128 0x5
 110 0079 95010000 		.4byte	.LASF13
 111 007d 02       		.byte	0x2
 112 007e 45       		.byte	0x45
 113 007f 03       		.byte	0x3
 114 0080 73000000 		.4byte	0x73
ARM GAS  /tmp/ccBEQAin.s 			page 3


 115 0084 06       		.uleb128 0x6
 116 0085 78000000 		.4byte	0x78
 117 0089 07       		.uleb128 0x7
 118 008a 4F010000 		.4byte	.LASF14
 119 008e 02       		.byte	0x2
 120 008f 75       		.byte	0x75
 121 0090 18       		.byte	0x18
 122 0091 84000000 		.4byte	0x84
 123 0095 08       		.uleb128 0x8
 124 0096 89000000 		.4byte	0x89
 125 009a 01       		.byte	0x1
 126 009b 1D       		.byte	0x1d
 127 009c 11       		.byte	0x11
 128 009d 05       		.uleb128 0x5
 129 009e 03       		.byte	0x3
 130 009f 00000000 		.4byte	pal_default_config
 131 00a3 09       		.uleb128 0x9
 132 00a4 81010000 		.4byte	.LASF15
 133 00a8 01       		.byte	0x1
 134 00a9 26       		.byte	0x26
 135 00aa 06       		.byte	0x6
 136 00ab 00000000 		.4byte	.LFB7
 137 00af 04000000 		.4byte	.LFE7-.LFB7
 138 00b3 01       		.uleb128 0x1
 139 00b4 9C       		.byte	0x9c
 140 00b5 00       		.byte	0
 141              		.section	.debug_abbrev,"",%progbits
 142              	.Ldebug_abbrev0:
 143 0000 01       		.uleb128 0x1
 144 0001 24       		.uleb128 0x24
 145 0002 00       		.byte	0
 146 0003 0B       		.uleb128 0xb
 147 0004 0B       		.uleb128 0xb
 148 0005 3E       		.uleb128 0x3e
 149 0006 0B       		.uleb128 0xb
 150 0007 03       		.uleb128 0x3
 151 0008 0E       		.uleb128 0xe
 152 0009 00       		.byte	0
 153 000a 00       		.byte	0
 154 000b 02       		.uleb128 0x2
 155 000c 11       		.uleb128 0x11
 156 000d 01       		.byte	0x1
 157 000e 25       		.uleb128 0x25
 158 000f 0E       		.uleb128 0xe
 159 0010 13       		.uleb128 0x13
 160 0011 0B       		.uleb128 0xb
 161 0012 03       		.uleb128 0x3
 162 0013 0E       		.uleb128 0xe
 163 0014 1B       		.uleb128 0x1b
 164 0015 0E       		.uleb128 0xe
 165 0016 55       		.uleb128 0x55
 166 0017 17       		.uleb128 0x17
 167 0018 11       		.uleb128 0x11
 168 0019 01       		.uleb128 0x1
 169 001a 10       		.uleb128 0x10
 170 001b 17       		.uleb128 0x17
 171 001c 00       		.byte	0
ARM GAS  /tmp/ccBEQAin.s 			page 4


 172 001d 00       		.byte	0
 173 001e 03       		.uleb128 0x3
 174 001f 24       		.uleb128 0x24
 175 0020 00       		.byte	0
 176 0021 0B       		.uleb128 0xb
 177 0022 0B       		.uleb128 0xb
 178 0023 3E       		.uleb128 0x3e
 179 0024 0B       		.uleb128 0xb
 180 0025 03       		.uleb128 0x3
 181 0026 08       		.uleb128 0x8
 182 0027 00       		.byte	0
 183 0028 00       		.byte	0
 184 0029 04       		.uleb128 0x4
 185 002a 13       		.uleb128 0x13
 186 002b 00       		.byte	0
 187 002c 0B       		.uleb128 0xb
 188 002d 0B       		.uleb128 0xb
 189 002e 3A       		.uleb128 0x3a
 190 002f 0B       		.uleb128 0xb
 191 0030 3B       		.uleb128 0x3b
 192 0031 0B       		.uleb128 0xb
 193 0032 39       		.uleb128 0x39
 194 0033 0B       		.uleb128 0xb
 195 0034 00       		.byte	0
 196 0035 00       		.byte	0
 197 0036 05       		.uleb128 0x5
 198 0037 16       		.uleb128 0x16
 199 0038 00       		.byte	0
 200 0039 03       		.uleb128 0x3
 201 003a 0E       		.uleb128 0xe
 202 003b 3A       		.uleb128 0x3a
 203 003c 0B       		.uleb128 0xb
 204 003d 3B       		.uleb128 0x3b
 205 003e 0B       		.uleb128 0xb
 206 003f 39       		.uleb128 0x39
 207 0040 0B       		.uleb128 0xb
 208 0041 49       		.uleb128 0x49
 209 0042 13       		.uleb128 0x13
 210 0043 00       		.byte	0
 211 0044 00       		.byte	0
 212 0045 06       		.uleb128 0x6
 213 0046 26       		.uleb128 0x26
 214 0047 00       		.byte	0
 215 0048 49       		.uleb128 0x49
 216 0049 13       		.uleb128 0x13
 217 004a 00       		.byte	0
 218 004b 00       		.byte	0
 219 004c 07       		.uleb128 0x7
 220 004d 34       		.uleb128 0x34
 221 004e 00       		.byte	0
 222 004f 03       		.uleb128 0x3
 223 0050 0E       		.uleb128 0xe
 224 0051 3A       		.uleb128 0x3a
 225 0052 0B       		.uleb128 0xb
 226 0053 3B       		.uleb128 0x3b
 227 0054 0B       		.uleb128 0xb
 228 0055 39       		.uleb128 0x39
ARM GAS  /tmp/ccBEQAin.s 			page 5


 229 0056 0B       		.uleb128 0xb
 230 0057 49       		.uleb128 0x49
 231 0058 13       		.uleb128 0x13
 232 0059 3F       		.uleb128 0x3f
 233 005a 19       		.uleb128 0x19
 234 005b 3C       		.uleb128 0x3c
 235 005c 19       		.uleb128 0x19
 236 005d 00       		.byte	0
 237 005e 00       		.byte	0
 238 005f 08       		.uleb128 0x8
 239 0060 34       		.uleb128 0x34
 240 0061 00       		.byte	0
 241 0062 47       		.uleb128 0x47
 242 0063 13       		.uleb128 0x13
 243 0064 3A       		.uleb128 0x3a
 244 0065 0B       		.uleb128 0xb
 245 0066 3B       		.uleb128 0x3b
 246 0067 0B       		.uleb128 0xb
 247 0068 39       		.uleb128 0x39
 248 0069 0B       		.uleb128 0xb
 249 006a 02       		.uleb128 0x2
 250 006b 18       		.uleb128 0x18
 251 006c 00       		.byte	0
 252 006d 00       		.byte	0
 253 006e 09       		.uleb128 0x9
 254 006f 2E       		.uleb128 0x2e
 255 0070 00       		.byte	0
 256 0071 3F       		.uleb128 0x3f
 257 0072 19       		.uleb128 0x19
 258 0073 03       		.uleb128 0x3
 259 0074 0E       		.uleb128 0xe
 260 0075 3A       		.uleb128 0x3a
 261 0076 0B       		.uleb128 0xb
 262 0077 3B       		.uleb128 0x3b
 263 0078 0B       		.uleb128 0xb
 264 0079 39       		.uleb128 0x39
 265 007a 0B       		.uleb128 0xb
 266 007b 27       		.uleb128 0x27
 267 007c 19       		.uleb128 0x19
 268 007d 11       		.uleb128 0x11
 269 007e 01       		.uleb128 0x1
 270 007f 12       		.uleb128 0x12
 271 0080 06       		.uleb128 0x6
 272 0081 40       		.uleb128 0x40
 273 0082 18       		.uleb128 0x18
 274 0083 7A       		.uleb128 0x7a
 275 0084 19       		.uleb128 0x19
 276 0085 00       		.byte	0
 277 0086 00       		.byte	0
 278 0087 00       		.byte	0
 279              		.section	.debug_aranges,"",%progbits
 280 0000 1C000000 		.4byte	0x1c
 281 0004 0200     		.2byte	0x2
 282 0006 00000000 		.4byte	.Ldebug_info0
 283 000a 04       		.byte	0x4
 284 000b 00       		.byte	0
 285 000c 0000     		.2byte	0
ARM GAS  /tmp/ccBEQAin.s 			page 6


 286 000e 0000     		.2byte	0
 287 0010 00000000 		.4byte	.LFB7
 288 0014 04000000 		.4byte	.LFE7-.LFB7
 289 0018 00000000 		.4byte	0
 290 001c 00000000 		.4byte	0
 291              		.section	.debug_rnglists,"",%progbits
 292              	.Ldebug_ranges0:
 293 0000 0F000000 		.4byte	.Ldebug_ranges3-.Ldebug_ranges2
 294              	.Ldebug_ranges2:
 295 0004 0500     		.2byte	0x5
 296 0006 04       		.byte	0x4
 297 0007 00       		.byte	0
 298 0008 00000000 		.4byte	0
 299              	.LLRL0:
 300 000c 07       		.byte	0x7
 301 000d 00000000 		.4byte	.LFB7
 302 0011 04       		.uleb128 .LFE7-.LFB7
 303 0012 00       		.byte	0
 304              	.Ldebug_ranges3:
 305              		.section	.debug_line,"",%progbits
 306              	.Ldebug_line0:
 307 0000 82000000 		.section	.debug_str,"MS",%progbits,1
 307      03006800 
 307      00000201 
 307      FB0E0D00 
 307      01010101 
 308              	.LASF7:
 309 0000 6C6F6E67 		.ascii	"long long int\000"
 309      206C6F6E 
 309      6720696E 
 309      7400
 310              	.LASF11:
 311 000e 2E2E2F2E 		.ascii	"../../boards/RASPBERRYPI_MODB/board.c\000"
 311      2E2F626F 
 311      61726473 
 311      2F524153 
 311      50424552 
 312              	.LASF0:
 313 0034 756E7369 		.ascii	"unsigned int\000"
 313      676E6564 
 313      20696E74 
 313      00
 314              	.LASF12:
 315 0041 2F686F6D 		.ascii	"/home/sergi/uni/seu/ChibiOS-RPi/demos/led\000"
 315      652F7365 
 315      7267692F 
 315      756E692F 
 315      7365752F 
 316              	.LASF6:
 317 006b 6C6F6E67 		.ascii	"long unsigned int\000"
 317      20756E73 
 317      69676E65 
 317      6420696E 
 317      7400
 318              	.LASF8:
 319 007d 6C6F6E67 		.ascii	"long long unsigned int\000"
 319      206C6F6E 
ARM GAS  /tmp/ccBEQAin.s 			page 7


 319      6720756E 
 319      7369676E 
 319      65642069 
 320              	.LASF2:
 321 0094 756E7369 		.ascii	"unsigned char\000"
 321      676E6564 
 321      20636861 
 321      7200
 322              	.LASF9:
 323 00a2 63686172 		.ascii	"char\000"
 323      00
 324              	.LASF5:
 325 00a7 6C6F6E67 		.ascii	"long int\000"
 325      20696E74 
 325      00
 326              	.LASF10:
 327 00b0 474E5520 		.ascii	"GNU C17 11.2.0 -mcpu=arm1176jz-s -mno-thumb-interwo"
 327      43313720 
 327      31312E32 
 327      2E30202D 
 327      6D637075 
 328 00e3 726B202D 		.ascii	"rk -mfloat-abi=soft -marm -march=armv6kz -ggdb -O2 "
 328      6D666C6F 
 328      61742D61 
 328      62693D73 
 328      6F667420 
 329 0116 2D666F6D 		.ascii	"-fomit-frame-pointer -ffunction-sections -fdata-sec"
 329      69742D66 
 329      72616D65 
 329      2D706F69 
 329      6E746572 
 330 0149 74696F6E 		.ascii	"tions\000"
 330      7300
 331              	.LASF14:
 332 014f 70616C5F 		.ascii	"pal_default_config\000"
 332      64656661 
 332      756C745F 
 332      636F6E66 
 332      696700
 333              	.LASF4:
 334 0162 73686F72 		.ascii	"short unsigned int\000"
 334      7420756E 
 334      7369676E 
 334      65642069 
 334      6E7400
 335              	.LASF1:
 336 0175 7369676E 		.ascii	"signed char\000"
 336      65642063 
 336      68617200 
 337              	.LASF15:
 338 0181 626F6172 		.ascii	"boardInit\000"
 338      64496E69 
 338      7400
 339              	.LASF3:
 340 018b 73686F72 		.ascii	"short int\000"
 340      7420696E 
 340      7400
ARM GAS  /tmp/ccBEQAin.s 			page 8


 341              	.LASF13:
 342 0195 50414C43 		.ascii	"PALConfig\000"
 342      6F6E6669 
 342      6700
 343              		.ident	"GCC: (Arch Repository) 11.2.0"
ARM GAS  /tmp/ccBEQAin.s 			page 9


DEFINED SYMBOLS
                            *ABS*:0000000000000000 board.c
     /tmp/ccBEQAin.s:16     .text.boardInit:0000000000000000 $a
     /tmp/ccBEQAin.s:23     .text.boardInit:0000000000000000 boardInit
     /tmp/ccBEQAin.s:41     .rodata.pal_default_config:0000000000000000 pal_default_config

NO UNDEFINED SYMBOLS
