ARM GAS  /tmp/ccmVuvZw.s 			page 1


   1              		.cpu arm1176jz-s
   2              		.eabi_attribute 20, 1
   3              		.eabi_attribute 21, 1
   4              		.eabi_attribute 23, 3
   5              		.eabi_attribute 24, 1
   6              		.eabi_attribute 25, 1
   7              		.eabi_attribute 26, 1
   8              		.eabi_attribute 30, 2
   9              		.eabi_attribute 34, 1
  10              		.eabi_attribute 18, 4
  11              		.file	"chcore.c"
  12              		.text
  13              	.Ltext0:
  14              		.cfi_sections	.debug_frame
  15              		.section	.text.port_halt,"ax",%progbits
  16              		.align	2
  17              		.weak	port_halt
  18              		.arch armv6kz
  19              		.syntax unified
  20              		.arm
  21              		.fpu softvfp
  22              		.type	port_halt, %function
  23              	port_halt:
  24              	.LFB7:
  25              		.file 1 "../../os/ports/GCC/ARM/chcore.c"
  26              		.loc 1 37 22 view -0
  27              		.cfi_startproc
  28              		@ args = 0, pretend = 0, frame = 0
  29              		@ frame_needed = 0, uses_anonymous_args = 0
  30              		@ link register save eliminated.
  31              		.loc 1 39 3 view .LVU1
  32              		.syntax divided
  33              	@ 39 "../../os/ports/GCC/ARM/chcore.c" 1
  34 0000 00300FE1 		mrs     r3, CPSR                       
  35 0004 803083E3 		orr     r3, #0x80                      
  36 0008 03F021E1 		msr     CPSR_c, r3                     
  37 000c 403083E3 		orr     r3, #0x40                      
  38 0010 03F021E1 		msr     CPSR_c, r3
  39              	@ 0 "" 2
  40              		.arm
  41              		.syntax unified
  42              	.L2:
  43              		.loc 1 39 17 discriminator 1 view .LVU2
  44              		.loc 1 40 3 discriminator 1 view .LVU3
  45              		.loc 1 41 3 discriminator 1 view .LVU4
  46              		.loc 1 40 9 discriminator 1 view .LVU5
  47              		.loc 1 39 17 discriminator 1 view .LVU6
  48              		.loc 1 40 3 discriminator 1 view .LVU7
  49              		.loc 1 41 3 discriminator 1 view .LVU8
  50              		.loc 1 40 9 discriminator 1 view .LVU9
  51 0014 FEFFFFEA 		b	.L2
  52              		.cfi_endproc
  53              	.LFE7:
  54              		.size	port_halt, .-port_halt
  55              		.text
  56              	.Letext0:
  57              		.section	.debug_info,"",%progbits
ARM GAS  /tmp/ccmVuvZw.s 			page 2


  58              	.Ldebug_info0:
  59 0000 82000000 		.4byte	0x82
  60 0004 0500     		.2byte	0x5
  61 0006 01       		.byte	0x1
  62 0007 04       		.byte	0x4
  63 0008 00000000 		.4byte	.Ldebug_abbrev0
  64 000c 02       		.uleb128 0x2
  65 000d 1F000000 		.4byte	.LASF10
  66 0011 1D       		.byte	0x1d
  67 0012 D8000000 		.4byte	.LASF11
  68 0016 3F010000 		.4byte	.LASF12
  69 001a 0C000000 		.4byte	.LLRL0
  70 001e 00000000 		.4byte	0
  71 0022 00000000 		.4byte	.Ldebug_line0
  72 0026 03       		.uleb128 0x3
  73 0027 04       		.byte	0x4
  74 0028 05       		.byte	0x5
  75 0029 696E7400 		.ascii	"int\000"
  76 002d 01       		.uleb128 0x1
  77 002e 04       		.byte	0x4
  78 002f 07       		.byte	0x7
  79 0030 00000000 		.4byte	.LASF0
  80 0034 01       		.uleb128 0x1
  81 0035 01       		.byte	0x1
  82 0036 06       		.byte	0x6
  83 0037 CC000000 		.4byte	.LASF1
  84 003b 01       		.uleb128 0x1
  85 003c 01       		.byte	0x1
  86 003d 08       		.byte	0x8
  87 003e BE000000 		.4byte	.LASF2
  88 0042 01       		.uleb128 0x1
  89 0043 02       		.byte	0x2
  90 0044 05       		.byte	0x5
  91 0045 02010000 		.4byte	.LASF3
  92 0049 01       		.uleb128 0x1
  93 004a 02       		.byte	0x2
  94 004b 07       		.byte	0x7
  95 004c 23010000 		.4byte	.LASF4
  96 0050 01       		.uleb128 0x1
  97 0051 04       		.byte	0x4
  98 0052 05       		.byte	0x5
  99 0053 36010000 		.4byte	.LASF5
 100 0057 01       		.uleb128 0x1
 101 0058 04       		.byte	0x4
 102 0059 07       		.byte	0x7
 103 005a 0D000000 		.4byte	.LASF6
 104 005e 01       		.uleb128 0x1
 105 005f 08       		.byte	0x8
 106 0060 05       		.byte	0x5
 107 0061 6E010000 		.4byte	.LASF7
 108 0065 01       		.uleb128 0x1
 109 0066 08       		.byte	0x8
 110 0067 07       		.byte	0x7
 111 0068 0C010000 		.4byte	.LASF8
 112 006c 01       		.uleb128 0x1
 113 006d 01       		.byte	0x1
 114 006e 08       		.byte	0x8
ARM GAS  /tmp/ccmVuvZw.s 			page 3


 115 006f 69010000 		.4byte	.LASF9
 116 0073 04       		.uleb128 0x4
 117 0074 F8000000 		.4byte	.LASF13
 118 0078 01       		.byte	0x1
 119 0079 25       		.byte	0x25
 120 007a 06       		.byte	0x6
 121 007b 00000000 		.4byte	.LFB7
 122 007f 18000000 		.4byte	.LFE7-.LFB7
 123 0083 01       		.uleb128 0x1
 124 0084 9C       		.byte	0x9c
 125 0085 00       		.byte	0
 126              		.section	.debug_abbrev,"",%progbits
 127              	.Ldebug_abbrev0:
 128 0000 01       		.uleb128 0x1
 129 0001 24       		.uleb128 0x24
 130 0002 00       		.byte	0
 131 0003 0B       		.uleb128 0xb
 132 0004 0B       		.uleb128 0xb
 133 0005 3E       		.uleb128 0x3e
 134 0006 0B       		.uleb128 0xb
 135 0007 03       		.uleb128 0x3
 136 0008 0E       		.uleb128 0xe
 137 0009 00       		.byte	0
 138 000a 00       		.byte	0
 139 000b 02       		.uleb128 0x2
 140 000c 11       		.uleb128 0x11
 141 000d 01       		.byte	0x1
 142 000e 25       		.uleb128 0x25
 143 000f 0E       		.uleb128 0xe
 144 0010 13       		.uleb128 0x13
 145 0011 0B       		.uleb128 0xb
 146 0012 03       		.uleb128 0x3
 147 0013 0E       		.uleb128 0xe
 148 0014 1B       		.uleb128 0x1b
 149 0015 0E       		.uleb128 0xe
 150 0016 55       		.uleb128 0x55
 151 0017 17       		.uleb128 0x17
 152 0018 11       		.uleb128 0x11
 153 0019 01       		.uleb128 0x1
 154 001a 10       		.uleb128 0x10
 155 001b 17       		.uleb128 0x17
 156 001c 00       		.byte	0
 157 001d 00       		.byte	0
 158 001e 03       		.uleb128 0x3
 159 001f 24       		.uleb128 0x24
 160 0020 00       		.byte	0
 161 0021 0B       		.uleb128 0xb
 162 0022 0B       		.uleb128 0xb
 163 0023 3E       		.uleb128 0x3e
 164 0024 0B       		.uleb128 0xb
 165 0025 03       		.uleb128 0x3
 166 0026 08       		.uleb128 0x8
 167 0027 00       		.byte	0
 168 0028 00       		.byte	0
 169 0029 04       		.uleb128 0x4
 170 002a 2E       		.uleb128 0x2e
 171 002b 00       		.byte	0
ARM GAS  /tmp/ccmVuvZw.s 			page 4


 172 002c 3F       		.uleb128 0x3f
 173 002d 19       		.uleb128 0x19
 174 002e 03       		.uleb128 0x3
 175 002f 0E       		.uleb128 0xe
 176 0030 3A       		.uleb128 0x3a
 177 0031 0B       		.uleb128 0xb
 178 0032 3B       		.uleb128 0x3b
 179 0033 0B       		.uleb128 0xb
 180 0034 39       		.uleb128 0x39
 181 0035 0B       		.uleb128 0xb
 182 0036 27       		.uleb128 0x27
 183 0037 19       		.uleb128 0x19
 184 0038 11       		.uleb128 0x11
 185 0039 01       		.uleb128 0x1
 186 003a 12       		.uleb128 0x12
 187 003b 06       		.uleb128 0x6
 188 003c 40       		.uleb128 0x40
 189 003d 18       		.uleb128 0x18
 190 003e 7A       		.uleb128 0x7a
 191 003f 19       		.uleb128 0x19
 192 0040 00       		.byte	0
 193 0041 00       		.byte	0
 194 0042 00       		.byte	0
 195              		.section	.debug_aranges,"",%progbits
 196 0000 1C000000 		.4byte	0x1c
 197 0004 0200     		.2byte	0x2
 198 0006 00000000 		.4byte	.Ldebug_info0
 199 000a 04       		.byte	0x4
 200 000b 00       		.byte	0
 201 000c 0000     		.2byte	0
 202 000e 0000     		.2byte	0
 203 0010 00000000 		.4byte	.LFB7
 204 0014 18000000 		.4byte	.LFE7-.LFB7
 205 0018 00000000 		.4byte	0
 206 001c 00000000 		.4byte	0
 207              		.section	.debug_rnglists,"",%progbits
 208              	.Ldebug_ranges0:
 209 0000 0F000000 		.4byte	.Ldebug_ranges3-.Ldebug_ranges2
 210              	.Ldebug_ranges2:
 211 0004 0500     		.2byte	0x5
 212 0006 04       		.byte	0x4
 213 0007 00       		.byte	0
 214 0008 00000000 		.4byte	0
 215              	.LLRL0:
 216 000c 07       		.byte	0x7
 217 000d 00000000 		.4byte	.LFB7
 218 0011 18       		.uleb128 .LFE7-.LFB7
 219 0012 00       		.byte	0
 220              	.Ldebug_ranges3:
 221              		.section	.debug_line,"",%progbits
 222              	.Ldebug_line0:
 223 0000 84000000 		.section	.debug_str,"MS",%progbits,1
 223      03003600 
 223      00000201 
 223      FB0E0D00 
 223      01010101 
 224              	.LASF0:
ARM GAS  /tmp/ccmVuvZw.s 			page 5


 225 0000 756E7369 		.ascii	"unsigned int\000"
 225      676E6564 
 225      20696E74 
 225      00
 226              	.LASF6:
 227 000d 6C6F6E67 		.ascii	"long unsigned int\000"
 227      20756E73 
 227      69676E65 
 227      6420696E 
 227      7400
 228              	.LASF10:
 229 001f 474E5520 		.ascii	"GNU C17 11.2.0 -mcpu=arm1176jz-s -mno-thumb-interwo"
 229      43313720 
 229      31312E32 
 229      2E30202D 
 229      6D637075 
 230 0052 726B202D 		.ascii	"rk -mfloat-abi=soft -marm -march=armv6kz -ggdb -O2 "
 230      6D666C6F 
 230      61742D61 
 230      62693D73 
 230      6F667420 
 231 0085 2D666F6D 		.ascii	"-fomit-frame-pointer -ffunction-sections -fdata-sec"
 231      69742D66 
 231      72616D65 
 231      2D706F69 
 231      6E746572 
 232 00b8 74696F6E 		.ascii	"tions\000"
 232      7300
 233              	.LASF2:
 234 00be 756E7369 		.ascii	"unsigned char\000"
 234      676E6564 
 234      20636861 
 234      7200
 235              	.LASF1:
 236 00cc 7369676E 		.ascii	"signed char\000"
 236      65642063 
 236      68617200 
 237              	.LASF11:
 238 00d8 2E2E2F2E 		.ascii	"../../os/ports/GCC/ARM/chcore.c\000"
 238      2E2F6F73 
 238      2F706F72 
 238      74732F47 
 238      43432F41 
 239              	.LASF13:
 240 00f8 706F7274 		.ascii	"port_halt\000"
 240      5F68616C 
 240      7400
 241              	.LASF3:
 242 0102 73686F72 		.ascii	"short int\000"
 242      7420696E 
 242      7400
 243              	.LASF8:
 244 010c 6C6F6E67 		.ascii	"long long unsigned int\000"
 244      206C6F6E 
 244      6720756E 
 244      7369676E 
 244      65642069 
ARM GAS  /tmp/ccmVuvZw.s 			page 6


 245              	.LASF4:
 246 0123 73686F72 		.ascii	"short unsigned int\000"
 246      7420756E 
 246      7369676E 
 246      65642069 
 246      6E7400
 247              	.LASF5:
 248 0136 6C6F6E67 		.ascii	"long int\000"
 248      20696E74 
 248      00
 249              	.LASF12:
 250 013f 2F686F6D 		.ascii	"/home/sergi/uni/seu/ChibiOS-RPi/demos/led\000"
 250      652F7365 
 250      7267692F 
 250      756E692F 
 250      7365752F 
 251              	.LASF9:
 252 0169 63686172 		.ascii	"char\000"
 252      00
 253              	.LASF7:
 254 016e 6C6F6E67 		.ascii	"long long int\000"
 254      206C6F6E 
 254      6720696E 
 254      7400
 255              		.ident	"GCC: (Arch Repository) 11.2.0"
ARM GAS  /tmp/ccmVuvZw.s 			page 7


DEFINED SYMBOLS
                            *ABS*:0000000000000000 chcore.c
     /tmp/ccmVuvZw.s:16     .text.port_halt:0000000000000000 $a
     /tmp/ccmVuvZw.s:23     .text.port_halt:0000000000000000 port_halt

NO UNDEFINED SYMBOLS
