ARM GAS  /tmp/ccIx6vnb.s 			page 1


   1              		.cpu arm1176jz-s
   2              		.eabi_attribute 20, 1
   3              		.eabi_attribute 21, 1
   4              		.eabi_attribute 23, 3
   5              		.eabi_attribute 24, 1
   6              		.eabi_attribute 25, 1
   7              		.eabi_attribute 26, 1
   8              		.eabi_attribute 30, 2
   9              		.eabi_attribute 34, 1
  10              		.eabi_attribute 18, 4
  11              		.file	"chdynamic.c"
  12              		.text
  13              	.Ltext0:
  14              		.cfi_sections	.debug_frame
  15              		.section	.text.chThdAddRef,"ax",%progbits
  16              		.align	2
  17              		.global	chThdAddRef
  18              		.arch armv6kz
  19              		.syntax unified
  20              		.arm
  21              		.fpu softvfp
  22              		.type	chThdAddRef, %function
  23              	chThdAddRef:
  24              	.LVL0:
  25              	.LFB7:
  26              		.file 1 "../../os/kernel/src/chdynamic.c"
  27              		.loc 1 45 33 view -0
  28              		.cfi_startproc
  29              		@ args = 0, pretend = 0, frame = 0
  30              		@ frame_needed = 0, uses_anonymous_args = 0
  31              		@ link register save eliminated.
  32              		.loc 1 47 3 view .LVU1
  33              		.syntax divided
  34              	@ 47 "../../os/kernel/src/chdynamic.c" 1
  35 0000 9FF021E3 		msr     CPSR_c, #0x9F
  36              	@ 0 "" 2
  37              		.loc 1 47 3 view .LVU2
  38              		.loc 1 47 14 view .LVU3
  39              		.loc 1 48 3 view .LVU4
  40              		.loc 1 48 76 view .LVU5
  41              		.loc 1 49 3 view .LVU6
  42              		.loc 1 49 13 is_stmt 0 view .LVU7
  43              		.arm
  44              		.syntax unified
  45 0004 1E20D0E5 		ldrb	r2, [r0, #30]	@ zero_extendqisi2
  46 0008 012082E2 		add	r2, r2, #1
  47 000c 1E20C0E5 		strb	r2, [r0, #30]
  48              		.loc 1 50 3 is_stmt 1 view .LVU8
  49              		.loc 1 50 3 view .LVU9
  50              		.syntax divided
  51              	@ 50 "../../os/kernel/src/chdynamic.c" 1
  52 0010 1FF021E3 		msr     CPSR_c, #0x1F
  53              	@ 0 "" 2
  54              		.loc 1 50 16 view .LVU10
  55              		.loc 1 51 3 view .LVU11
  56              		.loc 1 52 1 is_stmt 0 view .LVU12
  57              		.arm
ARM GAS  /tmp/ccIx6vnb.s 			page 2


  58              		.syntax unified
  59 0014 1EFF2FE1 		bx	lr
  60              		.cfi_endproc
  61              	.LFE7:
  62              		.size	chThdAddRef, .-chThdAddRef
  63              		.section	.text.chThdRelease,"ax",%progbits
  64              		.align	2
  65              		.global	chThdRelease
  66              		.syntax unified
  67              		.arm
  68              		.fpu softvfp
  69              		.type	chThdRelease, %function
  70              	chThdRelease:
  71              	.LVL1:
  72              	.LFB8:
  73              		.loc 1 67 31 is_stmt 1 view -0
  74              		.cfi_startproc
  75              		@ args = 0, pretend = 0, frame = 0
  76              		@ frame_needed = 0, uses_anonymous_args = 0
  77              		@ link register save eliminated.
  78              		.loc 1 68 3 view .LVU14
  79              		.loc 1 70 3 view .LVU15
  80              		.syntax divided
  81              	@ 70 "../../os/kernel/src/chdynamic.c" 1
  82 0000 9FF021E3 		msr     CPSR_c, #0x9F
  83              	@ 0 "" 2
  84              		.loc 1 70 3 view .LVU16
  85              		.loc 1 70 14 view .LVU17
  86              		.loc 1 71 3 view .LVU18
  87              		.loc 1 71 70 view .LVU19
  88              		.loc 1 72 3 view .LVU20
  89              		.loc 1 72 10 is_stmt 0 view .LVU21
  90              		.arm
  91              		.syntax unified
  92 0004 1E30D0E5 		ldrb	r3, [r0, #30]	@ zero_extendqisi2
  93 0008 013043E2 		sub	r3, r3, #1
  94 000c 7330EFE6 		uxtb	r3, r3
  95              		.loc 1 72 8 view .LVU22
  96 0010 1E30C0E5 		strb	r3, [r0, #30]
  97              	.LVL2:
  98              		.loc 1 73 3 is_stmt 1 view .LVU23
  99              		.loc 1 73 3 view .LVU24
 100              		.syntax divided
 101              	@ 73 "../../os/kernel/src/chdynamic.c" 1
 102 0014 1FF021E3 		msr     CPSR_c, #0x1F
 103              	@ 0 "" 2
 104              		.loc 1 73 16 view .LVU25
 105              		.loc 1 78 3 view .LVU26
 106              		.loc 1 78 6 is_stmt 0 view .LVU27
 107              		.arm
 108              		.syntax unified
 109 0018 000053E3 		cmp	r3, #0
 110 001c 1EFF2F11 		bxne	lr
 111              		.loc 1 78 19 discriminator 1 view .LVU28
 112 0020 1C30D0E5 		ldrb	r3, [r0, #28]	@ zero_extendqisi2
 113              	.LVL3:
 114              		.loc 1 78 19 discriminator 1 view .LVU29
ARM GAS  /tmp/ccIx6vnb.s 			page 3


 115 0024 0E0053E3 		cmp	r3, #14
 116 0028 1EFF2F11 		bxne	lr
 117              		.loc 1 79 5 is_stmt 1 view .LVU30
 118 002c 1D30D0E5 		ldrb	r3, [r0, #29]	@ zero_extendqisi2
 119 0030 033003E2 		and	r3, r3, #3
 120 0034 010053E3 		cmp	r3, #1
 121 0038 1EFF2F11 		bxne	lr
 122              		.loc 1 83 7 view .LVU31
 123 003c 141090E5 		ldr	r1, [r0, #20]
 124 0040 103090E5 		ldr	r3, [r0, #16]
 125 0044 103081E5 		str	r3, [r1, #16]
 126              	.LVL4:
 127              		.loc 1 83 7 view .LVU32
 128 0048 141083E5 		str	r1, [r3, #20]
 129              		.loc 1 83 21 view .LVU33
 130              		.loc 1 85 7 view .LVU34
 131 004c FEFFFFEA 		b	chHeapFree
 132              	.LVL5:
 133              		.loc 1 85 7 is_stmt 0 view .LVU35
 134              		.cfi_endproc
 135              	.LFE8:
 136              		.size	chThdRelease, .-chThdRelease
 137              		.section	.text.chThdCreateFromHeap,"ax",%progbits
 138              		.align	2
 139              		.global	chThdCreateFromHeap
 140              		.syntax unified
 141              		.arm
 142              		.fpu softvfp
 143              		.type	chThdCreateFromHeap, %function
 144              	chThdCreateFromHeap:
 145              	.LVL6:
 146              	.LFB9:
 147              		.loc 1 124 66 is_stmt 1 view -0
 148              		.cfi_startproc
 149              		@ args = 4, pretend = 0, frame = 0
 150              		@ frame_needed = 0, uses_anonymous_args = 0
 151              		.loc 1 125 3 view .LVU37
 152              		.loc 1 126 3 view .LVU38
 153              		.loc 1 128 3 view .LVU39
 154              		.loc 1 124 66 is_stmt 0 view .LVU40
 155 0000 F0402DE9 		push	{r4, r5, r6, r7, lr}
 156              		.cfi_def_cfa_offset 20
 157              		.cfi_offset 4, -20
 158              		.cfi_offset 5, -16
 159              		.cfi_offset 6, -12
 160              		.cfi_offset 7, -8
 161              		.cfi_offset 14, -4
 162 0004 0CD04DE2 		sub	sp, sp, #12
 163              		.cfi_def_cfa_offset 32
 164              		.loc 1 124 66 view .LVU41
 165 0008 0150A0E1 		mov	r5, r1
 166 000c 0260A0E1 		mov	r6, r2
 167 0010 0370A0E1 		mov	r7, r3
 168              		.loc 1 128 9 view .LVU42
 169 0014 FEFFFFEB 		bl	chHeapAlloc
 170              	.LVL7:
 171              		.loc 1 129 3 is_stmt 1 view .LVU43
ARM GAS  /tmp/ccIx6vnb.s 			page 4


 172              		.loc 1 129 6 is_stmt 0 view .LVU44
 173 0018 004050E2 		subs	r4, r0, #0
 174 001c 0C00000A 		beq	.L5
 175              		.loc 1 141 3 is_stmt 1 view .LVU45
 176              		.syntax divided
 177              	@ 141 "../../os/kernel/src/chdynamic.c" 1
 178 0020 9FF021E3 		msr     CPSR_c, #0x9F
 179              	@ 0 "" 2
 180              		.loc 1 141 3 view .LVU46
 181              		.loc 1 141 14 view .LVU47
 182              		.loc 1 142 3 view .LVU48
 183              		.loc 1 142 8 is_stmt 0 view .LVU49
 184              		.arm
 185              		.syntax unified
 186 0024 20C09DE5 		ldr	ip, [sp, #32]
 187 0028 0730A0E1 		mov	r3, r7
 188 002c 0620A0E1 		mov	r2, r6
 189 0030 0510A0E1 		mov	r1, r5
 190 0034 00C08DE5 		str	ip, [sp]
 191 0038 FEFFFFEB 		bl	chThdCreateI
 192              	.LVL8:
 193              		.loc 1 143 15 view .LVU50
 194 003c 0130A0E3 		mov	r3, #1
 195              		.loc 1 144 3 view .LVU51
 196 0040 0010A0E3 		mov	r1, #0
 197              		.loc 1 143 15 view .LVU52
 198 0044 1D30C0E5 		strb	r3, [r0, #29]
 199              		.loc 1 142 8 view .LVU53
 200 0048 0040A0E1 		mov	r4, r0
 201              	.LVL9:
 202              		.loc 1 143 3 is_stmt 1 view .LVU54
 203              		.loc 1 144 3 view .LVU55
 204 004c FEFFFFEB 		bl	chSchWakeupS
 205              	.LVL10:
 206              		.loc 1 145 3 view .LVU56
 207              		.loc 1 145 3 view .LVU57
 208              		.syntax divided
 209              	@ 145 "../../os/kernel/src/chdynamic.c" 1
 210 0050 1FF021E3 		msr     CPSR_c, #0x1F
 211              	@ 0 "" 2
 212              		.loc 1 145 16 view .LVU58
 213              		.loc 1 146 3 view .LVU59
 214              	.LVL11:
 215              		.arm
 216              		.syntax unified
 217              	.L5:
 218              		.loc 1 147 1 is_stmt 0 view .LVU60
 219 0054 0400A0E1 		mov	r0, r4
 220 0058 0CD08DE2 		add	sp, sp, #12
 221              		.cfi_def_cfa_offset 20
 222              		@ sp needed
 223 005c F080BDE8 		pop	{r4, r5, r6, r7, pc}
 224              		.loc 1 147 1 view .LVU61
 225              		.cfi_endproc
 226              	.LFE9:
 227              		.size	chThdCreateFromHeap, .-chThdCreateFromHeap
 228              		.text
ARM GAS  /tmp/ccIx6vnb.s 			page 5


 229              	.Letext0:
 230              		.file 2 "/usr/lib/gcc/arm-none-eabi/11.2.0/include/stddef.h"
 231              		.file 3 "/usr/arm-none-eabi/include/machine/_default_types.h"
 232              		.file 4 "/usr/arm-none-eabi/include/sys/_stdint.h"
 233              		.file 5 "../../os/ports/GCC/ARM/chtypes.h"
 234              		.file 6 "../../os/kernel/include/chlists.h"
 235              		.file 7 "../../os/kernel/include/chthreads.h"
 236              		.file 8 "../../os/ports/GCC/ARM/chcore.h"
 237              		.file 9 "../../os/kernel/include/chmtx.h"
 238              		.file 10 "../../os/kernel/include/chmemcore.h"
 239              		.file 11 "../../os/kernel/include/chheap.h"
 240              		.file 12 "../../os/kernel/include/chschd.h"
 241              		.section	.debug_info,"",%progbits
 242              	.Ldebug_info0:
 243 0000 9D060000 		.4byte	0x69d
 244 0004 0500     		.2byte	0x5
 245 0006 01       		.byte	0x1
 246 0007 04       		.byte	0x4
 247 0008 00000000 		.4byte	.Ldebug_abbrev0
 248 000c 13       		.uleb128 0x13
 249 000d A0010000 		.4byte	.LASF78
 250 0011 1D       		.byte	0x1d
 251 0012 0E000000 		.4byte	.LASF79
 252 0016 3F020000 		.4byte	.LASF80
 253 001a 0C000000 		.4byte	.LLRL8
 254 001e 00000000 		.4byte	0
 255 0022 00000000 		.4byte	.Ldebug_line0
 256 0026 14       		.uleb128 0x14
 257 0027 04       		.byte	0x4
 258 0028 05       		.byte	0x5
 259 0029 696E7400 		.ascii	"int\000"
 260 002d 02       		.uleb128 0x2
 261 002e 2E000000 		.4byte	.LASF2
 262 0032 02       		.byte	0x2
 263 0033 D1       		.byte	0xd1
 264 0034 17       		.byte	0x17
 265 0035 39000000 		.4byte	0x39
 266 0039 05       		.uleb128 0x5
 267 003a 04       		.byte	0x4
 268 003b 07       		.byte	0x7
 269 003c 1E010000 		.4byte	.LASF0
 270 0040 05       		.uleb128 0x5
 271 0041 01       		.byte	0x1
 272 0042 06       		.byte	0x6
 273 0043 9A000000 		.4byte	.LASF1
 274 0047 02       		.uleb128 0x2
 275 0048 3C000000 		.4byte	.LASF3
 276 004c 03       		.byte	0x3
 277 004d 2B       		.byte	0x2b
 278 004e 18       		.byte	0x18
 279 004f 53000000 		.4byte	0x53
 280 0053 05       		.uleb128 0x5
 281 0054 01       		.byte	0x1
 282 0055 08       		.byte	0x8
 283 0056 B2020000 		.4byte	.LASF4
 284 005a 05       		.uleb128 0x5
 285 005b 02       		.byte	0x2
ARM GAS  /tmp/ccIx6vnb.s 			page 6


 286 005c 05       		.byte	0x5
 287 005d D5020000 		.4byte	.LASF5
 288 0061 05       		.uleb128 0x5
 289 0062 02       		.byte	0x2
 290 0063 07       		.byte	0x7
 291 0064 4A010000 		.4byte	.LASF6
 292 0068 02       		.uleb128 0x2
 293 0069 6D030000 		.4byte	.LASF7
 294 006d 03       		.byte	0x3
 295 006e 4D       		.byte	0x4d
 296 006f 18       		.byte	0x18
 297 0070 74000000 		.4byte	0x74
 298 0074 05       		.uleb128 0x5
 299 0075 04       		.byte	0x4
 300 0076 05       		.byte	0x5
 301 0077 D6000000 		.4byte	.LASF8
 302 007b 02       		.uleb128 0x2
 303 007c 04010000 		.4byte	.LASF9
 304 0080 03       		.byte	0x3
 305 0081 4F       		.byte	0x4f
 306 0082 19       		.byte	0x19
 307 0083 87000000 		.4byte	0x87
 308 0087 05       		.uleb128 0x5
 309 0088 04       		.byte	0x4
 310 0089 07       		.byte	0x7
 311 008a 2B010000 		.4byte	.LASF10
 312 008e 05       		.uleb128 0x5
 313 008f 08       		.byte	0x8
 314 0090 05       		.byte	0x5
 315 0091 8C000000 		.4byte	.LASF11
 316 0095 05       		.uleb128 0x5
 317 0096 08       		.byte	0x8
 318 0097 07       		.byte	0x7
 319 0098 53000000 		.4byte	.LASF12
 320 009c 02       		.uleb128 0x2
 321 009d A4030000 		.4byte	.LASF13
 322 00a1 04       		.byte	0x4
 323 00a2 18       		.byte	0x18
 324 00a3 13       		.byte	0x13
 325 00a4 47000000 		.4byte	0x47
 326 00a8 02       		.uleb128 0x2
 327 00a9 AA020000 		.4byte	.LASF14
 328 00ad 04       		.byte	0x4
 329 00ae 2C       		.byte	0x2c
 330 00af 13       		.byte	0x13
 331 00b0 68000000 		.4byte	0x68
 332 00b4 02       		.uleb128 0x2
 333 00b5 3E030000 		.4byte	.LASF15
 334 00b9 04       		.byte	0x4
 335 00ba 30       		.byte	0x30
 336 00bb 14       		.byte	0x14
 337 00bc 7B000000 		.4byte	0x7b
 338 00c0 02       		.uleb128 0x2
 339 00c1 63010000 		.4byte	.LASF16
 340 00c5 05       		.byte	0x5
 341 00c6 2A       		.byte	0x2a
 342 00c7 19       		.byte	0x19
ARM GAS  /tmp/ccIx6vnb.s 			page 7


 343 00c8 9C000000 		.4byte	0x9c
 344 00cc 02       		.uleb128 0x2
 345 00cd F3000000 		.4byte	.LASF17
 346 00d1 05       		.byte	0x5
 347 00d2 2B       		.byte	0x2b
 348 00d3 19       		.byte	0x19
 349 00d4 9C000000 		.4byte	0x9c
 350 00d8 02       		.uleb128 0x2
 351 00d9 8E020000 		.4byte	.LASF18
 352 00dd 05       		.byte	0x5
 353 00de 2C       		.byte	0x2c
 354 00df 19       		.byte	0x19
 355 00e0 9C000000 		.4byte	0x9c
 356 00e4 02       		.uleb128 0x2
 357 00e5 BF000000 		.4byte	.LASF19
 358 00e9 05       		.byte	0x5
 359 00ea 2D       		.byte	0x2d
 360 00eb 19       		.byte	0x19
 361 00ec 9C000000 		.4byte	0x9c
 362 00f0 02       		.uleb128 0x2
 363 00f1 A2020000 		.4byte	.LASF20
 364 00f5 05       		.byte	0x5
 365 00f6 2E       		.byte	0x2e
 366 00f7 19       		.byte	0x19
 367 00f8 B4000000 		.4byte	0xb4
 368 00fc 02       		.uleb128 0x2
 369 00fd 5D010000 		.4byte	.LASF21
 370 0101 05       		.byte	0x5
 371 0102 2F       		.byte	0x2f
 372 0103 19       		.byte	0x19
 373 0104 A8000000 		.4byte	0xa8
 374 0108 02       		.uleb128 0x2
 375 0109 77010000 		.4byte	.LASF22
 376 010d 05       		.byte	0x5
 377 010e 31       		.byte	0x31
 378 010f 19       		.byte	0x19
 379 0110 B4000000 		.4byte	0xb4
 380 0114 02       		.uleb128 0x2
 381 0115 58030000 		.4byte	.LASF23
 382 0119 05       		.byte	0x5
 383 011a 33       		.byte	0x33
 384 011b 19       		.byte	0x19
 385 011c B4000000 		.4byte	0xb4
 386 0120 15       		.uleb128 0x15
 387 0121 14010000 		.4byte	0x114
 388 0125 02       		.uleb128 0x2
 389 0126 20030000 		.4byte	.LASF24
 390 012a 06       		.byte	0x6
 391 012b 23       		.byte	0x23
 392 012c 17       		.byte	0x17
 393 012d 31010000 		.4byte	0x131
 394 0131 09       		.uleb128 0x9
 395 0132 20030000 		.4byte	.LASF24
 396 0136 44       		.byte	0x44
 397 0137 07       		.byte	0x7
 398 0138 57       		.byte	0x57
 399 0139 08       		.byte	0x8
ARM GAS  /tmp/ccIx6vnb.s 			page 8


 400 013a 36020000 		.4byte	0x236
 401 013e 01       		.uleb128 0x1
 402 013f 04030000 		.4byte	.LASF25
 403 0143 07       		.byte	0x7
 404 0144 58       		.byte	0x58
 405 0145 1A       		.byte	0x1a
 406 0146 5A020000 		.4byte	0x25a
 407 014a 00       		.byte	0
 408 014b 01       		.uleb128 0x1
 409 014c 9B020000 		.4byte	.LASF26
 410 0150 07       		.byte	0x7
 411 0151 5A       		.byte	0x5a
 412 0152 1A       		.byte	0x1a
 413 0153 5A020000 		.4byte	0x25a
 414 0157 04       		.byte	0x4
 415 0158 01       		.uleb128 0x1
 416 0159 85000000 		.4byte	.LASF27
 417 015d 07       		.byte	0x7
 418 015e 5C       		.byte	0x5c
 419 015f 19       		.byte	0x19
 420 0160 F0000000 		.4byte	0xf0
 421 0164 08       		.byte	0x8
 422 0165 01       		.uleb128 0x1
 423 0166 C2030000 		.4byte	.LASF28
 424 016a 07       		.byte	0x7
 425 016b 5D       		.byte	0x5d
 426 016c 19       		.byte	0x19
 427 016d 24030000 		.4byte	0x324
 428 0171 0C       		.byte	0xc
 429 0172 01       		.uleb128 0x1
 430 0173 FC000000 		.4byte	.LASF29
 431 0177 07       		.byte	0x7
 432 0178 5F       		.byte	0x5f
 433 0179 1A       		.byte	0x1a
 434 017a 5A020000 		.4byte	0x25a
 435 017e 10       		.byte	0x10
 436 017f 01       		.uleb128 0x1
 437 0180 69020000 		.4byte	.LASF30
 438 0184 07       		.byte	0x7
 439 0185 60       		.byte	0x60
 440 0186 1A       		.byte	0x1a
 441 0187 5A020000 		.4byte	0x25a
 442 018b 14       		.byte	0x14
 443 018c 01       		.uleb128 0x1
 444 018d B3030000 		.4byte	.LASF31
 445 0191 07       		.byte	0x7
 446 0192 67       		.byte	0x67
 447 0193 1A       		.byte	0x1a
 448 0194 95040000 		.4byte	0x495
 449 0198 18       		.byte	0x18
 450 0199 01       		.uleb128 0x1
 451 019a DF020000 		.4byte	.LASF32
 452 019e 07       		.byte	0x7
 453 019f 72       		.byte	0x72
 454 01a0 19       		.byte	0x19
 455 01a1 CC000000 		.4byte	0xcc
 456 01a5 1C       		.byte	0x1c
ARM GAS  /tmp/ccIx6vnb.s 			page 9


 457 01a6 01       		.uleb128 0x1
 458 01a7 0B030000 		.4byte	.LASF33
 459 01ab 07       		.byte	0x7
 460 01ac 76       		.byte	0x76
 461 01ad 19       		.byte	0x19
 462 01ae C0000000 		.4byte	0xc0
 463 01b2 1D       		.byte	0x1d
 464 01b3 01       		.uleb128 0x1
 465 01b4 9D030000 		.4byte	.LASF34
 466 01b8 07       		.byte	0x7
 467 01b9 7B       		.byte	0x7b
 468 01ba 19       		.byte	0x19
 469 01bb D8000000 		.4byte	0xd8
 470 01bf 1E       		.byte	0x1e
 471 01c0 01       		.uleb128 0x1
 472 01c1 E7020000 		.4byte	.LASF35
 473 01c5 07       		.byte	0x7
 474 01c6 81       		.byte	0x81
 475 01c7 19       		.byte	0x19
 476 01c8 E4000000 		.4byte	0xe4
 477 01cc 1F       		.byte	0x1f
 478 01cd 01       		.uleb128 0x1
 479 01ce 77030000 		.4byte	.LASF36
 480 01d2 07       		.byte	0x7
 481 01d3 88       		.byte	0x88
 482 01d4 19       		.byte	0x19
 483 01d5 20010000 		.4byte	0x120
 484 01d9 20       		.byte	0x20
 485 01da 03       		.uleb128 0x3
 486 01db 705F7500 		.ascii	"p_u\000"
 487 01df 07       		.byte	0x7
 488 01e0 AD       		.byte	0xad
 489 01e1 19       		.byte	0x19
 490 01e2 5C040000 		.4byte	0x45c
 491 01e6 24       		.byte	0x24
 492 01e7 01       		.uleb128 0x1
 493 01e8 C8030000 		.4byte	.LASF37
 494 01ec 07       		.byte	0x7
 495 01ed B2       		.byte	0xb2
 496 01ee 19       		.byte	0x19
 497 01ef 82020000 		.4byte	0x282
 498 01f3 28       		.byte	0x28
 499 01f4 01       		.uleb128 0x1
 500 01f5 85030000 		.4byte	.LASF38
 501 01f9 07       		.byte	0x7
 502 01fa B8       		.byte	0xb8
 503 01fb 19       		.byte	0x19
 504 01fc 5F020000 		.4byte	0x25f
 505 0200 2C       		.byte	0x2c
 506 0201 01       		.uleb128 0x1
 507 0202 08000000 		.4byte	.LASF39
 508 0206 07       		.byte	0x7
 509 0207 BC       		.byte	0xbc
 510 0208 19       		.byte	0x19
 511 0209 FC000000 		.4byte	0xfc
 512 020d 34       		.byte	0x34
 513 020e 01       		.uleb128 0x1
ARM GAS  /tmp/ccIx6vnb.s 			page 10


 514 020f 33030000 		.4byte	.LASF40
 515 0213 07       		.byte	0x7
 516 0214 C2       		.byte	0xc2
 517 0215 19       		.byte	0x19
 518 0216 08010000 		.4byte	0x108
 519 021a 38       		.byte	0x38
 520 021b 01       		.uleb128 0x1
 521 021c CB020000 		.4byte	.LASF41
 522 0220 07       		.byte	0x7
 523 0221 C9       		.byte	0xc9
 524 0222 1A       		.byte	0x1a
 525 0223 A6040000 		.4byte	0x4a6
 526 0227 3C       		.byte	0x3c
 527 0228 01       		.uleb128 0x1
 528 0229 62030000 		.4byte	.LASF42
 529 022d 07       		.byte	0x7
 530 022e CD       		.byte	0xcd
 531 022f 19       		.byte	0x19
 532 0230 F0000000 		.4byte	0xf0
 533 0234 40       		.byte	0x40
 534 0235 00       		.byte	0
 535 0236 0A       		.uleb128 0xa
 536 0237 08       		.byte	0x8
 537 0238 06       		.byte	0x6
 538 0239 5A       		.byte	0x5a
 539 023a 09       		.byte	0x9
 540 023b 5A020000 		.4byte	0x25a
 541 023f 01       		.uleb128 0x1
 542 0240 04030000 		.4byte	.LASF25
 543 0244 06       		.byte	0x6
 544 0245 5B       		.byte	0x5b
 545 0246 1A       		.byte	0x1a
 546 0247 5A020000 		.4byte	0x25a
 547 024b 00       		.byte	0
 548 024c 01       		.uleb128 0x1
 549 024d 9B020000 		.4byte	.LASF26
 550 0251 06       		.byte	0x6
 551 0252 5D       		.byte	0x5d
 552 0253 1A       		.byte	0x1a
 553 0254 5A020000 		.4byte	0x25a
 554 0258 04       		.byte	0x4
 555 0259 00       		.byte	0
 556 025a 07       		.uleb128 0x7
 557 025b 25010000 		.4byte	0x125
 558 025f 02       		.uleb128 0x2
 559 0260 71020000 		.4byte	.LASF43
 560 0264 06       		.byte	0x6
 561 0265 5F       		.byte	0x5f
 562 0266 03       		.byte	0x3
 563 0267 36020000 		.4byte	0x236
 564 026b 0A       		.uleb128 0xa
 565 026c 04       		.byte	0x4
 566 026d 06       		.byte	0x6
 567 026e 64       		.byte	0x64
 568 026f 09       		.byte	0x9
 569 0270 82020000 		.4byte	0x282
 570 0274 01       		.uleb128 0x1
ARM GAS  /tmp/ccIx6vnb.s 			page 11


 571 0275 04030000 		.4byte	.LASF25
 572 0279 06       		.byte	0x6
 573 027a 66       		.byte	0x66
 574 027b 16       		.byte	0x16
 575 027c 5A020000 		.4byte	0x25a
 576 0280 00       		.byte	0
 577 0281 00       		.byte	0
 578 0282 02       		.uleb128 0x2
 579 0283 6B010000 		.4byte	.LASF44
 580 0287 06       		.byte	0x6
 581 0288 69       		.byte	0x69
 582 0289 03       		.byte	0x3
 583 028a 6B020000 		.4byte	0x26b
 584 028e 02       		.uleb128 0x2
 585 028f 95010000 		.4byte	.LASF45
 586 0293 08       		.byte	0x8
 587 0294 9D       		.byte	0x9d
 588 0295 12       		.byte	0x12
 589 0296 B4000000 		.4byte	0xb4
 590 029a 02       		.uleb128 0x2
 591 029b 0F010000 		.4byte	.LASF46
 592 029f 08       		.byte	0x8
 593 02a0 A2       		.byte	0xa2
 594 02a1 0F       		.byte	0xf
 595 02a2 A6020000 		.4byte	0x2a6
 596 02a6 16       		.uleb128 0x16
 597 02a7 04       		.byte	0x4
 598 02a8 09       		.uleb128 0x9
 599 02a9 7E030000 		.4byte	.LASF47
 600 02ad 24       		.byte	0x24
 601 02ae 08       		.byte	0x8
 602 02af B9       		.byte	0xb9
 603 02b0 08       		.byte	0x8
 604 02b1 24030000 		.4byte	0x324
 605 02b5 03       		.uleb128 0x3
 606 02b6 723400   		.ascii	"r4\000"
 607 02b9 08       		.byte	0x8
 608 02ba BA       		.byte	0xba
 609 02bb 11       		.byte	0x11
 610 02bc 9A020000 		.4byte	0x29a
 611 02c0 00       		.byte	0
 612 02c1 03       		.uleb128 0x3
 613 02c2 723500   		.ascii	"r5\000"
 614 02c5 08       		.byte	0x8
 615 02c6 BB       		.byte	0xbb
 616 02c7 11       		.byte	0x11
 617 02c8 9A020000 		.4byte	0x29a
 618 02cc 04       		.byte	0x4
 619 02cd 03       		.uleb128 0x3
 620 02ce 723600   		.ascii	"r6\000"
 621 02d1 08       		.byte	0x8
 622 02d2 BC       		.byte	0xbc
 623 02d3 11       		.byte	0x11
 624 02d4 9A020000 		.4byte	0x29a
 625 02d8 08       		.byte	0x8
 626 02d9 03       		.uleb128 0x3
 627 02da 723700   		.ascii	"r7\000"
ARM GAS  /tmp/ccIx6vnb.s 			page 12


 628 02dd 08       		.byte	0x8
 629 02de BD       		.byte	0xbd
 630 02df 11       		.byte	0x11
 631 02e0 9A020000 		.4byte	0x29a
 632 02e4 0C       		.byte	0xc
 633 02e5 03       		.uleb128 0x3
 634 02e6 723800   		.ascii	"r8\000"
 635 02e9 08       		.byte	0x8
 636 02ea BE       		.byte	0xbe
 637 02eb 11       		.byte	0x11
 638 02ec 9A020000 		.4byte	0x29a
 639 02f0 10       		.byte	0x10
 640 02f1 03       		.uleb128 0x3
 641 02f2 723900   		.ascii	"r9\000"
 642 02f5 08       		.byte	0x8
 643 02f6 BF       		.byte	0xbf
 644 02f7 11       		.byte	0x11
 645 02f8 9A020000 		.4byte	0x29a
 646 02fc 14       		.byte	0x14
 647 02fd 03       		.uleb128 0x3
 648 02fe 72313000 		.ascii	"r10\000"
 649 0302 08       		.byte	0x8
 650 0303 C0       		.byte	0xc0
 651 0304 11       		.byte	0x11
 652 0305 9A020000 		.4byte	0x29a
 653 0309 18       		.byte	0x18
 654 030a 03       		.uleb128 0x3
 655 030b 72313100 		.ascii	"r11\000"
 656 030f 08       		.byte	0x8
 657 0310 C1       		.byte	0xc1
 658 0311 11       		.byte	0x11
 659 0312 9A020000 		.4byte	0x29a
 660 0316 1C       		.byte	0x1c
 661 0317 03       		.uleb128 0x3
 662 0318 6C7200   		.ascii	"lr\000"
 663 031b 08       		.byte	0x8
 664 031c C2       		.byte	0xc2
 665 031d 11       		.byte	0x11
 666 031e 9A020000 		.4byte	0x29a
 667 0322 20       		.byte	0x20
 668 0323 00       		.byte	0
 669 0324 09       		.uleb128 0x9
 670 0325 3D010000 		.4byte	.LASF48
 671 0329 04       		.byte	0x4
 672 032a 08       		.byte	0x8
 673 032b CA       		.byte	0xca
 674 032c 08       		.byte	0x8
 675 032d 3F030000 		.4byte	0x33f
 676 0331 03       		.uleb128 0x3
 677 0332 72313300 		.ascii	"r13\000"
 678 0336 08       		.byte	0x8
 679 0337 CB       		.byte	0xcb
 680 0338 12       		.byte	0x12
 681 0339 3F030000 		.4byte	0x33f
 682 033d 00       		.byte	0
 683 033e 00       		.byte	0
 684 033f 07       		.uleb128 0x7
ARM GAS  /tmp/ccIx6vnb.s 			page 13


 685 0340 A8020000 		.4byte	0x2a8
 686 0344 09       		.uleb128 0x9
 687 0345 83010000 		.4byte	.LASF49
 688 0349 10       		.byte	0x10
 689 034a 09       		.byte	0x9
 690 034b 25       		.byte	0x25
 691 034c 10       		.byte	0x10
 692 034d 79030000 		.4byte	0x379
 693 0351 01       		.uleb128 0x1
 694 0352 AC000000 		.4byte	.LASF50
 695 0356 09       		.byte	0x9
 696 0357 26       		.byte	0x26
 697 0358 19       		.byte	0x19
 698 0359 5F020000 		.4byte	0x25f
 699 035d 00       		.byte	0
 700 035e 01       		.uleb128 0x1
 701 035f BA030000 		.4byte	.LASF51
 702 0363 09       		.byte	0x9
 703 0364 28       		.byte	0x28
 704 0365 1A       		.byte	0x1a
 705 0366 5A020000 		.4byte	0x25a
 706 036a 08       		.byte	0x8
 707 036b 01       		.uleb128 0x1
 708 036c 51030000 		.4byte	.LASF52
 709 0370 09       		.byte	0x9
 710 0371 2A       		.byte	0x2a
 711 0372 1A       		.byte	0x1a
 712 0373 79030000 		.4byte	0x379
 713 0377 0C       		.byte	0xc
 714 0378 00       		.byte	0
 715 0379 07       		.uleb128 0x7
 716 037a 44030000 		.4byte	0x344
 717 037e 02       		.uleb128 0x2
 718 037f 83010000 		.4byte	.LASF49
 719 0383 09       		.byte	0x9
 720 0384 2C       		.byte	0x2c
 721 0385 03       		.byte	0x3
 722 0386 44030000 		.4byte	0x344
 723 038a 02       		.uleb128 0x2
 724 038b 46000000 		.4byte	.LASF53
 725 038f 0A       		.byte	0xa
 726 0390 25       		.byte	0x25
 727 0391 11       		.byte	0x11
 728 0392 96030000 		.4byte	0x396
 729 0396 07       		.uleb128 0x7
 730 0397 9B030000 		.4byte	0x39b
 731 039b 0C       		.uleb128 0xc
 732 039c A6020000 		.4byte	0x2a6
 733 03a0 AA030000 		.4byte	0x3aa
 734 03a4 04       		.uleb128 0x4
 735 03a5 2D000000 		.4byte	0x2d
 736 03a9 00       		.byte	0
 737 03aa 02       		.uleb128 0x2
 738 03ab 83020000 		.4byte	.LASF54
 739 03af 0B       		.byte	0xb
 740 03b0 2D       		.byte	0x2d
 741 03b1 1C       		.byte	0x1c
ARM GAS  /tmp/ccIx6vnb.s 			page 14


 742 03b2 B6030000 		.4byte	0x3b6
 743 03b6 09       		.uleb128 0x9
 744 03b7 D2030000 		.4byte	.LASF55
 745 03bb 1C       		.byte	0x1c
 746 03bc 0B       		.byte	0xb
 747 03bd 40       		.byte	0x40
 748 03be 08       		.byte	0x8
 749 03bf EB030000 		.4byte	0x3eb
 750 03c3 01       		.uleb128 0x1
 751 03c4 C0020000 		.4byte	.LASF56
 752 03c8 0B       		.byte	0xb
 753 03c9 41       		.byte	0x41
 754 03ca 19       		.byte	0x19
 755 03cb 8A030000 		.4byte	0x38a
 756 03cf 00       		.byte	0
 757 03d0 01       		.uleb128 0x1
 758 03d1 73000000 		.4byte	.LASF57
 759 03d5 0B       		.byte	0xb
 760 03d6 43       		.byte	0x43
 761 03d7 19       		.byte	0x19
 762 03d8 0C040000 		.4byte	0x40c
 763 03dc 04       		.byte	0x4
 764 03dd 01       		.uleb128 0x1
 765 03de A6000000 		.4byte	.LASF58
 766 03e2 0B       		.byte	0xb
 767 03e3 45       		.byte	0x45
 768 03e4 19       		.byte	0x19
 769 03e5 7E030000 		.4byte	0x37e
 770 03e9 0C       		.byte	0xc
 771 03ea 00       		.byte	0
 772 03eb 0D       		.uleb128 0xd
 773 03ec 0B       		.byte	0xb
 774 03ed 35       		.byte	0x35
 775 03ee 05       		.byte	0x5
 776 03ef 0C040000 		.4byte	0x40c
 777 03f3 08       		.uleb128 0x8
 778 03f4 80000000 		.4byte	.LASF59
 779 03f8 0B       		.byte	0xb
 780 03f9 36       		.byte	0x36
 781 03fa 1A       		.byte	0x1a
 782 03fb 30040000 		.4byte	0x430
 783 03ff 08       		.uleb128 0x8
 784 0400 47030000 		.4byte	.LASF60
 785 0404 0B       		.byte	0xb
 786 0405 37       		.byte	0x37
 787 0406 1A       		.byte	0x1a
 788 0407 35040000 		.4byte	0x435
 789 040b 00       		.byte	0
 790 040c 17       		.uleb128 0x17
 791 040d F1020000 		.4byte	.LASF81
 792 0411 08       		.byte	0x8
 793 0412 0B       		.byte	0xb
 794 0413 32       		.byte	0x32
 795 0414 07       		.byte	0x7
 796 0415 30040000 		.4byte	0x430
 797 0419 08       		.uleb128 0x8
 798 041a 18010000 		.4byte	.LASF61
ARM GAS  /tmp/ccIx6vnb.s 			page 15


 799 041e 0B       		.byte	0xb
 800 041f 33       		.byte	0x33
 801 0420 0E       		.byte	0xe
 802 0421 8E020000 		.4byte	0x28e
 803 0425 18       		.uleb128 0x18
 804 0426 6800     		.ascii	"h\000"
 805 0428 0B       		.byte	0xb
 806 0429 3A       		.byte	0x3a
 807 042a 05       		.byte	0x5
 808 042b 3A040000 		.4byte	0x43a
 809 042f 00       		.byte	0
 810 0430 07       		.uleb128 0x7
 811 0431 0C040000 		.4byte	0x40c
 812 0435 07       		.uleb128 0x7
 813 0436 AA030000 		.4byte	0x3aa
 814 043a 0A       		.uleb128 0xa
 815 043b 08       		.byte	0x8
 816 043c 0B       		.byte	0xb
 817 043d 34       		.byte	0x34
 818 043e 03       		.byte	0x3
 819 043f 5C040000 		.4byte	0x45c
 820 0443 03       		.uleb128 0x3
 821 0444 7500     		.ascii	"u\000"
 822 0446 0B       		.byte	0xb
 823 0447 38       		.byte	0x38
 824 0448 07       		.byte	0x7
 825 0449 EB030000 		.4byte	0x3eb
 826 044d 00       		.byte	0
 827 044e 01       		.uleb128 0x1
 828 044f 45010000 		.4byte	.LASF62
 829 0453 0B       		.byte	0xb
 830 0454 39       		.byte	0x39
 831 0455 19       		.byte	0x19
 832 0456 2D000000 		.4byte	0x2d
 833 045a 04       		.byte	0x4
 834 045b 00       		.byte	0
 835 045c 0D       		.uleb128 0xd
 836 045d 07       		.byte	0x7
 837 045e 8F       		.byte	0x8f
 838 045f 03       		.byte	0x3
 839 0460 95040000 		.4byte	0x495
 840 0464 08       		.uleb128 0x8
 841 0465 35000000 		.4byte	.LASF63
 842 0469 07       		.byte	0x7
 843 046a 96       		.byte	0x96
 844 046b 19       		.byte	0x19
 845 046c FC000000 		.4byte	0xfc
 846 0470 08       		.uleb128 0x8
 847 0471 6A000000 		.4byte	.LASF64
 848 0475 07       		.byte	0x7
 849 0476 9D       		.byte	0x9d
 850 0477 19       		.byte	0x19
 851 0478 FC000000 		.4byte	0xfc
 852 047c 08       		.uleb128 0x8
 853 047d AC030000 		.4byte	.LASF65
 854 0481 07       		.byte	0x7
 855 0482 A4       		.byte	0xa4
ARM GAS  /tmp/ccIx6vnb.s 			page 16


 856 0483 1A       		.byte	0x1a
 857 0484 A6020000 		.4byte	0x2a6
 858 0488 08       		.uleb128 0x8
 859 0489 FD020000 		.4byte	.LASF66
 860 048d 07       		.byte	0x7
 861 048e AB       		.byte	0xab
 862 048f 19       		.byte	0x19
 863 0490 08010000 		.4byte	0x108
 864 0494 00       		.byte	0
 865 0495 07       		.uleb128 0x7
 866 0496 A1040000 		.4byte	0x4a1
 867 049a 05       		.uleb128 0x5
 868 049b 01       		.byte	0x1
 869 049c 08       		.byte	0x8
 870 049d 4C030000 		.4byte	.LASF67
 871 04a1 19       		.uleb128 0x19
 872 04a2 9A040000 		.4byte	0x49a
 873 04a6 07       		.uleb128 0x7
 874 04a7 7E030000 		.4byte	0x37e
 875 04ab 02       		.uleb128 0x2
 876 04ac 00000000 		.4byte	.LASF68
 877 04b0 07       		.byte	0x7
 878 04b1 DE       		.byte	0xde
 879 04b2 11       		.byte	0x11
 880 04b3 B7040000 		.4byte	0x4b7
 881 04b7 07       		.uleb128 0x7
 882 04b8 BC040000 		.4byte	0x4bc
 883 04bc 0C       		.uleb128 0xc
 884 04bd FC000000 		.4byte	0xfc
 885 04c1 CB040000 		.4byte	0x4cb
 886 04c5 04       		.uleb128 0x4
 887 04c6 A6020000 		.4byte	0x2a6
 888 04ca 00       		.byte	0
 889 04cb 0E       		.uleb128 0xe
 890 04cc 90030000 		.4byte	.LASF71
 891 04d0 0C       		.byte	0xc
 892 04d1 92       		.byte	0x92
 893 04d2 E1040000 		.4byte	0x4e1
 894 04d6 04       		.uleb128 0x4
 895 04d7 5A020000 		.4byte	0x25a
 896 04db 04       		.uleb128 0x4
 897 04dc FC000000 		.4byte	0xfc
 898 04e0 00       		.byte	0
 899 04e1 1A       		.uleb128 0x1a
 900 04e2 C9000000 		.4byte	.LASF69
 901 04e6 07       		.byte	0x7
 902 04e7 6201     		.2byte	0x162
 903 04e9 0B       		.byte	0xb
 904 04ea 5A020000 		.4byte	0x25a
 905 04ee 0C050000 		.4byte	0x50c
 906 04f2 04       		.uleb128 0x4
 907 04f3 A6020000 		.4byte	0x2a6
 908 04f7 04       		.uleb128 0x4
 909 04f8 2D000000 		.4byte	0x2d
 910 04fc 04       		.uleb128 0x4
 911 04fd F0000000 		.4byte	0xf0
 912 0501 04       		.uleb128 0x4
ARM GAS  /tmp/ccIx6vnb.s 			page 17


 913 0502 AB040000 		.4byte	0x4ab
 914 0506 04       		.uleb128 0x4
 915 0507 A6020000 		.4byte	0x2a6
 916 050b 00       		.byte	0
 917 050c 1B       		.uleb128 0x1b
 918 050d 27030000 		.4byte	.LASF70
 919 0511 0B       		.byte	0xb
 920 0512 52       		.byte	0x52
 921 0513 09       		.byte	0x9
 922 0514 A6020000 		.4byte	0x2a6
 923 0518 27050000 		.4byte	0x527
 924 051c 04       		.uleb128 0x4
 925 051d 35040000 		.4byte	0x435
 926 0521 04       		.uleb128 0x4
 927 0522 2D000000 		.4byte	0x2d
 928 0526 00       		.byte	0
 929 0527 0E       		.uleb128 0xe
 930 0528 B4000000 		.4byte	.LASF72
 931 052c 0B       		.byte	0xb
 932 052d 53       		.byte	0x53
 933 052e 38050000 		.4byte	0x538
 934 0532 04       		.uleb128 0x4
 935 0533 A6020000 		.4byte	0x2a6
 936 0537 00       		.byte	0
 937 0538 1C       		.uleb128 0x1c
 938 0539 DF000000 		.4byte	.LASF82
 939 053d 01       		.byte	0x1
 940 053e 7B       		.byte	0x7b
 941 053f 09       		.byte	0x9
 942 0540 5A020000 		.4byte	0x25a
 943 0544 00000000 		.4byte	.LFB9
 944 0548 60000000 		.4byte	.LFE9-.LFB9
 945 054c 01       		.uleb128 0x1
 946 054d 9C       		.byte	0x9c
 947 054e 2F060000 		.4byte	0x62f
 948 0552 0B       		.uleb128 0xb
 949 0553 7A000000 		.4byte	.LASF73
 950 0557 7B       		.byte	0x7b
 951 0558 29       		.byte	0x29
 952 0559 35040000 		.4byte	0x435
 953 055d 10000000 		.4byte	.LLST2
 954 0561 0C000000 		.4byte	.LVUS2
 955 0565 0B       		.uleb128 0xb
 956 0566 45010000 		.4byte	.LASF62
 957 056a 7B       		.byte	0x7b
 958 056b 37       		.byte	0x37
 959 056c 2D000000 		.4byte	0x2d
 960 0570 27000000 		.4byte	.LLST3
 961 0574 23000000 		.4byte	.LVUS3
 962 0578 0B       		.uleb128 0xb
 963 0579 7E020000 		.4byte	.LASF74
 964 057d 7C       		.byte	0x7c
 965 057e 25       		.byte	0x25
 966 057f F0000000 		.4byte	0xf0
 967 0583 3B000000 		.4byte	.LLST4
 968 0587 37000000 		.4byte	.LVUS4
 969 058b 0F       		.uleb128 0xf
ARM GAS  /tmp/ccIx6vnb.s 			page 18


 970 058c 706600   		.ascii	"pf\000"
 971 058f 7C       		.byte	0x7c
 972 0590 33       		.byte	0x33
 973 0591 AB040000 		.4byte	0x4ab
 974 0595 4F000000 		.4byte	.LLST5
 975 0599 4B000000 		.4byte	.LVUS5
 976 059d 10       		.uleb128 0x10
 977 059e 61726700 		.ascii	"arg\000"
 978 05a2 7C       		.byte	0x7c
 979 05a3 3D       		.byte	0x3d
 980 05a4 A6020000 		.4byte	0x2a6
 981 05a8 02       		.uleb128 0x2
 982 05a9 91       		.byte	0x91
 983 05aa 00       		.sleb128 0
 984 05ab 11       		.uleb128 0x11
 985 05ac 77737000 		.ascii	"wsp\000"
 986 05b0 7D       		.byte	0x7d
 987 05b1 09       		.byte	0x9
 988 05b2 A6020000 		.4byte	0x2a6
 989 05b6 63000000 		.4byte	.LLST6
 990 05ba 5F000000 		.4byte	.LVUS6
 991 05be 11       		.uleb128 0x11
 992 05bf 747000   		.ascii	"tp\000"
 993 05c2 7E       		.byte	0x7e
 994 05c3 0B       		.byte	0xb
 995 05c4 5A020000 		.4byte	0x25a
 996 05c8 77000000 		.4byte	.LLST7
 997 05cc 73000000 		.4byte	.LVUS7
 998 05d0 12       		.uleb128 0x12
 999 05d1 18000000 		.4byte	.LVL7
 1000 05d5 0C050000 		.4byte	0x50c
 1001 05d9 EB050000 		.4byte	0x5eb
 1002 05dd 06       		.uleb128 0x6
 1003 05de 01       		.uleb128 0x1
 1004 05df 50       		.byte	0x50
 1005 05e0 03       		.uleb128 0x3
 1006 05e1 A3       		.byte	0xa3
 1007 05e2 01       		.uleb128 0x1
 1008 05e3 50       		.byte	0x50
 1009 05e4 06       		.uleb128 0x6
 1010 05e5 01       		.uleb128 0x1
 1011 05e6 51       		.byte	0x51
 1012 05e7 02       		.uleb128 0x2
 1013 05e8 75       		.byte	0x75
 1014 05e9 00       		.sleb128 0
 1015 05ea 00       		.byte	0
 1016 05eb 12       		.uleb128 0x12
 1017 05ec 3C000000 		.4byte	.LVL8
 1018 05f0 E1040000 		.4byte	0x4e1
 1019 05f4 19060000 		.4byte	0x619
 1020 05f8 06       		.uleb128 0x6
 1021 05f9 01       		.uleb128 0x1
 1022 05fa 50       		.byte	0x50
 1023 05fb 02       		.uleb128 0x2
 1024 05fc 74       		.byte	0x74
 1025 05fd 00       		.sleb128 0
 1026 05fe 06       		.uleb128 0x6
ARM GAS  /tmp/ccIx6vnb.s 			page 19


 1027 05ff 01       		.uleb128 0x1
 1028 0600 51       		.byte	0x51
 1029 0601 02       		.uleb128 0x2
 1030 0602 75       		.byte	0x75
 1031 0603 00       		.sleb128 0
 1032 0604 06       		.uleb128 0x6
 1033 0605 01       		.uleb128 0x1
 1034 0606 52       		.byte	0x52
 1035 0607 02       		.uleb128 0x2
 1036 0608 76       		.byte	0x76
 1037 0609 00       		.sleb128 0
 1038 060a 06       		.uleb128 0x6
 1039 060b 01       		.uleb128 0x1
 1040 060c 53       		.byte	0x53
 1041 060d 02       		.uleb128 0x2
 1042 060e 77       		.byte	0x77
 1043 060f 00       		.sleb128 0
 1044 0610 06       		.uleb128 0x6
 1045 0611 02       		.uleb128 0x2
 1046 0612 7D       		.byte	0x7d
 1047 0613 00       		.sleb128 0
 1048 0614 03       		.uleb128 0x3
 1049 0615 91       		.byte	0x91
 1050 0616 78       		.sleb128 -8
 1051 0617 06       		.byte	0x6
 1052 0618 00       		.byte	0
 1053 0619 1D       		.uleb128 0x1d
 1054 061a 50000000 		.4byte	.LVL10
 1055 061e CB040000 		.4byte	0x4cb
 1056 0622 06       		.uleb128 0x6
 1057 0623 01       		.uleb128 0x1
 1058 0624 50       		.byte	0x50
 1059 0625 02       		.uleb128 0x2
 1060 0626 74       		.byte	0x74
 1061 0627 00       		.sleb128 0
 1062 0628 06       		.uleb128 0x6
 1063 0629 01       		.uleb128 0x1
 1064 062a 51       		.byte	0x51
 1065 062b 01       		.uleb128 0x1
 1066 062c 30       		.byte	0x30
 1067 062d 00       		.byte	0
 1068 062e 00       		.byte	0
 1069 062f 1E       		.uleb128 0x1e
 1070 0630 13030000 		.4byte	.LASF76
 1071 0634 01       		.byte	0x1
 1072 0635 43       		.byte	0x43
 1073 0636 06       		.byte	0x6
 1074 0637 00000000 		.4byte	.LFB8
 1075 063b 50000000 		.4byte	.LFE8-.LFB8
 1076 063f 01       		.uleb128 0x1
 1077 0640 9C       		.byte	0x9c
 1078 0641 7D060000 		.4byte	0x67d
 1079 0645 0F       		.uleb128 0xf
 1080 0646 747000   		.ascii	"tp\000"
 1081 0649 43       		.byte	0x43
 1082 064a 1B       		.byte	0x1b
 1083 064b 5A020000 		.4byte	0x25a
ARM GAS  /tmp/ccIx6vnb.s 			page 20


 1084 064f 8B000000 		.4byte	.LLST0
 1085 0653 87000000 		.4byte	.LVUS0
 1086 0657 1F       		.uleb128 0x1f
 1087 0658 96020000 		.4byte	.LASF75
 1088 065c 01       		.byte	0x1
 1089 065d 44       		.byte	0x44
 1090 065e 0B       		.byte	0xb
 1091 065f D8000000 		.4byte	0xd8
 1092 0663 A2000000 		.4byte	.LLST1
 1093 0667 9E000000 		.4byte	.LVUS1
 1094 066b 20       		.uleb128 0x20
 1095 066c 50000000 		.4byte	.LVL5
 1096 0670 27050000 		.4byte	0x527
 1097 0674 06       		.uleb128 0x6
 1098 0675 01       		.uleb128 0x1
 1099 0676 50       		.byte	0x50
 1100 0677 03       		.uleb128 0x3
 1101 0678 A3       		.byte	0xa3
 1102 0679 01       		.uleb128 0x1
 1103 067a 50       		.byte	0x50
 1104 067b 00       		.byte	0
 1105 067c 00       		.byte	0
 1106 067d 21       		.uleb128 0x21
 1107 067e 89010000 		.4byte	.LASF77
 1108 0682 01       		.byte	0x1
 1109 0683 2D       		.byte	0x2d
 1110 0684 09       		.byte	0x9
 1111 0685 5A020000 		.4byte	0x25a
 1112 0689 00000000 		.4byte	.LFB7
 1113 068d 18000000 		.4byte	.LFE7-.LFB7
 1114 0691 01       		.uleb128 0x1
 1115 0692 9C       		.byte	0x9c
 1116 0693 10       		.uleb128 0x10
 1117 0694 747000   		.ascii	"tp\000"
 1118 0697 2D       		.byte	0x2d
 1119 0698 1D       		.byte	0x1d
 1120 0699 5A020000 		.4byte	0x25a
 1121 069d 01       		.uleb128 0x1
 1122 069e 50       		.byte	0x50
 1123 069f 00       		.byte	0
 1124 06a0 00       		.byte	0
 1125              		.section	.debug_abbrev,"",%progbits
 1126              	.Ldebug_abbrev0:
 1127 0000 01       		.uleb128 0x1
 1128 0001 0D       		.uleb128 0xd
 1129 0002 00       		.byte	0
 1130 0003 03       		.uleb128 0x3
 1131 0004 0E       		.uleb128 0xe
 1132 0005 3A       		.uleb128 0x3a
 1133 0006 0B       		.uleb128 0xb
 1134 0007 3B       		.uleb128 0x3b
 1135 0008 0B       		.uleb128 0xb
 1136 0009 39       		.uleb128 0x39
 1137 000a 0B       		.uleb128 0xb
 1138 000b 49       		.uleb128 0x49
 1139 000c 13       		.uleb128 0x13
 1140 000d 38       		.uleb128 0x38
ARM GAS  /tmp/ccIx6vnb.s 			page 21


 1141 000e 0B       		.uleb128 0xb
 1142 000f 00       		.byte	0
 1143 0010 00       		.byte	0
 1144 0011 02       		.uleb128 0x2
 1145 0012 16       		.uleb128 0x16
 1146 0013 00       		.byte	0
 1147 0014 03       		.uleb128 0x3
 1148 0015 0E       		.uleb128 0xe
 1149 0016 3A       		.uleb128 0x3a
 1150 0017 0B       		.uleb128 0xb
 1151 0018 3B       		.uleb128 0x3b
 1152 0019 0B       		.uleb128 0xb
 1153 001a 39       		.uleb128 0x39
 1154 001b 0B       		.uleb128 0xb
 1155 001c 49       		.uleb128 0x49
 1156 001d 13       		.uleb128 0x13
 1157 001e 00       		.byte	0
 1158 001f 00       		.byte	0
 1159 0020 03       		.uleb128 0x3
 1160 0021 0D       		.uleb128 0xd
 1161 0022 00       		.byte	0
 1162 0023 03       		.uleb128 0x3
 1163 0024 08       		.uleb128 0x8
 1164 0025 3A       		.uleb128 0x3a
 1165 0026 0B       		.uleb128 0xb
 1166 0027 3B       		.uleb128 0x3b
 1167 0028 0B       		.uleb128 0xb
 1168 0029 39       		.uleb128 0x39
 1169 002a 0B       		.uleb128 0xb
 1170 002b 49       		.uleb128 0x49
 1171 002c 13       		.uleb128 0x13
 1172 002d 38       		.uleb128 0x38
 1173 002e 0B       		.uleb128 0xb
 1174 002f 00       		.byte	0
 1175 0030 00       		.byte	0
 1176 0031 04       		.uleb128 0x4
 1177 0032 05       		.uleb128 0x5
 1178 0033 00       		.byte	0
 1179 0034 49       		.uleb128 0x49
 1180 0035 13       		.uleb128 0x13
 1181 0036 00       		.byte	0
 1182 0037 00       		.byte	0
 1183 0038 05       		.uleb128 0x5
 1184 0039 24       		.uleb128 0x24
 1185 003a 00       		.byte	0
 1186 003b 0B       		.uleb128 0xb
 1187 003c 0B       		.uleb128 0xb
 1188 003d 3E       		.uleb128 0x3e
 1189 003e 0B       		.uleb128 0xb
 1190 003f 03       		.uleb128 0x3
 1191 0040 0E       		.uleb128 0xe
 1192 0041 00       		.byte	0
 1193 0042 00       		.byte	0
 1194 0043 06       		.uleb128 0x6
 1195 0044 49       		.uleb128 0x49
 1196 0045 00       		.byte	0
 1197 0046 02       		.uleb128 0x2
ARM GAS  /tmp/ccIx6vnb.s 			page 22


 1198 0047 18       		.uleb128 0x18
 1199 0048 7E       		.uleb128 0x7e
 1200 0049 18       		.uleb128 0x18
 1201 004a 00       		.byte	0
 1202 004b 00       		.byte	0
 1203 004c 07       		.uleb128 0x7
 1204 004d 0F       		.uleb128 0xf
 1205 004e 00       		.byte	0
 1206 004f 0B       		.uleb128 0xb
 1207 0050 21       		.uleb128 0x21
 1208 0051 04       		.sleb128 4
 1209 0052 49       		.uleb128 0x49
 1210 0053 13       		.uleb128 0x13
 1211 0054 00       		.byte	0
 1212 0055 00       		.byte	0
 1213 0056 08       		.uleb128 0x8
 1214 0057 0D       		.uleb128 0xd
 1215 0058 00       		.byte	0
 1216 0059 03       		.uleb128 0x3
 1217 005a 0E       		.uleb128 0xe
 1218 005b 3A       		.uleb128 0x3a
 1219 005c 0B       		.uleb128 0xb
 1220 005d 3B       		.uleb128 0x3b
 1221 005e 0B       		.uleb128 0xb
 1222 005f 39       		.uleb128 0x39
 1223 0060 0B       		.uleb128 0xb
 1224 0061 49       		.uleb128 0x49
 1225 0062 13       		.uleb128 0x13
 1226 0063 00       		.byte	0
 1227 0064 00       		.byte	0
 1228 0065 09       		.uleb128 0x9
 1229 0066 13       		.uleb128 0x13
 1230 0067 01       		.byte	0x1
 1231 0068 03       		.uleb128 0x3
 1232 0069 0E       		.uleb128 0xe
 1233 006a 0B       		.uleb128 0xb
 1234 006b 0B       		.uleb128 0xb
 1235 006c 3A       		.uleb128 0x3a
 1236 006d 0B       		.uleb128 0xb
 1237 006e 3B       		.uleb128 0x3b
 1238 006f 0B       		.uleb128 0xb
 1239 0070 39       		.uleb128 0x39
 1240 0071 0B       		.uleb128 0xb
 1241 0072 01       		.uleb128 0x1
 1242 0073 13       		.uleb128 0x13
 1243 0074 00       		.byte	0
 1244 0075 00       		.byte	0
 1245 0076 0A       		.uleb128 0xa
 1246 0077 13       		.uleb128 0x13
 1247 0078 01       		.byte	0x1
 1248 0079 0B       		.uleb128 0xb
 1249 007a 0B       		.uleb128 0xb
 1250 007b 3A       		.uleb128 0x3a
 1251 007c 0B       		.uleb128 0xb
 1252 007d 3B       		.uleb128 0x3b
 1253 007e 0B       		.uleb128 0xb
 1254 007f 39       		.uleb128 0x39
ARM GAS  /tmp/ccIx6vnb.s 			page 23


 1255 0080 0B       		.uleb128 0xb
 1256 0081 01       		.uleb128 0x1
 1257 0082 13       		.uleb128 0x13
 1258 0083 00       		.byte	0
 1259 0084 00       		.byte	0
 1260 0085 0B       		.uleb128 0xb
 1261 0086 05       		.uleb128 0x5
 1262 0087 00       		.byte	0
 1263 0088 03       		.uleb128 0x3
 1264 0089 0E       		.uleb128 0xe
 1265 008a 3A       		.uleb128 0x3a
 1266 008b 21       		.uleb128 0x21
 1267 008c 01       		.sleb128 1
 1268 008d 3B       		.uleb128 0x3b
 1269 008e 0B       		.uleb128 0xb
 1270 008f 39       		.uleb128 0x39
 1271 0090 0B       		.uleb128 0xb
 1272 0091 49       		.uleb128 0x49
 1273 0092 13       		.uleb128 0x13
 1274 0093 02       		.uleb128 0x2
 1275 0094 17       		.uleb128 0x17
 1276 0095 B742     		.uleb128 0x2137
 1277 0097 17       		.uleb128 0x17
 1278 0098 00       		.byte	0
 1279 0099 00       		.byte	0
 1280 009a 0C       		.uleb128 0xc
 1281 009b 15       		.uleb128 0x15
 1282 009c 01       		.byte	0x1
 1283 009d 27       		.uleb128 0x27
 1284 009e 19       		.uleb128 0x19
 1285 009f 49       		.uleb128 0x49
 1286 00a0 13       		.uleb128 0x13
 1287 00a1 01       		.uleb128 0x1
 1288 00a2 13       		.uleb128 0x13
 1289 00a3 00       		.byte	0
 1290 00a4 00       		.byte	0
 1291 00a5 0D       		.uleb128 0xd
 1292 00a6 17       		.uleb128 0x17
 1293 00a7 01       		.byte	0x1
 1294 00a8 0B       		.uleb128 0xb
 1295 00a9 21       		.uleb128 0x21
 1296 00aa 04       		.sleb128 4
 1297 00ab 3A       		.uleb128 0x3a
 1298 00ac 0B       		.uleb128 0xb
 1299 00ad 3B       		.uleb128 0x3b
 1300 00ae 0B       		.uleb128 0xb
 1301 00af 39       		.uleb128 0x39
 1302 00b0 0B       		.uleb128 0xb
 1303 00b1 01       		.uleb128 0x1
 1304 00b2 13       		.uleb128 0x13
 1305 00b3 00       		.byte	0
 1306 00b4 00       		.byte	0
 1307 00b5 0E       		.uleb128 0xe
 1308 00b6 2E       		.uleb128 0x2e
 1309 00b7 01       		.byte	0x1
 1310 00b8 3F       		.uleb128 0x3f
 1311 00b9 19       		.uleb128 0x19
ARM GAS  /tmp/ccIx6vnb.s 			page 24


 1312 00ba 03       		.uleb128 0x3
 1313 00bb 0E       		.uleb128 0xe
 1314 00bc 3A       		.uleb128 0x3a
 1315 00bd 0B       		.uleb128 0xb
 1316 00be 3B       		.uleb128 0x3b
 1317 00bf 0B       		.uleb128 0xb
 1318 00c0 39       		.uleb128 0x39
 1319 00c1 21       		.uleb128 0x21
 1320 00c2 08       		.sleb128 8
 1321 00c3 27       		.uleb128 0x27
 1322 00c4 19       		.uleb128 0x19
 1323 00c5 3C       		.uleb128 0x3c
 1324 00c6 19       		.uleb128 0x19
 1325 00c7 01       		.uleb128 0x1
 1326 00c8 13       		.uleb128 0x13
 1327 00c9 00       		.byte	0
 1328 00ca 00       		.byte	0
 1329 00cb 0F       		.uleb128 0xf
 1330 00cc 05       		.uleb128 0x5
 1331 00cd 00       		.byte	0
 1332 00ce 03       		.uleb128 0x3
 1333 00cf 08       		.uleb128 0x8
 1334 00d0 3A       		.uleb128 0x3a
 1335 00d1 21       		.uleb128 0x21
 1336 00d2 01       		.sleb128 1
 1337 00d3 3B       		.uleb128 0x3b
 1338 00d4 0B       		.uleb128 0xb
 1339 00d5 39       		.uleb128 0x39
 1340 00d6 0B       		.uleb128 0xb
 1341 00d7 49       		.uleb128 0x49
 1342 00d8 13       		.uleb128 0x13
 1343 00d9 02       		.uleb128 0x2
 1344 00da 17       		.uleb128 0x17
 1345 00db B742     		.uleb128 0x2137
 1346 00dd 17       		.uleb128 0x17
 1347 00de 00       		.byte	0
 1348 00df 00       		.byte	0
 1349 00e0 10       		.uleb128 0x10
 1350 00e1 05       		.uleb128 0x5
 1351 00e2 00       		.byte	0
 1352 00e3 03       		.uleb128 0x3
 1353 00e4 08       		.uleb128 0x8
 1354 00e5 3A       		.uleb128 0x3a
 1355 00e6 21       		.uleb128 0x21
 1356 00e7 01       		.sleb128 1
 1357 00e8 3B       		.uleb128 0x3b
 1358 00e9 0B       		.uleb128 0xb
 1359 00ea 39       		.uleb128 0x39
 1360 00eb 0B       		.uleb128 0xb
 1361 00ec 49       		.uleb128 0x49
 1362 00ed 13       		.uleb128 0x13
 1363 00ee 02       		.uleb128 0x2
 1364 00ef 18       		.uleb128 0x18
 1365 00f0 00       		.byte	0
 1366 00f1 00       		.byte	0
 1367 00f2 11       		.uleb128 0x11
 1368 00f3 34       		.uleb128 0x34
ARM GAS  /tmp/ccIx6vnb.s 			page 25


 1369 00f4 00       		.byte	0
 1370 00f5 03       		.uleb128 0x3
 1371 00f6 08       		.uleb128 0x8
 1372 00f7 3A       		.uleb128 0x3a
 1373 00f8 21       		.uleb128 0x21
 1374 00f9 01       		.sleb128 1
 1375 00fa 3B       		.uleb128 0x3b
 1376 00fb 0B       		.uleb128 0xb
 1377 00fc 39       		.uleb128 0x39
 1378 00fd 0B       		.uleb128 0xb
 1379 00fe 49       		.uleb128 0x49
 1380 00ff 13       		.uleb128 0x13
 1381 0100 02       		.uleb128 0x2
 1382 0101 17       		.uleb128 0x17
 1383 0102 B742     		.uleb128 0x2137
 1384 0104 17       		.uleb128 0x17
 1385 0105 00       		.byte	0
 1386 0106 00       		.byte	0
 1387 0107 12       		.uleb128 0x12
 1388 0108 48       		.uleb128 0x48
 1389 0109 01       		.byte	0x1
 1390 010a 7D       		.uleb128 0x7d
 1391 010b 01       		.uleb128 0x1
 1392 010c 7F       		.uleb128 0x7f
 1393 010d 13       		.uleb128 0x13
 1394 010e 01       		.uleb128 0x1
 1395 010f 13       		.uleb128 0x13
 1396 0110 00       		.byte	0
 1397 0111 00       		.byte	0
 1398 0112 13       		.uleb128 0x13
 1399 0113 11       		.uleb128 0x11
 1400 0114 01       		.byte	0x1
 1401 0115 25       		.uleb128 0x25
 1402 0116 0E       		.uleb128 0xe
 1403 0117 13       		.uleb128 0x13
 1404 0118 0B       		.uleb128 0xb
 1405 0119 03       		.uleb128 0x3
 1406 011a 0E       		.uleb128 0xe
 1407 011b 1B       		.uleb128 0x1b
 1408 011c 0E       		.uleb128 0xe
 1409 011d 55       		.uleb128 0x55
 1410 011e 17       		.uleb128 0x17
 1411 011f 11       		.uleb128 0x11
 1412 0120 01       		.uleb128 0x1
 1413 0121 10       		.uleb128 0x10
 1414 0122 17       		.uleb128 0x17
 1415 0123 00       		.byte	0
 1416 0124 00       		.byte	0
 1417 0125 14       		.uleb128 0x14
 1418 0126 24       		.uleb128 0x24
 1419 0127 00       		.byte	0
 1420 0128 0B       		.uleb128 0xb
 1421 0129 0B       		.uleb128 0xb
 1422 012a 3E       		.uleb128 0x3e
 1423 012b 0B       		.uleb128 0xb
 1424 012c 03       		.uleb128 0x3
 1425 012d 08       		.uleb128 0x8
ARM GAS  /tmp/ccIx6vnb.s 			page 26


 1426 012e 00       		.byte	0
 1427 012f 00       		.byte	0
 1428 0130 15       		.uleb128 0x15
 1429 0131 35       		.uleb128 0x35
 1430 0132 00       		.byte	0
 1431 0133 49       		.uleb128 0x49
 1432 0134 13       		.uleb128 0x13
 1433 0135 00       		.byte	0
 1434 0136 00       		.byte	0
 1435 0137 16       		.uleb128 0x16
 1436 0138 0F       		.uleb128 0xf
 1437 0139 00       		.byte	0
 1438 013a 0B       		.uleb128 0xb
 1439 013b 0B       		.uleb128 0xb
 1440 013c 00       		.byte	0
 1441 013d 00       		.byte	0
 1442 013e 17       		.uleb128 0x17
 1443 013f 17       		.uleb128 0x17
 1444 0140 01       		.byte	0x1
 1445 0141 03       		.uleb128 0x3
 1446 0142 0E       		.uleb128 0xe
 1447 0143 0B       		.uleb128 0xb
 1448 0144 0B       		.uleb128 0xb
 1449 0145 3A       		.uleb128 0x3a
 1450 0146 0B       		.uleb128 0xb
 1451 0147 3B       		.uleb128 0x3b
 1452 0148 0B       		.uleb128 0xb
 1453 0149 39       		.uleb128 0x39
 1454 014a 0B       		.uleb128 0xb
 1455 014b 01       		.uleb128 0x1
 1456 014c 13       		.uleb128 0x13
 1457 014d 00       		.byte	0
 1458 014e 00       		.byte	0
 1459 014f 18       		.uleb128 0x18
 1460 0150 0D       		.uleb128 0xd
 1461 0151 00       		.byte	0
 1462 0152 03       		.uleb128 0x3
 1463 0153 08       		.uleb128 0x8
 1464 0154 3A       		.uleb128 0x3a
 1465 0155 0B       		.uleb128 0xb
 1466 0156 3B       		.uleb128 0x3b
 1467 0157 0B       		.uleb128 0xb
 1468 0158 39       		.uleb128 0x39
 1469 0159 0B       		.uleb128 0xb
 1470 015a 49       		.uleb128 0x49
 1471 015b 13       		.uleb128 0x13
 1472 015c 00       		.byte	0
 1473 015d 00       		.byte	0
 1474 015e 19       		.uleb128 0x19
 1475 015f 26       		.uleb128 0x26
 1476 0160 00       		.byte	0
 1477 0161 49       		.uleb128 0x49
 1478 0162 13       		.uleb128 0x13
 1479 0163 00       		.byte	0
 1480 0164 00       		.byte	0
 1481 0165 1A       		.uleb128 0x1a
 1482 0166 2E       		.uleb128 0x2e
ARM GAS  /tmp/ccIx6vnb.s 			page 27


 1483 0167 01       		.byte	0x1
 1484 0168 3F       		.uleb128 0x3f
 1485 0169 19       		.uleb128 0x19
 1486 016a 03       		.uleb128 0x3
 1487 016b 0E       		.uleb128 0xe
 1488 016c 3A       		.uleb128 0x3a
 1489 016d 0B       		.uleb128 0xb
 1490 016e 3B       		.uleb128 0x3b
 1491 016f 05       		.uleb128 0x5
 1492 0170 39       		.uleb128 0x39
 1493 0171 0B       		.uleb128 0xb
 1494 0172 27       		.uleb128 0x27
 1495 0173 19       		.uleb128 0x19
 1496 0174 49       		.uleb128 0x49
 1497 0175 13       		.uleb128 0x13
 1498 0176 3C       		.uleb128 0x3c
 1499 0177 19       		.uleb128 0x19
 1500 0178 01       		.uleb128 0x1
 1501 0179 13       		.uleb128 0x13
 1502 017a 00       		.byte	0
 1503 017b 00       		.byte	0
 1504 017c 1B       		.uleb128 0x1b
 1505 017d 2E       		.uleb128 0x2e
 1506 017e 01       		.byte	0x1
 1507 017f 3F       		.uleb128 0x3f
 1508 0180 19       		.uleb128 0x19
 1509 0181 03       		.uleb128 0x3
 1510 0182 0E       		.uleb128 0xe
 1511 0183 3A       		.uleb128 0x3a
 1512 0184 0B       		.uleb128 0xb
 1513 0185 3B       		.uleb128 0x3b
 1514 0186 0B       		.uleb128 0xb
 1515 0187 39       		.uleb128 0x39
 1516 0188 0B       		.uleb128 0xb
 1517 0189 27       		.uleb128 0x27
 1518 018a 19       		.uleb128 0x19
 1519 018b 49       		.uleb128 0x49
 1520 018c 13       		.uleb128 0x13
 1521 018d 3C       		.uleb128 0x3c
 1522 018e 19       		.uleb128 0x19
 1523 018f 01       		.uleb128 0x1
 1524 0190 13       		.uleb128 0x13
 1525 0191 00       		.byte	0
 1526 0192 00       		.byte	0
 1527 0193 1C       		.uleb128 0x1c
 1528 0194 2E       		.uleb128 0x2e
 1529 0195 01       		.byte	0x1
 1530 0196 3F       		.uleb128 0x3f
 1531 0197 19       		.uleb128 0x19
 1532 0198 03       		.uleb128 0x3
 1533 0199 0E       		.uleb128 0xe
 1534 019a 3A       		.uleb128 0x3a
 1535 019b 0B       		.uleb128 0xb
 1536 019c 3B       		.uleb128 0x3b
 1537 019d 0B       		.uleb128 0xb
 1538 019e 39       		.uleb128 0x39
 1539 019f 0B       		.uleb128 0xb
ARM GAS  /tmp/ccIx6vnb.s 			page 28


 1540 01a0 27       		.uleb128 0x27
 1541 01a1 19       		.uleb128 0x19
 1542 01a2 49       		.uleb128 0x49
 1543 01a3 13       		.uleb128 0x13
 1544 01a4 11       		.uleb128 0x11
 1545 01a5 01       		.uleb128 0x1
 1546 01a6 12       		.uleb128 0x12
 1547 01a7 06       		.uleb128 0x6
 1548 01a8 40       		.uleb128 0x40
 1549 01a9 18       		.uleb128 0x18
 1550 01aa 7A       		.uleb128 0x7a
 1551 01ab 19       		.uleb128 0x19
 1552 01ac 01       		.uleb128 0x1
 1553 01ad 13       		.uleb128 0x13
 1554 01ae 00       		.byte	0
 1555 01af 00       		.byte	0
 1556 01b0 1D       		.uleb128 0x1d
 1557 01b1 48       		.uleb128 0x48
 1558 01b2 01       		.byte	0x1
 1559 01b3 7D       		.uleb128 0x7d
 1560 01b4 01       		.uleb128 0x1
 1561 01b5 7F       		.uleb128 0x7f
 1562 01b6 13       		.uleb128 0x13
 1563 01b7 00       		.byte	0
 1564 01b8 00       		.byte	0
 1565 01b9 1E       		.uleb128 0x1e
 1566 01ba 2E       		.uleb128 0x2e
 1567 01bb 01       		.byte	0x1
 1568 01bc 3F       		.uleb128 0x3f
 1569 01bd 19       		.uleb128 0x19
 1570 01be 03       		.uleb128 0x3
 1571 01bf 0E       		.uleb128 0xe
 1572 01c0 3A       		.uleb128 0x3a
 1573 01c1 0B       		.uleb128 0xb
 1574 01c2 3B       		.uleb128 0x3b
 1575 01c3 0B       		.uleb128 0xb
 1576 01c4 39       		.uleb128 0x39
 1577 01c5 0B       		.uleb128 0xb
 1578 01c6 27       		.uleb128 0x27
 1579 01c7 19       		.uleb128 0x19
 1580 01c8 11       		.uleb128 0x11
 1581 01c9 01       		.uleb128 0x1
 1582 01ca 12       		.uleb128 0x12
 1583 01cb 06       		.uleb128 0x6
 1584 01cc 40       		.uleb128 0x40
 1585 01cd 18       		.uleb128 0x18
 1586 01ce 7A       		.uleb128 0x7a
 1587 01cf 19       		.uleb128 0x19
 1588 01d0 01       		.uleb128 0x1
 1589 01d1 13       		.uleb128 0x13
 1590 01d2 00       		.byte	0
 1591 01d3 00       		.byte	0
 1592 01d4 1F       		.uleb128 0x1f
 1593 01d5 34       		.uleb128 0x34
 1594 01d6 00       		.byte	0
 1595 01d7 03       		.uleb128 0x3
 1596 01d8 0E       		.uleb128 0xe
ARM GAS  /tmp/ccIx6vnb.s 			page 29


 1597 01d9 3A       		.uleb128 0x3a
 1598 01da 0B       		.uleb128 0xb
 1599 01db 3B       		.uleb128 0x3b
 1600 01dc 0B       		.uleb128 0xb
 1601 01dd 39       		.uleb128 0x39
 1602 01de 0B       		.uleb128 0xb
 1603 01df 49       		.uleb128 0x49
 1604 01e0 13       		.uleb128 0x13
 1605 01e1 02       		.uleb128 0x2
 1606 01e2 17       		.uleb128 0x17
 1607 01e3 B742     		.uleb128 0x2137
 1608 01e5 17       		.uleb128 0x17
 1609 01e6 00       		.byte	0
 1610 01e7 00       		.byte	0
 1611 01e8 20       		.uleb128 0x20
 1612 01e9 48       		.uleb128 0x48
 1613 01ea 01       		.byte	0x1
 1614 01eb 7D       		.uleb128 0x7d
 1615 01ec 01       		.uleb128 0x1
 1616 01ed 8201     		.uleb128 0x82
 1617 01ef 19       		.uleb128 0x19
 1618 01f0 7F       		.uleb128 0x7f
 1619 01f1 13       		.uleb128 0x13
 1620 01f2 00       		.byte	0
 1621 01f3 00       		.byte	0
 1622 01f4 21       		.uleb128 0x21
 1623 01f5 2E       		.uleb128 0x2e
 1624 01f6 01       		.byte	0x1
 1625 01f7 3F       		.uleb128 0x3f
 1626 01f8 19       		.uleb128 0x19
 1627 01f9 03       		.uleb128 0x3
 1628 01fa 0E       		.uleb128 0xe
 1629 01fb 3A       		.uleb128 0x3a
 1630 01fc 0B       		.uleb128 0xb
 1631 01fd 3B       		.uleb128 0x3b
 1632 01fe 0B       		.uleb128 0xb
 1633 01ff 39       		.uleb128 0x39
 1634 0200 0B       		.uleb128 0xb
 1635 0201 27       		.uleb128 0x27
 1636 0202 19       		.uleb128 0x19
 1637 0203 49       		.uleb128 0x49
 1638 0204 13       		.uleb128 0x13
 1639 0205 11       		.uleb128 0x11
 1640 0206 01       		.uleb128 0x1
 1641 0207 12       		.uleb128 0x12
 1642 0208 06       		.uleb128 0x6
 1643 0209 40       		.uleb128 0x40
 1644 020a 18       		.uleb128 0x18
 1645 020b 7A       		.uleb128 0x7a
 1646 020c 19       		.uleb128 0x19
 1647 020d 00       		.byte	0
 1648 020e 00       		.byte	0
 1649 020f 00       		.byte	0
 1650              		.section	.debug_loclists,"",%progbits
 1651 0000 AF000000 		.4byte	.Ldebug_loc3-.Ldebug_loc2
 1652              	.Ldebug_loc2:
 1653 0004 0500     		.2byte	0x5
ARM GAS  /tmp/ccIx6vnb.s 			page 30


 1654 0006 04       		.byte	0x4
 1655 0007 00       		.byte	0
 1656 0008 00000000 		.4byte	0
 1657              	.Ldebug_loc0:
 1658              	.LVUS2:
 1659 000c 00       		.uleb128 0
 1660 000d 00       		.uleb128 .LVU43
 1661 000e 00       		.uleb128 .LVU43
 1662 000f 00       		.uleb128 0
 1663              	.LLST2:
 1664 0010 06       		.byte	0x6
 1665 0011 00000000 		.4byte	.LVL6
 1666 0015 04       		.byte	0x4
 1667 0016 00       		.uleb128 .LVL6-.LVL6
 1668 0017 17       		.uleb128 .LVL7-1-.LVL6
 1669 0018 01       		.uleb128 0x1
 1670 0019 50       		.byte	0x50
 1671 001a 04       		.byte	0x4
 1672 001b 17       		.uleb128 .LVL7-1-.LVL6
 1673 001c 60       		.uleb128 .LFE9-.LVL6
 1674 001d 04       		.uleb128 0x4
 1675 001e A3       		.byte	0xa3
 1676 001f 01       		.uleb128 0x1
 1677 0020 50       		.byte	0x50
 1678 0021 9F       		.byte	0x9f
 1679 0022 00       		.byte	0
 1680              	.LVUS3:
 1681 0023 00       		.uleb128 0
 1682 0024 00       		.uleb128 .LVU43
 1683 0025 00       		.uleb128 .LVU43
 1684 0026 00       		.uleb128 0
 1685              	.LLST3:
 1686 0027 06       		.byte	0x6
 1687 0028 00000000 		.4byte	.LVL6
 1688 002c 04       		.byte	0x4
 1689 002d 00       		.uleb128 .LVL6-.LVL6
 1690 002e 17       		.uleb128 .LVL7-1-.LVL6
 1691 002f 01       		.uleb128 0x1
 1692 0030 51       		.byte	0x51
 1693 0031 04       		.byte	0x4
 1694 0032 17       		.uleb128 .LVL7-1-.LVL6
 1695 0033 60       		.uleb128 .LFE9-.LVL6
 1696 0034 01       		.uleb128 0x1
 1697 0035 55       		.byte	0x55
 1698 0036 00       		.byte	0
 1699              	.LVUS4:
 1700 0037 00       		.uleb128 0
 1701 0038 00       		.uleb128 .LVU43
 1702 0039 00       		.uleb128 .LVU43
 1703 003a 00       		.uleb128 0
 1704              	.LLST4:
 1705 003b 06       		.byte	0x6
 1706 003c 00000000 		.4byte	.LVL6
 1707 0040 04       		.byte	0x4
 1708 0041 00       		.uleb128 .LVL6-.LVL6
 1709 0042 17       		.uleb128 .LVL7-1-.LVL6
 1710 0043 01       		.uleb128 0x1
ARM GAS  /tmp/ccIx6vnb.s 			page 31


 1711 0044 52       		.byte	0x52
 1712 0045 04       		.byte	0x4
 1713 0046 17       		.uleb128 .LVL7-1-.LVL6
 1714 0047 60       		.uleb128 .LFE9-.LVL6
 1715 0048 01       		.uleb128 0x1
 1716 0049 56       		.byte	0x56
 1717 004a 00       		.byte	0
 1718              	.LVUS5:
 1719 004b 00       		.uleb128 0
 1720 004c 00       		.uleb128 .LVU43
 1721 004d 00       		.uleb128 .LVU43
 1722 004e 00       		.uleb128 0
 1723              	.LLST5:
 1724 004f 06       		.byte	0x6
 1725 0050 00000000 		.4byte	.LVL6
 1726 0054 04       		.byte	0x4
 1727 0055 00       		.uleb128 .LVL6-.LVL6
 1728 0056 17       		.uleb128 .LVL7-1-.LVL6
 1729 0057 01       		.uleb128 0x1
 1730 0058 53       		.byte	0x53
 1731 0059 04       		.byte	0x4
 1732 005a 17       		.uleb128 .LVL7-1-.LVL6
 1733 005b 60       		.uleb128 .LFE9-.LVL6
 1734 005c 01       		.uleb128 0x1
 1735 005d 57       		.byte	0x57
 1736 005e 00       		.byte	0
 1737              	.LVUS6:
 1738 005f 00       		.uleb128 .LVU43
 1739 0060 00       		.uleb128 .LVU50
 1740 0061 00       		.uleb128 .LVU50
 1741 0062 00       		.uleb128 .LVU54
 1742              	.LLST6:
 1743 0063 06       		.byte	0x6
 1744 0064 18000000 		.4byte	.LVL7
 1745 0068 04       		.byte	0x4
 1746 0069 00       		.uleb128 .LVL7-.LVL7
 1747 006a 23       		.uleb128 .LVL8-1-.LVL7
 1748 006b 01       		.uleb128 0x1
 1749 006c 50       		.byte	0x50
 1750 006d 04       		.byte	0x4
 1751 006e 23       		.uleb128 .LVL8-1-.LVL7
 1752 006f 34       		.uleb128 .LVL9-.LVL7
 1753 0070 01       		.uleb128 0x1
 1754 0071 54       		.byte	0x54
 1755 0072 00       		.byte	0
 1756              	.LVUS7:
 1757 0073 00       		.uleb128 .LVU54
 1758 0074 00       		.uleb128 .LVU56
 1759 0075 00       		.uleb128 .LVU56
 1760 0076 02       		.uleb128 .LVU60
 1761              	.LLST7:
 1762 0077 06       		.byte	0x6
 1763 0078 4C000000 		.4byte	.LVL9
 1764 007c 04       		.byte	0x4
 1765 007d 00       		.uleb128 .LVL9-.LVL9
 1766 007e 03       		.uleb128 .LVL10-1-.LVL9
 1767 007f 01       		.uleb128 0x1
ARM GAS  /tmp/ccIx6vnb.s 			page 32


 1768 0080 50       		.byte	0x50
 1769 0081 04       		.byte	0x4
 1770 0082 03       		.uleb128 .LVL10-1-.LVL9
 1771 0083 08       		.uleb128 .LVL11-.LVL9
 1772 0084 01       		.uleb128 0x1
 1773 0085 54       		.byte	0x54
 1774 0086 00       		.byte	0
 1775              	.LVUS0:
 1776 0087 00       		.uleb128 0
 1777 0088 00       		.uleb128 .LVU35
 1778 0089 00       		.uleb128 .LVU35
 1779 008a 00       		.uleb128 0
 1780              	.LLST0:
 1781 008b 06       		.byte	0x6
 1782 008c 00000000 		.4byte	.LVL1
 1783 0090 04       		.byte	0x4
 1784 0091 00       		.uleb128 .LVL1-.LVL1
 1785 0092 4F       		.uleb128 .LVL5-1-.LVL1
 1786 0093 01       		.uleb128 0x1
 1787 0094 50       		.byte	0x50
 1788 0095 04       		.byte	0x4
 1789 0096 4F       		.uleb128 .LVL5-1-.LVL1
 1790 0097 50       		.uleb128 .LFE8-.LVL1
 1791 0098 04       		.uleb128 0x4
 1792 0099 A3       		.byte	0xa3
 1793 009a 01       		.uleb128 0x1
 1794 009b 50       		.byte	0x50
 1795 009c 9F       		.byte	0x9f
 1796 009d 00       		.byte	0
 1797              	.LVUS1:
 1798 009e 00       		.uleb128 .LVU23
 1799 009f 00       		.uleb128 .LVU29
 1800 00a0 00       		.uleb128 .LVU29
 1801 00a1 00       		.uleb128 .LVU32
 1802              	.LLST1:
 1803 00a2 06       		.byte	0x6
 1804 00a3 14000000 		.4byte	.LVL2
 1805 00a7 04       		.byte	0x4
 1806 00a8 00       		.uleb128 .LVL2-.LVL2
 1807 00a9 10       		.uleb128 .LVL3-.LVL2
 1808 00aa 01       		.uleb128 0x1
 1809 00ab 53       		.byte	0x53
 1810 00ac 04       		.byte	0x4
 1811 00ad 10       		.uleb128 .LVL3-.LVL2
 1812 00ae 34       		.uleb128 .LVL4-.LVL2
 1813 00af 02       		.uleb128 0x2
 1814 00b0 70       		.byte	0x70
 1815 00b1 1E       		.sleb128 30
 1816 00b2 00       		.byte	0
 1817              	.Ldebug_loc3:
 1818              		.section	.debug_aranges,"",%progbits
 1819 0000 2C000000 		.4byte	0x2c
 1820 0004 0200     		.2byte	0x2
 1821 0006 00000000 		.4byte	.Ldebug_info0
 1822 000a 04       		.byte	0x4
 1823 000b 00       		.byte	0
 1824 000c 0000     		.2byte	0
ARM GAS  /tmp/ccIx6vnb.s 			page 33


 1825 000e 0000     		.2byte	0
 1826 0010 00000000 		.4byte	.LFB7
 1827 0014 18000000 		.4byte	.LFE7-.LFB7
 1828 0018 00000000 		.4byte	.LFB8
 1829 001c 50000000 		.4byte	.LFE8-.LFB8
 1830 0020 00000000 		.4byte	.LFB9
 1831 0024 60000000 		.4byte	.LFE9-.LFB9
 1832 0028 00000000 		.4byte	0
 1833 002c 00000000 		.4byte	0
 1834              		.section	.debug_rnglists,"",%progbits
 1835              	.Ldebug_ranges0:
 1836 0000 1B000000 		.4byte	.Ldebug_ranges3-.Ldebug_ranges2
 1837              	.Ldebug_ranges2:
 1838 0004 0500     		.2byte	0x5
 1839 0006 04       		.byte	0x4
 1840 0007 00       		.byte	0
 1841 0008 00000000 		.4byte	0
 1842              	.LLRL8:
 1843 000c 07       		.byte	0x7
 1844 000d 00000000 		.4byte	.LFB7
 1845 0011 18       		.uleb128 .LFE7-.LFB7
 1846 0012 07       		.byte	0x7
 1847 0013 00000000 		.4byte	.LFB8
 1848 0017 50       		.uleb128 .LFE8-.LFB8
 1849 0018 07       		.byte	0x7
 1850 0019 00000000 		.4byte	.LFB9
 1851 001d 60       		.uleb128 .LFE9-.LFB9
 1852 001e 00       		.byte	0
 1853              	.Ldebug_ranges3:
 1854              		.section	.debug_line,"",%progbits
 1855              	.Ldebug_line0:
 1856 0000 46020000 		.section	.debug_str,"MS",%progbits,1
 1856      03006501 
 1856      00000201 
 1856      FB0E0D00 
 1856      01010101 
 1857              	.LASF68:
 1858 0000 7466756E 		.ascii	"tfunc_t\000"
 1858      635F7400 
 1859              	.LASF39:
 1860 0008 705F6D73 		.ascii	"p_msg\000"
 1860      6700
 1861              	.LASF79:
 1862 000e 2E2E2F2E 		.ascii	"../../os/kernel/src/chdynamic.c\000"
 1862      2E2F6F73 
 1862      2F6B6572 
 1862      6E656C2F 
 1862      7372632F 
 1863              	.LASF2:
 1864 002e 73697A65 		.ascii	"size_t\000"
 1864      5F7400
 1865              	.LASF63:
 1866 0035 7264796D 		.ascii	"rdymsg\000"
 1866      736700
 1867              	.LASF3:
 1868 003c 5F5F7569 		.ascii	"__uint8_t\000"
 1868      6E74385F 
ARM GAS  /tmp/ccIx6vnb.s 			page 34


 1868      7400
 1869              	.LASF53:
 1870 0046 6D656D67 		.ascii	"memgetfunc_t\000"
 1870      65746675 
 1870      6E635F74 
 1870      00
 1871              	.LASF12:
 1872 0053 6C6F6E67 		.ascii	"long long unsigned int\000"
 1872      206C6F6E 
 1872      6720756E 
 1872      7369676E 
 1872      65642069 
 1873              	.LASF64:
 1874 006a 65786974 		.ascii	"exitcode\000"
 1874      636F6465 
 1874      00
 1875              	.LASF57:
 1876 0073 685F6672 		.ascii	"h_free\000"
 1876      656500
 1877              	.LASF73:
 1878 007a 68656170 		.ascii	"heapp\000"
 1878      7000
 1879              	.LASF59:
 1880 0080 6E657874 		.ascii	"next\000"
 1880      00
 1881              	.LASF27:
 1882 0085 705F7072 		.ascii	"p_prio\000"
 1882      696F00
 1883              	.LASF11:
 1884 008c 6C6F6E67 		.ascii	"long long int\000"
 1884      206C6F6E 
 1884      6720696E 
 1884      7400
 1885              	.LASF1:
 1886 009a 7369676E 		.ascii	"signed char\000"
 1886      65642063 
 1886      68617200 
 1887              	.LASF58:
 1888 00a6 685F6D74 		.ascii	"h_mtx\000"
 1888      7800
 1889              	.LASF50:
 1890 00ac 6D5F7175 		.ascii	"m_queue\000"
 1890      65756500 
 1891              	.LASF72:
 1892 00b4 63684865 		.ascii	"chHeapFree\000"
 1892      61704672 
 1892      656500
 1893              	.LASF19:
 1894 00bf 74736C69 		.ascii	"tslices_t\000"
 1894      6365735F 
 1894      7400
 1895              	.LASF69:
 1896 00c9 63685468 		.ascii	"chThdCreateI\000"
 1896      64437265 
 1896      61746549 
 1896      00
 1897              	.LASF8:
ARM GAS  /tmp/ccIx6vnb.s 			page 35


 1898 00d6 6C6F6E67 		.ascii	"long int\000"
 1898      20696E74 
 1898      00
 1899              	.LASF82:
 1900 00df 63685468 		.ascii	"chThdCreateFromHeap\000"
 1900      64437265 
 1900      61746546 
 1900      726F6D48 
 1900      65617000 
 1901              	.LASF17:
 1902 00f3 74737461 		.ascii	"tstate_t\000"
 1902      74655F74 
 1902      00
 1903              	.LASF29:
 1904 00fc 705F6E65 		.ascii	"p_newer\000"
 1904      77657200 
 1905              	.LASF9:
 1906 0104 5F5F7569 		.ascii	"__uint32_t\000"
 1906      6E743332 
 1906      5F7400
 1907              	.LASF46:
 1908 010f 72656761 		.ascii	"regarm_t\000"
 1908      726D5F74 
 1908      00
 1909              	.LASF61:
 1910 0118 616C6967 		.ascii	"align\000"
 1910      6E00
 1911              	.LASF0:
 1912 011e 756E7369 		.ascii	"unsigned int\000"
 1912      676E6564 
 1912      20696E74 
 1912      00
 1913              	.LASF10:
 1914 012b 6C6F6E67 		.ascii	"long unsigned int\000"
 1914      20756E73 
 1914      69676E65 
 1914      6420696E 
 1914      7400
 1915              	.LASF48:
 1916 013d 636F6E74 		.ascii	"context\000"
 1916      65787400 
 1917              	.LASF62:
 1918 0145 73697A65 		.ascii	"size\000"
 1918      00
 1919              	.LASF6:
 1920 014a 73686F72 		.ascii	"short unsigned int\000"
 1920      7420756E 
 1920      7369676E 
 1920      65642069 
 1920      6E7400
 1921              	.LASF21:
 1922 015d 6D73675F 		.ascii	"msg_t\000"
 1922      7400
 1923              	.LASF16:
 1924 0163 746D6F64 		.ascii	"tmode_t\000"
 1924      655F7400 
 1925              	.LASF44:
ARM GAS  /tmp/ccIx6vnb.s 			page 36


 1926 016b 54687265 		.ascii	"ThreadsList\000"
 1926      6164734C 
 1926      69737400 
 1927              	.LASF22:
 1928 0177 6576656E 		.ascii	"eventmask_t\000"
 1928      746D6173 
 1928      6B5F7400 
 1929              	.LASF49:
 1930 0183 4D757465 		.ascii	"Mutex\000"
 1930      7800
 1931              	.LASF77:
 1932 0189 63685468 		.ascii	"chThdAddRef\000"
 1932      64416464 
 1932      52656600 
 1933              	.LASF45:
 1934 0195 73746B61 		.ascii	"stkalign_t\000"
 1934      6C69676E 
 1934      5F7400
 1935              	.LASF78:
 1936 01a0 474E5520 		.ascii	"GNU C17 11.2.0 -mcpu=arm1176jz-s -mno-thumb-interwo"
 1936      43313720 
 1936      31312E32 
 1936      2E30202D 
 1936      6D637075 
 1937 01d3 726B202D 		.ascii	"rk -mfloat-abi=soft -marm -march=armv6kz -ggdb -O2 "
 1937      6D666C6F 
 1937      61742D61 
 1937      62693D73 
 1937      6F667420 
 1938 0206 2D666F6D 		.ascii	"-fomit-frame-pointer -ffunction-sections -fdata-sec"
 1938      69742D66 
 1938      72616D65 
 1938      2D706F69 
 1938      6E746572 
 1939 0239 74696F6E 		.ascii	"tions\000"
 1939      7300
 1940              	.LASF80:
 1941 023f 2F686F6D 		.ascii	"/home/sergi/uni/seu/ChibiOS-RPi/demos/led\000"
 1941      652F7365 
 1941      7267692F 
 1941      756E692F 
 1941      7365752F 
 1942              	.LASF30:
 1943 0269 705F6F6C 		.ascii	"p_older\000"
 1943      64657200 
 1944              	.LASF43:
 1945 0271 54687265 		.ascii	"ThreadsQueue\000"
 1945      61647351 
 1945      75657565 
 1945      00
 1946              	.LASF74:
 1947 027e 7072696F 		.ascii	"prio\000"
 1947      00
 1948              	.LASF54:
 1949 0283 4D656D6F 		.ascii	"MemoryHeap\000"
 1949      72794865 
 1949      617000
ARM GAS  /tmp/ccIx6vnb.s 			page 37


 1950              	.LASF18:
 1951 028e 74726566 		.ascii	"trefs_t\000"
 1951      735F7400 
 1952              	.LASF75:
 1953 0296 72656673 		.ascii	"refs\000"
 1953      00
 1954              	.LASF26:
 1955 029b 705F7072 		.ascii	"p_prev\000"
 1955      657600
 1956              	.LASF20:
 1957 02a2 74707269 		.ascii	"tprio_t\000"
 1957      6F5F7400 
 1958              	.LASF14:
 1959 02aa 696E7433 		.ascii	"int32_t\000"
 1959      325F7400 
 1960              	.LASF4:
 1961 02b2 756E7369 		.ascii	"unsigned char\000"
 1961      676E6564 
 1961      20636861 
 1961      7200
 1962              	.LASF56:
 1963 02c0 685F7072 		.ascii	"h_provider\000"
 1963      6F766964 
 1963      657200
 1964              	.LASF41:
 1965 02cb 705F6D74 		.ascii	"p_mtxlist\000"
 1965      786C6973 
 1965      7400
 1966              	.LASF5:
 1967 02d5 73686F72 		.ascii	"short int\000"
 1967      7420696E 
 1967      7400
 1968              	.LASF32:
 1969 02df 705F7374 		.ascii	"p_state\000"
 1969      61746500 
 1970              	.LASF35:
 1971 02e7 705F7072 		.ascii	"p_preempt\000"
 1971      65656D70 
 1971      7400
 1972              	.LASF81:
 1973 02f1 68656170 		.ascii	"heap_header\000"
 1973      5F686561 
 1973      64657200 
 1974              	.LASF66:
 1975 02fd 65776D61 		.ascii	"ewmask\000"
 1975      736B00
 1976              	.LASF25:
 1977 0304 705F6E65 		.ascii	"p_next\000"
 1977      787400
 1978              	.LASF33:
 1979 030b 705F666C 		.ascii	"p_flags\000"
 1979      61677300 
 1980              	.LASF76:
 1981 0313 63685468 		.ascii	"chThdRelease\000"
 1981      6452656C 
 1981      65617365 
 1981      00
ARM GAS  /tmp/ccIx6vnb.s 			page 38


 1982              	.LASF24:
 1983 0320 54687265 		.ascii	"Thread\000"
 1983      616400
 1984              	.LASF70:
 1985 0327 63684865 		.ascii	"chHeapAlloc\000"
 1985      6170416C 
 1985      6C6F6300 
 1986              	.LASF40:
 1987 0333 705F6570 		.ascii	"p_epending\000"
 1987      656E6469 
 1987      6E6700
 1988              	.LASF15:
 1989 033e 75696E74 		.ascii	"uint32_t\000"
 1989      33325F74 
 1989      00
 1990              	.LASF60:
 1991 0347 68656170 		.ascii	"heap\000"
 1991      00
 1992              	.LASF67:
 1993 034c 63686172 		.ascii	"char\000"
 1993      00
 1994              	.LASF52:
 1995 0351 6D5F6E65 		.ascii	"m_next\000"
 1995      787400
 1996              	.LASF23:
 1997 0358 73797374 		.ascii	"systime_t\000"
 1997      696D655F 
 1997      7400
 1998              	.LASF42:
 1999 0362 705F7265 		.ascii	"p_realprio\000"
 1999      616C7072 
 1999      696F00
 2000              	.LASF7:
 2001 036d 5F5F696E 		.ascii	"__int32_t\000"
 2001      7433325F 
 2001      7400
 2002              	.LASF36:
 2003 0377 705F7469 		.ascii	"p_time\000"
 2003      6D6500
 2004              	.LASF47:
 2005 037e 696E7463 		.ascii	"intctx\000"
 2005      747800
 2006              	.LASF38:
 2007 0385 705F6D73 		.ascii	"p_msgqueue\000"
 2007      67717565 
 2007      756500
 2008              	.LASF71:
 2009 0390 63685363 		.ascii	"chSchWakeupS\000"
 2009      6857616B 
 2009      65757053 
 2009      00
 2010              	.LASF34:
 2011 039d 705F7265 		.ascii	"p_refs\000"
 2011      667300
 2012              	.LASF13:
 2013 03a4 75696E74 		.ascii	"uint8_t\000"
 2013      385F7400 
ARM GAS  /tmp/ccIx6vnb.s 			page 39


 2014              	.LASF65:
 2015 03ac 77746F62 		.ascii	"wtobjp\000"
 2015      6A7000
 2016              	.LASF31:
 2017 03b3 705F6E61 		.ascii	"p_name\000"
 2017      6D6500
 2018              	.LASF51:
 2019 03ba 6D5F6F77 		.ascii	"m_owner\000"
 2019      6E657200 
 2020              	.LASF28:
 2021 03c2 705F6374 		.ascii	"p_ctx\000"
 2021      7800
 2022              	.LASF37:
 2023 03c8 705F7761 		.ascii	"p_waiting\000"
 2023      6974696E 
 2023      6700
 2024              	.LASF55:
 2025 03d2 6D656D6F 		.ascii	"memory_heap\000"
 2025      72795F68 
 2025      65617000 
 2026              		.ident	"GCC: (Arch Repository) 11.2.0"
ARM GAS  /tmp/ccIx6vnb.s 			page 40


DEFINED SYMBOLS
                            *ABS*:0000000000000000 chdynamic.c
     /tmp/ccIx6vnb.s:16     .text.chThdAddRef:0000000000000000 $a
     /tmp/ccIx6vnb.s:23     .text.chThdAddRef:0000000000000000 chThdAddRef
     /tmp/ccIx6vnb.s:64     .text.chThdRelease:0000000000000000 $a
     /tmp/ccIx6vnb.s:70     .text.chThdRelease:0000000000000000 chThdRelease
     /tmp/ccIx6vnb.s:138    .text.chThdCreateFromHeap:0000000000000000 $a
     /tmp/ccIx6vnb.s:144    .text.chThdCreateFromHeap:0000000000000000 chThdCreateFromHeap

UNDEFINED SYMBOLS
chHeapFree
chHeapAlloc
chThdCreateI
chSchWakeupS
