ARM GAS  /tmp/cco4mzgd.s 			page 1


   1              		.cpu arm1176jz-s
   2              		.eabi_attribute 20, 1
   3              		.eabi_attribute 21, 1
   4              		.eabi_attribute 23, 3
   5              		.eabi_attribute 24, 1
   6              		.eabi_attribute 25, 1
   7              		.eabi_attribute 26, 1
   8              		.eabi_attribute 30, 2
   9              		.eabi_attribute 34, 1
  10              		.eabi_attribute 18, 4
  11              		.file	"chregistry.c"
  12              		.text
  13              	.Ltext0:
  14              		.cfi_sections	.debug_frame
  15              		.section	.text.chRegFirstThread,"ax",%progbits
  16              		.align	2
  17              		.global	chRegFirstThread
  18              		.arch armv6kz
  19              		.syntax unified
  20              		.arm
  21              		.fpu softvfp
  22              		.type	chRegFirstThread, %function
  23              	chRegFirstThread:
  24              	.LFB7:
  25              		.file 1 "../../os/kernel/src/chregistry.c"
  26              		.loc 1 110 32 view -0
  27              		.cfi_startproc
  28              		@ args = 0, pretend = 0, frame = 0
  29              		@ frame_needed = 0, uses_anonymous_args = 0
  30              		@ link register save eliminated.
  31              		.loc 1 111 3 view .LVU1
  32              		.loc 1 113 3 view .LVU2
  33              		.syntax divided
  34              	@ 113 "../../os/kernel/src/chregistry.c" 1
  35 0000 9FF021E3 		msr     CPSR_c, #0x9F
  36              	@ 0 "" 2
  37              		.loc 1 113 3 view .LVU3
  38              		.loc 1 113 14 view .LVU4
  39              		.loc 1 114 3 view .LVU5
  40              		.loc 1 114 6 is_stmt 0 view .LVU6
  41              		.arm
  42              		.syntax unified
  43 0004 14309FE5 		ldr	r3, .L3
  44 0008 100093E5 		ldr	r0, [r3, #16]
  45              	.LVL0:
  46              		.loc 1 116 3 is_stmt 1 view .LVU7
  47              		.loc 1 116 13 is_stmt 0 view .LVU8
  48 000c 1E30D0E5 		ldrb	r3, [r0, #30]	@ zero_extendqisi2
  49 0010 013083E2 		add	r3, r3, #1
  50 0014 1E30C0E5 		strb	r3, [r0, #30]
  51              		.loc 1 118 3 is_stmt 1 view .LVU9
  52              		.loc 1 118 3 view .LVU10
  53              		.syntax divided
  54              	@ 118 "../../os/kernel/src/chregistry.c" 1
  55 0018 1FF021E3 		msr     CPSR_c, #0x1F
  56              	@ 0 "" 2
  57              		.loc 1 118 16 view .LVU11
ARM GAS  /tmp/cco4mzgd.s 			page 2


  58              		.loc 1 119 3 view .LVU12
  59              		.loc 1 120 1 is_stmt 0 view .LVU13
  60              		.arm
  61              		.syntax unified
  62 001c 1EFF2FE1 		bx	lr
  63              	.L4:
  64              		.align	2
  65              	.L3:
  66 0020 00000000 		.word	rlist
  67              		.cfi_endproc
  68              	.LFE7:
  69              		.size	chRegFirstThread, .-chRegFirstThread
  70              		.section	.text.chRegNextThread,"ax",%progbits
  71              		.align	2
  72              		.global	chRegNextThread
  73              		.syntax unified
  74              		.arm
  75              		.fpu softvfp
  76              		.type	chRegNextThread, %function
  77              	chRegNextThread:
  78              	.LVL1:
  79              	.LFB8:
  80              		.loc 1 133 37 is_stmt 1 view -0
  81              		.cfi_startproc
  82              		@ args = 0, pretend = 0, frame = 0
  83              		@ frame_needed = 0, uses_anonymous_args = 0
  84              		.loc 1 134 3 view .LVU15
  85              		.loc 1 136 3 view .LVU16
  86              		.loc 1 133 37 is_stmt 0 view .LVU17
  87 0000 10402DE9 		push	{r4, lr}
  88              		.cfi_def_cfa_offset 8
  89              		.cfi_offset 4, -8
  90              		.cfi_offset 14, -4
  91              		.loc 1 136 3 view .LVU18
  92              		.syntax divided
  93              	@ 136 "../../os/kernel/src/chregistry.c" 1
  94 0004 9FF021E3 		msr     CPSR_c, #0x9F
  95              	@ 0 "" 2
  96              		.loc 1 136 3 is_stmt 1 view .LVU19
  97              		.loc 1 136 14 view .LVU20
  98              		.loc 1 137 3 view .LVU21
  99              		.loc 1 138 6 is_stmt 0 view .LVU22
 100              		.arm
 101              		.syntax unified
 102 0008 24309FE5 		ldr	r3, .L9
 103              		.loc 1 137 7 view .LVU23
 104 000c 104090E5 		ldr	r4, [r0, #16]
 105              	.LVL2:
 106              		.loc 1 138 3 is_stmt 1 view .LVU24
 107              		.loc 1 138 6 is_stmt 0 view .LVU25
 108 0010 030054E1 		cmp	r4, r3
 109              		.loc 1 142 5 is_stmt 1 view .LVU26
 110              		.loc 1 143 39 view .LVU27
 111              		.loc 1 144 5 view .LVU28
 112              		.loc 1 144 16 is_stmt 0 view .LVU29
 113 0014 1E30D415 		ldrbne	r3, [r4, #30]	@ zero_extendqisi2
 114              		.loc 1 139 9 view .LVU30
ARM GAS  /tmp/cco4mzgd.s 			page 3


 115 0018 0040A003 		moveq	r4, #0
 116              	.LVL3:
 117              		.loc 1 147 3 is_stmt 1 view .LVU31
 118              		.loc 1 147 3 view .LVU32
 119              		.loc 1 144 16 is_stmt 0 view .LVU33
 120 001c 01308312 		addne	r3, r3, #1
 121 0020 1E30C415 		strbne	r3, [r4, #30]
 122              		.loc 1 147 3 view .LVU34
 123              		.syntax divided
 124              	@ 147 "../../os/kernel/src/chregistry.c" 1
 125 0024 1FF021E3 		msr     CPSR_c, #0x1F
 126              	@ 0 "" 2
 127              		.loc 1 147 16 is_stmt 1 view .LVU35
 128              		.loc 1 149 3 view .LVU36
 129              		.arm
 130              		.syntax unified
 131 0028 FEFFFFEB 		bl	chThdRelease
 132              	.LVL4:
 133              		.loc 1 151 3 view .LVU37
 134              		.loc 1 152 1 is_stmt 0 view .LVU38
 135 002c 0400A0E1 		mov	r0, r4
 136 0030 1080BDE8 		pop	{r4, pc}
 137              	.L10:
 138              		.align	2
 139              	.L9:
 140 0034 00000000 		.word	rlist
 141              		.cfi_endproc
 142              	.LFE8:
 143              		.size	chRegNextThread, .-chRegNextThread
 144              		.global	ch_debug
 145              		.section	.rodata.ch_debug,"a"
 146              		.align	2
 147              		.type	ch_debug, %object
 148              		.size	ch_debug, 22
 149              	ch_debug:
 150 0000 6D61696E 		.ascii	"main"
 151 0004 00       		.byte	0
 152 0005 16       		.byte	22
 153 0006 4111     		.short	4417
 154 0008 04       		.byte	4
 155 0009 04       		.byte	4
 156 000a 44       		.byte	68
 157 000b 08       		.byte	8
 158 000c 0C       		.byte	12
 159 000d 10       		.byte	16
 160 000e 14       		.byte	20
 161 000f 18       		.byte	24
 162 0010 00       		.byte	0
 163 0011 1C       		.byte	28
 164 0012 1D       		.byte	29
 165 0013 1E       		.byte	30
 166 0014 1F       		.byte	31
 167 0015 20       		.byte	32
 168              		.text
 169              	.Letext0:
 170              		.file 2 "/usr/lib/gcc/arm-none-eabi/11.2.0/include/stddef.h"
 171              		.file 3 "/usr/arm-none-eabi/include/machine/_default_types.h"
ARM GAS  /tmp/cco4mzgd.s 			page 4


 172              		.file 4 "/usr/arm-none-eabi/include/sys/_stdint.h"
 173              		.file 5 "../../os/ports/GCC/ARM/chtypes.h"
 174              		.file 6 "../../os/kernel/include/chlists.h"
 175              		.file 7 "../../os/kernel/include/chthreads.h"
 176              		.file 8 "../../os/ports/GCC/ARM/chcore.h"
 177              		.file 9 "../../os/kernel/include/chschd.h"
 178              		.file 10 "../../os/kernel/include/chmtx.h"
 179              		.file 11 "../../os/kernel/include/chregistry.h"
 180              		.file 12 "../../os/kernel/include/chdynamic.h"
 181              		.section	.debug_info,"",%progbits
 182              	.Ldebug_info0:
 183 0000 05060000 		.4byte	0x605
 184 0004 0500     		.2byte	0x5
 185 0006 01       		.byte	0x1
 186 0007 04       		.byte	0x4
 187 0008 00000000 		.4byte	.Ldebug_abbrev0
 188 000c 0C       		.uleb128 0xc
 189 000d A1010000 		.4byte	.LASF87
 190 0011 1D       		.byte	0x1d
 191 0012 F5030000 		.4byte	.LASF88
 192 0016 58020000 		.4byte	.LASF89
 193 001a 0C000000 		.4byte	.LLRL3
 194 001e 00000000 		.4byte	0
 195 0022 00000000 		.4byte	.Ldebug_line0
 196 0026 0D       		.uleb128 0xd
 197 0027 04       		.byte	0x4
 198 0028 05       		.byte	0x5
 199 0029 696E7400 		.ascii	"int\000"
 200 002d 02       		.uleb128 0x2
 201 002e 13000000 		.4byte	.LASF2
 202 0032 02       		.byte	0x2
 203 0033 D1       		.byte	0xd1
 204 0034 17       		.byte	0x17
 205 0035 39000000 		.4byte	0x39
 206 0039 04       		.uleb128 0x4
 207 003a 04       		.byte	0x4
 208 003b 07       		.byte	0x7
 209 003c 08010000 		.4byte	.LASF0
 210 0040 04       		.uleb128 0x4
 211 0041 01       		.byte	0x1
 212 0042 06       		.byte	0x6
 213 0043 8C000000 		.4byte	.LASF1
 214 0047 02       		.uleb128 0x2
 215 0048 21000000 		.4byte	.LASF3
 216 004c 03       		.byte	0x3
 217 004d 2B       		.byte	0x2b
 218 004e 18       		.byte	0x18
 219 004f 53000000 		.4byte	0x53
 220 0053 04       		.uleb128 0x4
 221 0054 01       		.byte	0x1
 222 0055 08       		.byte	0x8
 223 0056 E1020000 		.4byte	.LASF4
 224 005a 04       		.uleb128 0x4
 225 005b 02       		.byte	0x2
 226 005c 05       		.byte	0x5
 227 005d F9020000 		.4byte	.LASF5
 228 0061 02       		.uleb128 0x2
ARM GAS  /tmp/cco4mzgd.s 			page 5


 229 0062 AB030000 		.4byte	.LASF6
 230 0066 03       		.byte	0x3
 231 0067 39       		.byte	0x39
 232 0068 19       		.byte	0x19
 233 0069 6D000000 		.4byte	0x6d
 234 006d 04       		.uleb128 0x4
 235 006e 02       		.byte	0x2
 236 006f 07       		.byte	0x7
 237 0070 46010000 		.4byte	.LASF7
 238 0074 02       		.uleb128 0x2
 239 0075 D2030000 		.4byte	.LASF8
 240 0079 03       		.byte	0x3
 241 007a 4D       		.byte	0x4d
 242 007b 18       		.byte	0x18
 243 007c 80000000 		.4byte	0x80
 244 0080 04       		.uleb128 0x4
 245 0081 04       		.byte	0x4
 246 0082 05       		.byte	0x5
 247 0083 C7000000 		.4byte	.LASF9
 248 0087 02       		.uleb128 0x2
 249 0088 F4000000 		.4byte	.LASF10
 250 008c 03       		.byte	0x3
 251 008d 4F       		.byte	0x4f
 252 008e 19       		.byte	0x19
 253 008f 93000000 		.4byte	0x93
 254 0093 04       		.uleb128 0x4
 255 0094 04       		.byte	0x4
 256 0095 07       		.byte	0x7
 257 0096 15010000 		.4byte	.LASF11
 258 009a 04       		.uleb128 0x4
 259 009b 08       		.byte	0x8
 260 009c 05       		.byte	0x5
 261 009d 7E000000 		.4byte	.LASF12
 262 00a1 04       		.uleb128 0x4
 263 00a2 08       		.byte	0x8
 264 00a3 07       		.byte	0x7
 265 00a4 2B000000 		.4byte	.LASF13
 266 00a8 02       		.uleb128 0x2
 267 00a9 38040000 		.4byte	.LASF14
 268 00ad 04       		.byte	0x4
 269 00ae 18       		.byte	0x18
 270 00af 13       		.byte	0x13
 271 00b0 47000000 		.4byte	0x47
 272 00b4 02       		.uleb128 0x2
 273 00b5 D9000000 		.4byte	.LASF15
 274 00b9 04       		.byte	0x4
 275 00ba 24       		.byte	0x24
 276 00bb 14       		.byte	0x14
 277 00bc 61000000 		.4byte	0x61
 278 00c0 02       		.uleb128 0x2
 279 00c1 D9020000 		.4byte	.LASF16
 280 00c5 04       		.byte	0x4
 281 00c6 2C       		.byte	0x2c
 282 00c7 13       		.byte	0x13
 283 00c8 74000000 		.4byte	0x74
 284 00cc 02       		.uleb128 0x2
 285 00cd 79030000 		.4byte	.LASF17
ARM GAS  /tmp/cco4mzgd.s 			page 6


 286 00d1 04       		.byte	0x4
 287 00d2 30       		.byte	0x30
 288 00d3 14       		.byte	0x14
 289 00d4 87000000 		.4byte	0x87
 290 00d8 02       		.uleb128 0x2
 291 00d9 67010000 		.4byte	.LASF18
 292 00dd 05       		.byte	0x5
 293 00de 2A       		.byte	0x2a
 294 00df 19       		.byte	0x19
 295 00e0 A8000000 		.4byte	0xa8
 296 00e4 02       		.uleb128 0x2
 297 00e5 D0000000 		.4byte	.LASF19
 298 00e9 05       		.byte	0x5
 299 00ea 2B       		.byte	0x2b
 300 00eb 19       		.byte	0x19
 301 00ec A8000000 		.4byte	0xa8
 302 00f0 02       		.uleb128 0x2
 303 00f1 B7020000 		.4byte	.LASF20
 304 00f5 05       		.byte	0x5
 305 00f6 2C       		.byte	0x2c
 306 00f7 19       		.byte	0x19
 307 00f8 A8000000 		.4byte	0xa8
 308 00fc 02       		.uleb128 0x2
 309 00fd BD000000 		.4byte	.LASF21
 310 0101 05       		.byte	0x5
 311 0102 2D       		.byte	0x2d
 312 0103 19       		.byte	0x19
 313 0104 A8000000 		.4byte	0xa8
 314 0108 02       		.uleb128 0x2
 315 0109 D1020000 		.4byte	.LASF22
 316 010d 05       		.byte	0x5
 317 010e 2E       		.byte	0x2e
 318 010f 19       		.byte	0x19
 319 0110 CC000000 		.4byte	0xcc
 320 0114 02       		.uleb128 0x2
 321 0115 59010000 		.4byte	.LASF23
 322 0119 05       		.byte	0x5
 323 011a 2F       		.byte	0x2f
 324 011b 19       		.byte	0x19
 325 011c C0000000 		.4byte	0xc0
 326 0120 02       		.uleb128 0x2
 327 0121 7B010000 		.4byte	.LASF24
 328 0125 05       		.byte	0x5
 329 0126 31       		.byte	0x31
 330 0127 19       		.byte	0x19
 331 0128 CC000000 		.4byte	0xcc
 332 012c 02       		.uleb128 0x2
 333 012d BD030000 		.4byte	.LASF25
 334 0131 05       		.byte	0x5
 335 0132 33       		.byte	0x33
 336 0133 19       		.byte	0x19
 337 0134 CC000000 		.4byte	0xcc
 338 0138 0E       		.uleb128 0xe
 339 0139 2C010000 		.4byte	0x12c
 340 013d 02       		.uleb128 0x2
 341 013e 5A030000 		.4byte	.LASF26
 342 0142 06       		.byte	0x6
ARM GAS  /tmp/cco4mzgd.s 			page 7


 343 0143 23       		.byte	0x23
 344 0144 17       		.byte	0x17
 345 0145 49010000 		.4byte	0x149
 346 0149 06       		.uleb128 0x6
 347 014a 5A030000 		.4byte	.LASF26
 348 014e 44       		.byte	0x44
 349 014f 07       		.byte	0x7
 350 0150 57       		.byte	0x57
 351 0151 08       		.byte	0x8
 352 0152 4E020000 		.4byte	0x24e
 353 0156 01       		.uleb128 0x1
 354 0157 2F030000 		.4byte	.LASF27
 355 015b 07       		.byte	0x7
 356 015c 58       		.byte	0x58
 357 015d 1A       		.byte	0x1a
 358 015e 71020000 		.4byte	0x271
 359 0162 00       		.byte	0
 360 0163 01       		.uleb128 0x1
 361 0164 CA020000 		.4byte	.LASF28
 362 0168 07       		.byte	0x7
 363 0169 5A       		.byte	0x5a
 364 016a 1A       		.byte	0x1a
 365 016b 71020000 		.4byte	0x271
 366 016f 04       		.byte	0x4
 367 0170 01       		.uleb128 0x1
 368 0171 6A000000 		.4byte	.LASF29
 369 0175 07       		.byte	0x7
 370 0176 5C       		.byte	0x5c
 371 0177 19       		.byte	0x19
 372 0178 08010000 		.4byte	0x108
 373 017c 08       		.byte	0x8
 374 017d 01       		.uleb128 0x1
 375 017e 61040000 		.4byte	.LASF30
 376 0182 07       		.byte	0x7
 377 0183 5D       		.byte	0x5d
 378 0184 19       		.byte	0x19
 379 0185 2E030000 		.4byte	0x32e
 380 0189 0C       		.byte	0xc
 381 018a 01       		.uleb128 0x1
 382 018b EC000000 		.4byte	.LASF31
 383 018f 07       		.byte	0x7
 384 0190 5F       		.byte	0x5f
 385 0191 1A       		.byte	0x1a
 386 0192 71020000 		.4byte	0x271
 387 0196 10       		.byte	0x10
 388 0197 01       		.uleb128 0x1
 389 0198 82020000 		.4byte	.LASF32
 390 019c 07       		.byte	0x7
 391 019d 60       		.byte	0x60
 392 019e 1A       		.byte	0x1a
 393 019f 71020000 		.4byte	0x271
 394 01a3 14       		.byte	0x14
 395 01a4 01       		.uleb128 0x1
 396 01a5 47040000 		.4byte	.LASF33
 397 01a9 07       		.byte	0x7
 398 01aa 67       		.byte	0x67
 399 01ab 1A       		.byte	0x1a
ARM GAS  /tmp/cco4mzgd.s 			page 8


 400 01ac 39040000 		.4byte	0x439
 401 01b0 18       		.byte	0x18
 402 01b1 01       		.uleb128 0x1
 403 01b2 03030000 		.4byte	.LASF34
 404 01b6 07       		.byte	0x7
 405 01b7 72       		.byte	0x72
 406 01b8 19       		.byte	0x19
 407 01b9 E4000000 		.4byte	0xe4
 408 01bd 1C       		.byte	0x1c
 409 01be 01       		.uleb128 0x1
 410 01bf 45030000 		.4byte	.LASF35
 411 01c3 07       		.byte	0x7
 412 01c4 76       		.byte	0x76
 413 01c5 19       		.byte	0x19
 414 01c6 D8000000 		.4byte	0xd8
 415 01ca 1D       		.byte	0x1d
 416 01cb 01       		.uleb128 0x1
 417 01cc 21040000 		.4byte	.LASF36
 418 01d0 07       		.byte	0x7
 419 01d1 7B       		.byte	0x7b
 420 01d2 19       		.byte	0x19
 421 01d3 F0000000 		.4byte	0xf0
 422 01d7 1E       		.byte	0x1e
 423 01d8 01       		.uleb128 0x1
 424 01d9 0B030000 		.4byte	.LASF37
 425 01dd 07       		.byte	0x7
 426 01de 81       		.byte	0x81
 427 01df 19       		.byte	0x19
 428 01e0 FC000000 		.4byte	0xfc
 429 01e4 1F       		.byte	0x1f
 430 01e5 01       		.uleb128 0x1
 431 01e6 DC030000 		.4byte	.LASF38
 432 01ea 07       		.byte	0x7
 433 01eb 88       		.byte	0x88
 434 01ec 19       		.byte	0x19
 435 01ed 38010000 		.4byte	0x138
 436 01f1 20       		.byte	0x20
 437 01f2 03       		.uleb128 0x3
 438 01f3 705F7500 		.ascii	"p_u\000"
 439 01f7 07       		.byte	0x7
 440 01f8 AD       		.byte	0xad
 441 01f9 19       		.byte	0x19
 442 01fa 03040000 		.4byte	0x403
 443 01fe 24       		.byte	0x24
 444 01ff 01       		.uleb128 0x1
 445 0200 67040000 		.4byte	.LASF39
 446 0204 07       		.byte	0x7
 447 0205 B2       		.byte	0xb2
 448 0206 19       		.byte	0x19
 449 0207 98020000 		.4byte	0x298
 450 020b 28       		.byte	0x28
 451 020c 01       		.uleb128 0x1
 452 020d EA030000 		.4byte	.LASF40
 453 0211 07       		.byte	0x7
 454 0212 B8       		.byte	0xb8
 455 0213 19       		.byte	0x19
 456 0214 76020000 		.4byte	0x276
ARM GAS  /tmp/cco4mzgd.s 			page 9


 457 0218 2C       		.byte	0x2c
 458 0219 01       		.uleb128 0x1
 459 021a 0D000000 		.4byte	.LASF41
 460 021e 07       		.byte	0x7
 461 021f BC       		.byte	0xbc
 462 0220 19       		.byte	0x19
 463 0221 14010000 		.4byte	0x114
 464 0225 34       		.byte	0x34
 465 0226 01       		.uleb128 0x1
 466 0227 6E030000 		.4byte	.LASF42
 467 022b 07       		.byte	0x7
 468 022c C2       		.byte	0xc2
 469 022d 19       		.byte	0x19
 470 022e 20010000 		.4byte	0x120
 471 0232 38       		.byte	0x38
 472 0233 01       		.uleb128 0x1
 473 0234 EF020000 		.4byte	.LASF43
 474 0238 07       		.byte	0x7
 475 0239 C9       		.byte	0xc9
 476 023a 1A       		.byte	0x1a
 477 023b 4A040000 		.4byte	0x44a
 478 023f 3C       		.byte	0x3c
 479 0240 01       		.uleb128 0x1
 480 0241 C7030000 		.4byte	.LASF44
 481 0245 07       		.byte	0x7
 482 0246 CD       		.byte	0xcd
 483 0247 19       		.byte	0x19
 484 0248 08010000 		.4byte	0x108
 485 024c 40       		.byte	0x40
 486 024d 00       		.byte	0
 487 024e 07       		.uleb128 0x7
 488 024f 08       		.byte	0x8
 489 0250 06       		.byte	0x6
 490 0251 5A       		.byte	0x5a
 491 0252 71020000 		.4byte	0x271
 492 0256 01       		.uleb128 0x1
 493 0257 2F030000 		.4byte	.LASF27
 494 025b 06       		.byte	0x6
 495 025c 5B       		.byte	0x5b
 496 025d 1A       		.byte	0x1a
 497 025e 71020000 		.4byte	0x271
 498 0262 00       		.byte	0
 499 0263 01       		.uleb128 0x1
 500 0264 CA020000 		.4byte	.LASF28
 501 0268 06       		.byte	0x6
 502 0269 5D       		.byte	0x5d
 503 026a 1A       		.byte	0x1a
 504 026b 71020000 		.4byte	0x271
 505 026f 04       		.byte	0x4
 506 0270 00       		.byte	0
 507 0271 05       		.uleb128 0x5
 508 0272 3D010000 		.4byte	0x13d
 509 0276 02       		.uleb128 0x2
 510 0277 90020000 		.4byte	.LASF45
 511 027b 06       		.byte	0x6
 512 027c 5F       		.byte	0x5f
 513 027d 03       		.byte	0x3
ARM GAS  /tmp/cco4mzgd.s 			page 10


 514 027e 4E020000 		.4byte	0x24e
 515 0282 07       		.uleb128 0x7
 516 0283 04       		.byte	0x4
 517 0284 06       		.byte	0x6
 518 0285 64       		.byte	0x64
 519 0286 98020000 		.4byte	0x298
 520 028a 01       		.uleb128 0x1
 521 028b 2F030000 		.4byte	.LASF27
 522 028f 06       		.byte	0x6
 523 0290 66       		.byte	0x66
 524 0291 16       		.byte	0x16
 525 0292 71020000 		.4byte	0x271
 526 0296 00       		.byte	0
 527 0297 00       		.byte	0
 528 0298 02       		.uleb128 0x2
 529 0299 6F010000 		.4byte	.LASF46
 530 029d 06       		.byte	0x6
 531 029e 69       		.byte	0x69
 532 029f 03       		.byte	0x3
 533 02a0 82020000 		.4byte	0x282
 534 02a4 02       		.uleb128 0x2
 535 02a5 FF000000 		.4byte	.LASF47
 536 02a9 08       		.byte	0x8
 537 02aa A2       		.byte	0xa2
 538 02ab 0F       		.byte	0xf
 539 02ac B0020000 		.4byte	0x2b0
 540 02b0 0F       		.uleb128 0xf
 541 02b1 04       		.byte	0x4
 542 02b2 06       		.uleb128 0x6
 543 02b3 E3030000 		.4byte	.LASF48
 544 02b7 24       		.byte	0x24
 545 02b8 08       		.byte	0x8
 546 02b9 B9       		.byte	0xb9
 547 02ba 08       		.byte	0x8
 548 02bb 2E030000 		.4byte	0x32e
 549 02bf 03       		.uleb128 0x3
 550 02c0 723400   		.ascii	"r4\000"
 551 02c3 08       		.byte	0x8
 552 02c4 BA       		.byte	0xba
 553 02c5 11       		.byte	0x11
 554 02c6 A4020000 		.4byte	0x2a4
 555 02ca 00       		.byte	0
 556 02cb 03       		.uleb128 0x3
 557 02cc 723500   		.ascii	"r5\000"
 558 02cf 08       		.byte	0x8
 559 02d0 BB       		.byte	0xbb
 560 02d1 11       		.byte	0x11
 561 02d2 A4020000 		.4byte	0x2a4
 562 02d6 04       		.byte	0x4
 563 02d7 03       		.uleb128 0x3
 564 02d8 723600   		.ascii	"r6\000"
 565 02db 08       		.byte	0x8
 566 02dc BC       		.byte	0xbc
 567 02dd 11       		.byte	0x11
 568 02de A4020000 		.4byte	0x2a4
 569 02e2 08       		.byte	0x8
 570 02e3 03       		.uleb128 0x3
ARM GAS  /tmp/cco4mzgd.s 			page 11


 571 02e4 723700   		.ascii	"r7\000"
 572 02e7 08       		.byte	0x8
 573 02e8 BD       		.byte	0xbd
 574 02e9 11       		.byte	0x11
 575 02ea A4020000 		.4byte	0x2a4
 576 02ee 0C       		.byte	0xc
 577 02ef 03       		.uleb128 0x3
 578 02f0 723800   		.ascii	"r8\000"
 579 02f3 08       		.byte	0x8
 580 02f4 BE       		.byte	0xbe
 581 02f5 11       		.byte	0x11
 582 02f6 A4020000 		.4byte	0x2a4
 583 02fa 10       		.byte	0x10
 584 02fb 03       		.uleb128 0x3
 585 02fc 723900   		.ascii	"r9\000"
 586 02ff 08       		.byte	0x8
 587 0300 BF       		.byte	0xbf
 588 0301 11       		.byte	0x11
 589 0302 A4020000 		.4byte	0x2a4
 590 0306 14       		.byte	0x14
 591 0307 03       		.uleb128 0x3
 592 0308 72313000 		.ascii	"r10\000"
 593 030c 08       		.byte	0x8
 594 030d C0       		.byte	0xc0
 595 030e 11       		.byte	0x11
 596 030f A4020000 		.4byte	0x2a4
 597 0313 18       		.byte	0x18
 598 0314 03       		.uleb128 0x3
 599 0315 72313100 		.ascii	"r11\000"
 600 0319 08       		.byte	0x8
 601 031a C1       		.byte	0xc1
 602 031b 11       		.byte	0x11
 603 031c A4020000 		.4byte	0x2a4
 604 0320 1C       		.byte	0x1c
 605 0321 03       		.uleb128 0x3
 606 0322 6C7200   		.ascii	"lr\000"
 607 0325 08       		.byte	0x8
 608 0326 C2       		.byte	0xc2
 609 0327 11       		.byte	0x11
 610 0328 A4020000 		.4byte	0x2a4
 611 032c 20       		.byte	0x20
 612 032d 00       		.byte	0
 613 032e 06       		.uleb128 0x6
 614 032f 3E010000 		.4byte	.LASF49
 615 0333 04       		.byte	0x4
 616 0334 08       		.byte	0x8
 617 0335 CA       		.byte	0xca
 618 0336 08       		.byte	0x8
 619 0337 49030000 		.4byte	0x349
 620 033b 03       		.uleb128 0x3
 621 033c 72313300 		.ascii	"r13\000"
 622 0340 08       		.byte	0x8
 623 0341 CB       		.byte	0xcb
 624 0342 12       		.byte	0x12
 625 0343 49030000 		.4byte	0x349
 626 0347 00       		.byte	0
 627 0348 00       		.byte	0
ARM GAS  /tmp/cco4mzgd.s 			page 12


 628 0349 05       		.uleb128 0x5
 629 034a B2020000 		.4byte	0x2b2
 630 034e 07       		.uleb128 0x7
 631 034f 1C       		.byte	0x1c
 632 0350 09       		.byte	0x9
 633 0351 57       		.byte	0x57
 634 0352 A5030000 		.4byte	0x3a5
 635 0356 01       		.uleb128 0x1
 636 0357 8E030000 		.4byte	.LASF50
 637 035b 09       		.byte	0x9
 638 035c 58       		.byte	0x58
 639 035d 19       		.byte	0x19
 640 035e 76020000 		.4byte	0x276
 641 0362 00       		.byte	0
 642 0363 01       		.uleb128 0x1
 643 0364 21030000 		.4byte	.LASF51
 644 0368 09       		.byte	0x9
 645 0369 59       		.byte	0x59
 646 036a 19       		.byte	0x19
 647 036b 08010000 		.4byte	0x108
 648 036f 08       		.byte	0x8
 649 0370 01       		.uleb128 0x1
 650 0371 8A020000 		.4byte	.LASF52
 651 0375 09       		.byte	0x9
 652 0376 5B       		.byte	0x5b
 653 0377 19       		.byte	0x19
 654 0378 2E030000 		.4byte	0x32e
 655 037c 0C       		.byte	0xc
 656 037d 01       		.uleb128 0x1
 657 037e 5F010000 		.4byte	.LASF53
 658 0382 09       		.byte	0x9
 659 0383 5E       		.byte	0x5e
 660 0384 1A       		.byte	0x1a
 661 0385 71020000 		.4byte	0x271
 662 0389 10       		.byte	0x10
 663 038a 01       		.uleb128 0x1
 664 038b AF020000 		.4byte	.LASF54
 665 038f 09       		.byte	0x9
 666 0390 5F       		.byte	0x5f
 667 0391 1A       		.byte	0x1a
 668 0392 71020000 		.4byte	0x271
 669 0396 14       		.byte	0x14
 670 0397 01       		.uleb128 0x1
 671 0398 A5020000 		.4byte	.LASF55
 672 039c 09       		.byte	0x9
 673 039d 62       		.byte	0x62
 674 039e 1A       		.byte	0x1a
 675 039f 71020000 		.4byte	0x271
 676 03a3 18       		.byte	0x18
 677 03a4 00       		.byte	0
 678 03a5 02       		.uleb128 0x2
 679 03a6 28040000 		.4byte	.LASF56
 680 03aa 09       		.byte	0x9
 681 03ab 64       		.byte	0x64
 682 03ac 03       		.byte	0x3
 683 03ad 4E030000 		.4byte	0x34e
 684 03b1 09       		.uleb128 0x9
ARM GAS  /tmp/cco4mzgd.s 			page 13


 685 03b2 32040000 		.4byte	.LASF85
 686 03b6 09       		.byte	0x9
 687 03b7 68       		.byte	0x68
 688 03b8 12       		.byte	0x12
 689 03b9 A5030000 		.4byte	0x3a5
 690 03bd 06       		.uleb128 0x6
 691 03be 87010000 		.4byte	.LASF57
 692 03c2 10       		.byte	0x10
 693 03c3 0A       		.byte	0xa
 694 03c4 25       		.byte	0x25
 695 03c5 10       		.byte	0x10
 696 03c6 F2030000 		.4byte	0x3f2
 697 03ca 01       		.uleb128 0x1
 698 03cb B5000000 		.4byte	.LASF58
 699 03cf 0A       		.byte	0xa
 700 03d0 26       		.byte	0x26
 701 03d1 19       		.byte	0x19
 702 03d2 76020000 		.4byte	0x276
 703 03d6 00       		.byte	0
 704 03d7 01       		.uleb128 0x1
 705 03d8 59040000 		.4byte	.LASF59
 706 03dc 0A       		.byte	0xa
 707 03dd 28       		.byte	0x28
 708 03de 1A       		.byte	0x1a
 709 03df 71020000 		.4byte	0x271
 710 03e3 08       		.byte	0x8
 711 03e4 01       		.uleb128 0x1
 712 03e5 B6030000 		.4byte	.LASF60
 713 03e9 0A       		.byte	0xa
 714 03ea 2A       		.byte	0x2a
 715 03eb 1A       		.byte	0x1a
 716 03ec F2030000 		.4byte	0x3f2
 717 03f0 0C       		.byte	0xc
 718 03f1 00       		.byte	0
 719 03f2 05       		.uleb128 0x5
 720 03f3 BD030000 		.4byte	0x3bd
 721 03f7 02       		.uleb128 0x2
 722 03f8 87010000 		.4byte	.LASF57
 723 03fc 0A       		.byte	0xa
 724 03fd 2C       		.byte	0x2c
 725 03fe 03       		.byte	0x3
 726 03ff BD030000 		.4byte	0x3bd
 727 0403 10       		.uleb128 0x10
 728 0404 04       		.byte	0x4
 729 0405 07       		.byte	0x7
 730 0406 8F       		.byte	0x8f
 731 0407 03       		.byte	0x3
 732 0408 39040000 		.4byte	0x439
 733 040c 08       		.uleb128 0x8
 734 040d 1A000000 		.4byte	.LASF61
 735 0411 96       		.byte	0x96
 736 0412 19       		.byte	0x19
 737 0413 14010000 		.4byte	0x114
 738 0417 08       		.uleb128 0x8
 739 0418 50000000 		.4byte	.LASF62
 740 041c 9D       		.byte	0x9d
 741 041d 19       		.byte	0x19
ARM GAS  /tmp/cco4mzgd.s 			page 14


 742 041e 14010000 		.4byte	0x114
 743 0422 08       		.uleb128 0x8
 744 0423 40040000 		.4byte	.LASF63
 745 0427 A4       		.byte	0xa4
 746 0428 1A       		.byte	0x1a
 747 0429 B0020000 		.4byte	0x2b0
 748 042d 08       		.uleb128 0x8
 749 042e 28030000 		.4byte	.LASF64
 750 0432 AB       		.byte	0xab
 751 0433 19       		.byte	0x19
 752 0434 20010000 		.4byte	0x120
 753 0438 00       		.byte	0
 754 0439 05       		.uleb128 0x5
 755 043a 45040000 		.4byte	0x445
 756 043e 04       		.uleb128 0x4
 757 043f 01       		.byte	0x1
 758 0440 08       		.byte	0x8
 759 0441 96030000 		.4byte	.LASF65
 760 0445 0A       		.uleb128 0xa
 761 0446 3E040000 		.4byte	0x43e
 762 044a 05       		.uleb128 0x5
 763 044b F7030000 		.4byte	0x3f7
 764 044f 07       		.uleb128 0x7
 765 0450 16       		.byte	0x16
 766 0451 0B       		.byte	0xb
 767 0452 25       		.byte	0x25
 768 0453 42050000 		.4byte	0x542
 769 0457 01       		.uleb128 0x1
 770 0458 30010000 		.4byte	.LASF66
 771 045c 0B       		.byte	0xb
 772 045d 26       		.byte	0x26
 773 045e 0D       		.byte	0xd
 774 045f 42050000 		.4byte	0x542
 775 0463 00       		.byte	0
 776 0464 01       		.uleb128 0x1
 777 0465 8D010000 		.4byte	.LASF67
 778 0469 0B       		.byte	0xb
 779 046a 27       		.byte	0x27
 780 046b 0D       		.byte	0xd
 781 046c A8000000 		.4byte	0xa8
 782 0470 04       		.byte	0x4
 783 0471 01       		.uleb128 0x1
 784 0472 9D020000 		.4byte	.LASF68
 785 0476 0B       		.byte	0xb
 786 0477 28       		.byte	0x28
 787 0478 0D       		.byte	0xd
 788 0479 A8000000 		.4byte	0xa8
 789 047d 05       		.byte	0x5
 790 047e 01       		.uleb128 0x1
 791 047f 4E040000 		.4byte	.LASF69
 792 0483 0B       		.byte	0xb
 793 0484 29       		.byte	0x29
 794 0485 0D       		.byte	0xd
 795 0486 B4000000 		.4byte	0xb4
 796 048a 06       		.byte	0x6
 797 048b 01       		.uleb128 0x1
 798 048c BF020000 		.4byte	.LASF70
ARM GAS  /tmp/cco4mzgd.s 			page 15


 799 0490 0B       		.byte	0xb
 800 0491 2A       		.byte	0x2a
 801 0492 0D       		.byte	0xd
 802 0493 A8000000 		.4byte	0xa8
 803 0497 08       		.byte	0x8
 804 0498 01       		.uleb128 0x1
 805 0499 40020000 		.4byte	.LASF71
 806 049d 0B       		.byte	0xb
 807 049e 2B       		.byte	0x2b
 808 049f 0D       		.byte	0xd
 809 04a0 A8000000 		.4byte	0xa8
 810 04a4 09       		.byte	0x9
 811 04a5 01       		.uleb128 0x1
 812 04a6 42000000 		.4byte	.LASF72
 813 04aa 0B       		.byte	0xb
 814 04ab 2C       		.byte	0x2c
 815 04ac 0D       		.byte	0xd
 816 04ad A8000000 		.4byte	0xa8
 817 04b1 0A       		.byte	0xa
 818 04b2 01       		.uleb128 0x1
 819 04b3 82030000 		.4byte	.LASF73
 820 04b7 0B       		.byte	0xb
 821 04b8 2D       		.byte	0x2d
 822 04b9 0D       		.byte	0xd
 823 04ba A8000000 		.4byte	0xa8
 824 04be 0B       		.byte	0xb
 825 04bf 01       		.uleb128 0x1
 826 04c0 16040000 		.4byte	.LASF74
 827 04c4 0B       		.byte	0xb
 828 04c5 2E       		.byte	0x2e
 829 04c6 0D       		.byte	0xd
 830 04c7 A8000000 		.4byte	0xa8
 831 04cb 0C       		.byte	0xc
 832 04cc 01       		.uleb128 0x1
 833 04cd 61030000 		.4byte	.LASF75
 834 04d1 0B       		.byte	0xb
 835 04d2 2F       		.byte	0x2f
 836 04d3 0D       		.byte	0xd
 837 04d4 A8000000 		.4byte	0xa8
 838 04d8 0D       		.byte	0xd
 839 04d9 01       		.uleb128 0x1
 840 04da 00000000 		.4byte	.LASF76
 841 04de 0B       		.byte	0xb
 842 04df 30       		.byte	0x30
 843 04e0 0D       		.byte	0xd
 844 04e1 A8000000 		.4byte	0xa8
 845 04e5 0E       		.byte	0xe
 846 04e6 01       		.uleb128 0x1
 847 04e7 4C020000 		.4byte	.LASF77
 848 04eb 0B       		.byte	0xb
 849 04ec 31       		.byte	0x31
 850 04ed 0D       		.byte	0xd
 851 04ee A8000000 		.4byte	0xa8
 852 04f2 0F       		.byte	0xf
 853 04f3 01       		.uleb128 0x1
 854 04f4 98000000 		.4byte	.LASF78
 855 04f8 0B       		.byte	0xb
ARM GAS  /tmp/cco4mzgd.s 			page 16


 856 04f9 32       		.byte	0x32
 857 04fa 0D       		.byte	0xd
 858 04fb A8000000 		.4byte	0xa8
 859 04ff 10       		.byte	0x10
 860 0500 01       		.uleb128 0x1
 861 0501 71000000 		.4byte	.LASF79
 862 0505 0B       		.byte	0xb
 863 0506 34       		.byte	0x34
 864 0507 0D       		.byte	0xd
 865 0508 A8000000 		.4byte	0xa8
 866 050c 11       		.byte	0x11
 867 050d 01       		.uleb128 0x1
 868 050e A8000000 		.4byte	.LASF80
 869 0512 0B       		.byte	0xb
 870 0513 35       		.byte	0x35
 871 0514 0D       		.byte	0xd
 872 0515 A8000000 		.4byte	0xa8
 873 0519 12       		.byte	0x12
 874 051a 01       		.uleb128 0x1
 875 051b 95010000 		.4byte	.LASF81
 876 051f 0B       		.byte	0xb
 877 0520 36       		.byte	0x36
 878 0521 0D       		.byte	0xd
 879 0522 A8000000 		.4byte	0xa8
 880 0526 13       		.byte	0x13
 881 0527 01       		.uleb128 0x1
 882 0528 36030000 		.4byte	.LASF82
 883 052c 0B       		.byte	0xb
 884 052d 37       		.byte	0x37
 885 052e 0D       		.byte	0xd
 886 052f A8000000 		.4byte	0xa8
 887 0533 14       		.byte	0x14
 888 0534 01       		.uleb128 0x1
 889 0535 15030000 		.4byte	.LASF83
 890 0539 0B       		.byte	0xb
 891 053a 39       		.byte	0x39
 892 053b 0D       		.byte	0xd
 893 053c A8000000 		.4byte	0xa8
 894 0540 15       		.byte	0x15
 895 0541 00       		.byte	0
 896 0542 11       		.uleb128 0x11
 897 0543 3E040000 		.4byte	0x43e
 898 0547 52050000 		.4byte	0x552
 899 054b 12       		.uleb128 0x12
 900 054c 39000000 		.4byte	0x39
 901 0550 03       		.byte	0x3
 902 0551 00       		.byte	0
 903 0552 02       		.uleb128 0x2
 904 0553 E2000000 		.4byte	.LASF84
 905 0557 0B       		.byte	0xb
 906 0558 3A       		.byte	0x3a
 907 0559 03       		.byte	0x3
 908 055a 4F040000 		.4byte	0x44f
 909 055e 0A       		.uleb128 0xa
 910 055f 52050000 		.4byte	0x552
 911 0563 09       		.uleb128 0x9
 912 0564 27010000 		.4byte	.LASF86
ARM GAS  /tmp/cco4mzgd.s 			page 17


 913 0568 0B       		.byte	0xb
 914 0569 77       		.byte	0x77
 915 056a 1D       		.byte	0x1d
 916 056b 5E050000 		.4byte	0x55e
 917 056f 13       		.uleb128 0x13
 918 0570 63050000 		.4byte	0x563
 919 0574 01       		.byte	0x1
 920 0575 3B       		.byte	0x3b
 921 0576 14       		.byte	0x14
 922 0577 05       		.uleb128 0x5
 923 0578 03       		.byte	0x3
 924 0579 00000000 		.4byte	ch_debug
 925 057d 14       		.uleb128 0x14
 926 057e 4D030000 		.4byte	.LASF90
 927 0582 0C       		.byte	0xc
 928 0583 33       		.byte	0x33
 929 0584 08       		.byte	0x8
 930 0585 8F050000 		.4byte	0x58f
 931 0589 15       		.uleb128 0x15
 932 058a 71020000 		.4byte	0x271
 933 058e 00       		.byte	0
 934 058f 16       		.uleb128 0x16
 935 0590 9B030000 		.4byte	.LASF91
 936 0594 01       		.byte	0x1
 937 0595 85       		.byte	0x85
 938 0596 09       		.byte	0x9
 939 0597 71020000 		.4byte	0x271
 940 059b 00000000 		.4byte	.LFB8
 941 059f 38000000 		.4byte	.LFE8-.LFB8
 942 05a3 01       		.uleb128 0x1
 943 05a4 9C       		.byte	0x9c
 944 05a5 E0050000 		.4byte	0x5e0
 945 05a9 17       		.uleb128 0x17
 946 05aa 747000   		.ascii	"tp\000"
 947 05ad 01       		.byte	0x1
 948 05ae 85       		.byte	0x85
 949 05af 21       		.byte	0x21
 950 05b0 71020000 		.4byte	0x271
 951 05b4 10000000 		.4byte	.LLST1
 952 05b8 0C000000 		.4byte	.LVUS1
 953 05bc 0B       		.uleb128 0xb
 954 05bd 6E747000 		.ascii	"ntp\000"
 955 05c1 86       		.byte	0x86
 956 05c2 71020000 		.4byte	0x271
 957 05c6 25000000 		.4byte	.LLST2
 958 05ca 23000000 		.4byte	.LVUS2
 959 05ce 18       		.uleb128 0x18
 960 05cf 2C000000 		.4byte	.LVL4
 961 05d3 7D050000 		.4byte	0x57d
 962 05d7 19       		.uleb128 0x19
 963 05d8 01       		.uleb128 0x1
 964 05d9 50       		.byte	0x50
 965 05da 03       		.uleb128 0x3
 966 05db A3       		.byte	0xa3
 967 05dc 01       		.uleb128 0x1
 968 05dd 50       		.byte	0x50
 969 05de 00       		.byte	0
ARM GAS  /tmp/cco4mzgd.s 			page 18


 970 05df 00       		.byte	0
 971 05e0 1A       		.uleb128 0x1a
 972 05e1 59000000 		.4byte	.LASF92
 973 05e5 01       		.byte	0x1
 974 05e6 6E       		.byte	0x6e
 975 05e7 09       		.byte	0x9
 976 05e8 71020000 		.4byte	0x271
 977 05ec 00000000 		.4byte	.LFB7
 978 05f0 24000000 		.4byte	.LFE7-.LFB7
 979 05f4 01       		.uleb128 0x1
 980 05f5 9C       		.byte	0x9c
 981 05f6 0B       		.uleb128 0xb
 982 05f7 747000   		.ascii	"tp\000"
 983 05fa 6F       		.byte	0x6f
 984 05fb 71020000 		.4byte	0x271
 985 05ff 30000000 		.4byte	.LLST0
 986 0603 2E000000 		.4byte	.LVUS0
 987 0607 00       		.byte	0
 988 0608 00       		.byte	0
 989              		.section	.debug_abbrev,"",%progbits
 990              	.Ldebug_abbrev0:
 991 0000 01       		.uleb128 0x1
 992 0001 0D       		.uleb128 0xd
 993 0002 00       		.byte	0
 994 0003 03       		.uleb128 0x3
 995 0004 0E       		.uleb128 0xe
 996 0005 3A       		.uleb128 0x3a
 997 0006 0B       		.uleb128 0xb
 998 0007 3B       		.uleb128 0x3b
 999 0008 0B       		.uleb128 0xb
 1000 0009 39       		.uleb128 0x39
 1001 000a 0B       		.uleb128 0xb
 1002 000b 49       		.uleb128 0x49
 1003 000c 13       		.uleb128 0x13
 1004 000d 38       		.uleb128 0x38
 1005 000e 0B       		.uleb128 0xb
 1006 000f 00       		.byte	0
 1007 0010 00       		.byte	0
 1008 0011 02       		.uleb128 0x2
 1009 0012 16       		.uleb128 0x16
 1010 0013 00       		.byte	0
 1011 0014 03       		.uleb128 0x3
 1012 0015 0E       		.uleb128 0xe
 1013 0016 3A       		.uleb128 0x3a
 1014 0017 0B       		.uleb128 0xb
 1015 0018 3B       		.uleb128 0x3b
 1016 0019 0B       		.uleb128 0xb
 1017 001a 39       		.uleb128 0x39
 1018 001b 0B       		.uleb128 0xb
 1019 001c 49       		.uleb128 0x49
 1020 001d 13       		.uleb128 0x13
 1021 001e 00       		.byte	0
 1022 001f 00       		.byte	0
 1023 0020 03       		.uleb128 0x3
 1024 0021 0D       		.uleb128 0xd
 1025 0022 00       		.byte	0
 1026 0023 03       		.uleb128 0x3
ARM GAS  /tmp/cco4mzgd.s 			page 19


 1027 0024 08       		.uleb128 0x8
 1028 0025 3A       		.uleb128 0x3a
 1029 0026 0B       		.uleb128 0xb
 1030 0027 3B       		.uleb128 0x3b
 1031 0028 0B       		.uleb128 0xb
 1032 0029 39       		.uleb128 0x39
 1033 002a 0B       		.uleb128 0xb
 1034 002b 49       		.uleb128 0x49
 1035 002c 13       		.uleb128 0x13
 1036 002d 38       		.uleb128 0x38
 1037 002e 0B       		.uleb128 0xb
 1038 002f 00       		.byte	0
 1039 0030 00       		.byte	0
 1040 0031 04       		.uleb128 0x4
 1041 0032 24       		.uleb128 0x24
 1042 0033 00       		.byte	0
 1043 0034 0B       		.uleb128 0xb
 1044 0035 0B       		.uleb128 0xb
 1045 0036 3E       		.uleb128 0x3e
 1046 0037 0B       		.uleb128 0xb
 1047 0038 03       		.uleb128 0x3
 1048 0039 0E       		.uleb128 0xe
 1049 003a 00       		.byte	0
 1050 003b 00       		.byte	0
 1051 003c 05       		.uleb128 0x5
 1052 003d 0F       		.uleb128 0xf
 1053 003e 00       		.byte	0
 1054 003f 0B       		.uleb128 0xb
 1055 0040 21       		.uleb128 0x21
 1056 0041 04       		.sleb128 4
 1057 0042 49       		.uleb128 0x49
 1058 0043 13       		.uleb128 0x13
 1059 0044 00       		.byte	0
 1060 0045 00       		.byte	0
 1061 0046 06       		.uleb128 0x6
 1062 0047 13       		.uleb128 0x13
 1063 0048 01       		.byte	0x1
 1064 0049 03       		.uleb128 0x3
 1065 004a 0E       		.uleb128 0xe
 1066 004b 0B       		.uleb128 0xb
 1067 004c 0B       		.uleb128 0xb
 1068 004d 3A       		.uleb128 0x3a
 1069 004e 0B       		.uleb128 0xb
 1070 004f 3B       		.uleb128 0x3b
 1071 0050 0B       		.uleb128 0xb
 1072 0051 39       		.uleb128 0x39
 1073 0052 0B       		.uleb128 0xb
 1074 0053 01       		.uleb128 0x1
 1075 0054 13       		.uleb128 0x13
 1076 0055 00       		.byte	0
 1077 0056 00       		.byte	0
 1078 0057 07       		.uleb128 0x7
 1079 0058 13       		.uleb128 0x13
 1080 0059 01       		.byte	0x1
 1081 005a 0B       		.uleb128 0xb
 1082 005b 0B       		.uleb128 0xb
 1083 005c 3A       		.uleb128 0x3a
ARM GAS  /tmp/cco4mzgd.s 			page 20


 1084 005d 0B       		.uleb128 0xb
 1085 005e 3B       		.uleb128 0x3b
 1086 005f 0B       		.uleb128 0xb
 1087 0060 39       		.uleb128 0x39
 1088 0061 21       		.uleb128 0x21
 1089 0062 09       		.sleb128 9
 1090 0063 01       		.uleb128 0x1
 1091 0064 13       		.uleb128 0x13
 1092 0065 00       		.byte	0
 1093 0066 00       		.byte	0
 1094 0067 08       		.uleb128 0x8
 1095 0068 0D       		.uleb128 0xd
 1096 0069 00       		.byte	0
 1097 006a 03       		.uleb128 0x3
 1098 006b 0E       		.uleb128 0xe
 1099 006c 3A       		.uleb128 0x3a
 1100 006d 21       		.uleb128 0x21
 1101 006e 07       		.sleb128 7
 1102 006f 3B       		.uleb128 0x3b
 1103 0070 0B       		.uleb128 0xb
 1104 0071 39       		.uleb128 0x39
 1105 0072 0B       		.uleb128 0xb
 1106 0073 49       		.uleb128 0x49
 1107 0074 13       		.uleb128 0x13
 1108 0075 00       		.byte	0
 1109 0076 00       		.byte	0
 1110 0077 09       		.uleb128 0x9
 1111 0078 34       		.uleb128 0x34
 1112 0079 00       		.byte	0
 1113 007a 03       		.uleb128 0x3
 1114 007b 0E       		.uleb128 0xe
 1115 007c 3A       		.uleb128 0x3a
 1116 007d 0B       		.uleb128 0xb
 1117 007e 3B       		.uleb128 0x3b
 1118 007f 0B       		.uleb128 0xb
 1119 0080 39       		.uleb128 0x39
 1120 0081 0B       		.uleb128 0xb
 1121 0082 49       		.uleb128 0x49
 1122 0083 13       		.uleb128 0x13
 1123 0084 3F       		.uleb128 0x3f
 1124 0085 19       		.uleb128 0x19
 1125 0086 3C       		.uleb128 0x3c
 1126 0087 19       		.uleb128 0x19
 1127 0088 00       		.byte	0
 1128 0089 00       		.byte	0
 1129 008a 0A       		.uleb128 0xa
 1130 008b 26       		.uleb128 0x26
 1131 008c 00       		.byte	0
 1132 008d 49       		.uleb128 0x49
 1133 008e 13       		.uleb128 0x13
 1134 008f 00       		.byte	0
 1135 0090 00       		.byte	0
 1136 0091 0B       		.uleb128 0xb
 1137 0092 34       		.uleb128 0x34
 1138 0093 00       		.byte	0
 1139 0094 03       		.uleb128 0x3
 1140 0095 08       		.uleb128 0x8
ARM GAS  /tmp/cco4mzgd.s 			page 21


 1141 0096 3A       		.uleb128 0x3a
 1142 0097 21       		.uleb128 0x21
 1143 0098 01       		.sleb128 1
 1144 0099 3B       		.uleb128 0x3b
 1145 009a 0B       		.uleb128 0xb
 1146 009b 39       		.uleb128 0x39
 1147 009c 21       		.uleb128 0x21
 1148 009d 0B       		.sleb128 11
 1149 009e 49       		.uleb128 0x49
 1150 009f 13       		.uleb128 0x13
 1151 00a0 02       		.uleb128 0x2
 1152 00a1 17       		.uleb128 0x17
 1153 00a2 B742     		.uleb128 0x2137
 1154 00a4 17       		.uleb128 0x17
 1155 00a5 00       		.byte	0
 1156 00a6 00       		.byte	0
 1157 00a7 0C       		.uleb128 0xc
 1158 00a8 11       		.uleb128 0x11
 1159 00a9 01       		.byte	0x1
 1160 00aa 25       		.uleb128 0x25
 1161 00ab 0E       		.uleb128 0xe
 1162 00ac 13       		.uleb128 0x13
 1163 00ad 0B       		.uleb128 0xb
 1164 00ae 03       		.uleb128 0x3
 1165 00af 0E       		.uleb128 0xe
 1166 00b0 1B       		.uleb128 0x1b
 1167 00b1 0E       		.uleb128 0xe
 1168 00b2 55       		.uleb128 0x55
 1169 00b3 17       		.uleb128 0x17
 1170 00b4 11       		.uleb128 0x11
 1171 00b5 01       		.uleb128 0x1
 1172 00b6 10       		.uleb128 0x10
 1173 00b7 17       		.uleb128 0x17
 1174 00b8 00       		.byte	0
 1175 00b9 00       		.byte	0
 1176 00ba 0D       		.uleb128 0xd
 1177 00bb 24       		.uleb128 0x24
 1178 00bc 00       		.byte	0
 1179 00bd 0B       		.uleb128 0xb
 1180 00be 0B       		.uleb128 0xb
 1181 00bf 3E       		.uleb128 0x3e
 1182 00c0 0B       		.uleb128 0xb
 1183 00c1 03       		.uleb128 0x3
 1184 00c2 08       		.uleb128 0x8
 1185 00c3 00       		.byte	0
 1186 00c4 00       		.byte	0
 1187 00c5 0E       		.uleb128 0xe
 1188 00c6 35       		.uleb128 0x35
 1189 00c7 00       		.byte	0
 1190 00c8 49       		.uleb128 0x49
 1191 00c9 13       		.uleb128 0x13
 1192 00ca 00       		.byte	0
 1193 00cb 00       		.byte	0
 1194 00cc 0F       		.uleb128 0xf
 1195 00cd 0F       		.uleb128 0xf
 1196 00ce 00       		.byte	0
 1197 00cf 0B       		.uleb128 0xb
ARM GAS  /tmp/cco4mzgd.s 			page 22


 1198 00d0 0B       		.uleb128 0xb
 1199 00d1 00       		.byte	0
 1200 00d2 00       		.byte	0
 1201 00d3 10       		.uleb128 0x10
 1202 00d4 17       		.uleb128 0x17
 1203 00d5 01       		.byte	0x1
 1204 00d6 0B       		.uleb128 0xb
 1205 00d7 0B       		.uleb128 0xb
 1206 00d8 3A       		.uleb128 0x3a
 1207 00d9 0B       		.uleb128 0xb
 1208 00da 3B       		.uleb128 0x3b
 1209 00db 0B       		.uleb128 0xb
 1210 00dc 39       		.uleb128 0x39
 1211 00dd 0B       		.uleb128 0xb
 1212 00de 01       		.uleb128 0x1
 1213 00df 13       		.uleb128 0x13
 1214 00e0 00       		.byte	0
 1215 00e1 00       		.byte	0
 1216 00e2 11       		.uleb128 0x11
 1217 00e3 01       		.uleb128 0x1
 1218 00e4 01       		.byte	0x1
 1219 00e5 49       		.uleb128 0x49
 1220 00e6 13       		.uleb128 0x13
 1221 00e7 01       		.uleb128 0x1
 1222 00e8 13       		.uleb128 0x13
 1223 00e9 00       		.byte	0
 1224 00ea 00       		.byte	0
 1225 00eb 12       		.uleb128 0x12
 1226 00ec 21       		.uleb128 0x21
 1227 00ed 00       		.byte	0
 1228 00ee 49       		.uleb128 0x49
 1229 00ef 13       		.uleb128 0x13
 1230 00f0 2F       		.uleb128 0x2f
 1231 00f1 0B       		.uleb128 0xb
 1232 00f2 00       		.byte	0
 1233 00f3 00       		.byte	0
 1234 00f4 13       		.uleb128 0x13
 1235 00f5 34       		.uleb128 0x34
 1236 00f6 00       		.byte	0
 1237 00f7 47       		.uleb128 0x47
 1238 00f8 13       		.uleb128 0x13
 1239 00f9 3A       		.uleb128 0x3a
 1240 00fa 0B       		.uleb128 0xb
 1241 00fb 3B       		.uleb128 0x3b
 1242 00fc 0B       		.uleb128 0xb
 1243 00fd 39       		.uleb128 0x39
 1244 00fe 0B       		.uleb128 0xb
 1245 00ff 02       		.uleb128 0x2
 1246 0100 18       		.uleb128 0x18
 1247 0101 00       		.byte	0
 1248 0102 00       		.byte	0
 1249 0103 14       		.uleb128 0x14
 1250 0104 2E       		.uleb128 0x2e
 1251 0105 01       		.byte	0x1
 1252 0106 3F       		.uleb128 0x3f
 1253 0107 19       		.uleb128 0x19
 1254 0108 03       		.uleb128 0x3
ARM GAS  /tmp/cco4mzgd.s 			page 23


 1255 0109 0E       		.uleb128 0xe
 1256 010a 3A       		.uleb128 0x3a
 1257 010b 0B       		.uleb128 0xb
 1258 010c 3B       		.uleb128 0x3b
 1259 010d 0B       		.uleb128 0xb
 1260 010e 39       		.uleb128 0x39
 1261 010f 0B       		.uleb128 0xb
 1262 0110 27       		.uleb128 0x27
 1263 0111 19       		.uleb128 0x19
 1264 0112 3C       		.uleb128 0x3c
 1265 0113 19       		.uleb128 0x19
 1266 0114 01       		.uleb128 0x1
 1267 0115 13       		.uleb128 0x13
 1268 0116 00       		.byte	0
 1269 0117 00       		.byte	0
 1270 0118 15       		.uleb128 0x15
 1271 0119 05       		.uleb128 0x5
 1272 011a 00       		.byte	0
 1273 011b 49       		.uleb128 0x49
 1274 011c 13       		.uleb128 0x13
 1275 011d 00       		.byte	0
 1276 011e 00       		.byte	0
 1277 011f 16       		.uleb128 0x16
 1278 0120 2E       		.uleb128 0x2e
 1279 0121 01       		.byte	0x1
 1280 0122 3F       		.uleb128 0x3f
 1281 0123 19       		.uleb128 0x19
 1282 0124 03       		.uleb128 0x3
 1283 0125 0E       		.uleb128 0xe
 1284 0126 3A       		.uleb128 0x3a
 1285 0127 0B       		.uleb128 0xb
 1286 0128 3B       		.uleb128 0x3b
 1287 0129 0B       		.uleb128 0xb
 1288 012a 39       		.uleb128 0x39
 1289 012b 0B       		.uleb128 0xb
 1290 012c 27       		.uleb128 0x27
 1291 012d 19       		.uleb128 0x19
 1292 012e 49       		.uleb128 0x49
 1293 012f 13       		.uleb128 0x13
 1294 0130 11       		.uleb128 0x11
 1295 0131 01       		.uleb128 0x1
 1296 0132 12       		.uleb128 0x12
 1297 0133 06       		.uleb128 0x6
 1298 0134 40       		.uleb128 0x40
 1299 0135 18       		.uleb128 0x18
 1300 0136 7A       		.uleb128 0x7a
 1301 0137 19       		.uleb128 0x19
 1302 0138 01       		.uleb128 0x1
 1303 0139 13       		.uleb128 0x13
 1304 013a 00       		.byte	0
 1305 013b 00       		.byte	0
 1306 013c 17       		.uleb128 0x17
 1307 013d 05       		.uleb128 0x5
 1308 013e 00       		.byte	0
 1309 013f 03       		.uleb128 0x3
 1310 0140 08       		.uleb128 0x8
 1311 0141 3A       		.uleb128 0x3a
ARM GAS  /tmp/cco4mzgd.s 			page 24


 1312 0142 0B       		.uleb128 0xb
 1313 0143 3B       		.uleb128 0x3b
 1314 0144 0B       		.uleb128 0xb
 1315 0145 39       		.uleb128 0x39
 1316 0146 0B       		.uleb128 0xb
 1317 0147 49       		.uleb128 0x49
 1318 0148 13       		.uleb128 0x13
 1319 0149 02       		.uleb128 0x2
 1320 014a 17       		.uleb128 0x17
 1321 014b B742     		.uleb128 0x2137
 1322 014d 17       		.uleb128 0x17
 1323 014e 00       		.byte	0
 1324 014f 00       		.byte	0
 1325 0150 18       		.uleb128 0x18
 1326 0151 48       		.uleb128 0x48
 1327 0152 01       		.byte	0x1
 1328 0153 7D       		.uleb128 0x7d
 1329 0154 01       		.uleb128 0x1
 1330 0155 7F       		.uleb128 0x7f
 1331 0156 13       		.uleb128 0x13
 1332 0157 00       		.byte	0
 1333 0158 00       		.byte	0
 1334 0159 19       		.uleb128 0x19
 1335 015a 49       		.uleb128 0x49
 1336 015b 00       		.byte	0
 1337 015c 02       		.uleb128 0x2
 1338 015d 18       		.uleb128 0x18
 1339 015e 7E       		.uleb128 0x7e
 1340 015f 18       		.uleb128 0x18
 1341 0160 00       		.byte	0
 1342 0161 00       		.byte	0
 1343 0162 1A       		.uleb128 0x1a
 1344 0163 2E       		.uleb128 0x2e
 1345 0164 01       		.byte	0x1
 1346 0165 3F       		.uleb128 0x3f
 1347 0166 19       		.uleb128 0x19
 1348 0167 03       		.uleb128 0x3
 1349 0168 0E       		.uleb128 0xe
 1350 0169 3A       		.uleb128 0x3a
 1351 016a 0B       		.uleb128 0xb
 1352 016b 3B       		.uleb128 0x3b
 1353 016c 0B       		.uleb128 0xb
 1354 016d 39       		.uleb128 0x39
 1355 016e 0B       		.uleb128 0xb
 1356 016f 27       		.uleb128 0x27
 1357 0170 19       		.uleb128 0x19
 1358 0171 49       		.uleb128 0x49
 1359 0172 13       		.uleb128 0x13
 1360 0173 11       		.uleb128 0x11
 1361 0174 01       		.uleb128 0x1
 1362 0175 12       		.uleb128 0x12
 1363 0176 06       		.uleb128 0x6
 1364 0177 40       		.uleb128 0x40
 1365 0178 18       		.uleb128 0x18
 1366 0179 7A       		.uleb128 0x7a
 1367 017a 19       		.uleb128 0x19
 1368 017b 00       		.byte	0
ARM GAS  /tmp/cco4mzgd.s 			page 25


 1369 017c 00       		.byte	0
 1370 017d 00       		.byte	0
 1371              		.section	.debug_loclists,"",%progbits
 1372 0000 35000000 		.4byte	.Ldebug_loc3-.Ldebug_loc2
 1373              	.Ldebug_loc2:
 1374 0004 0500     		.2byte	0x5
 1375 0006 04       		.byte	0x4
 1376 0007 00       		.byte	0
 1377 0008 00000000 		.4byte	0
 1378              	.Ldebug_loc0:
 1379              	.LVUS1:
 1380 000c 00       		.uleb128 0
 1381 000d 00       		.uleb128 .LVU37
 1382 000e 00       		.uleb128 .LVU37
 1383 000f 00       		.uleb128 0
 1384              	.LLST1:
 1385 0010 06       		.byte	0x6
 1386 0011 00000000 		.4byte	.LVL1
 1387 0015 04       		.byte	0x4
 1388 0016 00       		.uleb128 .LVL1-.LVL1
 1389 0017 2B       		.uleb128 .LVL4-1-.LVL1
 1390 0018 01       		.uleb128 0x1
 1391 0019 50       		.byte	0x50
 1392 001a 04       		.byte	0x4
 1393 001b 2B       		.uleb128 .LVL4-1-.LVL1
 1394 001c 38       		.uleb128 .LFE8-.LVL1
 1395 001d 04       		.uleb128 0x4
 1396 001e A3       		.byte	0xa3
 1397 001f 01       		.uleb128 0x1
 1398 0020 50       		.byte	0x50
 1399 0021 9F       		.byte	0x9f
 1400 0022 00       		.byte	0
 1401              	.LVUS2:
 1402 0023 00       		.uleb128 .LVU24
 1403 0024 00       		.uleb128 0
 1404              	.LLST2:
 1405 0025 08       		.byte	0x8
 1406 0026 10000000 		.4byte	.LVL2
 1407 002a 28       		.uleb128 .LFE8-.LVL2
 1408 002b 01       		.uleb128 0x1
 1409 002c 54       		.byte	0x54
 1410 002d 00       		.byte	0
 1411              	.LVUS0:
 1412 002e 00       		.uleb128 .LVU7
 1413 002f 00       		.uleb128 0
 1414              	.LLST0:
 1415 0030 08       		.byte	0x8
 1416 0031 0C000000 		.4byte	.LVL0
 1417 0035 18       		.uleb128 .LFE7-.LVL0
 1418 0036 01       		.uleb128 0x1
 1419 0037 50       		.byte	0x50
 1420 0038 00       		.byte	0
 1421              	.Ldebug_loc3:
 1422              		.section	.debug_aranges,"",%progbits
 1423 0000 24000000 		.4byte	0x24
 1424 0004 0200     		.2byte	0x2
 1425 0006 00000000 		.4byte	.Ldebug_info0
ARM GAS  /tmp/cco4mzgd.s 			page 26


 1426 000a 04       		.byte	0x4
 1427 000b 00       		.byte	0
 1428 000c 0000     		.2byte	0
 1429 000e 0000     		.2byte	0
 1430 0010 00000000 		.4byte	.LFB7
 1431 0014 24000000 		.4byte	.LFE7-.LFB7
 1432 0018 00000000 		.4byte	.LFB8
 1433 001c 38000000 		.4byte	.LFE8-.LFB8
 1434 0020 00000000 		.4byte	0
 1435 0024 00000000 		.4byte	0
 1436              		.section	.debug_rnglists,"",%progbits
 1437              	.Ldebug_ranges0:
 1438 0000 15000000 		.4byte	.Ldebug_ranges3-.Ldebug_ranges2
 1439              	.Ldebug_ranges2:
 1440 0004 0500     		.2byte	0x5
 1441 0006 04       		.byte	0x4
 1442 0007 00       		.byte	0
 1443 0008 00000000 		.4byte	0
 1444              	.LLRL3:
 1445 000c 07       		.byte	0x7
 1446 000d 00000000 		.4byte	.LFB7
 1447 0011 24       		.uleb128 .LFE7-.LFB7
 1448 0012 07       		.byte	0x7
 1449 0013 00000000 		.4byte	.LFB8
 1450 0017 38       		.uleb128 .LFE8-.LFB8
 1451 0018 00       		.byte	0
 1452              	.Ldebug_ranges3:
 1453              		.section	.debug_line,"",%progbits
 1454              	.Ldebug_line0:
 1455 0000 05020000 		.section	.debug_str,"MS",%progbits,1
 1455      03006A01 
 1455      00000201 
 1455      FB0E0D00 
 1455      01010101 
 1456              	.LASF76:
 1457 0000 63665F6F 		.ascii	"cf_off_older\000"
 1457      66665F6F 
 1457      6C646572 
 1457      00
 1458              	.LASF41:
 1459 000d 705F6D73 		.ascii	"p_msg\000"
 1459      6700
 1460              	.LASF2:
 1461 0013 73697A65 		.ascii	"size_t\000"
 1461      5F7400
 1462              	.LASF61:
 1463 001a 7264796D 		.ascii	"rdymsg\000"
 1463      736700
 1464              	.LASF3:
 1465 0021 5F5F7569 		.ascii	"__uint8_t\000"
 1465      6E74385F 
 1465      7400
 1466              	.LASF13:
 1467 002b 6C6F6E67 		.ascii	"long long unsigned int\000"
 1467      206C6F6E 
 1467      6720756E 
 1467      7369676E 
ARM GAS  /tmp/cco4mzgd.s 			page 27


 1467      65642069 
 1468              	.LASF72:
 1469 0042 63685F74 		.ascii	"ch_threadsize\000"
 1469      68726561 
 1469      6473697A 
 1469      6500
 1470              	.LASF62:
 1471 0050 65786974 		.ascii	"exitcode\000"
 1471      636F6465 
 1471      00
 1472              	.LASF92:
 1473 0059 63685265 		.ascii	"chRegFirstThread\000"
 1473      67466972 
 1473      73745468 
 1473      72656164 
 1473      00
 1474              	.LASF29:
 1475 006a 705F7072 		.ascii	"p_prio\000"
 1475      696F00
 1476              	.LASF79:
 1477 0071 63665F6F 		.ascii	"cf_off_state\000"
 1477      66665F73 
 1477      74617465 
 1477      00
 1478              	.LASF12:
 1479 007e 6C6F6E67 		.ascii	"long long int\000"
 1479      206C6F6E 
 1479      6720696E 
 1479      7400
 1480              	.LASF1:
 1481 008c 7369676E 		.ascii	"signed char\000"
 1481      65642063 
 1481      68617200 
 1482              	.LASF78:
 1483 0098 63665F6F 		.ascii	"cf_off_stklimit\000"
 1483      66665F73 
 1483      746B6C69 
 1483      6D697400 
 1484              	.LASF80:
 1485 00a8 63665F6F 		.ascii	"cf_off_flags\000"
 1485      66665F66 
 1485      6C616773 
 1485      00
 1486              	.LASF58:
 1487 00b5 6D5F7175 		.ascii	"m_queue\000"
 1487      65756500 
 1488              	.LASF21:
 1489 00bd 74736C69 		.ascii	"tslices_t\000"
 1489      6365735F 
 1489      7400
 1490              	.LASF9:
 1491 00c7 6C6F6E67 		.ascii	"long int\000"
 1491      20696E74 
 1491      00
 1492              	.LASF19:
 1493 00d0 74737461 		.ascii	"tstate_t\000"
 1493      74655F74 
ARM GAS  /tmp/cco4mzgd.s 			page 28


 1493      00
 1494              	.LASF15:
 1495 00d9 75696E74 		.ascii	"uint16_t\000"
 1495      31365F74 
 1495      00
 1496              	.LASF84:
 1497 00e2 63686465 		.ascii	"chdebug_t\000"
 1497      6275675F 
 1497      7400
 1498              	.LASF31:
 1499 00ec 705F6E65 		.ascii	"p_newer\000"
 1499      77657200 
 1500              	.LASF10:
 1501 00f4 5F5F7569 		.ascii	"__uint32_t\000"
 1501      6E743332 
 1501      5F7400
 1502              	.LASF47:
 1503 00ff 72656761 		.ascii	"regarm_t\000"
 1503      726D5F74 
 1503      00
 1504              	.LASF0:
 1505 0108 756E7369 		.ascii	"unsigned int\000"
 1505      676E6564 
 1505      20696E74 
 1505      00
 1506              	.LASF11:
 1507 0115 6C6F6E67 		.ascii	"long unsigned int\000"
 1507      20756E73 
 1507      69676E65 
 1507      6420696E 
 1507      7400
 1508              	.LASF86:
 1509 0127 63685F64 		.ascii	"ch_debug\000"
 1509      65627567 
 1509      00
 1510              	.LASF66:
 1511 0130 63685F69 		.ascii	"ch_identifier\000"
 1511      64656E74 
 1511      69666965 
 1511      7200
 1512              	.LASF49:
 1513 013e 636F6E74 		.ascii	"context\000"
 1513      65787400 
 1514              	.LASF7:
 1515 0146 73686F72 		.ascii	"short unsigned int\000"
 1515      7420756E 
 1515      7369676E 
 1515      65642069 
 1515      6E7400
 1516              	.LASF23:
 1517 0159 6D73675F 		.ascii	"msg_t\000"
 1517      7400
 1518              	.LASF53:
 1519 015f 725F6E65 		.ascii	"r_newer\000"
 1519      77657200 
 1520              	.LASF18:
 1521 0167 746D6F64 		.ascii	"tmode_t\000"
ARM GAS  /tmp/cco4mzgd.s 			page 29


 1521      655F7400 
 1522              	.LASF46:
 1523 016f 54687265 		.ascii	"ThreadsList\000"
 1523      6164734C 
 1523      69737400 
 1524              	.LASF24:
 1525 017b 6576656E 		.ascii	"eventmask_t\000"
 1525      746D6173 
 1525      6B5F7400 
 1526              	.LASF57:
 1527 0187 4D757465 		.ascii	"Mutex\000"
 1527      7800
 1528              	.LASF67:
 1529 018d 63685F7A 		.ascii	"ch_zero\000"
 1529      65726F00 
 1530              	.LASF81:
 1531 0195 63665F6F 		.ascii	"cf_off_refs\000"
 1531      66665F72 
 1531      65667300 
 1532              	.LASF87:
 1533 01a1 474E5520 		.ascii	"GNU C17 11.2.0 -mcpu=arm1176jz-s -mno-thumb-interwo"
 1533      43313720 
 1533      31312E32 
 1533      2E30202D 
 1533      6D637075 
 1534 01d4 726B202D 		.ascii	"rk -mfloat-abi=soft -marm -march=armv6kz -ggdb -O2 "
 1534      6D666C6F 
 1534      61742D61 
 1534      62693D73 
 1534      6F667420 
 1535 0207 2D666F6D 		.ascii	"-fomit-frame-pointer -ffunction-sections -fdata-sec"
 1535      69742D66 
 1535      72616D65 
 1535      2D706F69 
 1535      6E746572 
 1536 023a 74696F6E 		.ascii	"tions\000"
 1536      7300
 1537              	.LASF71:
 1538 0240 63685F74 		.ascii	"ch_timesize\000"
 1538      696D6573 
 1538      697A6500 
 1539              	.LASF77:
 1540 024c 63665F6F 		.ascii	"cf_off_name\000"
 1540      66665F6E 
 1540      616D6500 
 1541              	.LASF89:
 1542 0258 2F686F6D 		.ascii	"/home/sergi/uni/seu/ChibiOS-RPi/demos/led\000"
 1542      652F7365 
 1542      7267692F 
 1542      756E692F 
 1542      7365752F 
 1543              	.LASF32:
 1544 0282 705F6F6C 		.ascii	"p_older\000"
 1544      64657200 
 1545              	.LASF52:
 1546 028a 725F6374 		.ascii	"r_ctx\000"
 1546      7800
ARM GAS  /tmp/cco4mzgd.s 			page 30


 1547              	.LASF45:
 1548 0290 54687265 		.ascii	"ThreadsQueue\000"
 1548      61647351 
 1548      75657565 
 1548      00
 1549              	.LASF68:
 1550 029d 63685F73 		.ascii	"ch_size\000"
 1550      697A6500 
 1551              	.LASF55:
 1552 02a5 725F6375 		.ascii	"r_current\000"
 1552      7272656E 
 1552      7400
 1553              	.LASF54:
 1554 02af 725F6F6C 		.ascii	"r_older\000"
 1554      64657200 
 1555              	.LASF20:
 1556 02b7 74726566 		.ascii	"trefs_t\000"
 1556      735F7400 
 1557              	.LASF70:
 1558 02bf 63685F70 		.ascii	"ch_ptrsize\000"
 1558      74727369 
 1558      7A6500
 1559              	.LASF28:
 1560 02ca 705F7072 		.ascii	"p_prev\000"
 1560      657600
 1561              	.LASF22:
 1562 02d1 74707269 		.ascii	"tprio_t\000"
 1562      6F5F7400 
 1563              	.LASF16:
 1564 02d9 696E7433 		.ascii	"int32_t\000"
 1564      325F7400 
 1565              	.LASF4:
 1566 02e1 756E7369 		.ascii	"unsigned char\000"
 1566      676E6564 
 1566      20636861 
 1566      7200
 1567              	.LASF43:
 1568 02ef 705F6D74 		.ascii	"p_mtxlist\000"
 1568      786C6973 
 1568      7400
 1569              	.LASF5:
 1570 02f9 73686F72 		.ascii	"short int\000"
 1570      7420696E 
 1570      7400
 1571              	.LASF34:
 1572 0303 705F7374 		.ascii	"p_state\000"
 1572      61746500 
 1573              	.LASF37:
 1574 030b 705F7072 		.ascii	"p_preempt\000"
 1574      65656D70 
 1574      7400
 1575              	.LASF83:
 1576 0315 63665F6F 		.ascii	"cf_off_time\000"
 1576      66665F74 
 1576      696D6500 
 1577              	.LASF51:
 1578 0321 725F7072 		.ascii	"r_prio\000"
ARM GAS  /tmp/cco4mzgd.s 			page 31


 1578      696F00
 1579              	.LASF64:
 1580 0328 65776D61 		.ascii	"ewmask\000"
 1580      736B00
 1581              	.LASF27:
 1582 032f 705F6E65 		.ascii	"p_next\000"
 1582      787400
 1583              	.LASF82:
 1584 0336 63665F6F 		.ascii	"cf_off_preempt\000"
 1584      66665F70 
 1584      7265656D 
 1584      707400
 1585              	.LASF35:
 1586 0345 705F666C 		.ascii	"p_flags\000"
 1586      61677300 
 1587              	.LASF90:
 1588 034d 63685468 		.ascii	"chThdRelease\000"
 1588      6452656C 
 1588      65617365 
 1588      00
 1589              	.LASF26:
 1590 035a 54687265 		.ascii	"Thread\000"
 1590      616400
 1591              	.LASF75:
 1592 0361 63665F6F 		.ascii	"cf_off_newer\000"
 1592      66665F6E 
 1592      65776572 
 1592      00
 1593              	.LASF42:
 1594 036e 705F6570 		.ascii	"p_epending\000"
 1594      656E6469 
 1594      6E6700
 1595              	.LASF17:
 1596 0379 75696E74 		.ascii	"uint32_t\000"
 1596      33325F74 
 1596      00
 1597              	.LASF73:
 1598 0382 63665F6F 		.ascii	"cf_off_prio\000"
 1598      66665F70 
 1598      72696F00 
 1599              	.LASF50:
 1600 038e 725F7175 		.ascii	"r_queue\000"
 1600      65756500 
 1601              	.LASF65:
 1602 0396 63686172 		.ascii	"char\000"
 1602      00
 1603              	.LASF91:
 1604 039b 63685265 		.ascii	"chRegNextThread\000"
 1604      674E6578 
 1604      74546872 
 1604      65616400 
 1605              	.LASF6:
 1606 03ab 5F5F7569 		.ascii	"__uint16_t\000"
 1606      6E743136 
 1606      5F7400
 1607              	.LASF60:
 1608 03b6 6D5F6E65 		.ascii	"m_next\000"
ARM GAS  /tmp/cco4mzgd.s 			page 32


 1608      787400
 1609              	.LASF25:
 1610 03bd 73797374 		.ascii	"systime_t\000"
 1610      696D655F 
 1610      7400
 1611              	.LASF44:
 1612 03c7 705F7265 		.ascii	"p_realprio\000"
 1612      616C7072 
 1612      696F00
 1613              	.LASF8:
 1614 03d2 5F5F696E 		.ascii	"__int32_t\000"
 1614      7433325F 
 1614      7400
 1615              	.LASF38:
 1616 03dc 705F7469 		.ascii	"p_time\000"
 1616      6D6500
 1617              	.LASF48:
 1618 03e3 696E7463 		.ascii	"intctx\000"
 1618      747800
 1619              	.LASF40:
 1620 03ea 705F6D73 		.ascii	"p_msgqueue\000"
 1620      67717565 
 1620      756500
 1621              	.LASF88:
 1622 03f5 2E2E2F2E 		.ascii	"../../os/kernel/src/chregistry.c\000"
 1622      2E2F6F73 
 1622      2F6B6572 
 1622      6E656C2F 
 1622      7372632F 
 1623              	.LASF74:
 1624 0416 63665F6F 		.ascii	"cf_off_ctx\000"
 1624      66665F63 
 1624      747800
 1625              	.LASF36:
 1626 0421 705F7265 		.ascii	"p_refs\000"
 1626      667300
 1627              	.LASF56:
 1628 0428 52656164 		.ascii	"ReadyList\000"
 1628      794C6973 
 1628      7400
 1629              	.LASF85:
 1630 0432 726C6973 		.ascii	"rlist\000"
 1630      7400
 1631              	.LASF14:
 1632 0438 75696E74 		.ascii	"uint8_t\000"
 1632      385F7400 
 1633              	.LASF63:
 1634 0440 77746F62 		.ascii	"wtobjp\000"
 1634      6A7000
 1635              	.LASF33:
 1636 0447 705F6E61 		.ascii	"p_name\000"
 1636      6D6500
 1637              	.LASF69:
 1638 044e 63685F76 		.ascii	"ch_version\000"
 1638      65727369 
 1638      6F6E00
 1639              	.LASF59:
ARM GAS  /tmp/cco4mzgd.s 			page 33


 1640 0459 6D5F6F77 		.ascii	"m_owner\000"
 1640      6E657200 
 1641              	.LASF30:
 1642 0461 705F6374 		.ascii	"p_ctx\000"
 1642      7800
 1643              	.LASF39:
 1644 0467 705F7761 		.ascii	"p_waiting\000"
 1644      6974696E 
 1644      6700
 1645              		.ident	"GCC: (Arch Repository) 11.2.0"
ARM GAS  /tmp/cco4mzgd.s 			page 34


DEFINED SYMBOLS
                            *ABS*:0000000000000000 chregistry.c
     /tmp/cco4mzgd.s:16     .text.chRegFirstThread:0000000000000000 $a
     /tmp/cco4mzgd.s:23     .text.chRegFirstThread:0000000000000000 chRegFirstThread
     /tmp/cco4mzgd.s:66     .text.chRegFirstThread:0000000000000020 $d
     /tmp/cco4mzgd.s:71     .text.chRegNextThread:0000000000000000 $a
     /tmp/cco4mzgd.s:77     .text.chRegNextThread:0000000000000000 chRegNextThread
     /tmp/cco4mzgd.s:140    .text.chRegNextThread:0000000000000034 $d
     /tmp/cco4mzgd.s:149    .rodata.ch_debug:0000000000000000 ch_debug
     /tmp/cco4mzgd.s:146    .rodata.ch_debug:0000000000000000 $d

UNDEFINED SYMBOLS
rlist
chThdRelease
