ARM GAS  /tmp/cc1GLup1.s 			page 1


   1              		.cpu arm1176jz-s
   2              		.eabi_attribute 20, 1
   3              		.eabi_attribute 21, 1
   4              		.eabi_attribute 23, 3
   5              		.eabi_attribute 24, 1
   6              		.eabi_attribute 25, 1
   7              		.eabi_attribute 26, 1
   8              		.eabi_attribute 30, 2
   9              		.eabi_attribute 34, 1
  10              		.eabi_attribute 18, 4
  11              		.file	"hal.c"
  12              		.text
  13              	.Ltext0:
  14              		.cfi_sections	.debug_frame
  15              		.section	.text.halInit,"ax",%progbits
  16              		.align	2
  17              		.global	halInit
  18              		.arch armv6kz
  19              		.syntax unified
  20              		.arm
  21              		.fpu softvfp
  22              		.type	halInit, %function
  23              	halInit:
  24              	.LFB7:
  25              		.file 1 "../../os/hal/src/hal.c"
  26              		.loc 1 61 20 view -0
  27              		.cfi_startproc
  28              		@ args = 0, pretend = 0, frame = 0
  29              		@ frame_needed = 0, uses_anonymous_args = 0
  30              		.loc 1 63 3 view .LVU1
  31              		.loc 1 61 20 is_stmt 0 view .LVU2
  32 0000 10402DE9 		push	{r4, lr}
  33              		.cfi_def_cfa_offset 8
  34              		.cfi_offset 4, -8
  35              		.cfi_offset 14, -4
  36              		.loc 1 63 3 view .LVU3
  37 0004 FEFFFFEB 		bl	hal_lld_init
  38              	.LVL0:
  39              		.loc 1 66 3 is_stmt 1 view .LVU4
  40 0008 FEFFFFEB 		bl	tmInit
  41              	.LVL1:
  42              		.loc 1 69 3 view .LVU5
  43 000c 14009FE5 		ldr	r0, .L4
  44 0010 FEFFFFEB 		bl	_pal_lld_init
  45              	.LVL2:
  46              		.loc 1 69 31 view .LVU6
  47              		.loc 1 84 3 view .LVU7
  48 0014 FEFFFFEB 		bl	i2cInit
  49              	.LVL3:
  50              		.loc 1 96 3 view .LVU8
  51 0018 FEFFFFEB 		bl	sdInit
  52              	.LVL4:
  53              		.loc 1 102 3 view .LVU9
  54 001c FEFFFFEB 		bl	spiInit
  55              	.LVL5:
  56              		.loc 1 120 3 view .LVU10
  57              		.loc 1 121 1 is_stmt 0 view .LVU11
ARM GAS  /tmp/cc1GLup1.s 			page 2


  58 0020 1040BDE8 		pop	{r4, lr}
  59              		.cfi_restore 14
  60              		.cfi_restore 4
  61              		.cfi_def_cfa_offset 0
  62              		.loc 1 120 3 view .LVU12
  63 0024 FEFFFFEA 		b	boardInit
  64              	.LVL6:
  65              	.L5:
  66              		.align	2
  67              	.L4:
  68 0028 00000000 		.word	pal_default_config
  69              		.cfi_endproc
  70              	.LFE7:
  71              		.size	halInit, .-halInit
  72              		.section	.text.halIsCounterWithin,"ax",%progbits
  73              		.align	2
  74              		.global	halIsCounterWithin
  75              		.syntax unified
  76              		.arm
  77              		.fpu softvfp
  78              		.type	halIsCounterWithin, %function
  79              	halIsCounterWithin:
  80              	.LVL7:
  81              	.LFB8:
  82              		.loc 1 167 61 is_stmt 1 view -0
  83              		.cfi_startproc
  84              		@ args = 0, pretend = 0, frame = 0
  85              		@ frame_needed = 0, uses_anonymous_args = 0
  86              		@ link register save eliminated.
  87              		.loc 1 168 3 view .LVU14
  88              		.loc 1 168 14 is_stmt 0 view .LVU15
  89 0000 3C309FE5 		ldr	r3, .L9
  90              		.loc 1 170 54 view .LVU16
  91 0004 000051E1 		cmp	r1, r0
  92              		.loc 1 168 14 view .LVU17
  93 0008 042093E5 		ldr	r2, [r3, #4]
  94              	.LVL8:
  95              		.loc 1 170 3 is_stmt 1 view .LVU18
  96              		.loc 1 167 61 is_stmt 0 view .LVU19
  97 000c 0030A0E1 		mov	r3, r0
  98              		.loc 1 170 54 view .LVU20
  99 0010 0500009A 		bls	.L7
 100              		.loc 1 170 54 discriminator 1 view .LVU21
 101 0014 000052E1 		cmp	r2, r0
 102 0018 0100A023 		movcs	r0, #1
 103              	.LVL9:
 104              		.loc 1 170 54 discriminator 1 view .LVU22
 105 001c 0000A033 		movcc	r0, #0
 106 0020 010052E1 		cmp	r2, r1
 107 0024 0000A023 		movcs	r0, #0
 108 0028 1EFF2FE1 		bx	lr
 109              	.LVL10:
 110              	.L7:
 111              		.loc 1 171 47 discriminator 2 view .LVU23
 112 002c 010052E1 		cmp	r2, r1
 113 0030 0000A023 		movcs	r0, #0
 114              	.LVL11:
ARM GAS  /tmp/cc1GLup1.s 			page 3


 115              		.loc 1 171 47 discriminator 2 view .LVU24
 116 0034 0100A033 		movcc	r0, #1
 117              		.loc 1 170 54 discriminator 2 view .LVU25
 118 0038 030052E1 		cmp	r2, r3
 119 003c 01008023 		orrcs	r0, r0, #1
 120              		.loc 1 172 1 discriminator 2 view .LVU26
 121 0040 1EFF2FE1 		bx	lr
 122              	.L10:
 123              		.align	2
 124              	.L9:
 125 0044 00300020 		.word	536883200
 126              		.cfi_endproc
 127              	.LFE8:
 128              		.size	halIsCounterWithin, .-halIsCounterWithin
 129              		.section	.text.halPolledDelay,"ax",%progbits
 130              		.align	2
 131              		.global	halPolledDelay
 132              		.syntax unified
 133              		.arm
 134              		.fpu softvfp
 135              		.type	halPolledDelay, %function
 136              	halPolledDelay:
 137              	.LVL12:
 138              	.LFB9:
 139              		.loc 1 186 39 is_stmt 1 view -0
 140              		.cfi_startproc
 141              		@ args = 0, pretend = 0, frame = 0
 142              		@ frame_needed = 0, uses_anonymous_args = 0
 143              		@ link register save eliminated.
 144              		.loc 1 187 3 view .LVU28
 145              		.loc 1 187 14 is_stmt 0 view .LVU29
 146 0000 50C09FE5 		ldr	ip, .L18
 147 0004 04109CE5 		ldr	r1, [ip, #4]
 148              	.LVL13:
 149              		.loc 1 188 3 is_stmt 1 view .LVU30
 150              		.loc 1 188 14 is_stmt 0 view .LVU31
 151 0008 000081E0 		add	r0, r1, r0
 152              	.LVL14:
 153              		.loc 1 189 3 is_stmt 1 view .LVU32
 154              		.loc 1 189 9 is_stmt 0 view .LVU33
 155 000c 060000EA 		b	.L14
 156              	.LVL15:
 157              	.L17:
 158              	.LBB4:
 159              	.LBB5:
 160              		.loc 1 170 54 view .LVU34
 161 0010 020051E1 		cmp	r1, r2
 162 0014 0130A093 		movls	r3, #1
 163 0018 0030A083 		movhi	r3, #0
 164 001c 020050E1 		cmp	r0, r2
 165 0020 0030A093 		movls	r3, #0
 166              	.LVL16:
 167              		.loc 1 170 54 view .LVU35
 168              	.LBE5:
 169              	.LBE4:
 170              		.loc 1 189 10 view .LVU36
 171 0024 000053E3 		cmp	r3, #0
ARM GAS  /tmp/cc1GLup1.s 			page 4


 172 0028 1EFF2F01 		bxeq	lr
 173              	.L14:
 174              		.loc 1 189 10 is_stmt 1 discriminator 1 view .LVU37
 175              	.LVL17:
 176              	.LBB7:
 177              	.LBI4:
 178              		.loc 1 167 8 discriminator 1 view .LVU38
 179              	.LBB6:
 180              		.loc 1 168 3 discriminator 1 view .LVU39
 181              		.loc 1 170 54 is_stmt 0 discriminator 1 view .LVU40
 182 002c 000051E1 		cmp	r1, r0
 183              		.loc 1 168 14 discriminator 1 view .LVU41
 184 0030 04209CE5 		ldr	r2, [ip, #4]
 185              	.LVL18:
 186              		.loc 1 170 3 is_stmt 1 discriminator 1 view .LVU42
 187              		.loc 1 170 54 is_stmt 0 discriminator 1 view .LVU43
 188 0034 F5FFFF3A 		bcc	.L17
 189              		.loc 1 171 47 view .LVU44
 190 0038 020050E1 		cmp	r0, r2
 191 003c 0030A093 		movls	r3, #0
 192 0040 0130A083 		movhi	r3, #1
 193              		.loc 1 170 54 view .LVU45
 194 0044 020051E1 		cmp	r1, r2
 195 0048 01308393 		orrls	r3, r3, #1
 196              	.LVL19:
 197              		.loc 1 170 54 view .LVU46
 198              	.LBE6:
 199              	.LBE7:
 200              		.loc 1 189 10 view .LVU47
 201 004c 000053E3 		cmp	r3, #0
 202 0050 F5FFFF1A 		bne	.L14
 203 0054 1EFF2FE1 		bx	lr
 204              	.L19:
 205              		.align	2
 206              	.L18:
 207 0058 00300020 		.word	536883200
 208              		.cfi_endproc
 209              	.LFE9:
 210              		.size	halPolledDelay, .-halPolledDelay
 211              		.text
 212              	.Letext0:
 213              		.file 2 "/usr/arm-none-eabi/include/machine/_default_types.h"
 214              		.file 3 "/usr/arm-none-eabi/include/sys/_stdint.h"
 215              		.file 4 "../../os/ports/GCC/ARM/chtypes.h"
 216              		.file 5 "../../os/hal/platforms/BCM2835/hal_lld.h"
 217              		.file 6 "../../os/hal/platforms/BCM2835/pal_lld.h"
 218              		.file 7 "../../boards/RASPBERRYPI_MODB/board.h"
 219              		.file 8 "../../os/hal/include/spi.h"
 220              		.file 9 "../../os/hal/include/serial.h"
 221              		.file 10 "../../os/hal/include/i2c.h"
 222              		.file 11 "../../os/hal/include/tm.h"
 223              		.section	.debug_info,"",%progbits
 224              	.Ldebug_info0:
 225 0000 65020000 		.4byte	0x265
 226 0004 0500     		.2byte	0x5
 227 0006 01       		.byte	0x1
 228 0007 04       		.byte	0x4
ARM GAS  /tmp/cc1GLup1.s 			page 5


 229 0008 00000000 		.4byte	.Ldebug_abbrev0
 230 000c 0A       		.uleb128 0xa
 231 000d 1A010000 		.4byte	.LASF28
 232 0011 1D       		.byte	0x1d
 233 0012 DE010000 		.4byte	.LASF29
 234 0016 C1000000 		.4byte	.LASF30
 235 001a 18000000 		.4byte	.LLRL9
 236 001e 00000000 		.4byte	0
 237 0022 00000000 		.4byte	.Ldebug_line0
 238 0026 0B       		.uleb128 0xb
 239 0027 04       		.byte	0x4
 240 0028 05       		.byte	0x5
 241 0029 696E7400 		.ascii	"int\000"
 242 002d 01       		.uleb128 0x1
 243 002e 04       		.byte	0x4
 244 002f 07       		.byte	0x7
 245 0030 EB000000 		.4byte	.LASF0
 246 0034 01       		.uleb128 0x1
 247 0035 01       		.byte	0x1
 248 0036 06       		.byte	0x6
 249 0037 33020000 		.4byte	.LASF1
 250 003b 01       		.uleb128 0x1
 251 003c 01       		.byte	0x1
 252 003d 08       		.byte	0x8
 253 003e 3B000000 		.4byte	.LASF2
 254 0042 01       		.uleb128 0x1
 255 0043 02       		.byte	0x2
 256 0044 05       		.byte	0x5
 257 0045 12020000 		.4byte	.LASF3
 258 0049 01       		.uleb128 0x1
 259 004a 02       		.byte	0x2
 260 004b 07       		.byte	0x7
 261 004c 6F000000 		.4byte	.LASF4
 262 0050 02       		.uleb128 0x2
 263 0051 14000000 		.4byte	.LASF6
 264 0055 02       		.byte	0x2
 265 0056 4D       		.byte	0x4d
 266 0057 18       		.byte	0x18
 267 0058 5C000000 		.4byte	0x5c
 268 005c 01       		.uleb128 0x1
 269 005d 04       		.byte	0x4
 270 005e 05       		.byte	0x5
 271 005f 25020000 		.4byte	.LASF5
 272 0063 02       		.uleb128 0x2
 273 0064 B6000000 		.4byte	.LASF7
 274 0068 02       		.byte	0x2
 275 0069 4F       		.byte	0x4f
 276 006a 19       		.byte	0x19
 277 006b 6F000000 		.4byte	0x6f
 278 006f 01       		.uleb128 0x1
 279 0070 04       		.byte	0x4
 280 0071 07       		.byte	0x7
 281 0072 50000000 		.4byte	.LASF8
 282 0076 01       		.uleb128 0x1
 283 0077 08       		.byte	0x8
 284 0078 05       		.byte	0x5
 285 0079 F5010000 		.4byte	.LASF9
ARM GAS  /tmp/cc1GLup1.s 			page 6


 286 007d 01       		.uleb128 0x1
 287 007e 08       		.byte	0x8
 288 007f 07       		.byte	0x7
 289 0080 03010000 		.4byte	.LASF10
 290 0084 02       		.uleb128 0x2
 291 0085 D6010000 		.4byte	.LASF11
 292 0089 03       		.byte	0x3
 293 008a 2C       		.byte	0x2c
 294 008b 13       		.byte	0x13
 295 008c 50000000 		.4byte	0x50
 296 0090 02       		.uleb128 0x2
 297 0091 1C020000 		.4byte	.LASF12
 298 0095 03       		.byte	0x3
 299 0096 30       		.byte	0x30
 300 0097 14       		.byte	0x14
 301 0098 63000000 		.4byte	0x63
 302 009c 02       		.uleb128 0x2
 303 009d 24000000 		.4byte	.LASF13
 304 00a1 04       		.byte	0x4
 305 00a2 29       		.byte	0x29
 306 00a3 19       		.byte	0x19
 307 00a4 84000000 		.4byte	0x84
 308 00a8 01       		.uleb128 0x1
 309 00a9 01       		.byte	0x1
 310 00aa 08       		.byte	0x8
 311 00ab 2E020000 		.4byte	.LASF14
 312 00af 02       		.uleb128 0x2
 313 00b0 F8000000 		.4byte	.LASF15
 314 00b4 05       		.byte	0x5
 315 00b5 45       		.byte	0x45
 316 00b6 12       		.byte	0x12
 317 00b7 90000000 		.4byte	0x90
 318 00bb 0C       		.uleb128 0xc
 319 00bc 00       		.byte	0
 320 00bd 06       		.byte	0x6
 321 00be 43       		.byte	0x43
 322 00bf 09       		.byte	0x9
 323 00c0 02       		.uleb128 0x2
 324 00c1 99000000 		.4byte	.LASF16
 325 00c5 06       		.byte	0x6
 326 00c6 45       		.byte	0x45
 327 00c7 03       		.byte	0x3
 328 00c8 BB000000 		.4byte	0xbb
 329 00cc 0D       		.uleb128 0xd
 330 00cd C0000000 		.4byte	0xc0
 331 00d1 0E       		.uleb128 0xe
 332 00d2 A3000000 		.4byte	.LASF23
 333 00d6 06       		.byte	0x6
 334 00d7 75       		.byte	0x75
 335 00d8 18       		.byte	0x18
 336 00d9 CC000000 		.4byte	0xcc
 337 00dd 04       		.uleb128 0x4
 338 00de B9010000 		.4byte	.LASF17
 339 00e2 07       		.byte	0x7
 340 00e3 1C       		.byte	0x1c
 341 00e4 06       		.uleb128 0x6
 342 00e5 2B000000 		.4byte	.LASF18
ARM GAS  /tmp/cc1GLup1.s 			page 7


 343 00e9 08       		.byte	0x8
 344 00ea 2601     		.2byte	0x126
 345 00ec 06       		.uleb128 0x6
 346 00ed 0B020000 		.4byte	.LASF19
 347 00f1 09       		.byte	0x9
 348 00f2 3001     		.2byte	0x130
 349 00f4 04       		.uleb128 0x4
 350 00f5 91000000 		.4byte	.LASF20
 351 00f9 0A       		.byte	0xa
 352 00fa 79       		.byte	0x79
 353 00fb 0F       		.uleb128 0xf
 354 00fc 06000000 		.4byte	.LASF31
 355 0100 06       		.byte	0x6
 356 0101 B4       		.byte	0xb4
 357 0102 08       		.byte	0x8
 358 0103 0D010000 		.4byte	0x10d
 359 0107 10       		.uleb128 0x10
 360 0108 0D010000 		.4byte	0x10d
 361 010c 00       		.byte	0
 362 010d 11       		.uleb128 0x11
 363 010e 04       		.byte	0x4
 364 010f CC000000 		.4byte	0xcc
 365 0113 04       		.uleb128 0x4
 366 0114 49000000 		.4byte	.LASF21
 367 0118 0B       		.byte	0xb
 368 0119 6C       		.byte	0x6c
 369 011a 04       		.uleb128 0x4
 370 011b 62000000 		.4byte	.LASF22
 371 011f 05       		.byte	0x5
 372 0120 51       		.byte	0x51
 373 0121 07       		.uleb128 0x7
 374 0122 82000000 		.4byte	.LASF26
 375 0126 BA       		.byte	0xba
 376 0127 00000000 		.4byte	.LFB9
 377 012b 5C000000 		.4byte	.LFE9-.LFB9
 378 012f 01       		.uleb128 0x1
 379 0130 9C       		.byte	0x9c
 380 0131 AD010000 		.4byte	0x1ad
 381 0135 12       		.uleb128 0x12
 382 0136 00000000 		.4byte	.LASF32
 383 013a 01       		.byte	0x1
 384 013b BA       		.byte	0xba
 385 013c 20       		.byte	0x20
 386 013d AF000000 		.4byte	0xaf
 387 0141 10000000 		.4byte	.LLST2
 388 0145 0C000000 		.4byte	.LVUS2
 389 0149 08       		.uleb128 0x8
 390 014a 1E000000 		.4byte	.LASF24
 391 014e BB       		.byte	0xbb
 392 014f AF000000 		.4byte	0xaf
 393 0153 25000000 		.4byte	.LLST3
 394 0157 23000000 		.4byte	.LVUS3
 395 015b 08       		.uleb128 0x8
 396 015c 03020000 		.4byte	.LASF25
 397 0160 BC       		.byte	0xbc
 398 0161 AF000000 		.4byte	0xaf
 399 0165 30000000 		.4byte	.LLST4
ARM GAS  /tmp/cc1GLup1.s 			page 8


 400 0169 2E000000 		.4byte	.LVUS4
 401 016d 13       		.uleb128 0x13
 402 016e AD010000 		.4byte	0x1ad
 403 0172 2C000000 		.4byte	.LBI4
 404 0176 01       		.byte	.LVU38
 405 0177 0C000000 		.4byte	.LLRL5
 406 017b 01       		.byte	0x1
 407 017c BD       		.byte	0xbd
 408 017d 0A       		.byte	0xa
 409 017e 05       		.uleb128 0x5
 410 017f CA010000 		.4byte	0x1ca
 411 0183 3D000000 		.4byte	.LLST6
 412 0187 39000000 		.4byte	.LVUS6
 413 018b 05       		.uleb128 0x5
 414 018c BE010000 		.4byte	0x1be
 415 0190 51000000 		.4byte	.LLST7
 416 0194 4D000000 		.4byte	.LVUS7
 417 0198 14       		.uleb128 0x14
 418 0199 0C000000 		.4byte	.LLRL5
 419 019d 09       		.uleb128 0x9
 420 019e D6010000 		.4byte	0x1d6
 421 01a2 65000000 		.4byte	.LLST8
 422 01a6 61000000 		.4byte	.LVUS8
 423 01aa 00       		.byte	0
 424 01ab 00       		.byte	0
 425 01ac 00       		.byte	0
 426 01ad 15       		.uleb128 0x15
 427 01ae C3010000 		.4byte	.LASF33
 428 01b2 01       		.byte	0x1
 429 01b3 A7       		.byte	0xa7
 430 01b4 08       		.byte	0x8
 431 01b5 9C000000 		.4byte	0x9c
 432 01b9 01       		.byte	0x1
 433 01ba E3010000 		.4byte	0x1e3
 434 01be 16       		.uleb128 0x16
 435 01bf 1E000000 		.4byte	.LASF24
 436 01c3 01       		.byte	0x1
 437 01c4 A7       		.byte	0xa7
 438 01c5 26       		.byte	0x26
 439 01c6 AF000000 		.4byte	0xaf
 440 01ca 17       		.uleb128 0x17
 441 01cb 656E6400 		.ascii	"end\000"
 442 01cf 01       		.byte	0x1
 443 01d0 A7       		.byte	0xa7
 444 01d1 38       		.byte	0x38
 445 01d2 AF000000 		.4byte	0xaf
 446 01d6 18       		.uleb128 0x18
 447 01d7 6E6F7700 		.ascii	"now\000"
 448 01db 01       		.byte	0x1
 449 01dc A8       		.byte	0xa8
 450 01dd 0E       		.byte	0xe
 451 01de AF000000 		.4byte	0xaf
 452 01e2 00       		.byte	0
 453 01e3 07       		.uleb128 0x7
 454 01e4 33000000 		.4byte	.LASF27
 455 01e8 3D       		.byte	0x3d
 456 01e9 00000000 		.4byte	.LFB7
ARM GAS  /tmp/cc1GLup1.s 			page 9


 457 01ed 2C000000 		.4byte	.LFE7-.LFB7
 458 01f1 01       		.uleb128 0x1
 459 01f2 9C       		.byte	0x9c
 460 01f3 37020000 		.4byte	0x237
 461 01f7 03       		.uleb128 0x3
 462 01f8 08000000 		.4byte	.LVL0
 463 01fc 1A010000 		.4byte	0x11a
 464 0200 03       		.uleb128 0x3
 465 0201 0C000000 		.4byte	.LVL1
 466 0205 13010000 		.4byte	0x113
 467 0209 03       		.uleb128 0x3
 468 020a 14000000 		.4byte	.LVL2
 469 020e FB000000 		.4byte	0xfb
 470 0212 03       		.uleb128 0x3
 471 0213 18000000 		.4byte	.LVL3
 472 0217 F4000000 		.4byte	0xf4
 473 021b 03       		.uleb128 0x3
 474 021c 1C000000 		.4byte	.LVL4
 475 0220 EC000000 		.4byte	0xec
 476 0224 03       		.uleb128 0x3
 477 0225 20000000 		.4byte	.LVL5
 478 0229 E4000000 		.4byte	0xe4
 479 022d 19       		.uleb128 0x19
 480 022e 28000000 		.4byte	.LVL6
 481 0232 DD000000 		.4byte	0xdd
 482 0236 00       		.byte	0
 483 0237 1A       		.uleb128 0x1a
 484 0238 AD010000 		.4byte	0x1ad
 485 023c 00000000 		.4byte	.LFB8
 486 0240 48000000 		.4byte	.LFE8-.LFB8
 487 0244 01       		.uleb128 0x1
 488 0245 9C       		.byte	0x9c
 489 0246 05       		.uleb128 0x5
 490 0247 BE010000 		.4byte	0x1be
 491 024b 7D000000 		.4byte	.LLST0
 492 024f 75000000 		.4byte	.LVUS0
 493 0253 1B       		.uleb128 0x1b
 494 0254 CA010000 		.4byte	0x1ca
 495 0258 01       		.uleb128 0x1
 496 0259 51       		.byte	0x51
 497 025a 09       		.uleb128 0x9
 498 025b D6010000 		.4byte	0x1d6
 499 025f 99000000 		.4byte	.LLST1
 500 0263 97000000 		.4byte	.LVUS1
 501 0267 00       		.byte	0
 502 0268 00       		.byte	0
 503              		.section	.debug_abbrev,"",%progbits
 504              	.Ldebug_abbrev0:
 505 0000 01       		.uleb128 0x1
 506 0001 24       		.uleb128 0x24
 507 0002 00       		.byte	0
 508 0003 0B       		.uleb128 0xb
 509 0004 0B       		.uleb128 0xb
 510 0005 3E       		.uleb128 0x3e
 511 0006 0B       		.uleb128 0xb
 512 0007 03       		.uleb128 0x3
 513 0008 0E       		.uleb128 0xe
ARM GAS  /tmp/cc1GLup1.s 			page 10


 514 0009 00       		.byte	0
 515 000a 00       		.byte	0
 516 000b 02       		.uleb128 0x2
 517 000c 16       		.uleb128 0x16
 518 000d 00       		.byte	0
 519 000e 03       		.uleb128 0x3
 520 000f 0E       		.uleb128 0xe
 521 0010 3A       		.uleb128 0x3a
 522 0011 0B       		.uleb128 0xb
 523 0012 3B       		.uleb128 0x3b
 524 0013 0B       		.uleb128 0xb
 525 0014 39       		.uleb128 0x39
 526 0015 0B       		.uleb128 0xb
 527 0016 49       		.uleb128 0x49
 528 0017 13       		.uleb128 0x13
 529 0018 00       		.byte	0
 530 0019 00       		.byte	0
 531 001a 03       		.uleb128 0x3
 532 001b 48       		.uleb128 0x48
 533 001c 00       		.byte	0
 534 001d 7D       		.uleb128 0x7d
 535 001e 01       		.uleb128 0x1
 536 001f 7F       		.uleb128 0x7f
 537 0020 13       		.uleb128 0x13
 538 0021 00       		.byte	0
 539 0022 00       		.byte	0
 540 0023 04       		.uleb128 0x4
 541 0024 2E       		.uleb128 0x2e
 542 0025 00       		.byte	0
 543 0026 3F       		.uleb128 0x3f
 544 0027 19       		.uleb128 0x19
 545 0028 03       		.uleb128 0x3
 546 0029 0E       		.uleb128 0xe
 547 002a 3A       		.uleb128 0x3a
 548 002b 0B       		.uleb128 0xb
 549 002c 3B       		.uleb128 0x3b
 550 002d 0B       		.uleb128 0xb
 551 002e 39       		.uleb128 0x39
 552 002f 21       		.uleb128 0x21
 553 0030 08       		.sleb128 8
 554 0031 27       		.uleb128 0x27
 555 0032 19       		.uleb128 0x19
 556 0033 3C       		.uleb128 0x3c
 557 0034 19       		.uleb128 0x19
 558 0035 00       		.byte	0
 559 0036 00       		.byte	0
 560 0037 05       		.uleb128 0x5
 561 0038 05       		.uleb128 0x5
 562 0039 00       		.byte	0
 563 003a 31       		.uleb128 0x31
 564 003b 13       		.uleb128 0x13
 565 003c 02       		.uleb128 0x2
 566 003d 17       		.uleb128 0x17
 567 003e B742     		.uleb128 0x2137
 568 0040 17       		.uleb128 0x17
 569 0041 00       		.byte	0
 570 0042 00       		.byte	0
ARM GAS  /tmp/cc1GLup1.s 			page 11


 571 0043 06       		.uleb128 0x6
 572 0044 2E       		.uleb128 0x2e
 573 0045 00       		.byte	0
 574 0046 3F       		.uleb128 0x3f
 575 0047 19       		.uleb128 0x19
 576 0048 03       		.uleb128 0x3
 577 0049 0E       		.uleb128 0xe
 578 004a 3A       		.uleb128 0x3a
 579 004b 0B       		.uleb128 0xb
 580 004c 3B       		.uleb128 0x3b
 581 004d 05       		.uleb128 0x5
 582 004e 39       		.uleb128 0x39
 583 004f 21       		.uleb128 0x21
 584 0050 08       		.sleb128 8
 585 0051 27       		.uleb128 0x27
 586 0052 19       		.uleb128 0x19
 587 0053 3C       		.uleb128 0x3c
 588 0054 19       		.uleb128 0x19
 589 0055 00       		.byte	0
 590 0056 00       		.byte	0
 591 0057 07       		.uleb128 0x7
 592 0058 2E       		.uleb128 0x2e
 593 0059 01       		.byte	0x1
 594 005a 3F       		.uleb128 0x3f
 595 005b 19       		.uleb128 0x19
 596 005c 03       		.uleb128 0x3
 597 005d 0E       		.uleb128 0xe
 598 005e 3A       		.uleb128 0x3a
 599 005f 21       		.uleb128 0x21
 600 0060 01       		.sleb128 1
 601 0061 3B       		.uleb128 0x3b
 602 0062 0B       		.uleb128 0xb
 603 0063 39       		.uleb128 0x39
 604 0064 21       		.uleb128 0x21
 605 0065 06       		.sleb128 6
 606 0066 27       		.uleb128 0x27
 607 0067 19       		.uleb128 0x19
 608 0068 11       		.uleb128 0x11
 609 0069 01       		.uleb128 0x1
 610 006a 12       		.uleb128 0x12
 611 006b 06       		.uleb128 0x6
 612 006c 40       		.uleb128 0x40
 613 006d 18       		.uleb128 0x18
 614 006e 7A       		.uleb128 0x7a
 615 006f 19       		.uleb128 0x19
 616 0070 01       		.uleb128 0x1
 617 0071 13       		.uleb128 0x13
 618 0072 00       		.byte	0
 619 0073 00       		.byte	0
 620 0074 08       		.uleb128 0x8
 621 0075 34       		.uleb128 0x34
 622 0076 00       		.byte	0
 623 0077 03       		.uleb128 0x3
 624 0078 0E       		.uleb128 0xe
 625 0079 3A       		.uleb128 0x3a
 626 007a 21       		.uleb128 0x21
 627 007b 01       		.sleb128 1
ARM GAS  /tmp/cc1GLup1.s 			page 12


 628 007c 3B       		.uleb128 0x3b
 629 007d 0B       		.uleb128 0xb
 630 007e 39       		.uleb128 0x39
 631 007f 21       		.uleb128 0x21
 632 0080 0E       		.sleb128 14
 633 0081 49       		.uleb128 0x49
 634 0082 13       		.uleb128 0x13
 635 0083 02       		.uleb128 0x2
 636 0084 17       		.uleb128 0x17
 637 0085 B742     		.uleb128 0x2137
 638 0087 17       		.uleb128 0x17
 639 0088 00       		.byte	0
 640 0089 00       		.byte	0
 641 008a 09       		.uleb128 0x9
 642 008b 34       		.uleb128 0x34
 643 008c 00       		.byte	0
 644 008d 31       		.uleb128 0x31
 645 008e 13       		.uleb128 0x13
 646 008f 02       		.uleb128 0x2
 647 0090 17       		.uleb128 0x17
 648 0091 B742     		.uleb128 0x2137
 649 0093 17       		.uleb128 0x17
 650 0094 00       		.byte	0
 651 0095 00       		.byte	0
 652 0096 0A       		.uleb128 0xa
 653 0097 11       		.uleb128 0x11
 654 0098 01       		.byte	0x1
 655 0099 25       		.uleb128 0x25
 656 009a 0E       		.uleb128 0xe
 657 009b 13       		.uleb128 0x13
 658 009c 0B       		.uleb128 0xb
 659 009d 03       		.uleb128 0x3
 660 009e 0E       		.uleb128 0xe
 661 009f 1B       		.uleb128 0x1b
 662 00a0 0E       		.uleb128 0xe
 663 00a1 55       		.uleb128 0x55
 664 00a2 17       		.uleb128 0x17
 665 00a3 11       		.uleb128 0x11
 666 00a4 01       		.uleb128 0x1
 667 00a5 10       		.uleb128 0x10
 668 00a6 17       		.uleb128 0x17
 669 00a7 00       		.byte	0
 670 00a8 00       		.byte	0
 671 00a9 0B       		.uleb128 0xb
 672 00aa 24       		.uleb128 0x24
 673 00ab 00       		.byte	0
 674 00ac 0B       		.uleb128 0xb
 675 00ad 0B       		.uleb128 0xb
 676 00ae 3E       		.uleb128 0x3e
 677 00af 0B       		.uleb128 0xb
 678 00b0 03       		.uleb128 0x3
 679 00b1 08       		.uleb128 0x8
 680 00b2 00       		.byte	0
 681 00b3 00       		.byte	0
 682 00b4 0C       		.uleb128 0xc
 683 00b5 13       		.uleb128 0x13
 684 00b6 00       		.byte	0
ARM GAS  /tmp/cc1GLup1.s 			page 13


 685 00b7 0B       		.uleb128 0xb
 686 00b8 0B       		.uleb128 0xb
 687 00b9 3A       		.uleb128 0x3a
 688 00ba 0B       		.uleb128 0xb
 689 00bb 3B       		.uleb128 0x3b
 690 00bc 0B       		.uleb128 0xb
 691 00bd 39       		.uleb128 0x39
 692 00be 0B       		.uleb128 0xb
 693 00bf 00       		.byte	0
 694 00c0 00       		.byte	0
 695 00c1 0D       		.uleb128 0xd
 696 00c2 26       		.uleb128 0x26
 697 00c3 00       		.byte	0
 698 00c4 49       		.uleb128 0x49
 699 00c5 13       		.uleb128 0x13
 700 00c6 00       		.byte	0
 701 00c7 00       		.byte	0
 702 00c8 0E       		.uleb128 0xe
 703 00c9 34       		.uleb128 0x34
 704 00ca 00       		.byte	0
 705 00cb 03       		.uleb128 0x3
 706 00cc 0E       		.uleb128 0xe
 707 00cd 3A       		.uleb128 0x3a
 708 00ce 0B       		.uleb128 0xb
 709 00cf 3B       		.uleb128 0x3b
 710 00d0 0B       		.uleb128 0xb
 711 00d1 39       		.uleb128 0x39
 712 00d2 0B       		.uleb128 0xb
 713 00d3 49       		.uleb128 0x49
 714 00d4 13       		.uleb128 0x13
 715 00d5 3F       		.uleb128 0x3f
 716 00d6 19       		.uleb128 0x19
 717 00d7 3C       		.uleb128 0x3c
 718 00d8 19       		.uleb128 0x19
 719 00d9 00       		.byte	0
 720 00da 00       		.byte	0
 721 00db 0F       		.uleb128 0xf
 722 00dc 2E       		.uleb128 0x2e
 723 00dd 01       		.byte	0x1
 724 00de 3F       		.uleb128 0x3f
 725 00df 19       		.uleb128 0x19
 726 00e0 03       		.uleb128 0x3
 727 00e1 0E       		.uleb128 0xe
 728 00e2 3A       		.uleb128 0x3a
 729 00e3 0B       		.uleb128 0xb
 730 00e4 3B       		.uleb128 0x3b
 731 00e5 0B       		.uleb128 0xb
 732 00e6 39       		.uleb128 0x39
 733 00e7 0B       		.uleb128 0xb
 734 00e8 27       		.uleb128 0x27
 735 00e9 19       		.uleb128 0x19
 736 00ea 3C       		.uleb128 0x3c
 737 00eb 19       		.uleb128 0x19
 738 00ec 01       		.uleb128 0x1
 739 00ed 13       		.uleb128 0x13
 740 00ee 00       		.byte	0
 741 00ef 00       		.byte	0
ARM GAS  /tmp/cc1GLup1.s 			page 14


 742 00f0 10       		.uleb128 0x10
 743 00f1 05       		.uleb128 0x5
 744 00f2 00       		.byte	0
 745 00f3 49       		.uleb128 0x49
 746 00f4 13       		.uleb128 0x13
 747 00f5 00       		.byte	0
 748 00f6 00       		.byte	0
 749 00f7 11       		.uleb128 0x11
 750 00f8 0F       		.uleb128 0xf
 751 00f9 00       		.byte	0
 752 00fa 0B       		.uleb128 0xb
 753 00fb 0B       		.uleb128 0xb
 754 00fc 49       		.uleb128 0x49
 755 00fd 13       		.uleb128 0x13
 756 00fe 00       		.byte	0
 757 00ff 00       		.byte	0
 758 0100 12       		.uleb128 0x12
 759 0101 05       		.uleb128 0x5
 760 0102 00       		.byte	0
 761 0103 03       		.uleb128 0x3
 762 0104 0E       		.uleb128 0xe
 763 0105 3A       		.uleb128 0x3a
 764 0106 0B       		.uleb128 0xb
 765 0107 3B       		.uleb128 0x3b
 766 0108 0B       		.uleb128 0xb
 767 0109 39       		.uleb128 0x39
 768 010a 0B       		.uleb128 0xb
 769 010b 49       		.uleb128 0x49
 770 010c 13       		.uleb128 0x13
 771 010d 02       		.uleb128 0x2
 772 010e 17       		.uleb128 0x17
 773 010f B742     		.uleb128 0x2137
 774 0111 17       		.uleb128 0x17
 775 0112 00       		.byte	0
 776 0113 00       		.byte	0
 777 0114 13       		.uleb128 0x13
 778 0115 1D       		.uleb128 0x1d
 779 0116 01       		.byte	0x1
 780 0117 31       		.uleb128 0x31
 781 0118 13       		.uleb128 0x13
 782 0119 52       		.uleb128 0x52
 783 011a 01       		.uleb128 0x1
 784 011b B842     		.uleb128 0x2138
 785 011d 0B       		.uleb128 0xb
 786 011e 55       		.uleb128 0x55
 787 011f 17       		.uleb128 0x17
 788 0120 58       		.uleb128 0x58
 789 0121 0B       		.uleb128 0xb
 790 0122 59       		.uleb128 0x59
 791 0123 0B       		.uleb128 0xb
 792 0124 57       		.uleb128 0x57
 793 0125 0B       		.uleb128 0xb
 794 0126 00       		.byte	0
 795 0127 00       		.byte	0
 796 0128 14       		.uleb128 0x14
 797 0129 0B       		.uleb128 0xb
 798 012a 01       		.byte	0x1
ARM GAS  /tmp/cc1GLup1.s 			page 15


 799 012b 55       		.uleb128 0x55
 800 012c 17       		.uleb128 0x17
 801 012d 00       		.byte	0
 802 012e 00       		.byte	0
 803 012f 15       		.uleb128 0x15
 804 0130 2E       		.uleb128 0x2e
 805 0131 01       		.byte	0x1
 806 0132 3F       		.uleb128 0x3f
 807 0133 19       		.uleb128 0x19
 808 0134 03       		.uleb128 0x3
 809 0135 0E       		.uleb128 0xe
 810 0136 3A       		.uleb128 0x3a
 811 0137 0B       		.uleb128 0xb
 812 0138 3B       		.uleb128 0x3b
 813 0139 0B       		.uleb128 0xb
 814 013a 39       		.uleb128 0x39
 815 013b 0B       		.uleb128 0xb
 816 013c 27       		.uleb128 0x27
 817 013d 19       		.uleb128 0x19
 818 013e 49       		.uleb128 0x49
 819 013f 13       		.uleb128 0x13
 820 0140 20       		.uleb128 0x20
 821 0141 0B       		.uleb128 0xb
 822 0142 01       		.uleb128 0x1
 823 0143 13       		.uleb128 0x13
 824 0144 00       		.byte	0
 825 0145 00       		.byte	0
 826 0146 16       		.uleb128 0x16
 827 0147 05       		.uleb128 0x5
 828 0148 00       		.byte	0
 829 0149 03       		.uleb128 0x3
 830 014a 0E       		.uleb128 0xe
 831 014b 3A       		.uleb128 0x3a
 832 014c 0B       		.uleb128 0xb
 833 014d 3B       		.uleb128 0x3b
 834 014e 0B       		.uleb128 0xb
 835 014f 39       		.uleb128 0x39
 836 0150 0B       		.uleb128 0xb
 837 0151 49       		.uleb128 0x49
 838 0152 13       		.uleb128 0x13
 839 0153 00       		.byte	0
 840 0154 00       		.byte	0
 841 0155 17       		.uleb128 0x17
 842 0156 05       		.uleb128 0x5
 843 0157 00       		.byte	0
 844 0158 03       		.uleb128 0x3
 845 0159 08       		.uleb128 0x8
 846 015a 3A       		.uleb128 0x3a
 847 015b 0B       		.uleb128 0xb
 848 015c 3B       		.uleb128 0x3b
 849 015d 0B       		.uleb128 0xb
 850 015e 39       		.uleb128 0x39
 851 015f 0B       		.uleb128 0xb
 852 0160 49       		.uleb128 0x49
 853 0161 13       		.uleb128 0x13
 854 0162 00       		.byte	0
 855 0163 00       		.byte	0
ARM GAS  /tmp/cc1GLup1.s 			page 16


 856 0164 18       		.uleb128 0x18
 857 0165 34       		.uleb128 0x34
 858 0166 00       		.byte	0
 859 0167 03       		.uleb128 0x3
 860 0168 08       		.uleb128 0x8
 861 0169 3A       		.uleb128 0x3a
 862 016a 0B       		.uleb128 0xb
 863 016b 3B       		.uleb128 0x3b
 864 016c 0B       		.uleb128 0xb
 865 016d 39       		.uleb128 0x39
 866 016e 0B       		.uleb128 0xb
 867 016f 49       		.uleb128 0x49
 868 0170 13       		.uleb128 0x13
 869 0171 00       		.byte	0
 870 0172 00       		.byte	0
 871 0173 19       		.uleb128 0x19
 872 0174 48       		.uleb128 0x48
 873 0175 00       		.byte	0
 874 0176 7D       		.uleb128 0x7d
 875 0177 01       		.uleb128 0x1
 876 0178 8201     		.uleb128 0x82
 877 017a 19       		.uleb128 0x19
 878 017b 7F       		.uleb128 0x7f
 879 017c 13       		.uleb128 0x13
 880 017d 00       		.byte	0
 881 017e 00       		.byte	0
 882 017f 1A       		.uleb128 0x1a
 883 0180 2E       		.uleb128 0x2e
 884 0181 01       		.byte	0x1
 885 0182 31       		.uleb128 0x31
 886 0183 13       		.uleb128 0x13
 887 0184 11       		.uleb128 0x11
 888 0185 01       		.uleb128 0x1
 889 0186 12       		.uleb128 0x12
 890 0187 06       		.uleb128 0x6
 891 0188 40       		.uleb128 0x40
 892 0189 18       		.uleb128 0x18
 893 018a 7A       		.uleb128 0x7a
 894 018b 19       		.uleb128 0x19
 895 018c 00       		.byte	0
 896 018d 00       		.byte	0
 897 018e 1B       		.uleb128 0x1b
 898 018f 05       		.uleb128 0x5
 899 0190 00       		.byte	0
 900 0191 31       		.uleb128 0x31
 901 0192 13       		.uleb128 0x13
 902 0193 02       		.uleb128 0x2
 903 0194 18       		.uleb128 0x18
 904 0195 00       		.byte	0
 905 0196 00       		.byte	0
 906 0197 00       		.byte	0
 907              		.section	.debug_loclists,"",%progbits
 908 0000 9E000000 		.4byte	.Ldebug_loc3-.Ldebug_loc2
 909              	.Ldebug_loc2:
 910 0004 0500     		.2byte	0x5
 911 0006 04       		.byte	0x4
 912 0007 00       		.byte	0
ARM GAS  /tmp/cc1GLup1.s 			page 17


 913 0008 00000000 		.4byte	0
 914              	.Ldebug_loc0:
 915              	.LVUS2:
 916 000c 00       		.uleb128 0
 917 000d 00       		.uleb128 .LVU32
 918 000e 00       		.uleb128 .LVU32
 919 000f 00       		.uleb128 0
 920              	.LLST2:
 921 0010 06       		.byte	0x6
 922 0011 00000000 		.4byte	.LVL12
 923 0015 04       		.byte	0x4
 924 0016 00       		.uleb128 .LVL12-.LVL12
 925 0017 0C       		.uleb128 .LVL14-.LVL12
 926 0018 01       		.uleb128 0x1
 927 0019 50       		.byte	0x50
 928 001a 04       		.byte	0x4
 929 001b 0C       		.uleb128 .LVL14-.LVL12
 930 001c 5C       		.uleb128 .LFE9-.LVL12
 931 001d 04       		.uleb128 0x4
 932 001e A3       		.byte	0xa3
 933 001f 01       		.uleb128 0x1
 934 0020 50       		.byte	0x50
 935 0021 9F       		.byte	0x9f
 936 0022 00       		.byte	0
 937              	.LVUS3:
 938 0023 00       		.uleb128 .LVU30
 939 0024 00       		.uleb128 0
 940              	.LLST3:
 941 0025 08       		.byte	0x8
 942 0026 08000000 		.4byte	.LVL13
 943 002a 54       		.uleb128 .LFE9-.LVL13
 944 002b 01       		.uleb128 0x1
 945 002c 51       		.byte	0x51
 946 002d 00       		.byte	0
 947              	.LVUS4:
 948 002e 00       		.uleb128 .LVU32
 949 002f 00       		.uleb128 0
 950              	.LLST4:
 951 0030 08       		.byte	0x8
 952 0031 0C000000 		.4byte	.LVL14
 953 0035 50       		.uleb128 .LFE9-.LVL14
 954 0036 01       		.uleb128 0x1
 955 0037 50       		.byte	0x50
 956 0038 00       		.byte	0
 957              	.LVUS6:
 958 0039 00       		.uleb128 .LVU34
 959 003a 00       		.uleb128 .LVU35
 960 003b 01       		.uleb128 .LVU38
 961 003c 00       		.uleb128 .LVU46
 962              	.LLST6:
 963 003d 06       		.byte	0x6
 964 003e 10000000 		.4byte	.LVL15
 965 0042 04       		.byte	0x4
 966 0043 00       		.uleb128 .LVL15-.LVL15
 967 0044 14       		.uleb128 .LVL16-.LVL15
 968 0045 01       		.uleb128 0x1
 969 0046 50       		.byte	0x50
ARM GAS  /tmp/cc1GLup1.s 			page 18


 970 0047 04       		.byte	0x4
 971 0048 1C       		.uleb128 .LVL17-.LVL15
 972 0049 3C       		.uleb128 .LVL19-.LVL15
 973 004a 01       		.uleb128 0x1
 974 004b 50       		.byte	0x50
 975 004c 00       		.byte	0
 976              	.LVUS7:
 977 004d 00       		.uleb128 .LVU34
 978 004e 00       		.uleb128 .LVU35
 979 004f 01       		.uleb128 .LVU38
 980 0050 00       		.uleb128 .LVU46
 981              	.LLST7:
 982 0051 06       		.byte	0x6
 983 0052 10000000 		.4byte	.LVL15
 984 0056 04       		.byte	0x4
 985 0057 00       		.uleb128 .LVL15-.LVL15
 986 0058 14       		.uleb128 .LVL16-.LVL15
 987 0059 01       		.uleb128 0x1
 988 005a 51       		.byte	0x51
 989 005b 04       		.byte	0x4
 990 005c 1C       		.uleb128 .LVL17-.LVL15
 991 005d 3C       		.uleb128 .LVL19-.LVL15
 992 005e 01       		.uleb128 0x1
 993 005f 51       		.byte	0x51
 994 0060 00       		.byte	0
 995              	.LVUS8:
 996 0061 00       		.uleb128 .LVU34
 997 0062 00       		.uleb128 .LVU35
 998 0063 00       		.uleb128 .LVU42
 999 0064 00       		.uleb128 .LVU46
 1000              	.LLST8:
 1001 0065 06       		.byte	0x6
 1002 0066 10000000 		.4byte	.LVL15
 1003 006a 04       		.byte	0x4
 1004 006b 00       		.uleb128 .LVL15-.LVL15
 1005 006c 14       		.uleb128 .LVL16-.LVL15
 1006 006d 01       		.uleb128 0x1
 1007 006e 52       		.byte	0x52
 1008 006f 04       		.byte	0x4
 1009 0070 24       		.uleb128 .LVL18-.LVL15
 1010 0071 3C       		.uleb128 .LVL19-.LVL15
 1011 0072 01       		.uleb128 0x1
 1012 0073 52       		.byte	0x52
 1013 0074 00       		.byte	0
 1014              	.LVUS0:
 1015 0075 00       		.uleb128 0
 1016 0076 00       		.uleb128 .LVU22
 1017 0077 00       		.uleb128 .LVU22
 1018 0078 00       		.uleb128 .LVU23
 1019 0079 00       		.uleb128 .LVU23
 1020 007a 00       		.uleb128 .LVU24
 1021 007b 00       		.uleb128 .LVU24
 1022 007c 00       		.uleb128 0
 1023              	.LLST0:
 1024 007d 06       		.byte	0x6
 1025 007e 00000000 		.4byte	.LVL7
 1026 0082 04       		.byte	0x4
ARM GAS  /tmp/cc1GLup1.s 			page 19


 1027 0083 00       		.uleb128 .LVL7-.LVL7
 1028 0084 1C       		.uleb128 .LVL9-.LVL7
 1029 0085 01       		.uleb128 0x1
 1030 0086 50       		.byte	0x50
 1031 0087 04       		.byte	0x4
 1032 0088 1C       		.uleb128 .LVL9-.LVL7
 1033 0089 2C       		.uleb128 .LVL10-.LVL7
 1034 008a 01       		.uleb128 0x1
 1035 008b 53       		.byte	0x53
 1036 008c 04       		.byte	0x4
 1037 008d 2C       		.uleb128 .LVL10-.LVL7
 1038 008e 34       		.uleb128 .LVL11-.LVL7
 1039 008f 01       		.uleb128 0x1
 1040 0090 50       		.byte	0x50
 1041 0091 04       		.byte	0x4
 1042 0092 34       		.uleb128 .LVL11-.LVL7
 1043 0093 48       		.uleb128 .LFE8-.LVL7
 1044 0094 01       		.uleb128 0x1
 1045 0095 53       		.byte	0x53
 1046 0096 00       		.byte	0
 1047              	.LVUS1:
 1048 0097 00       		.uleb128 .LVU18
 1049 0098 00       		.uleb128 0
 1050              	.LLST1:
 1051 0099 08       		.byte	0x8
 1052 009a 0C000000 		.4byte	.LVL8
 1053 009e 3C       		.uleb128 .LFE8-.LVL8
 1054 009f 01       		.uleb128 0x1
 1055 00a0 52       		.byte	0x52
 1056 00a1 00       		.byte	0
 1057              	.Ldebug_loc3:
 1058              		.section	.debug_aranges,"",%progbits
 1059 0000 2C000000 		.4byte	0x2c
 1060 0004 0200     		.2byte	0x2
 1061 0006 00000000 		.4byte	.Ldebug_info0
 1062 000a 04       		.byte	0x4
 1063 000b 00       		.byte	0
 1064 000c 0000     		.2byte	0
 1065 000e 0000     		.2byte	0
 1066 0010 00000000 		.4byte	.LFB7
 1067 0014 2C000000 		.4byte	.LFE7-.LFB7
 1068 0018 00000000 		.4byte	.LFB8
 1069 001c 48000000 		.4byte	.LFE8-.LFB8
 1070 0020 00000000 		.4byte	.LFB9
 1071 0024 5C000000 		.4byte	.LFE9-.LFB9
 1072 0028 00000000 		.4byte	0
 1073 002c 00000000 		.4byte	0
 1074              		.section	.debug_rnglists,"",%progbits
 1075              	.Ldebug_ranges0:
 1076 0000 27000000 		.4byte	.Ldebug_ranges3-.Ldebug_ranges2
 1077              	.Ldebug_ranges2:
 1078 0004 0500     		.2byte	0x5
 1079 0006 04       		.byte	0x4
 1080 0007 00       		.byte	0
 1081 0008 00000000 		.4byte	0
 1082              	.LLRL5:
 1083 000c 05       		.byte	0x5
ARM GAS  /tmp/cc1GLup1.s 			page 20


 1084 000d 10000000 		.4byte	.LBB4
 1085 0011 04       		.byte	0x4
 1086 0012 00       		.uleb128 .LBB4-.LBB4
 1087 0013 14       		.uleb128 .LBE4-.LBB4
 1088 0014 04       		.byte	0x4
 1089 0015 1C       		.uleb128 .LBB7-.LBB4
 1090 0016 3C       		.uleb128 .LBE7-.LBB4
 1091 0017 00       		.byte	0
 1092              	.LLRL9:
 1093 0018 07       		.byte	0x7
 1094 0019 00000000 		.4byte	.LFB7
 1095 001d 2C       		.uleb128 .LFE7-.LFB7
 1096 001e 07       		.byte	0x7
 1097 001f 00000000 		.4byte	.LFB8
 1098 0023 48       		.uleb128 .LFE8-.LFB8
 1099 0024 07       		.byte	0x7
 1100 0025 00000000 		.4byte	.LFB9
 1101 0029 5C       		.uleb128 .LFE9-.LFB9
 1102 002a 00       		.byte	0
 1103              	.Ldebug_ranges3:
 1104              		.section	.debug_line,"",%progbits
 1105              	.Ldebug_line0:
 1106 0000 4E020000 		.section	.debug_str,"MS",%progbits,1
 1106      03005101 
 1106      00000201 
 1106      FB0E0D00 
 1106      01010101 
 1107              	.LASF32:
 1108 0000 7469636B 		.ascii	"ticks\000"
 1108      7300
 1109              	.LASF31:
 1110 0006 5F70616C 		.ascii	"_pal_lld_init\000"
 1110      5F6C6C64 
 1110      5F696E69 
 1110      7400
 1111              	.LASF6:
 1112 0014 5F5F696E 		.ascii	"__int32_t\000"
 1112      7433325F 
 1112      7400
 1113              	.LASF24:
 1114 001e 73746172 		.ascii	"start\000"
 1114      7400
 1115              	.LASF13:
 1116 0024 626F6F6C 		.ascii	"bool_t\000"
 1116      5F7400
 1117              	.LASF18:
 1118 002b 73706949 		.ascii	"spiInit\000"
 1118      6E697400 
 1119              	.LASF27:
 1120 0033 68616C49 		.ascii	"halInit\000"
 1120      6E697400 
 1121              	.LASF2:
 1122 003b 756E7369 		.ascii	"unsigned char\000"
 1122      676E6564 
 1122      20636861 
 1122      7200
 1123              	.LASF21:
ARM GAS  /tmp/cc1GLup1.s 			page 21


 1124 0049 746D496E 		.ascii	"tmInit\000"
 1124      697400
 1125              	.LASF8:
 1126 0050 6C6F6E67 		.ascii	"long unsigned int\000"
 1126      20756E73 
 1126      69676E65 
 1126      6420696E 
 1126      7400
 1127              	.LASF22:
 1128 0062 68616C5F 		.ascii	"hal_lld_init\000"
 1128      6C6C645F 
 1128      696E6974 
 1128      00
 1129              	.LASF4:
 1130 006f 73686F72 		.ascii	"short unsigned int\000"
 1130      7420756E 
 1130      7369676E 
 1130      65642069 
 1130      6E7400
 1131              	.LASF26:
 1132 0082 68616C50 		.ascii	"halPolledDelay\000"
 1132      6F6C6C65 
 1132      6444656C 
 1132      617900
 1133              	.LASF20:
 1134 0091 69326349 		.ascii	"i2cInit\000"
 1134      6E697400 
 1135              	.LASF16:
 1136 0099 50414C43 		.ascii	"PALConfig\000"
 1136      6F6E6669 
 1136      6700
 1137              	.LASF23:
 1138 00a3 70616C5F 		.ascii	"pal_default_config\000"
 1138      64656661 
 1138      756C745F 
 1138      636F6E66 
 1138      696700
 1139              	.LASF7:
 1140 00b6 5F5F7569 		.ascii	"__uint32_t\000"
 1140      6E743332 
 1140      5F7400
 1141              	.LASF30:
 1142 00c1 2F686F6D 		.ascii	"/home/sergi/uni/seu/ChibiOS-RPi/demos/led\000"
 1142      652F7365 
 1142      7267692F 
 1142      756E692F 
 1142      7365752F 
 1143              	.LASF0:
 1144 00eb 756E7369 		.ascii	"unsigned int\000"
 1144      676E6564 
 1144      20696E74 
 1144      00
 1145              	.LASF15:
 1146 00f8 68616C72 		.ascii	"halrtcnt_t\000"
 1146      74636E74 
 1146      5F7400
 1147              	.LASF10:
ARM GAS  /tmp/cc1GLup1.s 			page 22


 1148 0103 6C6F6E67 		.ascii	"long long unsigned int\000"
 1148      206C6F6E 
 1148      6720756E 
 1148      7369676E 
 1148      65642069 
 1149              	.LASF28:
 1150 011a 474E5520 		.ascii	"GNU C17 11.2.0 -mcpu=arm1176jz-s -mno-thumb-interwo"
 1150      43313720 
 1150      31312E32 
 1150      2E30202D 
 1150      6D637075 
 1151 014d 726B202D 		.ascii	"rk -mfloat-abi=soft -marm -march=armv6kz -ggdb -O2 "
 1151      6D666C6F 
 1151      61742D61 
 1151      62693D73 
 1151      6F667420 
 1152 0180 2D666F6D 		.ascii	"-fomit-frame-pointer -ffunction-sections -fdata-sec"
 1152      69742D66 
 1152      72616D65 
 1152      2D706F69 
 1152      6E746572 
 1153 01b3 74696F6E 		.ascii	"tions\000"
 1153      7300
 1154              	.LASF17:
 1155 01b9 626F6172 		.ascii	"boardInit\000"
 1155      64496E69 
 1155      7400
 1156              	.LASF33:
 1157 01c3 68616C49 		.ascii	"halIsCounterWithin\000"
 1157      73436F75 
 1157      6E746572 
 1157      57697468 
 1157      696E00
 1158              	.LASF11:
 1159 01d6 696E7433 		.ascii	"int32_t\000"
 1159      325F7400 
 1160              	.LASF29:
 1161 01de 2E2E2F2E 		.ascii	"../../os/hal/src/hal.c\000"
 1161      2E2F6F73 
 1161      2F68616C 
 1161      2F737263 
 1161      2F68616C 
 1162              	.LASF9:
 1163 01f5 6C6F6E67 		.ascii	"long long int\000"
 1163      206C6F6E 
 1163      6720696E 
 1163      7400
 1164              	.LASF25:
 1165 0203 74696D65 		.ascii	"timeout\000"
 1165      6F757400 
 1166              	.LASF19:
 1167 020b 7364496E 		.ascii	"sdInit\000"
 1167      697400
 1168              	.LASF3:
 1169 0212 73686F72 		.ascii	"short int\000"
 1169      7420696E 
 1169      7400
ARM GAS  /tmp/cc1GLup1.s 			page 23


 1170              	.LASF12:
 1171 021c 75696E74 		.ascii	"uint32_t\000"
 1171      33325F74 
 1171      00
 1172              	.LASF5:
 1173 0225 6C6F6E67 		.ascii	"long int\000"
 1173      20696E74 
 1173      00
 1174              	.LASF14:
 1175 022e 63686172 		.ascii	"char\000"
 1175      00
 1176              	.LASF1:
 1177 0233 7369676E 		.ascii	"signed char\000"
 1177      65642063 
 1177      68617200 
 1178              		.ident	"GCC: (Arch Repository) 11.2.0"
ARM GAS  /tmp/cc1GLup1.s 			page 24


DEFINED SYMBOLS
                            *ABS*:0000000000000000 hal.c
     /tmp/cc1GLup1.s:16     .text.halInit:0000000000000000 $a
     /tmp/cc1GLup1.s:23     .text.halInit:0000000000000000 halInit
     /tmp/cc1GLup1.s:68     .text.halInit:0000000000000028 $d
     /tmp/cc1GLup1.s:73     .text.halIsCounterWithin:0000000000000000 $a
     /tmp/cc1GLup1.s:79     .text.halIsCounterWithin:0000000000000000 halIsCounterWithin
     /tmp/cc1GLup1.s:125    .text.halIsCounterWithin:0000000000000044 $d
     /tmp/cc1GLup1.s:130    .text.halPolledDelay:0000000000000000 $a
     /tmp/cc1GLup1.s:136    .text.halPolledDelay:0000000000000000 halPolledDelay
     /tmp/cc1GLup1.s:207    .text.halPolledDelay:0000000000000058 $d

UNDEFINED SYMBOLS
hal_lld_init
tmInit
_pal_lld_init
i2cInit
sdInit
spiInit
boardInit
pal_default_config
