ARM GAS  /tmp/ccrgdFfy.s 			page 1


   1              		.cpu arm1176jz-s
   2              		.eabi_attribute 20, 1
   3              		.eabi_attribute 21, 1
   4              		.eabi_attribute 23, 3
   5              		.eabi_attribute 24, 1
   6              		.eabi_attribute 25, 1
   7              		.eabi_attribute 26, 1
   8              		.eabi_attribute 30, 2
   9              		.eabi_attribute 34, 1
  10              		.eabi_attribute 18, 4
  11              		.file	"pwm.c"
  12              		.text
  13              	.Ltext0:
  14              		.cfi_sections	.debug_frame
  15              	.Letext0:
  16              		.section	.debug_info,"",%progbits
  17              	.Ldebug_info0:
  18 0000 68000000 		.4byte	0x68
  19 0004 0500     		.2byte	0x5
  20 0006 01       		.byte	0x1
  21 0007 04       		.byte	0x4
  22 0008 00000000 		.4byte	.Ldebug_abbrev0
  23 000c 02       		.uleb128 0x2
  24 000d 1F000000 		.4byte	.LASF10
  25 0011 1D       		.byte	0x1d
  26 0012 3F010000 		.4byte	.LASF11
  27 0016 15010000 		.4byte	.LASF12
  28 001a 00000000 		.4byte	.Ldebug_line0
  29 001e 03       		.uleb128 0x3
  30 001f 04       		.byte	0x4
  31 0020 05       		.byte	0x5
  32 0021 696E7400 		.ascii	"int\000"
  33 0025 01       		.uleb128 0x1
  34 0026 04       		.byte	0x4
  35 0027 07       		.byte	0x7
  36 0028 00000000 		.4byte	.LASF0
  37 002c 01       		.uleb128 0x1
  38 002d 01       		.byte	0x1
  39 002e 06       		.byte	0x6
  40 002f BE000000 		.4byte	.LASF1
  41 0033 01       		.uleb128 0x1
  42 0034 01       		.byte	0x1
  43 0035 08       		.byte	0x8
  44 0036 FE000000 		.4byte	.LASF2
  45 003a 01       		.uleb128 0x1
  46 003b 02       		.byte	0x2
  47 003c 05       		.byte	0x5
  48 003d DD000000 		.4byte	.LASF3
  49 0041 01       		.uleb128 0x1
  50 0042 02       		.byte	0x2
  51 0043 07       		.byte	0x7
  52 0044 CA000000 		.4byte	.LASF4
  53 0048 01       		.uleb128 0x1
  54 0049 04       		.byte	0x4
  55 004a 05       		.byte	0x5
  56 004b 0C010000 		.4byte	.LASF5
  57 004f 01       		.uleb128 0x1
ARM GAS  /tmp/ccrgdFfy.s 			page 2


  58 0050 04       		.byte	0x4
  59 0051 07       		.byte	0x7
  60 0052 0D000000 		.4byte	.LASF6
  61 0056 01       		.uleb128 0x1
  62 0057 08       		.byte	0x8
  63 0058 05       		.byte	0x5
  64 0059 5B010000 		.4byte	.LASF7
  65 005d 01       		.uleb128 0x1
  66 005e 08       		.byte	0x8
  67 005f 07       		.byte	0x7
  68 0060 E7000000 		.4byte	.LASF8
  69 0064 01       		.uleb128 0x1
  70 0065 01       		.byte	0x1
  71 0066 08       		.byte	0x8
  72 0067 56010000 		.4byte	.LASF9
  73 006b 00       		.byte	0
  74              		.section	.debug_abbrev,"",%progbits
  75              	.Ldebug_abbrev0:
  76 0000 01       		.uleb128 0x1
  77 0001 24       		.uleb128 0x24
  78 0002 00       		.byte	0
  79 0003 0B       		.uleb128 0xb
  80 0004 0B       		.uleb128 0xb
  81 0005 3E       		.uleb128 0x3e
  82 0006 0B       		.uleb128 0xb
  83 0007 03       		.uleb128 0x3
  84 0008 0E       		.uleb128 0xe
  85 0009 00       		.byte	0
  86 000a 00       		.byte	0
  87 000b 02       		.uleb128 0x2
  88 000c 11       		.uleb128 0x11
  89 000d 01       		.byte	0x1
  90 000e 25       		.uleb128 0x25
  91 000f 0E       		.uleb128 0xe
  92 0010 13       		.uleb128 0x13
  93 0011 0B       		.uleb128 0xb
  94 0012 03       		.uleb128 0x3
  95 0013 0E       		.uleb128 0xe
  96 0014 1B       		.uleb128 0x1b
  97 0015 0E       		.uleb128 0xe
  98 0016 10       		.uleb128 0x10
  99 0017 17       		.uleb128 0x17
 100 0018 00       		.byte	0
 101 0019 00       		.byte	0
 102 001a 03       		.uleb128 0x3
 103 001b 24       		.uleb128 0x24
 104 001c 00       		.byte	0
 105 001d 0B       		.uleb128 0xb
 106 001e 0B       		.uleb128 0xb
 107 001f 3E       		.uleb128 0x3e
 108 0020 0B       		.uleb128 0xb
 109 0021 03       		.uleb128 0x3
 110 0022 08       		.uleb128 0x8
 111 0023 00       		.byte	0
 112 0024 00       		.byte	0
 113 0025 00       		.byte	0
 114              		.section	.debug_aranges,"",%progbits
ARM GAS  /tmp/ccrgdFfy.s 			page 3


 115 0000 14000000 		.4byte	0x14
 116 0004 0200     		.2byte	0x2
 117 0006 00000000 		.4byte	.Ldebug_info0
 118 000a 04       		.byte	0x4
 119 000b 00       		.byte	0
 120 000c 0000     		.2byte	0
 121 000e 0000     		.2byte	0
 122 0010 00000000 		.4byte	0
 123 0014 00000000 		.4byte	0
 124              		.section	.debug_line,"",%progbits
 125              	.Ldebug_line0:
 126 0000 19000000 		.section	.debug_str,"MS",%progbits,1
 126      03001300 
 126      00000201 
 126      FB0E0D00 
 126      01010101 
 127              	.LASF0:
 128 0000 756E7369 		.ascii	"unsigned int\000"
 128      676E6564 
 128      20696E74 
 128      00
 129              	.LASF6:
 130 000d 6C6F6E67 		.ascii	"long unsigned int\000"
 130      20756E73 
 130      69676E65 
 130      6420696E 
 130      7400
 131              	.LASF10:
 132 001f 474E5520 		.ascii	"GNU C17 11.2.0 -mcpu=arm1176jz-s -mno-thumb-interwo"
 132      43313720 
 132      31312E32 
 132      2E30202D 
 132      6D637075 
 133 0052 726B202D 		.ascii	"rk -mfloat-abi=soft -marm -march=armv6kz -ggdb -O2 "
 133      6D666C6F 
 133      61742D61 
 133      62693D73 
 133      6F667420 
 134 0085 2D666F6D 		.ascii	"-fomit-frame-pointer -ffunction-sections -fdata-sec"
 134      69742D66 
 134      72616D65 
 134      2D706F69 
 134      6E746572 
 135 00b8 74696F6E 		.ascii	"tions\000"
 135      7300
 136              	.LASF1:
 137 00be 7369676E 		.ascii	"signed char\000"
 137      65642063 
 137      68617200 
 138              	.LASF4:
 139 00ca 73686F72 		.ascii	"short unsigned int\000"
 139      7420756E 
 139      7369676E 
 139      65642069 
 139      6E7400
 140              	.LASF3:
 141 00dd 73686F72 		.ascii	"short int\000"
ARM GAS  /tmp/ccrgdFfy.s 			page 4


 141      7420696E 
 141      7400
 142              	.LASF8:
 143 00e7 6C6F6E67 		.ascii	"long long unsigned int\000"
 143      206C6F6E 
 143      6720756E 
 143      7369676E 
 143      65642069 
 144              	.LASF2:
 145 00fe 756E7369 		.ascii	"unsigned char\000"
 145      676E6564 
 145      20636861 
 145      7200
 146              	.LASF5:
 147 010c 6C6F6E67 		.ascii	"long int\000"
 147      20696E74 
 147      00
 148              	.LASF12:
 149 0115 2F686F6D 		.ascii	"/home/sergi/uni/seu/ChibiOS-RPi/demos/led\000"
 149      652F7365 
 149      7267692F 
 149      756E692F 
 149      7365752F 
 150              	.LASF11:
 151 013f 2E2E2F2E 		.ascii	"../../os/hal/src/pwm.c\000"
 151      2E2F6F73 
 151      2F68616C 
 151      2F737263 
 151      2F70776D 
 152              	.LASF9:
 153 0156 63686172 		.ascii	"char\000"
 153      00
 154              	.LASF7:
 155 015b 6C6F6E67 		.ascii	"long long int\000"
 155      206C6F6E 
 155      6720696E 
 155      7400
 156              		.ident	"GCC: (Arch Repository) 11.2.0"
ARM GAS  /tmp/ccrgdFfy.s 			page 5


DEFINED SYMBOLS
                            *ABS*:0000000000000000 pwm.c

NO UNDEFINED SYMBOLS
