ARM GAS  /tmp/ccpx86Qg.s 			page 1


   1              		.cpu arm1176jz-s
   2              		.eabi_attribute 20, 1
   3              		.eabi_attribute 21, 1
   4              		.eabi_attribute 23, 3
   5              		.eabi_attribute 24, 1
   6              		.eabi_attribute 25, 1
   7              		.eabi_attribute 26, 1
   8              		.eabi_attribute 30, 2
   9              		.eabi_attribute 34, 1
  10              		.eabi_attribute 18, 4
  11              		.file	"usb.c"
  12              		.text
  13              	.Ltext0:
  14              		.cfi_sections	.debug_frame
  15              	.Letext0:
  16              		.section	.debug_info,"",%progbits
  17              	.Ldebug_info0:
  18 0000 6F000000 		.4byte	0x6f
  19 0004 0500     		.2byte	0x5
  20 0006 01       		.byte	0x1
  21 0007 04       		.byte	0x4
  22 0008 00000000 		.4byte	.Ldebug_abbrev0
  23 000c 02       		.uleb128 0x2
  24 000d 1F000000 		.4byte	.LASF11
  25 0011 1D       		.byte	0x1d
  26 0012 F7000000 		.4byte	.LASF12
  27 0016 25010000 		.4byte	.LASF13
  28 001a 00000000 		.4byte	.Ldebug_line0
  29 001e 03       		.uleb128 0x3
  30 001f 04       		.byte	0x4
  31 0020 05       		.byte	0x5
  32 0021 696E7400 		.ascii	"int\000"
  33 0025 01       		.uleb128 0x1
  34 0026 04       		.byte	0x4
  35 0027 07       		.byte	0x7
  36 0028 00000000 		.4byte	.LASF0
  37 002c 01       		.uleb128 0x1
  38 002d 08       		.byte	0x8
  39 002e 05       		.byte	0x5
  40 002f 67010000 		.4byte	.LASF1
  41 0033 01       		.uleb128 0x1
  42 0034 08       		.byte	0x8
  43 0035 04       		.byte	0x4
  44 0036 CA000000 		.4byte	.LASF2
  45 003a 01       		.uleb128 0x1
  46 003b 01       		.byte	0x1
  47 003c 06       		.byte	0x6
  48 003d BE000000 		.4byte	.LASF3
  49 0041 01       		.uleb128 0x1
  50 0042 01       		.byte	0x1
  51 0043 08       		.byte	0x8
  52 0044 0E010000 		.4byte	.LASF4
  53 0048 01       		.uleb128 0x1
  54 0049 02       		.byte	0x2
  55 004a 05       		.byte	0x5
  56 004b D6000000 		.4byte	.LASF5
  57 004f 01       		.uleb128 0x1
ARM GAS  /tmp/ccpx86Qg.s 			page 2


  58 0050 02       		.byte	0x2
  59 0051 07       		.byte	0x7
  60 0052 54010000 		.4byte	.LASF6
  61 0056 01       		.uleb128 0x1
  62 0057 04       		.byte	0x4
  63 0058 05       		.byte	0x5
  64 0059 1C010000 		.4byte	.LASF7
  65 005d 01       		.uleb128 0x1
  66 005e 04       		.byte	0x4
  67 005f 07       		.byte	0x7
  68 0060 0D000000 		.4byte	.LASF8
  69 0064 01       		.uleb128 0x1
  70 0065 08       		.byte	0x8
  71 0066 07       		.byte	0x7
  72 0067 E0000000 		.4byte	.LASF9
  73 006b 01       		.uleb128 0x1
  74 006c 01       		.byte	0x1
  75 006d 08       		.byte	0x8
  76 006e 4F010000 		.4byte	.LASF10
  77 0072 00       		.byte	0
  78              		.section	.debug_abbrev,"",%progbits
  79              	.Ldebug_abbrev0:
  80 0000 01       		.uleb128 0x1
  81 0001 24       		.uleb128 0x24
  82 0002 00       		.byte	0
  83 0003 0B       		.uleb128 0xb
  84 0004 0B       		.uleb128 0xb
  85 0005 3E       		.uleb128 0x3e
  86 0006 0B       		.uleb128 0xb
  87 0007 03       		.uleb128 0x3
  88 0008 0E       		.uleb128 0xe
  89 0009 00       		.byte	0
  90 000a 00       		.byte	0
  91 000b 02       		.uleb128 0x2
  92 000c 11       		.uleb128 0x11
  93 000d 01       		.byte	0x1
  94 000e 25       		.uleb128 0x25
  95 000f 0E       		.uleb128 0xe
  96 0010 13       		.uleb128 0x13
  97 0011 0B       		.uleb128 0xb
  98 0012 03       		.uleb128 0x3
  99 0013 0E       		.uleb128 0xe
 100 0014 1B       		.uleb128 0x1b
 101 0015 0E       		.uleb128 0xe
 102 0016 10       		.uleb128 0x10
 103 0017 17       		.uleb128 0x17
 104 0018 00       		.byte	0
 105 0019 00       		.byte	0
 106 001a 03       		.uleb128 0x3
 107 001b 24       		.uleb128 0x24
 108 001c 00       		.byte	0
 109 001d 0B       		.uleb128 0xb
 110 001e 0B       		.uleb128 0xb
 111 001f 3E       		.uleb128 0x3e
 112 0020 0B       		.uleb128 0xb
 113 0021 03       		.uleb128 0x3
 114 0022 08       		.uleb128 0x8
ARM GAS  /tmp/ccpx86Qg.s 			page 3


 115 0023 00       		.byte	0
 116 0024 00       		.byte	0
 117 0025 00       		.byte	0
 118              		.section	.debug_aranges,"",%progbits
 119 0000 14000000 		.4byte	0x14
 120 0004 0200     		.2byte	0x2
 121 0006 00000000 		.4byte	.Ldebug_info0
 122 000a 04       		.byte	0x4
 123 000b 00       		.byte	0
 124 000c 0000     		.2byte	0
 125 000e 0000     		.2byte	0
 126 0010 00000000 		.4byte	0
 127 0014 00000000 		.4byte	0
 128              		.section	.debug_line,"",%progbits
 129              	.Ldebug_line0:
 130 0000 19000000 		.section	.debug_str,"MS",%progbits,1
 130      03001300 
 130      00000201 
 130      FB0E0D00 
 130      01010101 
 131              	.LASF0:
 132 0000 756E7369 		.ascii	"unsigned int\000"
 132      676E6564 
 132      20696E74 
 132      00
 133              	.LASF8:
 134 000d 6C6F6E67 		.ascii	"long unsigned int\000"
 134      20756E73 
 134      69676E65 
 134      6420696E 
 134      7400
 135              	.LASF11:
 136 001f 474E5520 		.ascii	"GNU C17 11.2.0 -mcpu=arm1176jz-s -mno-thumb-interwo"
 136      43313720 
 136      31312E32 
 136      2E30202D 
 136      6D637075 
 137 0052 726B202D 		.ascii	"rk -mfloat-abi=soft -marm -march=armv6kz -ggdb -O2 "
 137      6D666C6F 
 137      61742D61 
 137      62693D73 
 137      6F667420 
 138 0085 2D666F6D 		.ascii	"-fomit-frame-pointer -ffunction-sections -fdata-sec"
 138      69742D66 
 138      72616D65 
 138      2D706F69 
 138      6E746572 
 139 00b8 74696F6E 		.ascii	"tions\000"
 139      7300
 140              	.LASF3:
 141 00be 7369676E 		.ascii	"signed char\000"
 141      65642063 
 141      68617200 
 142              	.LASF2:
 143 00ca 6C6F6E67 		.ascii	"long double\000"
 143      20646F75 
 143      626C6500 
ARM GAS  /tmp/ccpx86Qg.s 			page 4


 144              	.LASF5:
 145 00d6 73686F72 		.ascii	"short int\000"
 145      7420696E 
 145      7400
 146              	.LASF9:
 147 00e0 6C6F6E67 		.ascii	"long long unsigned int\000"
 147      206C6F6E 
 147      6720756E 
 147      7369676E 
 147      65642069 
 148              	.LASF12:
 149 00f7 2E2E2F2E 		.ascii	"../../os/hal/src/usb.c\000"
 149      2E2F6F73 
 149      2F68616C 
 149      2F737263 
 149      2F757362 
 150              	.LASF4:
 151 010e 756E7369 		.ascii	"unsigned char\000"
 151      676E6564 
 151      20636861 
 151      7200
 152              	.LASF7:
 153 011c 6C6F6E67 		.ascii	"long int\000"
 153      20696E74 
 153      00
 154              	.LASF13:
 155 0125 2F686F6D 		.ascii	"/home/sergi/uni/seu/ChibiOS-RPi/demos/led\000"
 155      652F7365 
 155      7267692F 
 155      756E692F 
 155      7365752F 
 156              	.LASF10:
 157 014f 63686172 		.ascii	"char\000"
 157      00
 158              	.LASF6:
 159 0154 73686F72 		.ascii	"short unsigned int\000"
 159      7420756E 
 159      7369676E 
 159      65642069 
 159      6E7400
 160              	.LASF1:
 161 0167 6C6F6E67 		.ascii	"long long int\000"
 161      206C6F6E 
 161      6720696E 
 161      7400
 162              		.ident	"GCC: (Arch Repository) 11.2.0"
ARM GAS  /tmp/ccpx86Qg.s 			page 5


DEFINED SYMBOLS
                            *ABS*:0000000000000000 usb.c

NO UNDEFINED SYMBOLS
