ARM GAS  /var/folders/l5/0x54b2c10074c8bt31ycjvl80000gp/T//ccyNBvAY.s 			page 1


   1              		.cpu arm1176jz-s
   2              		.eabi_attribute 20, 1
   3              		.eabi_attribute 21, 1
   4              		.eabi_attribute 23, 3
   5              		.eabi_attribute 24, 1
   6              		.eabi_attribute 25, 1
   7              		.eabi_attribute 26, 1
   8              		.eabi_attribute 30, 2
   9              		.eabi_attribute 34, 1
  10              		.eabi_attribute 18, 4
  11              		.file	"chcore.c"
  12              		.text
  13              	.Ltext0:
  14              		.cfi_sections	.debug_frame
  15              		.section	.text.port_halt,"ax",%progbits
  16              		.align	2
  17              		.weak	port_halt
  18              		.arch armv6kz
  19              		.syntax unified
  20              		.arm
  21              		.fpu softvfp
  22              		.type	port_halt, %function
  23              	port_halt:
  24              	.LFB7:
  25              		.file 1 "../../os/ports/GCC/ARM/chcore.c"
  26              		.loc 1 37 22 view -0
  27              		.cfi_startproc
  28              		@ args = 0, pretend = 0, frame = 0
  29              		@ frame_needed = 0, uses_anonymous_args = 0
  30              		@ link register save eliminated.
  31              		.loc 1 39 3 view .LVU1
  32              		.syntax divided
  33              	@ 39 "../../os/ports/GCC/ARM/chcore.c" 1
  34 0000 00300FE1 		mrs     r3, CPSR                       
  35 0004 803083E3 		orr     r3, #0x80                      
  36 0008 03F021E1 		msr     CPSR_c, r3                     
  37 000c 403083E3 		orr     r3, #0x40                      
  38 0010 03F021E1 		msr     CPSR_c, r3
  39              	@ 0 "" 2
  40              		.arm
  41              		.syntax unified
  42              	.L2:
  43              		.loc 1 39 17 discriminator 1 view .LVU2
  44              		.loc 1 40 3 discriminator 1 view .LVU3
  45              		.loc 1 41 3 discriminator 1 view .LVU4
  46              		.loc 1 39 17 discriminator 1 view .LVU5
  47              		.loc 1 40 3 discriminator 1 view .LVU6
  48              		.loc 1 41 3 discriminator 1 view .LVU7
  49 0014 FEFFFFEA 		b	.L2
  50              		.cfi_endproc
  51              	.LFE7:
  52              		.size	port_halt, .-port_halt
  53              		.text
  54              	.Letext0:
  55              		.file 2 "/usr/local/Cellar/arm-gcc-bin/8-2019-q3-update/arm-none-eabi/include/machine/_default_typ
  56              		.file 3 "/usr/local/Cellar/arm-gcc-bin/8-2019-q3-update/arm-none-eabi/include/sys/_stdint.h"
  57              		.file 4 "../../os/ports/GCC/ARM/chtypes.h"
ARM GAS  /var/folders/l5/0x54b2c10074c8bt31ycjvl80000gp/T//ccyNBvAY.s 			page 2


  58              		.file 5 "../../os/kernel/include/chlists.h"
  59              		.file 6 "../../os/kernel/include/chthreads.h"
  60              		.file 7 "../../os/ports/GCC/ARM/chcore.h"
  61              		.file 8 "../../os/kernel/include/chvt.h"
  62              		.file 9 "../../os/kernel/include/chschd.h"
  63              		.file 10 "../../os/kernel/include/chmtx.h"
  64              		.file 11 "../../os/kernel/include/chregistry.h"
  65              		.file 12 "../../os/kernel/include/ch.h"
  66              		.section	.debug_info,"",%progbits
  67              	.Ldebug_info0:
  68 0000 61060000 		.4byte	0x661
  69 0004 0400     		.2byte	0x4
  70 0006 00000000 		.4byte	.Ldebug_abbrev0
  71 000a 04       		.byte	0x4
  72 000b 01       		.uleb128 0x1
  73 000c 95010000 		.4byte	.LASF96
  74 0010 0C       		.byte	0xc
  75 0011 54010000 		.4byte	.LASF97
  76 0015 8A040000 		.4byte	.LASF98
  77 0019 00000000 		.4byte	.Ldebug_ranges0+0
  78 001d 00000000 		.4byte	0
  79 0021 00000000 		.4byte	.Ldebug_line0
  80 0025 02       		.uleb128 0x2
  81 0026 04       		.byte	0x4
  82 0027 05       		.byte	0x5
  83 0028 696E7400 		.ascii	"int\000"
  84 002c 03       		.uleb128 0x3
  85 002d 04       		.byte	0x4
  86 002e 07       		.byte	0x7
  87 002f 13010000 		.4byte	.LASF0
  88 0033 03       		.uleb128 0x3
  89 0034 01       		.byte	0x1
  90 0035 06       		.byte	0x6
  91 0036 7B000000 		.4byte	.LASF1
  92 003a 04       		.uleb128 0x4
  93 003b 1A000000 		.4byte	.LASF4
  94 003f 02       		.byte	0x2
  95 0040 2B       		.byte	0x2b
  96 0041 18       		.byte	0x18
  97 0042 46000000 		.4byte	0x46
  98 0046 03       		.uleb128 0x3
  99 0047 01       		.byte	0x1
 100 0048 08       		.byte	0x8
 101 0049 3B030000 		.4byte	.LASF2
 102 004d 03       		.uleb128 0x3
 103 004e 02       		.byte	0x2
 104 004f 05       		.byte	0x5
 105 0050 53030000 		.4byte	.LASF3
 106 0054 04       		.uleb128 0x4
 107 0055 EB030000 		.4byte	.LASF5
 108 0059 02       		.byte	0x2
 109 005a 39       		.byte	0x39
 110 005b 19       		.byte	0x19
 111 005c 60000000 		.4byte	0x60
 112 0060 03       		.uleb128 0x3
 113 0061 02       		.byte	0x2
 114 0062 07       		.byte	0x7
ARM GAS  /var/folders/l5/0x54b2c10074c8bt31ycjvl80000gp/T//ccyNBvAY.s 			page 3


 115 0063 74010000 		.4byte	.LASF6
 116 0067 04       		.uleb128 0x4
 117 0068 12040000 		.4byte	.LASF7
 118 006c 02       		.byte	0x2
 119 006d 4D       		.byte	0x4d
 120 006e 18       		.byte	0x18
 121 006f 73000000 		.4byte	0x73
 122 0073 03       		.uleb128 0x3
 123 0074 04       		.byte	0x4
 124 0075 05       		.byte	0x5
 125 0076 BA000000 		.4byte	.LASF8
 126 007a 04       		.uleb128 0x4
 127 007b F7000000 		.4byte	.LASF9
 128 007f 02       		.byte	0x2
 129 0080 4F       		.byte	0x4f
 130 0081 19       		.byte	0x19
 131 0082 86000000 		.4byte	0x86
 132 0086 03       		.uleb128 0x3
 133 0087 04       		.byte	0x4
 134 0088 07       		.byte	0x7
 135 0089 28010000 		.4byte	.LASF10
 136 008d 03       		.uleb128 0x3
 137 008e 08       		.byte	0x8
 138 008f 05       		.byte	0x5
 139 0090 6D000000 		.4byte	.LASF11
 140 0094 03       		.uleb128 0x3
 141 0095 08       		.byte	0x8
 142 0096 07       		.byte	0x7
 143 0097 2B000000 		.4byte	.LASF12
 144 009b 04       		.uleb128 0x4
 145 009c 5E040000 		.4byte	.LASF13
 146 00a0 03       		.byte	0x3
 147 00a1 18       		.byte	0x18
 148 00a2 13       		.byte	0x13
 149 00a3 3A000000 		.4byte	0x3a
 150 00a7 04       		.uleb128 0x4
 151 00a8 CC000000 		.4byte	.LASF14
 152 00ac 03       		.byte	0x3
 153 00ad 24       		.byte	0x24
 154 00ae 14       		.byte	0x14
 155 00af 54000000 		.4byte	0x54
 156 00b3 04       		.uleb128 0x4
 157 00b4 33030000 		.4byte	.LASF15
 158 00b8 03       		.byte	0x3
 159 00b9 2C       		.byte	0x2c
 160 00ba 13       		.byte	0x13
 161 00bb 67000000 		.4byte	0x67
 162 00bf 04       		.uleb128 0x4
 163 00c0 BC030000 		.4byte	.LASF16
 164 00c4 03       		.byte	0x3
 165 00c5 30       		.byte	0x30
 166 00c6 14       		.byte	0x14
 167 00c7 7A000000 		.4byte	0x7a
 168 00cb 04       		.uleb128 0x4
 169 00cc 65020000 		.4byte	.LASF17
 170 00d0 04       		.byte	0x4
 171 00d1 2A       		.byte	0x2a
ARM GAS  /var/folders/l5/0x54b2c10074c8bt31ycjvl80000gp/T//ccyNBvAY.s 			page 4


 172 00d2 19       		.byte	0x19
 173 00d3 9B000000 		.4byte	0x9b
 174 00d7 04       		.uleb128 0x4
 175 00d8 C3000000 		.4byte	.LASF18
 176 00dc 04       		.byte	0x4
 177 00dd 2B       		.byte	0x2b
 178 00de 19       		.byte	0x19
 179 00df 9B000000 		.4byte	0x9b
 180 00e3 04       		.uleb128 0x4
 181 00e4 11030000 		.4byte	.LASF19
 182 00e8 04       		.byte	0x4
 183 00e9 2C       		.byte	0x2c
 184 00ea 19       		.byte	0x19
 185 00eb 9B000000 		.4byte	0x9b
 186 00ef 04       		.uleb128 0x4
 187 00f0 2B030000 		.4byte	.LASF20
 188 00f4 04       		.byte	0x4
 189 00f5 2E       		.byte	0x2e
 190 00f6 19       		.byte	0x19
 191 00f7 BF000000 		.4byte	0xbf
 192 00fb 04       		.uleb128 0x4
 193 00fc 87010000 		.4byte	.LASF21
 194 0100 04       		.byte	0x4
 195 0101 2F       		.byte	0x2f
 196 0102 19       		.byte	0x19
 197 0103 B3000000 		.4byte	0xb3
 198 0107 04       		.uleb128 0x4
 199 0108 79020000 		.4byte	.LASF22
 200 010c 04       		.byte	0x4
 201 010d 31       		.byte	0x31
 202 010e 19       		.byte	0x19
 203 010f BF000000 		.4byte	0xbf
 204 0113 04       		.uleb128 0x4
 205 0114 FD030000 		.4byte	.LASF23
 206 0118 04       		.byte	0x4
 207 0119 33       		.byte	0x33
 208 011a 19       		.byte	0x19
 209 011b BF000000 		.4byte	0xbf
 210 011f 05       		.uleb128 0x5
 211 0120 13010000 		.4byte	0x113
 212 0124 04       		.uleb128 0x4
 213 0125 9D030000 		.4byte	.LASF24
 214 0129 05       		.byte	0x5
 215 012a 23       		.byte	0x23
 216 012b 17       		.byte	0x17
 217 012c 30010000 		.4byte	0x130
 218 0130 06       		.uleb128 0x6
 219 0131 9D030000 		.4byte	.LASF24
 220 0135 44       		.byte	0x44
 221 0136 06       		.byte	0x6
 222 0137 57       		.byte	0x57
 223 0138 08       		.byte	0x8
 224 0139 28020000 		.4byte	0x228
 225 013d 07       		.uleb128 0x7
 226 013e 7F030000 		.4byte	.LASF25
 227 0142 06       		.byte	0x6
 228 0143 58       		.byte	0x58
ARM GAS  /var/folders/l5/0x54b2c10074c8bt31ycjvl80000gp/T//ccyNBvAY.s 			page 5


 229 0144 1A       		.byte	0x1a
 230 0145 4C020000 		.4byte	0x24c
 231 0149 00       		.byte	0
 232 014a 07       		.uleb128 0x7
 233 014b 24030000 		.4byte	.LASF26
 234 014f 06       		.byte	0x6
 235 0150 5A       		.byte	0x5a
 236 0151 1A       		.byte	0x1a
 237 0152 4C020000 		.4byte	0x24c
 238 0156 04       		.byte	0x4
 239 0157 07       		.uleb128 0x7
 240 0158 59000000 		.4byte	.LASF27
 241 015c 06       		.byte	0x6
 242 015d 5C       		.byte	0x5c
 243 015e 19       		.byte	0x19
 244 015f EF000000 		.4byte	0xef
 245 0163 08       		.byte	0x8
 246 0164 07       		.uleb128 0x7
 247 0165 E1040000 		.4byte	.LASF28
 248 0169 06       		.byte	0x6
 249 016a 5D       		.byte	0x5d
 250 016b 19       		.byte	0x19
 251 016c 17030000 		.4byte	0x317
 252 0170 0C       		.byte	0xc
 253 0171 07       		.uleb128 0x7
 254 0172 DF000000 		.4byte	.LASF29
 255 0176 06       		.byte	0x6
 256 0177 5F       		.byte	0x5f
 257 0178 1A       		.byte	0x1a
 258 0179 4C020000 		.4byte	0x24c
 259 017d 10       		.byte	0x10
 260 017e 07       		.uleb128 0x7
 261 017f DC020000 		.4byte	.LASF30
 262 0183 06       		.byte	0x6
 263 0184 60       		.byte	0x60
 264 0185 1A       		.byte	0x1a
 265 0186 4C020000 		.4byte	0x24c
 266 018a 14       		.byte	0x14
 267 018b 07       		.uleb128 0x7
 268 018c 6D040000 		.4byte	.LASF31
 269 0190 06       		.byte	0x6
 270 0191 67       		.byte	0x67
 271 0192 1A       		.byte	0x1a
 272 0193 FD040000 		.4byte	0x4fd
 273 0197 18       		.byte	0x18
 274 0198 07       		.uleb128 0x7
 275 0199 5D030000 		.4byte	.LASF32
 276 019d 06       		.byte	0x6
 277 019e 72       		.byte	0x72
 278 019f 19       		.byte	0x19
 279 01a0 D7000000 		.4byte	0xd7
 280 01a4 1C       		.byte	0x1c
 281 01a5 07       		.uleb128 0x7
 282 01a6 95030000 		.4byte	.LASF33
 283 01aa 06       		.byte	0x6
 284 01ab 76       		.byte	0x76
 285 01ac 19       		.byte	0x19
ARM GAS  /var/folders/l5/0x54b2c10074c8bt31ycjvl80000gp/T//ccyNBvAY.s 			page 6


 286 01ad CB000000 		.4byte	0xcb
 287 01b1 1D       		.byte	0x1d
 288 01b2 07       		.uleb128 0x7
 289 01b3 47040000 		.4byte	.LASF34
 290 01b7 06       		.byte	0x6
 291 01b8 7B       		.byte	0x7b
 292 01b9 19       		.byte	0x19
 293 01ba E3000000 		.4byte	0xe3
 294 01be 1E       		.byte	0x1e
 295 01bf 07       		.uleb128 0x7
 296 01c0 1C040000 		.4byte	.LASF35
 297 01c4 06       		.byte	0x6
 298 01c5 88       		.byte	0x88
 299 01c6 19       		.byte	0x19
 300 01c7 1F010000 		.4byte	0x11f
 301 01cb 20       		.byte	0x20
 302 01cc 08       		.uleb128 0x8
 303 01cd 705F7500 		.ascii	"p_u\000"
 304 01d1 06       		.byte	0x6
 305 01d2 AD       		.byte	0xad
 306 01d3 19       		.byte	0x19
 307 01d4 C3040000 		.4byte	0x4c3
 308 01d8 24       		.byte	0x24
 309 01d9 07       		.uleb128 0x7
 310 01da E7040000 		.4byte	.LASF36
 311 01de 06       		.byte	0x6
 312 01df B2       		.byte	0xb2
 313 01e0 19       		.byte	0x19
 314 01e1 75020000 		.4byte	0x275
 315 01e5 28       		.byte	0x28
 316 01e6 07       		.uleb128 0x7
 317 01e7 2A040000 		.4byte	.LASF37
 318 01eb 06       		.byte	0x6
 319 01ec B8       		.byte	0xb8
 320 01ed 19       		.byte	0x19
 321 01ee 52020000 		.4byte	0x252
 322 01f2 2C       		.byte	0x2c
 323 01f3 07       		.uleb128 0x7
 324 01f4 0D000000 		.4byte	.LASF38
 325 01f8 06       		.byte	0x6
 326 01f9 BC       		.byte	0xbc
 327 01fa 19       		.byte	0x19
 328 01fb FB000000 		.4byte	0xfb
 329 01ff 34       		.byte	0x34
 330 0200 07       		.uleb128 0x7
 331 0201 B1030000 		.4byte	.LASF39
 332 0205 06       		.byte	0x6
 333 0206 C2       		.byte	0xc2
 334 0207 19       		.byte	0x19
 335 0208 07010000 		.4byte	0x107
 336 020c 38       		.byte	0x38
 337 020d 07       		.uleb128 0x7
 338 020e 49030000 		.4byte	.LASF40
 339 0212 06       		.byte	0x6
 340 0213 C9       		.byte	0xc9
 341 0214 1A       		.byte	0x1a
 342 0215 0F050000 		.4byte	0x50f
ARM GAS  /var/folders/l5/0x54b2c10074c8bt31ycjvl80000gp/T//ccyNBvAY.s 			page 7


 343 0219 3C       		.byte	0x3c
 344 021a 07       		.uleb128 0x7
 345 021b 07040000 		.4byte	.LASF41
 346 021f 06       		.byte	0x6
 347 0220 CD       		.byte	0xcd
 348 0221 19       		.byte	0x19
 349 0222 EF000000 		.4byte	0xef
 350 0226 40       		.byte	0x40
 351 0227 00       		.byte	0
 352 0228 09       		.uleb128 0x9
 353 0229 08       		.byte	0x8
 354 022a 05       		.byte	0x5
 355 022b 5A       		.byte	0x5a
 356 022c 09       		.byte	0x9
 357 022d 4C020000 		.4byte	0x24c
 358 0231 07       		.uleb128 0x7
 359 0232 7F030000 		.4byte	.LASF25
 360 0236 05       		.byte	0x5
 361 0237 5B       		.byte	0x5b
 362 0238 1A       		.byte	0x1a
 363 0239 4C020000 		.4byte	0x24c
 364 023d 00       		.byte	0
 365 023e 07       		.uleb128 0x7
 366 023f 24030000 		.4byte	.LASF26
 367 0243 05       		.byte	0x5
 368 0244 5D       		.byte	0x5d
 369 0245 1A       		.byte	0x1a
 370 0246 4C020000 		.4byte	0x24c
 371 024a 04       		.byte	0x4
 372 024b 00       		.byte	0
 373 024c 0A       		.uleb128 0xa
 374 024d 04       		.byte	0x4
 375 024e 24010000 		.4byte	0x124
 376 0252 04       		.uleb128 0x4
 377 0253 EA020000 		.4byte	.LASF42
 378 0257 05       		.byte	0x5
 379 0258 5F       		.byte	0x5f
 380 0259 03       		.byte	0x3
 381 025a 28020000 		.4byte	0x228
 382 025e 09       		.uleb128 0x9
 383 025f 04       		.byte	0x4
 384 0260 05       		.byte	0x5
 385 0261 64       		.byte	0x64
 386 0262 09       		.byte	0x9
 387 0263 75020000 		.4byte	0x275
 388 0267 07       		.uleb128 0x7
 389 0268 7F030000 		.4byte	.LASF25
 390 026c 05       		.byte	0x5
 391 026d 66       		.byte	0x66
 392 026e 16       		.byte	0x16
 393 026f 4C020000 		.4byte	0x24c
 394 0273 00       		.byte	0
 395 0274 00       		.byte	0
 396 0275 04       		.uleb128 0x4
 397 0276 6D020000 		.4byte	.LASF43
 398 027a 05       		.byte	0x5
 399 027b 69       		.byte	0x69
ARM GAS  /var/folders/l5/0x54b2c10074c8bt31ycjvl80000gp/T//ccyNBvAY.s 			page 8


 400 027c 03       		.byte	0x3
 401 027d 5E020000 		.4byte	0x25e
 402 0281 04       		.uleb128 0x4
 403 0282 8B020000 		.4byte	.LASF44
 404 0286 07       		.byte	0x7
 405 0287 9D       		.byte	0x9d
 406 0288 12       		.byte	0x12
 407 0289 BF000000 		.4byte	0xbf
 408 028d 04       		.uleb128 0x4
 409 028e 02010000 		.4byte	.LASF45
 410 0292 07       		.byte	0x7
 411 0293 A2       		.byte	0xa2
 412 0294 0F       		.byte	0xf
 413 0295 99020000 		.4byte	0x299
 414 0299 0B       		.uleb128 0xb
 415 029a 04       		.byte	0x4
 416 029b 06       		.uleb128 0x6
 417 029c 23040000 		.4byte	.LASF46
 418 02a0 24       		.byte	0x24
 419 02a1 07       		.byte	0x7
 420 02a2 B9       		.byte	0xb9
 421 02a3 08       		.byte	0x8
 422 02a4 17030000 		.4byte	0x317
 423 02a8 08       		.uleb128 0x8
 424 02a9 723400   		.ascii	"r4\000"
 425 02ac 07       		.byte	0x7
 426 02ad BA       		.byte	0xba
 427 02ae 11       		.byte	0x11
 428 02af 8D020000 		.4byte	0x28d
 429 02b3 00       		.byte	0
 430 02b4 08       		.uleb128 0x8
 431 02b5 723500   		.ascii	"r5\000"
 432 02b8 07       		.byte	0x7
 433 02b9 BB       		.byte	0xbb
 434 02ba 11       		.byte	0x11
 435 02bb 8D020000 		.4byte	0x28d
 436 02bf 04       		.byte	0x4
 437 02c0 08       		.uleb128 0x8
 438 02c1 723600   		.ascii	"r6\000"
 439 02c4 07       		.byte	0x7
 440 02c5 BC       		.byte	0xbc
 441 02c6 11       		.byte	0x11
 442 02c7 8D020000 		.4byte	0x28d
 443 02cb 08       		.byte	0x8
 444 02cc 08       		.uleb128 0x8
 445 02cd 723700   		.ascii	"r7\000"
 446 02d0 07       		.byte	0x7
 447 02d1 BD       		.byte	0xbd
 448 02d2 11       		.byte	0x11
 449 02d3 8D020000 		.4byte	0x28d
 450 02d7 0C       		.byte	0xc
 451 02d8 08       		.uleb128 0x8
 452 02d9 723800   		.ascii	"r8\000"
 453 02dc 07       		.byte	0x7
 454 02dd BE       		.byte	0xbe
 455 02de 11       		.byte	0x11
 456 02df 8D020000 		.4byte	0x28d
ARM GAS  /var/folders/l5/0x54b2c10074c8bt31ycjvl80000gp/T//ccyNBvAY.s 			page 9


 457 02e3 10       		.byte	0x10
 458 02e4 08       		.uleb128 0x8
 459 02e5 723900   		.ascii	"r9\000"
 460 02e8 07       		.byte	0x7
 461 02e9 BF       		.byte	0xbf
 462 02ea 11       		.byte	0x11
 463 02eb 8D020000 		.4byte	0x28d
 464 02ef 14       		.byte	0x14
 465 02f0 08       		.uleb128 0x8
 466 02f1 72313000 		.ascii	"r10\000"
 467 02f5 07       		.byte	0x7
 468 02f6 C0       		.byte	0xc0
 469 02f7 11       		.byte	0x11
 470 02f8 8D020000 		.4byte	0x28d
 471 02fc 18       		.byte	0x18
 472 02fd 08       		.uleb128 0x8
 473 02fe 72313100 		.ascii	"r11\000"
 474 0302 07       		.byte	0x7
 475 0303 C1       		.byte	0xc1
 476 0304 11       		.byte	0x11
 477 0305 8D020000 		.4byte	0x28d
 478 0309 1C       		.byte	0x1c
 479 030a 08       		.uleb128 0x8
 480 030b 6C7200   		.ascii	"lr\000"
 481 030e 07       		.byte	0x7
 482 030f C2       		.byte	0xc2
 483 0310 11       		.byte	0x11
 484 0311 8D020000 		.4byte	0x28d
 485 0315 20       		.byte	0x20
 486 0316 00       		.byte	0
 487 0317 06       		.uleb128 0x6
 488 0318 4C010000 		.4byte	.LASF47
 489 031c 04       		.byte	0x4
 490 031d 07       		.byte	0x7
 491 031e CA       		.byte	0xca
 492 031f 08       		.byte	0x8
 493 0320 32030000 		.4byte	0x332
 494 0324 08       		.uleb128 0x8
 495 0325 72313300 		.ascii	"r13\000"
 496 0329 07       		.byte	0x7
 497 032a CB       		.byte	0xcb
 498 032b 12       		.byte	0x12
 499 032c 32030000 		.4byte	0x332
 500 0330 00       		.byte	0
 501 0331 00       		.byte	0
 502 0332 0A       		.uleb128 0xa
 503 0333 04       		.byte	0x4
 504 0334 9B020000 		.4byte	0x29b
 505 0338 04       		.uleb128 0x4
 506 0339 43010000 		.4byte	.LASF48
 507 033d 08       		.byte	0x8
 508 033e 4E       		.byte	0x4e
 509 033f 10       		.byte	0x10
 510 0340 44030000 		.4byte	0x344
 511 0344 0A       		.uleb128 0xa
 512 0345 04       		.byte	0x4
 513 0346 4A030000 		.4byte	0x34a
ARM GAS  /var/folders/l5/0x54b2c10074c8bt31ycjvl80000gp/T//ccyNBvAY.s 			page 10


 514 034a 0C       		.uleb128 0xc
 515 034b 55030000 		.4byte	0x355
 516 034f 0D       		.uleb128 0xd
 517 0350 99020000 		.4byte	0x299
 518 0354 00       		.byte	0
 519 0355 04       		.uleb128 0x4
 520 0356 D9030000 		.4byte	.LASF49
 521 035a 08       		.byte	0x8
 522 035b 53       		.byte	0x53
 523 035c 1D       		.byte	0x1d
 524 035d 61030000 		.4byte	0x361
 525 0361 06       		.uleb128 0x6
 526 0362 D9030000 		.4byte	.LASF49
 527 0366 14       		.byte	0x14
 528 0367 08       		.byte	0x8
 529 0368 5A       		.byte	0x5a
 530 0369 08       		.byte	0x8
 531 036a B0030000 		.4byte	0x3b0
 532 036e 07       		.uleb128 0x7
 533 036f 20010000 		.4byte	.LASF50
 534 0373 08       		.byte	0x8
 535 0374 5B       		.byte	0x5b
 536 0375 1A       		.byte	0x1a
 537 0376 B0030000 		.4byte	0x3b0
 538 037a 00       		.byte	0
 539 037b 07       		.uleb128 0x7
 540 037c 0B010000 		.4byte	.LASF51
 541 0380 08       		.byte	0x8
 542 0381 5D       		.byte	0x5d
 543 0382 1A       		.byte	0x1a
 544 0383 B0030000 		.4byte	0x3b0
 545 0387 04       		.byte	0x4
 546 0388 07       		.uleb128 0x7
 547 0389 AA020000 		.4byte	.LASF52
 548 038d 08       		.byte	0x8
 549 038e 5F       		.byte	0x5f
 550 038f 19       		.byte	0x19
 551 0390 13010000 		.4byte	0x113
 552 0394 08       		.byte	0x8
 553 0395 07       		.uleb128 0x7
 554 0396 BC020000 		.4byte	.LASF53
 555 039a 08       		.byte	0x8
 556 039b 60       		.byte	0x60
 557 039c 19       		.byte	0x19
 558 039d 38030000 		.4byte	0x338
 559 03a1 0C       		.byte	0xc
 560 03a2 07       		.uleb128 0x7
 561 03a3 35040000 		.4byte	.LASF54
 562 03a7 08       		.byte	0x8
 563 03a8 62       		.byte	0x62
 564 03a9 1A       		.byte	0x1a
 565 03aa 99020000 		.4byte	0x299
 566 03ae 10       		.byte	0x10
 567 03af 00       		.byte	0
 568 03b0 0A       		.uleb128 0xa
 569 03b1 04       		.byte	0x4
 570 03b2 55030000 		.4byte	0x355
ARM GAS  /var/folders/l5/0x54b2c10074c8bt31ycjvl80000gp/T//ccyNBvAY.s 			page 11


 571 03b6 09       		.uleb128 0x9
 572 03b7 10       		.byte	0x10
 573 03b8 08       		.byte	0x8
 574 03b9 6C       		.byte	0x6c
 575 03ba 09       		.byte	0x9
 576 03bb F4030000 		.4byte	0x3f4
 577 03bf 07       		.uleb128 0x7
 578 03c0 20010000 		.4byte	.LASF50
 579 03c4 08       		.byte	0x8
 580 03c5 6D       		.byte	0x6d
 581 03c6 1A       		.byte	0x1a
 582 03c7 B0030000 		.4byte	0x3b0
 583 03cb 00       		.byte	0
 584 03cc 07       		.uleb128 0x7
 585 03cd 0B010000 		.4byte	.LASF51
 586 03d1 08       		.byte	0x8
 587 03d2 6F       		.byte	0x6f
 588 03d3 1A       		.byte	0x1a
 589 03d4 B0030000 		.4byte	0x3b0
 590 03d8 04       		.byte	0x4
 591 03d9 07       		.uleb128 0x7
 592 03da AA020000 		.4byte	.LASF52
 593 03de 08       		.byte	0x8
 594 03df 71       		.byte	0x71
 595 03e0 19       		.byte	0x19
 596 03e1 13010000 		.4byte	0x113
 597 03e5 08       		.byte	0x8
 598 03e6 07       		.uleb128 0x7
 599 03e7 74040000 		.4byte	.LASF55
 600 03eb 08       		.byte	0x8
 601 03ec 72       		.byte	0x72
 602 03ed 19       		.byte	0x19
 603 03ee 1F010000 		.4byte	0x11f
 604 03f2 0C       		.byte	0xc
 605 03f3 00       		.byte	0
 606 03f4 04       		.uleb128 0x4
 607 03f5 D2040000 		.4byte	.LASF56
 608 03f9 08       		.byte	0x8
 609 03fa 73       		.byte	0x73
 610 03fb 03       		.byte	0x3
 611 03fc B6030000 		.4byte	0x3b6
 612 0400 0E       		.uleb128 0xe
 613 0401 24000000 		.4byte	.LASF64
 614 0405 08       		.byte	0x8
 615 0406 D1       		.byte	0xd1
 616 0407 0F       		.byte	0xf
 617 0408 F4030000 		.4byte	0x3f4
 618 040c 09       		.uleb128 0x9
 619 040d 1C       		.byte	0x1c
 620 040e 09       		.byte	0x9
 621 040f 57       		.byte	0x57
 622 0410 09       		.byte	0x9
 623 0411 64040000 		.4byte	0x464
 624 0415 07       		.uleb128 0x7
 625 0416 D1030000 		.4byte	.LASF57
 626 041a 09       		.byte	0x9
 627 041b 58       		.byte	0x58
ARM GAS  /var/folders/l5/0x54b2c10074c8bt31ycjvl80000gp/T//ccyNBvAY.s 			page 12


 628 041c 19       		.byte	0x19
 629 041d 52020000 		.4byte	0x252
 630 0421 00       		.byte	0
 631 0422 07       		.uleb128 0x7
 632 0423 71030000 		.4byte	.LASF58
 633 0427 09       		.byte	0x9
 634 0428 59       		.byte	0x59
 635 0429 19       		.byte	0x19
 636 042a EF000000 		.4byte	0xef
 637 042e 08       		.byte	0x8
 638 042f 07       		.uleb128 0x7
 639 0430 E4020000 		.4byte	.LASF59
 640 0434 09       		.byte	0x9
 641 0435 5B       		.byte	0x5b
 642 0436 19       		.byte	0x19
 643 0437 17030000 		.4byte	0x317
 644 043b 0C       		.byte	0xc
 645 043c 07       		.uleb128 0x7
 646 043d 8D010000 		.4byte	.LASF60
 647 0441 09       		.byte	0x9
 648 0442 5E       		.byte	0x5e
 649 0443 1A       		.byte	0x1a
 650 0444 4C020000 		.4byte	0x24c
 651 0448 10       		.byte	0x10
 652 0449 07       		.uleb128 0x7
 653 044a 09030000 		.4byte	.LASF61
 654 044e 09       		.byte	0x9
 655 044f 5F       		.byte	0x5f
 656 0450 1A       		.byte	0x1a
 657 0451 4C020000 		.4byte	0x24c
 658 0455 14       		.byte	0x14
 659 0456 07       		.uleb128 0x7
 660 0457 FF020000 		.4byte	.LASF62
 661 045b 09       		.byte	0x9
 662 045c 62       		.byte	0x62
 663 045d 1A       		.byte	0x1a
 664 045e 4C020000 		.4byte	0x24c
 665 0462 18       		.byte	0x18
 666 0463 00       		.byte	0
 667 0464 04       		.uleb128 0x4
 668 0465 4E040000 		.4byte	.LASF63
 669 0469 09       		.byte	0x9
 670 046a 64       		.byte	0x64
 671 046b 03       		.byte	0x3
 672 046c 0C040000 		.4byte	0x40c
 673 0470 0E       		.uleb128 0xe
 674 0471 58040000 		.4byte	.LASF65
 675 0475 09       		.byte	0x9
 676 0476 68       		.byte	0x68
 677 0477 12       		.byte	0x12
 678 0478 64040000 		.4byte	0x464
 679 047c 06       		.uleb128 0x6
 680 047d 85020000 		.4byte	.LASF66
 681 0481 10       		.byte	0x10
 682 0482 0A       		.byte	0xa
 683 0483 25       		.byte	0x25
 684 0484 10       		.byte	0x10
ARM GAS  /var/folders/l5/0x54b2c10074c8bt31ycjvl80000gp/T//ccyNBvAY.s 			page 13


 685 0485 B1040000 		.4byte	0x4b1
 686 0489 07       		.uleb128 0x7
 687 048a A4000000 		.4byte	.LASF67
 688 048e 0A       		.byte	0xa
 689 048f 26       		.byte	0x26
 690 0490 19       		.byte	0x19
 691 0491 52020000 		.4byte	0x252
 692 0495 00       		.byte	0
 693 0496 07       		.uleb128 0x7
 694 0497 D9040000 		.4byte	.LASF68
 695 049b 0A       		.byte	0xa
 696 049c 28       		.byte	0x28
 697 049d 1A       		.byte	0x1a
 698 049e 4C020000 		.4byte	0x24c
 699 04a2 08       		.byte	0x8
 700 04a3 07       		.uleb128 0x7
 701 04a4 F6030000 		.4byte	.LASF69
 702 04a8 0A       		.byte	0xa
 703 04a9 2A       		.byte	0x2a
 704 04aa 1A       		.byte	0x1a
 705 04ab B1040000 		.4byte	0x4b1
 706 04af 0C       		.byte	0xc
 707 04b0 00       		.byte	0
 708 04b1 0A       		.uleb128 0xa
 709 04b2 04       		.byte	0x4
 710 04b3 7C040000 		.4byte	0x47c
 711 04b7 04       		.uleb128 0x4
 712 04b8 85020000 		.4byte	.LASF66
 713 04bc 0A       		.byte	0xa
 714 04bd 2C       		.byte	0x2c
 715 04be 03       		.byte	0x3
 716 04bf 7C040000 		.4byte	0x47c
 717 04c3 0F       		.uleb128 0xf
 718 04c4 04       		.byte	0x4
 719 04c5 06       		.byte	0x6
 720 04c6 8F       		.byte	0x8f
 721 04c7 03       		.byte	0x3
 722 04c8 FD040000 		.4byte	0x4fd
 723 04cc 10       		.uleb128 0x10
 724 04cd 13000000 		.4byte	.LASF70
 725 04d1 06       		.byte	0x6
 726 04d2 96       		.byte	0x96
 727 04d3 19       		.byte	0x19
 728 04d4 FB000000 		.4byte	0xfb
 729 04d8 10       		.uleb128 0x10
 730 04d9 50000000 		.4byte	.LASF71
 731 04dd 06       		.byte	0x6
 732 04de 9D       		.byte	0x9d
 733 04df 19       		.byte	0x19
 734 04e0 FB000000 		.4byte	0xfb
 735 04e4 10       		.uleb128 0x10
 736 04e5 66040000 		.4byte	.LASF72
 737 04e9 06       		.byte	0x6
 738 04ea A4       		.byte	0xa4
 739 04eb 1A       		.byte	0x1a
 740 04ec 99020000 		.4byte	0x299
 741 04f0 10       		.uleb128 0x10
ARM GAS  /var/folders/l5/0x54b2c10074c8bt31ycjvl80000gp/T//ccyNBvAY.s 			page 14


 742 04f1 78030000 		.4byte	.LASF73
 743 04f5 06       		.byte	0x6
 744 04f6 AB       		.byte	0xab
 745 04f7 19       		.byte	0x19
 746 04f8 07010000 		.4byte	0x107
 747 04fc 00       		.byte	0
 748 04fd 0A       		.uleb128 0xa
 749 04fe 04       		.byte	0x4
 750 04ff 0A050000 		.4byte	0x50a
 751 0503 03       		.uleb128 0x3
 752 0504 01       		.byte	0x1
 753 0505 08       		.byte	0x8
 754 0506 E6030000 		.4byte	.LASF74
 755 050a 11       		.uleb128 0x11
 756 050b 03050000 		.4byte	0x503
 757 050f 0A       		.uleb128 0xa
 758 0510 04       		.byte	0x4
 759 0511 B7040000 		.4byte	0x4b7
 760 0515 09       		.uleb128 0x9
 761 0516 16       		.byte	0x16
 762 0517 0B       		.byte	0xb
 763 0518 25       		.byte	0x25
 764 0519 09       		.byte	0x9
 765 051a 09060000 		.4byte	0x609
 766 051e 07       		.uleb128 0x7
 767 051f AC000000 		.4byte	.LASF75
 768 0523 0B       		.byte	0xb
 769 0524 26       		.byte	0x26
 770 0525 0D       		.byte	0xd
 771 0526 09060000 		.4byte	0x609
 772 052a 00       		.byte	0
 773 052b 07       		.uleb128 0x7
 774 052c 96020000 		.4byte	.LASF76
 775 0530 0B       		.byte	0xb
 776 0531 27       		.byte	0x27
 777 0532 0D       		.byte	0xd
 778 0533 9B000000 		.4byte	0x9b
 779 0537 04       		.byte	0x4
 780 0538 07       		.uleb128 0x7
 781 0539 F7020000 		.4byte	.LASF77
 782 053d 0B       		.byte	0xb
 783 053e 28       		.byte	0x28
 784 053f 0D       		.byte	0xd
 785 0540 9B000000 		.4byte	0x9b
 786 0544 05       		.byte	0x5
 787 0545 07       		.uleb128 0x7
 788 0546 7F040000 		.4byte	.LASF78
 789 054a 0B       		.byte	0xb
 790 054b 29       		.byte	0x29
 791 054c 0D       		.byte	0xd
 792 054d A7000000 		.4byte	0xa7
 793 0551 06       		.byte	0x6
 794 0552 07       		.uleb128 0x7
 795 0553 19030000 		.4byte	.LASF79
 796 0557 0B       		.byte	0xb
 797 0558 2A       		.byte	0x2a
 798 0559 0D       		.byte	0xd
ARM GAS  /var/folders/l5/0x54b2c10074c8bt31ycjvl80000gp/T//ccyNBvAY.s 			page 15


 799 055a 9B000000 		.4byte	0x9b
 800 055e 08       		.byte	0x8
 801 055f 07       		.uleb128 0x7
 802 0560 C4020000 		.4byte	.LASF80
 803 0564 0B       		.byte	0xb
 804 0565 2B       		.byte	0x2b
 805 0566 0D       		.byte	0xd
 806 0567 9B000000 		.4byte	0x9b
 807 056b 09       		.byte	0x9
 808 056c 07       		.uleb128 0x7
 809 056d 42000000 		.4byte	.LASF81
 810 0571 0B       		.byte	0xb
 811 0572 2C       		.byte	0x2c
 812 0573 0D       		.byte	0xd
 813 0574 9B000000 		.4byte	0x9b
 814 0578 0A       		.byte	0xa
 815 0579 07       		.uleb128 0x7
 816 057a C5030000 		.4byte	.LASF82
 817 057e 0B       		.byte	0xb
 818 057f 2D       		.byte	0x2d
 819 0580 0D       		.byte	0xd
 820 0581 9B000000 		.4byte	0x9b
 821 0585 0B       		.byte	0xb
 822 0586 07       		.uleb128 0x7
 823 0587 3C040000 		.4byte	.LASF83
 824 058b 0B       		.byte	0xb
 825 058c 2E       		.byte	0x2e
 826 058d 0D       		.byte	0xd
 827 058e 9B000000 		.4byte	0x9b
 828 0592 0C       		.byte	0xc
 829 0593 07       		.uleb128 0x7
 830 0594 A4030000 		.4byte	.LASF84
 831 0598 0B       		.byte	0xb
 832 0599 2F       		.byte	0x2f
 833 059a 0D       		.byte	0xd
 834 059b 9B000000 		.4byte	0x9b
 835 059f 0D       		.byte	0xd
 836 05a0 07       		.uleb128 0x7
 837 05a1 00000000 		.4byte	.LASF85
 838 05a5 0B       		.byte	0xb
 839 05a6 30       		.byte	0x30
 840 05a7 0D       		.byte	0xd
 841 05a8 9B000000 		.4byte	0x9b
 842 05ac 0E       		.byte	0xe
 843 05ad 07       		.uleb128 0x7
 844 05ae D0020000 		.4byte	.LASF86
 845 05b2 0B       		.byte	0xb
 846 05b3 31       		.byte	0x31
 847 05b4 0D       		.byte	0xd
 848 05b5 9B000000 		.4byte	0x9b
 849 05b9 0F       		.byte	0xf
 850 05ba 07       		.uleb128 0x7
 851 05bb 87000000 		.4byte	.LASF87
 852 05bf 0B       		.byte	0xb
 853 05c0 32       		.byte	0x32
 854 05c1 0D       		.byte	0xd
 855 05c2 9B000000 		.4byte	0x9b
ARM GAS  /var/folders/l5/0x54b2c10074c8bt31ycjvl80000gp/T//ccyNBvAY.s 			page 16


 856 05c6 10       		.byte	0x10
 857 05c7 07       		.uleb128 0x7
 858 05c8 60000000 		.4byte	.LASF88
 859 05cc 0B       		.byte	0xb
 860 05cd 34       		.byte	0x34
 861 05ce 0D       		.byte	0xd
 862 05cf 9B000000 		.4byte	0x9b
 863 05d3 11       		.byte	0x11
 864 05d4 07       		.uleb128 0x7
 865 05d5 97000000 		.4byte	.LASF89
 866 05d9 0B       		.byte	0xb
 867 05da 35       		.byte	0x35
 868 05db 0D       		.byte	0xd
 869 05dc 9B000000 		.4byte	0x9b
 870 05e0 12       		.byte	0x12
 871 05e1 07       		.uleb128 0x7
 872 05e2 9E020000 		.4byte	.LASF90
 873 05e6 0B       		.byte	0xb
 874 05e7 36       		.byte	0x36
 875 05e8 0D       		.byte	0xd
 876 05e9 9B000000 		.4byte	0x9b
 877 05ed 13       		.byte	0x13
 878 05ee 07       		.uleb128 0x7
 879 05ef 86030000 		.4byte	.LASF91
 880 05f3 0B       		.byte	0xb
 881 05f4 37       		.byte	0x37
 882 05f5 0D       		.byte	0xd
 883 05f6 9B000000 		.4byte	0x9b
 884 05fa 14       		.byte	0x14
 885 05fb 07       		.uleb128 0x7
 886 05fc 65030000 		.4byte	.LASF92
 887 0600 0B       		.byte	0xb
 888 0601 39       		.byte	0x39
 889 0602 0D       		.byte	0xd
 890 0603 9B000000 		.4byte	0x9b
 891 0607 15       		.byte	0x15
 892 0608 00       		.byte	0
 893 0609 12       		.uleb128 0x12
 894 060a 03050000 		.4byte	0x503
 895 060e 19060000 		.4byte	0x619
 896 0612 13       		.uleb128 0x13
 897 0613 2C000000 		.4byte	0x2c
 898 0617 03       		.byte	0x3
 899 0618 00       		.byte	0
 900 0619 04       		.uleb128 0x4
 901 061a D5000000 		.4byte	.LASF93
 902 061e 0B       		.byte	0xb
 903 061f 3A       		.byte	0x3a
 904 0620 03       		.byte	0x3
 905 0621 15050000 		.4byte	0x515
 906 0625 11       		.uleb128 0x11
 907 0626 19060000 		.4byte	0x619
 908 062a 0E       		.uleb128 0xe
 909 062b 3A010000 		.4byte	.LASF94
 910 062f 0B       		.byte	0xb
 911 0630 77       		.byte	0x77
 912 0631 1D       		.byte	0x1d
ARM GAS  /var/folders/l5/0x54b2c10074c8bt31ycjvl80000gp/T//ccyNBvAY.s 			page 17


 913 0632 25060000 		.4byte	0x625
 914 0636 12       		.uleb128 0x12
 915 0637 81020000 		.4byte	0x281
 916 063b 46060000 		.4byte	0x646
 917 063f 13       		.uleb128 0x13
 918 0640 2C000000 		.4byte	0x2c
 919 0644 26       		.byte	0x26
 920 0645 00       		.byte	0
 921 0646 0E       		.uleb128 0xe
 922 0647 E7000000 		.4byte	.LASF95
 923 064b 0C       		.byte	0xc
 924 064c 82       		.byte	0x82
 925 064d 08       		.byte	0x8
 926 064e 36060000 		.4byte	0x636
 927 0652 14       		.uleb128 0x14
 928 0653 B2020000 		.4byte	.LASF99
 929 0657 01       		.byte	0x1
 930 0658 25       		.byte	0x25
 931 0659 06       		.byte	0x6
 932 065a 00000000 		.4byte	.LFB7
 933 065e 18000000 		.4byte	.LFE7-.LFB7
 934 0662 01       		.uleb128 0x1
 935 0663 9C       		.byte	0x9c
 936 0664 00       		.byte	0
 937              		.section	.debug_abbrev,"",%progbits
 938              	.Ldebug_abbrev0:
 939 0000 01       		.uleb128 0x1
 940 0001 11       		.uleb128 0x11
 941 0002 01       		.byte	0x1
 942 0003 25       		.uleb128 0x25
 943 0004 0E       		.uleb128 0xe
 944 0005 13       		.uleb128 0x13
 945 0006 0B       		.uleb128 0xb
 946 0007 03       		.uleb128 0x3
 947 0008 0E       		.uleb128 0xe
 948 0009 1B       		.uleb128 0x1b
 949 000a 0E       		.uleb128 0xe
 950 000b 55       		.uleb128 0x55
 951 000c 17       		.uleb128 0x17
 952 000d 11       		.uleb128 0x11
 953 000e 01       		.uleb128 0x1
 954 000f 10       		.uleb128 0x10
 955 0010 17       		.uleb128 0x17
 956 0011 00       		.byte	0
 957 0012 00       		.byte	0
 958 0013 02       		.uleb128 0x2
 959 0014 24       		.uleb128 0x24
 960 0015 00       		.byte	0
 961 0016 0B       		.uleb128 0xb
 962 0017 0B       		.uleb128 0xb
 963 0018 3E       		.uleb128 0x3e
 964 0019 0B       		.uleb128 0xb
 965 001a 03       		.uleb128 0x3
 966 001b 08       		.uleb128 0x8
 967 001c 00       		.byte	0
 968 001d 00       		.byte	0
 969 001e 03       		.uleb128 0x3
ARM GAS  /var/folders/l5/0x54b2c10074c8bt31ycjvl80000gp/T//ccyNBvAY.s 			page 18


 970 001f 24       		.uleb128 0x24
 971 0020 00       		.byte	0
 972 0021 0B       		.uleb128 0xb
 973 0022 0B       		.uleb128 0xb
 974 0023 3E       		.uleb128 0x3e
 975 0024 0B       		.uleb128 0xb
 976 0025 03       		.uleb128 0x3
 977 0026 0E       		.uleb128 0xe
 978 0027 00       		.byte	0
 979 0028 00       		.byte	0
 980 0029 04       		.uleb128 0x4
 981 002a 16       		.uleb128 0x16
 982 002b 00       		.byte	0
 983 002c 03       		.uleb128 0x3
 984 002d 0E       		.uleb128 0xe
 985 002e 3A       		.uleb128 0x3a
 986 002f 0B       		.uleb128 0xb
 987 0030 3B       		.uleb128 0x3b
 988 0031 0B       		.uleb128 0xb
 989 0032 39       		.uleb128 0x39
 990 0033 0B       		.uleb128 0xb
 991 0034 49       		.uleb128 0x49
 992 0035 13       		.uleb128 0x13
 993 0036 00       		.byte	0
 994 0037 00       		.byte	0
 995 0038 05       		.uleb128 0x5
 996 0039 35       		.uleb128 0x35
 997 003a 00       		.byte	0
 998 003b 49       		.uleb128 0x49
 999 003c 13       		.uleb128 0x13
 1000 003d 00       		.byte	0
 1001 003e 00       		.byte	0
 1002 003f 06       		.uleb128 0x6
 1003 0040 13       		.uleb128 0x13
 1004 0041 01       		.byte	0x1
 1005 0042 03       		.uleb128 0x3
 1006 0043 0E       		.uleb128 0xe
 1007 0044 0B       		.uleb128 0xb
 1008 0045 0B       		.uleb128 0xb
 1009 0046 3A       		.uleb128 0x3a
 1010 0047 0B       		.uleb128 0xb
 1011 0048 3B       		.uleb128 0x3b
 1012 0049 0B       		.uleb128 0xb
 1013 004a 39       		.uleb128 0x39
 1014 004b 0B       		.uleb128 0xb
 1015 004c 01       		.uleb128 0x1
 1016 004d 13       		.uleb128 0x13
 1017 004e 00       		.byte	0
 1018 004f 00       		.byte	0
 1019 0050 07       		.uleb128 0x7
 1020 0051 0D       		.uleb128 0xd
 1021 0052 00       		.byte	0
 1022 0053 03       		.uleb128 0x3
 1023 0054 0E       		.uleb128 0xe
 1024 0055 3A       		.uleb128 0x3a
 1025 0056 0B       		.uleb128 0xb
 1026 0057 3B       		.uleb128 0x3b
ARM GAS  /var/folders/l5/0x54b2c10074c8bt31ycjvl80000gp/T//ccyNBvAY.s 			page 19


 1027 0058 0B       		.uleb128 0xb
 1028 0059 39       		.uleb128 0x39
 1029 005a 0B       		.uleb128 0xb
 1030 005b 49       		.uleb128 0x49
 1031 005c 13       		.uleb128 0x13
 1032 005d 38       		.uleb128 0x38
 1033 005e 0B       		.uleb128 0xb
 1034 005f 00       		.byte	0
 1035 0060 00       		.byte	0
 1036 0061 08       		.uleb128 0x8
 1037 0062 0D       		.uleb128 0xd
 1038 0063 00       		.byte	0
 1039 0064 03       		.uleb128 0x3
 1040 0065 08       		.uleb128 0x8
 1041 0066 3A       		.uleb128 0x3a
 1042 0067 0B       		.uleb128 0xb
 1043 0068 3B       		.uleb128 0x3b
 1044 0069 0B       		.uleb128 0xb
 1045 006a 39       		.uleb128 0x39
 1046 006b 0B       		.uleb128 0xb
 1047 006c 49       		.uleb128 0x49
 1048 006d 13       		.uleb128 0x13
 1049 006e 38       		.uleb128 0x38
 1050 006f 0B       		.uleb128 0xb
 1051 0070 00       		.byte	0
 1052 0071 00       		.byte	0
 1053 0072 09       		.uleb128 0x9
 1054 0073 13       		.uleb128 0x13
 1055 0074 01       		.byte	0x1
 1056 0075 0B       		.uleb128 0xb
 1057 0076 0B       		.uleb128 0xb
 1058 0077 3A       		.uleb128 0x3a
 1059 0078 0B       		.uleb128 0xb
 1060 0079 3B       		.uleb128 0x3b
 1061 007a 0B       		.uleb128 0xb
 1062 007b 39       		.uleb128 0x39
 1063 007c 0B       		.uleb128 0xb
 1064 007d 01       		.uleb128 0x1
 1065 007e 13       		.uleb128 0x13
 1066 007f 00       		.byte	0
 1067 0080 00       		.byte	0
 1068 0081 0A       		.uleb128 0xa
 1069 0082 0F       		.uleb128 0xf
 1070 0083 00       		.byte	0
 1071 0084 0B       		.uleb128 0xb
 1072 0085 0B       		.uleb128 0xb
 1073 0086 49       		.uleb128 0x49
 1074 0087 13       		.uleb128 0x13
 1075 0088 00       		.byte	0
 1076 0089 00       		.byte	0
 1077 008a 0B       		.uleb128 0xb
 1078 008b 0F       		.uleb128 0xf
 1079 008c 00       		.byte	0
 1080 008d 0B       		.uleb128 0xb
 1081 008e 0B       		.uleb128 0xb
 1082 008f 00       		.byte	0
 1083 0090 00       		.byte	0
ARM GAS  /var/folders/l5/0x54b2c10074c8bt31ycjvl80000gp/T//ccyNBvAY.s 			page 20


 1084 0091 0C       		.uleb128 0xc
 1085 0092 15       		.uleb128 0x15
 1086 0093 01       		.byte	0x1
 1087 0094 27       		.uleb128 0x27
 1088 0095 19       		.uleb128 0x19
 1089 0096 01       		.uleb128 0x1
 1090 0097 13       		.uleb128 0x13
 1091 0098 00       		.byte	0
 1092 0099 00       		.byte	0
 1093 009a 0D       		.uleb128 0xd
 1094 009b 05       		.uleb128 0x5
 1095 009c 00       		.byte	0
 1096 009d 49       		.uleb128 0x49
 1097 009e 13       		.uleb128 0x13
 1098 009f 00       		.byte	0
 1099 00a0 00       		.byte	0
 1100 00a1 0E       		.uleb128 0xe
 1101 00a2 34       		.uleb128 0x34
 1102 00a3 00       		.byte	0
 1103 00a4 03       		.uleb128 0x3
 1104 00a5 0E       		.uleb128 0xe
 1105 00a6 3A       		.uleb128 0x3a
 1106 00a7 0B       		.uleb128 0xb
 1107 00a8 3B       		.uleb128 0x3b
 1108 00a9 0B       		.uleb128 0xb
 1109 00aa 39       		.uleb128 0x39
 1110 00ab 0B       		.uleb128 0xb
 1111 00ac 49       		.uleb128 0x49
 1112 00ad 13       		.uleb128 0x13
 1113 00ae 3F       		.uleb128 0x3f
 1114 00af 19       		.uleb128 0x19
 1115 00b0 3C       		.uleb128 0x3c
 1116 00b1 19       		.uleb128 0x19
 1117 00b2 00       		.byte	0
 1118 00b3 00       		.byte	0
 1119 00b4 0F       		.uleb128 0xf
 1120 00b5 17       		.uleb128 0x17
 1121 00b6 01       		.byte	0x1
 1122 00b7 0B       		.uleb128 0xb
 1123 00b8 0B       		.uleb128 0xb
 1124 00b9 3A       		.uleb128 0x3a
 1125 00ba 0B       		.uleb128 0xb
 1126 00bb 3B       		.uleb128 0x3b
 1127 00bc 0B       		.uleb128 0xb
 1128 00bd 39       		.uleb128 0x39
 1129 00be 0B       		.uleb128 0xb
 1130 00bf 01       		.uleb128 0x1
 1131 00c0 13       		.uleb128 0x13
 1132 00c1 00       		.byte	0
 1133 00c2 00       		.byte	0
 1134 00c3 10       		.uleb128 0x10
 1135 00c4 0D       		.uleb128 0xd
 1136 00c5 00       		.byte	0
 1137 00c6 03       		.uleb128 0x3
 1138 00c7 0E       		.uleb128 0xe
 1139 00c8 3A       		.uleb128 0x3a
 1140 00c9 0B       		.uleb128 0xb
ARM GAS  /var/folders/l5/0x54b2c10074c8bt31ycjvl80000gp/T//ccyNBvAY.s 			page 21


 1141 00ca 3B       		.uleb128 0x3b
 1142 00cb 0B       		.uleb128 0xb
 1143 00cc 39       		.uleb128 0x39
 1144 00cd 0B       		.uleb128 0xb
 1145 00ce 49       		.uleb128 0x49
 1146 00cf 13       		.uleb128 0x13
 1147 00d0 00       		.byte	0
 1148 00d1 00       		.byte	0
 1149 00d2 11       		.uleb128 0x11
 1150 00d3 26       		.uleb128 0x26
 1151 00d4 00       		.byte	0
 1152 00d5 49       		.uleb128 0x49
 1153 00d6 13       		.uleb128 0x13
 1154 00d7 00       		.byte	0
 1155 00d8 00       		.byte	0
 1156 00d9 12       		.uleb128 0x12
 1157 00da 01       		.uleb128 0x1
 1158 00db 01       		.byte	0x1
 1159 00dc 49       		.uleb128 0x49
 1160 00dd 13       		.uleb128 0x13
 1161 00de 01       		.uleb128 0x1
 1162 00df 13       		.uleb128 0x13
 1163 00e0 00       		.byte	0
 1164 00e1 00       		.byte	0
 1165 00e2 13       		.uleb128 0x13
 1166 00e3 21       		.uleb128 0x21
 1167 00e4 00       		.byte	0
 1168 00e5 49       		.uleb128 0x49
 1169 00e6 13       		.uleb128 0x13
 1170 00e7 2F       		.uleb128 0x2f
 1171 00e8 0B       		.uleb128 0xb
 1172 00e9 00       		.byte	0
 1173 00ea 00       		.byte	0
 1174 00eb 14       		.uleb128 0x14
 1175 00ec 2E       		.uleb128 0x2e
 1176 00ed 00       		.byte	0
 1177 00ee 3F       		.uleb128 0x3f
 1178 00ef 19       		.uleb128 0x19
 1179 00f0 03       		.uleb128 0x3
 1180 00f1 0E       		.uleb128 0xe
 1181 00f2 3A       		.uleb128 0x3a
 1182 00f3 0B       		.uleb128 0xb
 1183 00f4 3B       		.uleb128 0x3b
 1184 00f5 0B       		.uleb128 0xb
 1185 00f6 39       		.uleb128 0x39
 1186 00f7 0B       		.uleb128 0xb
 1187 00f8 27       		.uleb128 0x27
 1188 00f9 19       		.uleb128 0x19
 1189 00fa 11       		.uleb128 0x11
 1190 00fb 01       		.uleb128 0x1
 1191 00fc 12       		.uleb128 0x12
 1192 00fd 06       		.uleb128 0x6
 1193 00fe 40       		.uleb128 0x40
 1194 00ff 18       		.uleb128 0x18
 1195 0100 9742     		.uleb128 0x2117
 1196 0102 19       		.uleb128 0x19
 1197 0103 00       		.byte	0
ARM GAS  /var/folders/l5/0x54b2c10074c8bt31ycjvl80000gp/T//ccyNBvAY.s 			page 22


 1198 0104 00       		.byte	0
 1199 0105 00       		.byte	0
 1200              		.section	.debug_aranges,"",%progbits
 1201 0000 1C000000 		.4byte	0x1c
 1202 0004 0200     		.2byte	0x2
 1203 0006 00000000 		.4byte	.Ldebug_info0
 1204 000a 04       		.byte	0x4
 1205 000b 00       		.byte	0
 1206 000c 0000     		.2byte	0
 1207 000e 0000     		.2byte	0
 1208 0010 00000000 		.4byte	.LFB7
 1209 0014 18000000 		.4byte	.LFE7-.LFB7
 1210 0018 00000000 		.4byte	0
 1211 001c 00000000 		.4byte	0
 1212              		.section	.debug_ranges,"",%progbits
 1213              	.Ldebug_ranges0:
 1214 0000 00000000 		.4byte	.LFB7
 1215 0004 18000000 		.4byte	.LFE7
 1216 0008 00000000 		.4byte	0
 1217 000c 00000000 		.4byte	0
 1218              		.section	.debug_line,"",%progbits
 1219              	.Ldebug_line0:
 1220 0000 B3010000 		.section	.debug_str,"MS",%progbits,1
 1220      03007301 
 1220      00000201 
 1220      FB0E0D00 
 1220      01010101 
 1221              	.LASF85:
 1222 0000 63665F6F 		.ascii	"cf_off_older\000"
 1222      66665F6F 
 1222      6C646572 
 1222      00
 1223              	.LASF38:
 1224 000d 705F6D73 		.ascii	"p_msg\000"
 1224      6700
 1225              	.LASF70:
 1226 0013 7264796D 		.ascii	"rdymsg\000"
 1226      736700
 1227              	.LASF4:
 1228 001a 5F5F7569 		.ascii	"__uint8_t\000"
 1228      6E74385F 
 1228      7400
 1229              	.LASF64:
 1230 0024 76746C69 		.ascii	"vtlist\000"
 1230      737400
 1231              	.LASF12:
 1232 002b 6C6F6E67 		.ascii	"long long unsigned int\000"
 1232      206C6F6E 
 1232      6720756E 
 1232      7369676E 
 1232      65642069 
 1233              	.LASF81:
 1234 0042 63685F74 		.ascii	"ch_threadsize\000"
 1234      68726561 
 1234      6473697A 
 1234      6500
 1235              	.LASF71:
ARM GAS  /var/folders/l5/0x54b2c10074c8bt31ycjvl80000gp/T//ccyNBvAY.s 			page 23


 1236 0050 65786974 		.ascii	"exitcode\000"
 1236      636F6465 
 1236      00
 1237              	.LASF27:
 1238 0059 705F7072 		.ascii	"p_prio\000"
 1238      696F00
 1239              	.LASF88:
 1240 0060 63665F6F 		.ascii	"cf_off_state\000"
 1240      66665F73 
 1240      74617465 
 1240      00
 1241              	.LASF11:
 1242 006d 6C6F6E67 		.ascii	"long long int\000"
 1242      206C6F6E 
 1242      6720696E 
 1242      7400
 1243              	.LASF1:
 1244 007b 7369676E 		.ascii	"signed char\000"
 1244      65642063 
 1244      68617200 
 1245              	.LASF87:
 1246 0087 63665F6F 		.ascii	"cf_off_stklimit\000"
 1246      66665F73 
 1246      746B6C69 
 1246      6D697400 
 1247              	.LASF89:
 1248 0097 63665F6F 		.ascii	"cf_off_flags\000"
 1248      66665F66 
 1248      6C616773 
 1248      00
 1249              	.LASF67:
 1250 00a4 6D5F7175 		.ascii	"m_queue\000"
 1250      65756500 
 1251              	.LASF75:
 1252 00ac 63685F69 		.ascii	"ch_identifier\000"
 1252      64656E74 
 1252      69666965 
 1252      7200
 1253              	.LASF8:
 1254 00ba 6C6F6E67 		.ascii	"long int\000"
 1254      20696E74 
 1254      00
 1255              	.LASF18:
 1256 00c3 74737461 		.ascii	"tstate_t\000"
 1256      74655F74 
 1256      00
 1257              	.LASF14:
 1258 00cc 75696E74 		.ascii	"uint16_t\000"
 1258      31365F74 
 1258      00
 1259              	.LASF93:
 1260 00d5 63686465 		.ascii	"chdebug_t\000"
 1260      6275675F 
 1260      7400
 1261              	.LASF29:
 1262 00df 705F6E65 		.ascii	"p_newer\000"
 1262      77657200 
ARM GAS  /var/folders/l5/0x54b2c10074c8bt31ycjvl80000gp/T//ccyNBvAY.s 			page 24


 1263              	.LASF95:
 1264 00e7 5F69646C 		.ascii	"_idle_thread_wa\000"
 1264      655F7468 
 1264      72656164 
 1264      5F776100 
 1265              	.LASF9:
 1266 00f7 5F5F7569 		.ascii	"__uint32_t\000"
 1266      6E743332 
 1266      5F7400
 1267              	.LASF45:
 1268 0102 72656761 		.ascii	"regarm_t\000"
 1268      726D5F74 
 1268      00
 1269              	.LASF51:
 1270 010b 76745F70 		.ascii	"vt_prev\000"
 1270      72657600 
 1271              	.LASF0:
 1272 0113 756E7369 		.ascii	"unsigned int\000"
 1272      676E6564 
 1272      20696E74 
 1272      00
 1273              	.LASF50:
 1274 0120 76745F6E 		.ascii	"vt_next\000"
 1274      65787400 
 1275              	.LASF10:
 1276 0128 6C6F6E67 		.ascii	"long unsigned int\000"
 1276      20756E73 
 1276      69676E65 
 1276      6420696E 
 1276      7400
 1277              	.LASF94:
 1278 013a 63685F64 		.ascii	"ch_debug\000"
 1278      65627567 
 1278      00
 1279              	.LASF48:
 1280 0143 76746675 		.ascii	"vtfunc_t\000"
 1280      6E635F74 
 1280      00
 1281              	.LASF47:
 1282 014c 636F6E74 		.ascii	"context\000"
 1282      65787400 
 1283              	.LASF97:
 1284 0154 2E2E2F2E 		.ascii	"../../os/ports/GCC/ARM/chcore.c\000"
 1284      2E2F6F73 
 1284      2F706F72 
 1284      74732F47 
 1284      43432F41 
 1285              	.LASF6:
 1286 0174 73686F72 		.ascii	"short unsigned int\000"
 1286      7420756E 
 1286      7369676E 
 1286      65642069 
 1286      6E7400
 1287              	.LASF21:
 1288 0187 6D73675F 		.ascii	"msg_t\000"
 1288      7400
 1289              	.LASF60:
ARM GAS  /var/folders/l5/0x54b2c10074c8bt31ycjvl80000gp/T//ccyNBvAY.s 			page 25


 1290 018d 725F6E65 		.ascii	"r_newer\000"
 1290      77657200 
 1291              	.LASF96:
 1292 0195 474E5520 		.ascii	"GNU C17 8.3.1 20190703 (release) [gcc-8-branch revi"
 1292      43313720 
 1292      382E332E 
 1292      31203230 
 1292      31393037 
 1293 01c8 73696F6E 		.ascii	"sion 273027] -mcpu=arm1176jz-s -mno-thumb-interwork"
 1293      20323733 
 1293      3032375D 
 1293      202D6D63 
 1293      70753D61 
 1294 01fb 202D6D66 		.ascii	" -mfloat-abi=soft -marm -march=armv6kz -ggdb -O2 -f"
 1294      6C6F6174 
 1294      2D616269 
 1294      3D736F66 
 1294      74202D6D 
 1295 022e 6F6D6974 		.ascii	"omit-frame-pointer -ffunction-sections -fdata-secti"
 1295      2D667261 
 1295      6D652D70 
 1295      6F696E74 
 1295      6572202D 
 1296 0261 6F6E7300 		.ascii	"ons\000"
 1297              	.LASF17:
 1298 0265 746D6F64 		.ascii	"tmode_t\000"
 1298      655F7400 
 1299              	.LASF43:
 1300 026d 54687265 		.ascii	"ThreadsList\000"
 1300      6164734C 
 1300      69737400 
 1301              	.LASF22:
 1302 0279 6576656E 		.ascii	"eventmask_t\000"
 1302      746D6173 
 1302      6B5F7400 
 1303              	.LASF66:
 1304 0285 4D757465 		.ascii	"Mutex\000"
 1304      7800
 1305              	.LASF44:
 1306 028b 73746B61 		.ascii	"stkalign_t\000"
 1306      6C69676E 
 1306      5F7400
 1307              	.LASF76:
 1308 0296 63685F7A 		.ascii	"ch_zero\000"
 1308      65726F00 
 1309              	.LASF90:
 1310 029e 63665F6F 		.ascii	"cf_off_refs\000"
 1310      66665F72 
 1310      65667300 
 1311              	.LASF52:
 1312 02aa 76745F74 		.ascii	"vt_time\000"
 1312      696D6500 
 1313              	.LASF99:
 1314 02b2 706F7274 		.ascii	"port_halt\000"
 1314      5F68616C 
 1314      7400
 1315              	.LASF53:
ARM GAS  /var/folders/l5/0x54b2c10074c8bt31ycjvl80000gp/T//ccyNBvAY.s 			page 26


 1316 02bc 76745F66 		.ascii	"vt_func\000"
 1316      756E6300 
 1317              	.LASF80:
 1318 02c4 63685F74 		.ascii	"ch_timesize\000"
 1318      696D6573 
 1318      697A6500 
 1319              	.LASF86:
 1320 02d0 63665F6F 		.ascii	"cf_off_name\000"
 1320      66665F6E 
 1320      616D6500 
 1321              	.LASF30:
 1322 02dc 705F6F6C 		.ascii	"p_older\000"
 1322      64657200 
 1323              	.LASF59:
 1324 02e4 725F6374 		.ascii	"r_ctx\000"
 1324      7800
 1325              	.LASF42:
 1326 02ea 54687265 		.ascii	"ThreadsQueue\000"
 1326      61647351 
 1326      75657565 
 1326      00
 1327              	.LASF77:
 1328 02f7 63685F73 		.ascii	"ch_size\000"
 1328      697A6500 
 1329              	.LASF62:
 1330 02ff 725F6375 		.ascii	"r_current\000"
 1330      7272656E 
 1330      7400
 1331              	.LASF61:
 1332 0309 725F6F6C 		.ascii	"r_older\000"
 1332      64657200 
 1333              	.LASF19:
 1334 0311 74726566 		.ascii	"trefs_t\000"
 1334      735F7400 
 1335              	.LASF79:
 1336 0319 63685F70 		.ascii	"ch_ptrsize\000"
 1336      74727369 
 1336      7A6500
 1337              	.LASF26:
 1338 0324 705F7072 		.ascii	"p_prev\000"
 1338      657600
 1339              	.LASF20:
 1340 032b 74707269 		.ascii	"tprio_t\000"
 1340      6F5F7400 
 1341              	.LASF15:
 1342 0333 696E7433 		.ascii	"int32_t\000"
 1342      325F7400 
 1343              	.LASF2:
 1344 033b 756E7369 		.ascii	"unsigned char\000"
 1344      676E6564 
 1344      20636861 
 1344      7200
 1345              	.LASF40:
 1346 0349 705F6D74 		.ascii	"p_mtxlist\000"
 1346      786C6973 
 1346      7400
 1347              	.LASF3:
ARM GAS  /var/folders/l5/0x54b2c10074c8bt31ycjvl80000gp/T//ccyNBvAY.s 			page 27


 1348 0353 73686F72 		.ascii	"short int\000"
 1348      7420696E 
 1348      7400
 1349              	.LASF32:
 1350 035d 705F7374 		.ascii	"p_state\000"
 1350      61746500 
 1351              	.LASF92:
 1352 0365 63665F6F 		.ascii	"cf_off_time\000"
 1352      66665F74 
 1352      696D6500 
 1353              	.LASF58:
 1354 0371 725F7072 		.ascii	"r_prio\000"
 1354      696F00
 1355              	.LASF73:
 1356 0378 65776D61 		.ascii	"ewmask\000"
 1356      736B00
 1357              	.LASF25:
 1358 037f 705F6E65 		.ascii	"p_next\000"
 1358      787400
 1359              	.LASF91:
 1360 0386 63665F6F 		.ascii	"cf_off_preempt\000"
 1360      66665F70 
 1360      7265656D 
 1360      707400
 1361              	.LASF33:
 1362 0395 705F666C 		.ascii	"p_flags\000"
 1362      61677300 
 1363              	.LASF24:
 1364 039d 54687265 		.ascii	"Thread\000"
 1364      616400
 1365              	.LASF84:
 1366 03a4 63665F6F 		.ascii	"cf_off_newer\000"
 1366      66665F6E 
 1366      65776572 
 1366      00
 1367              	.LASF39:
 1368 03b1 705F6570 		.ascii	"p_epending\000"
 1368      656E6469 
 1368      6E6700
 1369              	.LASF16:
 1370 03bc 75696E74 		.ascii	"uint32_t\000"
 1370      33325F74 
 1370      00
 1371              	.LASF82:
 1372 03c5 63665F6F 		.ascii	"cf_off_prio\000"
 1372      66665F70 
 1372      72696F00 
 1373              	.LASF57:
 1374 03d1 725F7175 		.ascii	"r_queue\000"
 1374      65756500 
 1375              	.LASF49:
 1376 03d9 56697274 		.ascii	"VirtualTimer\000"
 1376      75616C54 
 1376      696D6572 
 1376      00
 1377              	.LASF74:
 1378 03e6 63686172 		.ascii	"char\000"
ARM GAS  /var/folders/l5/0x54b2c10074c8bt31ycjvl80000gp/T//ccyNBvAY.s 			page 28


 1378      00
 1379              	.LASF5:
 1380 03eb 5F5F7569 		.ascii	"__uint16_t\000"
 1380      6E743136 
 1380      5F7400
 1381              	.LASF69:
 1382 03f6 6D5F6E65 		.ascii	"m_next\000"
 1382      787400
 1383              	.LASF23:
 1384 03fd 73797374 		.ascii	"systime_t\000"
 1384      696D655F 
 1384      7400
 1385              	.LASF41:
 1386 0407 705F7265 		.ascii	"p_realprio\000"
 1386      616C7072 
 1386      696F00
 1387              	.LASF7:
 1388 0412 5F5F696E 		.ascii	"__int32_t\000"
 1388      7433325F 
 1388      7400
 1389              	.LASF35:
 1390 041c 705F7469 		.ascii	"p_time\000"
 1390      6D6500
 1391              	.LASF46:
 1392 0423 696E7463 		.ascii	"intctx\000"
 1392      747800
 1393              	.LASF37:
 1394 042a 705F6D73 		.ascii	"p_msgqueue\000"
 1394      67717565 
 1394      756500
 1395              	.LASF54:
 1396 0435 76745F70 		.ascii	"vt_par\000"
 1396      617200
 1397              	.LASF83:
 1398 043c 63665F6F 		.ascii	"cf_off_ctx\000"
 1398      66665F63 
 1398      747800
 1399              	.LASF34:
 1400 0447 705F7265 		.ascii	"p_refs\000"
 1400      667300
 1401              	.LASF63:
 1402 044e 52656164 		.ascii	"ReadyList\000"
 1402      794C6973 
 1402      7400
 1403              	.LASF65:
 1404 0458 726C6973 		.ascii	"rlist\000"
 1404      7400
 1405              	.LASF13:
 1406 045e 75696E74 		.ascii	"uint8_t\000"
 1406      385F7400 
 1407              	.LASF72:
 1408 0466 77746F62 		.ascii	"wtobjp\000"
 1408      6A7000
 1409              	.LASF31:
 1410 046d 705F6E61 		.ascii	"p_name\000"
 1410      6D6500
 1411              	.LASF55:
ARM GAS  /var/folders/l5/0x54b2c10074c8bt31ycjvl80000gp/T//ccyNBvAY.s 			page 29


 1412 0474 76745F73 		.ascii	"vt_systime\000"
 1412      79737469 
 1412      6D6500
 1413              	.LASF78:
 1414 047f 63685F76 		.ascii	"ch_version\000"
 1414      65727369 
 1414      6F6E00
 1415              	.LASF98:
 1416 048a 2F557365 		.ascii	"/Users/fernandoguirado/eclipse-workspace/ChibiOS-RP"
 1416      72732F66 
 1416      65726E61 
 1416      6E646F67 
 1416      75697261 
 1417 04bd 692D636F 		.ascii	"i-copia/demos/timers\000"
 1417      7069612F 
 1417      64656D6F 
 1417      732F7469 
 1417      6D657273 
 1418              	.LASF56:
 1419 04d2 56544C69 		.ascii	"VTList\000"
 1419      737400
 1420              	.LASF68:
 1421 04d9 6D5F6F77 		.ascii	"m_owner\000"
 1421      6E657200 
 1422              	.LASF28:
 1423 04e1 705F6374 		.ascii	"p_ctx\000"
 1423      7800
 1424              	.LASF36:
 1425 04e7 705F7761 		.ascii	"p_waiting\000"
 1425      6974696E 
 1425      6700
 1426              		.ident	"GCC: (GNU Tools for Arm Embedded Processors 8-2019-q3-update) 8.3.1 20190703 (release) [gc
ARM GAS  /var/folders/l5/0x54b2c10074c8bt31ycjvl80000gp/T//ccyNBvAY.s 			page 30


DEFINED SYMBOLS
                            *ABS*:0000000000000000 chcore.c
/var/folders/l5/0x54b2c10074c8bt31ycjvl80000gp/T//ccyNBvAY.s:16     .text.port_halt:0000000000000000 $a
/var/folders/l5/0x54b2c10074c8bt31ycjvl80000gp/T//ccyNBvAY.s:23     .text.port_halt:0000000000000000 port_halt

NO UNDEFINED SYMBOLS
