ARM GAS  /var/folders/l5/0x54b2c10074c8bt31ycjvl80000gp/T//ccne7TWQ.s 			page 1


   1              		.cpu arm1176jz-s
   2              		.eabi_attribute 20, 1
   3              		.eabi_attribute 21, 1
   4              		.eabi_attribute 23, 3
   5              		.eabi_attribute 24, 1
   6              		.eabi_attribute 25, 1
   7              		.eabi_attribute 26, 1
   8              		.eabi_attribute 30, 2
   9              		.eabi_attribute 34, 1
  10              		.eabi_attribute 18, 4
  11              		.file	"chmemcore.c"
  12              		.text
  13              	.Ltext0:
  14              		.cfi_sections	.debug_frame
  15              		.section	.text._core_init,"ax",%progbits
  16              		.align	2
  17              		.global	_core_init
  18              		.arch armv6kz
  19              		.syntax unified
  20              		.arm
  21              		.fpu softvfp
  22              		.type	_core_init, %function
  23              	_core_init:
  24              	.LFB7:
  25              		.file 1 "../../os/kernel/src/chmemcore.c"
  26              		.loc 1 59 23 view -0
  27              		.cfi_startproc
  28              		@ args = 0, pretend = 0, frame = 0
  29              		@ frame_needed = 0, uses_anonymous_args = 0
  30              		@ link register save eliminated.
  31              		.loc 1 61 3 view .LVU1
  32              		.loc 1 62 3 view .LVU2
  33              		.loc 1 63 3 view .LVU3
  34              		.loc 1 63 24 is_stmt 0 view .LVU4
  35 0000 1C209FE5 		ldr	r2, .L3
  36              		.loc 1 64 23 view .LVU5
  37 0004 1C309FE5 		ldr	r3, .L3+4
  38              		.loc 1 63 11 view .LVU6
  39 0008 1C009FE5 		ldr	r0, .L3+8
  40              		.loc 1 64 10 view .LVU7
  41 000c 1C109FE5 		ldr	r1, .L3+12
  42              		.loc 1 63 24 view .LVU8
  43 0010 0320C2E3 		bic	r2, r2, #3
  44              		.loc 1 64 23 view .LVU9
  45 0014 0330C3E3 		bic	r3, r3, #3
  46              		.loc 1 63 11 view .LVU10
  47 0018 002080E5 		str	r2, [r0]
  48              		.loc 1 64 3 is_stmt 1 view .LVU11
  49              		.loc 1 64 10 is_stmt 0 view .LVU12
  50 001c 003081E5 		str	r3, [r1]
  51              		.loc 1 70 1 view .LVU13
  52 0020 1EFF2FE1 		bx	lr
  53              	.L4:
  54              		.align	2
  55              	.L3:
  56 0024 03000000 		.word	__heap_base__+3
  57 0028 00000000 		.word	__heap_end__
ARM GAS  /var/folders/l5/0x54b2c10074c8bt31ycjvl80000gp/T//ccne7TWQ.s 			page 2


  58 002c 00000000 		.word	.LANCHOR0
  59 0030 00000000 		.word	.LANCHOR1
  60              		.cfi_endproc
  61              	.LFE7:
  62              		.size	_core_init, .-_core_init
  63              		.section	.text.chCoreAlloc,"ax",%progbits
  64              		.align	2
  65              		.global	chCoreAlloc
  66              		.syntax unified
  67              		.arm
  68              		.fpu softvfp
  69              		.type	chCoreAlloc, %function
  70              	chCoreAlloc:
  71              	.LVL0:
  72              	.LFB8:
  73              		.loc 1 84 32 is_stmt 1 view -0
  74              		.cfi_startproc
  75              		@ args = 0, pretend = 0, frame = 0
  76              		@ frame_needed = 0, uses_anonymous_args = 0
  77              		@ link register save eliminated.
  78              		.loc 1 85 3 view .LVU15
  79              		.loc 1 87 3 view .LVU16
  80              		.loc 1 84 32 is_stmt 0 view .LVU17
  81 0000 0030A0E1 		mov	r3, r0
  82              		.loc 1 87 3 view .LVU18
  83              		.syntax divided
  84              	@ 87 "../../os/kernel/src/chmemcore.c" 1
  85 0004 9FF021E3 		msr     CPSR_c, #0x9F
  86              	@ 0 "" 2
  87              		.loc 1 87 3 is_stmt 1 view .LVU19
  88              		.loc 1 87 14 view .LVU20
  89              		.loc 1 88 3 view .LVU21
  90              	.LVL1:
  91              		.arm
  92              		.syntax unified
  93              	.LBB4:
  94              	.LBI4:
  95              		.loc 1 105 7 view .LVU22
  96              	.LBB5:
  97              		.loc 1 106 3 view .LVU23
  98              		.loc 1 108 3 view .LVU24
  99              		.loc 1 108 21 view .LVU25
 100              		.loc 1 110 3 view .LVU26
 101              		.loc 1 111 23 is_stmt 0 view .LVU27
 102 0008 2C109FE5 		ldr	r1, .L8
 103 000c 2C209FE5 		ldr	r2, .L8+4
 104 0010 000091E5 		ldr	r0, [r1]
 105              	.LVL2:
 106              		.loc 1 111 23 view .LVU28
 107 0014 002092E5 		ldr	r2, [r2]
 108              		.loc 1 110 10 view .LVU29
 109 0018 033083E2 		add	r3, r3, #3
 110              	.LVL3:
 111              		.loc 1 110 8 view .LVU30
 112 001c 0330C3E3 		bic	r3, r3, #3
 113              	.LVL4:
 114              		.loc 1 111 3 is_stmt 1 view .LVU31
ARM GAS  /var/folders/l5/0x54b2c10074c8bt31ycjvl80000gp/T//ccne7TWQ.s 			page 3


 115              		.loc 1 111 23 is_stmt 0 view .LVU32
 116 0020 002042E0 		sub	r2, r2, r0
 117              		.loc 1 111 6 view .LVU33
 118 0024 020053E1 		cmp	r3, r2
 119              		.loc 1 113 3 is_stmt 1 view .LVU34
 120              	.LVL5:
 121              		.loc 1 114 3 view .LVU35
 122              		.loc 1 114 11 is_stmt 0 view .LVU36
 123 0028 03308090 		addls	r3, r0, r3
 124              	.LVL6:
 125              		.loc 1 114 11 view .LVU37
 126 002c 00308195 		strls	r3, [r1]
 127              		.loc 1 115 3 is_stmt 1 view .LVU38
 128              		.loc 1 112 12 is_stmt 0 view .LVU39
 129 0030 0000A083 		movhi	r0, #0
 130              	.LVL7:
 131              		.loc 1 112 12 view .LVU40
 132              	.LBE5:
 133              	.LBE4:
 134              		.loc 1 89 3 is_stmt 1 view .LVU41
 135              		.loc 1 89 3 view .LVU42
 136              		.syntax divided
 137              	@ 89 "../../os/kernel/src/chmemcore.c" 1
 138 0034 1FF021E3 		msr     CPSR_c, #0x1F
 139              	@ 0 "" 2
 140              		.loc 1 89 16 view .LVU43
 141              		.loc 1 90 3 view .LVU44
 142              		.loc 1 91 1 is_stmt 0 view .LVU45
 143              		.arm
 144              		.syntax unified
 145 0038 1EFF2FE1 		bx	lr
 146              	.L9:
 147              		.align	2
 148              	.L8:
 149 003c 00000000 		.word	.LANCHOR0
 150 0040 00000000 		.word	.LANCHOR1
 151              		.cfi_endproc
 152              	.LFE8:
 153              		.size	chCoreAlloc, .-chCoreAlloc
 154              		.section	.text.chCoreAllocI,"ax",%progbits
 155              		.align	2
 156              		.global	chCoreAllocI
 157              		.syntax unified
 158              		.arm
 159              		.fpu softvfp
 160              		.type	chCoreAllocI, %function
 161              	chCoreAllocI:
 162              	.LVL8:
 163              	.LFB9:
 164              		.loc 1 105 33 is_stmt 1 view -0
 165              		.cfi_startproc
 166              		@ args = 0, pretend = 0, frame = 0
 167              		@ frame_needed = 0, uses_anonymous_args = 0
 168              		@ link register save eliminated.
 169              		.loc 1 106 3 view .LVU47
 170              		.loc 1 108 3 view .LVU48
 171              		.loc 1 108 21 view .LVU49
ARM GAS  /var/folders/l5/0x54b2c10074c8bt31ycjvl80000gp/T//ccne7TWQ.s 			page 4


 172              		.loc 1 110 3 view .LVU50
 173              		.loc 1 111 23 is_stmt 0 view .LVU51
 174 0000 2C109FE5 		ldr	r1, .L13
 175 0004 2C309FE5 		ldr	r3, .L13+4
 176 0008 002091E5 		ldr	r2, [r1]
 177 000c 003093E5 		ldr	r3, [r3]
 178              		.loc 1 110 10 view .LVU52
 179 0010 030080E2 		add	r0, r0, #3
 180              	.LVL9:
 181              		.loc 1 110 8 view .LVU53
 182 0014 0300C0E3 		bic	r0, r0, #3
 183              	.LVL10:
 184              		.loc 1 111 3 is_stmt 1 view .LVU54
 185              		.loc 1 111 23 is_stmt 0 view .LVU55
 186 0018 023043E0 		sub	r3, r3, r2
 187              		.loc 1 111 6 view .LVU56
 188 001c 000053E1 		cmp	r3, r0
 189              		.loc 1 113 3 is_stmt 1 view .LVU57
 190              	.LVL11:
 191              		.loc 1 114 3 view .LVU58
 192              		.loc 1 112 12 is_stmt 0 view .LVU59
 193 0020 0020A033 		movcc	r2, #0
 194              	.LVL12:
 195              		.loc 1 114 11 view .LVU60
 196 0024 00008220 		addcs	r0, r2, r0
 197              	.LVL13:
 198              		.loc 1 114 11 view .LVU61
 199 0028 00008125 		strcs	r0, [r1]
 200              	.LVL14:
 201              		.loc 1 115 3 is_stmt 1 view .LVU62
 202              		.loc 1 116 1 is_stmt 0 view .LVU63
 203 002c 0200A0E1 		mov	r0, r2
 204 0030 1EFF2FE1 		bx	lr
 205              	.L14:
 206              		.align	2
 207              	.L13:
 208 0034 00000000 		.word	.LANCHOR0
 209 0038 00000000 		.word	.LANCHOR1
 210              		.cfi_endproc
 211              	.LFE9:
 212              		.size	chCoreAllocI, .-chCoreAllocI
 213              		.section	.text.chCoreStatus,"ax",%progbits
 214              		.align	2
 215              		.global	chCoreStatus
 216              		.syntax unified
 217              		.arm
 218              		.fpu softvfp
 219              		.type	chCoreStatus, %function
 220              	chCoreStatus:
 221              	.LFB10:
 222              		.loc 1 125 27 is_stmt 1 view -0
 223              		.cfi_startproc
 224              		@ args = 0, pretend = 0, frame = 0
 225              		@ frame_needed = 0, uses_anonymous_args = 0
 226              		@ link register save eliminated.
 227              		.loc 1 127 3 view .LVU65
 228              		.loc 1 127 26 is_stmt 0 view .LVU66
ARM GAS  /var/folders/l5/0x54b2c10074c8bt31ycjvl80000gp/T//ccne7TWQ.s 			page 5


 229 0000 10209FE5 		ldr	r2, .L16
 230 0004 10309FE5 		ldr	r3, .L16+4
 231 0008 000092E5 		ldr	r0, [r2]
 232 000c 003093E5 		ldr	r3, [r3]
 233              		.loc 1 128 1 view .LVU67
 234 0010 030040E0 		sub	r0, r0, r3
 235 0014 1EFF2FE1 		bx	lr
 236              	.L17:
 237              		.align	2
 238              	.L16:
 239 0018 00000000 		.word	.LANCHOR1
 240 001c 00000000 		.word	.LANCHOR0
 241              		.cfi_endproc
 242              	.LFE10:
 243              		.size	chCoreStatus, .-chCoreStatus
 244              		.section	.bss.endmem,"aw",%nobits
 245              		.align	2
 246              		.set	.LANCHOR1,. + 0
 247              		.type	endmem, %object
 248              		.size	endmem, 4
 249              	endmem:
 250 0000 00000000 		.space	4
 251              		.section	.bss.nextmem,"aw",%nobits
 252              		.align	2
 253              		.set	.LANCHOR0,. + 0
 254              		.type	nextmem, %object
 255              		.size	nextmem, 4
 256              	nextmem:
 257 0000 00000000 		.space	4
 258              		.text
 259              	.Letext0:
 260              		.file 2 "/usr/local/Cellar/arm-gcc-bin/8-2019-q3-update/lib/gcc/arm-none-eabi/8.3.1/include/stddef
 261              		.file 3 "/usr/local/Cellar/arm-gcc-bin/8-2019-q3-update/arm-none-eabi/include/machine/_default_typ
 262              		.file 4 "/usr/local/Cellar/arm-gcc-bin/8-2019-q3-update/arm-none-eabi/include/sys/_stdint.h"
 263              		.file 5 "../../os/ports/GCC/ARM/chtypes.h"
 264              		.file 6 "../../os/kernel/include/chlists.h"
 265              		.file 7 "../../os/kernel/include/chthreads.h"
 266              		.file 8 "../../os/ports/GCC/ARM/chcore.h"
 267              		.file 9 "../../os/kernel/include/chvt.h"
 268              		.file 10 "../../os/kernel/include/chschd.h"
 269              		.file 11 "../../os/kernel/include/chmtx.h"
 270              		.file 12 "../../os/kernel/include/chregistry.h"
 271              		.file 13 "../../os/kernel/include/ch.h"
 272              		.section	.debug_info,"",%progbits
 273              	.Ldebug_info0:
 274 0000 A2070000 		.4byte	0x7a2
 275 0004 0400     		.2byte	0x4
 276 0006 00000000 		.4byte	.Ldebug_abbrev0
 277 000a 04       		.byte	0x4
 278 000b 01       		.uleb128 0x1
 279 000c A7010000 		.4byte	.LASF101
 280 0010 0C       		.byte	0xc
 281 0011 97020000 		.4byte	.LASF102
 282 0015 E7040000 		.4byte	.LASF103
 283 0019 00000000 		.4byte	.Ldebug_ranges0+0
 284 001d 00000000 		.4byte	0
 285 0021 00000000 		.4byte	.Ldebug_line0
ARM GAS  /var/folders/l5/0x54b2c10074c8bt31ycjvl80000gp/T//ccne7TWQ.s 			page 6


 286 0025 02       		.uleb128 0x2
 287 0026 04       		.byte	0x4
 288 0027 05       		.byte	0x5
 289 0028 696E7400 		.ascii	"int\000"
 290 002c 03       		.uleb128 0x3
 291 002d 13000000 		.4byte	.LASF2
 292 0031 02       		.byte	0x2
 293 0032 D8       		.byte	0xd8
 294 0033 17       		.byte	0x17
 295 0034 38000000 		.4byte	0x38
 296 0038 04       		.uleb128 0x4
 297 0039 04       		.byte	0x4
 298 003a 07       		.byte	0x7
 299 003b 40010000 		.4byte	.LASF0
 300 003f 04       		.uleb128 0x4
 301 0040 01       		.byte	0x1
 302 0041 06       		.byte	0x6
 303 0042 9B000000 		.4byte	.LASF1
 304 0046 03       		.uleb128 0x3
 305 0047 2D000000 		.4byte	.LASF3
 306 004b 03       		.byte	0x3
 307 004c 2B       		.byte	0x2b
 308 004d 18       		.byte	0x18
 309 004e 52000000 		.4byte	0x52
 310 0052 04       		.uleb128 0x4
 311 0053 01       		.byte	0x1
 312 0054 08       		.byte	0x8
 313 0055 63030000 		.4byte	.LASF4
 314 0059 04       		.uleb128 0x4
 315 005a 02       		.byte	0x2
 316 005b 05       		.byte	0x5
 317 005c 86030000 		.4byte	.LASF5
 318 0060 03       		.uleb128 0x3
 319 0061 2B040000 		.4byte	.LASF6
 320 0065 03       		.byte	0x3
 321 0066 39       		.byte	0x39
 322 0067 19       		.byte	0x19
 323 0068 6C000000 		.4byte	0x6c
 324 006c 04       		.uleb128 0x4
 325 006d 02       		.byte	0x2
 326 006e 07       		.byte	0x7
 327 006f 86010000 		.4byte	.LASF7
 328 0073 03       		.uleb128 0x3
 329 0074 5A040000 		.4byte	.LASF8
 330 0078 03       		.byte	0x3
 331 0079 4D       		.byte	0x4d
 332 007a 18       		.byte	0x18
 333 007b 7F000000 		.4byte	0x7f
 334 007f 04       		.uleb128 0x4
 335 0080 04       		.byte	0x4
 336 0081 05       		.byte	0x5
 337 0082 DA000000 		.4byte	.LASF9
 338 0086 03       		.uleb128 0x3
 339 0087 24010000 		.4byte	.LASF10
 340 008b 03       		.byte	0x3
 341 008c 4F       		.byte	0x4f
 342 008d 19       		.byte	0x19
ARM GAS  /var/folders/l5/0x54b2c10074c8bt31ycjvl80000gp/T//ccne7TWQ.s 			page 7


 343 008e 92000000 		.4byte	0x92
 344 0092 04       		.uleb128 0x4
 345 0093 04       		.byte	0x4
 346 0094 07       		.byte	0x7
 347 0095 55010000 		.4byte	.LASF11
 348 0099 04       		.uleb128 0x4
 349 009a 08       		.byte	0x8
 350 009b 05       		.byte	0x5
 351 009c 8D000000 		.4byte	.LASF12
 352 00a0 04       		.uleb128 0x4
 353 00a1 08       		.byte	0x8
 354 00a2 07       		.byte	0x7
 355 00a3 3E000000 		.4byte	.LASF13
 356 00a7 03       		.uleb128 0x3
 357 00a8 BB040000 		.4byte	.LASF14
 358 00ac 04       		.byte	0x4
 359 00ad 18       		.byte	0x18
 360 00ae 13       		.byte	0x13
 361 00af 46000000 		.4byte	0x46
 362 00b3 03       		.uleb128 0x3
 363 00b4 EC000000 		.4byte	.LASF15
 364 00b8 04       		.byte	0x4
 365 00b9 24       		.byte	0x24
 366 00ba 14       		.byte	0x14
 367 00bb 60000000 		.4byte	0x60
 368 00bf 03       		.uleb128 0x3
 369 00c0 5B030000 		.4byte	.LASF16
 370 00c4 04       		.byte	0x4
 371 00c5 2C       		.byte	0x2c
 372 00c6 13       		.byte	0x13
 373 00c7 73000000 		.4byte	0x73
 374 00cb 03       		.uleb128 0x3
 375 00cc EF030000 		.4byte	.LASF17
 376 00d0 04       		.byte	0x4
 377 00d1 30       		.byte	0x30
 378 00d2 14       		.byte	0x14
 379 00d3 86000000 		.4byte	0x86
 380 00d7 03       		.uleb128 0x3
 381 00d8 77020000 		.4byte	.LASF18
 382 00dc 05       		.byte	0x5
 383 00dd 2A       		.byte	0x2a
 384 00de 19       		.byte	0x19
 385 00df A7000000 		.4byte	0xa7
 386 00e3 03       		.uleb128 0x3
 387 00e4 E3000000 		.4byte	.LASF19
 388 00e8 05       		.byte	0x5
 389 00e9 2B       		.byte	0x2b
 390 00ea 19       		.byte	0x19
 391 00eb A7000000 		.4byte	0xa7
 392 00ef 03       		.uleb128 0x3
 393 00f0 39030000 		.4byte	.LASF20
 394 00f4 05       		.byte	0x5
 395 00f5 2C       		.byte	0x2c
 396 00f6 19       		.byte	0x19
 397 00f7 A7000000 		.4byte	0xa7
 398 00fb 03       		.uleb128 0x3
 399 00fc 53030000 		.4byte	.LASF21
ARM GAS  /var/folders/l5/0x54b2c10074c8bt31ycjvl80000gp/T//ccne7TWQ.s 			page 8


 400 0100 05       		.byte	0x5
 401 0101 2E       		.byte	0x2e
 402 0102 19       		.byte	0x19
 403 0103 CB000000 		.4byte	0xcb
 404 0107 03       		.uleb128 0x3
 405 0108 99010000 		.4byte	.LASF22
 406 010c 05       		.byte	0x5
 407 010d 2F       		.byte	0x2f
 408 010e 19       		.byte	0x19
 409 010f BF000000 		.4byte	0xbf
 410 0113 03       		.uleb128 0x3
 411 0114 8B020000 		.4byte	.LASF23
 412 0118 05       		.byte	0x5
 413 0119 31       		.byte	0x31
 414 011a 19       		.byte	0x19
 415 011b CB000000 		.4byte	0xcb
 416 011f 03       		.uleb128 0x3
 417 0120 45040000 		.4byte	.LASF24
 418 0124 05       		.byte	0x5
 419 0125 33       		.byte	0x33
 420 0126 19       		.byte	0x19
 421 0127 CB000000 		.4byte	0xcb
 422 012b 05       		.uleb128 0x5
 423 012c 1F010000 		.4byte	0x11f
 424 0130 03       		.uleb128 0x3
 425 0131 D0030000 		.4byte	.LASF25
 426 0135 06       		.byte	0x6
 427 0136 23       		.byte	0x23
 428 0137 17       		.byte	0x17
 429 0138 3C010000 		.4byte	0x13c
 430 013c 06       		.uleb128 0x6
 431 013d D0030000 		.4byte	.LASF25
 432 0141 44       		.byte	0x44
 433 0142 07       		.byte	0x7
 434 0143 57       		.byte	0x57
 435 0144 08       		.byte	0x8
 436 0145 34020000 		.4byte	0x234
 437 0149 07       		.uleb128 0x7
 438 014a B2030000 		.4byte	.LASF26
 439 014e 07       		.byte	0x7
 440 014f 58       		.byte	0x58
 441 0150 1A       		.byte	0x1a
 442 0151 58020000 		.4byte	0x258
 443 0155 00       		.byte	0
 444 0156 07       		.uleb128 0x7
 445 0157 4C030000 		.4byte	.LASF27
 446 015b 07       		.byte	0x7
 447 015c 5A       		.byte	0x5a
 448 015d 1A       		.byte	0x1a
 449 015e 58020000 		.4byte	0x258
 450 0162 04       		.byte	0x4
 451 0163 07       		.uleb128 0x7
 452 0164 79000000 		.4byte	.LASF28
 453 0168 07       		.byte	0x7
 454 0169 5C       		.byte	0x5c
 455 016a 19       		.byte	0x19
 456 016b FB000000 		.4byte	0xfb
ARM GAS  /var/folders/l5/0x54b2c10074c8bt31ycjvl80000gp/T//ccne7TWQ.s 			page 9


 457 016f 08       		.byte	0x8
 458 0170 07       		.uleb128 0x7
 459 0171 3E050000 		.4byte	.LASF29
 460 0175 07       		.byte	0x7
 461 0176 5D       		.byte	0x5d
 462 0177 19       		.byte	0x19
 463 0178 23030000 		.4byte	0x323
 464 017c 0C       		.byte	0xc
 465 017d 07       		.uleb128 0x7
 466 017e FF000000 		.4byte	.LASF30
 467 0182 07       		.byte	0x7
 468 0183 5F       		.byte	0x5f
 469 0184 1A       		.byte	0x1a
 470 0185 58020000 		.4byte	0x258
 471 0189 10       		.byte	0x10
 472 018a 07       		.uleb128 0x7
 473 018b 04030000 		.4byte	.LASF31
 474 018f 07       		.byte	0x7
 475 0190 60       		.byte	0x60
 476 0191 1A       		.byte	0x1a
 477 0192 58020000 		.4byte	0x258
 478 0196 14       		.byte	0x14
 479 0197 07       		.uleb128 0x7
 480 0198 CA040000 		.4byte	.LASF32
 481 019c 07       		.byte	0x7
 482 019d 67       		.byte	0x67
 483 019e 1A       		.byte	0x1a
 484 019f 09050000 		.4byte	0x509
 485 01a3 18       		.byte	0x18
 486 01a4 07       		.uleb128 0x7
 487 01a5 90030000 		.4byte	.LASF33
 488 01a9 07       		.byte	0x7
 489 01aa 72       		.byte	0x72
 490 01ab 19       		.byte	0x19
 491 01ac E3000000 		.4byte	0xe3
 492 01b0 1C       		.byte	0x1c
 493 01b1 07       		.uleb128 0x7
 494 01b2 C8030000 		.4byte	.LASF34
 495 01b6 07       		.byte	0x7
 496 01b7 76       		.byte	0x76
 497 01b8 19       		.byte	0x19
 498 01b9 D7000000 		.4byte	0xd7
 499 01bd 1D       		.byte	0x1d
 500 01be 07       		.uleb128 0x7
 501 01bf 9D040000 		.4byte	.LASF35
 502 01c3 07       		.byte	0x7
 503 01c4 7B       		.byte	0x7b
 504 01c5 19       		.byte	0x19
 505 01c6 EF000000 		.4byte	0xef
 506 01ca 1E       		.byte	0x1e
 507 01cb 07       		.uleb128 0x7
 508 01cc 64040000 		.4byte	.LASF36
 509 01d0 07       		.byte	0x7
 510 01d1 88       		.byte	0x88
 511 01d2 19       		.byte	0x19
 512 01d3 2B010000 		.4byte	0x12b
 513 01d7 20       		.byte	0x20
ARM GAS  /var/folders/l5/0x54b2c10074c8bt31ycjvl80000gp/T//ccne7TWQ.s 			page 10


 514 01d8 08       		.uleb128 0x8
 515 01d9 705F7500 		.ascii	"p_u\000"
 516 01dd 07       		.byte	0x7
 517 01de AD       		.byte	0xad
 518 01df 19       		.byte	0x19
 519 01e0 CF040000 		.4byte	0x4cf
 520 01e4 24       		.byte	0x24
 521 01e5 07       		.uleb128 0x7
 522 01e6 44050000 		.4byte	.LASF37
 523 01ea 07       		.byte	0x7
 524 01eb B2       		.byte	0xb2
 525 01ec 19       		.byte	0x19
 526 01ed 81020000 		.4byte	0x281
 527 01f1 28       		.byte	0x28
 528 01f2 07       		.uleb128 0x7
 529 01f3 72040000 		.4byte	.LASF38
 530 01f7 07       		.byte	0x7
 531 01f8 B8       		.byte	0xb8
 532 01f9 19       		.byte	0x19
 533 01fa 5E020000 		.4byte	0x25e
 534 01fe 2C       		.byte	0x2c
 535 01ff 07       		.uleb128 0x7
 536 0200 0D000000 		.4byte	.LASF39
 537 0204 07       		.byte	0x7
 538 0205 BC       		.byte	0xbc
 539 0206 19       		.byte	0x19
 540 0207 07010000 		.4byte	0x107
 541 020b 34       		.byte	0x34
 542 020c 07       		.uleb128 0x7
 543 020d E4030000 		.4byte	.LASF40
 544 0211 07       		.byte	0x7
 545 0212 C2       		.byte	0xc2
 546 0213 19       		.byte	0x19
 547 0214 13010000 		.4byte	0x113
 548 0218 38       		.byte	0x38
 549 0219 07       		.uleb128 0x7
 550 021a 7C030000 		.4byte	.LASF41
 551 021e 07       		.byte	0x7
 552 021f C9       		.byte	0xc9
 553 0220 1A       		.byte	0x1a
 554 0221 1B050000 		.4byte	0x51b
 555 0225 3C       		.byte	0x3c
 556 0226 07       		.uleb128 0x7
 557 0227 4F040000 		.4byte	.LASF42
 558 022b 07       		.byte	0x7
 559 022c CD       		.byte	0xcd
 560 022d 19       		.byte	0x19
 561 022e FB000000 		.4byte	0xfb
 562 0232 40       		.byte	0x40
 563 0233 00       		.byte	0
 564 0234 09       		.uleb128 0x9
 565 0235 08       		.byte	0x8
 566 0236 06       		.byte	0x6
 567 0237 5A       		.byte	0x5a
 568 0238 09       		.byte	0x9
 569 0239 58020000 		.4byte	0x258
 570 023d 07       		.uleb128 0x7
ARM GAS  /var/folders/l5/0x54b2c10074c8bt31ycjvl80000gp/T//ccne7TWQ.s 			page 11


 571 023e B2030000 		.4byte	.LASF26
 572 0242 06       		.byte	0x6
 573 0243 5B       		.byte	0x5b
 574 0244 1A       		.byte	0x1a
 575 0245 58020000 		.4byte	0x258
 576 0249 00       		.byte	0
 577 024a 07       		.uleb128 0x7
 578 024b 4C030000 		.4byte	.LASF27
 579 024f 06       		.byte	0x6
 580 0250 5D       		.byte	0x5d
 581 0251 1A       		.byte	0x1a
 582 0252 58020000 		.4byte	0x258
 583 0256 04       		.byte	0x4
 584 0257 00       		.byte	0
 585 0258 0A       		.uleb128 0xa
 586 0259 04       		.byte	0x4
 587 025a 30010000 		.4byte	0x130
 588 025e 03       		.uleb128 0x3
 589 025f 12030000 		.4byte	.LASF43
 590 0263 06       		.byte	0x6
 591 0264 5F       		.byte	0x5f
 592 0265 03       		.byte	0x3
 593 0266 34020000 		.4byte	0x234
 594 026a 09       		.uleb128 0x9
 595 026b 04       		.byte	0x4
 596 026c 06       		.byte	0x6
 597 026d 64       		.byte	0x64
 598 026e 09       		.byte	0x9
 599 026f 81020000 		.4byte	0x281
 600 0273 07       		.uleb128 0x7
 601 0274 B2030000 		.4byte	.LASF26
 602 0278 06       		.byte	0x6
 603 0279 66       		.byte	0x66
 604 027a 16       		.byte	0x16
 605 027b 58020000 		.4byte	0x258
 606 027f 00       		.byte	0
 607 0280 00       		.byte	0
 608 0281 03       		.uleb128 0x3
 609 0282 7F020000 		.4byte	.LASF44
 610 0286 06       		.byte	0x6
 611 0287 69       		.byte	0x69
 612 0288 03       		.byte	0x3
 613 0289 6A020000 		.4byte	0x26a
 614 028d 03       		.uleb128 0x3
 615 028e BD020000 		.4byte	.LASF45
 616 0292 08       		.byte	0x8
 617 0293 9D       		.byte	0x9d
 618 0294 12       		.byte	0x12
 619 0295 CB000000 		.4byte	0xcb
 620 0299 03       		.uleb128 0x3
 621 029a 2F010000 		.4byte	.LASF46
 622 029e 08       		.byte	0x8
 623 029f A2       		.byte	0xa2
 624 02a0 0F       		.byte	0xf
 625 02a1 A5020000 		.4byte	0x2a5
 626 02a5 0B       		.uleb128 0xb
 627 02a6 04       		.byte	0x4
ARM GAS  /var/folders/l5/0x54b2c10074c8bt31ycjvl80000gp/T//ccne7TWQ.s 			page 12


 628 02a7 06       		.uleb128 0x6
 629 02a8 6B040000 		.4byte	.LASF47
 630 02ac 24       		.byte	0x24
 631 02ad 08       		.byte	0x8
 632 02ae B9       		.byte	0xb9
 633 02af 08       		.byte	0x8
 634 02b0 23030000 		.4byte	0x323
 635 02b4 08       		.uleb128 0x8
 636 02b5 723400   		.ascii	"r4\000"
 637 02b8 08       		.byte	0x8
 638 02b9 BA       		.byte	0xba
 639 02ba 11       		.byte	0x11
 640 02bb 99020000 		.4byte	0x299
 641 02bf 00       		.byte	0
 642 02c0 08       		.uleb128 0x8
 643 02c1 723500   		.ascii	"r5\000"
 644 02c4 08       		.byte	0x8
 645 02c5 BB       		.byte	0xbb
 646 02c6 11       		.byte	0x11
 647 02c7 99020000 		.4byte	0x299
 648 02cb 04       		.byte	0x4
 649 02cc 08       		.uleb128 0x8
 650 02cd 723600   		.ascii	"r6\000"
 651 02d0 08       		.byte	0x8
 652 02d1 BC       		.byte	0xbc
 653 02d2 11       		.byte	0x11
 654 02d3 99020000 		.4byte	0x299
 655 02d7 08       		.byte	0x8
 656 02d8 08       		.uleb128 0x8
 657 02d9 723700   		.ascii	"r7\000"
 658 02dc 08       		.byte	0x8
 659 02dd BD       		.byte	0xbd
 660 02de 11       		.byte	0x11
 661 02df 99020000 		.4byte	0x299
 662 02e3 0C       		.byte	0xc
 663 02e4 08       		.uleb128 0x8
 664 02e5 723800   		.ascii	"r8\000"
 665 02e8 08       		.byte	0x8
 666 02e9 BE       		.byte	0xbe
 667 02ea 11       		.byte	0x11
 668 02eb 99020000 		.4byte	0x299
 669 02ef 10       		.byte	0x10
 670 02f0 08       		.uleb128 0x8
 671 02f1 723900   		.ascii	"r9\000"
 672 02f4 08       		.byte	0x8
 673 02f5 BF       		.byte	0xbf
 674 02f6 11       		.byte	0x11
 675 02f7 99020000 		.4byte	0x299
 676 02fb 14       		.byte	0x14
 677 02fc 08       		.uleb128 0x8
 678 02fd 72313000 		.ascii	"r10\000"
 679 0301 08       		.byte	0x8
 680 0302 C0       		.byte	0xc0
 681 0303 11       		.byte	0x11
 682 0304 99020000 		.4byte	0x299
 683 0308 18       		.byte	0x18
 684 0309 08       		.uleb128 0x8
ARM GAS  /var/folders/l5/0x54b2c10074c8bt31ycjvl80000gp/T//ccne7TWQ.s 			page 13


 685 030a 72313100 		.ascii	"r11\000"
 686 030e 08       		.byte	0x8
 687 030f C1       		.byte	0xc1
 688 0310 11       		.byte	0x11
 689 0311 99020000 		.4byte	0x299
 690 0315 1C       		.byte	0x1c
 691 0316 08       		.uleb128 0x8
 692 0317 6C7200   		.ascii	"lr\000"
 693 031a 08       		.byte	0x8
 694 031b C2       		.byte	0xc2
 695 031c 11       		.byte	0x11
 696 031d 99020000 		.4byte	0x299
 697 0321 20       		.byte	0x20
 698 0322 00       		.byte	0
 699 0323 06       		.uleb128 0x6
 700 0324 79010000 		.4byte	.LASF48
 701 0328 04       		.byte	0x4
 702 0329 08       		.byte	0x8
 703 032a CA       		.byte	0xca
 704 032b 08       		.byte	0x8
 705 032c 3E030000 		.4byte	0x33e
 706 0330 08       		.uleb128 0x8
 707 0331 72313300 		.ascii	"r13\000"
 708 0335 08       		.byte	0x8
 709 0336 CB       		.byte	0xcb
 710 0337 12       		.byte	0x12
 711 0338 3E030000 		.4byte	0x33e
 712 033c 00       		.byte	0
 713 033d 00       		.byte	0
 714 033e 0A       		.uleb128 0xa
 715 033f 04       		.byte	0x4
 716 0340 A7020000 		.4byte	0x2a7
 717 0344 03       		.uleb128 0x3
 718 0345 70010000 		.4byte	.LASF49
 719 0349 09       		.byte	0x9
 720 034a 4E       		.byte	0x4e
 721 034b 10       		.byte	0x10
 722 034c 50030000 		.4byte	0x350
 723 0350 0A       		.uleb128 0xa
 724 0351 04       		.byte	0x4
 725 0352 56030000 		.4byte	0x356
 726 0356 0C       		.uleb128 0xc
 727 0357 61030000 		.4byte	0x361
 728 035b 0D       		.uleb128 0xd
 729 035c A5020000 		.4byte	0x2a5
 730 0360 00       		.byte	0
 731 0361 03       		.uleb128 0x3
 732 0362 0C040000 		.4byte	.LASF50
 733 0366 09       		.byte	0x9
 734 0367 53       		.byte	0x53
 735 0368 1D       		.byte	0x1d
 736 0369 6D030000 		.4byte	0x36d
 737 036d 06       		.uleb128 0x6
 738 036e 0C040000 		.4byte	.LASF50
 739 0372 14       		.byte	0x14
 740 0373 09       		.byte	0x9
 741 0374 5A       		.byte	0x5a
ARM GAS  /var/folders/l5/0x54b2c10074c8bt31ycjvl80000gp/T//ccne7TWQ.s 			page 14


 742 0375 08       		.byte	0x8
 743 0376 BC030000 		.4byte	0x3bc
 744 037a 07       		.uleb128 0x7
 745 037b 4D010000 		.4byte	.LASF51
 746 037f 09       		.byte	0x9
 747 0380 5B       		.byte	0x5b
 748 0381 1A       		.byte	0x1a
 749 0382 BC030000 		.4byte	0x3bc
 750 0386 00       		.byte	0
 751 0387 07       		.uleb128 0x7
 752 0388 38010000 		.4byte	.LASF52
 753 038c 09       		.byte	0x9
 754 038d 5D       		.byte	0x5d
 755 038e 1A       		.byte	0x1a
 756 038f BC030000 		.4byte	0x3bc
 757 0393 04       		.byte	0x4
 758 0394 07       		.uleb128 0x7
 759 0395 DC020000 		.4byte	.LASF53
 760 0399 09       		.byte	0x9
 761 039a 5F       		.byte	0x5f
 762 039b 19       		.byte	0x19
 763 039c 1F010000 		.4byte	0x11f
 764 03a0 08       		.byte	0x8
 765 03a1 07       		.uleb128 0x7
 766 03a2 E4020000 		.4byte	.LASF54
 767 03a6 09       		.byte	0x9
 768 03a7 60       		.byte	0x60
 769 03a8 19       		.byte	0x19
 770 03a9 44030000 		.4byte	0x344
 771 03ad 0C       		.byte	0xc
 772 03ae 07       		.uleb128 0x7
 773 03af 7D040000 		.4byte	.LASF55
 774 03b3 09       		.byte	0x9
 775 03b4 62       		.byte	0x62
 776 03b5 1A       		.byte	0x1a
 777 03b6 A5020000 		.4byte	0x2a5
 778 03ba 10       		.byte	0x10
 779 03bb 00       		.byte	0
 780 03bc 0A       		.uleb128 0xa
 781 03bd 04       		.byte	0x4
 782 03be 61030000 		.4byte	0x361
 783 03c2 09       		.uleb128 0x9
 784 03c3 10       		.byte	0x10
 785 03c4 09       		.byte	0x9
 786 03c5 6C       		.byte	0x6c
 787 03c6 09       		.byte	0x9
 788 03c7 00040000 		.4byte	0x400
 789 03cb 07       		.uleb128 0x7
 790 03cc 4D010000 		.4byte	.LASF51
 791 03d0 09       		.byte	0x9
 792 03d1 6D       		.byte	0x6d
 793 03d2 1A       		.byte	0x1a
 794 03d3 BC030000 		.4byte	0x3bc
 795 03d7 00       		.byte	0
 796 03d8 07       		.uleb128 0x7
 797 03d9 38010000 		.4byte	.LASF52
 798 03dd 09       		.byte	0x9
ARM GAS  /var/folders/l5/0x54b2c10074c8bt31ycjvl80000gp/T//ccne7TWQ.s 			page 15


 799 03de 6F       		.byte	0x6f
 800 03df 1A       		.byte	0x1a
 801 03e0 BC030000 		.4byte	0x3bc
 802 03e4 04       		.byte	0x4
 803 03e5 07       		.uleb128 0x7
 804 03e6 DC020000 		.4byte	.LASF53
 805 03ea 09       		.byte	0x9
 806 03eb 71       		.byte	0x71
 807 03ec 19       		.byte	0x19
 808 03ed 1F010000 		.4byte	0x11f
 809 03f1 08       		.byte	0x8
 810 03f2 07       		.uleb128 0x7
 811 03f3 D1040000 		.4byte	.LASF56
 812 03f7 09       		.byte	0x9
 813 03f8 72       		.byte	0x72
 814 03f9 19       		.byte	0x19
 815 03fa 2B010000 		.4byte	0x12b
 816 03fe 0C       		.byte	0xc
 817 03ff 00       		.byte	0
 818 0400 03       		.uleb128 0x3
 819 0401 2F050000 		.4byte	.LASF57
 820 0405 09       		.byte	0x9
 821 0406 73       		.byte	0x73
 822 0407 03       		.byte	0x3
 823 0408 C2030000 		.4byte	0x3c2
 824 040c 0E       		.uleb128 0xe
 825 040d 37000000 		.4byte	.LASF65
 826 0411 09       		.byte	0x9
 827 0412 D1       		.byte	0xd1
 828 0413 0F       		.byte	0xf
 829 0414 00040000 		.4byte	0x400
 830 0418 09       		.uleb128 0x9
 831 0419 1C       		.byte	0x1c
 832 041a 0A       		.byte	0xa
 833 041b 57       		.byte	0x57
 834 041c 09       		.byte	0x9
 835 041d 70040000 		.4byte	0x470
 836 0421 07       		.uleb128 0x7
 837 0422 04040000 		.4byte	.LASF58
 838 0426 0A       		.byte	0xa
 839 0427 58       		.byte	0x58
 840 0428 19       		.byte	0x19
 841 0429 5E020000 		.4byte	0x25e
 842 042d 00       		.byte	0
 843 042e 07       		.uleb128 0x7
 844 042f A4030000 		.4byte	.LASF59
 845 0433 0A       		.byte	0xa
 846 0434 59       		.byte	0x59
 847 0435 19       		.byte	0x19
 848 0436 FB000000 		.4byte	0xfb
 849 043a 08       		.byte	0x8
 850 043b 07       		.uleb128 0x7
 851 043c 0C030000 		.4byte	.LASF60
 852 0440 0A       		.byte	0xa
 853 0441 5B       		.byte	0x5b
 854 0442 19       		.byte	0x19
 855 0443 23030000 		.4byte	0x323
ARM GAS  /var/folders/l5/0x54b2c10074c8bt31ycjvl80000gp/T//ccne7TWQ.s 			page 16


 856 0447 0C       		.byte	0xc
 857 0448 07       		.uleb128 0x7
 858 0449 9F010000 		.4byte	.LASF61
 859 044d 0A       		.byte	0xa
 860 044e 5E       		.byte	0x5e
 861 044f 1A       		.byte	0x1a
 862 0450 58020000 		.4byte	0x258
 863 0454 10       		.byte	0x10
 864 0455 07       		.uleb128 0x7
 865 0456 31030000 		.4byte	.LASF62
 866 045a 0A       		.byte	0xa
 867 045b 5F       		.byte	0x5f
 868 045c 1A       		.byte	0x1a
 869 045d 58020000 		.4byte	0x258
 870 0461 14       		.byte	0x14
 871 0462 07       		.uleb128 0x7
 872 0463 27030000 		.4byte	.LASF63
 873 0467 0A       		.byte	0xa
 874 0468 62       		.byte	0x62
 875 0469 1A       		.byte	0x1a
 876 046a 58020000 		.4byte	0x258
 877 046e 18       		.byte	0x18
 878 046f 00       		.byte	0
 879 0470 03       		.uleb128 0x3
 880 0471 A4040000 		.4byte	.LASF64
 881 0475 0A       		.byte	0xa
 882 0476 64       		.byte	0x64
 883 0477 03       		.byte	0x3
 884 0478 18040000 		.4byte	0x418
 885 047c 0E       		.uleb128 0xe
 886 047d B5040000 		.4byte	.LASF66
 887 0481 0A       		.byte	0xa
 888 0482 68       		.byte	0x68
 889 0483 12       		.byte	0x12
 890 0484 70040000 		.4byte	0x470
 891 0488 06       		.uleb128 0x6
 892 0489 B7020000 		.4byte	.LASF67
 893 048d 10       		.byte	0x10
 894 048e 0B       		.byte	0xb
 895 048f 25       		.byte	0x25
 896 0490 10       		.byte	0x10
 897 0491 BD040000 		.4byte	0x4bd
 898 0495 07       		.uleb128 0x7
 899 0496 C4000000 		.4byte	.LASF68
 900 049a 0B       		.byte	0xb
 901 049b 26       		.byte	0x26
 902 049c 19       		.byte	0x19
 903 049d 5E020000 		.4byte	0x25e
 904 04a1 00       		.byte	0
 905 04a2 07       		.uleb128 0x7
 906 04a3 36050000 		.4byte	.LASF69
 907 04a7 0B       		.byte	0xb
 908 04a8 28       		.byte	0x28
 909 04a9 1A       		.byte	0x1a
 910 04aa 58020000 		.4byte	0x258
 911 04ae 08       		.byte	0x8
 912 04af 07       		.uleb128 0x7
ARM GAS  /var/folders/l5/0x54b2c10074c8bt31ycjvl80000gp/T//ccne7TWQ.s 			page 17


 913 04b0 3E040000 		.4byte	.LASF70
 914 04b4 0B       		.byte	0xb
 915 04b5 2A       		.byte	0x2a
 916 04b6 1A       		.byte	0x1a
 917 04b7 BD040000 		.4byte	0x4bd
 918 04bb 0C       		.byte	0xc
 919 04bc 00       		.byte	0
 920 04bd 0A       		.uleb128 0xa
 921 04be 04       		.byte	0x4
 922 04bf 88040000 		.4byte	0x488
 923 04c3 03       		.uleb128 0x3
 924 04c4 B7020000 		.4byte	.LASF67
 925 04c8 0B       		.byte	0xb
 926 04c9 2C       		.byte	0x2c
 927 04ca 03       		.byte	0x3
 928 04cb 88040000 		.4byte	0x488
 929 04cf 0F       		.uleb128 0xf
 930 04d0 04       		.byte	0x4
 931 04d1 07       		.byte	0x7
 932 04d2 8F       		.byte	0x8f
 933 04d3 03       		.byte	0x3
 934 04d4 09050000 		.4byte	0x509
 935 04d8 10       		.uleb128 0x10
 936 04d9 1A000000 		.4byte	.LASF71
 937 04dd 07       		.byte	0x7
 938 04de 96       		.byte	0x96
 939 04df 19       		.byte	0x19
 940 04e0 07010000 		.4byte	0x107
 941 04e4 10       		.uleb128 0x10
 942 04e5 63000000 		.4byte	.LASF72
 943 04e9 07       		.byte	0x7
 944 04ea 9D       		.byte	0x9d
 945 04eb 19       		.byte	0x19
 946 04ec 07010000 		.4byte	0x107
 947 04f0 10       		.uleb128 0x10
 948 04f1 C3040000 		.4byte	.LASF73
 949 04f5 07       		.byte	0x7
 950 04f6 A4       		.byte	0xa4
 951 04f7 1A       		.byte	0x1a
 952 04f8 A5020000 		.4byte	0x2a5
 953 04fc 10       		.uleb128 0x10
 954 04fd AB030000 		.4byte	.LASF74
 955 0501 07       		.byte	0x7
 956 0502 AB       		.byte	0xab
 957 0503 19       		.byte	0x19
 958 0504 13010000 		.4byte	0x113
 959 0508 00       		.byte	0
 960 0509 0A       		.uleb128 0xa
 961 050a 04       		.byte	0x4
 962 050b 16050000 		.4byte	0x516
 963 050f 04       		.uleb128 0x4
 964 0510 01       		.byte	0x1
 965 0511 08       		.byte	0x8
 966 0512 26040000 		.4byte	.LASF75
 967 0516 11       		.uleb128 0x11
 968 0517 0F050000 		.4byte	0x50f
 969 051b 0A       		.uleb128 0xa
ARM GAS  /var/folders/l5/0x54b2c10074c8bt31ycjvl80000gp/T//ccne7TWQ.s 			page 18


 970 051c 04       		.byte	0x4
 971 051d C3040000 		.4byte	0x4c3
 972 0521 09       		.uleb128 0x9
 973 0522 16       		.byte	0x16
 974 0523 0C       		.byte	0xc
 975 0524 25       		.byte	0x25
 976 0525 09       		.byte	0x9
 977 0526 15060000 		.4byte	0x615
 978 052a 07       		.uleb128 0x7
 979 052b CC000000 		.4byte	.LASF76
 980 052f 0C       		.byte	0xc
 981 0530 26       		.byte	0x26
 982 0531 0D       		.byte	0xd
 983 0532 15060000 		.4byte	0x615
 984 0536 00       		.byte	0
 985 0537 07       		.uleb128 0x7
 986 0538 C8020000 		.4byte	.LASF77
 987 053c 0C       		.byte	0xc
 988 053d 27       		.byte	0x27
 989 053e 0D       		.byte	0xd
 990 053f A7000000 		.4byte	0xa7
 991 0543 04       		.byte	0x4
 992 0544 07       		.uleb128 0x7
 993 0545 1F030000 		.4byte	.LASF78
 994 0549 0C       		.byte	0xc
 995 054a 28       		.byte	0x28
 996 054b 0D       		.byte	0xd
 997 054c A7000000 		.4byte	0xa7
 998 0550 05       		.byte	0x5
 999 0551 07       		.uleb128 0x7
 1000 0552 DC040000 		.4byte	.LASF79
 1001 0556 0C       		.byte	0xc
 1002 0557 29       		.byte	0x29
 1003 0558 0D       		.byte	0xd
 1004 0559 B3000000 		.4byte	0xb3
 1005 055d 06       		.byte	0x6
 1006 055e 07       		.uleb128 0x7
 1007 055f 41030000 		.4byte	.LASF80
 1008 0563 0C       		.byte	0xc
 1009 0564 2A       		.byte	0x2a
 1010 0565 0D       		.byte	0xd
 1011 0566 A7000000 		.4byte	0xa7
 1012 056a 08       		.byte	0x8
 1013 056b 07       		.uleb128 0x7
 1014 056c EC020000 		.4byte	.LASF81
 1015 0570 0C       		.byte	0xc
 1016 0571 2B       		.byte	0x2b
 1017 0572 0D       		.byte	0xd
 1018 0573 A7000000 		.4byte	0xa7
 1019 0577 09       		.byte	0x9
 1020 0578 07       		.uleb128 0x7
 1021 0579 55000000 		.4byte	.LASF82
 1022 057d 0C       		.byte	0xc
 1023 057e 2C       		.byte	0x2c
 1024 057f 0D       		.byte	0xd
 1025 0580 A7000000 		.4byte	0xa7
 1026 0584 0A       		.byte	0xa
ARM GAS  /var/folders/l5/0x54b2c10074c8bt31ycjvl80000gp/T//ccne7TWQ.s 			page 19


 1027 0585 07       		.uleb128 0x7
 1028 0586 F8030000 		.4byte	.LASF83
 1029 058a 0C       		.byte	0xc
 1030 058b 2D       		.byte	0x2d
 1031 058c 0D       		.byte	0xd
 1032 058d A7000000 		.4byte	0xa7
 1033 0591 0B       		.byte	0xb
 1034 0592 07       		.uleb128 0x7
 1035 0593 92040000 		.4byte	.LASF84
 1036 0597 0C       		.byte	0xc
 1037 0598 2E       		.byte	0x2e
 1038 0599 0D       		.byte	0xd
 1039 059a A7000000 		.4byte	0xa7
 1040 059e 0C       		.byte	0xc
 1041 059f 07       		.uleb128 0x7
 1042 05a0 D7030000 		.4byte	.LASF85
 1043 05a4 0C       		.byte	0xc
 1044 05a5 2F       		.byte	0x2f
 1045 05a6 0D       		.byte	0xd
 1046 05a7 A7000000 		.4byte	0xa7
 1047 05ab 0D       		.byte	0xd
 1048 05ac 07       		.uleb128 0x7
 1049 05ad 00000000 		.4byte	.LASF86
 1050 05b1 0C       		.byte	0xc
 1051 05b2 30       		.byte	0x30
 1052 05b3 0D       		.byte	0xd
 1053 05b4 A7000000 		.4byte	0xa7
 1054 05b8 0E       		.byte	0xe
 1055 05b9 07       		.uleb128 0x7
 1056 05ba F8020000 		.4byte	.LASF87
 1057 05be 0C       		.byte	0xc
 1058 05bf 31       		.byte	0x31
 1059 05c0 0D       		.byte	0xd
 1060 05c1 A7000000 		.4byte	0xa7
 1061 05c5 0F       		.byte	0xf
 1062 05c6 07       		.uleb128 0x7
 1063 05c7 A7000000 		.4byte	.LASF88
 1064 05cb 0C       		.byte	0xc
 1065 05cc 32       		.byte	0x32
 1066 05cd 0D       		.byte	0xd
 1067 05ce A7000000 		.4byte	0xa7
 1068 05d2 10       		.byte	0x10
 1069 05d3 07       		.uleb128 0x7
 1070 05d4 80000000 		.4byte	.LASF89
 1071 05d8 0C       		.byte	0xc
 1072 05d9 34       		.byte	0x34
 1073 05da 0D       		.byte	0xd
 1074 05db A7000000 		.4byte	0xa7
 1075 05df 11       		.byte	0x11
 1076 05e0 07       		.uleb128 0x7
 1077 05e1 B7000000 		.4byte	.LASF90
 1078 05e5 0C       		.byte	0xc
 1079 05e6 35       		.byte	0x35
 1080 05e7 0D       		.byte	0xd
 1081 05e8 A7000000 		.4byte	0xa7
 1082 05ec 12       		.byte	0x12
 1083 05ed 07       		.uleb128 0x7
ARM GAS  /var/folders/l5/0x54b2c10074c8bt31ycjvl80000gp/T//ccne7TWQ.s 			page 20


 1084 05ee D0020000 		.4byte	.LASF91
 1085 05f2 0C       		.byte	0xc
 1086 05f3 36       		.byte	0x36
 1087 05f4 0D       		.byte	0xd
 1088 05f5 A7000000 		.4byte	0xa7
 1089 05f9 13       		.byte	0x13
 1090 05fa 07       		.uleb128 0x7
 1091 05fb B9030000 		.4byte	.LASF92
 1092 05ff 0C       		.byte	0xc
 1093 0600 37       		.byte	0x37
 1094 0601 0D       		.byte	0xd
 1095 0602 A7000000 		.4byte	0xa7
 1096 0606 14       		.byte	0x14
 1097 0607 07       		.uleb128 0x7
 1098 0608 98030000 		.4byte	.LASF93
 1099 060c 0C       		.byte	0xc
 1100 060d 39       		.byte	0x39
 1101 060e 0D       		.byte	0xd
 1102 060f A7000000 		.4byte	0xa7
 1103 0613 15       		.byte	0x15
 1104 0614 00       		.byte	0
 1105 0615 12       		.uleb128 0x12
 1106 0616 0F050000 		.4byte	0x50f
 1107 061a 25060000 		.4byte	0x625
 1108 061e 13       		.uleb128 0x13
 1109 061f 38000000 		.4byte	0x38
 1110 0623 03       		.byte	0x3
 1111 0624 00       		.byte	0
 1112 0625 03       		.uleb128 0x3
 1113 0626 F5000000 		.4byte	.LASF94
 1114 062a 0C       		.byte	0xc
 1115 062b 3A       		.byte	0x3a
 1116 062c 03       		.byte	0x3
 1117 062d 21050000 		.4byte	0x521
 1118 0631 11       		.uleb128 0x11
 1119 0632 25060000 		.4byte	0x625
 1120 0636 0E       		.uleb128 0xe
 1121 0637 67010000 		.4byte	.LASF95
 1122 063b 0C       		.byte	0xc
 1123 063c 77       		.byte	0x77
 1124 063d 1D       		.byte	0x1d
 1125 063e 31060000 		.4byte	0x631
 1126 0642 0A       		.uleb128 0xa
 1127 0643 04       		.byte	0x4
 1128 0644 A7000000 		.4byte	0xa7
 1129 0648 12       		.uleb128 0x12
 1130 0649 8D020000 		.4byte	0x28d
 1131 064d 58060000 		.4byte	0x658
 1132 0651 13       		.uleb128 0x13
 1133 0652 38000000 		.4byte	0x38
 1134 0656 26       		.byte	0x26
 1135 0657 00       		.byte	0
 1136 0658 0E       		.uleb128 0xe
 1137 0659 07010000 		.4byte	.LASF96
 1138 065d 0D       		.byte	0xd
 1139 065e 82       		.byte	0x82
 1140 065f 08       		.byte	0x8
ARM GAS  /var/folders/l5/0x54b2c10074c8bt31ycjvl80000gp/T//ccne7TWQ.s 			page 21


 1141 0660 48060000 		.4byte	0x648
 1142 0664 14       		.uleb128 0x14
 1143 0665 36040000 		.4byte	.LASF97
 1144 0669 01       		.byte	0x1
 1145 066a 33       		.byte	0x33
 1146 066b 11       		.byte	0x11
 1147 066c 42060000 		.4byte	0x642
 1148 0670 05       		.uleb128 0x5
 1149 0671 03       		.byte	0x3
 1150 0672 00000000 		.4byte	nextmem
 1151 0676 14       		.uleb128 0x14
 1152 0677 AE040000 		.4byte	.LASF98
 1153 067b 01       		.byte	0x1
 1154 067c 34       		.byte	0x34
 1155 067d 11       		.byte	0x11
 1156 067e 42060000 		.4byte	0x642
 1157 0682 05       		.uleb128 0x5
 1158 0683 03       		.byte	0x3
 1159 0684 00000000 		.4byte	endmem
 1160 0688 15       		.uleb128 0x15
 1161 0689 19040000 		.4byte	.LASF104
 1162 068d 01       		.byte	0x1
 1163 068e 7D       		.byte	0x7d
 1164 068f 08       		.byte	0x8
 1165 0690 2C000000 		.4byte	0x2c
 1166 0694 00000000 		.4byte	.LFB10
 1167 0698 20000000 		.4byte	.LFE10-.LFB10
 1168 069c 01       		.uleb128 0x1
 1169 069d 9C       		.byte	0x9c
 1170 069e 16       		.uleb128 0x16
 1171 069f 17010000 		.4byte	.LASF105
 1172 06a3 01       		.byte	0x1
 1173 06a4 69       		.byte	0x69
 1174 06a5 07       		.byte	0x7
 1175 06a6 A5020000 		.4byte	0x2a5
 1176 06aa 01       		.byte	0x1
 1177 06ab C6060000 		.4byte	0x6c6
 1178 06af 17       		.uleb128 0x17
 1179 06b0 81010000 		.4byte	.LASF106
 1180 06b4 01       		.byte	0x1
 1181 06b5 69       		.byte	0x69
 1182 06b6 1B       		.byte	0x1b
 1183 06b7 2C000000 		.4byte	0x2c
 1184 06bb 18       		.uleb128 0x18
 1185 06bc 7000     		.ascii	"p\000"
 1186 06be 01       		.byte	0x1
 1187 06bf 6A       		.byte	0x6a
 1188 06c0 09       		.byte	0x9
 1189 06c1 A5020000 		.4byte	0x2a5
 1190 06c5 00       		.byte	0
 1191 06c6 19       		.uleb128 0x19
 1192 06c7 21000000 		.4byte	.LASF107
 1193 06cb 01       		.byte	0x1
 1194 06cc 54       		.byte	0x54
 1195 06cd 07       		.byte	0x7
 1196 06ce A5020000 		.4byte	0x2a5
 1197 06d2 00000000 		.4byte	.LFB8
ARM GAS  /var/folders/l5/0x54b2c10074c8bt31ycjvl80000gp/T//ccne7TWQ.s 			page 22


 1198 06d6 44000000 		.4byte	.LFE8-.LFB8
 1199 06da 01       		.uleb128 0x1
 1200 06db 9C       		.byte	0x9c
 1201 06dc 41070000 		.4byte	0x741
 1202 06e0 1A       		.uleb128 0x1a
 1203 06e1 81010000 		.4byte	.LASF106
 1204 06e5 01       		.byte	0x1
 1205 06e6 54       		.byte	0x54
 1206 06e7 1A       		.byte	0x1a
 1207 06e8 2C000000 		.4byte	0x2c
 1208 06ec 08000000 		.4byte	.LLST0
 1209 06f0 00000000 		.4byte	.LVUS0
 1210 06f4 1B       		.uleb128 0x1b
 1211 06f5 7000     		.ascii	"p\000"
 1212 06f7 01       		.byte	0x1
 1213 06f8 55       		.byte	0x55
 1214 06f9 09       		.byte	0x9
 1215 06fa A5020000 		.4byte	0x2a5
 1216 06fe 43000000 		.4byte	.LLST1
 1217 0702 41000000 		.4byte	.LVUS1
 1218 0706 1C       		.uleb128 0x1c
 1219 0707 9E060000 		.4byte	0x69e
 1220 070b 08000000 		.4byte	.LBI4
 1221 070f 03       		.byte	.LVU22
 1222 0710 08000000 		.4byte	.LBB4
 1223 0714 2C000000 		.4byte	.LBE4-.LBB4
 1224 0718 01       		.byte	0x1
 1225 0719 58       		.byte	0x58
 1226 071a 07       		.byte	0x7
 1227 071b 1D       		.uleb128 0x1d
 1228 071c AF060000 		.4byte	0x6af
 1229 0720 60000000 		.4byte	.LLST2
 1230 0724 56000000 		.4byte	.LVUS2
 1231 0728 1E       		.uleb128 0x1e
 1232 0729 08000000 		.4byte	.LBB5
 1233 072d 2C000000 		.4byte	.LBE5-.LBB5
 1234 0731 1F       		.uleb128 0x1f
 1235 0732 BB060000 		.4byte	0x6bb
 1236 0736 AB000000 		.4byte	.LLST3
 1237 073a A9000000 		.4byte	.LVUS3
 1238 073e 00       		.byte	0
 1239 073f 00       		.byte	0
 1240 0740 00       		.byte	0
 1241 0741 20       		.uleb128 0x20
 1242 0742 71030000 		.4byte	.LASF108
 1243 0746 01       		.byte	0x1
 1244 0747 3B       		.byte	0x3b
 1245 0748 06       		.byte	0x6
 1246 0749 00000000 		.4byte	.LFB7
 1247 074d 34000000 		.4byte	.LFE7-.LFB7
 1248 0751 01       		.uleb128 0x1
 1249 0752 9C       		.byte	0x9c
 1250 0753 70070000 		.4byte	0x770
 1251 0757 0E       		.uleb128 0xe
 1252 0758 84040000 		.4byte	.LASF99
 1253 075c 01       		.byte	0x1
 1254 075d 3D       		.byte	0x3d
ARM GAS  /var/folders/l5/0x54b2c10074c8bt31ycjvl80000gp/T//ccne7TWQ.s 			page 23


 1255 075e 12       		.byte	0x12
 1256 075f 70070000 		.4byte	0x770
 1257 0763 0E       		.uleb128 0xe
 1258 0764 6C000000 		.4byte	.LASF100
 1259 0768 01       		.byte	0x1
 1260 0769 3E       		.byte	0x3e
 1261 076a 12       		.byte	0x12
 1262 076b 70070000 		.4byte	0x770
 1263 076f 00       		.byte	0
 1264 0770 12       		.uleb128 0x12
 1265 0771 A7000000 		.4byte	0xa7
 1266 0775 7B070000 		.4byte	0x77b
 1267 0779 21       		.uleb128 0x21
 1268 077a 00       		.byte	0
 1269 077b 22       		.uleb128 0x22
 1270 077c 9E060000 		.4byte	0x69e
 1271 0780 00000000 		.4byte	.LFB9
 1272 0784 3C000000 		.4byte	.LFE9-.LFB9
 1273 0788 01       		.uleb128 0x1
 1274 0789 9C       		.byte	0x9c
 1275 078a 1D       		.uleb128 0x1d
 1276 078b AF060000 		.4byte	0x6af
 1277 078f C6000000 		.4byte	.LLST4
 1278 0793 BE000000 		.4byte	.LVUS4
 1279 0797 1F       		.uleb128 0x1f
 1280 0798 BB060000 		.4byte	0x6bb
 1281 079c 08010000 		.4byte	.LLST5
 1282 07a0 04010000 		.4byte	.LVUS5
 1283 07a4 00       		.byte	0
 1284 07a5 00       		.byte	0
 1285              		.section	.debug_abbrev,"",%progbits
 1286              	.Ldebug_abbrev0:
 1287 0000 01       		.uleb128 0x1
 1288 0001 11       		.uleb128 0x11
 1289 0002 01       		.byte	0x1
 1290 0003 25       		.uleb128 0x25
 1291 0004 0E       		.uleb128 0xe
 1292 0005 13       		.uleb128 0x13
 1293 0006 0B       		.uleb128 0xb
 1294 0007 03       		.uleb128 0x3
 1295 0008 0E       		.uleb128 0xe
 1296 0009 1B       		.uleb128 0x1b
 1297 000a 0E       		.uleb128 0xe
 1298 000b 55       		.uleb128 0x55
 1299 000c 17       		.uleb128 0x17
 1300 000d 11       		.uleb128 0x11
 1301 000e 01       		.uleb128 0x1
 1302 000f 10       		.uleb128 0x10
 1303 0010 17       		.uleb128 0x17
 1304 0011 00       		.byte	0
 1305 0012 00       		.byte	0
 1306 0013 02       		.uleb128 0x2
 1307 0014 24       		.uleb128 0x24
 1308 0015 00       		.byte	0
 1309 0016 0B       		.uleb128 0xb
 1310 0017 0B       		.uleb128 0xb
 1311 0018 3E       		.uleb128 0x3e
ARM GAS  /var/folders/l5/0x54b2c10074c8bt31ycjvl80000gp/T//ccne7TWQ.s 			page 24


 1312 0019 0B       		.uleb128 0xb
 1313 001a 03       		.uleb128 0x3
 1314 001b 08       		.uleb128 0x8
 1315 001c 00       		.byte	0
 1316 001d 00       		.byte	0
 1317 001e 03       		.uleb128 0x3
 1318 001f 16       		.uleb128 0x16
 1319 0020 00       		.byte	0
 1320 0021 03       		.uleb128 0x3
 1321 0022 0E       		.uleb128 0xe
 1322 0023 3A       		.uleb128 0x3a
 1323 0024 0B       		.uleb128 0xb
 1324 0025 3B       		.uleb128 0x3b
 1325 0026 0B       		.uleb128 0xb
 1326 0027 39       		.uleb128 0x39
 1327 0028 0B       		.uleb128 0xb
 1328 0029 49       		.uleb128 0x49
 1329 002a 13       		.uleb128 0x13
 1330 002b 00       		.byte	0
 1331 002c 00       		.byte	0
 1332 002d 04       		.uleb128 0x4
 1333 002e 24       		.uleb128 0x24
 1334 002f 00       		.byte	0
 1335 0030 0B       		.uleb128 0xb
 1336 0031 0B       		.uleb128 0xb
 1337 0032 3E       		.uleb128 0x3e
 1338 0033 0B       		.uleb128 0xb
 1339 0034 03       		.uleb128 0x3
 1340 0035 0E       		.uleb128 0xe
 1341 0036 00       		.byte	0
 1342 0037 00       		.byte	0
 1343 0038 05       		.uleb128 0x5
 1344 0039 35       		.uleb128 0x35
 1345 003a 00       		.byte	0
 1346 003b 49       		.uleb128 0x49
 1347 003c 13       		.uleb128 0x13
 1348 003d 00       		.byte	0
 1349 003e 00       		.byte	0
 1350 003f 06       		.uleb128 0x6
 1351 0040 13       		.uleb128 0x13
 1352 0041 01       		.byte	0x1
 1353 0042 03       		.uleb128 0x3
 1354 0043 0E       		.uleb128 0xe
 1355 0044 0B       		.uleb128 0xb
 1356 0045 0B       		.uleb128 0xb
 1357 0046 3A       		.uleb128 0x3a
 1358 0047 0B       		.uleb128 0xb
 1359 0048 3B       		.uleb128 0x3b
 1360 0049 0B       		.uleb128 0xb
 1361 004a 39       		.uleb128 0x39
 1362 004b 0B       		.uleb128 0xb
 1363 004c 01       		.uleb128 0x1
 1364 004d 13       		.uleb128 0x13
 1365 004e 00       		.byte	0
 1366 004f 00       		.byte	0
 1367 0050 07       		.uleb128 0x7
 1368 0051 0D       		.uleb128 0xd
ARM GAS  /var/folders/l5/0x54b2c10074c8bt31ycjvl80000gp/T//ccne7TWQ.s 			page 25


 1369 0052 00       		.byte	0
 1370 0053 03       		.uleb128 0x3
 1371 0054 0E       		.uleb128 0xe
 1372 0055 3A       		.uleb128 0x3a
 1373 0056 0B       		.uleb128 0xb
 1374 0057 3B       		.uleb128 0x3b
 1375 0058 0B       		.uleb128 0xb
 1376 0059 39       		.uleb128 0x39
 1377 005a 0B       		.uleb128 0xb
 1378 005b 49       		.uleb128 0x49
 1379 005c 13       		.uleb128 0x13
 1380 005d 38       		.uleb128 0x38
 1381 005e 0B       		.uleb128 0xb
 1382 005f 00       		.byte	0
 1383 0060 00       		.byte	0
 1384 0061 08       		.uleb128 0x8
 1385 0062 0D       		.uleb128 0xd
 1386 0063 00       		.byte	0
 1387 0064 03       		.uleb128 0x3
 1388 0065 08       		.uleb128 0x8
 1389 0066 3A       		.uleb128 0x3a
 1390 0067 0B       		.uleb128 0xb
 1391 0068 3B       		.uleb128 0x3b
 1392 0069 0B       		.uleb128 0xb
 1393 006a 39       		.uleb128 0x39
 1394 006b 0B       		.uleb128 0xb
 1395 006c 49       		.uleb128 0x49
 1396 006d 13       		.uleb128 0x13
 1397 006e 38       		.uleb128 0x38
 1398 006f 0B       		.uleb128 0xb
 1399 0070 00       		.byte	0
 1400 0071 00       		.byte	0
 1401 0072 09       		.uleb128 0x9
 1402 0073 13       		.uleb128 0x13
 1403 0074 01       		.byte	0x1
 1404 0075 0B       		.uleb128 0xb
 1405 0076 0B       		.uleb128 0xb
 1406 0077 3A       		.uleb128 0x3a
 1407 0078 0B       		.uleb128 0xb
 1408 0079 3B       		.uleb128 0x3b
 1409 007a 0B       		.uleb128 0xb
 1410 007b 39       		.uleb128 0x39
 1411 007c 0B       		.uleb128 0xb
 1412 007d 01       		.uleb128 0x1
 1413 007e 13       		.uleb128 0x13
 1414 007f 00       		.byte	0
 1415 0080 00       		.byte	0
 1416 0081 0A       		.uleb128 0xa
 1417 0082 0F       		.uleb128 0xf
 1418 0083 00       		.byte	0
 1419 0084 0B       		.uleb128 0xb
 1420 0085 0B       		.uleb128 0xb
 1421 0086 49       		.uleb128 0x49
 1422 0087 13       		.uleb128 0x13
 1423 0088 00       		.byte	0
 1424 0089 00       		.byte	0
 1425 008a 0B       		.uleb128 0xb
ARM GAS  /var/folders/l5/0x54b2c10074c8bt31ycjvl80000gp/T//ccne7TWQ.s 			page 26


 1426 008b 0F       		.uleb128 0xf
 1427 008c 00       		.byte	0
 1428 008d 0B       		.uleb128 0xb
 1429 008e 0B       		.uleb128 0xb
 1430 008f 00       		.byte	0
 1431 0090 00       		.byte	0
 1432 0091 0C       		.uleb128 0xc
 1433 0092 15       		.uleb128 0x15
 1434 0093 01       		.byte	0x1
 1435 0094 27       		.uleb128 0x27
 1436 0095 19       		.uleb128 0x19
 1437 0096 01       		.uleb128 0x1
 1438 0097 13       		.uleb128 0x13
 1439 0098 00       		.byte	0
 1440 0099 00       		.byte	0
 1441 009a 0D       		.uleb128 0xd
 1442 009b 05       		.uleb128 0x5
 1443 009c 00       		.byte	0
 1444 009d 49       		.uleb128 0x49
 1445 009e 13       		.uleb128 0x13
 1446 009f 00       		.byte	0
 1447 00a0 00       		.byte	0
 1448 00a1 0E       		.uleb128 0xe
 1449 00a2 34       		.uleb128 0x34
 1450 00a3 00       		.byte	0
 1451 00a4 03       		.uleb128 0x3
 1452 00a5 0E       		.uleb128 0xe
 1453 00a6 3A       		.uleb128 0x3a
 1454 00a7 0B       		.uleb128 0xb
 1455 00a8 3B       		.uleb128 0x3b
 1456 00a9 0B       		.uleb128 0xb
 1457 00aa 39       		.uleb128 0x39
 1458 00ab 0B       		.uleb128 0xb
 1459 00ac 49       		.uleb128 0x49
 1460 00ad 13       		.uleb128 0x13
 1461 00ae 3F       		.uleb128 0x3f
 1462 00af 19       		.uleb128 0x19
 1463 00b0 3C       		.uleb128 0x3c
 1464 00b1 19       		.uleb128 0x19
 1465 00b2 00       		.byte	0
 1466 00b3 00       		.byte	0
 1467 00b4 0F       		.uleb128 0xf
 1468 00b5 17       		.uleb128 0x17
 1469 00b6 01       		.byte	0x1
 1470 00b7 0B       		.uleb128 0xb
 1471 00b8 0B       		.uleb128 0xb
 1472 00b9 3A       		.uleb128 0x3a
 1473 00ba 0B       		.uleb128 0xb
 1474 00bb 3B       		.uleb128 0x3b
 1475 00bc 0B       		.uleb128 0xb
 1476 00bd 39       		.uleb128 0x39
 1477 00be 0B       		.uleb128 0xb
 1478 00bf 01       		.uleb128 0x1
 1479 00c0 13       		.uleb128 0x13
 1480 00c1 00       		.byte	0
 1481 00c2 00       		.byte	0
 1482 00c3 10       		.uleb128 0x10
ARM GAS  /var/folders/l5/0x54b2c10074c8bt31ycjvl80000gp/T//ccne7TWQ.s 			page 27


 1483 00c4 0D       		.uleb128 0xd
 1484 00c5 00       		.byte	0
 1485 00c6 03       		.uleb128 0x3
 1486 00c7 0E       		.uleb128 0xe
 1487 00c8 3A       		.uleb128 0x3a
 1488 00c9 0B       		.uleb128 0xb
 1489 00ca 3B       		.uleb128 0x3b
 1490 00cb 0B       		.uleb128 0xb
 1491 00cc 39       		.uleb128 0x39
 1492 00cd 0B       		.uleb128 0xb
 1493 00ce 49       		.uleb128 0x49
 1494 00cf 13       		.uleb128 0x13
 1495 00d0 00       		.byte	0
 1496 00d1 00       		.byte	0
 1497 00d2 11       		.uleb128 0x11
 1498 00d3 26       		.uleb128 0x26
 1499 00d4 00       		.byte	0
 1500 00d5 49       		.uleb128 0x49
 1501 00d6 13       		.uleb128 0x13
 1502 00d7 00       		.byte	0
 1503 00d8 00       		.byte	0
 1504 00d9 12       		.uleb128 0x12
 1505 00da 01       		.uleb128 0x1
 1506 00db 01       		.byte	0x1
 1507 00dc 49       		.uleb128 0x49
 1508 00dd 13       		.uleb128 0x13
 1509 00de 01       		.uleb128 0x1
 1510 00df 13       		.uleb128 0x13
 1511 00e0 00       		.byte	0
 1512 00e1 00       		.byte	0
 1513 00e2 13       		.uleb128 0x13
 1514 00e3 21       		.uleb128 0x21
 1515 00e4 00       		.byte	0
 1516 00e5 49       		.uleb128 0x49
 1517 00e6 13       		.uleb128 0x13
 1518 00e7 2F       		.uleb128 0x2f
 1519 00e8 0B       		.uleb128 0xb
 1520 00e9 00       		.byte	0
 1521 00ea 00       		.byte	0
 1522 00eb 14       		.uleb128 0x14
 1523 00ec 34       		.uleb128 0x34
 1524 00ed 00       		.byte	0
 1525 00ee 03       		.uleb128 0x3
 1526 00ef 0E       		.uleb128 0xe
 1527 00f0 3A       		.uleb128 0x3a
 1528 00f1 0B       		.uleb128 0xb
 1529 00f2 3B       		.uleb128 0x3b
 1530 00f3 0B       		.uleb128 0xb
 1531 00f4 39       		.uleb128 0x39
 1532 00f5 0B       		.uleb128 0xb
 1533 00f6 49       		.uleb128 0x49
 1534 00f7 13       		.uleb128 0x13
 1535 00f8 02       		.uleb128 0x2
 1536 00f9 18       		.uleb128 0x18
 1537 00fa 00       		.byte	0
 1538 00fb 00       		.byte	0
 1539 00fc 15       		.uleb128 0x15
ARM GAS  /var/folders/l5/0x54b2c10074c8bt31ycjvl80000gp/T//ccne7TWQ.s 			page 28


 1540 00fd 2E       		.uleb128 0x2e
 1541 00fe 00       		.byte	0
 1542 00ff 3F       		.uleb128 0x3f
 1543 0100 19       		.uleb128 0x19
 1544 0101 03       		.uleb128 0x3
 1545 0102 0E       		.uleb128 0xe
 1546 0103 3A       		.uleb128 0x3a
 1547 0104 0B       		.uleb128 0xb
 1548 0105 3B       		.uleb128 0x3b
 1549 0106 0B       		.uleb128 0xb
 1550 0107 39       		.uleb128 0x39
 1551 0108 0B       		.uleb128 0xb
 1552 0109 27       		.uleb128 0x27
 1553 010a 19       		.uleb128 0x19
 1554 010b 49       		.uleb128 0x49
 1555 010c 13       		.uleb128 0x13
 1556 010d 11       		.uleb128 0x11
 1557 010e 01       		.uleb128 0x1
 1558 010f 12       		.uleb128 0x12
 1559 0110 06       		.uleb128 0x6
 1560 0111 40       		.uleb128 0x40
 1561 0112 18       		.uleb128 0x18
 1562 0113 9742     		.uleb128 0x2117
 1563 0115 19       		.uleb128 0x19
 1564 0116 00       		.byte	0
 1565 0117 00       		.byte	0
 1566 0118 16       		.uleb128 0x16
 1567 0119 2E       		.uleb128 0x2e
 1568 011a 01       		.byte	0x1
 1569 011b 3F       		.uleb128 0x3f
 1570 011c 19       		.uleb128 0x19
 1571 011d 03       		.uleb128 0x3
 1572 011e 0E       		.uleb128 0xe
 1573 011f 3A       		.uleb128 0x3a
 1574 0120 0B       		.uleb128 0xb
 1575 0121 3B       		.uleb128 0x3b
 1576 0122 0B       		.uleb128 0xb
 1577 0123 39       		.uleb128 0x39
 1578 0124 0B       		.uleb128 0xb
 1579 0125 27       		.uleb128 0x27
 1580 0126 19       		.uleb128 0x19
 1581 0127 49       		.uleb128 0x49
 1582 0128 13       		.uleb128 0x13
 1583 0129 20       		.uleb128 0x20
 1584 012a 0B       		.uleb128 0xb
 1585 012b 01       		.uleb128 0x1
 1586 012c 13       		.uleb128 0x13
 1587 012d 00       		.byte	0
 1588 012e 00       		.byte	0
 1589 012f 17       		.uleb128 0x17
 1590 0130 05       		.uleb128 0x5
 1591 0131 00       		.byte	0
 1592 0132 03       		.uleb128 0x3
 1593 0133 0E       		.uleb128 0xe
 1594 0134 3A       		.uleb128 0x3a
 1595 0135 0B       		.uleb128 0xb
 1596 0136 3B       		.uleb128 0x3b
ARM GAS  /var/folders/l5/0x54b2c10074c8bt31ycjvl80000gp/T//ccne7TWQ.s 			page 29


 1597 0137 0B       		.uleb128 0xb
 1598 0138 39       		.uleb128 0x39
 1599 0139 0B       		.uleb128 0xb
 1600 013a 49       		.uleb128 0x49
 1601 013b 13       		.uleb128 0x13
 1602 013c 00       		.byte	0
 1603 013d 00       		.byte	0
 1604 013e 18       		.uleb128 0x18
 1605 013f 34       		.uleb128 0x34
 1606 0140 00       		.byte	0
 1607 0141 03       		.uleb128 0x3
 1608 0142 08       		.uleb128 0x8
 1609 0143 3A       		.uleb128 0x3a
 1610 0144 0B       		.uleb128 0xb
 1611 0145 3B       		.uleb128 0x3b
 1612 0146 0B       		.uleb128 0xb
 1613 0147 39       		.uleb128 0x39
 1614 0148 0B       		.uleb128 0xb
 1615 0149 49       		.uleb128 0x49
 1616 014a 13       		.uleb128 0x13
 1617 014b 00       		.byte	0
 1618 014c 00       		.byte	0
 1619 014d 19       		.uleb128 0x19
 1620 014e 2E       		.uleb128 0x2e
 1621 014f 01       		.byte	0x1
 1622 0150 3F       		.uleb128 0x3f
 1623 0151 19       		.uleb128 0x19
 1624 0152 03       		.uleb128 0x3
 1625 0153 0E       		.uleb128 0xe
 1626 0154 3A       		.uleb128 0x3a
 1627 0155 0B       		.uleb128 0xb
 1628 0156 3B       		.uleb128 0x3b
 1629 0157 0B       		.uleb128 0xb
 1630 0158 39       		.uleb128 0x39
 1631 0159 0B       		.uleb128 0xb
 1632 015a 27       		.uleb128 0x27
 1633 015b 19       		.uleb128 0x19
 1634 015c 49       		.uleb128 0x49
 1635 015d 13       		.uleb128 0x13
 1636 015e 11       		.uleb128 0x11
 1637 015f 01       		.uleb128 0x1
 1638 0160 12       		.uleb128 0x12
 1639 0161 06       		.uleb128 0x6
 1640 0162 40       		.uleb128 0x40
 1641 0163 18       		.uleb128 0x18
 1642 0164 9742     		.uleb128 0x2117
 1643 0166 19       		.uleb128 0x19
 1644 0167 01       		.uleb128 0x1
 1645 0168 13       		.uleb128 0x13
 1646 0169 00       		.byte	0
 1647 016a 00       		.byte	0
 1648 016b 1A       		.uleb128 0x1a
 1649 016c 05       		.uleb128 0x5
 1650 016d 00       		.byte	0
 1651 016e 03       		.uleb128 0x3
 1652 016f 0E       		.uleb128 0xe
 1653 0170 3A       		.uleb128 0x3a
ARM GAS  /var/folders/l5/0x54b2c10074c8bt31ycjvl80000gp/T//ccne7TWQ.s 			page 30


 1654 0171 0B       		.uleb128 0xb
 1655 0172 3B       		.uleb128 0x3b
 1656 0173 0B       		.uleb128 0xb
 1657 0174 39       		.uleb128 0x39
 1658 0175 0B       		.uleb128 0xb
 1659 0176 49       		.uleb128 0x49
 1660 0177 13       		.uleb128 0x13
 1661 0178 02       		.uleb128 0x2
 1662 0179 17       		.uleb128 0x17
 1663 017a B742     		.uleb128 0x2137
 1664 017c 17       		.uleb128 0x17
 1665 017d 00       		.byte	0
 1666 017e 00       		.byte	0
 1667 017f 1B       		.uleb128 0x1b
 1668 0180 34       		.uleb128 0x34
 1669 0181 00       		.byte	0
 1670 0182 03       		.uleb128 0x3
 1671 0183 08       		.uleb128 0x8
 1672 0184 3A       		.uleb128 0x3a
 1673 0185 0B       		.uleb128 0xb
 1674 0186 3B       		.uleb128 0x3b
 1675 0187 0B       		.uleb128 0xb
 1676 0188 39       		.uleb128 0x39
 1677 0189 0B       		.uleb128 0xb
 1678 018a 49       		.uleb128 0x49
 1679 018b 13       		.uleb128 0x13
 1680 018c 02       		.uleb128 0x2
 1681 018d 17       		.uleb128 0x17
 1682 018e B742     		.uleb128 0x2137
 1683 0190 17       		.uleb128 0x17
 1684 0191 00       		.byte	0
 1685 0192 00       		.byte	0
 1686 0193 1C       		.uleb128 0x1c
 1687 0194 1D       		.uleb128 0x1d
 1688 0195 01       		.byte	0x1
 1689 0196 31       		.uleb128 0x31
 1690 0197 13       		.uleb128 0x13
 1691 0198 52       		.uleb128 0x52
 1692 0199 01       		.uleb128 0x1
 1693 019a B842     		.uleb128 0x2138
 1694 019c 0B       		.uleb128 0xb
 1695 019d 11       		.uleb128 0x11
 1696 019e 01       		.uleb128 0x1
 1697 019f 12       		.uleb128 0x12
 1698 01a0 06       		.uleb128 0x6
 1699 01a1 58       		.uleb128 0x58
 1700 01a2 0B       		.uleb128 0xb
 1701 01a3 59       		.uleb128 0x59
 1702 01a4 0B       		.uleb128 0xb
 1703 01a5 57       		.uleb128 0x57
 1704 01a6 0B       		.uleb128 0xb
 1705 01a7 00       		.byte	0
 1706 01a8 00       		.byte	0
 1707 01a9 1D       		.uleb128 0x1d
 1708 01aa 05       		.uleb128 0x5
 1709 01ab 00       		.byte	0
 1710 01ac 31       		.uleb128 0x31
ARM GAS  /var/folders/l5/0x54b2c10074c8bt31ycjvl80000gp/T//ccne7TWQ.s 			page 31


 1711 01ad 13       		.uleb128 0x13
 1712 01ae 02       		.uleb128 0x2
 1713 01af 17       		.uleb128 0x17
 1714 01b0 B742     		.uleb128 0x2137
 1715 01b2 17       		.uleb128 0x17
 1716 01b3 00       		.byte	0
 1717 01b4 00       		.byte	0
 1718 01b5 1E       		.uleb128 0x1e
 1719 01b6 0B       		.uleb128 0xb
 1720 01b7 01       		.byte	0x1
 1721 01b8 11       		.uleb128 0x11
 1722 01b9 01       		.uleb128 0x1
 1723 01ba 12       		.uleb128 0x12
 1724 01bb 06       		.uleb128 0x6
 1725 01bc 00       		.byte	0
 1726 01bd 00       		.byte	0
 1727 01be 1F       		.uleb128 0x1f
 1728 01bf 34       		.uleb128 0x34
 1729 01c0 00       		.byte	0
 1730 01c1 31       		.uleb128 0x31
 1731 01c2 13       		.uleb128 0x13
 1732 01c3 02       		.uleb128 0x2
 1733 01c4 17       		.uleb128 0x17
 1734 01c5 B742     		.uleb128 0x2137
 1735 01c7 17       		.uleb128 0x17
 1736 01c8 00       		.byte	0
 1737 01c9 00       		.byte	0
 1738 01ca 20       		.uleb128 0x20
 1739 01cb 2E       		.uleb128 0x2e
 1740 01cc 01       		.byte	0x1
 1741 01cd 3F       		.uleb128 0x3f
 1742 01ce 19       		.uleb128 0x19
 1743 01cf 03       		.uleb128 0x3
 1744 01d0 0E       		.uleb128 0xe
 1745 01d1 3A       		.uleb128 0x3a
 1746 01d2 0B       		.uleb128 0xb
 1747 01d3 3B       		.uleb128 0x3b
 1748 01d4 0B       		.uleb128 0xb
 1749 01d5 39       		.uleb128 0x39
 1750 01d6 0B       		.uleb128 0xb
 1751 01d7 27       		.uleb128 0x27
 1752 01d8 19       		.uleb128 0x19
 1753 01d9 11       		.uleb128 0x11
 1754 01da 01       		.uleb128 0x1
 1755 01db 12       		.uleb128 0x12
 1756 01dc 06       		.uleb128 0x6
 1757 01dd 40       		.uleb128 0x40
 1758 01de 18       		.uleb128 0x18
 1759 01df 9742     		.uleb128 0x2117
 1760 01e1 19       		.uleb128 0x19
 1761 01e2 01       		.uleb128 0x1
 1762 01e3 13       		.uleb128 0x13
 1763 01e4 00       		.byte	0
 1764 01e5 00       		.byte	0
 1765 01e6 21       		.uleb128 0x21
 1766 01e7 21       		.uleb128 0x21
 1767 01e8 00       		.byte	0
ARM GAS  /var/folders/l5/0x54b2c10074c8bt31ycjvl80000gp/T//ccne7TWQ.s 			page 32


 1768 01e9 00       		.byte	0
 1769 01ea 00       		.byte	0
 1770 01eb 22       		.uleb128 0x22
 1771 01ec 2E       		.uleb128 0x2e
 1772 01ed 01       		.byte	0x1
 1773 01ee 31       		.uleb128 0x31
 1774 01ef 13       		.uleb128 0x13
 1775 01f0 11       		.uleb128 0x11
 1776 01f1 01       		.uleb128 0x1
 1777 01f2 12       		.uleb128 0x12
 1778 01f3 06       		.uleb128 0x6
 1779 01f4 40       		.uleb128 0x40
 1780 01f5 18       		.uleb128 0x18
 1781 01f6 9742     		.uleb128 0x2117
 1782 01f8 19       		.uleb128 0x19
 1783 01f9 00       		.byte	0
 1784 01fa 00       		.byte	0
 1785 01fb 00       		.byte	0
 1786              		.section	.debug_loc,"",%progbits
 1787              	.Ldebug_loc0:
 1788              	.LVUS0:
 1789 0000 00       		.uleb128 0
 1790 0001 00       		.uleb128 .LVU28
 1791 0002 00       		.uleb128 .LVU28
 1792 0003 00       		.uleb128 .LVU30
 1793 0004 00       		.uleb128 .LVU30
 1794 0005 00       		.uleb128 .LVU31
 1795 0006 00       		.uleb128 .LVU31
 1796 0007 00       		.uleb128 0
 1797              	.LLST0:
 1798 0008 00000000 		.4byte	.LVL0
 1799 000c 14000000 		.4byte	.LVL2
 1800 0010 0100     		.2byte	0x1
 1801 0012 50       		.byte	0x50
 1802 0013 14000000 		.4byte	.LVL2
 1803 0017 1C000000 		.4byte	.LVL3
 1804 001b 0100     		.2byte	0x1
 1805 001d 53       		.byte	0x53
 1806 001e 1C000000 		.4byte	.LVL3
 1807 0022 20000000 		.4byte	.LVL4
 1808 0026 0300     		.2byte	0x3
 1809 0028 73       		.byte	0x73
 1810 0029 7D       		.sleb128 -3
 1811 002a 9F       		.byte	0x9f
 1812 002b 20000000 		.4byte	.LVL4
 1813 002f 44000000 		.4byte	.LFE8
 1814 0033 0400     		.2byte	0x4
 1815 0035 F3       		.byte	0xf3
 1816 0036 01       		.uleb128 0x1
 1817 0037 50       		.byte	0x50
 1818 0038 9F       		.byte	0x9f
 1819 0039 00000000 		.4byte	0
 1820 003d 00000000 		.4byte	0
 1821              	.LVUS1:
 1822 0041 00       		.uleb128 .LVU40
 1823 0042 00       		.uleb128 0
 1824              	.LLST1:
ARM GAS  /var/folders/l5/0x54b2c10074c8bt31ycjvl80000gp/T//ccne7TWQ.s 			page 33


 1825 0043 34000000 		.4byte	.LVL7
 1826 0047 44000000 		.4byte	.LFE8
 1827 004b 0100     		.2byte	0x1
 1828 004d 50       		.byte	0x50
 1829 004e 00000000 		.4byte	0
 1830 0052 00000000 		.4byte	0
 1831              	.LVUS2:
 1832 0056 03       		.uleb128 .LVU22
 1833 0057 00       		.uleb128 .LVU28
 1834 0058 00       		.uleb128 .LVU28
 1835 0059 00       		.uleb128 .LVU30
 1836 005a 00       		.uleb128 .LVU30
 1837 005b 00       		.uleb128 .LVU31
 1838 005c 00       		.uleb128 .LVU31
 1839 005d 00       		.uleb128 .LVU37
 1840 005e 00       		.uleb128 .LVU37
 1841 005f 00       		.uleb128 .LVU40
 1842              	.LLST2:
 1843 0060 08000000 		.4byte	.LVL1
 1844 0064 14000000 		.4byte	.LVL2
 1845 0068 0100     		.2byte	0x1
 1846 006a 50       		.byte	0x50
 1847 006b 14000000 		.4byte	.LVL2
 1848 006f 1C000000 		.4byte	.LVL3
 1849 0073 0100     		.2byte	0x1
 1850 0075 53       		.byte	0x53
 1851 0076 1C000000 		.4byte	.LVL3
 1852 007a 20000000 		.4byte	.LVL4
 1853 007e 0300     		.2byte	0x3
 1854 0080 73       		.byte	0x73
 1855 0081 7D       		.sleb128 -3
 1856 0082 9F       		.byte	0x9f
 1857 0083 20000000 		.4byte	.LVL4
 1858 0087 2C000000 		.4byte	.LVL6
 1859 008b 0100     		.2byte	0x1
 1860 008d 53       		.byte	0x53
 1861 008e 2C000000 		.4byte	.LVL6
 1862 0092 34000000 		.4byte	.LVL7
 1863 0096 0900     		.2byte	0x9
 1864 0098 F3       		.byte	0xf3
 1865 0099 01       		.uleb128 0x1
 1866 009a 50       		.byte	0x50
 1867 009b 23       		.byte	0x23
 1868 009c 03       		.uleb128 0x3
 1869 009d 09       		.byte	0x9
 1870 009e FC       		.byte	0xfc
 1871 009f 1A       		.byte	0x1a
 1872 00a0 9F       		.byte	0x9f
 1873 00a1 00000000 		.4byte	0
 1874 00a5 00000000 		.4byte	0
 1875              	.LVUS3:
 1876 00a9 01       		.uleb128 .LVU35
 1877 00aa 00       		.uleb128 .LVU40
 1878              	.LLST3:
 1879 00ab 28000000 		.4byte	.LVL5
 1880 00af 34000000 		.4byte	.LVL7
 1881 00b3 0100     		.2byte	0x1
ARM GAS  /var/folders/l5/0x54b2c10074c8bt31ycjvl80000gp/T//ccne7TWQ.s 			page 34


 1882 00b5 50       		.byte	0x50
 1883 00b6 00000000 		.4byte	0
 1884 00ba 00000000 		.4byte	0
 1885              	.LVUS4:
 1886 00be 00       		.uleb128 0
 1887 00bf 00       		.uleb128 .LVU53
 1888 00c0 00       		.uleb128 .LVU53
 1889 00c1 00       		.uleb128 .LVU54
 1890 00c2 00       		.uleb128 .LVU54
 1891 00c3 00       		.uleb128 .LVU61
 1892 00c4 00       		.uleb128 .LVU61
 1893 00c5 00       		.uleb128 0
 1894              	.LLST4:
 1895 00c6 00000000 		.4byte	.LVL8
 1896 00ca 14000000 		.4byte	.LVL9
 1897 00ce 0100     		.2byte	0x1
 1898 00d0 50       		.byte	0x50
 1899 00d1 14000000 		.4byte	.LVL9
 1900 00d5 18000000 		.4byte	.LVL10
 1901 00d9 0300     		.2byte	0x3
 1902 00db 70       		.byte	0x70
 1903 00dc 7D       		.sleb128 -3
 1904 00dd 9F       		.byte	0x9f
 1905 00de 18000000 		.4byte	.LVL10
 1906 00e2 28000000 		.4byte	.LVL13
 1907 00e6 0100     		.2byte	0x1
 1908 00e8 50       		.byte	0x50
 1909 00e9 28000000 		.4byte	.LVL13
 1910 00ed 3C000000 		.4byte	.LFE9
 1911 00f1 0900     		.2byte	0x9
 1912 00f3 F3       		.byte	0xf3
 1913 00f4 01       		.uleb128 0x1
 1914 00f5 50       		.byte	0x50
 1915 00f6 23       		.byte	0x23
 1916 00f7 03       		.uleb128 0x3
 1917 00f8 09       		.byte	0x9
 1918 00f9 FC       		.byte	0xfc
 1919 00fa 1A       		.byte	0x1a
 1920 00fb 9F       		.byte	0x9f
 1921 00fc 00000000 		.4byte	0
 1922 0100 00000000 		.4byte	0
 1923              	.LVUS5:
 1924 0104 01       		.uleb128 .LVU58
 1925 0105 00       		.uleb128 .LVU60
 1926 0106 00       		.uleb128 .LVU60
 1927 0107 00       		.uleb128 .LVU62
 1928              	.LLST5:
 1929 0108 20000000 		.4byte	.LVL11
 1930 010c 24000000 		.4byte	.LVL12
 1931 0110 0100     		.2byte	0x1
 1932 0112 52       		.byte	0x52
 1933 0113 24000000 		.4byte	.LVL12
 1934 0117 2C000000 		.4byte	.LVL14
 1935 011b 0500     		.2byte	0x5
 1936 011d 03       		.byte	0x3
 1937 011e 00000000 		.4byte	nextmem
 1938 0122 00000000 		.4byte	0
ARM GAS  /var/folders/l5/0x54b2c10074c8bt31ycjvl80000gp/T//ccne7TWQ.s 			page 35


 1939 0126 00000000 		.4byte	0
 1940              		.section	.debug_aranges,"",%progbits
 1941 0000 34000000 		.4byte	0x34
 1942 0004 0200     		.2byte	0x2
 1943 0006 00000000 		.4byte	.Ldebug_info0
 1944 000a 04       		.byte	0x4
 1945 000b 00       		.byte	0
 1946 000c 0000     		.2byte	0
 1947 000e 0000     		.2byte	0
 1948 0010 00000000 		.4byte	.LFB7
 1949 0014 34000000 		.4byte	.LFE7-.LFB7
 1950 0018 00000000 		.4byte	.LFB8
 1951 001c 44000000 		.4byte	.LFE8-.LFB8
 1952 0020 00000000 		.4byte	.LFB9
 1953 0024 3C000000 		.4byte	.LFE9-.LFB9
 1954 0028 00000000 		.4byte	.LFB10
 1955 002c 20000000 		.4byte	.LFE10-.LFB10
 1956 0030 00000000 		.4byte	0
 1957 0034 00000000 		.4byte	0
 1958              		.section	.debug_ranges,"",%progbits
 1959              	.Ldebug_ranges0:
 1960 0000 00000000 		.4byte	.LFB7
 1961 0004 34000000 		.4byte	.LFE7
 1962 0008 00000000 		.4byte	.LFB8
 1963 000c 44000000 		.4byte	.LFE8
 1964 0010 00000000 		.4byte	.LFB9
 1965 0014 3C000000 		.4byte	.LFE9
 1966 0018 00000000 		.4byte	.LFB10
 1967 001c 20000000 		.4byte	.LFE10
 1968 0020 00000000 		.4byte	0
 1969 0024 00000000 		.4byte	0
 1970              		.section	.debug_line,"",%progbits
 1971              	.Ldebug_line0:
 1972 0000 F6020000 		.section	.debug_str,"MS",%progbits,1
 1972      0300E901 
 1972      00000201 
 1972      FB0E0D00 
 1972      01010101 
 1973              	.LASF86:
 1974 0000 63665F6F 		.ascii	"cf_off_older\000"
 1974      66665F6F 
 1974      6C646572 
 1974      00
 1975              	.LASF39:
 1976 000d 705F6D73 		.ascii	"p_msg\000"
 1976      6700
 1977              	.LASF2:
 1978 0013 73697A65 		.ascii	"size_t\000"
 1978      5F7400
 1979              	.LASF71:
 1980 001a 7264796D 		.ascii	"rdymsg\000"
 1980      736700
 1981              	.LASF107:
 1982 0021 6368436F 		.ascii	"chCoreAlloc\000"
 1982      7265416C 
 1982      6C6F6300 
 1983              	.LASF3:
ARM GAS  /var/folders/l5/0x54b2c10074c8bt31ycjvl80000gp/T//ccne7TWQ.s 			page 36


 1984 002d 5F5F7569 		.ascii	"__uint8_t\000"
 1984      6E74385F 
 1984      7400
 1985              	.LASF65:
 1986 0037 76746C69 		.ascii	"vtlist\000"
 1986      737400
 1987              	.LASF13:
 1988 003e 6C6F6E67 		.ascii	"long long unsigned int\000"
 1988      206C6F6E 
 1988      6720756E 
 1988      7369676E 
 1988      65642069 
 1989              	.LASF82:
 1990 0055 63685F74 		.ascii	"ch_threadsize\000"
 1990      68726561 
 1990      6473697A 
 1990      6500
 1991              	.LASF72:
 1992 0063 65786974 		.ascii	"exitcode\000"
 1992      636F6465 
 1992      00
 1993              	.LASF100:
 1994 006c 5F5F6865 		.ascii	"__heap_end__\000"
 1994      61705F65 
 1994      6E645F5F 
 1994      00
 1995              	.LASF28:
 1996 0079 705F7072 		.ascii	"p_prio\000"
 1996      696F00
 1997              	.LASF89:
 1998 0080 63665F6F 		.ascii	"cf_off_state\000"
 1998      66665F73 
 1998      74617465 
 1998      00
 1999              	.LASF12:
 2000 008d 6C6F6E67 		.ascii	"long long int\000"
 2000      206C6F6E 
 2000      6720696E 
 2000      7400
 2001              	.LASF1:
 2002 009b 7369676E 		.ascii	"signed char\000"
 2002      65642063 
 2002      68617200 
 2003              	.LASF88:
 2004 00a7 63665F6F 		.ascii	"cf_off_stklimit\000"
 2004      66665F73 
 2004      746B6C69 
 2004      6D697400 
 2005              	.LASF90:
 2006 00b7 63665F6F 		.ascii	"cf_off_flags\000"
 2006      66665F66 
 2006      6C616773 
 2006      00
 2007              	.LASF68:
 2008 00c4 6D5F7175 		.ascii	"m_queue\000"
 2008      65756500 
 2009              	.LASF76:
ARM GAS  /var/folders/l5/0x54b2c10074c8bt31ycjvl80000gp/T//ccne7TWQ.s 			page 37


 2010 00cc 63685F69 		.ascii	"ch_identifier\000"
 2010      64656E74 
 2010      69666965 
 2010      7200
 2011              	.LASF9:
 2012 00da 6C6F6E67 		.ascii	"long int\000"
 2012      20696E74 
 2012      00
 2013              	.LASF19:
 2014 00e3 74737461 		.ascii	"tstate_t\000"
 2014      74655F74 
 2014      00
 2015              	.LASF15:
 2016 00ec 75696E74 		.ascii	"uint16_t\000"
 2016      31365F74 
 2016      00
 2017              	.LASF94:
 2018 00f5 63686465 		.ascii	"chdebug_t\000"
 2018      6275675F 
 2018      7400
 2019              	.LASF30:
 2020 00ff 705F6E65 		.ascii	"p_newer\000"
 2020      77657200 
 2021              	.LASF96:
 2022 0107 5F69646C 		.ascii	"_idle_thread_wa\000"
 2022      655F7468 
 2022      72656164 
 2022      5F776100 
 2023              	.LASF105:
 2024 0117 6368436F 		.ascii	"chCoreAllocI\000"
 2024      7265416C 
 2024      6C6F6349 
 2024      00
 2025              	.LASF10:
 2026 0124 5F5F7569 		.ascii	"__uint32_t\000"
 2026      6E743332 
 2026      5F7400
 2027              	.LASF46:
 2028 012f 72656761 		.ascii	"regarm_t\000"
 2028      726D5F74 
 2028      00
 2029              	.LASF52:
 2030 0138 76745F70 		.ascii	"vt_prev\000"
 2030      72657600 
 2031              	.LASF0:
 2032 0140 756E7369 		.ascii	"unsigned int\000"
 2032      676E6564 
 2032      20696E74 
 2032      00
 2033              	.LASF51:
 2034 014d 76745F6E 		.ascii	"vt_next\000"
 2034      65787400 
 2035              	.LASF11:
 2036 0155 6C6F6E67 		.ascii	"long unsigned int\000"
 2036      20756E73 
 2036      69676E65 
 2036      6420696E 
ARM GAS  /var/folders/l5/0x54b2c10074c8bt31ycjvl80000gp/T//ccne7TWQ.s 			page 38


 2036      7400
 2037              	.LASF95:
 2038 0167 63685F64 		.ascii	"ch_debug\000"
 2038      65627567 
 2038      00
 2039              	.LASF49:
 2040 0170 76746675 		.ascii	"vtfunc_t\000"
 2040      6E635F74 
 2040      00
 2041              	.LASF48:
 2042 0179 636F6E74 		.ascii	"context\000"
 2042      65787400 
 2043              	.LASF106:
 2044 0181 73697A65 		.ascii	"size\000"
 2044      00
 2045              	.LASF7:
 2046 0186 73686F72 		.ascii	"short unsigned int\000"
 2046      7420756E 
 2046      7369676E 
 2046      65642069 
 2046      6E7400
 2047              	.LASF22:
 2048 0199 6D73675F 		.ascii	"msg_t\000"
 2048      7400
 2049              	.LASF61:
 2050 019f 725F6E65 		.ascii	"r_newer\000"
 2050      77657200 
 2051              	.LASF101:
 2052 01a7 474E5520 		.ascii	"GNU C17 8.3.1 20190703 (release) [gcc-8-branch revi"
 2052      43313720 
 2052      382E332E 
 2052      31203230 
 2052      31393037 
 2053 01da 73696F6E 		.ascii	"sion 273027] -mcpu=arm1176jz-s -mno-thumb-interwork"
 2053      20323733 
 2053      3032375D 
 2053      202D6D63 
 2053      70753D61 
 2054 020d 202D6D66 		.ascii	" -mfloat-abi=soft -marm -march=armv6kz -ggdb -O2 -f"
 2054      6C6F6174 
 2054      2D616269 
 2054      3D736F66 
 2054      74202D6D 
 2055 0240 6F6D6974 		.ascii	"omit-frame-pointer -ffunction-sections -fdata-secti"
 2055      2D667261 
 2055      6D652D70 
 2055      6F696E74 
 2055      6572202D 
 2056 0273 6F6E7300 		.ascii	"ons\000"
 2057              	.LASF18:
 2058 0277 746D6F64 		.ascii	"tmode_t\000"
 2058      655F7400 
 2059              	.LASF44:
 2060 027f 54687265 		.ascii	"ThreadsList\000"
 2060      6164734C 
 2060      69737400 
 2061              	.LASF23:
ARM GAS  /var/folders/l5/0x54b2c10074c8bt31ycjvl80000gp/T//ccne7TWQ.s 			page 39


 2062 028b 6576656E 		.ascii	"eventmask_t\000"
 2062      746D6173 
 2062      6B5F7400 
 2063              	.LASF102:
 2064 0297 2E2E2F2E 		.ascii	"../../os/kernel/src/chmemcore.c\000"
 2064      2E2F6F73 
 2064      2F6B6572 
 2064      6E656C2F 
 2064      7372632F 
 2065              	.LASF67:
 2066 02b7 4D757465 		.ascii	"Mutex\000"
 2066      7800
 2067              	.LASF45:
 2068 02bd 73746B61 		.ascii	"stkalign_t\000"
 2068      6C69676E 
 2068      5F7400
 2069              	.LASF77:
 2070 02c8 63685F7A 		.ascii	"ch_zero\000"
 2070      65726F00 
 2071              	.LASF91:
 2072 02d0 63665F6F 		.ascii	"cf_off_refs\000"
 2072      66665F72 
 2072      65667300 
 2073              	.LASF53:
 2074 02dc 76745F74 		.ascii	"vt_time\000"
 2074      696D6500 
 2075              	.LASF54:
 2076 02e4 76745F66 		.ascii	"vt_func\000"
 2076      756E6300 
 2077              	.LASF81:
 2078 02ec 63685F74 		.ascii	"ch_timesize\000"
 2078      696D6573 
 2078      697A6500 
 2079              	.LASF87:
 2080 02f8 63665F6F 		.ascii	"cf_off_name\000"
 2080      66665F6E 
 2080      616D6500 
 2081              	.LASF31:
 2082 0304 705F6F6C 		.ascii	"p_older\000"
 2082      64657200 
 2083              	.LASF60:
 2084 030c 725F6374 		.ascii	"r_ctx\000"
 2084      7800
 2085              	.LASF43:
 2086 0312 54687265 		.ascii	"ThreadsQueue\000"
 2086      61647351 
 2086      75657565 
 2086      00
 2087              	.LASF78:
 2088 031f 63685F73 		.ascii	"ch_size\000"
 2088      697A6500 
 2089              	.LASF63:
 2090 0327 725F6375 		.ascii	"r_current\000"
 2090      7272656E 
 2090      7400
 2091              	.LASF62:
 2092 0331 725F6F6C 		.ascii	"r_older\000"
ARM GAS  /var/folders/l5/0x54b2c10074c8bt31ycjvl80000gp/T//ccne7TWQ.s 			page 40


 2092      64657200 
 2093              	.LASF20:
 2094 0339 74726566 		.ascii	"trefs_t\000"
 2094      735F7400 
 2095              	.LASF80:
 2096 0341 63685F70 		.ascii	"ch_ptrsize\000"
 2096      74727369 
 2096      7A6500
 2097              	.LASF27:
 2098 034c 705F7072 		.ascii	"p_prev\000"
 2098      657600
 2099              	.LASF21:
 2100 0353 74707269 		.ascii	"tprio_t\000"
 2100      6F5F7400 
 2101              	.LASF16:
 2102 035b 696E7433 		.ascii	"int32_t\000"
 2102      325F7400 
 2103              	.LASF4:
 2104 0363 756E7369 		.ascii	"unsigned char\000"
 2104      676E6564 
 2104      20636861 
 2104      7200
 2105              	.LASF108:
 2106 0371 5F636F72 		.ascii	"_core_init\000"
 2106      655F696E 
 2106      697400
 2107              	.LASF41:
 2108 037c 705F6D74 		.ascii	"p_mtxlist\000"
 2108      786C6973 
 2108      7400
 2109              	.LASF5:
 2110 0386 73686F72 		.ascii	"short int\000"
 2110      7420696E 
 2110      7400
 2111              	.LASF33:
 2112 0390 705F7374 		.ascii	"p_state\000"
 2112      61746500 
 2113              	.LASF93:
 2114 0398 63665F6F 		.ascii	"cf_off_time\000"
 2114      66665F74 
 2114      696D6500 
 2115              	.LASF59:
 2116 03a4 725F7072 		.ascii	"r_prio\000"
 2116      696F00
 2117              	.LASF74:
 2118 03ab 65776D61 		.ascii	"ewmask\000"
 2118      736B00
 2119              	.LASF26:
 2120 03b2 705F6E65 		.ascii	"p_next\000"
 2120      787400
 2121              	.LASF92:
 2122 03b9 63665F6F 		.ascii	"cf_off_preempt\000"
 2122      66665F70 
 2122      7265656D 
 2122      707400
 2123              	.LASF34:
 2124 03c8 705F666C 		.ascii	"p_flags\000"
ARM GAS  /var/folders/l5/0x54b2c10074c8bt31ycjvl80000gp/T//ccne7TWQ.s 			page 41


 2124      61677300 
 2125              	.LASF25:
 2126 03d0 54687265 		.ascii	"Thread\000"
 2126      616400
 2127              	.LASF85:
 2128 03d7 63665F6F 		.ascii	"cf_off_newer\000"
 2128      66665F6E 
 2128      65776572 
 2128      00
 2129              	.LASF40:
 2130 03e4 705F6570 		.ascii	"p_epending\000"
 2130      656E6469 
 2130      6E6700
 2131              	.LASF17:
 2132 03ef 75696E74 		.ascii	"uint32_t\000"
 2132      33325F74 
 2132      00
 2133              	.LASF83:
 2134 03f8 63665F6F 		.ascii	"cf_off_prio\000"
 2134      66665F70 
 2134      72696F00 
 2135              	.LASF58:
 2136 0404 725F7175 		.ascii	"r_queue\000"
 2136      65756500 
 2137              	.LASF50:
 2138 040c 56697274 		.ascii	"VirtualTimer\000"
 2138      75616C54 
 2138      696D6572 
 2138      00
 2139              	.LASF104:
 2140 0419 6368436F 		.ascii	"chCoreStatus\000"
 2140      72655374 
 2140      61747573 
 2140      00
 2141              	.LASF75:
 2142 0426 63686172 		.ascii	"char\000"
 2142      00
 2143              	.LASF6:
 2144 042b 5F5F7569 		.ascii	"__uint16_t\000"
 2144      6E743136 
 2144      5F7400
 2145              	.LASF97:
 2146 0436 6E657874 		.ascii	"nextmem\000"
 2146      6D656D00 
 2147              	.LASF70:
 2148 043e 6D5F6E65 		.ascii	"m_next\000"
 2148      787400
 2149              	.LASF24:
 2150 0445 73797374 		.ascii	"systime_t\000"
 2150      696D655F 
 2150      7400
 2151              	.LASF42:
 2152 044f 705F7265 		.ascii	"p_realprio\000"
 2152      616C7072 
 2152      696F00
 2153              	.LASF8:
 2154 045a 5F5F696E 		.ascii	"__int32_t\000"
ARM GAS  /var/folders/l5/0x54b2c10074c8bt31ycjvl80000gp/T//ccne7TWQ.s 			page 42


 2154      7433325F 
 2154      7400
 2155              	.LASF36:
 2156 0464 705F7469 		.ascii	"p_time\000"
 2156      6D6500
 2157              	.LASF47:
 2158 046b 696E7463 		.ascii	"intctx\000"
 2158      747800
 2159              	.LASF38:
 2160 0472 705F6D73 		.ascii	"p_msgqueue\000"
 2160      67717565 
 2160      756500
 2161              	.LASF55:
 2162 047d 76745F70 		.ascii	"vt_par\000"
 2162      617200
 2163              	.LASF99:
 2164 0484 5F5F6865 		.ascii	"__heap_base__\000"
 2164      61705F62 
 2164      6173655F 
 2164      5F00
 2165              	.LASF84:
 2166 0492 63665F6F 		.ascii	"cf_off_ctx\000"
 2166      66665F63 
 2166      747800
 2167              	.LASF35:
 2168 049d 705F7265 		.ascii	"p_refs\000"
 2168      667300
 2169              	.LASF64:
 2170 04a4 52656164 		.ascii	"ReadyList\000"
 2170      794C6973 
 2170      7400
 2171              	.LASF98:
 2172 04ae 656E646D 		.ascii	"endmem\000"
 2172      656D00
 2173              	.LASF66:
 2174 04b5 726C6973 		.ascii	"rlist\000"
 2174      7400
 2175              	.LASF14:
 2176 04bb 75696E74 		.ascii	"uint8_t\000"
 2176      385F7400 
 2177              	.LASF73:
 2178 04c3 77746F62 		.ascii	"wtobjp\000"
 2178      6A7000
 2179              	.LASF32:
 2180 04ca 705F6E61 		.ascii	"p_name\000"
 2180      6D6500
 2181              	.LASF56:
 2182 04d1 76745F73 		.ascii	"vt_systime\000"
 2182      79737469 
 2182      6D6500
 2183              	.LASF79:
 2184 04dc 63685F76 		.ascii	"ch_version\000"
 2184      65727369 
 2184      6F6E00
 2185              	.LASF103:
 2186 04e7 2F557365 		.ascii	"/Users/fernandoguirado/eclipse-workspace/ChibiOS-RP"
 2186      72732F66 
ARM GAS  /var/folders/l5/0x54b2c10074c8bt31ycjvl80000gp/T//ccne7TWQ.s 			page 43


 2186      65726E61 
 2186      6E646F67 
 2186      75697261 
 2187 051a 692D636F 		.ascii	"i-copia/demos/timers\000"
 2187      7069612F 
 2187      64656D6F 
 2187      732F7469 
 2187      6D657273 
 2188              	.LASF57:
 2189 052f 56544C69 		.ascii	"VTList\000"
 2189      737400
 2190              	.LASF69:
 2191 0536 6D5F6F77 		.ascii	"m_owner\000"
 2191      6E657200 
 2192              	.LASF29:
 2193 053e 705F6374 		.ascii	"p_ctx\000"
 2193      7800
 2194              	.LASF37:
 2195 0544 705F7761 		.ascii	"p_waiting\000"
 2195      6974696E 
 2195      6700
 2196              		.ident	"GCC: (GNU Tools for Arm Embedded Processors 8-2019-q3-update) 8.3.1 20190703 (release) [gc
ARM GAS  /var/folders/l5/0x54b2c10074c8bt31ycjvl80000gp/T//ccne7TWQ.s 			page 44


DEFINED SYMBOLS
                            *ABS*:0000000000000000 chmemcore.c
/var/folders/l5/0x54b2c10074c8bt31ycjvl80000gp/T//ccne7TWQ.s:16     .text._core_init:0000000000000000 $a
/var/folders/l5/0x54b2c10074c8bt31ycjvl80000gp/T//ccne7TWQ.s:23     .text._core_init:0000000000000000 _core_init
/var/folders/l5/0x54b2c10074c8bt31ycjvl80000gp/T//ccne7TWQ.s:56     .text._core_init:0000000000000024 $d
/var/folders/l5/0x54b2c10074c8bt31ycjvl80000gp/T//ccne7TWQ.s:64     .text.chCoreAlloc:0000000000000000 $a
/var/folders/l5/0x54b2c10074c8bt31ycjvl80000gp/T//ccne7TWQ.s:70     .text.chCoreAlloc:0000000000000000 chCoreAlloc
/var/folders/l5/0x54b2c10074c8bt31ycjvl80000gp/T//ccne7TWQ.s:149    .text.chCoreAlloc:000000000000003c $d
/var/folders/l5/0x54b2c10074c8bt31ycjvl80000gp/T//ccne7TWQ.s:155    .text.chCoreAllocI:0000000000000000 $a
/var/folders/l5/0x54b2c10074c8bt31ycjvl80000gp/T//ccne7TWQ.s:161    .text.chCoreAllocI:0000000000000000 chCoreAllocI
/var/folders/l5/0x54b2c10074c8bt31ycjvl80000gp/T//ccne7TWQ.s:208    .text.chCoreAllocI:0000000000000034 $d
/var/folders/l5/0x54b2c10074c8bt31ycjvl80000gp/T//ccne7TWQ.s:214    .text.chCoreStatus:0000000000000000 $a
/var/folders/l5/0x54b2c10074c8bt31ycjvl80000gp/T//ccne7TWQ.s:220    .text.chCoreStatus:0000000000000000 chCoreStatus
/var/folders/l5/0x54b2c10074c8bt31ycjvl80000gp/T//ccne7TWQ.s:239    .text.chCoreStatus:0000000000000018 $d
/var/folders/l5/0x54b2c10074c8bt31ycjvl80000gp/T//ccne7TWQ.s:245    .bss.endmem:0000000000000000 $d
/var/folders/l5/0x54b2c10074c8bt31ycjvl80000gp/T//ccne7TWQ.s:249    .bss.endmem:0000000000000000 endmem
/var/folders/l5/0x54b2c10074c8bt31ycjvl80000gp/T//ccne7TWQ.s:252    .bss.nextmem:0000000000000000 $d
/var/folders/l5/0x54b2c10074c8bt31ycjvl80000gp/T//ccne7TWQ.s:256    .bss.nextmem:0000000000000000 nextmem

UNDEFINED SYMBOLS
__heap_base__
__heap_end__
