ARM GAS  /var/folders/l5/0x54b2c10074c8bt31ycjvl80000gp/T//ccIGCy0s.s 			page 1


   1              		.cpu arm1176jz-s
   2              		.eabi_attribute 20, 1
   3              		.eabi_attribute 21, 1
   4              		.eabi_attribute 23, 3
   5              		.eabi_attribute 24, 1
   6              		.eabi_attribute 25, 1
   7              		.eabi_attribute 26, 1
   8              		.eabi_attribute 30, 2
   9              		.eabi_attribute 34, 1
  10              		.eabi_attribute 18, 4
  11              		.file	"chmempools.c"
  12              		.text
  13              	.Ltext0:
  14              		.cfi_sections	.debug_frame
  15              	.Letext0:
  16              		.file 1 "/usr/local/Cellar/arm-gcc-bin/8-2019-q3-update/arm-none-eabi/include/machine/_default_typ
  17              		.file 2 "/usr/local/Cellar/arm-gcc-bin/8-2019-q3-update/arm-none-eabi/include/sys/_stdint.h"
  18              		.file 3 "../../os/ports/GCC/ARM/chtypes.h"
  19              		.file 4 "../../os/kernel/include/chlists.h"
  20              		.file 5 "../../os/kernel/include/chthreads.h"
  21              		.file 6 "../../os/ports/GCC/ARM/chcore.h"
  22              		.file 7 "../../os/kernel/include/chvt.h"
  23              		.file 8 "../../os/kernel/include/chschd.h"
  24              		.file 9 "../../os/kernel/include/chmtx.h"
  25              		.file 10 "../../os/kernel/include/chregistry.h"
  26              		.file 11 "../../os/kernel/include/ch.h"
  27              		.section	.debug_info,"",%progbits
  28              	.Ldebug_info0:
  29 0000 47060000 		.4byte	0x647
  30 0004 0400     		.2byte	0x4
  31 0006 00000000 		.4byte	.Ldebug_abbrev0
  32 000a 04       		.byte	0x4
  33 000b 01       		.uleb128 0x1
  34 000c 82010000 		.4byte	.LASF96
  35 0010 0C       		.byte	0xc
  36 0011 BC030000 		.4byte	.LASF97
  37 0015 81040000 		.4byte	.LASF98
  38 0019 00000000 		.4byte	.Ldebug_line0
  39 001d 02       		.uleb128 0x2
  40 001e 04       		.byte	0x4
  41 001f 05       		.byte	0x5
  42 0020 696E7400 		.ascii	"int\000"
  43 0024 03       		.uleb128 0x3
  44 0025 04       		.byte	0x4
  45 0026 07       		.byte	0x7
  46 0027 13010000 		.4byte	.LASF0
  47 002b 03       		.uleb128 0x3
  48 002c 01       		.byte	0x1
  49 002d 06       		.byte	0x6
  50 002e 7B000000 		.4byte	.LASF1
  51 0032 04       		.uleb128 0x4
  52 0033 1A000000 		.4byte	.LASF4
  53 0037 01       		.byte	0x1
  54 0038 2B       		.byte	0x2b
  55 0039 18       		.byte	0x18
  56 003a 3E000000 		.4byte	0x3e
  57 003e 03       		.uleb128 0x3
ARM GAS  /var/folders/l5/0x54b2c10074c8bt31ycjvl80000gp/T//ccIGCy0s.s 			page 2


  58 003f 01       		.byte	0x1
  59 0040 08       		.byte	0x8
  60 0041 1E030000 		.4byte	.LASF2
  61 0045 03       		.uleb128 0x3
  62 0046 02       		.byte	0x2
  63 0047 05       		.byte	0x5
  64 0048 36030000 		.4byte	.LASF3
  65 004c 04       		.uleb128 0x4
  66 004d E2030000 		.4byte	.LASF5
  67 0051 01       		.byte	0x1
  68 0052 39       		.byte	0x39
  69 0053 19       		.byte	0x19
  70 0054 58000000 		.4byte	0x58
  71 0058 03       		.uleb128 0x3
  72 0059 02       		.byte	0x2
  73 005a 07       		.byte	0x7
  74 005b 61010000 		.4byte	.LASF6
  75 005f 04       		.uleb128 0x4
  76 0060 09040000 		.4byte	.LASF7
  77 0064 01       		.byte	0x1
  78 0065 4D       		.byte	0x4d
  79 0066 18       		.byte	0x18
  80 0067 6B000000 		.4byte	0x6b
  81 006b 03       		.uleb128 0x3
  82 006c 04       		.byte	0x4
  83 006d 05       		.byte	0x5
  84 006e BA000000 		.4byte	.LASF8
  85 0072 04       		.uleb128 0x4
  86 0073 F7000000 		.4byte	.LASF9
  87 0077 01       		.byte	0x1
  88 0078 4F       		.byte	0x4f
  89 0079 19       		.byte	0x19
  90 007a 7E000000 		.4byte	0x7e
  91 007e 03       		.uleb128 0x3
  92 007f 04       		.byte	0x4
  93 0080 07       		.byte	0x7
  94 0081 28010000 		.4byte	.LASF10
  95 0085 03       		.uleb128 0x3
  96 0086 08       		.byte	0x8
  97 0087 05       		.byte	0x5
  98 0088 6D000000 		.4byte	.LASF11
  99 008c 03       		.uleb128 0x3
 100 008d 08       		.byte	0x8
 101 008e 07       		.byte	0x7
 102 008f 2B000000 		.4byte	.LASF12
 103 0093 04       		.uleb128 0x4
 104 0094 55040000 		.4byte	.LASF13
 105 0098 02       		.byte	0x2
 106 0099 18       		.byte	0x18
 107 009a 13       		.byte	0x13
 108 009b 32000000 		.4byte	0x32
 109 009f 04       		.uleb128 0x4
 110 00a0 CC000000 		.4byte	.LASF14
 111 00a4 02       		.byte	0x2
 112 00a5 24       		.byte	0x24
 113 00a6 14       		.byte	0x14
 114 00a7 4C000000 		.4byte	0x4c
ARM GAS  /var/folders/l5/0x54b2c10074c8bt31ycjvl80000gp/T//ccIGCy0s.s 			page 3


 115 00ab 04       		.uleb128 0x4
 116 00ac 16030000 		.4byte	.LASF15
 117 00b0 02       		.byte	0x2
 118 00b1 2C       		.byte	0x2c
 119 00b2 13       		.byte	0x13
 120 00b3 5F000000 		.4byte	0x5f
 121 00b7 04       		.uleb128 0x4
 122 00b8 9F030000 		.4byte	.LASF16
 123 00bc 02       		.byte	0x2
 124 00bd 30       		.byte	0x30
 125 00be 14       		.byte	0x14
 126 00bf 72000000 		.4byte	0x72
 127 00c3 04       		.uleb128 0x4
 128 00c4 52020000 		.4byte	.LASF17
 129 00c8 03       		.byte	0x3
 130 00c9 2A       		.byte	0x2a
 131 00ca 19       		.byte	0x19
 132 00cb 93000000 		.4byte	0x93
 133 00cf 04       		.uleb128 0x4
 134 00d0 C3000000 		.4byte	.LASF18
 135 00d4 03       		.byte	0x3
 136 00d5 2B       		.byte	0x2b
 137 00d6 19       		.byte	0x19
 138 00d7 93000000 		.4byte	0x93
 139 00db 04       		.uleb128 0x4
 140 00dc F4020000 		.4byte	.LASF19
 141 00e0 03       		.byte	0x3
 142 00e1 2C       		.byte	0x2c
 143 00e2 19       		.byte	0x19
 144 00e3 93000000 		.4byte	0x93
 145 00e7 04       		.uleb128 0x4
 146 00e8 0E030000 		.4byte	.LASF20
 147 00ec 03       		.byte	0x3
 148 00ed 2E       		.byte	0x2e
 149 00ee 19       		.byte	0x19
 150 00ef B7000000 		.4byte	0xb7
 151 00f3 04       		.uleb128 0x4
 152 00f4 74010000 		.4byte	.LASF21
 153 00f8 03       		.byte	0x3
 154 00f9 2F       		.byte	0x2f
 155 00fa 19       		.byte	0x19
 156 00fb AB000000 		.4byte	0xab
 157 00ff 04       		.uleb128 0x4
 158 0100 66020000 		.4byte	.LASF22
 159 0104 03       		.byte	0x3
 160 0105 31       		.byte	0x31
 161 0106 19       		.byte	0x19
 162 0107 B7000000 		.4byte	0xb7
 163 010b 04       		.uleb128 0x4
 164 010c F4030000 		.4byte	.LASF23
 165 0110 03       		.byte	0x3
 166 0111 33       		.byte	0x33
 167 0112 19       		.byte	0x19
 168 0113 B7000000 		.4byte	0xb7
 169 0117 05       		.uleb128 0x5
 170 0118 0B010000 		.4byte	0x10b
 171 011c 04       		.uleb128 0x4
ARM GAS  /var/folders/l5/0x54b2c10074c8bt31ycjvl80000gp/T//ccIGCy0s.s 			page 4


 172 011d 80030000 		.4byte	.LASF24
 173 0121 04       		.byte	0x4
 174 0122 23       		.byte	0x23
 175 0123 17       		.byte	0x17
 176 0124 28010000 		.4byte	0x128
 177 0128 06       		.uleb128 0x6
 178 0129 80030000 		.4byte	.LASF24
 179 012d 44       		.byte	0x44
 180 012e 05       		.byte	0x5
 181 012f 57       		.byte	0x57
 182 0130 08       		.byte	0x8
 183 0131 20020000 		.4byte	0x220
 184 0135 07       		.uleb128 0x7
 185 0136 62030000 		.4byte	.LASF25
 186 013a 05       		.byte	0x5
 187 013b 58       		.byte	0x58
 188 013c 1A       		.byte	0x1a
 189 013d 44020000 		.4byte	0x244
 190 0141 00       		.byte	0
 191 0142 07       		.uleb128 0x7
 192 0143 07030000 		.4byte	.LASF26
 193 0147 05       		.byte	0x5
 194 0148 5A       		.byte	0x5a
 195 0149 1A       		.byte	0x1a
 196 014a 44020000 		.4byte	0x244
 197 014e 04       		.byte	0x4
 198 014f 07       		.uleb128 0x7
 199 0150 59000000 		.4byte	.LASF27
 200 0154 05       		.byte	0x5
 201 0155 5C       		.byte	0x5c
 202 0156 19       		.byte	0x19
 203 0157 E7000000 		.4byte	0xe7
 204 015b 08       		.byte	0x8
 205 015c 07       		.uleb128 0x7
 206 015d D8040000 		.4byte	.LASF28
 207 0161 05       		.byte	0x5
 208 0162 5D       		.byte	0x5d
 209 0163 19       		.byte	0x19
 210 0164 0F030000 		.4byte	0x30f
 211 0168 0C       		.byte	0xc
 212 0169 07       		.uleb128 0x7
 213 016a DF000000 		.4byte	.LASF29
 214 016e 05       		.byte	0x5
 215 016f 5F       		.byte	0x5f
 216 0170 1A       		.byte	0x1a
 217 0171 44020000 		.4byte	0x244
 218 0175 10       		.byte	0x10
 219 0176 07       		.uleb128 0x7
 220 0177 BF020000 		.4byte	.LASF30
 221 017b 05       		.byte	0x5
 222 017c 60       		.byte	0x60
 223 017d 1A       		.byte	0x1a
 224 017e 44020000 		.4byte	0x244
 225 0182 14       		.byte	0x14
 226 0183 07       		.uleb128 0x7
 227 0184 64040000 		.4byte	.LASF31
 228 0188 05       		.byte	0x5
ARM GAS  /var/folders/l5/0x54b2c10074c8bt31ycjvl80000gp/T//ccIGCy0s.s 			page 5


 229 0189 67       		.byte	0x67
 230 018a 1A       		.byte	0x1a
 231 018b F5040000 		.4byte	0x4f5
 232 018f 18       		.byte	0x18
 233 0190 07       		.uleb128 0x7
 234 0191 40030000 		.4byte	.LASF32
 235 0195 05       		.byte	0x5
 236 0196 72       		.byte	0x72
 237 0197 19       		.byte	0x19
 238 0198 CF000000 		.4byte	0xcf
 239 019c 1C       		.byte	0x1c
 240 019d 07       		.uleb128 0x7
 241 019e 78030000 		.4byte	.LASF33
 242 01a2 05       		.byte	0x5
 243 01a3 76       		.byte	0x76
 244 01a4 19       		.byte	0x19
 245 01a5 C3000000 		.4byte	0xc3
 246 01a9 1D       		.byte	0x1d
 247 01aa 07       		.uleb128 0x7
 248 01ab 3E040000 		.4byte	.LASF34
 249 01af 05       		.byte	0x5
 250 01b0 7B       		.byte	0x7b
 251 01b1 19       		.byte	0x19
 252 01b2 DB000000 		.4byte	0xdb
 253 01b6 1E       		.byte	0x1e
 254 01b7 07       		.uleb128 0x7
 255 01b8 13040000 		.4byte	.LASF35
 256 01bc 05       		.byte	0x5
 257 01bd 88       		.byte	0x88
 258 01be 19       		.byte	0x19
 259 01bf 17010000 		.4byte	0x117
 260 01c3 20       		.byte	0x20
 261 01c4 08       		.uleb128 0x8
 262 01c5 705F7500 		.ascii	"p_u\000"
 263 01c9 05       		.byte	0x5
 264 01ca AD       		.byte	0xad
 265 01cb 19       		.byte	0x19
 266 01cc BB040000 		.4byte	0x4bb
 267 01d0 24       		.byte	0x24
 268 01d1 07       		.uleb128 0x7
 269 01d2 DE040000 		.4byte	.LASF36
 270 01d6 05       		.byte	0x5
 271 01d7 B2       		.byte	0xb2
 272 01d8 19       		.byte	0x19
 273 01d9 6D020000 		.4byte	0x26d
 274 01dd 28       		.byte	0x28
 275 01de 07       		.uleb128 0x7
 276 01df 21040000 		.4byte	.LASF37
 277 01e3 05       		.byte	0x5
 278 01e4 B8       		.byte	0xb8
 279 01e5 19       		.byte	0x19
 280 01e6 4A020000 		.4byte	0x24a
 281 01ea 2C       		.byte	0x2c
 282 01eb 07       		.uleb128 0x7
 283 01ec 0D000000 		.4byte	.LASF38
 284 01f0 05       		.byte	0x5
 285 01f1 BC       		.byte	0xbc
ARM GAS  /var/folders/l5/0x54b2c10074c8bt31ycjvl80000gp/T//ccIGCy0s.s 			page 6


 286 01f2 19       		.byte	0x19
 287 01f3 F3000000 		.4byte	0xf3
 288 01f7 34       		.byte	0x34
 289 01f8 07       		.uleb128 0x7
 290 01f9 94030000 		.4byte	.LASF39
 291 01fd 05       		.byte	0x5
 292 01fe C2       		.byte	0xc2
 293 01ff 19       		.byte	0x19
 294 0200 FF000000 		.4byte	0xff
 295 0204 38       		.byte	0x38
 296 0205 07       		.uleb128 0x7
 297 0206 2C030000 		.4byte	.LASF40
 298 020a 05       		.byte	0x5
 299 020b C9       		.byte	0xc9
 300 020c 1A       		.byte	0x1a
 301 020d 07050000 		.4byte	0x507
 302 0211 3C       		.byte	0x3c
 303 0212 07       		.uleb128 0x7
 304 0213 FE030000 		.4byte	.LASF41
 305 0217 05       		.byte	0x5
 306 0218 CD       		.byte	0xcd
 307 0219 19       		.byte	0x19
 308 021a E7000000 		.4byte	0xe7
 309 021e 40       		.byte	0x40
 310 021f 00       		.byte	0
 311 0220 09       		.uleb128 0x9
 312 0221 08       		.byte	0x8
 313 0222 04       		.byte	0x4
 314 0223 5A       		.byte	0x5a
 315 0224 09       		.byte	0x9
 316 0225 44020000 		.4byte	0x244
 317 0229 07       		.uleb128 0x7
 318 022a 62030000 		.4byte	.LASF25
 319 022e 04       		.byte	0x4
 320 022f 5B       		.byte	0x5b
 321 0230 1A       		.byte	0x1a
 322 0231 44020000 		.4byte	0x244
 323 0235 00       		.byte	0
 324 0236 07       		.uleb128 0x7
 325 0237 07030000 		.4byte	.LASF26
 326 023b 04       		.byte	0x4
 327 023c 5D       		.byte	0x5d
 328 023d 1A       		.byte	0x1a
 329 023e 44020000 		.4byte	0x244
 330 0242 04       		.byte	0x4
 331 0243 00       		.byte	0
 332 0244 0A       		.uleb128 0xa
 333 0245 04       		.byte	0x4
 334 0246 1C010000 		.4byte	0x11c
 335 024a 04       		.uleb128 0x4
 336 024b CD020000 		.4byte	.LASF42
 337 024f 04       		.byte	0x4
 338 0250 5F       		.byte	0x5f
 339 0251 03       		.byte	0x3
 340 0252 20020000 		.4byte	0x220
 341 0256 09       		.uleb128 0x9
 342 0257 04       		.byte	0x4
ARM GAS  /var/folders/l5/0x54b2c10074c8bt31ycjvl80000gp/T//ccIGCy0s.s 			page 7


 343 0258 04       		.byte	0x4
 344 0259 64       		.byte	0x64
 345 025a 09       		.byte	0x9
 346 025b 6D020000 		.4byte	0x26d
 347 025f 07       		.uleb128 0x7
 348 0260 62030000 		.4byte	.LASF25
 349 0264 04       		.byte	0x4
 350 0265 66       		.byte	0x66
 351 0266 16       		.byte	0x16
 352 0267 44020000 		.4byte	0x244
 353 026b 00       		.byte	0
 354 026c 00       		.byte	0
 355 026d 04       		.uleb128 0x4
 356 026e 5A020000 		.4byte	.LASF43
 357 0272 04       		.byte	0x4
 358 0273 69       		.byte	0x69
 359 0274 03       		.byte	0x3
 360 0275 56020000 		.4byte	0x256
 361 0279 04       		.uleb128 0x4
 362 027a 78020000 		.4byte	.LASF44
 363 027e 06       		.byte	0x6
 364 027f 9D       		.byte	0x9d
 365 0280 12       		.byte	0x12
 366 0281 B7000000 		.4byte	0xb7
 367 0285 04       		.uleb128 0x4
 368 0286 02010000 		.4byte	.LASF45
 369 028a 06       		.byte	0x6
 370 028b A2       		.byte	0xa2
 371 028c 0F       		.byte	0xf
 372 028d 91020000 		.4byte	0x291
 373 0291 0B       		.uleb128 0xb
 374 0292 04       		.byte	0x4
 375 0293 06       		.uleb128 0x6
 376 0294 1A040000 		.4byte	.LASF46
 377 0298 24       		.byte	0x24
 378 0299 06       		.byte	0x6
 379 029a B9       		.byte	0xb9
 380 029b 08       		.byte	0x8
 381 029c 0F030000 		.4byte	0x30f
 382 02a0 08       		.uleb128 0x8
 383 02a1 723400   		.ascii	"r4\000"
 384 02a4 06       		.byte	0x6
 385 02a5 BA       		.byte	0xba
 386 02a6 11       		.byte	0x11
 387 02a7 85020000 		.4byte	0x285
 388 02ab 00       		.byte	0
 389 02ac 08       		.uleb128 0x8
 390 02ad 723500   		.ascii	"r5\000"
 391 02b0 06       		.byte	0x6
 392 02b1 BB       		.byte	0xbb
 393 02b2 11       		.byte	0x11
 394 02b3 85020000 		.4byte	0x285
 395 02b7 04       		.byte	0x4
 396 02b8 08       		.uleb128 0x8
 397 02b9 723600   		.ascii	"r6\000"
 398 02bc 06       		.byte	0x6
 399 02bd BC       		.byte	0xbc
ARM GAS  /var/folders/l5/0x54b2c10074c8bt31ycjvl80000gp/T//ccIGCy0s.s 			page 8


 400 02be 11       		.byte	0x11
 401 02bf 85020000 		.4byte	0x285
 402 02c3 08       		.byte	0x8
 403 02c4 08       		.uleb128 0x8
 404 02c5 723700   		.ascii	"r7\000"
 405 02c8 06       		.byte	0x6
 406 02c9 BD       		.byte	0xbd
 407 02ca 11       		.byte	0x11
 408 02cb 85020000 		.4byte	0x285
 409 02cf 0C       		.byte	0xc
 410 02d0 08       		.uleb128 0x8
 411 02d1 723800   		.ascii	"r8\000"
 412 02d4 06       		.byte	0x6
 413 02d5 BE       		.byte	0xbe
 414 02d6 11       		.byte	0x11
 415 02d7 85020000 		.4byte	0x285
 416 02db 10       		.byte	0x10
 417 02dc 08       		.uleb128 0x8
 418 02dd 723900   		.ascii	"r9\000"
 419 02e0 06       		.byte	0x6
 420 02e1 BF       		.byte	0xbf
 421 02e2 11       		.byte	0x11
 422 02e3 85020000 		.4byte	0x285
 423 02e7 14       		.byte	0x14
 424 02e8 08       		.uleb128 0x8
 425 02e9 72313000 		.ascii	"r10\000"
 426 02ed 06       		.byte	0x6
 427 02ee C0       		.byte	0xc0
 428 02ef 11       		.byte	0x11
 429 02f0 85020000 		.4byte	0x285
 430 02f4 18       		.byte	0x18
 431 02f5 08       		.uleb128 0x8
 432 02f6 72313100 		.ascii	"r11\000"
 433 02fa 06       		.byte	0x6
 434 02fb C1       		.byte	0xc1
 435 02fc 11       		.byte	0x11
 436 02fd 85020000 		.4byte	0x285
 437 0301 1C       		.byte	0x1c
 438 0302 08       		.uleb128 0x8
 439 0303 6C7200   		.ascii	"lr\000"
 440 0306 06       		.byte	0x6
 441 0307 C2       		.byte	0xc2
 442 0308 11       		.byte	0x11
 443 0309 85020000 		.4byte	0x285
 444 030d 20       		.byte	0x20
 445 030e 00       		.byte	0
 446 030f 06       		.uleb128 0x6
 447 0310 59010000 		.4byte	.LASF47
 448 0314 04       		.byte	0x4
 449 0315 06       		.byte	0x6
 450 0316 CA       		.byte	0xca
 451 0317 08       		.byte	0x8
 452 0318 2A030000 		.4byte	0x32a
 453 031c 08       		.uleb128 0x8
 454 031d 72313300 		.ascii	"r13\000"
 455 0321 06       		.byte	0x6
 456 0322 CB       		.byte	0xcb
ARM GAS  /var/folders/l5/0x54b2c10074c8bt31ycjvl80000gp/T//ccIGCy0s.s 			page 9


 457 0323 12       		.byte	0x12
 458 0324 2A030000 		.4byte	0x32a
 459 0328 00       		.byte	0
 460 0329 00       		.byte	0
 461 032a 0A       		.uleb128 0xa
 462 032b 04       		.byte	0x4
 463 032c 93020000 		.4byte	0x293
 464 0330 04       		.uleb128 0x4
 465 0331 43010000 		.4byte	.LASF48
 466 0335 07       		.byte	0x7
 467 0336 4E       		.byte	0x4e
 468 0337 10       		.byte	0x10
 469 0338 3C030000 		.4byte	0x33c
 470 033c 0A       		.uleb128 0xa
 471 033d 04       		.byte	0x4
 472 033e 42030000 		.4byte	0x342
 473 0342 0C       		.uleb128 0xc
 474 0343 4D030000 		.4byte	0x34d
 475 0347 0D       		.uleb128 0xd
 476 0348 91020000 		.4byte	0x291
 477 034c 00       		.byte	0
 478 034d 04       		.uleb128 0x4
 479 034e 4C010000 		.4byte	.LASF49
 480 0352 07       		.byte	0x7
 481 0353 53       		.byte	0x53
 482 0354 1D       		.byte	0x1d
 483 0355 59030000 		.4byte	0x359
 484 0359 06       		.uleb128 0x6
 485 035a 4C010000 		.4byte	.LASF49
 486 035e 14       		.byte	0x14
 487 035f 07       		.byte	0x7
 488 0360 5A       		.byte	0x5a
 489 0361 08       		.byte	0x8
 490 0362 A8030000 		.4byte	0x3a8
 491 0366 07       		.uleb128 0x7
 492 0367 20010000 		.4byte	.LASF50
 493 036b 07       		.byte	0x7
 494 036c 5B       		.byte	0x5b
 495 036d 1A       		.byte	0x1a
 496 036e A8030000 		.4byte	0x3a8
 497 0372 00       		.byte	0
 498 0373 07       		.uleb128 0x7
 499 0374 0B010000 		.4byte	.LASF51
 500 0378 07       		.byte	0x7
 501 0379 5D       		.byte	0x5d
 502 037a 1A       		.byte	0x1a
 503 037b A8030000 		.4byte	0x3a8
 504 037f 04       		.byte	0x4
 505 0380 07       		.uleb128 0x7
 506 0381 97020000 		.4byte	.LASF52
 507 0385 07       		.byte	0x7
 508 0386 5F       		.byte	0x5f
 509 0387 19       		.byte	0x19
 510 0388 0B010000 		.4byte	0x10b
 511 038c 08       		.byte	0x8
 512 038d 07       		.uleb128 0x7
 513 038e 9F020000 		.4byte	.LASF53
ARM GAS  /var/folders/l5/0x54b2c10074c8bt31ycjvl80000gp/T//ccIGCy0s.s 			page 10


 514 0392 07       		.byte	0x7
 515 0393 60       		.byte	0x60
 516 0394 19       		.byte	0x19
 517 0395 30030000 		.4byte	0x330
 518 0399 0C       		.byte	0xc
 519 039a 07       		.uleb128 0x7
 520 039b 2C040000 		.4byte	.LASF54
 521 039f 07       		.byte	0x7
 522 03a0 62       		.byte	0x62
 523 03a1 1A       		.byte	0x1a
 524 03a2 91020000 		.4byte	0x291
 525 03a6 10       		.byte	0x10
 526 03a7 00       		.byte	0
 527 03a8 0A       		.uleb128 0xa
 528 03a9 04       		.byte	0x4
 529 03aa 4D030000 		.4byte	0x34d
 530 03ae 09       		.uleb128 0x9
 531 03af 10       		.byte	0x10
 532 03b0 07       		.byte	0x7
 533 03b1 6C       		.byte	0x6c
 534 03b2 09       		.byte	0x9
 535 03b3 EC030000 		.4byte	0x3ec
 536 03b7 07       		.uleb128 0x7
 537 03b8 20010000 		.4byte	.LASF50
 538 03bc 07       		.byte	0x7
 539 03bd 6D       		.byte	0x6d
 540 03be 1A       		.byte	0x1a
 541 03bf A8030000 		.4byte	0x3a8
 542 03c3 00       		.byte	0
 543 03c4 07       		.uleb128 0x7
 544 03c5 0B010000 		.4byte	.LASF51
 545 03c9 07       		.byte	0x7
 546 03ca 6F       		.byte	0x6f
 547 03cb 1A       		.byte	0x1a
 548 03cc A8030000 		.4byte	0x3a8
 549 03d0 04       		.byte	0x4
 550 03d1 07       		.uleb128 0x7
 551 03d2 97020000 		.4byte	.LASF52
 552 03d6 07       		.byte	0x7
 553 03d7 71       		.byte	0x71
 554 03d8 19       		.byte	0x19
 555 03d9 0B010000 		.4byte	0x10b
 556 03dd 08       		.byte	0x8
 557 03de 07       		.uleb128 0x7
 558 03df 6B040000 		.4byte	.LASF55
 559 03e3 07       		.byte	0x7
 560 03e4 72       		.byte	0x72
 561 03e5 19       		.byte	0x19
 562 03e6 17010000 		.4byte	0x117
 563 03ea 0C       		.byte	0xc
 564 03eb 00       		.byte	0
 565 03ec 04       		.uleb128 0x4
 566 03ed C9040000 		.4byte	.LASF56
 567 03f1 07       		.byte	0x7
 568 03f2 73       		.byte	0x73
 569 03f3 03       		.byte	0x3
 570 03f4 AE030000 		.4byte	0x3ae
ARM GAS  /var/folders/l5/0x54b2c10074c8bt31ycjvl80000gp/T//ccIGCy0s.s 			page 11


 571 03f8 0E       		.uleb128 0xe
 572 03f9 24000000 		.4byte	.LASF64
 573 03fd 07       		.byte	0x7
 574 03fe D1       		.byte	0xd1
 575 03ff 0F       		.byte	0xf
 576 0400 EC030000 		.4byte	0x3ec
 577 0404 09       		.uleb128 0x9
 578 0405 1C       		.byte	0x1c
 579 0406 08       		.byte	0x8
 580 0407 57       		.byte	0x57
 581 0408 09       		.byte	0x9
 582 0409 5C040000 		.4byte	0x45c
 583 040d 07       		.uleb128 0x7
 584 040e B4030000 		.4byte	.LASF57
 585 0412 08       		.byte	0x8
 586 0413 58       		.byte	0x58
 587 0414 19       		.byte	0x19
 588 0415 4A020000 		.4byte	0x24a
 589 0419 00       		.byte	0
 590 041a 07       		.uleb128 0x7
 591 041b 54030000 		.4byte	.LASF58
 592 041f 08       		.byte	0x8
 593 0420 59       		.byte	0x59
 594 0421 19       		.byte	0x19
 595 0422 E7000000 		.4byte	0xe7
 596 0426 08       		.byte	0x8
 597 0427 07       		.uleb128 0x7
 598 0428 C7020000 		.4byte	.LASF59
 599 042c 08       		.byte	0x8
 600 042d 5B       		.byte	0x5b
 601 042e 19       		.byte	0x19
 602 042f 0F030000 		.4byte	0x30f
 603 0433 0C       		.byte	0xc
 604 0434 07       		.uleb128 0x7
 605 0435 7A010000 		.4byte	.LASF60
 606 0439 08       		.byte	0x8
 607 043a 5E       		.byte	0x5e
 608 043b 1A       		.byte	0x1a
 609 043c 44020000 		.4byte	0x244
 610 0440 10       		.byte	0x10
 611 0441 07       		.uleb128 0x7
 612 0442 EC020000 		.4byte	.LASF61
 613 0446 08       		.byte	0x8
 614 0447 5F       		.byte	0x5f
 615 0448 1A       		.byte	0x1a
 616 0449 44020000 		.4byte	0x244
 617 044d 14       		.byte	0x14
 618 044e 07       		.uleb128 0x7
 619 044f E2020000 		.4byte	.LASF62
 620 0453 08       		.byte	0x8
 621 0454 62       		.byte	0x62
 622 0455 1A       		.byte	0x1a
 623 0456 44020000 		.4byte	0x244
 624 045a 18       		.byte	0x18
 625 045b 00       		.byte	0
 626 045c 04       		.uleb128 0x4
 627 045d 45040000 		.4byte	.LASF63
ARM GAS  /var/folders/l5/0x54b2c10074c8bt31ycjvl80000gp/T//ccIGCy0s.s 			page 12


 628 0461 08       		.byte	0x8
 629 0462 64       		.byte	0x64
 630 0463 03       		.byte	0x3
 631 0464 04040000 		.4byte	0x404
 632 0468 0E       		.uleb128 0xe
 633 0469 4F040000 		.4byte	.LASF65
 634 046d 08       		.byte	0x8
 635 046e 68       		.byte	0x68
 636 046f 12       		.byte	0x12
 637 0470 5C040000 		.4byte	0x45c
 638 0474 06       		.uleb128 0x6
 639 0475 72020000 		.4byte	.LASF66
 640 0479 10       		.byte	0x10
 641 047a 09       		.byte	0x9
 642 047b 25       		.byte	0x25
 643 047c 10       		.byte	0x10
 644 047d A9040000 		.4byte	0x4a9
 645 0481 07       		.uleb128 0x7
 646 0482 A4000000 		.4byte	.LASF67
 647 0486 09       		.byte	0x9
 648 0487 26       		.byte	0x26
 649 0488 19       		.byte	0x19
 650 0489 4A020000 		.4byte	0x24a
 651 048d 00       		.byte	0
 652 048e 07       		.uleb128 0x7
 653 048f D0040000 		.4byte	.LASF68
 654 0493 09       		.byte	0x9
 655 0494 28       		.byte	0x28
 656 0495 1A       		.byte	0x1a
 657 0496 44020000 		.4byte	0x244
 658 049a 08       		.byte	0x8
 659 049b 07       		.uleb128 0x7
 660 049c ED030000 		.4byte	.LASF69
 661 04a0 09       		.byte	0x9
 662 04a1 2A       		.byte	0x2a
 663 04a2 1A       		.byte	0x1a
 664 04a3 A9040000 		.4byte	0x4a9
 665 04a7 0C       		.byte	0xc
 666 04a8 00       		.byte	0
 667 04a9 0A       		.uleb128 0xa
 668 04aa 04       		.byte	0x4
 669 04ab 74040000 		.4byte	0x474
 670 04af 04       		.uleb128 0x4
 671 04b0 72020000 		.4byte	.LASF66
 672 04b4 09       		.byte	0x9
 673 04b5 2C       		.byte	0x2c
 674 04b6 03       		.byte	0x3
 675 04b7 74040000 		.4byte	0x474
 676 04bb 0F       		.uleb128 0xf
 677 04bc 04       		.byte	0x4
 678 04bd 05       		.byte	0x5
 679 04be 8F       		.byte	0x8f
 680 04bf 03       		.byte	0x3
 681 04c0 F5040000 		.4byte	0x4f5
 682 04c4 10       		.uleb128 0x10
 683 04c5 13000000 		.4byte	.LASF70
 684 04c9 05       		.byte	0x5
ARM GAS  /var/folders/l5/0x54b2c10074c8bt31ycjvl80000gp/T//ccIGCy0s.s 			page 13


 685 04ca 96       		.byte	0x96
 686 04cb 19       		.byte	0x19
 687 04cc F3000000 		.4byte	0xf3
 688 04d0 10       		.uleb128 0x10
 689 04d1 50000000 		.4byte	.LASF71
 690 04d5 05       		.byte	0x5
 691 04d6 9D       		.byte	0x9d
 692 04d7 19       		.byte	0x19
 693 04d8 F3000000 		.4byte	0xf3
 694 04dc 10       		.uleb128 0x10
 695 04dd 5D040000 		.4byte	.LASF72
 696 04e1 05       		.byte	0x5
 697 04e2 A4       		.byte	0xa4
 698 04e3 1A       		.byte	0x1a
 699 04e4 91020000 		.4byte	0x291
 700 04e8 10       		.uleb128 0x10
 701 04e9 5B030000 		.4byte	.LASF73
 702 04ed 05       		.byte	0x5
 703 04ee AB       		.byte	0xab
 704 04ef 19       		.byte	0x19
 705 04f0 FF000000 		.4byte	0xff
 706 04f4 00       		.byte	0
 707 04f5 0A       		.uleb128 0xa
 708 04f6 04       		.byte	0x4
 709 04f7 02050000 		.4byte	0x502
 710 04fb 03       		.uleb128 0x3
 711 04fc 01       		.byte	0x1
 712 04fd 08       		.byte	0x8
 713 04fe DD030000 		.4byte	.LASF74
 714 0502 11       		.uleb128 0x11
 715 0503 FB040000 		.4byte	0x4fb
 716 0507 0A       		.uleb128 0xa
 717 0508 04       		.byte	0x4
 718 0509 AF040000 		.4byte	0x4af
 719 050d 09       		.uleb128 0x9
 720 050e 16       		.byte	0x16
 721 050f 0A       		.byte	0xa
 722 0510 25       		.byte	0x25
 723 0511 09       		.byte	0x9
 724 0512 01060000 		.4byte	0x601
 725 0516 07       		.uleb128 0x7
 726 0517 AC000000 		.4byte	.LASF75
 727 051b 0A       		.byte	0xa
 728 051c 26       		.byte	0x26
 729 051d 0D       		.byte	0xd
 730 051e 01060000 		.4byte	0x601
 731 0522 00       		.byte	0
 732 0523 07       		.uleb128 0x7
 733 0524 83020000 		.4byte	.LASF76
 734 0528 0A       		.byte	0xa
 735 0529 27       		.byte	0x27
 736 052a 0D       		.byte	0xd
 737 052b 93000000 		.4byte	0x93
 738 052f 04       		.byte	0x4
 739 0530 07       		.uleb128 0x7
 740 0531 DA020000 		.4byte	.LASF77
 741 0535 0A       		.byte	0xa
ARM GAS  /var/folders/l5/0x54b2c10074c8bt31ycjvl80000gp/T//ccIGCy0s.s 			page 14


 742 0536 28       		.byte	0x28
 743 0537 0D       		.byte	0xd
 744 0538 93000000 		.4byte	0x93
 745 053c 05       		.byte	0x5
 746 053d 07       		.uleb128 0x7
 747 053e 76040000 		.4byte	.LASF78
 748 0542 0A       		.byte	0xa
 749 0543 29       		.byte	0x29
 750 0544 0D       		.byte	0xd
 751 0545 9F000000 		.4byte	0x9f
 752 0549 06       		.byte	0x6
 753 054a 07       		.uleb128 0x7
 754 054b FC020000 		.4byte	.LASF79
 755 054f 0A       		.byte	0xa
 756 0550 2A       		.byte	0x2a
 757 0551 0D       		.byte	0xd
 758 0552 93000000 		.4byte	0x93
 759 0556 08       		.byte	0x8
 760 0557 07       		.uleb128 0x7
 761 0558 A7020000 		.4byte	.LASF80
 762 055c 0A       		.byte	0xa
 763 055d 2B       		.byte	0x2b
 764 055e 0D       		.byte	0xd
 765 055f 93000000 		.4byte	0x93
 766 0563 09       		.byte	0x9
 767 0564 07       		.uleb128 0x7
 768 0565 42000000 		.4byte	.LASF81
 769 0569 0A       		.byte	0xa
 770 056a 2C       		.byte	0x2c
 771 056b 0D       		.byte	0xd
 772 056c 93000000 		.4byte	0x93
 773 0570 0A       		.byte	0xa
 774 0571 07       		.uleb128 0x7
 775 0572 A8030000 		.4byte	.LASF82
 776 0576 0A       		.byte	0xa
 777 0577 2D       		.byte	0x2d
 778 0578 0D       		.byte	0xd
 779 0579 93000000 		.4byte	0x93
 780 057d 0B       		.byte	0xb
 781 057e 07       		.uleb128 0x7
 782 057f 33040000 		.4byte	.LASF83
 783 0583 0A       		.byte	0xa
 784 0584 2E       		.byte	0x2e
 785 0585 0D       		.byte	0xd
 786 0586 93000000 		.4byte	0x93
 787 058a 0C       		.byte	0xc
 788 058b 07       		.uleb128 0x7
 789 058c 87030000 		.4byte	.LASF84
 790 0590 0A       		.byte	0xa
 791 0591 2F       		.byte	0x2f
 792 0592 0D       		.byte	0xd
 793 0593 93000000 		.4byte	0x93
 794 0597 0D       		.byte	0xd
 795 0598 07       		.uleb128 0x7
 796 0599 00000000 		.4byte	.LASF85
 797 059d 0A       		.byte	0xa
 798 059e 30       		.byte	0x30
ARM GAS  /var/folders/l5/0x54b2c10074c8bt31ycjvl80000gp/T//ccIGCy0s.s 			page 15


 799 059f 0D       		.byte	0xd
 800 05a0 93000000 		.4byte	0x93
 801 05a4 0E       		.byte	0xe
 802 05a5 07       		.uleb128 0x7
 803 05a6 B3020000 		.4byte	.LASF86
 804 05aa 0A       		.byte	0xa
 805 05ab 31       		.byte	0x31
 806 05ac 0D       		.byte	0xd
 807 05ad 93000000 		.4byte	0x93
 808 05b1 0F       		.byte	0xf
 809 05b2 07       		.uleb128 0x7
 810 05b3 87000000 		.4byte	.LASF87
 811 05b7 0A       		.byte	0xa
 812 05b8 32       		.byte	0x32
 813 05b9 0D       		.byte	0xd
 814 05ba 93000000 		.4byte	0x93
 815 05be 10       		.byte	0x10
 816 05bf 07       		.uleb128 0x7
 817 05c0 60000000 		.4byte	.LASF88
 818 05c4 0A       		.byte	0xa
 819 05c5 34       		.byte	0x34
 820 05c6 0D       		.byte	0xd
 821 05c7 93000000 		.4byte	0x93
 822 05cb 11       		.byte	0x11
 823 05cc 07       		.uleb128 0x7
 824 05cd 97000000 		.4byte	.LASF89
 825 05d1 0A       		.byte	0xa
 826 05d2 35       		.byte	0x35
 827 05d3 0D       		.byte	0xd
 828 05d4 93000000 		.4byte	0x93
 829 05d8 12       		.byte	0x12
 830 05d9 07       		.uleb128 0x7
 831 05da 8B020000 		.4byte	.LASF90
 832 05de 0A       		.byte	0xa
 833 05df 36       		.byte	0x36
 834 05e0 0D       		.byte	0xd
 835 05e1 93000000 		.4byte	0x93
 836 05e5 13       		.byte	0x13
 837 05e6 07       		.uleb128 0x7
 838 05e7 69030000 		.4byte	.LASF91
 839 05eb 0A       		.byte	0xa
 840 05ec 37       		.byte	0x37
 841 05ed 0D       		.byte	0xd
 842 05ee 93000000 		.4byte	0x93
 843 05f2 14       		.byte	0x14
 844 05f3 07       		.uleb128 0x7
 845 05f4 48030000 		.4byte	.LASF92
 846 05f8 0A       		.byte	0xa
 847 05f9 39       		.byte	0x39
 848 05fa 0D       		.byte	0xd
 849 05fb 93000000 		.4byte	0x93
 850 05ff 15       		.byte	0x15
 851 0600 00       		.byte	0
 852 0601 12       		.uleb128 0x12
 853 0602 FB040000 		.4byte	0x4fb
 854 0606 11060000 		.4byte	0x611
 855 060a 13       		.uleb128 0x13
ARM GAS  /var/folders/l5/0x54b2c10074c8bt31ycjvl80000gp/T//ccIGCy0s.s 			page 16


 856 060b 24000000 		.4byte	0x24
 857 060f 03       		.byte	0x3
 858 0610 00       		.byte	0
 859 0611 04       		.uleb128 0x4
 860 0612 D5000000 		.4byte	.LASF93
 861 0616 0A       		.byte	0xa
 862 0617 3A       		.byte	0x3a
 863 0618 03       		.byte	0x3
 864 0619 0D050000 		.4byte	0x50d
 865 061d 11       		.uleb128 0x11
 866 061e 11060000 		.4byte	0x611
 867 0622 0E       		.uleb128 0xe
 868 0623 3A010000 		.4byte	.LASF94
 869 0627 0A       		.byte	0xa
 870 0628 77       		.byte	0x77
 871 0629 1D       		.byte	0x1d
 872 062a 1D060000 		.4byte	0x61d
 873 062e 12       		.uleb128 0x12
 874 062f 79020000 		.4byte	0x279
 875 0633 3E060000 		.4byte	0x63e
 876 0637 13       		.uleb128 0x13
 877 0638 24000000 		.4byte	0x24
 878 063c 26       		.byte	0x26
 879 063d 00       		.byte	0
 880 063e 0E       		.uleb128 0xe
 881 063f E7000000 		.4byte	.LASF95
 882 0643 0B       		.byte	0xb
 883 0644 82       		.byte	0x82
 884 0645 08       		.byte	0x8
 885 0646 2E060000 		.4byte	0x62e
 886 064a 00       		.byte	0
 887              		.section	.debug_abbrev,"",%progbits
 888              	.Ldebug_abbrev0:
 889 0000 01       		.uleb128 0x1
 890 0001 11       		.uleb128 0x11
 891 0002 01       		.byte	0x1
 892 0003 25       		.uleb128 0x25
 893 0004 0E       		.uleb128 0xe
 894 0005 13       		.uleb128 0x13
 895 0006 0B       		.uleb128 0xb
 896 0007 03       		.uleb128 0x3
 897 0008 0E       		.uleb128 0xe
 898 0009 1B       		.uleb128 0x1b
 899 000a 0E       		.uleb128 0xe
 900 000b 10       		.uleb128 0x10
 901 000c 17       		.uleb128 0x17
 902 000d 00       		.byte	0
 903 000e 00       		.byte	0
 904 000f 02       		.uleb128 0x2
 905 0010 24       		.uleb128 0x24
 906 0011 00       		.byte	0
 907 0012 0B       		.uleb128 0xb
 908 0013 0B       		.uleb128 0xb
 909 0014 3E       		.uleb128 0x3e
 910 0015 0B       		.uleb128 0xb
 911 0016 03       		.uleb128 0x3
 912 0017 08       		.uleb128 0x8
ARM GAS  /var/folders/l5/0x54b2c10074c8bt31ycjvl80000gp/T//ccIGCy0s.s 			page 17


 913 0018 00       		.byte	0
 914 0019 00       		.byte	0
 915 001a 03       		.uleb128 0x3
 916 001b 24       		.uleb128 0x24
 917 001c 00       		.byte	0
 918 001d 0B       		.uleb128 0xb
 919 001e 0B       		.uleb128 0xb
 920 001f 3E       		.uleb128 0x3e
 921 0020 0B       		.uleb128 0xb
 922 0021 03       		.uleb128 0x3
 923 0022 0E       		.uleb128 0xe
 924 0023 00       		.byte	0
 925 0024 00       		.byte	0
 926 0025 04       		.uleb128 0x4
 927 0026 16       		.uleb128 0x16
 928 0027 00       		.byte	0
 929 0028 03       		.uleb128 0x3
 930 0029 0E       		.uleb128 0xe
 931 002a 3A       		.uleb128 0x3a
 932 002b 0B       		.uleb128 0xb
 933 002c 3B       		.uleb128 0x3b
 934 002d 0B       		.uleb128 0xb
 935 002e 39       		.uleb128 0x39
 936 002f 0B       		.uleb128 0xb
 937 0030 49       		.uleb128 0x49
 938 0031 13       		.uleb128 0x13
 939 0032 00       		.byte	0
 940 0033 00       		.byte	0
 941 0034 05       		.uleb128 0x5
 942 0035 35       		.uleb128 0x35
 943 0036 00       		.byte	0
 944 0037 49       		.uleb128 0x49
 945 0038 13       		.uleb128 0x13
 946 0039 00       		.byte	0
 947 003a 00       		.byte	0
 948 003b 06       		.uleb128 0x6
 949 003c 13       		.uleb128 0x13
 950 003d 01       		.byte	0x1
 951 003e 03       		.uleb128 0x3
 952 003f 0E       		.uleb128 0xe
 953 0040 0B       		.uleb128 0xb
 954 0041 0B       		.uleb128 0xb
 955 0042 3A       		.uleb128 0x3a
 956 0043 0B       		.uleb128 0xb
 957 0044 3B       		.uleb128 0x3b
 958 0045 0B       		.uleb128 0xb
 959 0046 39       		.uleb128 0x39
 960 0047 0B       		.uleb128 0xb
 961 0048 01       		.uleb128 0x1
 962 0049 13       		.uleb128 0x13
 963 004a 00       		.byte	0
 964 004b 00       		.byte	0
 965 004c 07       		.uleb128 0x7
 966 004d 0D       		.uleb128 0xd
 967 004e 00       		.byte	0
 968 004f 03       		.uleb128 0x3
 969 0050 0E       		.uleb128 0xe
ARM GAS  /var/folders/l5/0x54b2c10074c8bt31ycjvl80000gp/T//ccIGCy0s.s 			page 18


 970 0051 3A       		.uleb128 0x3a
 971 0052 0B       		.uleb128 0xb
 972 0053 3B       		.uleb128 0x3b
 973 0054 0B       		.uleb128 0xb
 974 0055 39       		.uleb128 0x39
 975 0056 0B       		.uleb128 0xb
 976 0057 49       		.uleb128 0x49
 977 0058 13       		.uleb128 0x13
 978 0059 38       		.uleb128 0x38
 979 005a 0B       		.uleb128 0xb
 980 005b 00       		.byte	0
 981 005c 00       		.byte	0
 982 005d 08       		.uleb128 0x8
 983 005e 0D       		.uleb128 0xd
 984 005f 00       		.byte	0
 985 0060 03       		.uleb128 0x3
 986 0061 08       		.uleb128 0x8
 987 0062 3A       		.uleb128 0x3a
 988 0063 0B       		.uleb128 0xb
 989 0064 3B       		.uleb128 0x3b
 990 0065 0B       		.uleb128 0xb
 991 0066 39       		.uleb128 0x39
 992 0067 0B       		.uleb128 0xb
 993 0068 49       		.uleb128 0x49
 994 0069 13       		.uleb128 0x13
 995 006a 38       		.uleb128 0x38
 996 006b 0B       		.uleb128 0xb
 997 006c 00       		.byte	0
 998 006d 00       		.byte	0
 999 006e 09       		.uleb128 0x9
 1000 006f 13       		.uleb128 0x13
 1001 0070 01       		.byte	0x1
 1002 0071 0B       		.uleb128 0xb
 1003 0072 0B       		.uleb128 0xb
 1004 0073 3A       		.uleb128 0x3a
 1005 0074 0B       		.uleb128 0xb
 1006 0075 3B       		.uleb128 0x3b
 1007 0076 0B       		.uleb128 0xb
 1008 0077 39       		.uleb128 0x39
 1009 0078 0B       		.uleb128 0xb
 1010 0079 01       		.uleb128 0x1
 1011 007a 13       		.uleb128 0x13
 1012 007b 00       		.byte	0
 1013 007c 00       		.byte	0
 1014 007d 0A       		.uleb128 0xa
 1015 007e 0F       		.uleb128 0xf
 1016 007f 00       		.byte	0
 1017 0080 0B       		.uleb128 0xb
 1018 0081 0B       		.uleb128 0xb
 1019 0082 49       		.uleb128 0x49
 1020 0083 13       		.uleb128 0x13
 1021 0084 00       		.byte	0
 1022 0085 00       		.byte	0
 1023 0086 0B       		.uleb128 0xb
 1024 0087 0F       		.uleb128 0xf
 1025 0088 00       		.byte	0
 1026 0089 0B       		.uleb128 0xb
ARM GAS  /var/folders/l5/0x54b2c10074c8bt31ycjvl80000gp/T//ccIGCy0s.s 			page 19


 1027 008a 0B       		.uleb128 0xb
 1028 008b 00       		.byte	0
 1029 008c 00       		.byte	0
 1030 008d 0C       		.uleb128 0xc
 1031 008e 15       		.uleb128 0x15
 1032 008f 01       		.byte	0x1
 1033 0090 27       		.uleb128 0x27
 1034 0091 19       		.uleb128 0x19
 1035 0092 01       		.uleb128 0x1
 1036 0093 13       		.uleb128 0x13
 1037 0094 00       		.byte	0
 1038 0095 00       		.byte	0
 1039 0096 0D       		.uleb128 0xd
 1040 0097 05       		.uleb128 0x5
 1041 0098 00       		.byte	0
 1042 0099 49       		.uleb128 0x49
 1043 009a 13       		.uleb128 0x13
 1044 009b 00       		.byte	0
 1045 009c 00       		.byte	0
 1046 009d 0E       		.uleb128 0xe
 1047 009e 34       		.uleb128 0x34
 1048 009f 00       		.byte	0
 1049 00a0 03       		.uleb128 0x3
 1050 00a1 0E       		.uleb128 0xe
 1051 00a2 3A       		.uleb128 0x3a
 1052 00a3 0B       		.uleb128 0xb
 1053 00a4 3B       		.uleb128 0x3b
 1054 00a5 0B       		.uleb128 0xb
 1055 00a6 39       		.uleb128 0x39
 1056 00a7 0B       		.uleb128 0xb
 1057 00a8 49       		.uleb128 0x49
 1058 00a9 13       		.uleb128 0x13
 1059 00aa 3F       		.uleb128 0x3f
 1060 00ab 19       		.uleb128 0x19
 1061 00ac 3C       		.uleb128 0x3c
 1062 00ad 19       		.uleb128 0x19
 1063 00ae 00       		.byte	0
 1064 00af 00       		.byte	0
 1065 00b0 0F       		.uleb128 0xf
 1066 00b1 17       		.uleb128 0x17
 1067 00b2 01       		.byte	0x1
 1068 00b3 0B       		.uleb128 0xb
 1069 00b4 0B       		.uleb128 0xb
 1070 00b5 3A       		.uleb128 0x3a
 1071 00b6 0B       		.uleb128 0xb
 1072 00b7 3B       		.uleb128 0x3b
 1073 00b8 0B       		.uleb128 0xb
 1074 00b9 39       		.uleb128 0x39
 1075 00ba 0B       		.uleb128 0xb
 1076 00bb 01       		.uleb128 0x1
 1077 00bc 13       		.uleb128 0x13
 1078 00bd 00       		.byte	0
 1079 00be 00       		.byte	0
 1080 00bf 10       		.uleb128 0x10
 1081 00c0 0D       		.uleb128 0xd
 1082 00c1 00       		.byte	0
 1083 00c2 03       		.uleb128 0x3
ARM GAS  /var/folders/l5/0x54b2c10074c8bt31ycjvl80000gp/T//ccIGCy0s.s 			page 20


 1084 00c3 0E       		.uleb128 0xe
 1085 00c4 3A       		.uleb128 0x3a
 1086 00c5 0B       		.uleb128 0xb
 1087 00c6 3B       		.uleb128 0x3b
 1088 00c7 0B       		.uleb128 0xb
 1089 00c8 39       		.uleb128 0x39
 1090 00c9 0B       		.uleb128 0xb
 1091 00ca 49       		.uleb128 0x49
 1092 00cb 13       		.uleb128 0x13
 1093 00cc 00       		.byte	0
 1094 00cd 00       		.byte	0
 1095 00ce 11       		.uleb128 0x11
 1096 00cf 26       		.uleb128 0x26
 1097 00d0 00       		.byte	0
 1098 00d1 49       		.uleb128 0x49
 1099 00d2 13       		.uleb128 0x13
 1100 00d3 00       		.byte	0
 1101 00d4 00       		.byte	0
 1102 00d5 12       		.uleb128 0x12
 1103 00d6 01       		.uleb128 0x1
 1104 00d7 01       		.byte	0x1
 1105 00d8 49       		.uleb128 0x49
 1106 00d9 13       		.uleb128 0x13
 1107 00da 01       		.uleb128 0x1
 1108 00db 13       		.uleb128 0x13
 1109 00dc 00       		.byte	0
 1110 00dd 00       		.byte	0
 1111 00de 13       		.uleb128 0x13
 1112 00df 21       		.uleb128 0x21
 1113 00e0 00       		.byte	0
 1114 00e1 49       		.uleb128 0x49
 1115 00e2 13       		.uleb128 0x13
 1116 00e3 2F       		.uleb128 0x2f
 1117 00e4 0B       		.uleb128 0xb
 1118 00e5 00       		.byte	0
 1119 00e6 00       		.byte	0
 1120 00e7 00       		.byte	0
 1121              		.section	.debug_aranges,"",%progbits
 1122 0000 14000000 		.4byte	0x14
 1123 0004 0200     		.2byte	0x2
 1124 0006 00000000 		.4byte	.Ldebug_info0
 1125 000a 04       		.byte	0x4
 1126 000b 00       		.byte	0
 1127 000c 0000     		.2byte	0
 1128 000e 0000     		.2byte	0
 1129 0010 00000000 		.4byte	0
 1130 0014 00000000 		.4byte	0
 1131              		.section	.debug_line,"",%progbits
 1132              	.Ldebug_line0:
 1133 0000 6D010000 		.section	.debug_str,"MS",%progbits,1
 1133      03006701 
 1133      00000201 
 1133      FB0E0D00 
 1133      01010101 
 1134              	.LASF85:
 1135 0000 63665F6F 		.ascii	"cf_off_older\000"
 1135      66665F6F 
ARM GAS  /var/folders/l5/0x54b2c10074c8bt31ycjvl80000gp/T//ccIGCy0s.s 			page 21


 1135      6C646572 
 1135      00
 1136              	.LASF38:
 1137 000d 705F6D73 		.ascii	"p_msg\000"
 1137      6700
 1138              	.LASF70:
 1139 0013 7264796D 		.ascii	"rdymsg\000"
 1139      736700
 1140              	.LASF4:
 1141 001a 5F5F7569 		.ascii	"__uint8_t\000"
 1141      6E74385F 
 1141      7400
 1142              	.LASF64:
 1143 0024 76746C69 		.ascii	"vtlist\000"
 1143      737400
 1144              	.LASF12:
 1145 002b 6C6F6E67 		.ascii	"long long unsigned int\000"
 1145      206C6F6E 
 1145      6720756E 
 1145      7369676E 
 1145      65642069 
 1146              	.LASF81:
 1147 0042 63685F74 		.ascii	"ch_threadsize\000"
 1147      68726561 
 1147      6473697A 
 1147      6500
 1148              	.LASF71:
 1149 0050 65786974 		.ascii	"exitcode\000"
 1149      636F6465 
 1149      00
 1150              	.LASF27:
 1151 0059 705F7072 		.ascii	"p_prio\000"
 1151      696F00
 1152              	.LASF88:
 1153 0060 63665F6F 		.ascii	"cf_off_state\000"
 1153      66665F73 
 1153      74617465 
 1153      00
 1154              	.LASF11:
 1155 006d 6C6F6E67 		.ascii	"long long int\000"
 1155      206C6F6E 
 1155      6720696E 
 1155      7400
 1156              	.LASF1:
 1157 007b 7369676E 		.ascii	"signed char\000"
 1157      65642063 
 1157      68617200 
 1158              	.LASF87:
 1159 0087 63665F6F 		.ascii	"cf_off_stklimit\000"
 1159      66665F73 
 1159      746B6C69 
 1159      6D697400 
 1160              	.LASF89:
 1161 0097 63665F6F 		.ascii	"cf_off_flags\000"
 1161      66665F66 
 1161      6C616773 
 1161      00
ARM GAS  /var/folders/l5/0x54b2c10074c8bt31ycjvl80000gp/T//ccIGCy0s.s 			page 22


 1162              	.LASF67:
 1163 00a4 6D5F7175 		.ascii	"m_queue\000"
 1163      65756500 
 1164              	.LASF75:
 1165 00ac 63685F69 		.ascii	"ch_identifier\000"
 1165      64656E74 
 1165      69666965 
 1165      7200
 1166              	.LASF8:
 1167 00ba 6C6F6E67 		.ascii	"long int\000"
 1167      20696E74 
 1167      00
 1168              	.LASF18:
 1169 00c3 74737461 		.ascii	"tstate_t\000"
 1169      74655F74 
 1169      00
 1170              	.LASF14:
 1171 00cc 75696E74 		.ascii	"uint16_t\000"
 1171      31365F74 
 1171      00
 1172              	.LASF93:
 1173 00d5 63686465 		.ascii	"chdebug_t\000"
 1173      6275675F 
 1173      7400
 1174              	.LASF29:
 1175 00df 705F6E65 		.ascii	"p_newer\000"
 1175      77657200 
 1176              	.LASF95:
 1177 00e7 5F69646C 		.ascii	"_idle_thread_wa\000"
 1177      655F7468 
 1177      72656164 
 1177      5F776100 
 1178              	.LASF9:
 1179 00f7 5F5F7569 		.ascii	"__uint32_t\000"
 1179      6E743332 
 1179      5F7400
 1180              	.LASF45:
 1181 0102 72656761 		.ascii	"regarm_t\000"
 1181      726D5F74 
 1181      00
 1182              	.LASF51:
 1183 010b 76745F70 		.ascii	"vt_prev\000"
 1183      72657600 
 1184              	.LASF0:
 1185 0113 756E7369 		.ascii	"unsigned int\000"
 1185      676E6564 
 1185      20696E74 
 1185      00
 1186              	.LASF50:
 1187 0120 76745F6E 		.ascii	"vt_next\000"
 1187      65787400 
 1188              	.LASF10:
 1189 0128 6C6F6E67 		.ascii	"long unsigned int\000"
 1189      20756E73 
 1189      69676E65 
 1189      6420696E 
 1189      7400
ARM GAS  /var/folders/l5/0x54b2c10074c8bt31ycjvl80000gp/T//ccIGCy0s.s 			page 23


 1190              	.LASF94:
 1191 013a 63685F64 		.ascii	"ch_debug\000"
 1191      65627567 
 1191      00
 1192              	.LASF48:
 1193 0143 76746675 		.ascii	"vtfunc_t\000"
 1193      6E635F74 
 1193      00
 1194              	.LASF49:
 1195 014c 56697274 		.ascii	"VirtualTimer\000"
 1195      75616C54 
 1195      696D6572 
 1195      00
 1196              	.LASF47:
 1197 0159 636F6E74 		.ascii	"context\000"
 1197      65787400 
 1198              	.LASF6:
 1199 0161 73686F72 		.ascii	"short unsigned int\000"
 1199      7420756E 
 1199      7369676E 
 1199      65642069 
 1199      6E7400
 1200              	.LASF21:
 1201 0174 6D73675F 		.ascii	"msg_t\000"
 1201      7400
 1202              	.LASF60:
 1203 017a 725F6E65 		.ascii	"r_newer\000"
 1203      77657200 
 1204              	.LASF96:
 1205 0182 474E5520 		.ascii	"GNU C17 8.3.1 20190703 (release) [gcc-8-branch revi"
 1205      43313720 
 1205      382E332E 
 1205      31203230 
 1205      31393037 
 1206 01b5 73696F6E 		.ascii	"sion 273027] -mcpu=arm1176jz-s -mno-thumb-interwork"
 1206      20323733 
 1206      3032375D 
 1206      202D6D63 
 1206      70753D61 
 1207 01e8 202D6D66 		.ascii	" -mfloat-abi=soft -marm -march=armv6kz -ggdb -O2 -f"
 1207      6C6F6174 
 1207      2D616269 
 1207      3D736F66 
 1207      74202D6D 
 1208 021b 6F6D6974 		.ascii	"omit-frame-pointer -ffunction-sections -fdata-secti"
 1208      2D667261 
 1208      6D652D70 
 1208      6F696E74 
 1208      6572202D 
 1209 024e 6F6E7300 		.ascii	"ons\000"
 1210              	.LASF17:
 1211 0252 746D6F64 		.ascii	"tmode_t\000"
 1211      655F7400 
 1212              	.LASF43:
 1213 025a 54687265 		.ascii	"ThreadsList\000"
 1213      6164734C 
 1213      69737400 
ARM GAS  /var/folders/l5/0x54b2c10074c8bt31ycjvl80000gp/T//ccIGCy0s.s 			page 24


 1214              	.LASF22:
 1215 0266 6576656E 		.ascii	"eventmask_t\000"
 1215      746D6173 
 1215      6B5F7400 
 1216              	.LASF66:
 1217 0272 4D757465 		.ascii	"Mutex\000"
 1217      7800
 1218              	.LASF44:
 1219 0278 73746B61 		.ascii	"stkalign_t\000"
 1219      6C69676E 
 1219      5F7400
 1220              	.LASF76:
 1221 0283 63685F7A 		.ascii	"ch_zero\000"
 1221      65726F00 
 1222              	.LASF90:
 1223 028b 63665F6F 		.ascii	"cf_off_refs\000"
 1223      66665F72 
 1223      65667300 
 1224              	.LASF52:
 1225 0297 76745F74 		.ascii	"vt_time\000"
 1225      696D6500 
 1226              	.LASF53:
 1227 029f 76745F66 		.ascii	"vt_func\000"
 1227      756E6300 
 1228              	.LASF80:
 1229 02a7 63685F74 		.ascii	"ch_timesize\000"
 1229      696D6573 
 1229      697A6500 
 1230              	.LASF86:
 1231 02b3 63665F6F 		.ascii	"cf_off_name\000"
 1231      66665F6E 
 1231      616D6500 
 1232              	.LASF30:
 1233 02bf 705F6F6C 		.ascii	"p_older\000"
 1233      64657200 
 1234              	.LASF59:
 1235 02c7 725F6374 		.ascii	"r_ctx\000"
 1235      7800
 1236              	.LASF42:
 1237 02cd 54687265 		.ascii	"ThreadsQueue\000"
 1237      61647351 
 1237      75657565 
 1237      00
 1238              	.LASF77:
 1239 02da 63685F73 		.ascii	"ch_size\000"
 1239      697A6500 
 1240              	.LASF62:
 1241 02e2 725F6375 		.ascii	"r_current\000"
 1241      7272656E 
 1241      7400
 1242              	.LASF61:
 1243 02ec 725F6F6C 		.ascii	"r_older\000"
 1243      64657200 
 1244              	.LASF19:
 1245 02f4 74726566 		.ascii	"trefs_t\000"
 1245      735F7400 
 1246              	.LASF79:
ARM GAS  /var/folders/l5/0x54b2c10074c8bt31ycjvl80000gp/T//ccIGCy0s.s 			page 25


 1247 02fc 63685F70 		.ascii	"ch_ptrsize\000"
 1247      74727369 
 1247      7A6500
 1248              	.LASF26:
 1249 0307 705F7072 		.ascii	"p_prev\000"
 1249      657600
 1250              	.LASF20:
 1251 030e 74707269 		.ascii	"tprio_t\000"
 1251      6F5F7400 
 1252              	.LASF15:
 1253 0316 696E7433 		.ascii	"int32_t\000"
 1253      325F7400 
 1254              	.LASF2:
 1255 031e 756E7369 		.ascii	"unsigned char\000"
 1255      676E6564 
 1255      20636861 
 1255      7200
 1256              	.LASF40:
 1257 032c 705F6D74 		.ascii	"p_mtxlist\000"
 1257      786C6973 
 1257      7400
 1258              	.LASF3:
 1259 0336 73686F72 		.ascii	"short int\000"
 1259      7420696E 
 1259      7400
 1260              	.LASF32:
 1261 0340 705F7374 		.ascii	"p_state\000"
 1261      61746500 
 1262              	.LASF92:
 1263 0348 63665F6F 		.ascii	"cf_off_time\000"
 1263      66665F74 
 1263      696D6500 
 1264              	.LASF58:
 1265 0354 725F7072 		.ascii	"r_prio\000"
 1265      696F00
 1266              	.LASF73:
 1267 035b 65776D61 		.ascii	"ewmask\000"
 1267      736B00
 1268              	.LASF25:
 1269 0362 705F6E65 		.ascii	"p_next\000"
 1269      787400
 1270              	.LASF91:
 1271 0369 63665F6F 		.ascii	"cf_off_preempt\000"
 1271      66665F70 
 1271      7265656D 
 1271      707400
 1272              	.LASF33:
 1273 0378 705F666C 		.ascii	"p_flags\000"
 1273      61677300 
 1274              	.LASF24:
 1275 0380 54687265 		.ascii	"Thread\000"
 1275      616400
 1276              	.LASF84:
 1277 0387 63665F6F 		.ascii	"cf_off_newer\000"
 1277      66665F6E 
 1277      65776572 
 1277      00
ARM GAS  /var/folders/l5/0x54b2c10074c8bt31ycjvl80000gp/T//ccIGCy0s.s 			page 26


 1278              	.LASF39:
 1279 0394 705F6570 		.ascii	"p_epending\000"
 1279      656E6469 
 1279      6E6700
 1280              	.LASF16:
 1281 039f 75696E74 		.ascii	"uint32_t\000"
 1281      33325F74 
 1281      00
 1282              	.LASF82:
 1283 03a8 63665F6F 		.ascii	"cf_off_prio\000"
 1283      66665F70 
 1283      72696F00 
 1284              	.LASF57:
 1285 03b4 725F7175 		.ascii	"r_queue\000"
 1285      65756500 
 1286              	.LASF97:
 1287 03bc 2E2E2F2E 		.ascii	"../../os/kernel/src/chmempools.c\000"
 1287      2E2F6F73 
 1287      2F6B6572 
 1287      6E656C2F 
 1287      7372632F 
 1288              	.LASF74:
 1289 03dd 63686172 		.ascii	"char\000"
 1289      00
 1290              	.LASF5:
 1291 03e2 5F5F7569 		.ascii	"__uint16_t\000"
 1291      6E743136 
 1291      5F7400
 1292              	.LASF69:
 1293 03ed 6D5F6E65 		.ascii	"m_next\000"
 1293      787400
 1294              	.LASF23:
 1295 03f4 73797374 		.ascii	"systime_t\000"
 1295      696D655F 
 1295      7400
 1296              	.LASF41:
 1297 03fe 705F7265 		.ascii	"p_realprio\000"
 1297      616C7072 
 1297      696F00
 1298              	.LASF7:
 1299 0409 5F5F696E 		.ascii	"__int32_t\000"
 1299      7433325F 
 1299      7400
 1300              	.LASF35:
 1301 0413 705F7469 		.ascii	"p_time\000"
 1301      6D6500
 1302              	.LASF46:
 1303 041a 696E7463 		.ascii	"intctx\000"
 1303      747800
 1304              	.LASF37:
 1305 0421 705F6D73 		.ascii	"p_msgqueue\000"
 1305      67717565 
 1305      756500
 1306              	.LASF54:
 1307 042c 76745F70 		.ascii	"vt_par\000"
 1307      617200
 1308              	.LASF83:
ARM GAS  /var/folders/l5/0x54b2c10074c8bt31ycjvl80000gp/T//ccIGCy0s.s 			page 27


 1309 0433 63665F6F 		.ascii	"cf_off_ctx\000"
 1309      66665F63 
 1309      747800
 1310              	.LASF34:
 1311 043e 705F7265 		.ascii	"p_refs\000"
 1311      667300
 1312              	.LASF63:
 1313 0445 52656164 		.ascii	"ReadyList\000"
 1313      794C6973 
 1313      7400
 1314              	.LASF65:
 1315 044f 726C6973 		.ascii	"rlist\000"
 1315      7400
 1316              	.LASF13:
 1317 0455 75696E74 		.ascii	"uint8_t\000"
 1317      385F7400 
 1318              	.LASF72:
 1319 045d 77746F62 		.ascii	"wtobjp\000"
 1319      6A7000
 1320              	.LASF31:
 1321 0464 705F6E61 		.ascii	"p_name\000"
 1321      6D6500
 1322              	.LASF55:
 1323 046b 76745F73 		.ascii	"vt_systime\000"
 1323      79737469 
 1323      6D6500
 1324              	.LASF78:
 1325 0476 63685F76 		.ascii	"ch_version\000"
 1325      65727369 
 1325      6F6E00
 1326              	.LASF98:
 1327 0481 2F557365 		.ascii	"/Users/fernandoguirado/eclipse-workspace/ChibiOS-RP"
 1327      72732F66 
 1327      65726E61 
 1327      6E646F67 
 1327      75697261 
 1328 04b4 692D636F 		.ascii	"i-copia/demos/timers\000"
 1328      7069612F 
 1328      64656D6F 
 1328      732F7469 
 1328      6D657273 
 1329              	.LASF56:
 1330 04c9 56544C69 		.ascii	"VTList\000"
 1330      737400
 1331              	.LASF68:
 1332 04d0 6D5F6F77 		.ascii	"m_owner\000"
 1332      6E657200 
 1333              	.LASF28:
 1334 04d8 705F6374 		.ascii	"p_ctx\000"
 1334      7800
 1335              	.LASF36:
 1336 04de 705F7761 		.ascii	"p_waiting\000"
 1336      6974696E 
 1336      6700
 1337              		.ident	"GCC: (GNU Tools for Arm Embedded Processors 8-2019-q3-update) 8.3.1 20190703 (release) [gc
ARM GAS  /var/folders/l5/0x54b2c10074c8bt31ycjvl80000gp/T//ccIGCy0s.s 			page 28


DEFINED SYMBOLS
                            *ABS*:0000000000000000 chmempools.c

NO UNDEFINED SYMBOLS
