ARM GAS  /var/folders/l5/0x54b2c10074c8bt31ycjvl80000gp/T//ccRcizHQ.s 			page 1


   1              		.cpu arm1176jz-s
   2              		.eabi_attribute 20, 1
   3              		.eabi_attribute 21, 1
   4              		.eabi_attribute 23, 3
   5              		.eabi_attribute 24, 1
   6              		.eabi_attribute 25, 1
   7              		.eabi_attribute 26, 1
   8              		.eabi_attribute 30, 2
   9              		.eabi_attribute 34, 1
  10              		.eabi_attribute 18, 4
  11              		.file	"chregistry.c"
  12              		.text
  13              	.Ltext0:
  14              		.cfi_sections	.debug_frame
  15              		.section	.text.chRegFirstThread,"ax",%progbits
  16              		.align	2
  17              		.global	chRegFirstThread
  18              		.arch armv6kz
  19              		.syntax unified
  20              		.arm
  21              		.fpu softvfp
  22              		.type	chRegFirstThread, %function
  23              	chRegFirstThread:
  24              	.LFB7:
  25              		.file 1 "../../os/kernel/src/chregistry.c"
  26              		.loc 1 110 32 view -0
  27              		.cfi_startproc
  28              		@ args = 0, pretend = 0, frame = 0
  29              		@ frame_needed = 0, uses_anonymous_args = 0
  30              		@ link register save eliminated.
  31              		.loc 1 111 3 view .LVU1
  32              		.loc 1 113 3 view .LVU2
  33              		.syntax divided
  34              	@ 113 "../../os/kernel/src/chregistry.c" 1
  35 0000 9FF021E3 		msr     CPSR_c, #0x9F
  36              	@ 0 "" 2
  37              		.loc 1 113 3 view .LVU3
  38              		.loc 1 113 14 view .LVU4
  39              		.loc 1 114 3 view .LVU5
  40              		.loc 1 114 6 is_stmt 0 view .LVU6
  41              		.arm
  42              		.syntax unified
  43 0004 14309FE5 		ldr	r3, .L3
  44 0008 100093E5 		ldr	r0, [r3, #16]
  45              	.LVL0:
  46              		.loc 1 116 3 is_stmt 1 view .LVU7
  47              		.loc 1 116 13 is_stmt 0 view .LVU8
  48 000c 1E30D0E5 		ldrb	r3, [r0, #30]	@ zero_extendqisi2
  49 0010 013083E2 		add	r3, r3, #1
  50 0014 1E30C0E5 		strb	r3, [r0, #30]
  51              		.loc 1 118 3 is_stmt 1 view .LVU9
  52              		.loc 1 118 3 view .LVU10
  53              		.syntax divided
  54              	@ 118 "../../os/kernel/src/chregistry.c" 1
  55 0018 1FF021E3 		msr     CPSR_c, #0x1F
  56              	@ 0 "" 2
  57              		.loc 1 118 16 view .LVU11
ARM GAS  /var/folders/l5/0x54b2c10074c8bt31ycjvl80000gp/T//ccRcizHQ.s 			page 2


  58              		.loc 1 119 3 view .LVU12
  59              		.loc 1 120 1 is_stmt 0 view .LVU13
  60              		.arm
  61              		.syntax unified
  62 001c 1EFF2FE1 		bx	lr
  63              	.L4:
  64              		.align	2
  65              	.L3:
  66 0020 00000000 		.word	rlist
  67              		.cfi_endproc
  68              	.LFE7:
  69              		.size	chRegFirstThread, .-chRegFirstThread
  70              		.section	.text.chRegNextThread,"ax",%progbits
  71              		.align	2
  72              		.global	chRegNextThread
  73              		.syntax unified
  74              		.arm
  75              		.fpu softvfp
  76              		.type	chRegNextThread, %function
  77              	chRegNextThread:
  78              	.LVL1:
  79              	.LFB8:
  80              		.loc 1 133 37 is_stmt 1 view -0
  81              		.cfi_startproc
  82              		@ args = 0, pretend = 0, frame = 0
  83              		@ frame_needed = 0, uses_anonymous_args = 0
  84              		.loc 1 134 3 view .LVU15
  85              		.loc 1 136 3 view .LVU16
  86              		.loc 1 133 37 is_stmt 0 view .LVU17
  87 0000 10402DE9 		push	{r4, lr}
  88              		.cfi_def_cfa_offset 8
  89              		.cfi_offset 4, -8
  90              		.cfi_offset 14, -4
  91              		.loc 1 136 3 view .LVU18
  92              		.syntax divided
  93              	@ 136 "../../os/kernel/src/chregistry.c" 1
  94 0004 9FF021E3 		msr     CPSR_c, #0x9F
  95              	@ 0 "" 2
  96              		.loc 1 136 3 is_stmt 1 view .LVU19
  97              		.loc 1 136 14 view .LVU20
  98              		.loc 1 137 3 view .LVU21
  99              		.loc 1 138 6 is_stmt 0 view .LVU22
 100              		.arm
 101              		.syntax unified
 102 0008 24309FE5 		ldr	r3, .L9
 103              		.loc 1 137 7 view .LVU23
 104 000c 104090E5 		ldr	r4, [r0, #16]
 105              	.LVL2:
 106              		.loc 1 138 3 is_stmt 1 view .LVU24
 107              		.loc 1 138 6 is_stmt 0 view .LVU25
 108 0010 030054E1 		cmp	r4, r3
 109              		.loc 1 142 5 is_stmt 1 view .LVU26
 110              		.loc 1 143 39 view .LVU27
 111              		.loc 1 144 5 view .LVU28
 112              		.loc 1 144 16 is_stmt 0 view .LVU29
 113 0014 1E30D415 		ldrbne	r3, [r4, #30]	@ zero_extendqisi2
 114              		.loc 1 139 9 view .LVU30
ARM GAS  /var/folders/l5/0x54b2c10074c8bt31ycjvl80000gp/T//ccRcizHQ.s 			page 3


 115 0018 0040A003 		moveq	r4, #0
 116              	.LVL3:
 117              		.loc 1 147 3 is_stmt 1 view .LVU31
 118              		.loc 1 147 3 view .LVU32
 119              		.loc 1 144 16 is_stmt 0 view .LVU33
 120 001c 01308312 		addne	r3, r3, #1
 121 0020 1E30C415 		strbne	r3, [r4, #30]
 122              		.loc 1 147 3 view .LVU34
 123              		.syntax divided
 124              	@ 147 "../../os/kernel/src/chregistry.c" 1
 125 0024 1FF021E3 		msr     CPSR_c, #0x1F
 126              	@ 0 "" 2
 127              		.loc 1 147 16 is_stmt 1 view .LVU35
 128              		.loc 1 149 3 view .LVU36
 129              		.arm
 130              		.syntax unified
 131 0028 FEFFFFEB 		bl	chThdRelease
 132              	.LVL4:
 133              		.loc 1 151 3 view .LVU37
 134              		.loc 1 152 1 is_stmt 0 view .LVU38
 135 002c 0400A0E1 		mov	r0, r4
 136 0030 1080BDE8 		pop	{r4, pc}
 137              	.L10:
 138              		.align	2
 139              	.L9:
 140 0034 00000000 		.word	rlist
 141              		.cfi_endproc
 142              	.LFE8:
 143              		.size	chRegNextThread, .-chRegNextThread
 144              		.global	ch_debug
 145              		.section	.rodata.ch_debug,"a"
 146              		.align	2
 147              		.type	ch_debug, %object
 148              		.size	ch_debug, 22
 149              	ch_debug:
 150 0000 6D61696E 		.ascii	"main"
 151 0004 00       		.byte	0
 152 0005 16       		.byte	22
 153 0006 4111     		.short	4417
 154 0008 04       		.byte	4
 155 0009 04       		.byte	4
 156 000a 44       		.byte	68
 157 000b 08       		.byte	8
 158 000c 0C       		.byte	12
 159 000d 10       		.byte	16
 160 000e 14       		.byte	20
 161 000f 18       		.byte	24
 162 0010 00       		.byte	0
 163 0011 1C       		.byte	28
 164 0012 1D       		.byte	29
 165 0013 1E       		.byte	30
 166 0014 00       		.byte	0
 167 0015 20       		.byte	32
 168              		.text
 169              	.Letext0:
 170              		.file 2 "/usr/local/Cellar/arm-gcc-bin/8-2019-q3-update/lib/gcc/arm-none-eabi/8.3.1/include/stddef
 171              		.file 3 "/usr/local/Cellar/arm-gcc-bin/8-2019-q3-update/arm-none-eabi/include/machine/_default_typ
ARM GAS  /var/folders/l5/0x54b2c10074c8bt31ycjvl80000gp/T//ccRcizHQ.s 			page 4


 172              		.file 4 "/usr/local/Cellar/arm-gcc-bin/8-2019-q3-update/arm-none-eabi/include/sys/_stdint.h"
 173              		.file 5 "../../os/ports/GCC/ARM/chtypes.h"
 174              		.file 6 "../../os/kernel/include/chlists.h"
 175              		.file 7 "../../os/kernel/include/chthreads.h"
 176              		.file 8 "../../os/ports/GCC/ARM/chcore.h"
 177              		.file 9 "../../os/kernel/include/chvt.h"
 178              		.file 10 "../../os/kernel/include/chschd.h"
 179              		.file 11 "../../os/kernel/include/chmtx.h"
 180              		.file 12 "../../os/kernel/include/chregistry.h"
 181              		.file 13 "../../os/kernel/include/ch.h"
 182              		.file 14 "../../os/kernel/include/chdynamic.h"
 183              		.section	.debug_info,"",%progbits
 184              	.Ldebug_info0:
 185 0000 F6060000 		.4byte	0x6f6
 186 0004 0400     		.2byte	0x4
 187 0006 00000000 		.4byte	.Ldebug_abbrev0
 188 000a 04       		.byte	0x4
 189 000b 01       		.uleb128 0x1
 190 000c 8D010000 		.4byte	.LASF99
 191 0010 0C       		.byte	0xc
 192 0011 47040000 		.4byte	.LASF100
 193 0015 B6040000 		.4byte	.LASF101
 194 0019 00000000 		.4byte	.Ldebug_ranges0+0
 195 001d 00000000 		.4byte	0
 196 0021 00000000 		.4byte	.Ldebug_line0
 197 0025 02       		.uleb128 0x2
 198 0026 04       		.byte	0x4
 199 0027 05       		.byte	0x5
 200 0028 696E7400 		.ascii	"int\000"
 201 002c 03       		.uleb128 0x3
 202 002d 13000000 		.4byte	.LASF2
 203 0031 02       		.byte	0x2
 204 0032 D8       		.byte	0xd8
 205 0033 17       		.byte	0x17
 206 0034 38000000 		.4byte	0x38
 207 0038 04       		.uleb128 0x4
 208 0039 04       		.byte	0x4
 209 003a 07       		.byte	0x7
 210 003b 2B010000 		.4byte	.LASF0
 211 003f 04       		.uleb128 0x4
 212 0040 01       		.byte	0x1
 213 0041 06       		.byte	0x6
 214 0042 93000000 		.4byte	.LASF1
 215 0046 03       		.uleb128 0x3
 216 0047 21000000 		.4byte	.LASF3
 217 004b 03       		.byte	0x3
 218 004c 2B       		.byte	0x2b
 219 004d 18       		.byte	0x18
 220 004e 52000000 		.4byte	0x52
 221 0052 04       		.uleb128 0x4
 222 0053 01       		.byte	0x1
 223 0054 08       		.byte	0x8
 224 0055 29030000 		.4byte	.LASF4
 225 0059 04       		.uleb128 0x4
 226 005a 02       		.byte	0x2
 227 005b 05       		.byte	0x5
 228 005c 41030000 		.4byte	.LASF5
ARM GAS  /var/folders/l5/0x54b2c10074c8bt31ycjvl80000gp/T//ccRcizHQ.s 			page 5


 229 0060 03       		.uleb128 0x3
 230 0061 F6030000 		.4byte	.LASF6
 231 0065 03       		.byte	0x3
 232 0066 39       		.byte	0x39
 233 0067 19       		.byte	0x19
 234 0068 6C000000 		.4byte	0x6c
 235 006c 04       		.uleb128 0x4
 236 006d 02       		.byte	0x2
 237 006e 07       		.byte	0x7
 238 006f 6C010000 		.4byte	.LASF7
 239 0073 03       		.uleb128 0x3
 240 0074 1D040000 		.4byte	.LASF8
 241 0078 03       		.byte	0x3
 242 0079 4D       		.byte	0x4d
 243 007a 18       		.byte	0x18
 244 007b 7F000000 		.4byte	0x7f
 245 007f 04       		.uleb128 0x4
 246 0080 04       		.byte	0x4
 247 0081 05       		.byte	0x5
 248 0082 D2000000 		.4byte	.LASF9
 249 0086 03       		.uleb128 0x3
 250 0087 0F010000 		.4byte	.LASF10
 251 008b 03       		.byte	0x3
 252 008c 4F       		.byte	0x4f
 253 008d 19       		.byte	0x19
 254 008e 92000000 		.4byte	0x92
 255 0092 04       		.uleb128 0x4
 256 0093 04       		.byte	0x4
 257 0094 07       		.byte	0x7
 258 0095 40010000 		.4byte	.LASF11
 259 0099 04       		.uleb128 0x4
 260 009a 08       		.byte	0x8
 261 009b 05       		.byte	0x5
 262 009c 85000000 		.4byte	.LASF12
 263 00a0 04       		.uleb128 0x4
 264 00a1 08       		.byte	0x8
 265 00a2 07       		.byte	0x7
 266 00a3 32000000 		.4byte	.LASF13
 267 00a7 03       		.uleb128 0x3
 268 00a8 8A040000 		.4byte	.LASF14
 269 00ac 04       		.byte	0x4
 270 00ad 18       		.byte	0x18
 271 00ae 13       		.byte	0x13
 272 00af 46000000 		.4byte	0x46
 273 00b3 03       		.uleb128 0x3
 274 00b4 E4000000 		.4byte	.LASF15
 275 00b8 04       		.byte	0x4
 276 00b9 24       		.byte	0x24
 277 00ba 14       		.byte	0x14
 278 00bb 60000000 		.4byte	0x60
 279 00bf 03       		.uleb128 0x3
 280 00c0 21030000 		.4byte	.LASF16
 281 00c4 04       		.byte	0x4
 282 00c5 2C       		.byte	0x2c
 283 00c6 13       		.byte	0x13
 284 00c7 73000000 		.4byte	0x73
 285 00cb 03       		.uleb128 0x3
ARM GAS  /var/folders/l5/0x54b2c10074c8bt31ycjvl80000gp/T//ccRcizHQ.s 			page 6


 286 00cc B7030000 		.4byte	.LASF17
 287 00d0 04       		.byte	0x4
 288 00d1 30       		.byte	0x30
 289 00d2 14       		.byte	0x14
 290 00d3 86000000 		.4byte	0x86
 291 00d7 03       		.uleb128 0x3
 292 00d8 5D020000 		.4byte	.LASF18
 293 00dc 05       		.byte	0x5
 294 00dd 2A       		.byte	0x2a
 295 00de 19       		.byte	0x19
 296 00df A7000000 		.4byte	0xa7
 297 00e3 03       		.uleb128 0x3
 298 00e4 DB000000 		.4byte	.LASF19
 299 00e8 05       		.byte	0x5
 300 00e9 2B       		.byte	0x2b
 301 00ea 19       		.byte	0x19
 302 00eb A7000000 		.4byte	0xa7
 303 00ef 03       		.uleb128 0x3
 304 00f0 FF020000 		.4byte	.LASF20
 305 00f4 05       		.byte	0x5
 306 00f5 2C       		.byte	0x2c
 307 00f6 19       		.byte	0x19
 308 00f7 A7000000 		.4byte	0xa7
 309 00fb 03       		.uleb128 0x3
 310 00fc 19030000 		.4byte	.LASF21
 311 0100 05       		.byte	0x5
 312 0101 2E       		.byte	0x2e
 313 0102 19       		.byte	0x19
 314 0103 CB000000 		.4byte	0xcb
 315 0107 03       		.uleb128 0x3
 316 0108 7F010000 		.4byte	.LASF22
 317 010c 05       		.byte	0x5
 318 010d 2F       		.byte	0x2f
 319 010e 19       		.byte	0x19
 320 010f BF000000 		.4byte	0xbf
 321 0113 03       		.uleb128 0x3
 322 0114 71020000 		.4byte	.LASF23
 323 0118 05       		.byte	0x5
 324 0119 31       		.byte	0x31
 325 011a 19       		.byte	0x19
 326 011b CB000000 		.4byte	0xcb
 327 011f 03       		.uleb128 0x3
 328 0120 08040000 		.4byte	.LASF24
 329 0124 05       		.byte	0x5
 330 0125 33       		.byte	0x33
 331 0126 19       		.byte	0x19
 332 0127 CB000000 		.4byte	0xcb
 333 012b 05       		.uleb128 0x5
 334 012c 1F010000 		.4byte	0x11f
 335 0130 03       		.uleb128 0x3
 336 0131 98030000 		.4byte	.LASF25
 337 0135 06       		.byte	0x6
 338 0136 23       		.byte	0x23
 339 0137 17       		.byte	0x17
 340 0138 3C010000 		.4byte	0x13c
 341 013c 06       		.uleb128 0x6
 342 013d 98030000 		.4byte	.LASF25
ARM GAS  /var/folders/l5/0x54b2c10074c8bt31ycjvl80000gp/T//ccRcizHQ.s 			page 7


 343 0141 44       		.byte	0x44
 344 0142 07       		.byte	0x7
 345 0143 57       		.byte	0x57
 346 0144 08       		.byte	0x8
 347 0145 34020000 		.4byte	0x234
 348 0149 07       		.uleb128 0x7
 349 014a 6D030000 		.4byte	.LASF26
 350 014e 07       		.byte	0x7
 351 014f 58       		.byte	0x58
 352 0150 1A       		.byte	0x1a
 353 0151 58020000 		.4byte	0x258
 354 0155 00       		.byte	0
 355 0156 07       		.uleb128 0x7
 356 0157 12030000 		.4byte	.LASF27
 357 015b 07       		.byte	0x7
 358 015c 5A       		.byte	0x5a
 359 015d 1A       		.byte	0x1a
 360 015e 58020000 		.4byte	0x258
 361 0162 04       		.byte	0x4
 362 0163 07       		.uleb128 0x7
 363 0164 71000000 		.4byte	.LASF28
 364 0168 07       		.byte	0x7
 365 0169 5C       		.byte	0x5c
 366 016a 19       		.byte	0x19
 367 016b FB000000 		.4byte	0xfb
 368 016f 08       		.byte	0x8
 369 0170 07       		.uleb128 0x7
 370 0171 0D050000 		.4byte	.LASF29
 371 0175 07       		.byte	0x7
 372 0176 5D       		.byte	0x5d
 373 0177 19       		.byte	0x19
 374 0178 23030000 		.4byte	0x323
 375 017c 0C       		.byte	0xc
 376 017d 07       		.uleb128 0x7
 377 017e F7000000 		.4byte	.LASF30
 378 0182 07       		.byte	0x7
 379 0183 5F       		.byte	0x5f
 380 0184 1A       		.byte	0x1a
 381 0185 58020000 		.4byte	0x258
 382 0189 10       		.byte	0x10
 383 018a 07       		.uleb128 0x7
 384 018b CA020000 		.4byte	.LASF31
 385 018f 07       		.byte	0x7
 386 0190 60       		.byte	0x60
 387 0191 1A       		.byte	0x1a
 388 0192 58020000 		.4byte	0x258
 389 0196 14       		.byte	0x14
 390 0197 07       		.uleb128 0x7
 391 0198 99040000 		.4byte	.LASF32
 392 019c 07       		.byte	0x7
 393 019d 67       		.byte	0x67
 394 019e 1A       		.byte	0x1a
 395 019f 09050000 		.4byte	0x509
 396 01a3 18       		.byte	0x18
 397 01a4 07       		.uleb128 0x7
 398 01a5 4B030000 		.4byte	.LASF33
 399 01a9 07       		.byte	0x7
ARM GAS  /var/folders/l5/0x54b2c10074c8bt31ycjvl80000gp/T//ccRcizHQ.s 			page 8


 400 01aa 72       		.byte	0x72
 401 01ab 19       		.byte	0x19
 402 01ac E3000000 		.4byte	0xe3
 403 01b0 1C       		.byte	0x1c
 404 01b1 07       		.uleb128 0x7
 405 01b2 83030000 		.4byte	.LASF34
 406 01b6 07       		.byte	0x7
 407 01b7 76       		.byte	0x76
 408 01b8 19       		.byte	0x19
 409 01b9 D7000000 		.4byte	0xd7
 410 01bd 1D       		.byte	0x1d
 411 01be 07       		.uleb128 0x7
 412 01bf 73040000 		.4byte	.LASF35
 413 01c3 07       		.byte	0x7
 414 01c4 7B       		.byte	0x7b
 415 01c5 19       		.byte	0x19
 416 01c6 EF000000 		.4byte	0xef
 417 01ca 1E       		.byte	0x1e
 418 01cb 07       		.uleb128 0x7
 419 01cc 27040000 		.4byte	.LASF36
 420 01d0 07       		.byte	0x7
 421 01d1 88       		.byte	0x88
 422 01d2 19       		.byte	0x19
 423 01d3 2B010000 		.4byte	0x12b
 424 01d7 20       		.byte	0x20
 425 01d8 08       		.uleb128 0x8
 426 01d9 705F7500 		.ascii	"p_u\000"
 427 01dd 07       		.byte	0x7
 428 01de AD       		.byte	0xad
 429 01df 19       		.byte	0x19
 430 01e0 CF040000 		.4byte	0x4cf
 431 01e4 24       		.byte	0x24
 432 01e5 07       		.uleb128 0x7
 433 01e6 13050000 		.4byte	.LASF37
 434 01ea 07       		.byte	0x7
 435 01eb B2       		.byte	0xb2
 436 01ec 19       		.byte	0x19
 437 01ed 81020000 		.4byte	0x281
 438 01f1 28       		.byte	0x28
 439 01f2 07       		.uleb128 0x7
 440 01f3 35040000 		.4byte	.LASF38
 441 01f7 07       		.byte	0x7
 442 01f8 B8       		.byte	0xb8
 443 01f9 19       		.byte	0x19
 444 01fa 5E020000 		.4byte	0x25e
 445 01fe 2C       		.byte	0x2c
 446 01ff 07       		.uleb128 0x7
 447 0200 0D000000 		.4byte	.LASF39
 448 0204 07       		.byte	0x7
 449 0205 BC       		.byte	0xbc
 450 0206 19       		.byte	0x19
 451 0207 07010000 		.4byte	0x107
 452 020b 34       		.byte	0x34
 453 020c 07       		.uleb128 0x7
 454 020d AC030000 		.4byte	.LASF40
 455 0211 07       		.byte	0x7
 456 0212 C2       		.byte	0xc2
ARM GAS  /var/folders/l5/0x54b2c10074c8bt31ycjvl80000gp/T//ccRcizHQ.s 			page 9


 457 0213 19       		.byte	0x19
 458 0214 13010000 		.4byte	0x113
 459 0218 38       		.byte	0x38
 460 0219 07       		.uleb128 0x7
 461 021a 37030000 		.4byte	.LASF41
 462 021e 07       		.byte	0x7
 463 021f C9       		.byte	0xc9
 464 0220 1A       		.byte	0x1a
 465 0221 1B050000 		.4byte	0x51b
 466 0225 3C       		.byte	0x3c
 467 0226 07       		.uleb128 0x7
 468 0227 12040000 		.4byte	.LASF42
 469 022b 07       		.byte	0x7
 470 022c CD       		.byte	0xcd
 471 022d 19       		.byte	0x19
 472 022e FB000000 		.4byte	0xfb
 473 0232 40       		.byte	0x40
 474 0233 00       		.byte	0
 475 0234 09       		.uleb128 0x9
 476 0235 08       		.byte	0x8
 477 0236 06       		.byte	0x6
 478 0237 5A       		.byte	0x5a
 479 0238 09       		.byte	0x9
 480 0239 58020000 		.4byte	0x258
 481 023d 07       		.uleb128 0x7
 482 023e 6D030000 		.4byte	.LASF26
 483 0242 06       		.byte	0x6
 484 0243 5B       		.byte	0x5b
 485 0244 1A       		.byte	0x1a
 486 0245 58020000 		.4byte	0x258
 487 0249 00       		.byte	0
 488 024a 07       		.uleb128 0x7
 489 024b 12030000 		.4byte	.LASF27
 490 024f 06       		.byte	0x6
 491 0250 5D       		.byte	0x5d
 492 0251 1A       		.byte	0x1a
 493 0252 58020000 		.4byte	0x258
 494 0256 04       		.byte	0x4
 495 0257 00       		.byte	0
 496 0258 0A       		.uleb128 0xa
 497 0259 04       		.byte	0x4
 498 025a 30010000 		.4byte	0x130
 499 025e 03       		.uleb128 0x3
 500 025f D8020000 		.4byte	.LASF43
 501 0263 06       		.byte	0x6
 502 0264 5F       		.byte	0x5f
 503 0265 03       		.byte	0x3
 504 0266 34020000 		.4byte	0x234
 505 026a 09       		.uleb128 0x9
 506 026b 04       		.byte	0x4
 507 026c 06       		.byte	0x6
 508 026d 64       		.byte	0x64
 509 026e 09       		.byte	0x9
 510 026f 81020000 		.4byte	0x281
 511 0273 07       		.uleb128 0x7
 512 0274 6D030000 		.4byte	.LASF26
 513 0278 06       		.byte	0x6
ARM GAS  /var/folders/l5/0x54b2c10074c8bt31ycjvl80000gp/T//ccRcizHQ.s 			page 10


 514 0279 66       		.byte	0x66
 515 027a 16       		.byte	0x16
 516 027b 58020000 		.4byte	0x258
 517 027f 00       		.byte	0
 518 0280 00       		.byte	0
 519 0281 03       		.uleb128 0x3
 520 0282 65020000 		.4byte	.LASF44
 521 0286 06       		.byte	0x6
 522 0287 69       		.byte	0x69
 523 0288 03       		.byte	0x3
 524 0289 6A020000 		.4byte	0x26a
 525 028d 03       		.uleb128 0x3
 526 028e 83020000 		.4byte	.LASF45
 527 0292 08       		.byte	0x8
 528 0293 9D       		.byte	0x9d
 529 0294 12       		.byte	0x12
 530 0295 CB000000 		.4byte	0xcb
 531 0299 03       		.uleb128 0x3
 532 029a 1A010000 		.4byte	.LASF46
 533 029e 08       		.byte	0x8
 534 029f A2       		.byte	0xa2
 535 02a0 0F       		.byte	0xf
 536 02a1 A5020000 		.4byte	0x2a5
 537 02a5 0B       		.uleb128 0xb
 538 02a6 04       		.byte	0x4
 539 02a7 06       		.uleb128 0x6
 540 02a8 2E040000 		.4byte	.LASF47
 541 02ac 24       		.byte	0x24
 542 02ad 08       		.byte	0x8
 543 02ae B9       		.byte	0xb9
 544 02af 08       		.byte	0x8
 545 02b0 23030000 		.4byte	0x323
 546 02b4 08       		.uleb128 0x8
 547 02b5 723400   		.ascii	"r4\000"
 548 02b8 08       		.byte	0x8
 549 02b9 BA       		.byte	0xba
 550 02ba 11       		.byte	0x11
 551 02bb 99020000 		.4byte	0x299
 552 02bf 00       		.byte	0
 553 02c0 08       		.uleb128 0x8
 554 02c1 723500   		.ascii	"r5\000"
 555 02c4 08       		.byte	0x8
 556 02c5 BB       		.byte	0xbb
 557 02c6 11       		.byte	0x11
 558 02c7 99020000 		.4byte	0x299
 559 02cb 04       		.byte	0x4
 560 02cc 08       		.uleb128 0x8
 561 02cd 723600   		.ascii	"r6\000"
 562 02d0 08       		.byte	0x8
 563 02d1 BC       		.byte	0xbc
 564 02d2 11       		.byte	0x11
 565 02d3 99020000 		.4byte	0x299
 566 02d7 08       		.byte	0x8
 567 02d8 08       		.uleb128 0x8
 568 02d9 723700   		.ascii	"r7\000"
 569 02dc 08       		.byte	0x8
 570 02dd BD       		.byte	0xbd
ARM GAS  /var/folders/l5/0x54b2c10074c8bt31ycjvl80000gp/T//ccRcizHQ.s 			page 11


 571 02de 11       		.byte	0x11
 572 02df 99020000 		.4byte	0x299
 573 02e3 0C       		.byte	0xc
 574 02e4 08       		.uleb128 0x8
 575 02e5 723800   		.ascii	"r8\000"
 576 02e8 08       		.byte	0x8
 577 02e9 BE       		.byte	0xbe
 578 02ea 11       		.byte	0x11
 579 02eb 99020000 		.4byte	0x299
 580 02ef 10       		.byte	0x10
 581 02f0 08       		.uleb128 0x8
 582 02f1 723900   		.ascii	"r9\000"
 583 02f4 08       		.byte	0x8
 584 02f5 BF       		.byte	0xbf
 585 02f6 11       		.byte	0x11
 586 02f7 99020000 		.4byte	0x299
 587 02fb 14       		.byte	0x14
 588 02fc 08       		.uleb128 0x8
 589 02fd 72313000 		.ascii	"r10\000"
 590 0301 08       		.byte	0x8
 591 0302 C0       		.byte	0xc0
 592 0303 11       		.byte	0x11
 593 0304 99020000 		.4byte	0x299
 594 0308 18       		.byte	0x18
 595 0309 08       		.uleb128 0x8
 596 030a 72313100 		.ascii	"r11\000"
 597 030e 08       		.byte	0x8
 598 030f C1       		.byte	0xc1
 599 0310 11       		.byte	0x11
 600 0311 99020000 		.4byte	0x299
 601 0315 1C       		.byte	0x1c
 602 0316 08       		.uleb128 0x8
 603 0317 6C7200   		.ascii	"lr\000"
 604 031a 08       		.byte	0x8
 605 031b C2       		.byte	0xc2
 606 031c 11       		.byte	0x11
 607 031d 99020000 		.4byte	0x299
 608 0321 20       		.byte	0x20
 609 0322 00       		.byte	0
 610 0323 06       		.uleb128 0x6
 611 0324 64010000 		.4byte	.LASF48
 612 0328 04       		.byte	0x4
 613 0329 08       		.byte	0x8
 614 032a CA       		.byte	0xca
 615 032b 08       		.byte	0x8
 616 032c 3E030000 		.4byte	0x33e
 617 0330 08       		.uleb128 0x8
 618 0331 72313300 		.ascii	"r13\000"
 619 0335 08       		.byte	0x8
 620 0336 CB       		.byte	0xcb
 621 0337 12       		.byte	0x12
 622 0338 3E030000 		.4byte	0x33e
 623 033c 00       		.byte	0
 624 033d 00       		.byte	0
 625 033e 0A       		.uleb128 0xa
 626 033f 04       		.byte	0x4
 627 0340 A7020000 		.4byte	0x2a7
ARM GAS  /var/folders/l5/0x54b2c10074c8bt31ycjvl80000gp/T//ccRcizHQ.s 			page 12


 628 0344 03       		.uleb128 0x3
 629 0345 5B010000 		.4byte	.LASF49
 630 0349 09       		.byte	0x9
 631 034a 4E       		.byte	0x4e
 632 034b 10       		.byte	0x10
 633 034c 50030000 		.4byte	0x350
 634 0350 0A       		.uleb128 0xa
 635 0351 04       		.byte	0x4
 636 0352 56030000 		.4byte	0x356
 637 0356 0C       		.uleb128 0xc
 638 0357 61030000 		.4byte	0x361
 639 035b 0D       		.uleb128 0xd
 640 035c A5020000 		.4byte	0x2a5
 641 0360 00       		.byte	0
 642 0361 03       		.uleb128 0x3
 643 0362 D4030000 		.4byte	.LASF50
 644 0366 09       		.byte	0x9
 645 0367 53       		.byte	0x53
 646 0368 1D       		.byte	0x1d
 647 0369 6D030000 		.4byte	0x36d
 648 036d 06       		.uleb128 0x6
 649 036e D4030000 		.4byte	.LASF50
 650 0372 14       		.byte	0x14
 651 0373 09       		.byte	0x9
 652 0374 5A       		.byte	0x5a
 653 0375 08       		.byte	0x8
 654 0376 BC030000 		.4byte	0x3bc
 655 037a 07       		.uleb128 0x7
 656 037b 38010000 		.4byte	.LASF51
 657 037f 09       		.byte	0x9
 658 0380 5B       		.byte	0x5b
 659 0381 1A       		.byte	0x1a
 660 0382 BC030000 		.4byte	0x3bc
 661 0386 00       		.byte	0
 662 0387 07       		.uleb128 0x7
 663 0388 23010000 		.4byte	.LASF52
 664 038c 09       		.byte	0x9
 665 038d 5D       		.byte	0x5d
 666 038e 1A       		.byte	0x1a
 667 038f BC030000 		.4byte	0x3bc
 668 0393 04       		.byte	0x4
 669 0394 07       		.uleb128 0x7
 670 0395 A2020000 		.4byte	.LASF53
 671 0399 09       		.byte	0x9
 672 039a 5F       		.byte	0x5f
 673 039b 19       		.byte	0x19
 674 039c 1F010000 		.4byte	0x11f
 675 03a0 08       		.byte	0x8
 676 03a1 07       		.uleb128 0x7
 677 03a2 AA020000 		.4byte	.LASF54
 678 03a6 09       		.byte	0x9
 679 03a7 60       		.byte	0x60
 680 03a8 19       		.byte	0x19
 681 03a9 44030000 		.4byte	0x344
 682 03ad 0C       		.byte	0xc
 683 03ae 07       		.uleb128 0x7
 684 03af 40040000 		.4byte	.LASF55
ARM GAS  /var/folders/l5/0x54b2c10074c8bt31ycjvl80000gp/T//ccRcizHQ.s 			page 13


 685 03b3 09       		.byte	0x9
 686 03b4 62       		.byte	0x62
 687 03b5 1A       		.byte	0x1a
 688 03b6 A5020000 		.4byte	0x2a5
 689 03ba 10       		.byte	0x10
 690 03bb 00       		.byte	0
 691 03bc 0A       		.uleb128 0xa
 692 03bd 04       		.byte	0x4
 693 03be 61030000 		.4byte	0x361
 694 03c2 09       		.uleb128 0x9
 695 03c3 10       		.byte	0x10
 696 03c4 09       		.byte	0x9
 697 03c5 6C       		.byte	0x6c
 698 03c6 09       		.byte	0x9
 699 03c7 00040000 		.4byte	0x400
 700 03cb 07       		.uleb128 0x7
 701 03cc 38010000 		.4byte	.LASF51
 702 03d0 09       		.byte	0x9
 703 03d1 6D       		.byte	0x6d
 704 03d2 1A       		.byte	0x1a
 705 03d3 BC030000 		.4byte	0x3bc
 706 03d7 00       		.byte	0
 707 03d8 07       		.uleb128 0x7
 708 03d9 23010000 		.4byte	.LASF52
 709 03dd 09       		.byte	0x9
 710 03de 6F       		.byte	0x6f
 711 03df 1A       		.byte	0x1a
 712 03e0 BC030000 		.4byte	0x3bc
 713 03e4 04       		.byte	0x4
 714 03e5 07       		.uleb128 0x7
 715 03e6 A2020000 		.4byte	.LASF53
 716 03ea 09       		.byte	0x9
 717 03eb 71       		.byte	0x71
 718 03ec 19       		.byte	0x19
 719 03ed 1F010000 		.4byte	0x11f
 720 03f1 08       		.byte	0x8
 721 03f2 07       		.uleb128 0x7
 722 03f3 A0040000 		.4byte	.LASF56
 723 03f7 09       		.byte	0x9
 724 03f8 72       		.byte	0x72
 725 03f9 19       		.byte	0x19
 726 03fa 2B010000 		.4byte	0x12b
 727 03fe 0C       		.byte	0xc
 728 03ff 00       		.byte	0
 729 0400 03       		.uleb128 0x3
 730 0401 FE040000 		.4byte	.LASF57
 731 0405 09       		.byte	0x9
 732 0406 73       		.byte	0x73
 733 0407 03       		.byte	0x3
 734 0408 C2030000 		.4byte	0x3c2
 735 040c 0E       		.uleb128 0xe
 736 040d 2B000000 		.4byte	.LASF65
 737 0411 09       		.byte	0x9
 738 0412 D1       		.byte	0xd1
 739 0413 0F       		.byte	0xf
 740 0414 00040000 		.4byte	0x400
 741 0418 09       		.uleb128 0x9
ARM GAS  /var/folders/l5/0x54b2c10074c8bt31ycjvl80000gp/T//ccRcizHQ.s 			page 14


 742 0419 1C       		.byte	0x1c
 743 041a 0A       		.byte	0xa
 744 041b 57       		.byte	0x57
 745 041c 09       		.byte	0x9
 746 041d 70040000 		.4byte	0x470
 747 0421 07       		.uleb128 0x7
 748 0422 CC030000 		.4byte	.LASF58
 749 0426 0A       		.byte	0xa
 750 0427 58       		.byte	0x58
 751 0428 19       		.byte	0x19
 752 0429 5E020000 		.4byte	0x25e
 753 042d 00       		.byte	0
 754 042e 07       		.uleb128 0x7
 755 042f 5F030000 		.4byte	.LASF59
 756 0433 0A       		.byte	0xa
 757 0434 59       		.byte	0x59
 758 0435 19       		.byte	0x19
 759 0436 FB000000 		.4byte	0xfb
 760 043a 08       		.byte	0x8
 761 043b 07       		.uleb128 0x7
 762 043c D2020000 		.4byte	.LASF60
 763 0440 0A       		.byte	0xa
 764 0441 5B       		.byte	0x5b
 765 0442 19       		.byte	0x19
 766 0443 23030000 		.4byte	0x323
 767 0447 0C       		.byte	0xc
 768 0448 07       		.uleb128 0x7
 769 0449 85010000 		.4byte	.LASF61
 770 044d 0A       		.byte	0xa
 771 044e 5E       		.byte	0x5e
 772 044f 1A       		.byte	0x1a
 773 0450 58020000 		.4byte	0x258
 774 0454 10       		.byte	0x10
 775 0455 07       		.uleb128 0x7
 776 0456 F7020000 		.4byte	.LASF62
 777 045a 0A       		.byte	0xa
 778 045b 5F       		.byte	0x5f
 779 045c 1A       		.byte	0x1a
 780 045d 58020000 		.4byte	0x258
 781 0461 14       		.byte	0x14
 782 0462 07       		.uleb128 0x7
 783 0463 ED020000 		.4byte	.LASF63
 784 0467 0A       		.byte	0xa
 785 0468 62       		.byte	0x62
 786 0469 1A       		.byte	0x1a
 787 046a 58020000 		.4byte	0x258
 788 046e 18       		.byte	0x18
 789 046f 00       		.byte	0
 790 0470 03       		.uleb128 0x3
 791 0471 7A040000 		.4byte	.LASF64
 792 0475 0A       		.byte	0xa
 793 0476 64       		.byte	0x64
 794 0477 03       		.byte	0x3
 795 0478 18040000 		.4byte	0x418
 796 047c 0E       		.uleb128 0xe
 797 047d 84040000 		.4byte	.LASF66
 798 0481 0A       		.byte	0xa
ARM GAS  /var/folders/l5/0x54b2c10074c8bt31ycjvl80000gp/T//ccRcizHQ.s 			page 15


 799 0482 68       		.byte	0x68
 800 0483 12       		.byte	0x12
 801 0484 70040000 		.4byte	0x470
 802 0488 06       		.uleb128 0x6
 803 0489 7D020000 		.4byte	.LASF67
 804 048d 10       		.byte	0x10
 805 048e 0B       		.byte	0xb
 806 048f 25       		.byte	0x25
 807 0490 10       		.byte	0x10
 808 0491 BD040000 		.4byte	0x4bd
 809 0495 07       		.uleb128 0x7
 810 0496 BC000000 		.4byte	.LASF68
 811 049a 0B       		.byte	0xb
 812 049b 26       		.byte	0x26
 813 049c 19       		.byte	0x19
 814 049d 5E020000 		.4byte	0x25e
 815 04a1 00       		.byte	0
 816 04a2 07       		.uleb128 0x7
 817 04a3 05050000 		.4byte	.LASF69
 818 04a7 0B       		.byte	0xb
 819 04a8 28       		.byte	0x28
 820 04a9 1A       		.byte	0x1a
 821 04aa 58020000 		.4byte	0x258
 822 04ae 08       		.byte	0x8
 823 04af 07       		.uleb128 0x7
 824 04b0 01040000 		.4byte	.LASF70
 825 04b4 0B       		.byte	0xb
 826 04b5 2A       		.byte	0x2a
 827 04b6 1A       		.byte	0x1a
 828 04b7 BD040000 		.4byte	0x4bd
 829 04bb 0C       		.byte	0xc
 830 04bc 00       		.byte	0
 831 04bd 0A       		.uleb128 0xa
 832 04be 04       		.byte	0x4
 833 04bf 88040000 		.4byte	0x488
 834 04c3 03       		.uleb128 0x3
 835 04c4 7D020000 		.4byte	.LASF67
 836 04c8 0B       		.byte	0xb
 837 04c9 2C       		.byte	0x2c
 838 04ca 03       		.byte	0x3
 839 04cb 88040000 		.4byte	0x488
 840 04cf 0F       		.uleb128 0xf
 841 04d0 04       		.byte	0x4
 842 04d1 07       		.byte	0x7
 843 04d2 8F       		.byte	0x8f
 844 04d3 03       		.byte	0x3
 845 04d4 09050000 		.4byte	0x509
 846 04d8 10       		.uleb128 0x10
 847 04d9 1A000000 		.4byte	.LASF71
 848 04dd 07       		.byte	0x7
 849 04de 96       		.byte	0x96
 850 04df 19       		.byte	0x19
 851 04e0 07010000 		.4byte	0x107
 852 04e4 10       		.uleb128 0x10
 853 04e5 57000000 		.4byte	.LASF72
 854 04e9 07       		.byte	0x7
 855 04ea 9D       		.byte	0x9d
ARM GAS  /var/folders/l5/0x54b2c10074c8bt31ycjvl80000gp/T//ccRcizHQ.s 			page 16


 856 04eb 19       		.byte	0x19
 857 04ec 07010000 		.4byte	0x107
 858 04f0 10       		.uleb128 0x10
 859 04f1 92040000 		.4byte	.LASF73
 860 04f5 07       		.byte	0x7
 861 04f6 A4       		.byte	0xa4
 862 04f7 1A       		.byte	0x1a
 863 04f8 A5020000 		.4byte	0x2a5
 864 04fc 10       		.uleb128 0x10
 865 04fd 66030000 		.4byte	.LASF74
 866 0501 07       		.byte	0x7
 867 0502 AB       		.byte	0xab
 868 0503 19       		.byte	0x19
 869 0504 13010000 		.4byte	0x113
 870 0508 00       		.byte	0
 871 0509 0A       		.uleb128 0xa
 872 050a 04       		.byte	0x4
 873 050b 16050000 		.4byte	0x516
 874 050f 04       		.uleb128 0x4
 875 0510 01       		.byte	0x1
 876 0511 08       		.byte	0x8
 877 0512 E1030000 		.4byte	.LASF75
 878 0516 11       		.uleb128 0x11
 879 0517 0F050000 		.4byte	0x50f
 880 051b 0A       		.uleb128 0xa
 881 051c 04       		.byte	0x4
 882 051d C3040000 		.4byte	0x4c3
 883 0521 09       		.uleb128 0x9
 884 0522 16       		.byte	0x16
 885 0523 0C       		.byte	0xc
 886 0524 25       		.byte	0x25
 887 0525 09       		.byte	0x9
 888 0526 15060000 		.4byte	0x615
 889 052a 07       		.uleb128 0x7
 890 052b C4000000 		.4byte	.LASF76
 891 052f 0C       		.byte	0xc
 892 0530 26       		.byte	0x26
 893 0531 0D       		.byte	0xd
 894 0532 15060000 		.4byte	0x615
 895 0536 00       		.byte	0
 896 0537 07       		.uleb128 0x7
 897 0538 8E020000 		.4byte	.LASF77
 898 053c 0C       		.byte	0xc
 899 053d 27       		.byte	0x27
 900 053e 0D       		.byte	0xd
 901 053f A7000000 		.4byte	0xa7
 902 0543 04       		.byte	0x4
 903 0544 07       		.uleb128 0x7
 904 0545 E5020000 		.4byte	.LASF78
 905 0549 0C       		.byte	0xc
 906 054a 28       		.byte	0x28
 907 054b 0D       		.byte	0xd
 908 054c A7000000 		.4byte	0xa7
 909 0550 05       		.byte	0x5
 910 0551 07       		.uleb128 0x7
 911 0552 AB040000 		.4byte	.LASF79
 912 0556 0C       		.byte	0xc
ARM GAS  /var/folders/l5/0x54b2c10074c8bt31ycjvl80000gp/T//ccRcizHQ.s 			page 17


 913 0557 29       		.byte	0x29
 914 0558 0D       		.byte	0xd
 915 0559 B3000000 		.4byte	0xb3
 916 055d 06       		.byte	0x6
 917 055e 07       		.uleb128 0x7
 918 055f 07030000 		.4byte	.LASF80
 919 0563 0C       		.byte	0xc
 920 0564 2A       		.byte	0x2a
 921 0565 0D       		.byte	0xd
 922 0566 A7000000 		.4byte	0xa7
 923 056a 08       		.byte	0x8
 924 056b 07       		.uleb128 0x7
 925 056c B2020000 		.4byte	.LASF81
 926 0570 0C       		.byte	0xc
 927 0571 2B       		.byte	0x2b
 928 0572 0D       		.byte	0xd
 929 0573 A7000000 		.4byte	0xa7
 930 0577 09       		.byte	0x9
 931 0578 07       		.uleb128 0x7
 932 0579 49000000 		.4byte	.LASF82
 933 057d 0C       		.byte	0xc
 934 057e 2C       		.byte	0x2c
 935 057f 0D       		.byte	0xd
 936 0580 A7000000 		.4byte	0xa7
 937 0584 0A       		.byte	0xa
 938 0585 07       		.uleb128 0x7
 939 0586 C0030000 		.4byte	.LASF83
 940 058a 0C       		.byte	0xc
 941 058b 2D       		.byte	0x2d
 942 058c 0D       		.byte	0xd
 943 058d A7000000 		.4byte	0xa7
 944 0591 0B       		.byte	0xb
 945 0592 07       		.uleb128 0x7
 946 0593 68040000 		.4byte	.LASF84
 947 0597 0C       		.byte	0xc
 948 0598 2E       		.byte	0x2e
 949 0599 0D       		.byte	0xd
 950 059a A7000000 		.4byte	0xa7
 951 059e 0C       		.byte	0xc
 952 059f 07       		.uleb128 0x7
 953 05a0 9F030000 		.4byte	.LASF85
 954 05a4 0C       		.byte	0xc
 955 05a5 2F       		.byte	0x2f
 956 05a6 0D       		.byte	0xd
 957 05a7 A7000000 		.4byte	0xa7
 958 05ab 0D       		.byte	0xd
 959 05ac 07       		.uleb128 0x7
 960 05ad 00000000 		.4byte	.LASF86
 961 05b1 0C       		.byte	0xc
 962 05b2 30       		.byte	0x30
 963 05b3 0D       		.byte	0xd
 964 05b4 A7000000 		.4byte	0xa7
 965 05b8 0E       		.byte	0xe
 966 05b9 07       		.uleb128 0x7
 967 05ba BE020000 		.4byte	.LASF87
 968 05be 0C       		.byte	0xc
 969 05bf 31       		.byte	0x31
ARM GAS  /var/folders/l5/0x54b2c10074c8bt31ycjvl80000gp/T//ccRcizHQ.s 			page 18


 970 05c0 0D       		.byte	0xd
 971 05c1 A7000000 		.4byte	0xa7
 972 05c5 0F       		.byte	0xf
 973 05c6 07       		.uleb128 0x7
 974 05c7 9F000000 		.4byte	.LASF88
 975 05cb 0C       		.byte	0xc
 976 05cc 32       		.byte	0x32
 977 05cd 0D       		.byte	0xd
 978 05ce A7000000 		.4byte	0xa7
 979 05d2 10       		.byte	0x10
 980 05d3 07       		.uleb128 0x7
 981 05d4 78000000 		.4byte	.LASF89
 982 05d8 0C       		.byte	0xc
 983 05d9 34       		.byte	0x34
 984 05da 0D       		.byte	0xd
 985 05db A7000000 		.4byte	0xa7
 986 05df 11       		.byte	0x11
 987 05e0 07       		.uleb128 0x7
 988 05e1 AF000000 		.4byte	.LASF90
 989 05e5 0C       		.byte	0xc
 990 05e6 35       		.byte	0x35
 991 05e7 0D       		.byte	0xd
 992 05e8 A7000000 		.4byte	0xa7
 993 05ec 12       		.byte	0x12
 994 05ed 07       		.uleb128 0x7
 995 05ee 96020000 		.4byte	.LASF91
 996 05f2 0C       		.byte	0xc
 997 05f3 36       		.byte	0x36
 998 05f4 0D       		.byte	0xd
 999 05f5 A7000000 		.4byte	0xa7
 1000 05f9 13       		.byte	0x13
 1001 05fa 07       		.uleb128 0x7
 1002 05fb 74030000 		.4byte	.LASF92
 1003 05ff 0C       		.byte	0xc
 1004 0600 37       		.byte	0x37
 1005 0601 0D       		.byte	0xd
 1006 0602 A7000000 		.4byte	0xa7
 1007 0606 14       		.byte	0x14
 1008 0607 07       		.uleb128 0x7
 1009 0608 53030000 		.4byte	.LASF93
 1010 060c 0C       		.byte	0xc
 1011 060d 39       		.byte	0x39
 1012 060e 0D       		.byte	0xd
 1013 060f A7000000 		.4byte	0xa7
 1014 0613 15       		.byte	0x15
 1015 0614 00       		.byte	0
 1016 0615 12       		.uleb128 0x12
 1017 0616 0F050000 		.4byte	0x50f
 1018 061a 25060000 		.4byte	0x625
 1019 061e 13       		.uleb128 0x13
 1020 061f 38000000 		.4byte	0x38
 1021 0623 03       		.byte	0x3
 1022 0624 00       		.byte	0
 1023 0625 03       		.uleb128 0x3
 1024 0626 ED000000 		.4byte	.LASF94
 1025 062a 0C       		.byte	0xc
 1026 062b 3A       		.byte	0x3a
ARM GAS  /var/folders/l5/0x54b2c10074c8bt31ycjvl80000gp/T//ccRcizHQ.s 			page 19


 1027 062c 03       		.byte	0x3
 1028 062d 21050000 		.4byte	0x521
 1029 0631 11       		.uleb128 0x11
 1030 0632 25060000 		.4byte	0x625
 1031 0636 0E       		.uleb128 0xe
 1032 0637 52010000 		.4byte	.LASF95
 1033 063b 0C       		.byte	0xc
 1034 063c 77       		.byte	0x77
 1035 063d 1D       		.byte	0x1d
 1036 063e 31060000 		.4byte	0x631
 1037 0642 12       		.uleb128 0x12
 1038 0643 8D020000 		.4byte	0x28d
 1039 0647 52060000 		.4byte	0x652
 1040 064b 13       		.uleb128 0x13
 1041 064c 38000000 		.4byte	0x38
 1042 0650 26       		.byte	0x26
 1043 0651 00       		.byte	0
 1044 0652 0E       		.uleb128 0xe
 1045 0653 FF000000 		.4byte	.LASF96
 1046 0657 0D       		.byte	0xd
 1047 0658 82       		.byte	0x82
 1048 0659 08       		.byte	0x8
 1049 065a 42060000 		.4byte	0x642
 1050 065e 14       		.uleb128 0x14
 1051 065f 36060000 		.4byte	0x636
 1052 0663 01       		.byte	0x1
 1053 0664 3B       		.byte	0x3b
 1054 0665 14       		.byte	0x14
 1055 0666 05       		.uleb128 0x5
 1056 0667 03       		.byte	0x3
 1057 0668 00000000 		.4byte	ch_debug
 1058 066c 15       		.uleb128 0x15
 1059 066d E6030000 		.4byte	.LASF97
 1060 0671 01       		.byte	0x1
 1061 0672 85       		.byte	0x85
 1062 0673 09       		.byte	0x9
 1063 0674 58020000 		.4byte	0x258
 1064 0678 00000000 		.4byte	.LFB8
 1065 067c 38000000 		.4byte	.LFE8-.LFB8
 1066 0680 01       		.uleb128 0x1
 1067 0681 9C       		.byte	0x9c
 1068 0682 BF060000 		.4byte	0x6bf
 1069 0686 16       		.uleb128 0x16
 1070 0687 747000   		.ascii	"tp\000"
 1071 068a 01       		.byte	0x1
 1072 068b 85       		.byte	0x85
 1073 068c 21       		.byte	0x21
 1074 068d 58020000 		.4byte	0x258
 1075 0691 04000000 		.4byte	.LLST1
 1076 0695 00000000 		.4byte	.LVUS1
 1077 0699 17       		.uleb128 0x17
 1078 069a 6E747000 		.ascii	"ntp\000"
 1079 069e 01       		.byte	0x1
 1080 069f 86       		.byte	0x86
 1081 06a0 0B       		.byte	0xb
 1082 06a1 58020000 		.4byte	0x258
 1083 06a5 27000000 		.4byte	.LLST2
ARM GAS  /var/folders/l5/0x54b2c10074c8bt31ycjvl80000gp/T//ccRcizHQ.s 			page 20


 1084 06a9 25000000 		.4byte	.LVUS2
 1085 06ad 18       		.uleb128 0x18
 1086 06ae 2C000000 		.4byte	.LVL4
 1087 06b2 ED060000 		.4byte	0x6ed
 1088 06b6 19       		.uleb128 0x19
 1089 06b7 01       		.uleb128 0x1
 1090 06b8 50       		.byte	0x50
 1091 06b9 03       		.uleb128 0x3
 1092 06ba F3       		.byte	0xf3
 1093 06bb 01       		.uleb128 0x1
 1094 06bc 50       		.byte	0x50
 1095 06bd 00       		.byte	0
 1096 06be 00       		.byte	0
 1097 06bf 15       		.uleb128 0x15
 1098 06c0 60000000 		.4byte	.LASF98
 1099 06c4 01       		.byte	0x1
 1100 06c5 6E       		.byte	0x6e
 1101 06c6 09       		.byte	0x9
 1102 06c7 58020000 		.4byte	0x258
 1103 06cb 00000000 		.4byte	.LFB7
 1104 06cf 24000000 		.4byte	.LFE7-.LFB7
 1105 06d3 01       		.uleb128 0x1
 1106 06d4 9C       		.byte	0x9c
 1107 06d5 ED060000 		.4byte	0x6ed
 1108 06d9 17       		.uleb128 0x17
 1109 06da 747000   		.ascii	"tp\000"
 1110 06dd 01       		.byte	0x1
 1111 06de 6F       		.byte	0x6f
 1112 06df 0B       		.byte	0xb
 1113 06e0 58020000 		.4byte	0x258
 1114 06e4 3C000000 		.4byte	.LLST0
 1115 06e8 3A000000 		.4byte	.LVUS0
 1116 06ec 00       		.byte	0
 1117 06ed 1A       		.uleb128 0x1a
 1118 06ee 8B030000 		.4byte	.LASF102
 1119 06f2 8B030000 		.4byte	.LASF102
 1120 06f6 0E       		.byte	0xe
 1121 06f7 33       		.byte	0x33
 1122 06f8 08       		.byte	0x8
 1123 06f9 00       		.byte	0
 1124              		.section	.debug_abbrev,"",%progbits
 1125              	.Ldebug_abbrev0:
 1126 0000 01       		.uleb128 0x1
 1127 0001 11       		.uleb128 0x11
 1128 0002 01       		.byte	0x1
 1129 0003 25       		.uleb128 0x25
 1130 0004 0E       		.uleb128 0xe
 1131 0005 13       		.uleb128 0x13
 1132 0006 0B       		.uleb128 0xb
 1133 0007 03       		.uleb128 0x3
 1134 0008 0E       		.uleb128 0xe
 1135 0009 1B       		.uleb128 0x1b
 1136 000a 0E       		.uleb128 0xe
 1137 000b 55       		.uleb128 0x55
 1138 000c 17       		.uleb128 0x17
 1139 000d 11       		.uleb128 0x11
 1140 000e 01       		.uleb128 0x1
ARM GAS  /var/folders/l5/0x54b2c10074c8bt31ycjvl80000gp/T//ccRcizHQ.s 			page 21


 1141 000f 10       		.uleb128 0x10
 1142 0010 17       		.uleb128 0x17
 1143 0011 00       		.byte	0
 1144 0012 00       		.byte	0
 1145 0013 02       		.uleb128 0x2
 1146 0014 24       		.uleb128 0x24
 1147 0015 00       		.byte	0
 1148 0016 0B       		.uleb128 0xb
 1149 0017 0B       		.uleb128 0xb
 1150 0018 3E       		.uleb128 0x3e
 1151 0019 0B       		.uleb128 0xb
 1152 001a 03       		.uleb128 0x3
 1153 001b 08       		.uleb128 0x8
 1154 001c 00       		.byte	0
 1155 001d 00       		.byte	0
 1156 001e 03       		.uleb128 0x3
 1157 001f 16       		.uleb128 0x16
 1158 0020 00       		.byte	0
 1159 0021 03       		.uleb128 0x3
 1160 0022 0E       		.uleb128 0xe
 1161 0023 3A       		.uleb128 0x3a
 1162 0024 0B       		.uleb128 0xb
 1163 0025 3B       		.uleb128 0x3b
 1164 0026 0B       		.uleb128 0xb
 1165 0027 39       		.uleb128 0x39
 1166 0028 0B       		.uleb128 0xb
 1167 0029 49       		.uleb128 0x49
 1168 002a 13       		.uleb128 0x13
 1169 002b 00       		.byte	0
 1170 002c 00       		.byte	0
 1171 002d 04       		.uleb128 0x4
 1172 002e 24       		.uleb128 0x24
 1173 002f 00       		.byte	0
 1174 0030 0B       		.uleb128 0xb
 1175 0031 0B       		.uleb128 0xb
 1176 0032 3E       		.uleb128 0x3e
 1177 0033 0B       		.uleb128 0xb
 1178 0034 03       		.uleb128 0x3
 1179 0035 0E       		.uleb128 0xe
 1180 0036 00       		.byte	0
 1181 0037 00       		.byte	0
 1182 0038 05       		.uleb128 0x5
 1183 0039 35       		.uleb128 0x35
 1184 003a 00       		.byte	0
 1185 003b 49       		.uleb128 0x49
 1186 003c 13       		.uleb128 0x13
 1187 003d 00       		.byte	0
 1188 003e 00       		.byte	0
 1189 003f 06       		.uleb128 0x6
 1190 0040 13       		.uleb128 0x13
 1191 0041 01       		.byte	0x1
 1192 0042 03       		.uleb128 0x3
 1193 0043 0E       		.uleb128 0xe
 1194 0044 0B       		.uleb128 0xb
 1195 0045 0B       		.uleb128 0xb
 1196 0046 3A       		.uleb128 0x3a
 1197 0047 0B       		.uleb128 0xb
ARM GAS  /var/folders/l5/0x54b2c10074c8bt31ycjvl80000gp/T//ccRcizHQ.s 			page 22


 1198 0048 3B       		.uleb128 0x3b
 1199 0049 0B       		.uleb128 0xb
 1200 004a 39       		.uleb128 0x39
 1201 004b 0B       		.uleb128 0xb
 1202 004c 01       		.uleb128 0x1
 1203 004d 13       		.uleb128 0x13
 1204 004e 00       		.byte	0
 1205 004f 00       		.byte	0
 1206 0050 07       		.uleb128 0x7
 1207 0051 0D       		.uleb128 0xd
 1208 0052 00       		.byte	0
 1209 0053 03       		.uleb128 0x3
 1210 0054 0E       		.uleb128 0xe
 1211 0055 3A       		.uleb128 0x3a
 1212 0056 0B       		.uleb128 0xb
 1213 0057 3B       		.uleb128 0x3b
 1214 0058 0B       		.uleb128 0xb
 1215 0059 39       		.uleb128 0x39
 1216 005a 0B       		.uleb128 0xb
 1217 005b 49       		.uleb128 0x49
 1218 005c 13       		.uleb128 0x13
 1219 005d 38       		.uleb128 0x38
 1220 005e 0B       		.uleb128 0xb
 1221 005f 00       		.byte	0
 1222 0060 00       		.byte	0
 1223 0061 08       		.uleb128 0x8
 1224 0062 0D       		.uleb128 0xd
 1225 0063 00       		.byte	0
 1226 0064 03       		.uleb128 0x3
 1227 0065 08       		.uleb128 0x8
 1228 0066 3A       		.uleb128 0x3a
 1229 0067 0B       		.uleb128 0xb
 1230 0068 3B       		.uleb128 0x3b
 1231 0069 0B       		.uleb128 0xb
 1232 006a 39       		.uleb128 0x39
 1233 006b 0B       		.uleb128 0xb
 1234 006c 49       		.uleb128 0x49
 1235 006d 13       		.uleb128 0x13
 1236 006e 38       		.uleb128 0x38
 1237 006f 0B       		.uleb128 0xb
 1238 0070 00       		.byte	0
 1239 0071 00       		.byte	0
 1240 0072 09       		.uleb128 0x9
 1241 0073 13       		.uleb128 0x13
 1242 0074 01       		.byte	0x1
 1243 0075 0B       		.uleb128 0xb
 1244 0076 0B       		.uleb128 0xb
 1245 0077 3A       		.uleb128 0x3a
 1246 0078 0B       		.uleb128 0xb
 1247 0079 3B       		.uleb128 0x3b
 1248 007a 0B       		.uleb128 0xb
 1249 007b 39       		.uleb128 0x39
 1250 007c 0B       		.uleb128 0xb
 1251 007d 01       		.uleb128 0x1
 1252 007e 13       		.uleb128 0x13
 1253 007f 00       		.byte	0
 1254 0080 00       		.byte	0
ARM GAS  /var/folders/l5/0x54b2c10074c8bt31ycjvl80000gp/T//ccRcizHQ.s 			page 23


 1255 0081 0A       		.uleb128 0xa
 1256 0082 0F       		.uleb128 0xf
 1257 0083 00       		.byte	0
 1258 0084 0B       		.uleb128 0xb
 1259 0085 0B       		.uleb128 0xb
 1260 0086 49       		.uleb128 0x49
 1261 0087 13       		.uleb128 0x13
 1262 0088 00       		.byte	0
 1263 0089 00       		.byte	0
 1264 008a 0B       		.uleb128 0xb
 1265 008b 0F       		.uleb128 0xf
 1266 008c 00       		.byte	0
 1267 008d 0B       		.uleb128 0xb
 1268 008e 0B       		.uleb128 0xb
 1269 008f 00       		.byte	0
 1270 0090 00       		.byte	0
 1271 0091 0C       		.uleb128 0xc
 1272 0092 15       		.uleb128 0x15
 1273 0093 01       		.byte	0x1
 1274 0094 27       		.uleb128 0x27
 1275 0095 19       		.uleb128 0x19
 1276 0096 01       		.uleb128 0x1
 1277 0097 13       		.uleb128 0x13
 1278 0098 00       		.byte	0
 1279 0099 00       		.byte	0
 1280 009a 0D       		.uleb128 0xd
 1281 009b 05       		.uleb128 0x5
 1282 009c 00       		.byte	0
 1283 009d 49       		.uleb128 0x49
 1284 009e 13       		.uleb128 0x13
 1285 009f 00       		.byte	0
 1286 00a0 00       		.byte	0
 1287 00a1 0E       		.uleb128 0xe
 1288 00a2 34       		.uleb128 0x34
 1289 00a3 00       		.byte	0
 1290 00a4 03       		.uleb128 0x3
 1291 00a5 0E       		.uleb128 0xe
 1292 00a6 3A       		.uleb128 0x3a
 1293 00a7 0B       		.uleb128 0xb
 1294 00a8 3B       		.uleb128 0x3b
 1295 00a9 0B       		.uleb128 0xb
 1296 00aa 39       		.uleb128 0x39
 1297 00ab 0B       		.uleb128 0xb
 1298 00ac 49       		.uleb128 0x49
 1299 00ad 13       		.uleb128 0x13
 1300 00ae 3F       		.uleb128 0x3f
 1301 00af 19       		.uleb128 0x19
 1302 00b0 3C       		.uleb128 0x3c
 1303 00b1 19       		.uleb128 0x19
 1304 00b2 00       		.byte	0
 1305 00b3 00       		.byte	0
 1306 00b4 0F       		.uleb128 0xf
 1307 00b5 17       		.uleb128 0x17
 1308 00b6 01       		.byte	0x1
 1309 00b7 0B       		.uleb128 0xb
 1310 00b8 0B       		.uleb128 0xb
 1311 00b9 3A       		.uleb128 0x3a
ARM GAS  /var/folders/l5/0x54b2c10074c8bt31ycjvl80000gp/T//ccRcizHQ.s 			page 24


 1312 00ba 0B       		.uleb128 0xb
 1313 00bb 3B       		.uleb128 0x3b
 1314 00bc 0B       		.uleb128 0xb
 1315 00bd 39       		.uleb128 0x39
 1316 00be 0B       		.uleb128 0xb
 1317 00bf 01       		.uleb128 0x1
 1318 00c0 13       		.uleb128 0x13
 1319 00c1 00       		.byte	0
 1320 00c2 00       		.byte	0
 1321 00c3 10       		.uleb128 0x10
 1322 00c4 0D       		.uleb128 0xd
 1323 00c5 00       		.byte	0
 1324 00c6 03       		.uleb128 0x3
 1325 00c7 0E       		.uleb128 0xe
 1326 00c8 3A       		.uleb128 0x3a
 1327 00c9 0B       		.uleb128 0xb
 1328 00ca 3B       		.uleb128 0x3b
 1329 00cb 0B       		.uleb128 0xb
 1330 00cc 39       		.uleb128 0x39
 1331 00cd 0B       		.uleb128 0xb
 1332 00ce 49       		.uleb128 0x49
 1333 00cf 13       		.uleb128 0x13
 1334 00d0 00       		.byte	0
 1335 00d1 00       		.byte	0
 1336 00d2 11       		.uleb128 0x11
 1337 00d3 26       		.uleb128 0x26
 1338 00d4 00       		.byte	0
 1339 00d5 49       		.uleb128 0x49
 1340 00d6 13       		.uleb128 0x13
 1341 00d7 00       		.byte	0
 1342 00d8 00       		.byte	0
 1343 00d9 12       		.uleb128 0x12
 1344 00da 01       		.uleb128 0x1
 1345 00db 01       		.byte	0x1
 1346 00dc 49       		.uleb128 0x49
 1347 00dd 13       		.uleb128 0x13
 1348 00de 01       		.uleb128 0x1
 1349 00df 13       		.uleb128 0x13
 1350 00e0 00       		.byte	0
 1351 00e1 00       		.byte	0
 1352 00e2 13       		.uleb128 0x13
 1353 00e3 21       		.uleb128 0x21
 1354 00e4 00       		.byte	0
 1355 00e5 49       		.uleb128 0x49
 1356 00e6 13       		.uleb128 0x13
 1357 00e7 2F       		.uleb128 0x2f
 1358 00e8 0B       		.uleb128 0xb
 1359 00e9 00       		.byte	0
 1360 00ea 00       		.byte	0
 1361 00eb 14       		.uleb128 0x14
 1362 00ec 34       		.uleb128 0x34
 1363 00ed 00       		.byte	0
 1364 00ee 47       		.uleb128 0x47
 1365 00ef 13       		.uleb128 0x13
 1366 00f0 3A       		.uleb128 0x3a
 1367 00f1 0B       		.uleb128 0xb
 1368 00f2 3B       		.uleb128 0x3b
ARM GAS  /var/folders/l5/0x54b2c10074c8bt31ycjvl80000gp/T//ccRcizHQ.s 			page 25


 1369 00f3 0B       		.uleb128 0xb
 1370 00f4 39       		.uleb128 0x39
 1371 00f5 0B       		.uleb128 0xb
 1372 00f6 02       		.uleb128 0x2
 1373 00f7 18       		.uleb128 0x18
 1374 00f8 00       		.byte	0
 1375 00f9 00       		.byte	0
 1376 00fa 15       		.uleb128 0x15
 1377 00fb 2E       		.uleb128 0x2e
 1378 00fc 01       		.byte	0x1
 1379 00fd 3F       		.uleb128 0x3f
 1380 00fe 19       		.uleb128 0x19
 1381 00ff 03       		.uleb128 0x3
 1382 0100 0E       		.uleb128 0xe
 1383 0101 3A       		.uleb128 0x3a
 1384 0102 0B       		.uleb128 0xb
 1385 0103 3B       		.uleb128 0x3b
 1386 0104 0B       		.uleb128 0xb
 1387 0105 39       		.uleb128 0x39
 1388 0106 0B       		.uleb128 0xb
 1389 0107 27       		.uleb128 0x27
 1390 0108 19       		.uleb128 0x19
 1391 0109 49       		.uleb128 0x49
 1392 010a 13       		.uleb128 0x13
 1393 010b 11       		.uleb128 0x11
 1394 010c 01       		.uleb128 0x1
 1395 010d 12       		.uleb128 0x12
 1396 010e 06       		.uleb128 0x6
 1397 010f 40       		.uleb128 0x40
 1398 0110 18       		.uleb128 0x18
 1399 0111 9742     		.uleb128 0x2117
 1400 0113 19       		.uleb128 0x19
 1401 0114 01       		.uleb128 0x1
 1402 0115 13       		.uleb128 0x13
 1403 0116 00       		.byte	0
 1404 0117 00       		.byte	0
 1405 0118 16       		.uleb128 0x16
 1406 0119 05       		.uleb128 0x5
 1407 011a 00       		.byte	0
 1408 011b 03       		.uleb128 0x3
 1409 011c 08       		.uleb128 0x8
 1410 011d 3A       		.uleb128 0x3a
 1411 011e 0B       		.uleb128 0xb
 1412 011f 3B       		.uleb128 0x3b
 1413 0120 0B       		.uleb128 0xb
 1414 0121 39       		.uleb128 0x39
 1415 0122 0B       		.uleb128 0xb
 1416 0123 49       		.uleb128 0x49
 1417 0124 13       		.uleb128 0x13
 1418 0125 02       		.uleb128 0x2
 1419 0126 17       		.uleb128 0x17
 1420 0127 B742     		.uleb128 0x2137
 1421 0129 17       		.uleb128 0x17
 1422 012a 00       		.byte	0
 1423 012b 00       		.byte	0
 1424 012c 17       		.uleb128 0x17
 1425 012d 34       		.uleb128 0x34
ARM GAS  /var/folders/l5/0x54b2c10074c8bt31ycjvl80000gp/T//ccRcizHQ.s 			page 26


 1426 012e 00       		.byte	0
 1427 012f 03       		.uleb128 0x3
 1428 0130 08       		.uleb128 0x8
 1429 0131 3A       		.uleb128 0x3a
 1430 0132 0B       		.uleb128 0xb
 1431 0133 3B       		.uleb128 0x3b
 1432 0134 0B       		.uleb128 0xb
 1433 0135 39       		.uleb128 0x39
 1434 0136 0B       		.uleb128 0xb
 1435 0137 49       		.uleb128 0x49
 1436 0138 13       		.uleb128 0x13
 1437 0139 02       		.uleb128 0x2
 1438 013a 17       		.uleb128 0x17
 1439 013b B742     		.uleb128 0x2137
 1440 013d 17       		.uleb128 0x17
 1441 013e 00       		.byte	0
 1442 013f 00       		.byte	0
 1443 0140 18       		.uleb128 0x18
 1444 0141 898201   		.uleb128 0x4109
 1445 0144 01       		.byte	0x1
 1446 0145 11       		.uleb128 0x11
 1447 0146 01       		.uleb128 0x1
 1448 0147 31       		.uleb128 0x31
 1449 0148 13       		.uleb128 0x13
 1450 0149 00       		.byte	0
 1451 014a 00       		.byte	0
 1452 014b 19       		.uleb128 0x19
 1453 014c 8A8201   		.uleb128 0x410a
 1454 014f 00       		.byte	0
 1455 0150 02       		.uleb128 0x2
 1456 0151 18       		.uleb128 0x18
 1457 0152 9142     		.uleb128 0x2111
 1458 0154 18       		.uleb128 0x18
 1459 0155 00       		.byte	0
 1460 0156 00       		.byte	0
 1461 0157 1A       		.uleb128 0x1a
 1462 0158 2E       		.uleb128 0x2e
 1463 0159 00       		.byte	0
 1464 015a 3F       		.uleb128 0x3f
 1465 015b 19       		.uleb128 0x19
 1466 015c 3C       		.uleb128 0x3c
 1467 015d 19       		.uleb128 0x19
 1468 015e 6E       		.uleb128 0x6e
 1469 015f 0E       		.uleb128 0xe
 1470 0160 03       		.uleb128 0x3
 1471 0161 0E       		.uleb128 0xe
 1472 0162 3A       		.uleb128 0x3a
 1473 0163 0B       		.uleb128 0xb
 1474 0164 3B       		.uleb128 0x3b
 1475 0165 0B       		.uleb128 0xb
 1476 0166 39       		.uleb128 0x39
 1477 0167 0B       		.uleb128 0xb
 1478 0168 00       		.byte	0
 1479 0169 00       		.byte	0
 1480 016a 00       		.byte	0
 1481              		.section	.debug_loc,"",%progbits
 1482              	.Ldebug_loc0:
ARM GAS  /var/folders/l5/0x54b2c10074c8bt31ycjvl80000gp/T//ccRcizHQ.s 			page 27


 1483              	.LVUS1:
 1484 0000 00       		.uleb128 0
 1485 0001 00       		.uleb128 .LVU37
 1486 0002 00       		.uleb128 .LVU37
 1487 0003 00       		.uleb128 0
 1488              	.LLST1:
 1489 0004 00000000 		.4byte	.LVL1
 1490 0008 2B000000 		.4byte	.LVL4-1
 1491 000c 0100     		.2byte	0x1
 1492 000e 50       		.byte	0x50
 1493 000f 2B000000 		.4byte	.LVL4-1
 1494 0013 38000000 		.4byte	.LFE8
 1495 0017 0400     		.2byte	0x4
 1496 0019 F3       		.byte	0xf3
 1497 001a 01       		.uleb128 0x1
 1498 001b 50       		.byte	0x50
 1499 001c 9F       		.byte	0x9f
 1500 001d 00000000 		.4byte	0
 1501 0021 00000000 		.4byte	0
 1502              	.LVUS2:
 1503 0025 00       		.uleb128 .LVU24
 1504 0026 00       		.uleb128 0
 1505              	.LLST2:
 1506 0027 10000000 		.4byte	.LVL2
 1507 002b 38000000 		.4byte	.LFE8
 1508 002f 0100     		.2byte	0x1
 1509 0031 54       		.byte	0x54
 1510 0032 00000000 		.4byte	0
 1511 0036 00000000 		.4byte	0
 1512              	.LVUS0:
 1513 003a 00       		.uleb128 .LVU7
 1514 003b 00       		.uleb128 0
 1515              	.LLST0:
 1516 003c 0C000000 		.4byte	.LVL0
 1517 0040 24000000 		.4byte	.LFE7
 1518 0044 0100     		.2byte	0x1
 1519 0046 50       		.byte	0x50
 1520 0047 00000000 		.4byte	0
 1521 004b 00000000 		.4byte	0
 1522              		.section	.debug_aranges,"",%progbits
 1523 0000 24000000 		.4byte	0x24
 1524 0004 0200     		.2byte	0x2
 1525 0006 00000000 		.4byte	.Ldebug_info0
 1526 000a 04       		.byte	0x4
 1527 000b 00       		.byte	0
 1528 000c 0000     		.2byte	0
 1529 000e 0000     		.2byte	0
 1530 0010 00000000 		.4byte	.LFB7
 1531 0014 24000000 		.4byte	.LFE7-.LFB7
 1532 0018 00000000 		.4byte	.LFB8
 1533 001c 38000000 		.4byte	.LFE8-.LFB8
 1534 0020 00000000 		.4byte	0
 1535 0024 00000000 		.4byte	0
 1536              		.section	.debug_ranges,"",%progbits
 1537              	.Ldebug_ranges0:
 1538 0000 00000000 		.4byte	.LFB7
 1539 0004 24000000 		.4byte	.LFE7
ARM GAS  /var/folders/l5/0x54b2c10074c8bt31ycjvl80000gp/T//ccRcizHQ.s 			page 28


 1540 0008 00000000 		.4byte	.LFB8
 1541 000c 38000000 		.4byte	.LFE8
 1542 0010 00000000 		.4byte	0
 1543 0014 00000000 		.4byte	0
 1544              		.section	.debug_line,"",%progbits
 1545              	.Ldebug_line0:
 1546 0000 94020000 		.section	.debug_str,"MS",%progbits,1
 1546      0300F901 
 1546      00000201 
 1546      FB0E0D00 
 1546      01010101 
 1547              	.LASF86:
 1548 0000 63665F6F 		.ascii	"cf_off_older\000"
 1548      66665F6F 
 1548      6C646572 
 1548      00
 1549              	.LASF39:
 1550 000d 705F6D73 		.ascii	"p_msg\000"
 1550      6700
 1551              	.LASF2:
 1552 0013 73697A65 		.ascii	"size_t\000"
 1552      5F7400
 1553              	.LASF71:
 1554 001a 7264796D 		.ascii	"rdymsg\000"
 1554      736700
 1555              	.LASF3:
 1556 0021 5F5F7569 		.ascii	"__uint8_t\000"
 1556      6E74385F 
 1556      7400
 1557              	.LASF65:
 1558 002b 76746C69 		.ascii	"vtlist\000"
 1558      737400
 1559              	.LASF13:
 1560 0032 6C6F6E67 		.ascii	"long long unsigned int\000"
 1560      206C6F6E 
 1560      6720756E 
 1560      7369676E 
 1560      65642069 
 1561              	.LASF82:
 1562 0049 63685F74 		.ascii	"ch_threadsize\000"
 1562      68726561 
 1562      6473697A 
 1562      6500
 1563              	.LASF72:
 1564 0057 65786974 		.ascii	"exitcode\000"
 1564      636F6465 
 1564      00
 1565              	.LASF98:
 1566 0060 63685265 		.ascii	"chRegFirstThread\000"
 1566      67466972 
 1566      73745468 
 1566      72656164 
 1566      00
 1567              	.LASF28:
 1568 0071 705F7072 		.ascii	"p_prio\000"
 1568      696F00
 1569              	.LASF89:
ARM GAS  /var/folders/l5/0x54b2c10074c8bt31ycjvl80000gp/T//ccRcizHQ.s 			page 29


 1570 0078 63665F6F 		.ascii	"cf_off_state\000"
 1570      66665F73 
 1570      74617465 
 1570      00
 1571              	.LASF12:
 1572 0085 6C6F6E67 		.ascii	"long long int\000"
 1572      206C6F6E 
 1572      6720696E 
 1572      7400
 1573              	.LASF1:
 1574 0093 7369676E 		.ascii	"signed char\000"
 1574      65642063 
 1574      68617200 
 1575              	.LASF88:
 1576 009f 63665F6F 		.ascii	"cf_off_stklimit\000"
 1576      66665F73 
 1576      746B6C69 
 1576      6D697400 
 1577              	.LASF90:
 1578 00af 63665F6F 		.ascii	"cf_off_flags\000"
 1578      66665F66 
 1578      6C616773 
 1578      00
 1579              	.LASF68:
 1580 00bc 6D5F7175 		.ascii	"m_queue\000"
 1580      65756500 
 1581              	.LASF76:
 1582 00c4 63685F69 		.ascii	"ch_identifier\000"
 1582      64656E74 
 1582      69666965 
 1582      7200
 1583              	.LASF9:
 1584 00d2 6C6F6E67 		.ascii	"long int\000"
 1584      20696E74 
 1584      00
 1585              	.LASF19:
 1586 00db 74737461 		.ascii	"tstate_t\000"
 1586      74655F74 
 1586      00
 1587              	.LASF15:
 1588 00e4 75696E74 		.ascii	"uint16_t\000"
 1588      31365F74 
 1588      00
 1589              	.LASF94:
 1590 00ed 63686465 		.ascii	"chdebug_t\000"
 1590      6275675F 
 1590      7400
 1591              	.LASF30:
 1592 00f7 705F6E65 		.ascii	"p_newer\000"
 1592      77657200 
 1593              	.LASF96:
 1594 00ff 5F69646C 		.ascii	"_idle_thread_wa\000"
 1594      655F7468 
 1594      72656164 
 1594      5F776100 
 1595              	.LASF10:
 1596 010f 5F5F7569 		.ascii	"__uint32_t\000"
ARM GAS  /var/folders/l5/0x54b2c10074c8bt31ycjvl80000gp/T//ccRcizHQ.s 			page 30


 1596      6E743332 
 1596      5F7400
 1597              	.LASF46:
 1598 011a 72656761 		.ascii	"regarm_t\000"
 1598      726D5F74 
 1598      00
 1599              	.LASF52:
 1600 0123 76745F70 		.ascii	"vt_prev\000"
 1600      72657600 
 1601              	.LASF0:
 1602 012b 756E7369 		.ascii	"unsigned int\000"
 1602      676E6564 
 1602      20696E74 
 1602      00
 1603              	.LASF51:
 1604 0138 76745F6E 		.ascii	"vt_next\000"
 1604      65787400 
 1605              	.LASF11:
 1606 0140 6C6F6E67 		.ascii	"long unsigned int\000"
 1606      20756E73 
 1606      69676E65 
 1606      6420696E 
 1606      7400
 1607              	.LASF95:
 1608 0152 63685F64 		.ascii	"ch_debug\000"
 1608      65627567 
 1608      00
 1609              	.LASF49:
 1610 015b 76746675 		.ascii	"vtfunc_t\000"
 1610      6E635F74 
 1610      00
 1611              	.LASF48:
 1612 0164 636F6E74 		.ascii	"context\000"
 1612      65787400 
 1613              	.LASF7:
 1614 016c 73686F72 		.ascii	"short unsigned int\000"
 1614      7420756E 
 1614      7369676E 
 1614      65642069 
 1614      6E7400
 1615              	.LASF22:
 1616 017f 6D73675F 		.ascii	"msg_t\000"
 1616      7400
 1617              	.LASF61:
 1618 0185 725F6E65 		.ascii	"r_newer\000"
 1618      77657200 
 1619              	.LASF99:
 1620 018d 474E5520 		.ascii	"GNU C17 8.3.1 20190703 (release) [gcc-8-branch revi"
 1620      43313720 
 1620      382E332E 
 1620      31203230 
 1620      31393037 
 1621 01c0 73696F6E 		.ascii	"sion 273027] -mcpu=arm1176jz-s -mno-thumb-interwork"
 1621      20323733 
 1621      3032375D 
 1621      202D6D63 
 1621      70753D61 
ARM GAS  /var/folders/l5/0x54b2c10074c8bt31ycjvl80000gp/T//ccRcizHQ.s 			page 31


 1622 01f3 202D6D66 		.ascii	" -mfloat-abi=soft -marm -march=armv6kz -ggdb -O2 -f"
 1622      6C6F6174 
 1622      2D616269 
 1622      3D736F66 
 1622      74202D6D 
 1623 0226 6F6D6974 		.ascii	"omit-frame-pointer -ffunction-sections -fdata-secti"
 1623      2D667261 
 1623      6D652D70 
 1623      6F696E74 
 1623      6572202D 
 1624 0259 6F6E7300 		.ascii	"ons\000"
 1625              	.LASF18:
 1626 025d 746D6F64 		.ascii	"tmode_t\000"
 1626      655F7400 
 1627              	.LASF44:
 1628 0265 54687265 		.ascii	"ThreadsList\000"
 1628      6164734C 
 1628      69737400 
 1629              	.LASF23:
 1630 0271 6576656E 		.ascii	"eventmask_t\000"
 1630      746D6173 
 1630      6B5F7400 
 1631              	.LASF67:
 1632 027d 4D757465 		.ascii	"Mutex\000"
 1632      7800
 1633              	.LASF45:
 1634 0283 73746B61 		.ascii	"stkalign_t\000"
 1634      6C69676E 
 1634      5F7400
 1635              	.LASF77:
 1636 028e 63685F7A 		.ascii	"ch_zero\000"
 1636      65726F00 
 1637              	.LASF91:
 1638 0296 63665F6F 		.ascii	"cf_off_refs\000"
 1638      66665F72 
 1638      65667300 
 1639              	.LASF53:
 1640 02a2 76745F74 		.ascii	"vt_time\000"
 1640      696D6500 
 1641              	.LASF54:
 1642 02aa 76745F66 		.ascii	"vt_func\000"
 1642      756E6300 
 1643              	.LASF81:
 1644 02b2 63685F74 		.ascii	"ch_timesize\000"
 1644      696D6573 
 1644      697A6500 
 1645              	.LASF87:
 1646 02be 63665F6F 		.ascii	"cf_off_name\000"
 1646      66665F6E 
 1646      616D6500 
 1647              	.LASF31:
 1648 02ca 705F6F6C 		.ascii	"p_older\000"
 1648      64657200 
 1649              	.LASF60:
 1650 02d2 725F6374 		.ascii	"r_ctx\000"
 1650      7800
 1651              	.LASF43:
ARM GAS  /var/folders/l5/0x54b2c10074c8bt31ycjvl80000gp/T//ccRcizHQ.s 			page 32


 1652 02d8 54687265 		.ascii	"ThreadsQueue\000"
 1652      61647351 
 1652      75657565 
 1652      00
 1653              	.LASF78:
 1654 02e5 63685F73 		.ascii	"ch_size\000"
 1654      697A6500 
 1655              	.LASF63:
 1656 02ed 725F6375 		.ascii	"r_current\000"
 1656      7272656E 
 1656      7400
 1657              	.LASF62:
 1658 02f7 725F6F6C 		.ascii	"r_older\000"
 1658      64657200 
 1659              	.LASF20:
 1660 02ff 74726566 		.ascii	"trefs_t\000"
 1660      735F7400 
 1661              	.LASF80:
 1662 0307 63685F70 		.ascii	"ch_ptrsize\000"
 1662      74727369 
 1662      7A6500
 1663              	.LASF27:
 1664 0312 705F7072 		.ascii	"p_prev\000"
 1664      657600
 1665              	.LASF21:
 1666 0319 74707269 		.ascii	"tprio_t\000"
 1666      6F5F7400 
 1667              	.LASF16:
 1668 0321 696E7433 		.ascii	"int32_t\000"
 1668      325F7400 
 1669              	.LASF4:
 1670 0329 756E7369 		.ascii	"unsigned char\000"
 1670      676E6564 
 1670      20636861 
 1670      7200
 1671              	.LASF41:
 1672 0337 705F6D74 		.ascii	"p_mtxlist\000"
 1672      786C6973 
 1672      7400
 1673              	.LASF5:
 1674 0341 73686F72 		.ascii	"short int\000"
 1674      7420696E 
 1674      7400
 1675              	.LASF33:
 1676 034b 705F7374 		.ascii	"p_state\000"
 1676      61746500 
 1677              	.LASF93:
 1678 0353 63665F6F 		.ascii	"cf_off_time\000"
 1678      66665F74 
 1678      696D6500 
 1679              	.LASF59:
 1680 035f 725F7072 		.ascii	"r_prio\000"
 1680      696F00
 1681              	.LASF74:
 1682 0366 65776D61 		.ascii	"ewmask\000"
 1682      736B00
 1683              	.LASF26:
ARM GAS  /var/folders/l5/0x54b2c10074c8bt31ycjvl80000gp/T//ccRcizHQ.s 			page 33


 1684 036d 705F6E65 		.ascii	"p_next\000"
 1684      787400
 1685              	.LASF92:
 1686 0374 63665F6F 		.ascii	"cf_off_preempt\000"
 1686      66665F70 
 1686      7265656D 
 1686      707400
 1687              	.LASF34:
 1688 0383 705F666C 		.ascii	"p_flags\000"
 1688      61677300 
 1689              	.LASF102:
 1690 038b 63685468 		.ascii	"chThdRelease\000"
 1690      6452656C 
 1690      65617365 
 1690      00
 1691              	.LASF25:
 1692 0398 54687265 		.ascii	"Thread\000"
 1692      616400
 1693              	.LASF85:
 1694 039f 63665F6F 		.ascii	"cf_off_newer\000"
 1694      66665F6E 
 1694      65776572 
 1694      00
 1695              	.LASF40:
 1696 03ac 705F6570 		.ascii	"p_epending\000"
 1696      656E6469 
 1696      6E6700
 1697              	.LASF17:
 1698 03b7 75696E74 		.ascii	"uint32_t\000"
 1698      33325F74 
 1698      00
 1699              	.LASF83:
 1700 03c0 63665F6F 		.ascii	"cf_off_prio\000"
 1700      66665F70 
 1700      72696F00 
 1701              	.LASF58:
 1702 03cc 725F7175 		.ascii	"r_queue\000"
 1702      65756500 
 1703              	.LASF50:
 1704 03d4 56697274 		.ascii	"VirtualTimer\000"
 1704      75616C54 
 1704      696D6572 
 1704      00
 1705              	.LASF75:
 1706 03e1 63686172 		.ascii	"char\000"
 1706      00
 1707              	.LASF97:
 1708 03e6 63685265 		.ascii	"chRegNextThread\000"
 1708      674E6578 
 1708      74546872 
 1708      65616400 
 1709              	.LASF6:
 1710 03f6 5F5F7569 		.ascii	"__uint16_t\000"
 1710      6E743136 
 1710      5F7400
 1711              	.LASF70:
 1712 0401 6D5F6E65 		.ascii	"m_next\000"
ARM GAS  /var/folders/l5/0x54b2c10074c8bt31ycjvl80000gp/T//ccRcizHQ.s 			page 34


 1712      787400
 1713              	.LASF24:
 1714 0408 73797374 		.ascii	"systime_t\000"
 1714      696D655F 
 1714      7400
 1715              	.LASF42:
 1716 0412 705F7265 		.ascii	"p_realprio\000"
 1716      616C7072 
 1716      696F00
 1717              	.LASF8:
 1718 041d 5F5F696E 		.ascii	"__int32_t\000"
 1718      7433325F 
 1718      7400
 1719              	.LASF36:
 1720 0427 705F7469 		.ascii	"p_time\000"
 1720      6D6500
 1721              	.LASF47:
 1722 042e 696E7463 		.ascii	"intctx\000"
 1722      747800
 1723              	.LASF38:
 1724 0435 705F6D73 		.ascii	"p_msgqueue\000"
 1724      67717565 
 1724      756500
 1725              	.LASF55:
 1726 0440 76745F70 		.ascii	"vt_par\000"
 1726      617200
 1727              	.LASF100:
 1728 0447 2E2E2F2E 		.ascii	"../../os/kernel/src/chregistry.c\000"
 1728      2E2F6F73 
 1728      2F6B6572 
 1728      6E656C2F 
 1728      7372632F 
 1729              	.LASF84:
 1730 0468 63665F6F 		.ascii	"cf_off_ctx\000"
 1730      66665F63 
 1730      747800
 1731              	.LASF35:
 1732 0473 705F7265 		.ascii	"p_refs\000"
 1732      667300
 1733              	.LASF64:
 1734 047a 52656164 		.ascii	"ReadyList\000"
 1734      794C6973 
 1734      7400
 1735              	.LASF66:
 1736 0484 726C6973 		.ascii	"rlist\000"
 1736      7400
 1737              	.LASF14:
 1738 048a 75696E74 		.ascii	"uint8_t\000"
 1738      385F7400 
 1739              	.LASF73:
 1740 0492 77746F62 		.ascii	"wtobjp\000"
 1740      6A7000
 1741              	.LASF32:
 1742 0499 705F6E61 		.ascii	"p_name\000"
 1742      6D6500
 1743              	.LASF56:
 1744 04a0 76745F73 		.ascii	"vt_systime\000"
ARM GAS  /var/folders/l5/0x54b2c10074c8bt31ycjvl80000gp/T//ccRcizHQ.s 			page 35


 1744      79737469 
 1744      6D6500
 1745              	.LASF79:
 1746 04ab 63685F76 		.ascii	"ch_version\000"
 1746      65727369 
 1746      6F6E00
 1747              	.LASF101:
 1748 04b6 2F557365 		.ascii	"/Users/fernandoguirado/eclipse-workspace/ChibiOS-RP"
 1748      72732F66 
 1748      65726E61 
 1748      6E646F67 
 1748      75697261 
 1749 04e9 692D636F 		.ascii	"i-copia/demos/timers\000"
 1749      7069612F 
 1749      64656D6F 
 1749      732F7469 
 1749      6D657273 
 1750              	.LASF57:
 1751 04fe 56544C69 		.ascii	"VTList\000"
 1751      737400
 1752              	.LASF69:
 1753 0505 6D5F6F77 		.ascii	"m_owner\000"
 1753      6E657200 
 1754              	.LASF29:
 1755 050d 705F6374 		.ascii	"p_ctx\000"
 1755      7800
 1756              	.LASF37:
 1757 0513 705F7761 		.ascii	"p_waiting\000"
 1757      6974696E 
 1757      6700
 1758              		.ident	"GCC: (GNU Tools for Arm Embedded Processors 8-2019-q3-update) 8.3.1 20190703 (release) [gc
ARM GAS  /var/folders/l5/0x54b2c10074c8bt31ycjvl80000gp/T//ccRcizHQ.s 			page 36


DEFINED SYMBOLS
                            *ABS*:0000000000000000 chregistry.c
/var/folders/l5/0x54b2c10074c8bt31ycjvl80000gp/T//ccRcizHQ.s:16     .text.chRegFirstThread:0000000000000000 $a
/var/folders/l5/0x54b2c10074c8bt31ycjvl80000gp/T//ccRcizHQ.s:23     .text.chRegFirstThread:0000000000000000 chRegFirstThread
/var/folders/l5/0x54b2c10074c8bt31ycjvl80000gp/T//ccRcizHQ.s:66     .text.chRegFirstThread:0000000000000020 $d
/var/folders/l5/0x54b2c10074c8bt31ycjvl80000gp/T//ccRcizHQ.s:71     .text.chRegNextThread:0000000000000000 $a
/var/folders/l5/0x54b2c10074c8bt31ycjvl80000gp/T//ccRcizHQ.s:77     .text.chRegNextThread:0000000000000000 chRegNextThread
/var/folders/l5/0x54b2c10074c8bt31ycjvl80000gp/T//ccRcizHQ.s:140    .text.chRegNextThread:0000000000000034 $d
/var/folders/l5/0x54b2c10074c8bt31ycjvl80000gp/T//ccRcizHQ.s:149    .rodata.ch_debug:0000000000000000 ch_debug
/var/folders/l5/0x54b2c10074c8bt31ycjvl80000gp/T//ccRcizHQ.s:146    .rodata.ch_debug:0000000000000000 $d

UNDEFINED SYMBOLS
rlist
chThdRelease
