ARM GAS  /var/folders/l5/0x54b2c10074c8bt31ycjvl80000gp/T//ccYbhTvq.s 			page 1


   1              		.cpu arm1176jz-s
   2              		.eabi_attribute 20, 1
   3              		.eabi_attribute 21, 1
   4              		.eabi_attribute 23, 3
   5              		.eabi_attribute 24, 1
   6              		.eabi_attribute 25, 1
   7              		.eabi_attribute 26, 1
   8              		.eabi_attribute 30, 2
   9              		.eabi_attribute 34, 1
  10              		.eabi_attribute 18, 4
  11              		.file	"bcm2835.c"
  12              		.text
  13              	.Ltext0:
  14              		.cfi_sections	.debug_frame
  15              		.section	.text.bcm2835_gpio_fnsel,"ax",%progbits
  16              		.align	2
  17              		.global	bcm2835_gpio_fnsel
  18              		.arch armv6kz
  19              		.syntax unified
  20              		.arm
  21              		.fpu softvfp
  22              		.type	bcm2835_gpio_fnsel, %function
  23              	bcm2835_gpio_fnsel:
  24              	.LVL0:
  25              	.LFB0:
  26              		.file 1 "../../os/hal/platforms/BCM2835/bcm2835.c"
  27              		.loc 1 12 1 view -0
  28              		.cfi_startproc
  29              		@ args = 0, pretend = 0, frame = 0
  30              		@ frame_needed = 0, uses_anonymous_args = 0
  31              		.loc 1 13 3 view .LVU1
  32              		.loc 1 14 3 view .LVU2
  33              		.loc 1 12 1 is_stmt 0 view .LVU3
  34 0000 04E02DE5 		str	lr, [sp, #-4]!
  35              		.cfi_def_cfa_offset 4
  36              		.cfi_offset 14, -4
  37              		.loc 1 16 22 view .LVU4
  38 0004 07E0A0E3 		mov	lr, #7
  39              		.loc 1 14 12 view .LVU5
  40 0008 38209FE5 		ldr	r2, .L4
  41 000c 923082E0 		umull	r3, r2, r2, r0
  42 0010 A221A0E1 		lsr	r2, r2, #3
  43 0014 02C1A0E1 		lsl	ip, r2, #2
  44              		.loc 1 15 22 view .LVU6
  45 0018 02328CE2 		add	r3, ip, #536870912
  46 001c 023683E2 		add	r3, r3, #2097152
  47              		.loc 1 14 12 view .LVU7
  48 0020 02208CE0 		add	r2, ip, r2
  49 0024 820040E0 		sub	r0, r0, r2, lsl #1
  50              	.LVL1:
  51              		.loc 1 16 12 view .LVU8
  52 0028 002093E5 		ldr	r2, [r3]
  53              		.loc 1 14 12 view .LVU9
  54 002c 800080E0 		add	r0, r0, r0, lsl #1
  55              	.LVL2:
  56              		.loc 1 15 3 is_stmt 1 view .LVU10
  57              		.loc 1 16 3 view .LVU11
ARM GAS  /var/folders/l5/0x54b2c10074c8bt31ycjvl80000gp/T//ccYbhTvq.s 			page 2


  58              		.loc 1 16 12 is_stmt 0 view .LVU12
  59 0030 1E20C2E1 		bic	r2, r2, lr, lsl r0
  60 0034 002083E5 		str	r2, [r3]
  61              		.loc 1 17 3 is_stmt 1 view .LVU13
  62              		.loc 1 17 12 is_stmt 0 view .LVU14
  63 0038 002093E5 		ldr	r2, [r3]
  64 003c 111082E1 		orr	r1, r2, r1, lsl r0
  65              	.LVL3:
  66              		.loc 1 17 12 view .LVU15
  67 0040 001083E5 		str	r1, [r3]
  68              		.loc 1 18 1 view .LVU16
  69 0044 04F09DE4 		ldr	pc, [sp], #4
  70              	.L5:
  71              		.align	2
  72              	.L4:
  73 0048 CDCCCCCC 		.word	-858993459
  74              		.cfi_endproc
  75              	.LFE0:
  76              		.size	bcm2835_gpio_fnsel, .-bcm2835_gpio_fnsel
  77              		.section	.text.bcm2835_delay,"ax",%progbits
  78              		.align	2
  79              		.global	bcm2835_delay
  80              		.syntax unified
  81              		.arm
  82              		.fpu softvfp
  83              		.type	bcm2835_delay, %function
  84              	bcm2835_delay:
  85              	.LVL4:
  86              	.LFB1:
  87              		.loc 1 21 1 is_stmt 1 view -0
  88              		.cfi_startproc
  89              		@ args = 0, pretend = 0, frame = 8
  90              		@ frame_needed = 0, uses_anonymous_args = 0
  91              		@ link register save eliminated.
  92              		.loc 1 22 3 view .LVU18
  93              		.loc 1 22 21 is_stmt 0 view .LVU19
  94 0000 0030A0E3 		mov	r3, #0
  95              		.loc 1 21 1 view .LVU20
  96 0004 08D04DE2 		sub	sp, sp, #8
  97              		.cfi_def_cfa_offset 8
  98              		.loc 1 22 21 view .LVU21
  99 0008 04308DE5 		str	r3, [sp, #4]
 100              		.loc 1 23 3 is_stmt 1 view .LVU22
 101              		.loc 1 23 9 is_stmt 0 view .LVU23
 102 000c 04308DE5 		str	r3, [sp, #4]
 103              		.loc 1 23 16 view .LVU24
 104 0010 04309DE5 		ldr	r3, [sp, #4]
 105              		.loc 1 23 3 view .LVU25
 106 0014 030050E1 		cmp	r0, r3
 107 0018 0500009A 		bls	.L6
 108              	.L8:
 109              		.loc 1 23 25 is_stmt 1 discriminator 3 view .LVU26
 110              		.loc 1 23 22 is_stmt 0 discriminator 3 view .LVU27
 111 001c 04309DE5 		ldr	r3, [sp, #4]
 112 0020 013083E2 		add	r3, r3, #1
 113 0024 04308DE5 		str	r3, [sp, #4]
 114              		.loc 1 23 16 discriminator 3 view .LVU28
ARM GAS  /var/folders/l5/0x54b2c10074c8bt31ycjvl80000gp/T//ccYbhTvq.s 			page 3


 115 0028 04309DE5 		ldr	r3, [sp, #4]
 116              		.loc 1 23 3 discriminator 3 view .LVU29
 117 002c 000053E1 		cmp	r3, r0
 118 0030 F9FFFF3A 		bcc	.L8
 119              	.L6:
 120              		.loc 1 24 1 view .LVU30
 121 0034 08D08DE2 		add	sp, sp, #8
 122              		.cfi_def_cfa_offset 0
 123              		@ sp needed
 124 0038 1EFF2FE1 		bx	lr
 125              		.cfi_endproc
 126              	.LFE1:
 127              		.size	bcm2835_delay, .-bcm2835_delay
 128              		.text
 129              	.Letext0:
 130              		.file 2 "/usr/local/Cellar/arm-gcc-bin/8-2019-q3-update/arm-none-eabi/include/machine/_default_typ
 131              		.file 3 "/usr/local/Cellar/arm-gcc-bin/8-2019-q3-update/arm-none-eabi/include/sys/_stdint.h"
 132              		.section	.debug_info,"",%progbits
 133              	.Ldebug_info0:
 134 0000 36010000 		.4byte	0x136
 135 0004 0400     		.2byte	0x4
 136 0006 00000000 		.4byte	.Ldebug_abbrev0
 137 000a 04       		.byte	0x4
 138 000b 01       		.uleb128 0x1
 139 000c 89000000 		.4byte	.LASF18
 140 0010 0C       		.byte	0xc
 141 0011 13000000 		.4byte	.LASF19
 142 0015 64010000 		.4byte	.LASF20
 143 0019 00000000 		.4byte	.Ldebug_ranges0+0
 144 001d 00000000 		.4byte	0
 145 0021 00000000 		.4byte	.Ldebug_line0
 146 0025 02       		.uleb128 0x2
 147 0026 04       		.byte	0x4
 148 0027 07       		.byte	0x7
 149 0028 9F010000 		.4byte	.LASF0
 150 002c 03       		.uleb128 0x3
 151 002d 04       		.byte	0x4
 152 002e 05       		.byte	0x5
 153 002f 696E7400 		.ascii	"int\000"
 154 0033 02       		.uleb128 0x2
 155 0034 01       		.byte	0x1
 156 0035 06       		.byte	0x6
 157 0036 0A020000 		.4byte	.LASF1
 158 003a 02       		.uleb128 0x2
 159 003b 01       		.byte	0x1
 160 003c 08       		.byte	0x8
 161 003d 45000000 		.4byte	.LASF2
 162 0041 02       		.uleb128 0x2
 163 0042 02       		.byte	0x2
 164 0043 05       		.byte	0x5
 165 0044 E6010000 		.4byte	.LASF3
 166 0048 02       		.uleb128 0x2
 167 0049 02       		.byte	0x2
 168 004a 07       		.byte	0x7
 169 004b 65000000 		.4byte	.LASF4
 170 004f 02       		.uleb128 0x2
 171 0050 04       		.byte	0x4
ARM GAS  /var/folders/l5/0x54b2c10074c8bt31ycjvl80000gp/T//ccYbhTvq.s 			page 4


 172 0051 05       		.byte	0x5
 173 0052 01020000 		.4byte	.LASF5
 174 0056 04       		.uleb128 0x4
 175 0057 59010000 		.4byte	.LASF9
 176 005b 02       		.byte	0x2
 177 005c 4F       		.byte	0x4f
 178 005d 19       		.byte	0x19
 179 005e 62000000 		.4byte	0x62
 180 0062 02       		.uleb128 0x2
 181 0063 04       		.byte	0x4
 182 0064 07       		.byte	0x7
 183 0065 53000000 		.4byte	.LASF6
 184 0069 02       		.uleb128 0x2
 185 006a 08       		.byte	0x8
 186 006b 05       		.byte	0x5
 187 006c D1010000 		.4byte	.LASF7
 188 0070 02       		.uleb128 0x2
 189 0071 08       		.byte	0x8
 190 0072 07       		.byte	0x7
 191 0073 AC010000 		.4byte	.LASF8
 192 0077 04       		.uleb128 0x4
 193 0078 F8010000 		.4byte	.LASF10
 194 007c 03       		.byte	0x3
 195 007d 30       		.byte	0x30
 196 007e 14       		.byte	0x14
 197 007f 56000000 		.4byte	0x56
 198 0083 05       		.uleb128 0x5
 199 0084 77000000 		.4byte	0x77
 200 0088 06       		.uleb128 0x6
 201 0089 C3010000 		.4byte	.LASF11
 202 008d 01       		.byte	0x1
 203 008e 14       		.byte	0x14
 204 008f 06       		.byte	0x6
 205 0090 00000000 		.4byte	.LFB1
 206 0094 3C000000 		.4byte	.LFE1-.LFB1
 207 0098 01       		.uleb128 0x1
 208 0099 9C       		.byte	0x9c
 209 009a B8000000 		.4byte	0xb8
 210 009e 07       		.uleb128 0x7
 211 009f 6E00     		.ascii	"n\000"
 212 00a1 01       		.byte	0x1
 213 00a2 14       		.byte	0x14
 214 00a3 1D       		.byte	0x1d
 215 00a4 77000000 		.4byte	0x77
 216 00a8 01       		.uleb128 0x1
 217 00a9 50       		.byte	0x50
 218 00aa 08       		.uleb128 0x8
 219 00ab 6900     		.ascii	"i\000"
 220 00ad 01       		.byte	0x1
 221 00ae 16       		.byte	0x16
 222 00af 15       		.byte	0x15
 223 00b0 83000000 		.4byte	0x83
 224 00b4 02       		.uleb128 0x2
 225 00b5 91       		.byte	0x91
 226 00b6 7C       		.sleb128 -4
 227 00b7 00       		.byte	0
 228 00b8 06       		.uleb128 0x6
ARM GAS  /var/folders/l5/0x54b2c10074c8bt31ycjvl80000gp/T//ccYbhTvq.s 			page 5


 229 00b9 00000000 		.4byte	.LASF12
 230 00bd 01       		.byte	0x1
 231 00be 0B       		.byte	0xb
 232 00bf 06       		.byte	0x6
 233 00c0 00000000 		.4byte	.LFB0
 234 00c4 4C000000 		.4byte	.LFE0-.LFB0
 235 00c8 01       		.uleb128 0x1
 236 00c9 9C       		.byte	0x9c
 237 00ca 33010000 		.4byte	0x133
 238 00ce 09       		.uleb128 0x9
 239 00cf 80000000 		.4byte	.LASF13
 240 00d3 01       		.byte	0x1
 241 00d4 0B       		.byte	0xb
 242 00d5 22       		.byte	0x22
 243 00d6 77000000 		.4byte	0x77
 244 00da 04000000 		.4byte	.LLST0
 245 00de 00000000 		.4byte	.LVUS0
 246 00e2 09       		.uleb128 0x9
 247 00e3 78000000 		.4byte	.LASF14
 248 00e7 01       		.byte	0x1
 249 00e8 0B       		.byte	0xb
 250 00e9 35       		.byte	0x35
 251 00ea 77000000 		.4byte	0x77
 252 00ee 29000000 		.4byte	.LLST1
 253 00f2 25000000 		.4byte	.LVUS1
 254 00f6 0A       		.uleb128 0xa
 255 00f7 3C000000 		.4byte	.LASF15
 256 00fb 01       		.byte	0x1
 257 00fc 0D       		.byte	0xd
 258 00fd 0C       		.byte	0xc
 259 00fe 77000000 		.4byte	0x77
 260 0102 4E000000 		.4byte	.LLST2
 261 0106 4A000000 		.4byte	.LVUS2
 262 010a 0A       		.uleb128 0xa
 263 010b DF010000 		.4byte	.LASF16
 264 010f 01       		.byte	0x1
 265 0110 0E       		.byte	0xe
 266 0111 0C       		.byte	0xc
 267 0112 77000000 		.4byte	0x77
 268 0116 83000000 		.4byte	.LLST3
 269 011a 81000000 		.4byte	.LVUS3
 270 011e 0A       		.uleb128 0xa
 271 011f F0010000 		.4byte	.LASF17
 272 0123 01       		.byte	0x1
 273 0124 0F       		.byte	0xf
 274 0125 16       		.byte	0x16
 275 0126 33010000 		.4byte	0x133
 276 012a 98000000 		.4byte	.LLST4
 277 012e 96000000 		.4byte	.LVUS4
 278 0132 00       		.byte	0
 279 0133 0B       		.uleb128 0xb
 280 0134 04       		.byte	0x4
 281 0135 83000000 		.4byte	0x83
 282 0139 00       		.byte	0
 283              		.section	.debug_abbrev,"",%progbits
 284              	.Ldebug_abbrev0:
 285 0000 01       		.uleb128 0x1
ARM GAS  /var/folders/l5/0x54b2c10074c8bt31ycjvl80000gp/T//ccYbhTvq.s 			page 6


 286 0001 11       		.uleb128 0x11
 287 0002 01       		.byte	0x1
 288 0003 25       		.uleb128 0x25
 289 0004 0E       		.uleb128 0xe
 290 0005 13       		.uleb128 0x13
 291 0006 0B       		.uleb128 0xb
 292 0007 03       		.uleb128 0x3
 293 0008 0E       		.uleb128 0xe
 294 0009 1B       		.uleb128 0x1b
 295 000a 0E       		.uleb128 0xe
 296 000b 55       		.uleb128 0x55
 297 000c 17       		.uleb128 0x17
 298 000d 11       		.uleb128 0x11
 299 000e 01       		.uleb128 0x1
 300 000f 10       		.uleb128 0x10
 301 0010 17       		.uleb128 0x17
 302 0011 00       		.byte	0
 303 0012 00       		.byte	0
 304 0013 02       		.uleb128 0x2
 305 0014 24       		.uleb128 0x24
 306 0015 00       		.byte	0
 307 0016 0B       		.uleb128 0xb
 308 0017 0B       		.uleb128 0xb
 309 0018 3E       		.uleb128 0x3e
 310 0019 0B       		.uleb128 0xb
 311 001a 03       		.uleb128 0x3
 312 001b 0E       		.uleb128 0xe
 313 001c 00       		.byte	0
 314 001d 00       		.byte	0
 315 001e 03       		.uleb128 0x3
 316 001f 24       		.uleb128 0x24
 317 0020 00       		.byte	0
 318 0021 0B       		.uleb128 0xb
 319 0022 0B       		.uleb128 0xb
 320 0023 3E       		.uleb128 0x3e
 321 0024 0B       		.uleb128 0xb
 322 0025 03       		.uleb128 0x3
 323 0026 08       		.uleb128 0x8
 324 0027 00       		.byte	0
 325 0028 00       		.byte	0
 326 0029 04       		.uleb128 0x4
 327 002a 16       		.uleb128 0x16
 328 002b 00       		.byte	0
 329 002c 03       		.uleb128 0x3
 330 002d 0E       		.uleb128 0xe
 331 002e 3A       		.uleb128 0x3a
 332 002f 0B       		.uleb128 0xb
 333 0030 3B       		.uleb128 0x3b
 334 0031 0B       		.uleb128 0xb
 335 0032 39       		.uleb128 0x39
 336 0033 0B       		.uleb128 0xb
 337 0034 49       		.uleb128 0x49
 338 0035 13       		.uleb128 0x13
 339 0036 00       		.byte	0
 340 0037 00       		.byte	0
 341 0038 05       		.uleb128 0x5
 342 0039 35       		.uleb128 0x35
ARM GAS  /var/folders/l5/0x54b2c10074c8bt31ycjvl80000gp/T//ccYbhTvq.s 			page 7


 343 003a 00       		.byte	0
 344 003b 49       		.uleb128 0x49
 345 003c 13       		.uleb128 0x13
 346 003d 00       		.byte	0
 347 003e 00       		.byte	0
 348 003f 06       		.uleb128 0x6
 349 0040 2E       		.uleb128 0x2e
 350 0041 01       		.byte	0x1
 351 0042 3F       		.uleb128 0x3f
 352 0043 19       		.uleb128 0x19
 353 0044 03       		.uleb128 0x3
 354 0045 0E       		.uleb128 0xe
 355 0046 3A       		.uleb128 0x3a
 356 0047 0B       		.uleb128 0xb
 357 0048 3B       		.uleb128 0x3b
 358 0049 0B       		.uleb128 0xb
 359 004a 39       		.uleb128 0x39
 360 004b 0B       		.uleb128 0xb
 361 004c 27       		.uleb128 0x27
 362 004d 19       		.uleb128 0x19
 363 004e 11       		.uleb128 0x11
 364 004f 01       		.uleb128 0x1
 365 0050 12       		.uleb128 0x12
 366 0051 06       		.uleb128 0x6
 367 0052 40       		.uleb128 0x40
 368 0053 18       		.uleb128 0x18
 369 0054 9742     		.uleb128 0x2117
 370 0056 19       		.uleb128 0x19
 371 0057 01       		.uleb128 0x1
 372 0058 13       		.uleb128 0x13
 373 0059 00       		.byte	0
 374 005a 00       		.byte	0
 375 005b 07       		.uleb128 0x7
 376 005c 05       		.uleb128 0x5
 377 005d 00       		.byte	0
 378 005e 03       		.uleb128 0x3
 379 005f 08       		.uleb128 0x8
 380 0060 3A       		.uleb128 0x3a
 381 0061 0B       		.uleb128 0xb
 382 0062 3B       		.uleb128 0x3b
 383 0063 0B       		.uleb128 0xb
 384 0064 39       		.uleb128 0x39
 385 0065 0B       		.uleb128 0xb
 386 0066 49       		.uleb128 0x49
 387 0067 13       		.uleb128 0x13
 388 0068 02       		.uleb128 0x2
 389 0069 18       		.uleb128 0x18
 390 006a 00       		.byte	0
 391 006b 00       		.byte	0
 392 006c 08       		.uleb128 0x8
 393 006d 34       		.uleb128 0x34
 394 006e 00       		.byte	0
 395 006f 03       		.uleb128 0x3
 396 0070 08       		.uleb128 0x8
 397 0071 3A       		.uleb128 0x3a
 398 0072 0B       		.uleb128 0xb
 399 0073 3B       		.uleb128 0x3b
ARM GAS  /var/folders/l5/0x54b2c10074c8bt31ycjvl80000gp/T//ccYbhTvq.s 			page 8


 400 0074 0B       		.uleb128 0xb
 401 0075 39       		.uleb128 0x39
 402 0076 0B       		.uleb128 0xb
 403 0077 49       		.uleb128 0x49
 404 0078 13       		.uleb128 0x13
 405 0079 02       		.uleb128 0x2
 406 007a 18       		.uleb128 0x18
 407 007b 00       		.byte	0
 408 007c 00       		.byte	0
 409 007d 09       		.uleb128 0x9
 410 007e 05       		.uleb128 0x5
 411 007f 00       		.byte	0
 412 0080 03       		.uleb128 0x3
 413 0081 0E       		.uleb128 0xe
 414 0082 3A       		.uleb128 0x3a
 415 0083 0B       		.uleb128 0xb
 416 0084 3B       		.uleb128 0x3b
 417 0085 0B       		.uleb128 0xb
 418 0086 39       		.uleb128 0x39
 419 0087 0B       		.uleb128 0xb
 420 0088 49       		.uleb128 0x49
 421 0089 13       		.uleb128 0x13
 422 008a 02       		.uleb128 0x2
 423 008b 17       		.uleb128 0x17
 424 008c B742     		.uleb128 0x2137
 425 008e 17       		.uleb128 0x17
 426 008f 00       		.byte	0
 427 0090 00       		.byte	0
 428 0091 0A       		.uleb128 0xa
 429 0092 34       		.uleb128 0x34
 430 0093 00       		.byte	0
 431 0094 03       		.uleb128 0x3
 432 0095 0E       		.uleb128 0xe
 433 0096 3A       		.uleb128 0x3a
 434 0097 0B       		.uleb128 0xb
 435 0098 3B       		.uleb128 0x3b
 436 0099 0B       		.uleb128 0xb
 437 009a 39       		.uleb128 0x39
 438 009b 0B       		.uleb128 0xb
 439 009c 49       		.uleb128 0x49
 440 009d 13       		.uleb128 0x13
 441 009e 02       		.uleb128 0x2
 442 009f 17       		.uleb128 0x17
 443 00a0 B742     		.uleb128 0x2137
 444 00a2 17       		.uleb128 0x17
 445 00a3 00       		.byte	0
 446 00a4 00       		.byte	0
 447 00a5 0B       		.uleb128 0xb
 448 00a6 0F       		.uleb128 0xf
 449 00a7 00       		.byte	0
 450 00a8 0B       		.uleb128 0xb
 451 00a9 0B       		.uleb128 0xb
 452 00aa 49       		.uleb128 0x49
 453 00ab 13       		.uleb128 0x13
 454 00ac 00       		.byte	0
 455 00ad 00       		.byte	0
 456 00ae 00       		.byte	0
ARM GAS  /var/folders/l5/0x54b2c10074c8bt31ycjvl80000gp/T//ccYbhTvq.s 			page 9


 457              		.section	.debug_loc,"",%progbits
 458              	.Ldebug_loc0:
 459              	.LVUS0:
 460 0000 00       		.uleb128 0
 461 0001 00       		.uleb128 .LVU8
 462 0002 00       		.uleb128 .LVU8
 463 0003 00       		.uleb128 0
 464              	.LLST0:
 465 0004 00000000 		.4byte	.LVL0
 466 0008 28000000 		.4byte	.LVL1
 467 000c 0100     		.2byte	0x1
 468 000e 50       		.byte	0x50
 469 000f 28000000 		.4byte	.LVL1
 470 0013 4C000000 		.4byte	.LFE0
 471 0017 0400     		.2byte	0x4
 472 0019 F3       		.byte	0xf3
 473 001a 01       		.uleb128 0x1
 474 001b 50       		.byte	0x50
 475 001c 9F       		.byte	0x9f
 476 001d 00000000 		.4byte	0
 477 0021 00000000 		.4byte	0
 478              	.LVUS1:
 479 0025 00       		.uleb128 0
 480 0026 00       		.uleb128 .LVU15
 481 0027 00       		.uleb128 .LVU15
 482 0028 00       		.uleb128 0
 483              	.LLST1:
 484 0029 00000000 		.4byte	.LVL0
 485 002d 40000000 		.4byte	.LVL3
 486 0031 0100     		.2byte	0x1
 487 0033 51       		.byte	0x51
 488 0034 40000000 		.4byte	.LVL3
 489 0038 4C000000 		.4byte	.LFE0
 490 003c 0400     		.2byte	0x4
 491 003e F3       		.byte	0xf3
 492 003f 01       		.uleb128 0x1
 493 0040 51       		.byte	0x51
 494 0041 9F       		.byte	0x9f
 495 0042 00000000 		.4byte	0
 496 0046 00000000 		.4byte	0
 497              	.LVUS2:
 498 004a 02       		.uleb128 .LVU2
 499 004b 00       		.uleb128 .LVU8
 500 004c 00       		.uleb128 .LVU8
 501 004d 00       		.uleb128 0
 502              	.LLST2:
 503 004e 00000000 		.4byte	.LVL0
 504 0052 28000000 		.4byte	.LVL1
 505 0056 0B00     		.2byte	0xb
 506 0058 70       		.byte	0x70
 507 0059 00       		.sleb128 0
 508 005a F7       		.byte	0xf7
 509 005b 25       		.uleb128 0x25
 510 005c 3A       		.byte	0x3a
 511 005d F7       		.byte	0xf7
 512 005e 25       		.uleb128 0x25
 513 005f 1B       		.byte	0x1b
ARM GAS  /var/folders/l5/0x54b2c10074c8bt31ycjvl80000gp/T//ccYbhTvq.s 			page 10


 514 0060 F7       		.byte	0xf7
 515 0061 00       		.uleb128 0
 516 0062 9F       		.byte	0x9f
 517 0063 28000000 		.4byte	.LVL1
 518 0067 4C000000 		.4byte	.LFE0
 519 006b 0C00     		.2byte	0xc
 520 006d F3       		.byte	0xf3
 521 006e 01       		.uleb128 0x1
 522 006f 50       		.byte	0x50
 523 0070 F7       		.byte	0xf7
 524 0071 25       		.uleb128 0x25
 525 0072 3A       		.byte	0x3a
 526 0073 F7       		.byte	0xf7
 527 0074 25       		.uleb128 0x25
 528 0075 1B       		.byte	0x1b
 529 0076 F7       		.byte	0xf7
 530 0077 00       		.uleb128 0
 531 0078 9F       		.byte	0x9f
 532 0079 00000000 		.4byte	0
 533 007d 00000000 		.4byte	0
 534              	.LVUS3:
 535 0081 00       		.uleb128 .LVU10
 536 0082 00       		.uleb128 0
 537              	.LLST3:
 538 0083 30000000 		.4byte	.LVL2
 539 0087 4C000000 		.4byte	.LFE0
 540 008b 0100     		.2byte	0x1
 541 008d 50       		.byte	0x50
 542 008e 00000000 		.4byte	0
 543 0092 00000000 		.4byte	0
 544              	.LVUS4:
 545 0096 01       		.uleb128 .LVU11
 546 0097 00       		.uleb128 0
 547              	.LLST4:
 548 0098 30000000 		.4byte	.LVL2
 549 009c 4C000000 		.4byte	.LFE0
 550 00a0 0100     		.2byte	0x1
 551 00a2 53       		.byte	0x53
 552 00a3 00000000 		.4byte	0
 553 00a7 00000000 		.4byte	0
 554              		.section	.debug_aranges,"",%progbits
 555 0000 24000000 		.4byte	0x24
 556 0004 0200     		.2byte	0x2
 557 0006 00000000 		.4byte	.Ldebug_info0
 558 000a 04       		.byte	0x4
 559 000b 00       		.byte	0
 560 000c 0000     		.2byte	0
 561 000e 0000     		.2byte	0
 562 0010 00000000 		.4byte	.LFB0
 563 0014 4C000000 		.4byte	.LFE0-.LFB0
 564 0018 00000000 		.4byte	.LFB1
 565 001c 3C000000 		.4byte	.LFE1-.LFB1
 566 0020 00000000 		.4byte	0
 567 0024 00000000 		.4byte	0
 568              		.section	.debug_ranges,"",%progbits
 569              	.Ldebug_ranges0:
 570 0000 00000000 		.4byte	.LFB0
ARM GAS  /var/folders/l5/0x54b2c10074c8bt31ycjvl80000gp/T//ccYbhTvq.s 			page 11


 571 0004 4C000000 		.4byte	.LFE0
 572 0008 00000000 		.4byte	.LFB1
 573 000c 3C000000 		.4byte	.LFE1
 574 0010 00000000 		.4byte	0
 575 0014 00000000 		.4byte	0
 576              		.section	.debug_line,"",%progbits
 577              	.Ldebug_line0:
 578 0000 85010000 		.section	.debug_str,"MS",%progbits,1
 578      0300F600 
 578      00000201 
 578      FB0E0D00 
 578      01010101 
 579              	.LASF12:
 580 0000 62636D32 		.ascii	"bcm2835_gpio_fnsel\000"
 580      3833355F 
 580      6770696F 
 580      5F666E73 
 580      656C00
 581              	.LASF19:
 582 0013 2E2E2F2E 		.ascii	"../../os/hal/platforms/BCM2835/bcm2835.c\000"
 582      2E2F6F73 
 582      2F68616C 
 582      2F706C61 
 582      74666F72 
 583              	.LASF15:
 584 003c 6770666E 		.ascii	"gpfnbank\000"
 584      62616E6B 
 584      00
 585              	.LASF2:
 586 0045 756E7369 		.ascii	"unsigned char\000"
 586      676E6564 
 586      20636861 
 586      7200
 587              	.LASF6:
 588 0053 6C6F6E67 		.ascii	"long unsigned int\000"
 588      20756E73 
 588      69676E65 
 588      6420696E 
 588      7400
 589              	.LASF4:
 590 0065 73686F72 		.ascii	"short unsigned int\000"
 590      7420756E 
 590      7369676E 
 590      65642069 
 590      6E7400
 591              	.LASF14:
 592 0078 6770696F 		.ascii	"gpio_fn\000"
 592      5F666E00 
 593              	.LASF13:
 594 0080 6770696F 		.ascii	"gpio_pin\000"
 594      5F70696E 
 594      00
 595              	.LASF18:
 596 0089 474E5520 		.ascii	"GNU C17 8.3.1 20190703 (release) [gcc-8-branch revi"
 596      43313720 
 596      382E332E 
 596      31203230 
ARM GAS  /var/folders/l5/0x54b2c10074c8bt31ycjvl80000gp/T//ccYbhTvq.s 			page 12


 596      31393037 
 597 00bc 73696F6E 		.ascii	"sion 273027] -mcpu=arm1176jz-s -mno-thumb-interwork"
 597      20323733 
 597      3032375D 
 597      202D6D63 
 597      70753D61 
 598 00ef 202D6D66 		.ascii	" -mfloat-abi=soft -marm -march=armv6kz -ggdb -O2 -f"
 598      6C6F6174 
 598      2D616269 
 598      3D736F66 
 598      74202D6D 
 599 0122 6F6D6974 		.ascii	"omit-frame-pointer -ffunction-sections -fdata-secti"
 599      2D667261 
 599      6D652D70 
 599      6F696E74 
 599      6572202D 
 600 0155 6F6E7300 		.ascii	"ons\000"
 601              	.LASF9:
 602 0159 5F5F7569 		.ascii	"__uint32_t\000"
 602      6E743332 
 602      5F7400
 603              	.LASF20:
 604 0164 2F557365 		.ascii	"/Users/fernandoguirado/Desktop/Chibi/ChibiOS-RPi/de"
 604      72732F66 
 604      65726E61 
 604      6E646F67 
 604      75697261 
 605 0197 6D6F732F 		.ascii	"mos/led\000"
 605      6C656400 
 606              	.LASF0:
 607 019f 756E7369 		.ascii	"unsigned int\000"
 607      676E6564 
 607      20696E74 
 607      00
 608              	.LASF8:
 609 01ac 6C6F6E67 		.ascii	"long long unsigned int\000"
 609      206C6F6E 
 609      6720756E 
 609      7369676E 
 609      65642069 
 610              	.LASF11:
 611 01c3 62636D32 		.ascii	"bcm2835_delay\000"
 611      3833355F 
 611      64656C61 
 611      7900
 612              	.LASF7:
 613 01d1 6C6F6E67 		.ascii	"long long int\000"
 613      206C6F6E 
 613      6720696E 
 613      7400
 614              	.LASF16:
 615 01df 6F666673 		.ascii	"offset\000"
 615      657400
 616              	.LASF3:
 617 01e6 73686F72 		.ascii	"short int\000"
 617      7420696E 
 617      7400
ARM GAS  /var/folders/l5/0x54b2c10074c8bt31ycjvl80000gp/T//ccYbhTvq.s 			page 13


 618              	.LASF17:
 619 01f0 6770666E 		.ascii	"gpfnsel\000"
 619      73656C00 
 620              	.LASF10:
 621 01f8 75696E74 		.ascii	"uint32_t\000"
 621      33325F74 
 621      00
 622              	.LASF5:
 623 0201 6C6F6E67 		.ascii	"long int\000"
 623      20696E74 
 623      00
 624              	.LASF1:
 625 020a 7369676E 		.ascii	"signed char\000"
 625      65642063 
 625      68617200 
 626              		.ident	"GCC: (GNU Tools for Arm Embedded Processors 8-2019-q3-update) 8.3.1 20190703 (release) [gc
ARM GAS  /var/folders/l5/0x54b2c10074c8bt31ycjvl80000gp/T//ccYbhTvq.s 			page 14


DEFINED SYMBOLS
                            *ABS*:0000000000000000 bcm2835.c
/var/folders/l5/0x54b2c10074c8bt31ycjvl80000gp/T//ccYbhTvq.s:16     .text.bcm2835_gpio_fnsel:0000000000000000 $a
/var/folders/l5/0x54b2c10074c8bt31ycjvl80000gp/T//ccYbhTvq.s:23     .text.bcm2835_gpio_fnsel:0000000000000000 bcm2835_gpio_fnsel
/var/folders/l5/0x54b2c10074c8bt31ycjvl80000gp/T//ccYbhTvq.s:73     .text.bcm2835_gpio_fnsel:0000000000000048 $d
/var/folders/l5/0x54b2c10074c8bt31ycjvl80000gp/T//ccYbhTvq.s:78     .text.bcm2835_delay:0000000000000000 $a
/var/folders/l5/0x54b2c10074c8bt31ycjvl80000gp/T//ccYbhTvq.s:84     .text.bcm2835_delay:0000000000000000 bcm2835_delay

NO UNDEFINED SYMBOLS
