ARM GAS  /var/folders/l5/0x54b2c10074c8bt31ycjvl80000gp/T//ccKBRv7A.s 			page 1


   1              		.cpu arm1176jz-s
   2              		.eabi_attribute 20, 1
   3              		.eabi_attribute 21, 1
   4              		.eabi_attribute 23, 3
   5              		.eabi_attribute 24, 1
   6              		.eabi_attribute 25, 1
   7              		.eabi_attribute 26, 1
   8              		.eabi_attribute 30, 2
   9              		.eabi_attribute 34, 1
  10              		.eabi_attribute 18, 4
  11              		.file	"chregistry.c"
  12              		.text
  13              	.Ltext0:
  14              		.cfi_sections	.debug_frame
  15              		.section	.text.chRegFirstThread,"ax",%progbits
  16              		.align	2
  17              		.global	chRegFirstThread
  18              		.arch armv6kz
  19              		.syntax unified
  20              		.arm
  21              		.fpu softvfp
  22              		.type	chRegFirstThread, %function
  23              	chRegFirstThread:
  24              	.LFB7:
  25              		.file 1 "../../os/kernel/src/chregistry.c"
  26              		.loc 1 110 32 view -0
  27              		.cfi_startproc
  28              		@ args = 0, pretend = 0, frame = 0
  29              		@ frame_needed = 0, uses_anonymous_args = 0
  30              		@ link register save eliminated.
  31              		.loc 1 111 3 view .LVU1
  32              		.loc 1 113 3 view .LVU2
  33              		.syntax divided
  34              	@ 113 "../../os/kernel/src/chregistry.c" 1
  35 0000 9FF021E3 		msr     CPSR_c, #0x9F
  36              	@ 0 "" 2
  37              		.loc 1 113 3 view .LVU3
  38              		.loc 1 113 14 view .LVU4
  39              		.loc 1 114 3 view .LVU5
  40              		.loc 1 114 6 is_stmt 0 view .LVU6
  41              		.arm
  42              		.syntax unified
  43 0004 14309FE5 		ldr	r3, .L3
  44 0008 100093E5 		ldr	r0, [r3, #16]
  45              	.LVL0:
  46              		.loc 1 116 3 is_stmt 1 view .LVU7
  47              		.loc 1 116 13 is_stmt 0 view .LVU8
  48 000c 1E30D0E5 		ldrb	r3, [r0, #30]	@ zero_extendqisi2
  49 0010 013083E2 		add	r3, r3, #1
  50 0014 1E30C0E5 		strb	r3, [r0, #30]
  51              		.loc 1 118 3 is_stmt 1 view .LVU9
  52              		.loc 1 118 3 view .LVU10
  53              		.syntax divided
  54              	@ 118 "../../os/kernel/src/chregistry.c" 1
  55 0018 1FF021E3 		msr     CPSR_c, #0x1F
  56              	@ 0 "" 2
  57              		.loc 1 118 16 view .LVU11
ARM GAS  /var/folders/l5/0x54b2c10074c8bt31ycjvl80000gp/T//ccKBRv7A.s 			page 2


  58              		.loc 1 119 3 view .LVU12
  59              		.loc 1 120 1 is_stmt 0 view .LVU13
  60              		.arm
  61              		.syntax unified
  62 001c 1EFF2FE1 		bx	lr
  63              	.L4:
  64              		.align	2
  65              	.L3:
  66 0020 00000000 		.word	rlist
  67              		.cfi_endproc
  68              	.LFE7:
  69              		.size	chRegFirstThread, .-chRegFirstThread
  70              		.section	.text.chRegNextThread,"ax",%progbits
  71              		.align	2
  72              		.global	chRegNextThread
  73              		.syntax unified
  74              		.arm
  75              		.fpu softvfp
  76              		.type	chRegNextThread, %function
  77              	chRegNextThread:
  78              	.LVL1:
  79              	.LFB8:
  80              		.loc 1 133 37 is_stmt 1 view -0
  81              		.cfi_startproc
  82              		@ args = 0, pretend = 0, frame = 0
  83              		@ frame_needed = 0, uses_anonymous_args = 0
  84              		.loc 1 134 3 view .LVU15
  85              		.loc 1 136 3 view .LVU16
  86              		.loc 1 133 37 is_stmt 0 view .LVU17
  87 0000 10402DE9 		push	{r4, lr}
  88              		.cfi_def_cfa_offset 8
  89              		.cfi_offset 4, -8
  90              		.cfi_offset 14, -4
  91              		.loc 1 136 3 view .LVU18
  92              		.syntax divided
  93              	@ 136 "../../os/kernel/src/chregistry.c" 1
  94 0004 9FF021E3 		msr     CPSR_c, #0x9F
  95              	@ 0 "" 2
  96              		.loc 1 136 3 is_stmt 1 view .LVU19
  97              		.loc 1 136 14 view .LVU20
  98              		.loc 1 137 3 view .LVU21
  99              		.loc 1 138 6 is_stmt 0 view .LVU22
 100              		.arm
 101              		.syntax unified
 102 0008 24309FE5 		ldr	r3, .L9
 103              		.loc 1 137 7 view .LVU23
 104 000c 104090E5 		ldr	r4, [r0, #16]
 105              	.LVL2:
 106              		.loc 1 138 3 is_stmt 1 view .LVU24
 107              		.loc 1 138 6 is_stmt 0 view .LVU25
 108 0010 030054E1 		cmp	r4, r3
 109              		.loc 1 142 5 is_stmt 1 view .LVU26
 110              		.loc 1 143 39 view .LVU27
 111              		.loc 1 144 5 view .LVU28
 112              		.loc 1 144 16 is_stmt 0 view .LVU29
 113 0014 1E30D415 		ldrbne	r3, [r4, #30]	@ zero_extendqisi2
 114              		.loc 1 139 9 view .LVU30
ARM GAS  /var/folders/l5/0x54b2c10074c8bt31ycjvl80000gp/T//ccKBRv7A.s 			page 3


 115 0018 0040A003 		moveq	r4, #0
 116              	.LVL3:
 117              		.loc 1 147 3 is_stmt 1 view .LVU31
 118              		.loc 1 147 3 view .LVU32
 119              		.loc 1 144 16 is_stmt 0 view .LVU33
 120 001c 01308312 		addne	r3, r3, #1
 121 0020 1E30C415 		strbne	r3, [r4, #30]
 122              		.loc 1 147 3 view .LVU34
 123              		.syntax divided
 124              	@ 147 "../../os/kernel/src/chregistry.c" 1
 125 0024 1FF021E3 		msr     CPSR_c, #0x1F
 126              	@ 0 "" 2
 127              		.loc 1 147 16 is_stmt 1 view .LVU35
 128              		.loc 1 149 3 view .LVU36
 129              		.arm
 130              		.syntax unified
 131 0028 FEFFFFEB 		bl	chThdRelease
 132              	.LVL4:
 133              		.loc 1 151 3 view .LVU37
 134              		.loc 1 152 1 is_stmt 0 view .LVU38
 135 002c 0400A0E1 		mov	r0, r4
 136 0030 1080BDE8 		pop	{r4, pc}
 137              	.L10:
 138              		.align	2
 139              	.L9:
 140 0034 00000000 		.word	rlist
 141              		.cfi_endproc
 142              	.LFE8:
 143              		.size	chRegNextThread, .-chRegNextThread
 144              		.global	ch_debug
 145              		.section	.rodata.ch_debug,"a"
 146              		.align	2
 147              		.type	ch_debug, %object
 148              		.size	ch_debug, 22
 149              	ch_debug:
 150 0000 6D61696E 		.ascii	"main"
 151 0004 00       		.byte	0
 152 0005 16       		.byte	22
 153 0006 4111     		.short	4417
 154 0008 04       		.byte	4
 155 0009 04       		.byte	4
 156 000a 44       		.byte	68
 157 000b 08       		.byte	8
 158 000c 0C       		.byte	12
 159 000d 10       		.byte	16
 160 000e 14       		.byte	20
 161 000f 18       		.byte	24
 162 0010 00       		.byte	0
 163 0011 1C       		.byte	28
 164 0012 1D       		.byte	29
 165 0013 1E       		.byte	30
 166 0014 1F       		.byte	31
 167 0015 20       		.byte	32
 168              		.text
 169              	.Letext0:
 170              		.file 2 "/usr/local/Cellar/arm-gcc-bin/8-2019-q3-update/lib/gcc/arm-none-eabi/8.3.1/include/stddef
 171              		.file 3 "/usr/local/Cellar/arm-gcc-bin/8-2019-q3-update/arm-none-eabi/include/machine/_default_typ
ARM GAS  /var/folders/l5/0x54b2c10074c8bt31ycjvl80000gp/T//ccKBRv7A.s 			page 4


 172              		.file 4 "/usr/local/Cellar/arm-gcc-bin/8-2019-q3-update/arm-none-eabi/include/sys/_stdint.h"
 173              		.file 5 "../../os/ports/GCC/ARM/chtypes.h"
 174              		.file 6 "../../os/kernel/include/chlists.h"
 175              		.file 7 "../../os/kernel/include/chthreads.h"
 176              		.file 8 "../../os/ports/GCC/ARM/chcore.h"
 177              		.file 9 "../../os/kernel/include/chvt.h"
 178              		.file 10 "../../os/kernel/include/chschd.h"
 179              		.file 11 "../../os/kernel/include/chmtx.h"
 180              		.file 12 "../../os/kernel/include/chregistry.h"
 181              		.file 13 "../../os/kernel/include/ch.h"
 182              		.file 14 "../../os/kernel/include/chdynamic.h"
 183              		.section	.debug_info,"",%progbits
 184              	.Ldebug_info0:
 185 0000 0F070000 		.4byte	0x70f
 186 0004 0400     		.2byte	0x4
 187 0006 00000000 		.4byte	.Ldebug_abbrev0
 188 000a 04       		.byte	0x4
 189 000b 01       		.uleb128 0x1
 190 000c 97010000 		.4byte	.LASF101
 191 0010 0C       		.byte	0xc
 192 0011 96040000 		.4byte	.LASF102
 193 0015 D4020000 		.4byte	.LASF103
 194 0019 00000000 		.4byte	.Ldebug_ranges0+0
 195 001d 00000000 		.4byte	0
 196 0021 00000000 		.4byte	.Ldebug_line0
 197 0025 02       		.uleb128 0x2
 198 0026 04       		.byte	0x4
 199 0027 05       		.byte	0x5
 200 0028 696E7400 		.ascii	"int\000"
 201 002c 03       		.uleb128 0x3
 202 002d 13000000 		.4byte	.LASF2
 203 0031 02       		.byte	0x2
 204 0032 D8       		.byte	0xd8
 205 0033 17       		.byte	0x17
 206 0034 38000000 		.4byte	0x38
 207 0038 04       		.uleb128 0x4
 208 0039 04       		.byte	0x4
 209 003a 07       		.byte	0x7
 210 003b 27010000 		.4byte	.LASF0
 211 003f 04       		.uleb128 0x4
 212 0040 01       		.byte	0x1
 213 0041 06       		.byte	0x6
 214 0042 93000000 		.4byte	.LASF1
 215 0046 03       		.uleb128 0x3
 216 0047 21000000 		.4byte	.LASF3
 217 004b 03       		.byte	0x3
 218 004c 2B       		.byte	0x2b
 219 004d 18       		.byte	0x18
 220 004e 52000000 		.4byte	0x52
 221 0052 04       		.uleb128 0x4
 222 0053 01       		.byte	0x1
 223 0054 08       		.byte	0x8
 224 0055 66030000 		.4byte	.LASF4
 225 0059 04       		.uleb128 0x4
 226 005a 02       		.byte	0x2
 227 005b 05       		.byte	0x5
 228 005c 7E030000 		.4byte	.LASF5
ARM GAS  /var/folders/l5/0x54b2c10074c8bt31ycjvl80000gp/T//ccKBRv7A.s 			page 5


 229 0060 03       		.uleb128 0x3
 230 0061 45040000 		.4byte	.LASF6
 231 0065 03       		.byte	0x3
 232 0066 39       		.byte	0x39
 233 0067 19       		.byte	0x19
 234 0068 6C000000 		.4byte	0x6c
 235 006c 04       		.uleb128 0x4
 236 006d 02       		.byte	0x2
 237 006e 07       		.byte	0x7
 238 006f 76010000 		.4byte	.LASF7
 239 0073 03       		.uleb128 0x3
 240 0074 6C040000 		.4byte	.LASF8
 241 0078 03       		.byte	0x3
 242 0079 4D       		.byte	0x4d
 243 007a 18       		.byte	0x18
 244 007b 7F000000 		.4byte	0x7f
 245 007f 04       		.uleb128 0x4
 246 0080 04       		.byte	0x4
 247 0081 05       		.byte	0x5
 248 0082 CE000000 		.4byte	.LASF9
 249 0086 03       		.uleb128 0x3
 250 0087 0B010000 		.4byte	.LASF10
 251 008b 03       		.byte	0x3
 252 008c 4F       		.byte	0x4f
 253 008d 19       		.byte	0x19
 254 008e 92000000 		.4byte	0x92
 255 0092 04       		.uleb128 0x4
 256 0093 04       		.byte	0x4
 257 0094 07       		.byte	0x7
 258 0095 3C010000 		.4byte	.LASF11
 259 0099 04       		.uleb128 0x4
 260 009a 08       		.byte	0x8
 261 009b 05       		.byte	0x5
 262 009c 85000000 		.4byte	.LASF12
 263 00a0 04       		.uleb128 0x4
 264 00a1 08       		.byte	0x8
 265 00a2 07       		.byte	0x7
 266 00a3 32000000 		.4byte	.LASF13
 267 00a7 03       		.uleb128 0x3
 268 00a8 D9040000 		.4byte	.LASF14
 269 00ac 04       		.byte	0x4
 270 00ad 18       		.byte	0x18
 271 00ae 13       		.byte	0x13
 272 00af 46000000 		.4byte	0x46
 273 00b3 03       		.uleb128 0x3
 274 00b4 E0000000 		.4byte	.LASF15
 275 00b8 04       		.byte	0x4
 276 00b9 24       		.byte	0x24
 277 00ba 14       		.byte	0x14
 278 00bb 60000000 		.4byte	0x60
 279 00bf 03       		.uleb128 0x3
 280 00c0 5E030000 		.4byte	.LASF16
 281 00c4 04       		.byte	0x4
 282 00c5 2C       		.byte	0x2c
 283 00c6 13       		.byte	0x13
 284 00c7 73000000 		.4byte	0x73
 285 00cb 03       		.uleb128 0x3
ARM GAS  /var/folders/l5/0x54b2c10074c8bt31ycjvl80000gp/T//ccKBRv7A.s 			page 6


 286 00cc 06040000 		.4byte	.LASF17
 287 00d0 04       		.byte	0x4
 288 00d1 30       		.byte	0x30
 289 00d2 14       		.byte	0x14
 290 00d3 86000000 		.4byte	0x86
 291 00d7 03       		.uleb128 0x3
 292 00d8 67020000 		.4byte	.LASF18
 293 00dc 05       		.byte	0x5
 294 00dd 2A       		.byte	0x2a
 295 00de 19       		.byte	0x19
 296 00df A7000000 		.4byte	0xa7
 297 00e3 03       		.uleb128 0x3
 298 00e4 D7000000 		.4byte	.LASF19
 299 00e8 05       		.byte	0x5
 300 00e9 2B       		.byte	0x2b
 301 00ea 19       		.byte	0x19
 302 00eb A7000000 		.4byte	0xa7
 303 00ef 03       		.uleb128 0x3
 304 00f0 3C030000 		.4byte	.LASF20
 305 00f4 05       		.byte	0x5
 306 00f5 2C       		.byte	0x2c
 307 00f6 19       		.byte	0x19
 308 00f7 A7000000 		.4byte	0xa7
 309 00fb 03       		.uleb128 0x3
 310 00fc C4000000 		.4byte	.LASF21
 311 0100 05       		.byte	0x5
 312 0101 2D       		.byte	0x2d
 313 0102 19       		.byte	0x19
 314 0103 A7000000 		.4byte	0xa7
 315 0107 03       		.uleb128 0x3
 316 0108 56030000 		.4byte	.LASF22
 317 010c 05       		.byte	0x5
 318 010d 2E       		.byte	0x2e
 319 010e 19       		.byte	0x19
 320 010f CB000000 		.4byte	0xcb
 321 0113 03       		.uleb128 0x3
 322 0114 89010000 		.4byte	.LASF23
 323 0118 05       		.byte	0x5
 324 0119 2F       		.byte	0x2f
 325 011a 19       		.byte	0x19
 326 011b BF000000 		.4byte	0xbf
 327 011f 03       		.uleb128 0x3
 328 0120 7B020000 		.4byte	.LASF24
 329 0124 05       		.byte	0x5
 330 0125 31       		.byte	0x31
 331 0126 19       		.byte	0x19
 332 0127 CB000000 		.4byte	0xcb
 333 012b 03       		.uleb128 0x3
 334 012c 57040000 		.4byte	.LASF25
 335 0130 05       		.byte	0x5
 336 0131 33       		.byte	0x33
 337 0132 19       		.byte	0x19
 338 0133 CB000000 		.4byte	0xcb
 339 0137 05       		.uleb128 0x5
 340 0138 2B010000 		.4byte	0x12b
 341 013c 03       		.uleb128 0x3
 342 013d E7030000 		.4byte	.LASF26
ARM GAS  /var/folders/l5/0x54b2c10074c8bt31ycjvl80000gp/T//ccKBRv7A.s 			page 7


 343 0141 06       		.byte	0x6
 344 0142 23       		.byte	0x23
 345 0143 17       		.byte	0x17
 346 0144 48010000 		.4byte	0x148
 347 0148 06       		.uleb128 0x6
 348 0149 E7030000 		.4byte	.LASF26
 349 014d 44       		.byte	0x44
 350 014e 07       		.byte	0x7
 351 014f 57       		.byte	0x57
 352 0150 08       		.byte	0x8
 353 0151 4D020000 		.4byte	0x24d
 354 0155 07       		.uleb128 0x7
 355 0156 BC030000 		.4byte	.LASF27
 356 015a 07       		.byte	0x7
 357 015b 58       		.byte	0x58
 358 015c 1A       		.byte	0x1a
 359 015d 71020000 		.4byte	0x271
 360 0161 00       		.byte	0
 361 0162 07       		.uleb128 0x7
 362 0163 4F030000 		.4byte	.LASF28
 363 0167 07       		.byte	0x7
 364 0168 5A       		.byte	0x5a
 365 0169 1A       		.byte	0x1a
 366 016a 71020000 		.4byte	0x271
 367 016e 04       		.byte	0x4
 368 016f 07       		.uleb128 0x7
 369 0170 71000000 		.4byte	.LASF29
 370 0174 07       		.byte	0x7
 371 0175 5C       		.byte	0x5c
 372 0176 19       		.byte	0x19
 373 0177 07010000 		.4byte	0x107
 374 017b 08       		.byte	0x8
 375 017c 07       		.uleb128 0x7
 376 017d 14050000 		.4byte	.LASF30
 377 0181 07       		.byte	0x7
 378 0182 5D       		.byte	0x5d
 379 0183 19       		.byte	0x19
 380 0184 3C030000 		.4byte	0x33c
 381 0188 0C       		.byte	0xc
 382 0189 07       		.uleb128 0x7
 383 018a F3000000 		.4byte	.LASF31
 384 018e 07       		.byte	0x7
 385 018f 5F       		.byte	0x5f
 386 0190 1A       		.byte	0x1a
 387 0191 71020000 		.4byte	0x271
 388 0195 10       		.byte	0x10
 389 0196 07       		.uleb128 0x7
 390 0197 A6030000 		.4byte	.LASF32
 391 019b 07       		.byte	0x7
 392 019c 60       		.byte	0x60
 393 019d 1A       		.byte	0x1a
 394 019e 71020000 		.4byte	0x271
 395 01a2 14       		.byte	0x14
 396 01a3 07       		.uleb128 0x7
 397 01a4 E8040000 		.4byte	.LASF33
 398 01a8 07       		.byte	0x7
 399 01a9 67       		.byte	0x67
ARM GAS  /var/folders/l5/0x54b2c10074c8bt31ycjvl80000gp/T//ccKBRv7A.s 			page 8


 400 01aa 1A       		.byte	0x1a
 401 01ab 22050000 		.4byte	0x522
 402 01af 18       		.byte	0x18
 403 01b0 07       		.uleb128 0x7
 404 01b1 88030000 		.4byte	.LASF34
 405 01b5 07       		.byte	0x7
 406 01b6 72       		.byte	0x72
 407 01b7 19       		.byte	0x19
 408 01b8 E3000000 		.4byte	0xe3
 409 01bc 1C       		.byte	0x1c
 410 01bd 07       		.uleb128 0x7
 411 01be D2030000 		.4byte	.LASF35
 412 01c2 07       		.byte	0x7
 413 01c3 76       		.byte	0x76
 414 01c4 19       		.byte	0x19
 415 01c5 D7000000 		.4byte	0xd7
 416 01c9 1D       		.byte	0x1d
 417 01ca 07       		.uleb128 0x7
 418 01cb C2040000 		.4byte	.LASF36
 419 01cf 07       		.byte	0x7
 420 01d0 7B       		.byte	0x7b
 421 01d1 19       		.byte	0x19
 422 01d2 EF000000 		.4byte	0xef
 423 01d6 1E       		.byte	0x1e
 424 01d7 07       		.uleb128 0x7
 425 01d8 90030000 		.4byte	.LASF37
 426 01dc 07       		.byte	0x7
 427 01dd 81       		.byte	0x81
 428 01de 19       		.byte	0x19
 429 01df FB000000 		.4byte	0xfb
 430 01e3 1F       		.byte	0x1f
 431 01e4 07       		.uleb128 0x7
 432 01e5 76040000 		.4byte	.LASF38
 433 01e9 07       		.byte	0x7
 434 01ea 88       		.byte	0x88
 435 01eb 19       		.byte	0x19
 436 01ec 37010000 		.4byte	0x137
 437 01f0 20       		.byte	0x20
 438 01f1 08       		.uleb128 0x8
 439 01f2 705F7500 		.ascii	"p_u\000"
 440 01f6 07       		.byte	0x7
 441 01f7 AD       		.byte	0xad
 442 01f8 19       		.byte	0x19
 443 01f9 E8040000 		.4byte	0x4e8
 444 01fd 24       		.byte	0x24
 445 01fe 07       		.uleb128 0x7
 446 01ff 1A050000 		.4byte	.LASF39
 447 0203 07       		.byte	0x7
 448 0204 B2       		.byte	0xb2
 449 0205 19       		.byte	0x19
 450 0206 9A020000 		.4byte	0x29a
 451 020a 28       		.byte	0x28
 452 020b 07       		.uleb128 0x7
 453 020c 84040000 		.4byte	.LASF40
 454 0210 07       		.byte	0x7
 455 0211 B8       		.byte	0xb8
 456 0212 19       		.byte	0x19
ARM GAS  /var/folders/l5/0x54b2c10074c8bt31ycjvl80000gp/T//ccKBRv7A.s 			page 9


 457 0213 77020000 		.4byte	0x277
 458 0217 2C       		.byte	0x2c
 459 0218 07       		.uleb128 0x7
 460 0219 0D000000 		.4byte	.LASF41
 461 021d 07       		.byte	0x7
 462 021e BC       		.byte	0xbc
 463 021f 19       		.byte	0x19
 464 0220 13010000 		.4byte	0x113
 465 0224 34       		.byte	0x34
 466 0225 07       		.uleb128 0x7
 467 0226 FB030000 		.4byte	.LASF42
 468 022a 07       		.byte	0x7
 469 022b C2       		.byte	0xc2
 470 022c 19       		.byte	0x19
 471 022d 1F010000 		.4byte	0x11f
 472 0231 38       		.byte	0x38
 473 0232 07       		.uleb128 0x7
 474 0233 74030000 		.4byte	.LASF43
 475 0237 07       		.byte	0x7
 476 0238 C9       		.byte	0xc9
 477 0239 1A       		.byte	0x1a
 478 023a 34050000 		.4byte	0x534
 479 023e 3C       		.byte	0x3c
 480 023f 07       		.uleb128 0x7
 481 0240 61040000 		.4byte	.LASF44
 482 0244 07       		.byte	0x7
 483 0245 CD       		.byte	0xcd
 484 0246 19       		.byte	0x19
 485 0247 07010000 		.4byte	0x107
 486 024b 40       		.byte	0x40
 487 024c 00       		.byte	0
 488 024d 09       		.uleb128 0x9
 489 024e 08       		.byte	0x8
 490 024f 06       		.byte	0x6
 491 0250 5A       		.byte	0x5a
 492 0251 09       		.byte	0x9
 493 0252 71020000 		.4byte	0x271
 494 0256 07       		.uleb128 0x7
 495 0257 BC030000 		.4byte	.LASF27
 496 025b 06       		.byte	0x6
 497 025c 5B       		.byte	0x5b
 498 025d 1A       		.byte	0x1a
 499 025e 71020000 		.4byte	0x271
 500 0262 00       		.byte	0
 501 0263 07       		.uleb128 0x7
 502 0264 4F030000 		.4byte	.LASF28
 503 0268 06       		.byte	0x6
 504 0269 5D       		.byte	0x5d
 505 026a 1A       		.byte	0x1a
 506 026b 71020000 		.4byte	0x271
 507 026f 04       		.byte	0x4
 508 0270 00       		.byte	0
 509 0271 0A       		.uleb128 0xa
 510 0272 04       		.byte	0x4
 511 0273 3C010000 		.4byte	0x13c
 512 0277 03       		.uleb128 0x3
 513 0278 15030000 		.4byte	.LASF45
ARM GAS  /var/folders/l5/0x54b2c10074c8bt31ycjvl80000gp/T//ccKBRv7A.s 			page 10


 514 027c 06       		.byte	0x6
 515 027d 5F       		.byte	0x5f
 516 027e 03       		.byte	0x3
 517 027f 4D020000 		.4byte	0x24d
 518 0283 09       		.uleb128 0x9
 519 0284 04       		.byte	0x4
 520 0285 06       		.byte	0x6
 521 0286 64       		.byte	0x64
 522 0287 09       		.byte	0x9
 523 0288 9A020000 		.4byte	0x29a
 524 028c 07       		.uleb128 0x7
 525 028d BC030000 		.4byte	.LASF27
 526 0291 06       		.byte	0x6
 527 0292 66       		.byte	0x66
 528 0293 16       		.byte	0x16
 529 0294 71020000 		.4byte	0x271
 530 0298 00       		.byte	0
 531 0299 00       		.byte	0
 532 029a 03       		.uleb128 0x3
 533 029b 6F020000 		.4byte	.LASF46
 534 029f 06       		.byte	0x6
 535 02a0 69       		.byte	0x69
 536 02a1 03       		.byte	0x3
 537 02a2 83020000 		.4byte	0x283
 538 02a6 03       		.uleb128 0x3
 539 02a7 8D020000 		.4byte	.LASF47
 540 02ab 08       		.byte	0x8
 541 02ac 9D       		.byte	0x9d
 542 02ad 12       		.byte	0x12
 543 02ae CB000000 		.4byte	0xcb
 544 02b2 03       		.uleb128 0x3
 545 02b3 16010000 		.4byte	.LASF48
 546 02b7 08       		.byte	0x8
 547 02b8 A2       		.byte	0xa2
 548 02b9 0F       		.byte	0xf
 549 02ba BE020000 		.4byte	0x2be
 550 02be 0B       		.uleb128 0xb
 551 02bf 04       		.byte	0x4
 552 02c0 06       		.uleb128 0x6
 553 02c1 7D040000 		.4byte	.LASF49
 554 02c5 24       		.byte	0x24
 555 02c6 08       		.byte	0x8
 556 02c7 B9       		.byte	0xb9
 557 02c8 08       		.byte	0x8
 558 02c9 3C030000 		.4byte	0x33c
 559 02cd 08       		.uleb128 0x8
 560 02ce 723400   		.ascii	"r4\000"
 561 02d1 08       		.byte	0x8
 562 02d2 BA       		.byte	0xba
 563 02d3 11       		.byte	0x11
 564 02d4 B2020000 		.4byte	0x2b2
 565 02d8 00       		.byte	0
 566 02d9 08       		.uleb128 0x8
 567 02da 723500   		.ascii	"r5\000"
 568 02dd 08       		.byte	0x8
 569 02de BB       		.byte	0xbb
 570 02df 11       		.byte	0x11
ARM GAS  /var/folders/l5/0x54b2c10074c8bt31ycjvl80000gp/T//ccKBRv7A.s 			page 11


 571 02e0 B2020000 		.4byte	0x2b2
 572 02e4 04       		.byte	0x4
 573 02e5 08       		.uleb128 0x8
 574 02e6 723600   		.ascii	"r6\000"
 575 02e9 08       		.byte	0x8
 576 02ea BC       		.byte	0xbc
 577 02eb 11       		.byte	0x11
 578 02ec B2020000 		.4byte	0x2b2
 579 02f0 08       		.byte	0x8
 580 02f1 08       		.uleb128 0x8
 581 02f2 723700   		.ascii	"r7\000"
 582 02f5 08       		.byte	0x8
 583 02f6 BD       		.byte	0xbd
 584 02f7 11       		.byte	0x11
 585 02f8 B2020000 		.4byte	0x2b2
 586 02fc 0C       		.byte	0xc
 587 02fd 08       		.uleb128 0x8
 588 02fe 723800   		.ascii	"r8\000"
 589 0301 08       		.byte	0x8
 590 0302 BE       		.byte	0xbe
 591 0303 11       		.byte	0x11
 592 0304 B2020000 		.4byte	0x2b2
 593 0308 10       		.byte	0x10
 594 0309 08       		.uleb128 0x8
 595 030a 723900   		.ascii	"r9\000"
 596 030d 08       		.byte	0x8
 597 030e BF       		.byte	0xbf
 598 030f 11       		.byte	0x11
 599 0310 B2020000 		.4byte	0x2b2
 600 0314 14       		.byte	0x14
 601 0315 08       		.uleb128 0x8
 602 0316 72313000 		.ascii	"r10\000"
 603 031a 08       		.byte	0x8
 604 031b C0       		.byte	0xc0
 605 031c 11       		.byte	0x11
 606 031d B2020000 		.4byte	0x2b2
 607 0321 18       		.byte	0x18
 608 0322 08       		.uleb128 0x8
 609 0323 72313100 		.ascii	"r11\000"
 610 0327 08       		.byte	0x8
 611 0328 C1       		.byte	0xc1
 612 0329 11       		.byte	0x11
 613 032a B2020000 		.4byte	0x2b2
 614 032e 1C       		.byte	0x1c
 615 032f 08       		.uleb128 0x8
 616 0330 6C7200   		.ascii	"lr\000"
 617 0333 08       		.byte	0x8
 618 0334 C2       		.byte	0xc2
 619 0335 11       		.byte	0x11
 620 0336 B2020000 		.4byte	0x2b2
 621 033a 20       		.byte	0x20
 622 033b 00       		.byte	0
 623 033c 06       		.uleb128 0x6
 624 033d 6E010000 		.4byte	.LASF50
 625 0341 04       		.byte	0x4
 626 0342 08       		.byte	0x8
 627 0343 CA       		.byte	0xca
ARM GAS  /var/folders/l5/0x54b2c10074c8bt31ycjvl80000gp/T//ccKBRv7A.s 			page 12


 628 0344 08       		.byte	0x8
 629 0345 57030000 		.4byte	0x357
 630 0349 08       		.uleb128 0x8
 631 034a 72313300 		.ascii	"r13\000"
 632 034e 08       		.byte	0x8
 633 034f CB       		.byte	0xcb
 634 0350 12       		.byte	0x12
 635 0351 57030000 		.4byte	0x357
 636 0355 00       		.byte	0
 637 0356 00       		.byte	0
 638 0357 0A       		.uleb128 0xa
 639 0358 04       		.byte	0x4
 640 0359 C0020000 		.4byte	0x2c0
 641 035d 03       		.uleb128 0x3
 642 035e 57010000 		.4byte	.LASF51
 643 0362 09       		.byte	0x9
 644 0363 4E       		.byte	0x4e
 645 0364 10       		.byte	0x10
 646 0365 69030000 		.4byte	0x369
 647 0369 0A       		.uleb128 0xa
 648 036a 04       		.byte	0x4
 649 036b 6F030000 		.4byte	0x36f
 650 036f 0C       		.uleb128 0xc
 651 0370 7A030000 		.4byte	0x37a
 652 0374 0D       		.uleb128 0xd
 653 0375 BE020000 		.4byte	0x2be
 654 0379 00       		.byte	0
 655 037a 03       		.uleb128 0x3
 656 037b 23040000 		.4byte	.LASF52
 657 037f 09       		.byte	0x9
 658 0380 53       		.byte	0x53
 659 0381 1D       		.byte	0x1d
 660 0382 86030000 		.4byte	0x386
 661 0386 06       		.uleb128 0x6
 662 0387 23040000 		.4byte	.LASF52
 663 038b 14       		.byte	0x14
 664 038c 09       		.byte	0x9
 665 038d 5A       		.byte	0x5a
 666 038e 08       		.byte	0x8
 667 038f D5030000 		.4byte	0x3d5
 668 0393 07       		.uleb128 0x7
 669 0394 34010000 		.4byte	.LASF53
 670 0398 09       		.byte	0x9
 671 0399 5B       		.byte	0x5b
 672 039a 1A       		.byte	0x1a
 673 039b D5030000 		.4byte	0x3d5
 674 039f 00       		.byte	0
 675 03a0 07       		.uleb128 0x7
 676 03a1 1F010000 		.4byte	.LASF54
 677 03a5 09       		.byte	0x9
 678 03a6 5D       		.byte	0x5d
 679 03a7 1A       		.byte	0x1a
 680 03a8 D5030000 		.4byte	0x3d5
 681 03ac 04       		.byte	0x4
 682 03ad 07       		.uleb128 0x7
 683 03ae AC020000 		.4byte	.LASF55
 684 03b2 09       		.byte	0x9
ARM GAS  /var/folders/l5/0x54b2c10074c8bt31ycjvl80000gp/T//ccKBRv7A.s 			page 13


 685 03b3 5F       		.byte	0x5f
 686 03b4 19       		.byte	0x19
 687 03b5 2B010000 		.4byte	0x12b
 688 03b9 08       		.byte	0x8
 689 03ba 07       		.uleb128 0x7
 690 03bb B4020000 		.4byte	.LASF56
 691 03bf 09       		.byte	0x9
 692 03c0 60       		.byte	0x60
 693 03c1 19       		.byte	0x19
 694 03c2 5D030000 		.4byte	0x35d
 695 03c6 0C       		.byte	0xc
 696 03c7 07       		.uleb128 0x7
 697 03c8 8F040000 		.4byte	.LASF57
 698 03cc 09       		.byte	0x9
 699 03cd 62       		.byte	0x62
 700 03ce 1A       		.byte	0x1a
 701 03cf BE020000 		.4byte	0x2be
 702 03d3 10       		.byte	0x10
 703 03d4 00       		.byte	0
 704 03d5 0A       		.uleb128 0xa
 705 03d6 04       		.byte	0x4
 706 03d7 7A030000 		.4byte	0x37a
 707 03db 09       		.uleb128 0x9
 708 03dc 10       		.byte	0x10
 709 03dd 09       		.byte	0x9
 710 03de 6C       		.byte	0x6c
 711 03df 09       		.byte	0x9
 712 03e0 19040000 		.4byte	0x419
 713 03e4 07       		.uleb128 0x7
 714 03e5 34010000 		.4byte	.LASF53
 715 03e9 09       		.byte	0x9
 716 03ea 6D       		.byte	0x6d
 717 03eb 1A       		.byte	0x1a
 718 03ec D5030000 		.4byte	0x3d5
 719 03f0 00       		.byte	0
 720 03f1 07       		.uleb128 0x7
 721 03f2 1F010000 		.4byte	.LASF54
 722 03f6 09       		.byte	0x9
 723 03f7 6F       		.byte	0x6f
 724 03f8 1A       		.byte	0x1a
 725 03f9 D5030000 		.4byte	0x3d5
 726 03fd 04       		.byte	0x4
 727 03fe 07       		.uleb128 0x7
 728 03ff AC020000 		.4byte	.LASF55
 729 0403 09       		.byte	0x9
 730 0404 71       		.byte	0x71
 731 0405 19       		.byte	0x19
 732 0406 2B010000 		.4byte	0x12b
 733 040a 08       		.byte	0x8
 734 040b 07       		.uleb128 0x7
 735 040c EF040000 		.4byte	.LASF58
 736 0410 09       		.byte	0x9
 737 0411 72       		.byte	0x72
 738 0412 19       		.byte	0x19
 739 0413 37010000 		.4byte	0x137
 740 0417 0C       		.byte	0xc
 741 0418 00       		.byte	0
ARM GAS  /var/folders/l5/0x54b2c10074c8bt31ycjvl80000gp/T//ccKBRv7A.s 			page 14


 742 0419 03       		.uleb128 0x3
 743 041a 05050000 		.4byte	.LASF59
 744 041e 09       		.byte	0x9
 745 041f 73       		.byte	0x73
 746 0420 03       		.byte	0x3
 747 0421 DB030000 		.4byte	0x3db
 748 0425 0E       		.uleb128 0xe
 749 0426 2B000000 		.4byte	.LASF67
 750 042a 09       		.byte	0x9
 751 042b D1       		.byte	0xd1
 752 042c 0F       		.byte	0xf
 753 042d 19040000 		.4byte	0x419
 754 0431 09       		.uleb128 0x9
 755 0432 1C       		.byte	0x1c
 756 0433 0A       		.byte	0xa
 757 0434 57       		.byte	0x57
 758 0435 09       		.byte	0x9
 759 0436 89040000 		.4byte	0x489
 760 043a 07       		.uleb128 0x7
 761 043b 1B040000 		.4byte	.LASF60
 762 043f 0A       		.byte	0xa
 763 0440 58       		.byte	0x58
 764 0441 19       		.byte	0x19
 765 0442 77020000 		.4byte	0x277
 766 0446 00       		.byte	0
 767 0447 07       		.uleb128 0x7
 768 0448 AE030000 		.4byte	.LASF61
 769 044c 0A       		.byte	0xa
 770 044d 59       		.byte	0x59
 771 044e 19       		.byte	0x19
 772 044f 07010000 		.4byte	0x107
 773 0453 08       		.byte	0x8
 774 0454 07       		.uleb128 0x7
 775 0455 0F030000 		.4byte	.LASF62
 776 0459 0A       		.byte	0xa
 777 045a 5B       		.byte	0x5b
 778 045b 19       		.byte	0x19
 779 045c 3C030000 		.4byte	0x33c
 780 0460 0C       		.byte	0xc
 781 0461 07       		.uleb128 0x7
 782 0462 8F010000 		.4byte	.LASF63
 783 0466 0A       		.byte	0xa
 784 0467 5E       		.byte	0x5e
 785 0468 1A       		.byte	0x1a
 786 0469 71020000 		.4byte	0x271
 787 046d 10       		.byte	0x10
 788 046e 07       		.uleb128 0x7
 789 046f 34030000 		.4byte	.LASF64
 790 0473 0A       		.byte	0xa
 791 0474 5F       		.byte	0x5f
 792 0475 1A       		.byte	0x1a
 793 0476 71020000 		.4byte	0x271
 794 047a 14       		.byte	0x14
 795 047b 07       		.uleb128 0x7
 796 047c 2A030000 		.4byte	.LASF65
 797 0480 0A       		.byte	0xa
 798 0481 62       		.byte	0x62
ARM GAS  /var/folders/l5/0x54b2c10074c8bt31ycjvl80000gp/T//ccKBRv7A.s 			page 15


 799 0482 1A       		.byte	0x1a
 800 0483 71020000 		.4byte	0x271
 801 0487 18       		.byte	0x18
 802 0488 00       		.byte	0
 803 0489 03       		.uleb128 0x3
 804 048a C9040000 		.4byte	.LASF66
 805 048e 0A       		.byte	0xa
 806 048f 64       		.byte	0x64
 807 0490 03       		.byte	0x3
 808 0491 31040000 		.4byte	0x431
 809 0495 0E       		.uleb128 0xe
 810 0496 D3040000 		.4byte	.LASF68
 811 049a 0A       		.byte	0xa
 812 049b 68       		.byte	0x68
 813 049c 12       		.byte	0x12
 814 049d 89040000 		.4byte	0x489
 815 04a1 06       		.uleb128 0x6
 816 04a2 87020000 		.4byte	.LASF69
 817 04a6 10       		.byte	0x10
 818 04a7 0B       		.byte	0xb
 819 04a8 25       		.byte	0x25
 820 04a9 10       		.byte	0x10
 821 04aa D6040000 		.4byte	0x4d6
 822 04ae 07       		.uleb128 0x7
 823 04af BC000000 		.4byte	.LASF70
 824 04b3 0B       		.byte	0xb
 825 04b4 26       		.byte	0x26
 826 04b5 19       		.byte	0x19
 827 04b6 77020000 		.4byte	0x277
 828 04ba 00       		.byte	0
 829 04bb 07       		.uleb128 0x7
 830 04bc 0C050000 		.4byte	.LASF71
 831 04c0 0B       		.byte	0xb
 832 04c1 28       		.byte	0x28
 833 04c2 1A       		.byte	0x1a
 834 04c3 71020000 		.4byte	0x271
 835 04c7 08       		.byte	0x8
 836 04c8 07       		.uleb128 0x7
 837 04c9 50040000 		.4byte	.LASF72
 838 04cd 0B       		.byte	0xb
 839 04ce 2A       		.byte	0x2a
 840 04cf 1A       		.byte	0x1a
 841 04d0 D6040000 		.4byte	0x4d6
 842 04d4 0C       		.byte	0xc
 843 04d5 00       		.byte	0
 844 04d6 0A       		.uleb128 0xa
 845 04d7 04       		.byte	0x4
 846 04d8 A1040000 		.4byte	0x4a1
 847 04dc 03       		.uleb128 0x3
 848 04dd 87020000 		.4byte	.LASF69
 849 04e1 0B       		.byte	0xb
 850 04e2 2C       		.byte	0x2c
 851 04e3 03       		.byte	0x3
 852 04e4 A1040000 		.4byte	0x4a1
 853 04e8 0F       		.uleb128 0xf
 854 04e9 04       		.byte	0x4
 855 04ea 07       		.byte	0x7
ARM GAS  /var/folders/l5/0x54b2c10074c8bt31ycjvl80000gp/T//ccKBRv7A.s 			page 16


 856 04eb 8F       		.byte	0x8f
 857 04ec 03       		.byte	0x3
 858 04ed 22050000 		.4byte	0x522
 859 04f1 10       		.uleb128 0x10
 860 04f2 1A000000 		.4byte	.LASF73
 861 04f6 07       		.byte	0x7
 862 04f7 96       		.byte	0x96
 863 04f8 19       		.byte	0x19
 864 04f9 13010000 		.4byte	0x113
 865 04fd 10       		.uleb128 0x10
 866 04fe 57000000 		.4byte	.LASF74
 867 0502 07       		.byte	0x7
 868 0503 9D       		.byte	0x9d
 869 0504 19       		.byte	0x19
 870 0505 13010000 		.4byte	0x113
 871 0509 10       		.uleb128 0x10
 872 050a E1040000 		.4byte	.LASF75
 873 050e 07       		.byte	0x7
 874 050f A4       		.byte	0xa4
 875 0510 1A       		.byte	0x1a
 876 0511 BE020000 		.4byte	0x2be
 877 0515 10       		.uleb128 0x10
 878 0516 B5030000 		.4byte	.LASF76
 879 051a 07       		.byte	0x7
 880 051b AB       		.byte	0xab
 881 051c 19       		.byte	0x19
 882 051d 1F010000 		.4byte	0x11f
 883 0521 00       		.byte	0
 884 0522 0A       		.uleb128 0xa
 885 0523 04       		.byte	0x4
 886 0524 2F050000 		.4byte	0x52f
 887 0528 04       		.uleb128 0x4
 888 0529 01       		.byte	0x1
 889 052a 08       		.byte	0x8
 890 052b 30040000 		.4byte	.LASF77
 891 052f 11       		.uleb128 0x11
 892 0530 28050000 		.4byte	0x528
 893 0534 0A       		.uleb128 0xa
 894 0535 04       		.byte	0x4
 895 0536 DC040000 		.4byte	0x4dc
 896 053a 09       		.uleb128 0x9
 897 053b 16       		.byte	0x16
 898 053c 0C       		.byte	0xc
 899 053d 25       		.byte	0x25
 900 053e 09       		.byte	0x9
 901 053f 2E060000 		.4byte	0x62e
 902 0543 07       		.uleb128 0x7
 903 0544 60010000 		.4byte	.LASF78
 904 0548 0C       		.byte	0xc
 905 0549 26       		.byte	0x26
 906 054a 0D       		.byte	0xd
 907 054b 2E060000 		.4byte	0x62e
 908 054f 00       		.byte	0
 909 0550 07       		.uleb128 0x7
 910 0551 98020000 		.4byte	.LASF79
 911 0555 0C       		.byte	0xc
 912 0556 27       		.byte	0x27
ARM GAS  /var/folders/l5/0x54b2c10074c8bt31ycjvl80000gp/T//ccKBRv7A.s 			page 17


 913 0557 0D       		.byte	0xd
 914 0558 A7000000 		.4byte	0xa7
 915 055c 04       		.byte	0x4
 916 055d 07       		.uleb128 0x7
 917 055e 22030000 		.4byte	.LASF80
 918 0562 0C       		.byte	0xc
 919 0563 28       		.byte	0x28
 920 0564 0D       		.byte	0xd
 921 0565 A7000000 		.4byte	0xa7
 922 0569 05       		.byte	0x5
 923 056a 07       		.uleb128 0x7
 924 056b FA040000 		.4byte	.LASF81
 925 056f 0C       		.byte	0xc
 926 0570 29       		.byte	0x29
 927 0571 0D       		.byte	0xd
 928 0572 B3000000 		.4byte	0xb3
 929 0576 06       		.byte	0x6
 930 0577 07       		.uleb128 0x7
 931 0578 44030000 		.4byte	.LASF82
 932 057c 0C       		.byte	0xc
 933 057d 2A       		.byte	0x2a
 934 057e 0D       		.byte	0xd
 935 057f A7000000 		.4byte	0xa7
 936 0583 08       		.byte	0x8
 937 0584 07       		.uleb128 0x7
 938 0585 BC020000 		.4byte	.LASF83
 939 0589 0C       		.byte	0xc
 940 058a 2B       		.byte	0x2b
 941 058b 0D       		.byte	0xd
 942 058c A7000000 		.4byte	0xa7
 943 0590 09       		.byte	0x9
 944 0591 07       		.uleb128 0x7
 945 0592 49000000 		.4byte	.LASF84
 946 0596 0C       		.byte	0xc
 947 0597 2C       		.byte	0x2c
 948 0598 0D       		.byte	0xd
 949 0599 A7000000 		.4byte	0xa7
 950 059d 0A       		.byte	0xa
 951 059e 07       		.uleb128 0x7
 952 059f 0F040000 		.4byte	.LASF85
 953 05a3 0C       		.byte	0xc
 954 05a4 2D       		.byte	0x2d
 955 05a5 0D       		.byte	0xd
 956 05a6 A7000000 		.4byte	0xa7
 957 05aa 0B       		.byte	0xb
 958 05ab 07       		.uleb128 0x7
 959 05ac B7040000 		.4byte	.LASF86
 960 05b0 0C       		.byte	0xc
 961 05b1 2E       		.byte	0x2e
 962 05b2 0D       		.byte	0xd
 963 05b3 A7000000 		.4byte	0xa7
 964 05b7 0C       		.byte	0xc
 965 05b8 07       		.uleb128 0x7
 966 05b9 EE030000 		.4byte	.LASF87
 967 05bd 0C       		.byte	0xc
 968 05be 2F       		.byte	0x2f
 969 05bf 0D       		.byte	0xd
ARM GAS  /var/folders/l5/0x54b2c10074c8bt31ycjvl80000gp/T//ccKBRv7A.s 			page 18


 970 05c0 A7000000 		.4byte	0xa7
 971 05c4 0D       		.byte	0xd
 972 05c5 07       		.uleb128 0x7
 973 05c6 00000000 		.4byte	.LASF88
 974 05ca 0C       		.byte	0xc
 975 05cb 30       		.byte	0x30
 976 05cc 0D       		.byte	0xd
 977 05cd A7000000 		.4byte	0xa7
 978 05d1 0E       		.byte	0xe
 979 05d2 07       		.uleb128 0x7
 980 05d3 C8020000 		.4byte	.LASF89
 981 05d7 0C       		.byte	0xc
 982 05d8 31       		.byte	0x31
 983 05d9 0D       		.byte	0xd
 984 05da A7000000 		.4byte	0xa7
 985 05de 0F       		.byte	0xf
 986 05df 07       		.uleb128 0x7
 987 05e0 9F000000 		.4byte	.LASF90
 988 05e4 0C       		.byte	0xc
 989 05e5 32       		.byte	0x32
 990 05e6 0D       		.byte	0xd
 991 05e7 A7000000 		.4byte	0xa7
 992 05eb 10       		.byte	0x10
 993 05ec 07       		.uleb128 0x7
 994 05ed 78000000 		.4byte	.LASF91
 995 05f1 0C       		.byte	0xc
 996 05f2 34       		.byte	0x34
 997 05f3 0D       		.byte	0xd
 998 05f4 A7000000 		.4byte	0xa7
 999 05f8 11       		.byte	0x11
 1000 05f9 07       		.uleb128 0x7
 1001 05fa AF000000 		.4byte	.LASF92
 1002 05fe 0C       		.byte	0xc
 1003 05ff 35       		.byte	0x35
 1004 0600 0D       		.byte	0xd
 1005 0601 A7000000 		.4byte	0xa7
 1006 0605 12       		.byte	0x12
 1007 0606 07       		.uleb128 0x7
 1008 0607 A0020000 		.4byte	.LASF93
 1009 060b 0C       		.byte	0xc
 1010 060c 36       		.byte	0x36
 1011 060d 0D       		.byte	0xd
 1012 060e A7000000 		.4byte	0xa7
 1013 0612 13       		.byte	0x13
 1014 0613 07       		.uleb128 0x7
 1015 0614 C3030000 		.4byte	.LASF94
 1016 0618 0C       		.byte	0xc
 1017 0619 37       		.byte	0x37
 1018 061a 0D       		.byte	0xd
 1019 061b A7000000 		.4byte	0xa7
 1020 061f 14       		.byte	0x14
 1021 0620 07       		.uleb128 0x7
 1022 0621 9A030000 		.4byte	.LASF95
 1023 0625 0C       		.byte	0xc
 1024 0626 39       		.byte	0x39
 1025 0627 0D       		.byte	0xd
 1026 0628 A7000000 		.4byte	0xa7
ARM GAS  /var/folders/l5/0x54b2c10074c8bt31ycjvl80000gp/T//ccKBRv7A.s 			page 19


 1027 062c 15       		.byte	0x15
 1028 062d 00       		.byte	0
 1029 062e 12       		.uleb128 0x12
 1030 062f 28050000 		.4byte	0x528
 1031 0633 3E060000 		.4byte	0x63e
 1032 0637 13       		.uleb128 0x13
 1033 0638 38000000 		.4byte	0x38
 1034 063c 03       		.byte	0x3
 1035 063d 00       		.byte	0
 1036 063e 03       		.uleb128 0x3
 1037 063f E9000000 		.4byte	.LASF96
 1038 0643 0C       		.byte	0xc
 1039 0644 3A       		.byte	0x3a
 1040 0645 03       		.byte	0x3
 1041 0646 3A050000 		.4byte	0x53a
 1042 064a 11       		.uleb128 0x11
 1043 064b 3E060000 		.4byte	0x63e
 1044 064f 0E       		.uleb128 0xe
 1045 0650 4E010000 		.4byte	.LASF97
 1046 0654 0C       		.byte	0xc
 1047 0655 77       		.byte	0x77
 1048 0656 1D       		.byte	0x1d
 1049 0657 4A060000 		.4byte	0x64a
 1050 065b 12       		.uleb128 0x12
 1051 065c A6020000 		.4byte	0x2a6
 1052 0660 6B060000 		.4byte	0x66b
 1053 0664 13       		.uleb128 0x13
 1054 0665 38000000 		.4byte	0x38
 1055 0669 26       		.byte	0x26
 1056 066a 00       		.byte	0
 1057 066b 0E       		.uleb128 0xe
 1058 066c FB000000 		.4byte	.LASF98
 1059 0670 0D       		.byte	0xd
 1060 0671 82       		.byte	0x82
 1061 0672 08       		.byte	0x8
 1062 0673 5B060000 		.4byte	0x65b
 1063 0677 14       		.uleb128 0x14
 1064 0678 4F060000 		.4byte	0x64f
 1065 067c 01       		.byte	0x1
 1066 067d 3B       		.byte	0x3b
 1067 067e 14       		.byte	0x14
 1068 067f 05       		.uleb128 0x5
 1069 0680 03       		.byte	0x3
 1070 0681 00000000 		.4byte	ch_debug
 1071 0685 15       		.uleb128 0x15
 1072 0686 35040000 		.4byte	.LASF99
 1073 068a 01       		.byte	0x1
 1074 068b 85       		.byte	0x85
 1075 068c 09       		.byte	0x9
 1076 068d 71020000 		.4byte	0x271
 1077 0691 00000000 		.4byte	.LFB8
 1078 0695 38000000 		.4byte	.LFE8-.LFB8
 1079 0699 01       		.uleb128 0x1
 1080 069a 9C       		.byte	0x9c
 1081 069b D8060000 		.4byte	0x6d8
 1082 069f 16       		.uleb128 0x16
 1083 06a0 747000   		.ascii	"tp\000"
ARM GAS  /var/folders/l5/0x54b2c10074c8bt31ycjvl80000gp/T//ccKBRv7A.s 			page 20


 1084 06a3 01       		.byte	0x1
 1085 06a4 85       		.byte	0x85
 1086 06a5 21       		.byte	0x21
 1087 06a6 71020000 		.4byte	0x271
 1088 06aa 04000000 		.4byte	.LLST1
 1089 06ae 00000000 		.4byte	.LVUS1
 1090 06b2 17       		.uleb128 0x17
 1091 06b3 6E747000 		.ascii	"ntp\000"
 1092 06b7 01       		.byte	0x1
 1093 06b8 86       		.byte	0x86
 1094 06b9 0B       		.byte	0xb
 1095 06ba 71020000 		.4byte	0x271
 1096 06be 27000000 		.4byte	.LLST2
 1097 06c2 25000000 		.4byte	.LVUS2
 1098 06c6 18       		.uleb128 0x18
 1099 06c7 2C000000 		.4byte	.LVL4
 1100 06cb 06070000 		.4byte	0x706
 1101 06cf 19       		.uleb128 0x19
 1102 06d0 01       		.uleb128 0x1
 1103 06d1 50       		.byte	0x50
 1104 06d2 03       		.uleb128 0x3
 1105 06d3 F3       		.byte	0xf3
 1106 06d4 01       		.uleb128 0x1
 1107 06d5 50       		.byte	0x50
 1108 06d6 00       		.byte	0
 1109 06d7 00       		.byte	0
 1110 06d8 15       		.uleb128 0x15
 1111 06d9 60000000 		.4byte	.LASF100
 1112 06dd 01       		.byte	0x1
 1113 06de 6E       		.byte	0x6e
 1114 06df 09       		.byte	0x9
 1115 06e0 71020000 		.4byte	0x271
 1116 06e4 00000000 		.4byte	.LFB7
 1117 06e8 24000000 		.4byte	.LFE7-.LFB7
 1118 06ec 01       		.uleb128 0x1
 1119 06ed 9C       		.byte	0x9c
 1120 06ee 06070000 		.4byte	0x706
 1121 06f2 17       		.uleb128 0x17
 1122 06f3 747000   		.ascii	"tp\000"
 1123 06f6 01       		.byte	0x1
 1124 06f7 6F       		.byte	0x6f
 1125 06f8 0B       		.byte	0xb
 1126 06f9 71020000 		.4byte	0x271
 1127 06fd 3C000000 		.4byte	.LLST0
 1128 0701 3A000000 		.4byte	.LVUS0
 1129 0705 00       		.byte	0
 1130 0706 1A       		.uleb128 0x1a
 1131 0707 DA030000 		.4byte	.LASF104
 1132 070b DA030000 		.4byte	.LASF104
 1133 070f 0E       		.byte	0xe
 1134 0710 33       		.byte	0x33
 1135 0711 08       		.byte	0x8
 1136 0712 00       		.byte	0
 1137              		.section	.debug_abbrev,"",%progbits
 1138              	.Ldebug_abbrev0:
 1139 0000 01       		.uleb128 0x1
 1140 0001 11       		.uleb128 0x11
ARM GAS  /var/folders/l5/0x54b2c10074c8bt31ycjvl80000gp/T//ccKBRv7A.s 			page 21


 1141 0002 01       		.byte	0x1
 1142 0003 25       		.uleb128 0x25
 1143 0004 0E       		.uleb128 0xe
 1144 0005 13       		.uleb128 0x13
 1145 0006 0B       		.uleb128 0xb
 1146 0007 03       		.uleb128 0x3
 1147 0008 0E       		.uleb128 0xe
 1148 0009 1B       		.uleb128 0x1b
 1149 000a 0E       		.uleb128 0xe
 1150 000b 55       		.uleb128 0x55
 1151 000c 17       		.uleb128 0x17
 1152 000d 11       		.uleb128 0x11
 1153 000e 01       		.uleb128 0x1
 1154 000f 10       		.uleb128 0x10
 1155 0010 17       		.uleb128 0x17
 1156 0011 00       		.byte	0
 1157 0012 00       		.byte	0
 1158 0013 02       		.uleb128 0x2
 1159 0014 24       		.uleb128 0x24
 1160 0015 00       		.byte	0
 1161 0016 0B       		.uleb128 0xb
 1162 0017 0B       		.uleb128 0xb
 1163 0018 3E       		.uleb128 0x3e
 1164 0019 0B       		.uleb128 0xb
 1165 001a 03       		.uleb128 0x3
 1166 001b 08       		.uleb128 0x8
 1167 001c 00       		.byte	0
 1168 001d 00       		.byte	0
 1169 001e 03       		.uleb128 0x3
 1170 001f 16       		.uleb128 0x16
 1171 0020 00       		.byte	0
 1172 0021 03       		.uleb128 0x3
 1173 0022 0E       		.uleb128 0xe
 1174 0023 3A       		.uleb128 0x3a
 1175 0024 0B       		.uleb128 0xb
 1176 0025 3B       		.uleb128 0x3b
 1177 0026 0B       		.uleb128 0xb
 1178 0027 39       		.uleb128 0x39
 1179 0028 0B       		.uleb128 0xb
 1180 0029 49       		.uleb128 0x49
 1181 002a 13       		.uleb128 0x13
 1182 002b 00       		.byte	0
 1183 002c 00       		.byte	0
 1184 002d 04       		.uleb128 0x4
 1185 002e 24       		.uleb128 0x24
 1186 002f 00       		.byte	0
 1187 0030 0B       		.uleb128 0xb
 1188 0031 0B       		.uleb128 0xb
 1189 0032 3E       		.uleb128 0x3e
 1190 0033 0B       		.uleb128 0xb
 1191 0034 03       		.uleb128 0x3
 1192 0035 0E       		.uleb128 0xe
 1193 0036 00       		.byte	0
 1194 0037 00       		.byte	0
 1195 0038 05       		.uleb128 0x5
 1196 0039 35       		.uleb128 0x35
 1197 003a 00       		.byte	0
ARM GAS  /var/folders/l5/0x54b2c10074c8bt31ycjvl80000gp/T//ccKBRv7A.s 			page 22


 1198 003b 49       		.uleb128 0x49
 1199 003c 13       		.uleb128 0x13
 1200 003d 00       		.byte	0
 1201 003e 00       		.byte	0
 1202 003f 06       		.uleb128 0x6
 1203 0040 13       		.uleb128 0x13
 1204 0041 01       		.byte	0x1
 1205 0042 03       		.uleb128 0x3
 1206 0043 0E       		.uleb128 0xe
 1207 0044 0B       		.uleb128 0xb
 1208 0045 0B       		.uleb128 0xb
 1209 0046 3A       		.uleb128 0x3a
 1210 0047 0B       		.uleb128 0xb
 1211 0048 3B       		.uleb128 0x3b
 1212 0049 0B       		.uleb128 0xb
 1213 004a 39       		.uleb128 0x39
 1214 004b 0B       		.uleb128 0xb
 1215 004c 01       		.uleb128 0x1
 1216 004d 13       		.uleb128 0x13
 1217 004e 00       		.byte	0
 1218 004f 00       		.byte	0
 1219 0050 07       		.uleb128 0x7
 1220 0051 0D       		.uleb128 0xd
 1221 0052 00       		.byte	0
 1222 0053 03       		.uleb128 0x3
 1223 0054 0E       		.uleb128 0xe
 1224 0055 3A       		.uleb128 0x3a
 1225 0056 0B       		.uleb128 0xb
 1226 0057 3B       		.uleb128 0x3b
 1227 0058 0B       		.uleb128 0xb
 1228 0059 39       		.uleb128 0x39
 1229 005a 0B       		.uleb128 0xb
 1230 005b 49       		.uleb128 0x49
 1231 005c 13       		.uleb128 0x13
 1232 005d 38       		.uleb128 0x38
 1233 005e 0B       		.uleb128 0xb
 1234 005f 00       		.byte	0
 1235 0060 00       		.byte	0
 1236 0061 08       		.uleb128 0x8
 1237 0062 0D       		.uleb128 0xd
 1238 0063 00       		.byte	0
 1239 0064 03       		.uleb128 0x3
 1240 0065 08       		.uleb128 0x8
 1241 0066 3A       		.uleb128 0x3a
 1242 0067 0B       		.uleb128 0xb
 1243 0068 3B       		.uleb128 0x3b
 1244 0069 0B       		.uleb128 0xb
 1245 006a 39       		.uleb128 0x39
 1246 006b 0B       		.uleb128 0xb
 1247 006c 49       		.uleb128 0x49
 1248 006d 13       		.uleb128 0x13
 1249 006e 38       		.uleb128 0x38
 1250 006f 0B       		.uleb128 0xb
 1251 0070 00       		.byte	0
 1252 0071 00       		.byte	0
 1253 0072 09       		.uleb128 0x9
 1254 0073 13       		.uleb128 0x13
ARM GAS  /var/folders/l5/0x54b2c10074c8bt31ycjvl80000gp/T//ccKBRv7A.s 			page 23


 1255 0074 01       		.byte	0x1
 1256 0075 0B       		.uleb128 0xb
 1257 0076 0B       		.uleb128 0xb
 1258 0077 3A       		.uleb128 0x3a
 1259 0078 0B       		.uleb128 0xb
 1260 0079 3B       		.uleb128 0x3b
 1261 007a 0B       		.uleb128 0xb
 1262 007b 39       		.uleb128 0x39
 1263 007c 0B       		.uleb128 0xb
 1264 007d 01       		.uleb128 0x1
 1265 007e 13       		.uleb128 0x13
 1266 007f 00       		.byte	0
 1267 0080 00       		.byte	0
 1268 0081 0A       		.uleb128 0xa
 1269 0082 0F       		.uleb128 0xf
 1270 0083 00       		.byte	0
 1271 0084 0B       		.uleb128 0xb
 1272 0085 0B       		.uleb128 0xb
 1273 0086 49       		.uleb128 0x49
 1274 0087 13       		.uleb128 0x13
 1275 0088 00       		.byte	0
 1276 0089 00       		.byte	0
 1277 008a 0B       		.uleb128 0xb
 1278 008b 0F       		.uleb128 0xf
 1279 008c 00       		.byte	0
 1280 008d 0B       		.uleb128 0xb
 1281 008e 0B       		.uleb128 0xb
 1282 008f 00       		.byte	0
 1283 0090 00       		.byte	0
 1284 0091 0C       		.uleb128 0xc
 1285 0092 15       		.uleb128 0x15
 1286 0093 01       		.byte	0x1
 1287 0094 27       		.uleb128 0x27
 1288 0095 19       		.uleb128 0x19
 1289 0096 01       		.uleb128 0x1
 1290 0097 13       		.uleb128 0x13
 1291 0098 00       		.byte	0
 1292 0099 00       		.byte	0
 1293 009a 0D       		.uleb128 0xd
 1294 009b 05       		.uleb128 0x5
 1295 009c 00       		.byte	0
 1296 009d 49       		.uleb128 0x49
 1297 009e 13       		.uleb128 0x13
 1298 009f 00       		.byte	0
 1299 00a0 00       		.byte	0
 1300 00a1 0E       		.uleb128 0xe
 1301 00a2 34       		.uleb128 0x34
 1302 00a3 00       		.byte	0
 1303 00a4 03       		.uleb128 0x3
 1304 00a5 0E       		.uleb128 0xe
 1305 00a6 3A       		.uleb128 0x3a
 1306 00a7 0B       		.uleb128 0xb
 1307 00a8 3B       		.uleb128 0x3b
 1308 00a9 0B       		.uleb128 0xb
 1309 00aa 39       		.uleb128 0x39
 1310 00ab 0B       		.uleb128 0xb
 1311 00ac 49       		.uleb128 0x49
ARM GAS  /var/folders/l5/0x54b2c10074c8bt31ycjvl80000gp/T//ccKBRv7A.s 			page 24


 1312 00ad 13       		.uleb128 0x13
 1313 00ae 3F       		.uleb128 0x3f
 1314 00af 19       		.uleb128 0x19
 1315 00b0 3C       		.uleb128 0x3c
 1316 00b1 19       		.uleb128 0x19
 1317 00b2 00       		.byte	0
 1318 00b3 00       		.byte	0
 1319 00b4 0F       		.uleb128 0xf
 1320 00b5 17       		.uleb128 0x17
 1321 00b6 01       		.byte	0x1
 1322 00b7 0B       		.uleb128 0xb
 1323 00b8 0B       		.uleb128 0xb
 1324 00b9 3A       		.uleb128 0x3a
 1325 00ba 0B       		.uleb128 0xb
 1326 00bb 3B       		.uleb128 0x3b
 1327 00bc 0B       		.uleb128 0xb
 1328 00bd 39       		.uleb128 0x39
 1329 00be 0B       		.uleb128 0xb
 1330 00bf 01       		.uleb128 0x1
 1331 00c0 13       		.uleb128 0x13
 1332 00c1 00       		.byte	0
 1333 00c2 00       		.byte	0
 1334 00c3 10       		.uleb128 0x10
 1335 00c4 0D       		.uleb128 0xd
 1336 00c5 00       		.byte	0
 1337 00c6 03       		.uleb128 0x3
 1338 00c7 0E       		.uleb128 0xe
 1339 00c8 3A       		.uleb128 0x3a
 1340 00c9 0B       		.uleb128 0xb
 1341 00ca 3B       		.uleb128 0x3b
 1342 00cb 0B       		.uleb128 0xb
 1343 00cc 39       		.uleb128 0x39
 1344 00cd 0B       		.uleb128 0xb
 1345 00ce 49       		.uleb128 0x49
 1346 00cf 13       		.uleb128 0x13
 1347 00d0 00       		.byte	0
 1348 00d1 00       		.byte	0
 1349 00d2 11       		.uleb128 0x11
 1350 00d3 26       		.uleb128 0x26
 1351 00d4 00       		.byte	0
 1352 00d5 49       		.uleb128 0x49
 1353 00d6 13       		.uleb128 0x13
 1354 00d7 00       		.byte	0
 1355 00d8 00       		.byte	0
 1356 00d9 12       		.uleb128 0x12
 1357 00da 01       		.uleb128 0x1
 1358 00db 01       		.byte	0x1
 1359 00dc 49       		.uleb128 0x49
 1360 00dd 13       		.uleb128 0x13
 1361 00de 01       		.uleb128 0x1
 1362 00df 13       		.uleb128 0x13
 1363 00e0 00       		.byte	0
 1364 00e1 00       		.byte	0
 1365 00e2 13       		.uleb128 0x13
 1366 00e3 21       		.uleb128 0x21
 1367 00e4 00       		.byte	0
 1368 00e5 49       		.uleb128 0x49
ARM GAS  /var/folders/l5/0x54b2c10074c8bt31ycjvl80000gp/T//ccKBRv7A.s 			page 25


 1369 00e6 13       		.uleb128 0x13
 1370 00e7 2F       		.uleb128 0x2f
 1371 00e8 0B       		.uleb128 0xb
 1372 00e9 00       		.byte	0
 1373 00ea 00       		.byte	0
 1374 00eb 14       		.uleb128 0x14
 1375 00ec 34       		.uleb128 0x34
 1376 00ed 00       		.byte	0
 1377 00ee 47       		.uleb128 0x47
 1378 00ef 13       		.uleb128 0x13
 1379 00f0 3A       		.uleb128 0x3a
 1380 00f1 0B       		.uleb128 0xb
 1381 00f2 3B       		.uleb128 0x3b
 1382 00f3 0B       		.uleb128 0xb
 1383 00f4 39       		.uleb128 0x39
 1384 00f5 0B       		.uleb128 0xb
 1385 00f6 02       		.uleb128 0x2
 1386 00f7 18       		.uleb128 0x18
 1387 00f8 00       		.byte	0
 1388 00f9 00       		.byte	0
 1389 00fa 15       		.uleb128 0x15
 1390 00fb 2E       		.uleb128 0x2e
 1391 00fc 01       		.byte	0x1
 1392 00fd 3F       		.uleb128 0x3f
 1393 00fe 19       		.uleb128 0x19
 1394 00ff 03       		.uleb128 0x3
 1395 0100 0E       		.uleb128 0xe
 1396 0101 3A       		.uleb128 0x3a
 1397 0102 0B       		.uleb128 0xb
 1398 0103 3B       		.uleb128 0x3b
 1399 0104 0B       		.uleb128 0xb
 1400 0105 39       		.uleb128 0x39
 1401 0106 0B       		.uleb128 0xb
 1402 0107 27       		.uleb128 0x27
 1403 0108 19       		.uleb128 0x19
 1404 0109 49       		.uleb128 0x49
 1405 010a 13       		.uleb128 0x13
 1406 010b 11       		.uleb128 0x11
 1407 010c 01       		.uleb128 0x1
 1408 010d 12       		.uleb128 0x12
 1409 010e 06       		.uleb128 0x6
 1410 010f 40       		.uleb128 0x40
 1411 0110 18       		.uleb128 0x18
 1412 0111 9742     		.uleb128 0x2117
 1413 0113 19       		.uleb128 0x19
 1414 0114 01       		.uleb128 0x1
 1415 0115 13       		.uleb128 0x13
 1416 0116 00       		.byte	0
 1417 0117 00       		.byte	0
 1418 0118 16       		.uleb128 0x16
 1419 0119 05       		.uleb128 0x5
 1420 011a 00       		.byte	0
 1421 011b 03       		.uleb128 0x3
 1422 011c 08       		.uleb128 0x8
 1423 011d 3A       		.uleb128 0x3a
 1424 011e 0B       		.uleb128 0xb
 1425 011f 3B       		.uleb128 0x3b
ARM GAS  /var/folders/l5/0x54b2c10074c8bt31ycjvl80000gp/T//ccKBRv7A.s 			page 26


 1426 0120 0B       		.uleb128 0xb
 1427 0121 39       		.uleb128 0x39
 1428 0122 0B       		.uleb128 0xb
 1429 0123 49       		.uleb128 0x49
 1430 0124 13       		.uleb128 0x13
 1431 0125 02       		.uleb128 0x2
 1432 0126 17       		.uleb128 0x17
 1433 0127 B742     		.uleb128 0x2137
 1434 0129 17       		.uleb128 0x17
 1435 012a 00       		.byte	0
 1436 012b 00       		.byte	0
 1437 012c 17       		.uleb128 0x17
 1438 012d 34       		.uleb128 0x34
 1439 012e 00       		.byte	0
 1440 012f 03       		.uleb128 0x3
 1441 0130 08       		.uleb128 0x8
 1442 0131 3A       		.uleb128 0x3a
 1443 0132 0B       		.uleb128 0xb
 1444 0133 3B       		.uleb128 0x3b
 1445 0134 0B       		.uleb128 0xb
 1446 0135 39       		.uleb128 0x39
 1447 0136 0B       		.uleb128 0xb
 1448 0137 49       		.uleb128 0x49
 1449 0138 13       		.uleb128 0x13
 1450 0139 02       		.uleb128 0x2
 1451 013a 17       		.uleb128 0x17
 1452 013b B742     		.uleb128 0x2137
 1453 013d 17       		.uleb128 0x17
 1454 013e 00       		.byte	0
 1455 013f 00       		.byte	0
 1456 0140 18       		.uleb128 0x18
 1457 0141 898201   		.uleb128 0x4109
 1458 0144 01       		.byte	0x1
 1459 0145 11       		.uleb128 0x11
 1460 0146 01       		.uleb128 0x1
 1461 0147 31       		.uleb128 0x31
 1462 0148 13       		.uleb128 0x13
 1463 0149 00       		.byte	0
 1464 014a 00       		.byte	0
 1465 014b 19       		.uleb128 0x19
 1466 014c 8A8201   		.uleb128 0x410a
 1467 014f 00       		.byte	0
 1468 0150 02       		.uleb128 0x2
 1469 0151 18       		.uleb128 0x18
 1470 0152 9142     		.uleb128 0x2111
 1471 0154 18       		.uleb128 0x18
 1472 0155 00       		.byte	0
 1473 0156 00       		.byte	0
 1474 0157 1A       		.uleb128 0x1a
 1475 0158 2E       		.uleb128 0x2e
 1476 0159 00       		.byte	0
 1477 015a 3F       		.uleb128 0x3f
 1478 015b 19       		.uleb128 0x19
 1479 015c 3C       		.uleb128 0x3c
 1480 015d 19       		.uleb128 0x19
 1481 015e 6E       		.uleb128 0x6e
 1482 015f 0E       		.uleb128 0xe
ARM GAS  /var/folders/l5/0x54b2c10074c8bt31ycjvl80000gp/T//ccKBRv7A.s 			page 27


 1483 0160 03       		.uleb128 0x3
 1484 0161 0E       		.uleb128 0xe
 1485 0162 3A       		.uleb128 0x3a
 1486 0163 0B       		.uleb128 0xb
 1487 0164 3B       		.uleb128 0x3b
 1488 0165 0B       		.uleb128 0xb
 1489 0166 39       		.uleb128 0x39
 1490 0167 0B       		.uleb128 0xb
 1491 0168 00       		.byte	0
 1492 0169 00       		.byte	0
 1493 016a 00       		.byte	0
 1494              		.section	.debug_loc,"",%progbits
 1495              	.Ldebug_loc0:
 1496              	.LVUS1:
 1497 0000 00       		.uleb128 0
 1498 0001 00       		.uleb128 .LVU37
 1499 0002 00       		.uleb128 .LVU37
 1500 0003 00       		.uleb128 0
 1501              	.LLST1:
 1502 0004 00000000 		.4byte	.LVL1
 1503 0008 2B000000 		.4byte	.LVL4-1
 1504 000c 0100     		.2byte	0x1
 1505 000e 50       		.byte	0x50
 1506 000f 2B000000 		.4byte	.LVL4-1
 1507 0013 38000000 		.4byte	.LFE8
 1508 0017 0400     		.2byte	0x4
 1509 0019 F3       		.byte	0xf3
 1510 001a 01       		.uleb128 0x1
 1511 001b 50       		.byte	0x50
 1512 001c 9F       		.byte	0x9f
 1513 001d 00000000 		.4byte	0
 1514 0021 00000000 		.4byte	0
 1515              	.LVUS2:
 1516 0025 00       		.uleb128 .LVU24
 1517 0026 00       		.uleb128 0
 1518              	.LLST2:
 1519 0027 10000000 		.4byte	.LVL2
 1520 002b 38000000 		.4byte	.LFE8
 1521 002f 0100     		.2byte	0x1
 1522 0031 54       		.byte	0x54
 1523 0032 00000000 		.4byte	0
 1524 0036 00000000 		.4byte	0
 1525              	.LVUS0:
 1526 003a 00       		.uleb128 .LVU7
 1527 003b 00       		.uleb128 0
 1528              	.LLST0:
 1529 003c 0C000000 		.4byte	.LVL0
 1530 0040 24000000 		.4byte	.LFE7
 1531 0044 0100     		.2byte	0x1
 1532 0046 50       		.byte	0x50
 1533 0047 00000000 		.4byte	0
 1534 004b 00000000 		.4byte	0
 1535              		.section	.debug_aranges,"",%progbits
 1536 0000 24000000 		.4byte	0x24
 1537 0004 0200     		.2byte	0x2
 1538 0006 00000000 		.4byte	.Ldebug_info0
 1539 000a 04       		.byte	0x4
ARM GAS  /var/folders/l5/0x54b2c10074c8bt31ycjvl80000gp/T//ccKBRv7A.s 			page 28


 1540 000b 00       		.byte	0
 1541 000c 0000     		.2byte	0
 1542 000e 0000     		.2byte	0
 1543 0010 00000000 		.4byte	.LFB7
 1544 0014 24000000 		.4byte	.LFE7-.LFB7
 1545 0018 00000000 		.4byte	.LFB8
 1546 001c 38000000 		.4byte	.LFE8-.LFB8
 1547 0020 00000000 		.4byte	0
 1548 0024 00000000 		.4byte	0
 1549              		.section	.debug_ranges,"",%progbits
 1550              	.Ldebug_ranges0:
 1551 0000 00000000 		.4byte	.LFB7
 1552 0004 24000000 		.4byte	.LFE7
 1553 0008 00000000 		.4byte	.LFB8
 1554 000c 38000000 		.4byte	.LFE8
 1555 0010 00000000 		.4byte	0
 1556 0014 00000000 		.4byte	0
 1557              		.section	.debug_line,"",%progbits
 1558              	.Ldebug_line0:
 1559 0000 94020000 		.section	.debug_str,"MS",%progbits,1
 1559      0300F901 
 1559      00000201 
 1559      FB0E0D00 
 1559      01010101 
 1560              	.LASF88:
 1561 0000 63665F6F 		.ascii	"cf_off_older\000"
 1561      66665F6F 
 1561      6C646572 
 1561      00
 1562              	.LASF41:
 1563 000d 705F6D73 		.ascii	"p_msg\000"
 1563      6700
 1564              	.LASF2:
 1565 0013 73697A65 		.ascii	"size_t\000"
 1565      5F7400
 1566              	.LASF73:
 1567 001a 7264796D 		.ascii	"rdymsg\000"
 1567      736700
 1568              	.LASF3:
 1569 0021 5F5F7569 		.ascii	"__uint8_t\000"
 1569      6E74385F 
 1569      7400
 1570              	.LASF67:
 1571 002b 76746C69 		.ascii	"vtlist\000"
 1571      737400
 1572              	.LASF13:
 1573 0032 6C6F6E67 		.ascii	"long long unsigned int\000"
 1573      206C6F6E 
 1573      6720756E 
 1573      7369676E 
 1573      65642069 
 1574              	.LASF84:
 1575 0049 63685F74 		.ascii	"ch_threadsize\000"
 1575      68726561 
 1575      6473697A 
 1575      6500
 1576              	.LASF74:
ARM GAS  /var/folders/l5/0x54b2c10074c8bt31ycjvl80000gp/T//ccKBRv7A.s 			page 29


 1577 0057 65786974 		.ascii	"exitcode\000"
 1577      636F6465 
 1577      00
 1578              	.LASF100:
 1579 0060 63685265 		.ascii	"chRegFirstThread\000"
 1579      67466972 
 1579      73745468 
 1579      72656164 
 1579      00
 1580              	.LASF29:
 1581 0071 705F7072 		.ascii	"p_prio\000"
 1581      696F00
 1582              	.LASF91:
 1583 0078 63665F6F 		.ascii	"cf_off_state\000"
 1583      66665F73 
 1583      74617465 
 1583      00
 1584              	.LASF12:
 1585 0085 6C6F6E67 		.ascii	"long long int\000"
 1585      206C6F6E 
 1585      6720696E 
 1585      7400
 1586              	.LASF1:
 1587 0093 7369676E 		.ascii	"signed char\000"
 1587      65642063 
 1587      68617200 
 1588              	.LASF90:
 1589 009f 63665F6F 		.ascii	"cf_off_stklimit\000"
 1589      66665F73 
 1589      746B6C69 
 1589      6D697400 
 1590              	.LASF92:
 1591 00af 63665F6F 		.ascii	"cf_off_flags\000"
 1591      66665F66 
 1591      6C616773 
 1591      00
 1592              	.LASF70:
 1593 00bc 6D5F7175 		.ascii	"m_queue\000"
 1593      65756500 
 1594              	.LASF21:
 1595 00c4 74736C69 		.ascii	"tslices_t\000"
 1595      6365735F 
 1595      7400
 1596              	.LASF9:
 1597 00ce 6C6F6E67 		.ascii	"long int\000"
 1597      20696E74 
 1597      00
 1598              	.LASF19:
 1599 00d7 74737461 		.ascii	"tstate_t\000"
 1599      74655F74 
 1599      00
 1600              	.LASF15:
 1601 00e0 75696E74 		.ascii	"uint16_t\000"
 1601      31365F74 
 1601      00
 1602              	.LASF96:
 1603 00e9 63686465 		.ascii	"chdebug_t\000"
ARM GAS  /var/folders/l5/0x54b2c10074c8bt31ycjvl80000gp/T//ccKBRv7A.s 			page 30


 1603      6275675F 
 1603      7400
 1604              	.LASF31:
 1605 00f3 705F6E65 		.ascii	"p_newer\000"
 1605      77657200 
 1606              	.LASF98:
 1607 00fb 5F69646C 		.ascii	"_idle_thread_wa\000"
 1607      655F7468 
 1607      72656164 
 1607      5F776100 
 1608              	.LASF10:
 1609 010b 5F5F7569 		.ascii	"__uint32_t\000"
 1609      6E743332 
 1609      5F7400
 1610              	.LASF48:
 1611 0116 72656761 		.ascii	"regarm_t\000"
 1611      726D5F74 
 1611      00
 1612              	.LASF54:
 1613 011f 76745F70 		.ascii	"vt_prev\000"
 1613      72657600 
 1614              	.LASF0:
 1615 0127 756E7369 		.ascii	"unsigned int\000"
 1615      676E6564 
 1615      20696E74 
 1615      00
 1616              	.LASF53:
 1617 0134 76745F6E 		.ascii	"vt_next\000"
 1617      65787400 
 1618              	.LASF11:
 1619 013c 6C6F6E67 		.ascii	"long unsigned int\000"
 1619      20756E73 
 1619      69676E65 
 1619      6420696E 
 1619      7400
 1620              	.LASF97:
 1621 014e 63685F64 		.ascii	"ch_debug\000"
 1621      65627567 
 1621      00
 1622              	.LASF51:
 1623 0157 76746675 		.ascii	"vtfunc_t\000"
 1623      6E635F74 
 1623      00
 1624              	.LASF78:
 1625 0160 63685F69 		.ascii	"ch_identifier\000"
 1625      64656E74 
 1625      69666965 
 1625      7200
 1626              	.LASF50:
 1627 016e 636F6E74 		.ascii	"context\000"
 1627      65787400 
 1628              	.LASF7:
 1629 0176 73686F72 		.ascii	"short unsigned int\000"
 1629      7420756E 
 1629      7369676E 
 1629      65642069 
 1629      6E7400
ARM GAS  /var/folders/l5/0x54b2c10074c8bt31ycjvl80000gp/T//ccKBRv7A.s 			page 31


 1630              	.LASF23:
 1631 0189 6D73675F 		.ascii	"msg_t\000"
 1631      7400
 1632              	.LASF63:
 1633 018f 725F6E65 		.ascii	"r_newer\000"
 1633      77657200 
 1634              	.LASF101:
 1635 0197 474E5520 		.ascii	"GNU C17 8.3.1 20190703 (release) [gcc-8-branch revi"
 1635      43313720 
 1635      382E332E 
 1635      31203230 
 1635      31393037 
 1636 01ca 73696F6E 		.ascii	"sion 273027] -mcpu=arm1176jz-s -mno-thumb-interwork"
 1636      20323733 
 1636      3032375D 
 1636      202D6D63 
 1636      70753D61 
 1637 01fd 202D6D66 		.ascii	" -mfloat-abi=soft -marm -march=armv6kz -ggdb -O2 -f"
 1637      6C6F6174 
 1637      2D616269 
 1637      3D736F66 
 1637      74202D6D 
 1638 0230 6F6D6974 		.ascii	"omit-frame-pointer -ffunction-sections -fdata-secti"
 1638      2D667261 
 1638      6D652D70 
 1638      6F696E74 
 1638      6572202D 
 1639 0263 6F6E7300 		.ascii	"ons\000"
 1640              	.LASF18:
 1641 0267 746D6F64 		.ascii	"tmode_t\000"
 1641      655F7400 
 1642              	.LASF46:
 1643 026f 54687265 		.ascii	"ThreadsList\000"
 1643      6164734C 
 1643      69737400 
 1644              	.LASF24:
 1645 027b 6576656E 		.ascii	"eventmask_t\000"
 1645      746D6173 
 1645      6B5F7400 
 1646              	.LASF69:
 1647 0287 4D757465 		.ascii	"Mutex\000"
 1647      7800
 1648              	.LASF47:
 1649 028d 73746B61 		.ascii	"stkalign_t\000"
 1649      6C69676E 
 1649      5F7400
 1650              	.LASF79:
 1651 0298 63685F7A 		.ascii	"ch_zero\000"
 1651      65726F00 
 1652              	.LASF93:
 1653 02a0 63665F6F 		.ascii	"cf_off_refs\000"
 1653      66665F72 
 1653      65667300 
 1654              	.LASF55:
 1655 02ac 76745F74 		.ascii	"vt_time\000"
 1655      696D6500 
 1656              	.LASF56:
ARM GAS  /var/folders/l5/0x54b2c10074c8bt31ycjvl80000gp/T//ccKBRv7A.s 			page 32


 1657 02b4 76745F66 		.ascii	"vt_func\000"
 1657      756E6300 
 1658              	.LASF83:
 1659 02bc 63685F74 		.ascii	"ch_timesize\000"
 1659      696D6573 
 1659      697A6500 
 1660              	.LASF89:
 1661 02c8 63665F6F 		.ascii	"cf_off_name\000"
 1661      66665F6E 
 1661      616D6500 
 1662              	.LASF103:
 1663 02d4 2F557365 		.ascii	"/Users/fernandoguirado/Desktop/Chibi/ChibiOS-RPi/de"
 1663      72732F66 
 1663      65726E61 
 1663      6E646F67 
 1663      75697261 
 1664 0307 6D6F732F 		.ascii	"mos/led\000"
 1664      6C656400 
 1665              	.LASF62:
 1666 030f 725F6374 		.ascii	"r_ctx\000"
 1666      7800
 1667              	.LASF45:
 1668 0315 54687265 		.ascii	"ThreadsQueue\000"
 1668      61647351 
 1668      75657565 
 1668      00
 1669              	.LASF80:
 1670 0322 63685F73 		.ascii	"ch_size\000"
 1670      697A6500 
 1671              	.LASF65:
 1672 032a 725F6375 		.ascii	"r_current\000"
 1672      7272656E 
 1672      7400
 1673              	.LASF64:
 1674 0334 725F6F6C 		.ascii	"r_older\000"
 1674      64657200 
 1675              	.LASF20:
 1676 033c 74726566 		.ascii	"trefs_t\000"
 1676      735F7400 
 1677              	.LASF82:
 1678 0344 63685F70 		.ascii	"ch_ptrsize\000"
 1678      74727369 
 1678      7A6500
 1679              	.LASF28:
 1680 034f 705F7072 		.ascii	"p_prev\000"
 1680      657600
 1681              	.LASF22:
 1682 0356 74707269 		.ascii	"tprio_t\000"
 1682      6F5F7400 
 1683              	.LASF16:
 1684 035e 696E7433 		.ascii	"int32_t\000"
 1684      325F7400 
 1685              	.LASF4:
 1686 0366 756E7369 		.ascii	"unsigned char\000"
 1686      676E6564 
 1686      20636861 
 1686      7200
ARM GAS  /var/folders/l5/0x54b2c10074c8bt31ycjvl80000gp/T//ccKBRv7A.s 			page 33


 1687              	.LASF43:
 1688 0374 705F6D74 		.ascii	"p_mtxlist\000"
 1688      786C6973 
 1688      7400
 1689              	.LASF5:
 1690 037e 73686F72 		.ascii	"short int\000"
 1690      7420696E 
 1690      7400
 1691              	.LASF34:
 1692 0388 705F7374 		.ascii	"p_state\000"
 1692      61746500 
 1693              	.LASF37:
 1694 0390 705F7072 		.ascii	"p_preempt\000"
 1694      65656D70 
 1694      7400
 1695              	.LASF95:
 1696 039a 63665F6F 		.ascii	"cf_off_time\000"
 1696      66665F74 
 1696      696D6500 
 1697              	.LASF32:
 1698 03a6 705F6F6C 		.ascii	"p_older\000"
 1698      64657200 
 1699              	.LASF61:
 1700 03ae 725F7072 		.ascii	"r_prio\000"
 1700      696F00
 1701              	.LASF76:
 1702 03b5 65776D61 		.ascii	"ewmask\000"
 1702      736B00
 1703              	.LASF27:
 1704 03bc 705F6E65 		.ascii	"p_next\000"
 1704      787400
 1705              	.LASF94:
 1706 03c3 63665F6F 		.ascii	"cf_off_preempt\000"
 1706      66665F70 
 1706      7265656D 
 1706      707400
 1707              	.LASF35:
 1708 03d2 705F666C 		.ascii	"p_flags\000"
 1708      61677300 
 1709              	.LASF104:
 1710 03da 63685468 		.ascii	"chThdRelease\000"
 1710      6452656C 
 1710      65617365 
 1710      00
 1711              	.LASF26:
 1712 03e7 54687265 		.ascii	"Thread\000"
 1712      616400
 1713              	.LASF87:
 1714 03ee 63665F6F 		.ascii	"cf_off_newer\000"
 1714      66665F6E 
 1714      65776572 
 1714      00
 1715              	.LASF42:
 1716 03fb 705F6570 		.ascii	"p_epending\000"
 1716      656E6469 
 1716      6E6700
 1717              	.LASF17:
ARM GAS  /var/folders/l5/0x54b2c10074c8bt31ycjvl80000gp/T//ccKBRv7A.s 			page 34


 1718 0406 75696E74 		.ascii	"uint32_t\000"
 1718      33325F74 
 1718      00
 1719              	.LASF85:
 1720 040f 63665F6F 		.ascii	"cf_off_prio\000"
 1720      66665F70 
 1720      72696F00 
 1721              	.LASF60:
 1722 041b 725F7175 		.ascii	"r_queue\000"
 1722      65756500 
 1723              	.LASF52:
 1724 0423 56697274 		.ascii	"VirtualTimer\000"
 1724      75616C54 
 1724      696D6572 
 1724      00
 1725              	.LASF77:
 1726 0430 63686172 		.ascii	"char\000"
 1726      00
 1727              	.LASF99:
 1728 0435 63685265 		.ascii	"chRegNextThread\000"
 1728      674E6578 
 1728      74546872 
 1728      65616400 
 1729              	.LASF6:
 1730 0445 5F5F7569 		.ascii	"__uint16_t\000"
 1730      6E743136 
 1730      5F7400
 1731              	.LASF72:
 1732 0450 6D5F6E65 		.ascii	"m_next\000"
 1732      787400
 1733              	.LASF25:
 1734 0457 73797374 		.ascii	"systime_t\000"
 1734      696D655F 
 1734      7400
 1735              	.LASF44:
 1736 0461 705F7265 		.ascii	"p_realprio\000"
 1736      616C7072 
 1736      696F00
 1737              	.LASF8:
 1738 046c 5F5F696E 		.ascii	"__int32_t\000"
 1738      7433325F 
 1738      7400
 1739              	.LASF38:
 1740 0476 705F7469 		.ascii	"p_time\000"
 1740      6D6500
 1741              	.LASF49:
 1742 047d 696E7463 		.ascii	"intctx\000"
 1742      747800
 1743              	.LASF40:
 1744 0484 705F6D73 		.ascii	"p_msgqueue\000"
 1744      67717565 
 1744      756500
 1745              	.LASF57:
 1746 048f 76745F70 		.ascii	"vt_par\000"
 1746      617200
 1747              	.LASF102:
 1748 0496 2E2E2F2E 		.ascii	"../../os/kernel/src/chregistry.c\000"
ARM GAS  /var/folders/l5/0x54b2c10074c8bt31ycjvl80000gp/T//ccKBRv7A.s 			page 35


 1748      2E2F6F73 
 1748      2F6B6572 
 1748      6E656C2F 
 1748      7372632F 
 1749              	.LASF86:
 1750 04b7 63665F6F 		.ascii	"cf_off_ctx\000"
 1750      66665F63 
 1750      747800
 1751              	.LASF36:
 1752 04c2 705F7265 		.ascii	"p_refs\000"
 1752      667300
 1753              	.LASF66:
 1754 04c9 52656164 		.ascii	"ReadyList\000"
 1754      794C6973 
 1754      7400
 1755              	.LASF68:
 1756 04d3 726C6973 		.ascii	"rlist\000"
 1756      7400
 1757              	.LASF14:
 1758 04d9 75696E74 		.ascii	"uint8_t\000"
 1758      385F7400 
 1759              	.LASF75:
 1760 04e1 77746F62 		.ascii	"wtobjp\000"
 1760      6A7000
 1761              	.LASF33:
 1762 04e8 705F6E61 		.ascii	"p_name\000"
 1762      6D6500
 1763              	.LASF58:
 1764 04ef 76745F73 		.ascii	"vt_systime\000"
 1764      79737469 
 1764      6D6500
 1765              	.LASF81:
 1766 04fa 63685F76 		.ascii	"ch_version\000"
 1766      65727369 
 1766      6F6E00
 1767              	.LASF59:
 1768 0505 56544C69 		.ascii	"VTList\000"
 1768      737400
 1769              	.LASF71:
 1770 050c 6D5F6F77 		.ascii	"m_owner\000"
 1770      6E657200 
 1771              	.LASF30:
 1772 0514 705F6374 		.ascii	"p_ctx\000"
 1772      7800
 1773              	.LASF39:
 1774 051a 705F7761 		.ascii	"p_waiting\000"
 1774      6974696E 
 1774      6700
 1775              		.ident	"GCC: (GNU Tools for Arm Embedded Processors 8-2019-q3-update) 8.3.1 20190703 (release) [gc
ARM GAS  /var/folders/l5/0x54b2c10074c8bt31ycjvl80000gp/T//ccKBRv7A.s 			page 36


DEFINED SYMBOLS
                            *ABS*:0000000000000000 chregistry.c
/var/folders/l5/0x54b2c10074c8bt31ycjvl80000gp/T//ccKBRv7A.s:16     .text.chRegFirstThread:0000000000000000 $a
/var/folders/l5/0x54b2c10074c8bt31ycjvl80000gp/T//ccKBRv7A.s:23     .text.chRegFirstThread:0000000000000000 chRegFirstThread
/var/folders/l5/0x54b2c10074c8bt31ycjvl80000gp/T//ccKBRv7A.s:66     .text.chRegFirstThread:0000000000000020 $d
/var/folders/l5/0x54b2c10074c8bt31ycjvl80000gp/T//ccKBRv7A.s:71     .text.chRegNextThread:0000000000000000 $a
/var/folders/l5/0x54b2c10074c8bt31ycjvl80000gp/T//ccKBRv7A.s:77     .text.chRegNextThread:0000000000000000 chRegNextThread
/var/folders/l5/0x54b2c10074c8bt31ycjvl80000gp/T//ccKBRv7A.s:140    .text.chRegNextThread:0000000000000034 $d
/var/folders/l5/0x54b2c10074c8bt31ycjvl80000gp/T//ccKBRv7A.s:149    .rodata.ch_debug:0000000000000000 ch_debug
/var/folders/l5/0x54b2c10074c8bt31ycjvl80000gp/T//ccKBRv7A.s:146    .rodata.ch_debug:0000000000000000 $d

UNDEFINED SYMBOLS
rlist
chThdRelease
