ARM GAS  /var/folders/l5/0x54b2c10074c8bt31ycjvl80000gp/T//cczfY1rR.s 			page 1


   1              		.cpu arm1176jz-s
   2              		.eabi_attribute 20, 1
   3              		.eabi_attribute 21, 1
   4              		.eabi_attribute 23, 3
   5              		.eabi_attribute 24, 1
   6              		.eabi_attribute 25, 1
   7              		.eabi_attribute 26, 1
   8              		.eabi_attribute 30, 2
   9              		.eabi_attribute 34, 1
  10              		.eabi_attribute 18, 4
  11              		.file	"chsys.c"
  12              		.text
  13              	.Ltext0:
  14              		.cfi_sections	.debug_frame
  15              		.section	.text._idle_thread,"ax",%progbits
  16              		.align	2
  17              		.global	_idle_thread
  18              		.arch armv6kz
  19              		.syntax unified
  20              		.arm
  21              		.fpu softvfp
  22              		.type	_idle_thread, %function
  23              	_idle_thread:
  24              	.LVL0:
  25              	.LFB7:
  26              		.file 1 "../../os/kernel/src/chsys.c"
  27              		.loc 1 54 28 view -0
  28              		.cfi_startproc
  29              		@ Volatile: function does not return.
  30              		@ args = 0, pretend = 0, frame = 0
  31              		@ frame_needed = 0, uses_anonymous_args = 0
  32              		@ link register save eliminated.
  33              		.loc 1 56 3 view .LVU1
  34              		.loc 1 57 3 view .LVU2
  35 0000 10309FE5 		ldr	r3, .L4
  36 0004 10209FE5 		ldr	r2, .L4+4
  37 0008 183093E5 		ldr	r3, [r3, #24]
  38 000c 182083E5 		str	r2, [r3, #24]
  39              	.L2:
  40              		.loc 1 58 3 discriminator 1 view .LVU3
  41              		.loc 1 59 5 discriminator 1 view .LVU4
  42              		.syntax divided
  43              	@ 59 "../../os/kernel/src/chsys.c" 1
  44 0010 900F07EE 		MCR p15,0,r0,c7,c0,4
  45              	@ 0 "" 2
  46              		.loc 1 59 30 discriminator 1 view .LVU5
  47              		.loc 1 60 5 discriminator 1 view .LVU6
  48              		.loc 1 60 21 discriminator 1 view .LVU7
  49              		.arm
  50              		.syntax unified
  51 0014 FDFFFFEA 		b	.L2
  52              	.L5:
  53              		.align	2
  54              	.L4:
  55 0018 00000000 		.word	rlist
  56 001c 00000000 		.word	.LC0
  57              		.cfi_endproc
ARM GAS  /var/folders/l5/0x54b2c10074c8bt31ycjvl80000gp/T//cczfY1rR.s 			page 2


  58              	.LFE7:
  59              		.size	_idle_thread, .-_idle_thread
  60              		.section	.text.chSysInit,"ax",%progbits
  61              		.align	2
  62              		.global	chSysInit
  63              		.syntax unified
  64              		.arm
  65              		.fpu softvfp
  66              		.type	chSysInit, %function
  67              	chSysInit:
  68              	.LFB8:
  69              		.loc 1 77 22 view -0
  70              		.cfi_startproc
  71              		@ args = 0, pretend = 0, frame = 0
  72              		@ frame_needed = 0, uses_anonymous_args = 0
  73              		.loc 1 78 3 view .LVU9
  74              		.loc 1 83 14 view .LVU10
  75              		.loc 1 84 3 view .LVU11
  76              		.loc 1 77 22 is_stmt 0 view .LVU12
  77 0000 04E02DE5 		str	lr, [sp, #-4]!
  78              		.cfi_def_cfa_offset 4
  79              		.cfi_offset 14, -4
  80 0004 0CD04DE2 		sub	sp, sp, #12
  81              		.cfi_def_cfa_offset 16
  82              		.loc 1 84 3 view .LVU13
  83 0008 FEFFFFEB 		bl	_scheduler_init
  84              	.LVL1:
  85              		.loc 1 85 3 is_stmt 1 view .LVU14
  86 000c FEFFFFEB 		bl	_vt_init
  87              	.LVL2:
  88              		.loc 1 87 3 view .LVU15
  89 0010 FEFFFFEB 		bl	_core_init
  90              	.LVL3:
  91              		.loc 1 90 3 view .LVU16
  92 0014 FEFFFFEB 		bl	_heap_init
  93              	.LVL4:
  94              		.loc 1 97 3 view .LVU17
  95 0018 4010A0E3 		mov	r1, #64
  96 001c 40009FE5 		ldr	r0, .L8
  97 0020 FEFFFFEB 		bl	_thread_init
  98              	.LVL5:
  99              		.loc 1 98 18 is_stmt 0 view .LVU18
 100 0024 0120A0E3 		mov	r2, #1
 101              		.loc 1 97 3 view .LVU19
 102 0028 38309FE5 		ldr	r3, .L8+4
 103              		.loc 1 98 18 view .LVU20
 104 002c 1C20C0E5 		strb	r2, [r0, #28]
 105              		.loc 1 97 3 view .LVU21
 106 0030 180083E5 		str	r0, [r3, #24]
 107              		.loc 1 98 3 is_stmt 1 view .LVU22
 108              		.loc 1 104 3 view .LVU23
 109              		.loc 1 104 3 view .LVU24
 110              		.syntax divided
 111              	@ 104 "../../os/kernel/src/chsys.c" 1
 112 0034 1FF021E3 		msr     CPSR_c, #0x1F
 113              	@ 0 "" 2
 114              		.loc 1 104 16 view .LVU25
ARM GAS  /var/folders/l5/0x54b2c10074c8bt31ycjvl80000gp/T//cczfY1rR.s 			page 3


 115              		.loc 1 108 3 view .LVU26
 116              		.loc 1 114 3 is_stmt 0 view .LVU27
 117              		.arm
 118              		.syntax unified
 119 0038 0010A0E3 		mov	r1, #0
 120              		.loc 1 108 3 view .LVU28
 121 003c 183093E5 		ldr	r3, [r3, #24]
 122 0040 24009FE5 		ldr	r0, .L8+8
 123 0044 180083E5 		str	r0, [r3, #24]
 124              		.loc 1 114 3 is_stmt 1 view .LVU29
 125 0048 00108DE5 		str	r1, [sp]
 126 004c 1C309FE5 		ldr	r3, .L8+12
 127 0050 9C10A0E3 		mov	r1, #156
 128 0054 18009FE5 		ldr	r0, .L8+16
 129 0058 FEFFFFEB 		bl	chThdCreateStatic
 130              	.LVL6:
 131              		.loc 1 117 1 is_stmt 0 view .LVU30
 132 005c 0CD08DE2 		add	sp, sp, #12
 133              		.cfi_def_cfa_offset 4
 134              		@ sp needed
 135 0060 04F09DE4 		ldr	pc, [sp], #4
 136              	.L9:
 137              		.align	2
 138              	.L8:
 139 0064 00000000 		.word	.LANCHOR0
 140 0068 00000000 		.word	rlist
 141 006c 00000000 		.word	ch_debug
 142 0070 00000000 		.word	_idle_thread
 143 0074 00000000 		.word	_idle_thread_wa
 144              		.cfi_endproc
 145              	.LFE8:
 146              		.size	chSysInit, .-chSysInit
 147              		.section	.text.chSysTimerHandlerI,"ax",%progbits
 148              		.align	2
 149              		.global	chSysTimerHandlerI
 150              		.syntax unified
 151              		.arm
 152              		.fpu softvfp
 153              		.type	chSysTimerHandlerI, %function
 154              	chSysTimerHandlerI:
 155              	.LFB9:
 156              		.loc 1 130 31 is_stmt 1 view -0
 157              		.cfi_startproc
 158              		@ args = 0, pretend = 0, frame = 0
 159              		@ frame_needed = 0, uses_anonymous_args = 0
 160              		.loc 1 132 3 view .LVU32
 161              		.loc 1 132 21 view .LVU33
 162              		.loc 1 136 3 view .LVU34
 163              		.loc 1 130 31 is_stmt 0 view .LVU35
 164 0000 70402DE9 		push	{r4, r5, r6, lr}
 165              		.cfi_def_cfa_offset 16
 166              		.cfi_offset 4, -16
 167              		.cfi_offset 5, -12
 168              		.cfi_offset 6, -8
 169              		.cfi_offset 14, -4
 170              		.loc 1 136 7 view .LVU36
 171 0004 7C309FE5 		ldr	r3, .L20
ARM GAS  /var/folders/l5/0x54b2c10074c8bt31ycjvl80000gp/T//cczfY1rR.s 			page 4


 172              		.loc 1 143 3 view .LVU37
 173 0008 7C409FE5 		ldr	r4, .L20+4
 174              		.loc 1 136 7 view .LVU38
 175 000c 183093E5 		ldr	r3, [r3, #24]
 176              		.loc 1 136 12 view .LVU39
 177 0010 1F20D3E5 		ldrb	r2, [r3, #31]	@ zero_extendqisi2
 178              		.loc 1 136 6 view .LVU40
 179 0014 000052E3 		cmp	r2, #0
 180              		.loc 1 138 5 is_stmt 1 view .LVU41
 181              		.loc 1 138 21 is_stmt 0 view .LVU42
 182 0018 01204212 		subne	r2, r2, #1
 183 001c 1F20C315 		strbne	r2, [r3, #31]
 184              		.loc 1 141 3 is_stmt 1 view .LVU43
 185              		.loc 1 141 8 is_stmt 0 view .LVU44
 186 0020 202093E5 		ldr	r2, [r3, #32]
 187              		.loc 1 141 16 view .LVU45
 188 0024 012082E2 		add	r2, r2, #1
 189 0028 202083E5 		str	r2, [r3, #32]
 190              		.loc 1 143 3 is_stmt 1 view .LVU46
 191 002c 0C2094E5 		ldr	r2, [r4, #12]
 192 0030 003094E5 		ldr	r3, [r4]
 193 0034 012082E2 		add	r2, r2, #1
 194 0038 040053E1 		cmp	r3, r4
 195 003c 0C2084E5 		str	r2, [r4, #12]
 196              		.loc 1 143 3 view .LVU47
 197 0040 7080BD08 		popeq	{r4, r5, r6, pc}
 198              	.LBB2:
 199              		.loc 1 143 3 discriminator 1 view .LVU48
 200              		.loc 1 143 3 discriminator 1 view .LVU49
 201 0044 085093E5 		ldr	r5, [r3, #8]
 202 0048 015045E2 		sub	r5, r5, #1
 203 004c 000055E3 		cmp	r5, #0
 204 0050 085083E5 		str	r5, [r3, #8]
 205              		.loc 1 143 3 discriminator 1 view .LVU50
 206              	.LBB3:
 207              		.loc 1 143 3 discriminator 1 view .LVU51
 208              		.loc 1 143 3 discriminator 1 view .LVU52
 209              		.loc 1 143 3 discriminator 1 view .LVU53
 210              	.LVL7:
 211              		.loc 1 143 3 is_stmt 0 discriminator 1 view .LVU54
 212              	.LBE3:
 213 0054 7080BD18 		popne	{r4, r5, r6, pc}
 214              	.L13:
 215              	.LBB4:
 216              		.loc 1 143 3 is_stmt 1 discriminator 5 view .LVU55
 217 0058 002093E5 		ldr	r2, [r3]
 218 005c 0C1093E5 		ldr	r1, [r3, #12]
 219              	.LVL8:
 220              		.loc 1 143 3 discriminator 5 view .LVU56
 221 0060 100093E5 		ldr	r0, [r3, #16]
 222 0064 0C5083E5 		str	r5, [r3, #12]
 223              		.loc 1 143 3 discriminator 5 view .LVU57
 224 0068 002084E5 		str	r2, [r4]
 225 006c 044082E5 		str	r4, [r2, #4]
 226              		.loc 1 143 3 discriminator 5 view .LVU58
 227              		.loc 1 143 3 discriminator 5 view .LVU59
 228              		.loc 1 143 3 discriminator 5 view .LVU60
ARM GAS  /var/folders/l5/0x54b2c10074c8bt31ycjvl80000gp/T//cczfY1rR.s 			page 5


 229              		.loc 1 143 3 discriminator 5 view .LVU61
 230              		.loc 1 143 3 discriminator 5 view .LVU62
 231 0070 31FF2FE1 		blx	r1
 232              	.LVL9:
 233              		.loc 1 143 3 discriminator 5 view .LVU63
 234              		.loc 1 143 3 discriminator 5 view .LVU64
 235              		.loc 1 143 3 discriminator 5 view .LVU65
 236              	.LBE4:
 237 0074 003094E5 		ldr	r3, [r4]
 238              	.LVL10:
 239              		.loc 1 143 3 is_stmt 0 discriminator 5 view .LVU66
 240 0078 082093E5 		ldr	r2, [r3, #8]
 241 007c 000052E3 		cmp	r2, #0
 242 0080 F4FFFF0A 		beq	.L13
 243 0084 7080BDE8 		pop	{r4, r5, r6, pc}
 244              	.L21:
 245              		.align	2
 246              	.L20:
 247 0088 00000000 		.word	rlist
 248 008c 00000000 		.word	vtlist
 249              	.LBE2:
 250              		.cfi_endproc
 251              	.LFE9:
 252              		.size	chSysTimerHandlerI, .-chSysTimerHandlerI
 253              		.comm	_idle_thread_wa,156,4
 254              		.section	.bss.mainthread.4816,"aw",%nobits
 255              		.align	2
 256              		.set	.LANCHOR0,. + 0
 257              		.type	mainthread.4816, %object
 258              		.size	mainthread.4816, 68
 259              	mainthread.4816:
 260 0000 00000000 		.space	68
 260      00000000 
 260      00000000 
 260      00000000 
 260      00000000 
 261              		.section	.rodata._idle_thread.str1.4,"aMS",%progbits,1
 262              		.align	2
 263              	.LC0:
 264 0000 69646C65 		.ascii	"idle\000"
 264      00
 265              		.text
 266              	.Letext0:
 267              		.file 2 "/usr/local/Cellar/arm-gcc-bin/8-2019-q3-update/arm-none-eabi/include/machine/_default_typ
 268              		.file 3 "/usr/local/Cellar/arm-gcc-bin/8-2019-q3-update/arm-none-eabi/include/sys/_stdint.h"
 269              		.file 4 "../../os/ports/GCC/ARM/chtypes.h"
 270              		.file 5 "../../os/kernel/include/chlists.h"
 271              		.file 6 "../../os/kernel/include/chthreads.h"
 272              		.file 7 "../../os/ports/GCC/ARM/chcore.h"
 273              		.file 8 "../../os/kernel/include/chvt.h"
 274              		.file 9 "../../os/kernel/include/chschd.h"
 275              		.file 10 "../../os/kernel/include/chmtx.h"
 276              		.file 11 "../../os/kernel/include/chregistry.h"
 277              		.file 12 "../../os/kernel/include/ch.h"
 278              		.file 13 "../../os/kernel/include/chmemcore.h"
 279              		.file 14 "../../os/kernel/include/chheap.h"
 280              		.section	.debug_info,"",%progbits
ARM GAS  /var/folders/l5/0x54b2c10074c8bt31ycjvl80000gp/T//cczfY1rR.s 			page 6


 281              	.Ldebug_info0:
 282 0000 E9070000 		.4byte	0x7e9
 283 0004 0400     		.2byte	0x4
 284 0006 00000000 		.4byte	.Ldebug_abbrev0
 285 000a 04       		.byte	0x4
 286 000b 01       		.uleb128 0x1
 287 000c D7010000 		.4byte	.LASF108
 288 0010 0C       		.byte	0xc
 289 0011 0E050000 		.4byte	.LASF109
 290 0015 26030000 		.4byte	.LASF110
 291 0019 18000000 		.4byte	.Ldebug_ranges0+0x18
 292 001d 00000000 		.4byte	0
 293 0021 00000000 		.4byte	.Ldebug_line0
 294 0025 02       		.uleb128 0x2
 295 0026 04       		.byte	0x4
 296 0027 05       		.byte	0x5
 297 0028 696E7400 		.ascii	"int\000"
 298 002c 03       		.uleb128 0x3
 299 002d 04       		.byte	0x4
 300 002e 07       		.byte	0x7
 301 002f 5A010000 		.4byte	.LASF0
 302 0033 03       		.uleb128 0x3
 303 0034 01       		.byte	0x1
 304 0035 06       		.byte	0x6
 305 0036 B1000000 		.4byte	.LASF1
 306 003a 04       		.uleb128 0x4
 307 003b 22000000 		.4byte	.LASF4
 308 003f 02       		.byte	0x2
 309 0040 2B       		.byte	0x2b
 310 0041 18       		.byte	0x18
 311 0042 46000000 		.4byte	0x46
 312 0046 03       		.uleb128 0x3
 313 0047 01       		.byte	0x1
 314 0048 08       		.byte	0x8
 315 0049 C5030000 		.4byte	.LASF2
 316 004d 03       		.uleb128 0x3
 317 004e 02       		.byte	0x2
 318 004f 05       		.byte	0x5
 319 0050 E8030000 		.4byte	.LASF3
 320 0054 04       		.uleb128 0x4
 321 0055 92040000 		.4byte	.LASF5
 322 0059 02       		.byte	0x2
 323 005a 39       		.byte	0x39
 324 005b 19       		.byte	0x19
 325 005c 60000000 		.4byte	0x60
 326 0060 03       		.uleb128 0x3
 327 0061 02       		.byte	0x2
 328 0062 07       		.byte	0x7
 329 0063 B6010000 		.4byte	.LASF6
 330 0067 04       		.uleb128 0x4
 331 0068 B9040000 		.4byte	.LASF7
 332 006c 02       		.byte	0x2
 333 006d 4D       		.byte	0x4d
 334 006e 18       		.byte	0x18
 335 006f 73000000 		.4byte	0x73
 336 0073 03       		.uleb128 0x3
 337 0074 04       		.byte	0x4
ARM GAS  /var/folders/l5/0x54b2c10074c8bt31ycjvl80000gp/T//cczfY1rR.s 			page 7


 338 0075 05       		.byte	0x5
 339 0076 EC000000 		.4byte	.LASF8
 340 007a 04       		.uleb128 0x4
 341 007b 29010000 		.4byte	.LASF9
 342 007f 02       		.byte	0x2
 343 0080 4F       		.byte	0x4f
 344 0081 19       		.byte	0x19
 345 0082 86000000 		.4byte	0x86
 346 0086 03       		.uleb128 0x3
 347 0087 04       		.byte	0x4
 348 0088 07       		.byte	0x7
 349 0089 7C010000 		.4byte	.LASF10
 350 008d 03       		.uleb128 0x3
 351 008e 08       		.byte	0x8
 352 008f 05       		.byte	0x5
 353 0090 A3000000 		.4byte	.LASF11
 354 0094 03       		.uleb128 0x3
 355 0095 08       		.byte	0x8
 356 0096 07       		.byte	0x7
 357 0097 46000000 		.4byte	.LASF12
 358 009b 04       		.uleb128 0x4
 359 009c 2A050000 		.4byte	.LASF13
 360 00a0 03       		.byte	0x3
 361 00a1 18       		.byte	0x18
 362 00a2 13       		.byte	0x13
 363 00a3 3A000000 		.4byte	0x3a
 364 00a7 04       		.uleb128 0x4
 365 00a8 FE000000 		.4byte	.LASF14
 366 00ac 03       		.byte	0x3
 367 00ad 24       		.byte	0x24
 368 00ae 14       		.byte	0x14
 369 00af 54000000 		.4byte	0x54
 370 00b3 04       		.uleb128 0x4
 371 00b4 BD030000 		.4byte	.LASF15
 372 00b8 03       		.byte	0x3
 373 00b9 2C       		.byte	0x2c
 374 00ba 13       		.byte	0x13
 375 00bb 67000000 		.4byte	0x67
 376 00bf 04       		.uleb128 0x4
 377 00c0 63040000 		.4byte	.LASF16
 378 00c4 03       		.byte	0x3
 379 00c5 30       		.byte	0x30
 380 00c6 14       		.byte	0x14
 381 00c7 7A000000 		.4byte	0x7a
 382 00cb 04       		.uleb128 0x4
 383 00cc A7020000 		.4byte	.LASF17
 384 00d0 04       		.byte	0x4
 385 00d1 2A       		.byte	0x2a
 386 00d2 19       		.byte	0x19
 387 00d3 9B000000 		.4byte	0x9b
 388 00d7 04       		.uleb128 0x4
 389 00d8 F5000000 		.4byte	.LASF18
 390 00dc 04       		.byte	0x4
 391 00dd 2B       		.byte	0x2b
 392 00de 19       		.byte	0x19
 393 00df 9B000000 		.4byte	0x9b
 394 00e3 04       		.uleb128 0x4
ARM GAS  /var/folders/l5/0x54b2c10074c8bt31ycjvl80000gp/T//cczfY1rR.s 			page 8


 395 00e4 9B030000 		.4byte	.LASF19
 396 00e8 04       		.byte	0x4
 397 00e9 2C       		.byte	0x2c
 398 00ea 19       		.byte	0x19
 399 00eb 9B000000 		.4byte	0x9b
 400 00ef 04       		.uleb128 0x4
 401 00f0 E2000000 		.4byte	.LASF20
 402 00f4 04       		.byte	0x4
 403 00f5 2D       		.byte	0x2d
 404 00f6 19       		.byte	0x19
 405 00f7 9B000000 		.4byte	0x9b
 406 00fb 04       		.uleb128 0x4
 407 00fc B5030000 		.4byte	.LASF21
 408 0100 04       		.byte	0x4
 409 0101 2E       		.byte	0x2e
 410 0102 19       		.byte	0x19
 411 0103 BF000000 		.4byte	0xbf
 412 0107 04       		.uleb128 0x4
 413 0108 C9010000 		.4byte	.LASF22
 414 010c 04       		.byte	0x4
 415 010d 2F       		.byte	0x2f
 416 010e 19       		.byte	0x19
 417 010f B3000000 		.4byte	0xb3
 418 0113 04       		.uleb128 0x4
 419 0114 BB020000 		.4byte	.LASF23
 420 0118 04       		.byte	0x4
 421 0119 31       		.byte	0x31
 422 011a 19       		.byte	0x19
 423 011b BF000000 		.4byte	0xbf
 424 011f 04       		.uleb128 0x4
 425 0120 A4040000 		.4byte	.LASF24
 426 0124 04       		.byte	0x4
 427 0125 33       		.byte	0x33
 428 0126 19       		.byte	0x19
 429 0127 BF000000 		.4byte	0xbf
 430 012b 05       		.uleb128 0x5
 431 012c 1F010000 		.4byte	0x11f
 432 0130 04       		.uleb128 0x4
 433 0131 44040000 		.4byte	.LASF25
 434 0135 05       		.byte	0x5
 435 0136 23       		.byte	0x23
 436 0137 17       		.byte	0x17
 437 0138 3C010000 		.4byte	0x13c
 438 013c 06       		.uleb128 0x6
 439 013d 44040000 		.4byte	.LASF25
 440 0141 44       		.byte	0x44
 441 0142 06       		.byte	0x6
 442 0143 57       		.byte	0x57
 443 0144 08       		.byte	0x8
 444 0145 41020000 		.4byte	0x241
 445 0149 07       		.uleb128 0x7
 446 014a 26040000 		.4byte	.LASF26
 447 014e 06       		.byte	0x6
 448 014f 58       		.byte	0x58
 449 0150 1A       		.byte	0x1a
 450 0151 65020000 		.4byte	0x265
 451 0155 00       		.byte	0
ARM GAS  /var/folders/l5/0x54b2c10074c8bt31ycjvl80000gp/T//cczfY1rR.s 			page 9


 452 0156 07       		.uleb128 0x7
 453 0157 AE030000 		.4byte	.LASF27
 454 015b 06       		.byte	0x6
 455 015c 5A       		.byte	0x5a
 456 015d 1A       		.byte	0x1a
 457 015e 65020000 		.4byte	0x265
 458 0162 04       		.byte	0x4
 459 0163 07       		.uleb128 0x7
 460 0164 7F000000 		.4byte	.LASF28
 461 0168 06       		.byte	0x6
 462 0169 5C       		.byte	0x5c
 463 016a 19       		.byte	0x19
 464 016b FB000000 		.4byte	0xfb
 465 016f 08       		.byte	0x8
 466 0170 07       		.uleb128 0x7
 467 0171 65050000 		.4byte	.LASF29
 468 0175 06       		.byte	0x6
 469 0176 5D       		.byte	0x5d
 470 0177 19       		.byte	0x19
 471 0178 30030000 		.4byte	0x330
 472 017c 0C       		.byte	0xc
 473 017d 07       		.uleb128 0x7
 474 017e 11010000 		.4byte	.LASF30
 475 0182 06       		.byte	0x6
 476 0183 5F       		.byte	0x5f
 477 0184 1A       		.byte	0x1a
 478 0185 65020000 		.4byte	0x265
 479 0189 10       		.byte	0x10
 480 018a 07       		.uleb128 0x7
 481 018b 10040000 		.4byte	.LASF31
 482 018f 06       		.byte	0x6
 483 0190 60       		.byte	0x60
 484 0191 1A       		.byte	0x1a
 485 0192 65020000 		.4byte	0x265
 486 0196 14       		.byte	0x14
 487 0197 07       		.uleb128 0x7
 488 0198 39050000 		.4byte	.LASF32
 489 019c 06       		.byte	0x6
 490 019d 67       		.byte	0x67
 491 019e 1A       		.byte	0x1a
 492 019f 16050000 		.4byte	0x516
 493 01a3 18       		.byte	0x18
 494 01a4 07       		.uleb128 0x7
 495 01a5 F2030000 		.4byte	.LASF33
 496 01a9 06       		.byte	0x6
 497 01aa 72       		.byte	0x72
 498 01ab 19       		.byte	0x19
 499 01ac D7000000 		.4byte	0xd7
 500 01b0 1C       		.byte	0x1c
 501 01b1 07       		.uleb128 0x7
 502 01b2 3C040000 		.4byte	.LASF34
 503 01b6 06       		.byte	0x6
 504 01b7 76       		.byte	0x76
 505 01b8 19       		.byte	0x19
 506 01b9 CB000000 		.4byte	0xcb
 507 01bd 1D       		.byte	0x1d
 508 01be 07       		.uleb128 0x7
ARM GAS  /var/folders/l5/0x54b2c10074c8bt31ycjvl80000gp/T//cczfY1rR.s 			page 10


 509 01bf F7040000 		.4byte	.LASF35
 510 01c3 06       		.byte	0x6
 511 01c4 7B       		.byte	0x7b
 512 01c5 19       		.byte	0x19
 513 01c6 E3000000 		.4byte	0xe3
 514 01ca 1E       		.byte	0x1e
 515 01cb 07       		.uleb128 0x7
 516 01cc FA030000 		.4byte	.LASF36
 517 01d0 06       		.byte	0x6
 518 01d1 81       		.byte	0x81
 519 01d2 19       		.byte	0x19
 520 01d3 EF000000 		.4byte	0xef
 521 01d7 1F       		.byte	0x1f
 522 01d8 07       		.uleb128 0x7
 523 01d9 CC040000 		.4byte	.LASF37
 524 01dd 06       		.byte	0x6
 525 01de 88       		.byte	0x88
 526 01df 19       		.byte	0x19
 527 01e0 2B010000 		.4byte	0x12b
 528 01e4 20       		.byte	0x20
 529 01e5 08       		.uleb128 0x8
 530 01e6 705F7500 		.ascii	"p_u\000"
 531 01ea 06       		.byte	0x6
 532 01eb AD       		.byte	0xad
 533 01ec 19       		.byte	0x19
 534 01ed DC040000 		.4byte	0x4dc
 535 01f1 24       		.byte	0x24
 536 01f2 07       		.uleb128 0x7
 537 01f3 6B050000 		.4byte	.LASF38
 538 01f7 06       		.byte	0x6
 539 01f8 B2       		.byte	0xb2
 540 01f9 19       		.byte	0x19
 541 01fa 8E020000 		.4byte	0x28e
 542 01fe 28       		.byte	0x28
 543 01ff 07       		.uleb128 0x7
 544 0200 DA040000 		.4byte	.LASF39
 545 0204 06       		.byte	0x6
 546 0205 B8       		.byte	0xb8
 547 0206 19       		.byte	0x19
 548 0207 6B020000 		.4byte	0x26b
 549 020b 2C       		.byte	0x2c
 550 020c 07       		.uleb128 0x7
 551 020d 15000000 		.4byte	.LASF40
 552 0211 06       		.byte	0x6
 553 0212 BC       		.byte	0xbc
 554 0213 19       		.byte	0x19
 555 0214 07010000 		.4byte	0x107
 556 0218 34       		.byte	0x34
 557 0219 07       		.uleb128 0x7
 558 021a 58040000 		.4byte	.LASF41
 559 021e 06       		.byte	0x6
 560 021f C2       		.byte	0xc2
 561 0220 19       		.byte	0x19
 562 0221 13010000 		.4byte	0x113
 563 0225 38       		.byte	0x38
 564 0226 07       		.uleb128 0x7
 565 0227 DE030000 		.4byte	.LASF42
ARM GAS  /var/folders/l5/0x54b2c10074c8bt31ycjvl80000gp/T//cczfY1rR.s 			page 11


 566 022b 06       		.byte	0x6
 567 022c C9       		.byte	0xc9
 568 022d 1A       		.byte	0x1a
 569 022e 28050000 		.4byte	0x528
 570 0232 3C       		.byte	0x3c
 571 0233 07       		.uleb128 0x7
 572 0234 AE040000 		.4byte	.LASF43
 573 0238 06       		.byte	0x6
 574 0239 CD       		.byte	0xcd
 575 023a 19       		.byte	0x19
 576 023b FB000000 		.4byte	0xfb
 577 023f 40       		.byte	0x40
 578 0240 00       		.byte	0
 579 0241 09       		.uleb128 0x9
 580 0242 08       		.byte	0x8
 581 0243 05       		.byte	0x5
 582 0244 5A       		.byte	0x5a
 583 0245 09       		.byte	0x9
 584 0246 65020000 		.4byte	0x265
 585 024a 07       		.uleb128 0x7
 586 024b 26040000 		.4byte	.LASF26
 587 024f 05       		.byte	0x5
 588 0250 5B       		.byte	0x5b
 589 0251 1A       		.byte	0x1a
 590 0252 65020000 		.4byte	0x265
 591 0256 00       		.byte	0
 592 0257 07       		.uleb128 0x7
 593 0258 AE030000 		.4byte	.LASF27
 594 025c 05       		.byte	0x5
 595 025d 5D       		.byte	0x5d
 596 025e 1A       		.byte	0x1a
 597 025f 65020000 		.4byte	0x265
 598 0263 04       		.byte	0x4
 599 0264 00       		.byte	0
 600 0265 0A       		.uleb128 0xa
 601 0266 04       		.byte	0x4
 602 0267 30010000 		.4byte	0x130
 603 026b 04       		.uleb128 0x4
 604 026c 67030000 		.4byte	.LASF44
 605 0270 05       		.byte	0x5
 606 0271 5F       		.byte	0x5f
 607 0272 03       		.byte	0x3
 608 0273 41020000 		.4byte	0x241
 609 0277 09       		.uleb128 0x9
 610 0278 04       		.byte	0x4
 611 0279 05       		.byte	0x5
 612 027a 64       		.byte	0x64
 613 027b 09       		.byte	0x9
 614 027c 8E020000 		.4byte	0x28e
 615 0280 07       		.uleb128 0x7
 616 0281 26040000 		.4byte	.LASF26
 617 0285 05       		.byte	0x5
 618 0286 66       		.byte	0x66
 619 0287 16       		.byte	0x16
 620 0288 65020000 		.4byte	0x265
 621 028c 00       		.byte	0
 622 028d 00       		.byte	0
ARM GAS  /var/folders/l5/0x54b2c10074c8bt31ycjvl80000gp/T//cczfY1rR.s 			page 12


 623 028e 04       		.uleb128 0x4
 624 028f AF020000 		.4byte	.LASF45
 625 0293 05       		.byte	0x5
 626 0294 69       		.byte	0x69
 627 0295 03       		.byte	0x3
 628 0296 77020000 		.4byte	0x277
 629 029a 04       		.uleb128 0x4
 630 029b CD020000 		.4byte	.LASF46
 631 029f 07       		.byte	0x7
 632 02a0 9D       		.byte	0x9d
 633 02a1 12       		.byte	0x12
 634 02a2 BF000000 		.4byte	0xbf
 635 02a6 04       		.uleb128 0x4
 636 02a7 34010000 		.4byte	.LASF47
 637 02ab 07       		.byte	0x7
 638 02ac A2       		.byte	0xa2
 639 02ad 0F       		.byte	0xf
 640 02ae B2020000 		.4byte	0x2b2
 641 02b2 0B       		.uleb128 0xb
 642 02b3 04       		.byte	0x4
 643 02b4 06       		.uleb128 0x6
 644 02b5 D3040000 		.4byte	.LASF48
 645 02b9 24       		.byte	0x24
 646 02ba 07       		.byte	0x7
 647 02bb B9       		.byte	0xb9
 648 02bc 08       		.byte	0x8
 649 02bd 30030000 		.4byte	0x330
 650 02c1 08       		.uleb128 0x8
 651 02c2 723400   		.ascii	"r4\000"
 652 02c5 07       		.byte	0x7
 653 02c6 BA       		.byte	0xba
 654 02c7 11       		.byte	0x11
 655 02c8 A6020000 		.4byte	0x2a6
 656 02cc 00       		.byte	0
 657 02cd 08       		.uleb128 0x8
 658 02ce 723500   		.ascii	"r5\000"
 659 02d1 07       		.byte	0x7
 660 02d2 BB       		.byte	0xbb
 661 02d3 11       		.byte	0x11
 662 02d4 A6020000 		.4byte	0x2a6
 663 02d8 04       		.byte	0x4
 664 02d9 08       		.uleb128 0x8
 665 02da 723600   		.ascii	"r6\000"
 666 02dd 07       		.byte	0x7
 667 02de BC       		.byte	0xbc
 668 02df 11       		.byte	0x11
 669 02e0 A6020000 		.4byte	0x2a6
 670 02e4 08       		.byte	0x8
 671 02e5 08       		.uleb128 0x8
 672 02e6 723700   		.ascii	"r7\000"
 673 02e9 07       		.byte	0x7
 674 02ea BD       		.byte	0xbd
 675 02eb 11       		.byte	0x11
 676 02ec A6020000 		.4byte	0x2a6
 677 02f0 0C       		.byte	0xc
 678 02f1 08       		.uleb128 0x8
 679 02f2 723800   		.ascii	"r8\000"
ARM GAS  /var/folders/l5/0x54b2c10074c8bt31ycjvl80000gp/T//cczfY1rR.s 			page 13


 680 02f5 07       		.byte	0x7
 681 02f6 BE       		.byte	0xbe
 682 02f7 11       		.byte	0x11
 683 02f8 A6020000 		.4byte	0x2a6
 684 02fc 10       		.byte	0x10
 685 02fd 08       		.uleb128 0x8
 686 02fe 723900   		.ascii	"r9\000"
 687 0301 07       		.byte	0x7
 688 0302 BF       		.byte	0xbf
 689 0303 11       		.byte	0x11
 690 0304 A6020000 		.4byte	0x2a6
 691 0308 14       		.byte	0x14
 692 0309 08       		.uleb128 0x8
 693 030a 72313000 		.ascii	"r10\000"
 694 030e 07       		.byte	0x7
 695 030f C0       		.byte	0xc0
 696 0310 11       		.byte	0x11
 697 0311 A6020000 		.4byte	0x2a6
 698 0315 18       		.byte	0x18
 699 0316 08       		.uleb128 0x8
 700 0317 72313100 		.ascii	"r11\000"
 701 031b 07       		.byte	0x7
 702 031c C1       		.byte	0xc1
 703 031d 11       		.byte	0x11
 704 031e A6020000 		.4byte	0x2a6
 705 0322 1C       		.byte	0x1c
 706 0323 08       		.uleb128 0x8
 707 0324 6C7200   		.ascii	"lr\000"
 708 0327 07       		.byte	0x7
 709 0328 C2       		.byte	0xc2
 710 0329 11       		.byte	0x11
 711 032a A6020000 		.4byte	0x2a6
 712 032e 20       		.byte	0x20
 713 032f 00       		.byte	0
 714 0330 06       		.uleb128 0x6
 715 0331 AE010000 		.4byte	.LASF49
 716 0335 04       		.byte	0x4
 717 0336 07       		.byte	0x7
 718 0337 CA       		.byte	0xca
 719 0338 08       		.byte	0x8
 720 0339 4B030000 		.4byte	0x34b
 721 033d 08       		.uleb128 0x8
 722 033e 72313300 		.ascii	"r13\000"
 723 0342 07       		.byte	0x7
 724 0343 CB       		.byte	0xcb
 725 0344 12       		.byte	0x12
 726 0345 4B030000 		.4byte	0x34b
 727 0349 00       		.byte	0
 728 034a 00       		.byte	0
 729 034b 0A       		.uleb128 0xa
 730 034c 04       		.byte	0x4
 731 034d B4020000 		.4byte	0x2b4
 732 0351 04       		.uleb128 0x4
 733 0352 97010000 		.4byte	.LASF50
 734 0356 08       		.byte	0x8
 735 0357 4E       		.byte	0x4e
 736 0358 10       		.byte	0x10
ARM GAS  /var/folders/l5/0x54b2c10074c8bt31ycjvl80000gp/T//cczfY1rR.s 			page 14


 737 0359 5D030000 		.4byte	0x35d
 738 035d 0A       		.uleb128 0xa
 739 035e 04       		.byte	0x4
 740 035f 63030000 		.4byte	0x363
 741 0363 0C       		.uleb128 0xc
 742 0364 6E030000 		.4byte	0x36e
 743 0368 0D       		.uleb128 0xd
 744 0369 B2020000 		.4byte	0x2b2
 745 036d 00       		.byte	0
 746 036e 04       		.uleb128 0x4
 747 036f 80040000 		.4byte	.LASF51
 748 0373 08       		.byte	0x8
 749 0374 53       		.byte	0x53
 750 0375 1D       		.byte	0x1d
 751 0376 7A030000 		.4byte	0x37a
 752 037a 06       		.uleb128 0x6
 753 037b 80040000 		.4byte	.LASF51
 754 037f 14       		.byte	0x14
 755 0380 08       		.byte	0x8
 756 0381 5A       		.byte	0x5a
 757 0382 08       		.byte	0x8
 758 0383 C9030000 		.4byte	0x3c9
 759 0387 07       		.uleb128 0x7
 760 0388 74010000 		.4byte	.LASF52
 761 038c 08       		.byte	0x8
 762 038d 5B       		.byte	0x5b
 763 038e 1A       		.byte	0x1a
 764 038f C9030000 		.4byte	0x3c9
 765 0393 00       		.byte	0
 766 0394 07       		.uleb128 0x7
 767 0395 3D010000 		.4byte	.LASF53
 768 0399 08       		.byte	0x8
 769 039a 5D       		.byte	0x5d
 770 039b 1A       		.byte	0x1a
 771 039c C9030000 		.4byte	0x3c9
 772 03a0 04       		.byte	0x4
 773 03a1 07       		.uleb128 0x7
 774 03a2 FE020000 		.4byte	.LASF54
 775 03a6 08       		.byte	0x8
 776 03a7 5F       		.byte	0x5f
 777 03a8 19       		.byte	0x19
 778 03a9 1F010000 		.4byte	0x11f
 779 03ad 08       		.byte	0x8
 780 03ae 07       		.uleb128 0x7
 781 03af 06030000 		.4byte	.LASF55
 782 03b3 08       		.byte	0x8
 783 03b4 60       		.byte	0x60
 784 03b5 19       		.byte	0x19
 785 03b6 51030000 		.4byte	0x351
 786 03ba 0C       		.byte	0xc
 787 03bb 07       		.uleb128 0x7
 788 03bc E5040000 		.4byte	.LASF56
 789 03c0 08       		.byte	0x8
 790 03c1 62       		.byte	0x62
 791 03c2 1A       		.byte	0x1a
 792 03c3 B2020000 		.4byte	0x2b2
 793 03c7 10       		.byte	0x10
ARM GAS  /var/folders/l5/0x54b2c10074c8bt31ycjvl80000gp/T//cczfY1rR.s 			page 15


 794 03c8 00       		.byte	0
 795 03c9 0A       		.uleb128 0xa
 796 03ca 04       		.byte	0x4
 797 03cb 6E030000 		.4byte	0x36e
 798 03cf 09       		.uleb128 0x9
 799 03d0 10       		.byte	0x10
 800 03d1 08       		.byte	0x8
 801 03d2 6C       		.byte	0x6c
 802 03d3 09       		.byte	0x9
 803 03d4 0D040000 		.4byte	0x40d
 804 03d8 07       		.uleb128 0x7
 805 03d9 74010000 		.4byte	.LASF52
 806 03dd 08       		.byte	0x8
 807 03de 6D       		.byte	0x6d
 808 03df 1A       		.byte	0x1a
 809 03e0 C9030000 		.4byte	0x3c9
 810 03e4 00       		.byte	0
 811 03e5 07       		.uleb128 0x7
 812 03e6 3D010000 		.4byte	.LASF53
 813 03ea 08       		.byte	0x8
 814 03eb 6F       		.byte	0x6f
 815 03ec 1A       		.byte	0x1a
 816 03ed C9030000 		.4byte	0x3c9
 817 03f1 04       		.byte	0x4
 818 03f2 07       		.uleb128 0x7
 819 03f3 FE020000 		.4byte	.LASF54
 820 03f7 08       		.byte	0x8
 821 03f8 71       		.byte	0x71
 822 03f9 19       		.byte	0x19
 823 03fa 1F010000 		.4byte	0x11f
 824 03fe 08       		.byte	0x8
 825 03ff 07       		.uleb128 0x7
 826 0400 40050000 		.4byte	.LASF57
 827 0404 08       		.byte	0x8
 828 0405 72       		.byte	0x72
 829 0406 19       		.byte	0x19
 830 0407 2B010000 		.4byte	0x12b
 831 040b 0C       		.byte	0xc
 832 040c 00       		.byte	0
 833 040d 04       		.uleb128 0x4
 834 040e 56050000 		.4byte	.LASF58
 835 0412 08       		.byte	0x8
 836 0413 73       		.byte	0x73
 837 0414 03       		.byte	0x3
 838 0415 CF030000 		.4byte	0x3cf
 839 0419 0E       		.uleb128 0xe
 840 041a 2C000000 		.4byte	.LASF66
 841 041e 08       		.byte	0x8
 842 041f D1       		.byte	0xd1
 843 0420 0F       		.byte	0xf
 844 0421 0D040000 		.4byte	0x40d
 845 0425 09       		.uleb128 0x9
 846 0426 1C       		.byte	0x1c
 847 0427 09       		.byte	0x9
 848 0428 57       		.byte	0x57
 849 0429 09       		.byte	0x9
 850 042a 7D040000 		.4byte	0x47d
ARM GAS  /var/folders/l5/0x54b2c10074c8bt31ycjvl80000gp/T//cczfY1rR.s 			page 16


 851 042e 07       		.uleb128 0x7
 852 042f 78040000 		.4byte	.LASF59
 853 0433 09       		.byte	0x9
 854 0434 58       		.byte	0x58
 855 0435 19       		.byte	0x19
 856 0436 6B020000 		.4byte	0x26b
 857 043a 00       		.byte	0
 858 043b 07       		.uleb128 0x7
 859 043c 18040000 		.4byte	.LASF60
 860 0440 09       		.byte	0x9
 861 0441 59       		.byte	0x59
 862 0442 19       		.byte	0x19
 863 0443 FB000000 		.4byte	0xfb
 864 0447 08       		.byte	0x8
 865 0448 07       		.uleb128 0x7
 866 0449 61030000 		.4byte	.LASF61
 867 044d 09       		.byte	0x9
 868 044e 5B       		.byte	0x5b
 869 044f 19       		.byte	0x19
 870 0450 30030000 		.4byte	0x330
 871 0454 0C       		.byte	0xc
 872 0455 07       		.uleb128 0x7
 873 0456 CF010000 		.4byte	.LASF62
 874 045a 09       		.byte	0x9
 875 045b 5E       		.byte	0x5e
 876 045c 1A       		.byte	0x1a
 877 045d 65020000 		.4byte	0x265
 878 0461 10       		.byte	0x10
 879 0462 07       		.uleb128 0x7
 880 0463 86030000 		.4byte	.LASF63
 881 0467 09       		.byte	0x9
 882 0468 5F       		.byte	0x5f
 883 0469 1A       		.byte	0x1a
 884 046a 65020000 		.4byte	0x265
 885 046e 14       		.byte	0x14
 886 046f 07       		.uleb128 0x7
 887 0470 7C030000 		.4byte	.LASF64
 888 0474 09       		.byte	0x9
 889 0475 62       		.byte	0x62
 890 0476 1A       		.byte	0x1a
 891 0477 65020000 		.4byte	0x265
 892 047b 18       		.byte	0x18
 893 047c 00       		.byte	0
 894 047d 04       		.uleb128 0x4
 895 047e FE040000 		.4byte	.LASF65
 896 0482 09       		.byte	0x9
 897 0483 64       		.byte	0x64
 898 0484 03       		.byte	0x3
 899 0485 25040000 		.4byte	0x425
 900 0489 0E       		.uleb128 0xe
 901 048a 08050000 		.4byte	.LASF67
 902 048e 09       		.byte	0x9
 903 048f 68       		.byte	0x68
 904 0490 12       		.byte	0x12
 905 0491 7D040000 		.4byte	0x47d
 906 0495 06       		.uleb128 0x6
 907 0496 C7020000 		.4byte	.LASF68
ARM GAS  /var/folders/l5/0x54b2c10074c8bt31ycjvl80000gp/T//cczfY1rR.s 			page 17


 908 049a 10       		.byte	0x10
 909 049b 0A       		.byte	0xa
 910 049c 25       		.byte	0x25
 911 049d 10       		.byte	0x10
 912 049e CA040000 		.4byte	0x4ca
 913 04a2 07       		.uleb128 0x7
 914 04a3 DA000000 		.4byte	.LASF69
 915 04a7 0A       		.byte	0xa
 916 04a8 26       		.byte	0x26
 917 04a9 19       		.byte	0x19
 918 04aa 6B020000 		.4byte	0x26b
 919 04ae 00       		.byte	0
 920 04af 07       		.uleb128 0x7
 921 04b0 5D050000 		.4byte	.LASF70
 922 04b4 0A       		.byte	0xa
 923 04b5 28       		.byte	0x28
 924 04b6 1A       		.byte	0x1a
 925 04b7 65020000 		.4byte	0x265
 926 04bb 08       		.byte	0x8
 927 04bc 07       		.uleb128 0x7
 928 04bd 9D040000 		.4byte	.LASF71
 929 04c1 0A       		.byte	0xa
 930 04c2 2A       		.byte	0x2a
 931 04c3 1A       		.byte	0x1a
 932 04c4 CA040000 		.4byte	0x4ca
 933 04c8 0C       		.byte	0xc
 934 04c9 00       		.byte	0
 935 04ca 0A       		.uleb128 0xa
 936 04cb 04       		.byte	0x4
 937 04cc 95040000 		.4byte	0x495
 938 04d0 04       		.uleb128 0x4
 939 04d1 C7020000 		.4byte	.LASF68
 940 04d5 0A       		.byte	0xa
 941 04d6 2C       		.byte	0x2c
 942 04d7 03       		.byte	0x3
 943 04d8 95040000 		.4byte	0x495
 944 04dc 0F       		.uleb128 0xf
 945 04dd 04       		.byte	0x4
 946 04de 06       		.byte	0x6
 947 04df 8F       		.byte	0x8f
 948 04e0 03       		.byte	0x3
 949 04e1 16050000 		.4byte	0x516
 950 04e5 10       		.uleb128 0x10
 951 04e6 1B000000 		.4byte	.LASF72
 952 04ea 06       		.byte	0x6
 953 04eb 96       		.byte	0x96
 954 04ec 19       		.byte	0x19
 955 04ed 07010000 		.4byte	0x107
 956 04f1 10       		.uleb128 0x10
 957 04f2 6B000000 		.4byte	.LASF73
 958 04f6 06       		.byte	0x6
 959 04f7 9D       		.byte	0x9d
 960 04f8 19       		.byte	0x19
 961 04f9 07010000 		.4byte	0x107
 962 04fd 10       		.uleb128 0x10
 963 04fe 32050000 		.4byte	.LASF74
 964 0502 06       		.byte	0x6
ARM GAS  /var/folders/l5/0x54b2c10074c8bt31ycjvl80000gp/T//cczfY1rR.s 			page 18


 965 0503 A4       		.byte	0xa4
 966 0504 1A       		.byte	0x1a
 967 0505 B2020000 		.4byte	0x2b2
 968 0509 10       		.uleb128 0x10
 969 050a 1F040000 		.4byte	.LASF75
 970 050e 06       		.byte	0x6
 971 050f AB       		.byte	0xab
 972 0510 19       		.byte	0x19
 973 0511 13010000 		.4byte	0x113
 974 0515 00       		.byte	0
 975 0516 0A       		.uleb128 0xa
 976 0517 04       		.byte	0x4
 977 0518 23050000 		.4byte	0x523
 978 051c 03       		.uleb128 0x3
 979 051d 01       		.byte	0x1
 980 051e 08       		.byte	0x8
 981 051f 8D040000 		.4byte	.LASF76
 982 0523 11       		.uleb128 0x11
 983 0524 1C050000 		.4byte	0x51c
 984 0528 0A       		.uleb128 0xa
 985 0529 04       		.byte	0x4
 986 052a D0040000 		.4byte	0x4d0
 987 052e 04       		.uleb128 0x4
 988 052f 00000000 		.4byte	.LASF77
 989 0533 06       		.byte	0x6
 990 0534 DE       		.byte	0xde
 991 0535 11       		.byte	0x11
 992 0536 3A050000 		.4byte	0x53a
 993 053a 0A       		.uleb128 0xa
 994 053b 04       		.byte	0x4
 995 053c 40050000 		.4byte	0x540
 996 0540 12       		.uleb128 0x12
 997 0541 07010000 		.4byte	0x107
 998 0545 4F050000 		.4byte	0x54f
 999 0549 0D       		.uleb128 0xd
 1000 054a B2020000 		.4byte	0x2b2
 1001 054e 00       		.byte	0
 1002 054f 09       		.uleb128 0x9
 1003 0550 16       		.byte	0x16
 1004 0551 0B       		.byte	0xb
 1005 0552 25       		.byte	0x25
 1006 0553 09       		.byte	0x9
 1007 0554 43060000 		.4byte	0x643
 1008 0558 07       		.uleb128 0x7
 1009 0559 A0010000 		.4byte	.LASF78
 1010 055d 0B       		.byte	0xb
 1011 055e 26       		.byte	0x26
 1012 055f 0D       		.byte	0xd
 1013 0560 43060000 		.4byte	0x643
 1014 0564 00       		.byte	0
 1015 0565 07       		.uleb128 0x7
 1016 0566 EA020000 		.4byte	.LASF79
 1017 056a 0B       		.byte	0xb
 1018 056b 27       		.byte	0x27
 1019 056c 0D       		.byte	0xd
 1020 056d 9B000000 		.4byte	0x9b
 1021 0571 04       		.byte	0x4
ARM GAS  /var/folders/l5/0x54b2c10074c8bt31ycjvl80000gp/T//cczfY1rR.s 			page 19


 1022 0572 07       		.uleb128 0x7
 1023 0573 74030000 		.4byte	.LASF80
 1024 0577 0B       		.byte	0xb
 1025 0578 28       		.byte	0x28
 1026 0579 0D       		.byte	0xd
 1027 057a 9B000000 		.4byte	0x9b
 1028 057e 05       		.byte	0x5
 1029 057f 07       		.uleb128 0x7
 1030 0580 4B050000 		.4byte	.LASF81
 1031 0584 0B       		.byte	0xb
 1032 0585 29       		.byte	0x29
 1033 0586 0D       		.byte	0xd
 1034 0587 A7000000 		.4byte	0xa7
 1035 058b 06       		.byte	0x6
 1036 058c 07       		.uleb128 0x7
 1037 058d A3030000 		.4byte	.LASF82
 1038 0591 0B       		.byte	0xb
 1039 0592 2A       		.byte	0x2a
 1040 0593 0D       		.byte	0xd
 1041 0594 9B000000 		.4byte	0x9b
 1042 0598 08       		.byte	0x8
 1043 0599 07       		.uleb128 0x7
 1044 059a 0E030000 		.4byte	.LASF83
 1045 059e 0B       		.byte	0xb
 1046 059f 2B       		.byte	0x2b
 1047 05a0 0D       		.byte	0xd
 1048 05a1 9B000000 		.4byte	0x9b
 1049 05a5 09       		.byte	0x9
 1050 05a6 07       		.uleb128 0x7
 1051 05a7 5D000000 		.4byte	.LASF84
 1052 05ab 0B       		.byte	0xb
 1053 05ac 2C       		.byte	0x2c
 1054 05ad 0D       		.byte	0xd
 1055 05ae 9B000000 		.4byte	0x9b
 1056 05b2 0A       		.byte	0xa
 1057 05b3 07       		.uleb128 0x7
 1058 05b4 6C040000 		.4byte	.LASF85
 1059 05b8 0B       		.byte	0xb
 1060 05b9 2D       		.byte	0x2d
 1061 05ba 0D       		.byte	0xd
 1062 05bb 9B000000 		.4byte	0x9b
 1063 05bf 0B       		.byte	0xb
 1064 05c0 07       		.uleb128 0x7
 1065 05c1 EC040000 		.4byte	.LASF86
 1066 05c5 0B       		.byte	0xb
 1067 05c6 2E       		.byte	0x2e
 1068 05c7 0D       		.byte	0xd
 1069 05c8 9B000000 		.4byte	0x9b
 1070 05cc 0C       		.byte	0xc
 1071 05cd 07       		.uleb128 0x7
 1072 05ce 4B040000 		.4byte	.LASF87
 1073 05d2 0B       		.byte	0xb
 1074 05d3 2F       		.byte	0x2f
 1075 05d4 0D       		.byte	0xd
 1076 05d5 9B000000 		.4byte	0x9b
 1077 05d9 0D       		.byte	0xd
 1078 05da 07       		.uleb128 0x7
ARM GAS  /var/folders/l5/0x54b2c10074c8bt31ycjvl80000gp/T//cczfY1rR.s 			page 20


 1079 05db 08000000 		.4byte	.LASF88
 1080 05df 0B       		.byte	0xb
 1081 05e0 30       		.byte	0x30
 1082 05e1 0D       		.byte	0xd
 1083 05e2 9B000000 		.4byte	0x9b
 1084 05e6 0E       		.byte	0xe
 1085 05e7 07       		.uleb128 0x7
 1086 05e8 1A030000 		.4byte	.LASF89
 1087 05ec 0B       		.byte	0xb
 1088 05ed 31       		.byte	0x31
 1089 05ee 0D       		.byte	0xd
 1090 05ef 9B000000 		.4byte	0x9b
 1091 05f3 0F       		.byte	0xf
 1092 05f4 07       		.uleb128 0x7
 1093 05f5 BD000000 		.4byte	.LASF90
 1094 05f9 0B       		.byte	0xb
 1095 05fa 32       		.byte	0x32
 1096 05fb 0D       		.byte	0xd
 1097 05fc 9B000000 		.4byte	0x9b
 1098 0600 10       		.byte	0x10
 1099 0601 07       		.uleb128 0x7
 1100 0602 86000000 		.4byte	.LASF91
 1101 0606 0B       		.byte	0xb
 1102 0607 34       		.byte	0x34
 1103 0608 0D       		.byte	0xd
 1104 0609 9B000000 		.4byte	0x9b
 1105 060d 11       		.byte	0x11
 1106 060e 07       		.uleb128 0x7
 1107 060f CD000000 		.4byte	.LASF92
 1108 0613 0B       		.byte	0xb
 1109 0614 35       		.byte	0x35
 1110 0615 0D       		.byte	0xd
 1111 0616 9B000000 		.4byte	0x9b
 1112 061a 12       		.byte	0x12
 1113 061b 07       		.uleb128 0x7
 1114 061c F2020000 		.4byte	.LASF93
 1115 0620 0B       		.byte	0xb
 1116 0621 36       		.byte	0x36
 1117 0622 0D       		.byte	0xd
 1118 0623 9B000000 		.4byte	0x9b
 1119 0627 13       		.byte	0x13
 1120 0628 07       		.uleb128 0x7
 1121 0629 2D040000 		.4byte	.LASF94
 1122 062d 0B       		.byte	0xb
 1123 062e 37       		.byte	0x37
 1124 062f 0D       		.byte	0xd
 1125 0630 9B000000 		.4byte	0x9b
 1126 0634 14       		.byte	0x14
 1127 0635 07       		.uleb128 0x7
 1128 0636 04040000 		.4byte	.LASF95
 1129 063a 0B       		.byte	0xb
 1130 063b 39       		.byte	0x39
 1131 063c 0D       		.byte	0xd
 1132 063d 9B000000 		.4byte	0x9b
 1133 0641 15       		.byte	0x15
 1134 0642 00       		.byte	0
 1135 0643 13       		.uleb128 0x13
ARM GAS  /var/folders/l5/0x54b2c10074c8bt31ycjvl80000gp/T//cczfY1rR.s 			page 21


 1136 0644 1C050000 		.4byte	0x51c
 1137 0648 53060000 		.4byte	0x653
 1138 064c 14       		.uleb128 0x14
 1139 064d 2C000000 		.4byte	0x2c
 1140 0651 03       		.byte	0x3
 1141 0652 00       		.byte	0
 1142 0653 04       		.uleb128 0x4
 1143 0654 07010000 		.4byte	.LASF96
 1144 0658 0B       		.byte	0xb
 1145 0659 3A       		.byte	0x3a
 1146 065a 03       		.byte	0x3
 1147 065b 4F050000 		.4byte	0x54f
 1148 065f 11       		.uleb128 0x11
 1149 0660 53060000 		.4byte	0x653
 1150 0664 0E       		.uleb128 0xe
 1151 0665 8E010000 		.4byte	.LASF97
 1152 0669 0B       		.byte	0xb
 1153 066a 77       		.byte	0x77
 1154 066b 1D       		.byte	0x1d
 1155 066c 5F060000 		.4byte	0x65f
 1156 0670 13       		.uleb128 0x13
 1157 0671 9A020000 		.4byte	0x29a
 1158 0675 80060000 		.4byte	0x680
 1159 0679 14       		.uleb128 0x14
 1160 067a 2C000000 		.4byte	0x2c
 1161 067e 26       		.byte	0x26
 1162 067f 00       		.byte	0
 1163 0680 0E       		.uleb128 0xe
 1164 0681 19010000 		.4byte	.LASF98
 1165 0685 0C       		.byte	0xc
 1166 0686 82       		.byte	0x82
 1167 0687 08       		.byte	0x8
 1168 0688 70060000 		.4byte	0x670
 1169 068c 15       		.uleb128 0x15
 1170 068d 80060000 		.4byte	0x680
 1171 0691 01       		.byte	0x1
 1172 0692 2A       		.byte	0x2a
 1173 0693 01       		.byte	0x1
 1174 0694 05       		.uleb128 0x5
 1175 0695 03       		.byte	0x3
 1176 0696 00000000 		.4byte	_idle_thread_wa
 1177 069a 16       		.uleb128 0x16
 1178 069b 33000000 		.4byte	.LASF99
 1179 069f 01       		.byte	0x1
 1180 06a0 82       		.byte	0x82
 1181 06a1 06       		.byte	0x6
 1182 06a2 00000000 		.4byte	.LFB9
 1183 06a6 90000000 		.4byte	.LFE9-.LFB9
 1184 06aa 01       		.uleb128 0x1
 1185 06ab 9C       		.byte	0x9c
 1186 06ac E8060000 		.4byte	0x6e8
 1187 06b0 17       		.uleb128 0x17
 1188 06b1 44000000 		.4byte	.LBB2
 1189 06b5 4C000000 		.4byte	.LBE2-.LBB2
 1190 06b9 18       		.uleb128 0x18
 1191 06ba 76747000 		.ascii	"vtp\000"
 1192 06be 01       		.byte	0x1
ARM GAS  /var/folders/l5/0x54b2c10074c8bt31ycjvl80000gp/T//cczfY1rR.s 			page 22


 1193 06bf 8F       		.byte	0x8f
 1194 06c0 03       		.byte	0x3
 1195 06c1 C9030000 		.4byte	0x3c9
 1196 06c5 04000000 		.4byte	.LLST0
 1197 06c9 00000000 		.4byte	.LVUS0
 1198 06cd 19       		.uleb128 0x19
 1199 06ce 00000000 		.4byte	.Ldebug_ranges0+0
 1200 06d2 18       		.uleb128 0x18
 1201 06d3 666E00   		.ascii	"fn\000"
 1202 06d6 01       		.byte	0x1
 1203 06d7 8F       		.byte	0x8f
 1204 06d8 03       		.byte	0x3
 1205 06d9 51030000 		.4byte	0x351
 1206 06dd 24000000 		.4byte	.LLST1
 1207 06e1 22000000 		.4byte	.LVUS1
 1208 06e5 00       		.byte	0
 1209 06e6 00       		.byte	0
 1210 06e7 00       		.byte	0
 1211 06e8 1A       		.uleb128 0x1a
 1212 06e9 45010000 		.4byte	.LASF100
 1213 06ed 01       		.byte	0x1
 1214 06ee 4D       		.byte	0x4d
 1215 06ef 06       		.byte	0x6
 1216 06f0 00000000 		.4byte	.LFB8
 1217 06f4 78000000 		.4byte	.LFE8-.LFB8
 1218 06f8 01       		.uleb128 0x1
 1219 06f9 9C       		.byte	0x9c
 1220 06fa 7F070000 		.4byte	0x77f
 1221 06fe 1B       		.uleb128 0x1b
 1222 06ff 74000000 		.4byte	.LASF111
 1223 0703 01       		.byte	0x1
 1224 0704 4E       		.byte	0x4e
 1225 0705 11       		.byte	0x11
 1226 0706 30010000 		.4byte	0x130
 1227 070a 05       		.uleb128 0x5
 1228 070b 03       		.byte	0x3
 1229 070c 00000000 		.4byte	mainthread.4816
 1230 0710 1C       		.uleb128 0x1c
 1231 0711 0C000000 		.4byte	.LVL1
 1232 0715 A2070000 		.4byte	0x7a2
 1233 0719 1C       		.uleb128 0x1c
 1234 071a 10000000 		.4byte	.LVL2
 1235 071e AE070000 		.4byte	0x7ae
 1236 0722 1C       		.uleb128 0x1c
 1237 0723 14000000 		.4byte	.LVL3
 1238 0727 BA070000 		.4byte	0x7ba
 1239 072b 1C       		.uleb128 0x1c
 1240 072c 18000000 		.4byte	.LVL4
 1241 0730 C6070000 		.4byte	0x7c6
 1242 0734 1D       		.uleb128 0x1d
 1243 0735 24000000 		.4byte	.LVL5
 1244 0739 D2070000 		.4byte	0x7d2
 1245 073d 51070000 		.4byte	0x751
 1246 0741 1E       		.uleb128 0x1e
 1247 0742 01       		.uleb128 0x1
 1248 0743 50       		.byte	0x50
 1249 0744 05       		.uleb128 0x5
ARM GAS  /var/folders/l5/0x54b2c10074c8bt31ycjvl80000gp/T//cczfY1rR.s 			page 23


 1250 0745 03       		.byte	0x3
 1251 0746 00000000 		.4byte	.LANCHOR0
 1252 074a 1E       		.uleb128 0x1e
 1253 074b 01       		.uleb128 0x1
 1254 074c 51       		.byte	0x51
 1255 074d 02       		.uleb128 0x2
 1256 074e 08       		.byte	0x8
 1257 074f 40       		.byte	0x40
 1258 0750 00       		.byte	0
 1259 0751 1F       		.uleb128 0x1f
 1260 0752 5C000000 		.4byte	.LVL6
 1261 0756 DF070000 		.4byte	0x7df
 1262 075a 1E       		.uleb128 0x1e
 1263 075b 01       		.uleb128 0x1
 1264 075c 50       		.byte	0x50
 1265 075d 05       		.uleb128 0x5
 1266 075e 03       		.byte	0x3
 1267 075f 00000000 		.4byte	_idle_thread_wa
 1268 0763 1E       		.uleb128 0x1e
 1269 0764 01       		.uleb128 0x1
 1270 0765 51       		.byte	0x51
 1271 0766 02       		.uleb128 0x2
 1272 0767 08       		.byte	0x8
 1273 0768 9C       		.byte	0x9c
 1274 0769 1E       		.uleb128 0x1e
 1275 076a 01       		.uleb128 0x1
 1276 076b 52       		.byte	0x52
 1277 076c 01       		.uleb128 0x1
 1278 076d 31       		.byte	0x31
 1279 076e 1E       		.uleb128 0x1e
 1280 076f 01       		.uleb128 0x1
 1281 0770 53       		.byte	0x53
 1282 0771 05       		.uleb128 0x5
 1283 0772 03       		.byte	0x3
 1284 0773 00000000 		.4byte	_idle_thread
 1285 0777 1E       		.uleb128 0x1e
 1286 0778 02       		.uleb128 0x2
 1287 0779 7D       		.byte	0x7d
 1288 077a 00       		.sleb128 0
 1289 077b 01       		.uleb128 0x1
 1290 077c 30       		.byte	0x30
 1291 077d 00       		.byte	0
 1292 077e 00       		.byte	0
 1293 077f 1A       		.uleb128 0x1a
 1294 0780 8E030000 		.4byte	.LASF101
 1295 0784 01       		.byte	0x1
 1296 0785 36       		.byte	0x36
 1297 0786 06       		.byte	0x6
 1298 0787 00000000 		.4byte	.LFB7
 1299 078b 20000000 		.4byte	.LFE7-.LFB7
 1300 078f 01       		.uleb128 0x1
 1301 0790 9C       		.byte	0x9c
 1302 0791 A2070000 		.4byte	0x7a2
 1303 0795 20       		.uleb128 0x20
 1304 0796 7000     		.ascii	"p\000"
 1305 0798 01       		.byte	0x1
 1306 0799 36       		.byte	0x36
ARM GAS  /var/folders/l5/0x54b2c10074c8bt31ycjvl80000gp/T//cczfY1rR.s 			page 24


 1307 079a 19       		.byte	0x19
 1308 079b B2020000 		.4byte	0x2b2
 1309 079f 01       		.uleb128 0x1
 1310 07a0 50       		.byte	0x50
 1311 07a1 00       		.byte	0
 1312 07a2 21       		.uleb128 0x21
 1313 07a3 93000000 		.4byte	.LASF102
 1314 07a7 93000000 		.4byte	.LASF102
 1315 07ab 09       		.byte	0x9
 1316 07ac 87       		.byte	0x87
 1317 07ad 08       		.byte	0x8
 1318 07ae 21       		.uleb128 0x21
 1319 07af C3040000 		.4byte	.LASF103
 1320 07b3 C3040000 		.4byte	.LASF103
 1321 07b7 08       		.byte	0x8
 1322 07b8 D9       		.byte	0xd9
 1323 07b9 08       		.byte	0x8
 1324 07ba 21       		.uleb128 0x21
 1325 07bb D3030000 		.4byte	.LASF104
 1326 07bf D3030000 		.4byte	.LASF104
 1327 07c3 0D       		.byte	0xd
 1328 07c4 4A       		.byte	0x4a
 1329 07c5 08       		.byte	0x8
 1330 07c6 21       		.uleb128 0x21
 1331 07c7 4F010000 		.4byte	.LASF105
 1332 07cb 4F010000 		.4byte	.LASF105
 1333 07cf 0E       		.byte	0xe
 1334 07d0 4E       		.byte	0x4e
 1335 07d1 08       		.byte	0x8
 1336 07d2 22       		.uleb128 0x22
 1337 07d3 67010000 		.4byte	.LASF106
 1338 07d7 67010000 		.4byte	.LASF106
 1339 07db 06       		.byte	0x6
 1340 07dc 5E01     		.2byte	0x15e
 1341 07de 0B       		.byte	0xb
 1342 07df 22       		.uleb128 0x22
 1343 07e0 D8020000 		.4byte	.LASF107
 1344 07e4 D8020000 		.4byte	.LASF107
 1345 07e8 06       		.byte	0x6
 1346 07e9 6401     		.2byte	0x164
 1347 07eb 0B       		.byte	0xb
 1348 07ec 00       		.byte	0
 1349              		.section	.debug_abbrev,"",%progbits
 1350              	.Ldebug_abbrev0:
 1351 0000 01       		.uleb128 0x1
 1352 0001 11       		.uleb128 0x11
 1353 0002 01       		.byte	0x1
 1354 0003 25       		.uleb128 0x25
 1355 0004 0E       		.uleb128 0xe
 1356 0005 13       		.uleb128 0x13
 1357 0006 0B       		.uleb128 0xb
 1358 0007 03       		.uleb128 0x3
 1359 0008 0E       		.uleb128 0xe
 1360 0009 1B       		.uleb128 0x1b
 1361 000a 0E       		.uleb128 0xe
 1362 000b 55       		.uleb128 0x55
 1363 000c 17       		.uleb128 0x17
ARM GAS  /var/folders/l5/0x54b2c10074c8bt31ycjvl80000gp/T//cczfY1rR.s 			page 25


 1364 000d 11       		.uleb128 0x11
 1365 000e 01       		.uleb128 0x1
 1366 000f 10       		.uleb128 0x10
 1367 0010 17       		.uleb128 0x17
 1368 0011 00       		.byte	0
 1369 0012 00       		.byte	0
 1370 0013 02       		.uleb128 0x2
 1371 0014 24       		.uleb128 0x24
 1372 0015 00       		.byte	0
 1373 0016 0B       		.uleb128 0xb
 1374 0017 0B       		.uleb128 0xb
 1375 0018 3E       		.uleb128 0x3e
 1376 0019 0B       		.uleb128 0xb
 1377 001a 03       		.uleb128 0x3
 1378 001b 08       		.uleb128 0x8
 1379 001c 00       		.byte	0
 1380 001d 00       		.byte	0
 1381 001e 03       		.uleb128 0x3
 1382 001f 24       		.uleb128 0x24
 1383 0020 00       		.byte	0
 1384 0021 0B       		.uleb128 0xb
 1385 0022 0B       		.uleb128 0xb
 1386 0023 3E       		.uleb128 0x3e
 1387 0024 0B       		.uleb128 0xb
 1388 0025 03       		.uleb128 0x3
 1389 0026 0E       		.uleb128 0xe
 1390 0027 00       		.byte	0
 1391 0028 00       		.byte	0
 1392 0029 04       		.uleb128 0x4
 1393 002a 16       		.uleb128 0x16
 1394 002b 00       		.byte	0
 1395 002c 03       		.uleb128 0x3
 1396 002d 0E       		.uleb128 0xe
 1397 002e 3A       		.uleb128 0x3a
 1398 002f 0B       		.uleb128 0xb
 1399 0030 3B       		.uleb128 0x3b
 1400 0031 0B       		.uleb128 0xb
 1401 0032 39       		.uleb128 0x39
 1402 0033 0B       		.uleb128 0xb
 1403 0034 49       		.uleb128 0x49
 1404 0035 13       		.uleb128 0x13
 1405 0036 00       		.byte	0
 1406 0037 00       		.byte	0
 1407 0038 05       		.uleb128 0x5
 1408 0039 35       		.uleb128 0x35
 1409 003a 00       		.byte	0
 1410 003b 49       		.uleb128 0x49
 1411 003c 13       		.uleb128 0x13
 1412 003d 00       		.byte	0
 1413 003e 00       		.byte	0
 1414 003f 06       		.uleb128 0x6
 1415 0040 13       		.uleb128 0x13
 1416 0041 01       		.byte	0x1
 1417 0042 03       		.uleb128 0x3
 1418 0043 0E       		.uleb128 0xe
 1419 0044 0B       		.uleb128 0xb
 1420 0045 0B       		.uleb128 0xb
ARM GAS  /var/folders/l5/0x54b2c10074c8bt31ycjvl80000gp/T//cczfY1rR.s 			page 26


 1421 0046 3A       		.uleb128 0x3a
 1422 0047 0B       		.uleb128 0xb
 1423 0048 3B       		.uleb128 0x3b
 1424 0049 0B       		.uleb128 0xb
 1425 004a 39       		.uleb128 0x39
 1426 004b 0B       		.uleb128 0xb
 1427 004c 01       		.uleb128 0x1
 1428 004d 13       		.uleb128 0x13
 1429 004e 00       		.byte	0
 1430 004f 00       		.byte	0
 1431 0050 07       		.uleb128 0x7
 1432 0051 0D       		.uleb128 0xd
 1433 0052 00       		.byte	0
 1434 0053 03       		.uleb128 0x3
 1435 0054 0E       		.uleb128 0xe
 1436 0055 3A       		.uleb128 0x3a
 1437 0056 0B       		.uleb128 0xb
 1438 0057 3B       		.uleb128 0x3b
 1439 0058 0B       		.uleb128 0xb
 1440 0059 39       		.uleb128 0x39
 1441 005a 0B       		.uleb128 0xb
 1442 005b 49       		.uleb128 0x49
 1443 005c 13       		.uleb128 0x13
 1444 005d 38       		.uleb128 0x38
 1445 005e 0B       		.uleb128 0xb
 1446 005f 00       		.byte	0
 1447 0060 00       		.byte	0
 1448 0061 08       		.uleb128 0x8
 1449 0062 0D       		.uleb128 0xd
 1450 0063 00       		.byte	0
 1451 0064 03       		.uleb128 0x3
 1452 0065 08       		.uleb128 0x8
 1453 0066 3A       		.uleb128 0x3a
 1454 0067 0B       		.uleb128 0xb
 1455 0068 3B       		.uleb128 0x3b
 1456 0069 0B       		.uleb128 0xb
 1457 006a 39       		.uleb128 0x39
 1458 006b 0B       		.uleb128 0xb
 1459 006c 49       		.uleb128 0x49
 1460 006d 13       		.uleb128 0x13
 1461 006e 38       		.uleb128 0x38
 1462 006f 0B       		.uleb128 0xb
 1463 0070 00       		.byte	0
 1464 0071 00       		.byte	0
 1465 0072 09       		.uleb128 0x9
 1466 0073 13       		.uleb128 0x13
 1467 0074 01       		.byte	0x1
 1468 0075 0B       		.uleb128 0xb
 1469 0076 0B       		.uleb128 0xb
 1470 0077 3A       		.uleb128 0x3a
 1471 0078 0B       		.uleb128 0xb
 1472 0079 3B       		.uleb128 0x3b
 1473 007a 0B       		.uleb128 0xb
 1474 007b 39       		.uleb128 0x39
 1475 007c 0B       		.uleb128 0xb
 1476 007d 01       		.uleb128 0x1
 1477 007e 13       		.uleb128 0x13
ARM GAS  /var/folders/l5/0x54b2c10074c8bt31ycjvl80000gp/T//cczfY1rR.s 			page 27


 1478 007f 00       		.byte	0
 1479 0080 00       		.byte	0
 1480 0081 0A       		.uleb128 0xa
 1481 0082 0F       		.uleb128 0xf
 1482 0083 00       		.byte	0
 1483 0084 0B       		.uleb128 0xb
 1484 0085 0B       		.uleb128 0xb
 1485 0086 49       		.uleb128 0x49
 1486 0087 13       		.uleb128 0x13
 1487 0088 00       		.byte	0
 1488 0089 00       		.byte	0
 1489 008a 0B       		.uleb128 0xb
 1490 008b 0F       		.uleb128 0xf
 1491 008c 00       		.byte	0
 1492 008d 0B       		.uleb128 0xb
 1493 008e 0B       		.uleb128 0xb
 1494 008f 00       		.byte	0
 1495 0090 00       		.byte	0
 1496 0091 0C       		.uleb128 0xc
 1497 0092 15       		.uleb128 0x15
 1498 0093 01       		.byte	0x1
 1499 0094 27       		.uleb128 0x27
 1500 0095 19       		.uleb128 0x19
 1501 0096 01       		.uleb128 0x1
 1502 0097 13       		.uleb128 0x13
 1503 0098 00       		.byte	0
 1504 0099 00       		.byte	0
 1505 009a 0D       		.uleb128 0xd
 1506 009b 05       		.uleb128 0x5
 1507 009c 00       		.byte	0
 1508 009d 49       		.uleb128 0x49
 1509 009e 13       		.uleb128 0x13
 1510 009f 00       		.byte	0
 1511 00a0 00       		.byte	0
 1512 00a1 0E       		.uleb128 0xe
 1513 00a2 34       		.uleb128 0x34
 1514 00a3 00       		.byte	0
 1515 00a4 03       		.uleb128 0x3
 1516 00a5 0E       		.uleb128 0xe
 1517 00a6 3A       		.uleb128 0x3a
 1518 00a7 0B       		.uleb128 0xb
 1519 00a8 3B       		.uleb128 0x3b
 1520 00a9 0B       		.uleb128 0xb
 1521 00aa 39       		.uleb128 0x39
 1522 00ab 0B       		.uleb128 0xb
 1523 00ac 49       		.uleb128 0x49
 1524 00ad 13       		.uleb128 0x13
 1525 00ae 3F       		.uleb128 0x3f
 1526 00af 19       		.uleb128 0x19
 1527 00b0 3C       		.uleb128 0x3c
 1528 00b1 19       		.uleb128 0x19
 1529 00b2 00       		.byte	0
 1530 00b3 00       		.byte	0
 1531 00b4 0F       		.uleb128 0xf
 1532 00b5 17       		.uleb128 0x17
 1533 00b6 01       		.byte	0x1
 1534 00b7 0B       		.uleb128 0xb
ARM GAS  /var/folders/l5/0x54b2c10074c8bt31ycjvl80000gp/T//cczfY1rR.s 			page 28


 1535 00b8 0B       		.uleb128 0xb
 1536 00b9 3A       		.uleb128 0x3a
 1537 00ba 0B       		.uleb128 0xb
 1538 00bb 3B       		.uleb128 0x3b
 1539 00bc 0B       		.uleb128 0xb
 1540 00bd 39       		.uleb128 0x39
 1541 00be 0B       		.uleb128 0xb
 1542 00bf 01       		.uleb128 0x1
 1543 00c0 13       		.uleb128 0x13
 1544 00c1 00       		.byte	0
 1545 00c2 00       		.byte	0
 1546 00c3 10       		.uleb128 0x10
 1547 00c4 0D       		.uleb128 0xd
 1548 00c5 00       		.byte	0
 1549 00c6 03       		.uleb128 0x3
 1550 00c7 0E       		.uleb128 0xe
 1551 00c8 3A       		.uleb128 0x3a
 1552 00c9 0B       		.uleb128 0xb
 1553 00ca 3B       		.uleb128 0x3b
 1554 00cb 0B       		.uleb128 0xb
 1555 00cc 39       		.uleb128 0x39
 1556 00cd 0B       		.uleb128 0xb
 1557 00ce 49       		.uleb128 0x49
 1558 00cf 13       		.uleb128 0x13
 1559 00d0 00       		.byte	0
 1560 00d1 00       		.byte	0
 1561 00d2 11       		.uleb128 0x11
 1562 00d3 26       		.uleb128 0x26
 1563 00d4 00       		.byte	0
 1564 00d5 49       		.uleb128 0x49
 1565 00d6 13       		.uleb128 0x13
 1566 00d7 00       		.byte	0
 1567 00d8 00       		.byte	0
 1568 00d9 12       		.uleb128 0x12
 1569 00da 15       		.uleb128 0x15
 1570 00db 01       		.byte	0x1
 1571 00dc 27       		.uleb128 0x27
 1572 00dd 19       		.uleb128 0x19
 1573 00de 49       		.uleb128 0x49
 1574 00df 13       		.uleb128 0x13
 1575 00e0 01       		.uleb128 0x1
 1576 00e1 13       		.uleb128 0x13
 1577 00e2 00       		.byte	0
 1578 00e3 00       		.byte	0
 1579 00e4 13       		.uleb128 0x13
 1580 00e5 01       		.uleb128 0x1
 1581 00e6 01       		.byte	0x1
 1582 00e7 49       		.uleb128 0x49
 1583 00e8 13       		.uleb128 0x13
 1584 00e9 01       		.uleb128 0x1
 1585 00ea 13       		.uleb128 0x13
 1586 00eb 00       		.byte	0
 1587 00ec 00       		.byte	0
 1588 00ed 14       		.uleb128 0x14
 1589 00ee 21       		.uleb128 0x21
 1590 00ef 00       		.byte	0
 1591 00f0 49       		.uleb128 0x49
ARM GAS  /var/folders/l5/0x54b2c10074c8bt31ycjvl80000gp/T//cczfY1rR.s 			page 29


 1592 00f1 13       		.uleb128 0x13
 1593 00f2 2F       		.uleb128 0x2f
 1594 00f3 0B       		.uleb128 0xb
 1595 00f4 00       		.byte	0
 1596 00f5 00       		.byte	0
 1597 00f6 15       		.uleb128 0x15
 1598 00f7 34       		.uleb128 0x34
 1599 00f8 00       		.byte	0
 1600 00f9 47       		.uleb128 0x47
 1601 00fa 13       		.uleb128 0x13
 1602 00fb 3A       		.uleb128 0x3a
 1603 00fc 0B       		.uleb128 0xb
 1604 00fd 3B       		.uleb128 0x3b
 1605 00fe 0B       		.uleb128 0xb
 1606 00ff 39       		.uleb128 0x39
 1607 0100 0B       		.uleb128 0xb
 1608 0101 02       		.uleb128 0x2
 1609 0102 18       		.uleb128 0x18
 1610 0103 00       		.byte	0
 1611 0104 00       		.byte	0
 1612 0105 16       		.uleb128 0x16
 1613 0106 2E       		.uleb128 0x2e
 1614 0107 01       		.byte	0x1
 1615 0108 3F       		.uleb128 0x3f
 1616 0109 19       		.uleb128 0x19
 1617 010a 03       		.uleb128 0x3
 1618 010b 0E       		.uleb128 0xe
 1619 010c 3A       		.uleb128 0x3a
 1620 010d 0B       		.uleb128 0xb
 1621 010e 3B       		.uleb128 0x3b
 1622 010f 0B       		.uleb128 0xb
 1623 0110 39       		.uleb128 0x39
 1624 0111 0B       		.uleb128 0xb
 1625 0112 27       		.uleb128 0x27
 1626 0113 19       		.uleb128 0x19
 1627 0114 11       		.uleb128 0x11
 1628 0115 01       		.uleb128 0x1
 1629 0116 12       		.uleb128 0x12
 1630 0117 06       		.uleb128 0x6
 1631 0118 40       		.uleb128 0x40
 1632 0119 18       		.uleb128 0x18
 1633 011a 9642     		.uleb128 0x2116
 1634 011c 19       		.uleb128 0x19
 1635 011d 01       		.uleb128 0x1
 1636 011e 13       		.uleb128 0x13
 1637 011f 00       		.byte	0
 1638 0120 00       		.byte	0
 1639 0121 17       		.uleb128 0x17
 1640 0122 0B       		.uleb128 0xb
 1641 0123 01       		.byte	0x1
 1642 0124 11       		.uleb128 0x11
 1643 0125 01       		.uleb128 0x1
 1644 0126 12       		.uleb128 0x12
 1645 0127 06       		.uleb128 0x6
 1646 0128 00       		.byte	0
 1647 0129 00       		.byte	0
 1648 012a 18       		.uleb128 0x18
ARM GAS  /var/folders/l5/0x54b2c10074c8bt31ycjvl80000gp/T//cczfY1rR.s 			page 30


 1649 012b 34       		.uleb128 0x34
 1650 012c 00       		.byte	0
 1651 012d 03       		.uleb128 0x3
 1652 012e 08       		.uleb128 0x8
 1653 012f 3A       		.uleb128 0x3a
 1654 0130 0B       		.uleb128 0xb
 1655 0131 3B       		.uleb128 0x3b
 1656 0132 0B       		.uleb128 0xb
 1657 0133 39       		.uleb128 0x39
 1658 0134 0B       		.uleb128 0xb
 1659 0135 49       		.uleb128 0x49
 1660 0136 13       		.uleb128 0x13
 1661 0137 02       		.uleb128 0x2
 1662 0138 17       		.uleb128 0x17
 1663 0139 B742     		.uleb128 0x2137
 1664 013b 17       		.uleb128 0x17
 1665 013c 00       		.byte	0
 1666 013d 00       		.byte	0
 1667 013e 19       		.uleb128 0x19
 1668 013f 0B       		.uleb128 0xb
 1669 0140 01       		.byte	0x1
 1670 0141 55       		.uleb128 0x55
 1671 0142 17       		.uleb128 0x17
 1672 0143 00       		.byte	0
 1673 0144 00       		.byte	0
 1674 0145 1A       		.uleb128 0x1a
 1675 0146 2E       		.uleb128 0x2e
 1676 0147 01       		.byte	0x1
 1677 0148 3F       		.uleb128 0x3f
 1678 0149 19       		.uleb128 0x19
 1679 014a 03       		.uleb128 0x3
 1680 014b 0E       		.uleb128 0xe
 1681 014c 3A       		.uleb128 0x3a
 1682 014d 0B       		.uleb128 0xb
 1683 014e 3B       		.uleb128 0x3b
 1684 014f 0B       		.uleb128 0xb
 1685 0150 39       		.uleb128 0x39
 1686 0151 0B       		.uleb128 0xb
 1687 0152 27       		.uleb128 0x27
 1688 0153 19       		.uleb128 0x19
 1689 0154 11       		.uleb128 0x11
 1690 0155 01       		.uleb128 0x1
 1691 0156 12       		.uleb128 0x12
 1692 0157 06       		.uleb128 0x6
 1693 0158 40       		.uleb128 0x40
 1694 0159 18       		.uleb128 0x18
 1695 015a 9742     		.uleb128 0x2117
 1696 015c 19       		.uleb128 0x19
 1697 015d 01       		.uleb128 0x1
 1698 015e 13       		.uleb128 0x13
 1699 015f 00       		.byte	0
 1700 0160 00       		.byte	0
 1701 0161 1B       		.uleb128 0x1b
 1702 0162 34       		.uleb128 0x34
 1703 0163 00       		.byte	0
 1704 0164 03       		.uleb128 0x3
 1705 0165 0E       		.uleb128 0xe
ARM GAS  /var/folders/l5/0x54b2c10074c8bt31ycjvl80000gp/T//cczfY1rR.s 			page 31


 1706 0166 3A       		.uleb128 0x3a
 1707 0167 0B       		.uleb128 0xb
 1708 0168 3B       		.uleb128 0x3b
 1709 0169 0B       		.uleb128 0xb
 1710 016a 39       		.uleb128 0x39
 1711 016b 0B       		.uleb128 0xb
 1712 016c 49       		.uleb128 0x49
 1713 016d 13       		.uleb128 0x13
 1714 016e 02       		.uleb128 0x2
 1715 016f 18       		.uleb128 0x18
 1716 0170 00       		.byte	0
 1717 0171 00       		.byte	0
 1718 0172 1C       		.uleb128 0x1c
 1719 0173 898201   		.uleb128 0x4109
 1720 0176 00       		.byte	0
 1721 0177 11       		.uleb128 0x11
 1722 0178 01       		.uleb128 0x1
 1723 0179 31       		.uleb128 0x31
 1724 017a 13       		.uleb128 0x13
 1725 017b 00       		.byte	0
 1726 017c 00       		.byte	0
 1727 017d 1D       		.uleb128 0x1d
 1728 017e 898201   		.uleb128 0x4109
 1729 0181 01       		.byte	0x1
 1730 0182 11       		.uleb128 0x11
 1731 0183 01       		.uleb128 0x1
 1732 0184 31       		.uleb128 0x31
 1733 0185 13       		.uleb128 0x13
 1734 0186 01       		.uleb128 0x1
 1735 0187 13       		.uleb128 0x13
 1736 0188 00       		.byte	0
 1737 0189 00       		.byte	0
 1738 018a 1E       		.uleb128 0x1e
 1739 018b 8A8201   		.uleb128 0x410a
 1740 018e 00       		.byte	0
 1741 018f 02       		.uleb128 0x2
 1742 0190 18       		.uleb128 0x18
 1743 0191 9142     		.uleb128 0x2111
 1744 0193 18       		.uleb128 0x18
 1745 0194 00       		.byte	0
 1746 0195 00       		.byte	0
 1747 0196 1F       		.uleb128 0x1f
 1748 0197 898201   		.uleb128 0x4109
 1749 019a 01       		.byte	0x1
 1750 019b 11       		.uleb128 0x11
 1751 019c 01       		.uleb128 0x1
 1752 019d 31       		.uleb128 0x31
 1753 019e 13       		.uleb128 0x13
 1754 019f 00       		.byte	0
 1755 01a0 00       		.byte	0
 1756 01a1 20       		.uleb128 0x20
 1757 01a2 05       		.uleb128 0x5
 1758 01a3 00       		.byte	0
 1759 01a4 03       		.uleb128 0x3
 1760 01a5 08       		.uleb128 0x8
 1761 01a6 3A       		.uleb128 0x3a
 1762 01a7 0B       		.uleb128 0xb
ARM GAS  /var/folders/l5/0x54b2c10074c8bt31ycjvl80000gp/T//cczfY1rR.s 			page 32


 1763 01a8 3B       		.uleb128 0x3b
 1764 01a9 0B       		.uleb128 0xb
 1765 01aa 39       		.uleb128 0x39
 1766 01ab 0B       		.uleb128 0xb
 1767 01ac 49       		.uleb128 0x49
 1768 01ad 13       		.uleb128 0x13
 1769 01ae 02       		.uleb128 0x2
 1770 01af 18       		.uleb128 0x18
 1771 01b0 00       		.byte	0
 1772 01b1 00       		.byte	0
 1773 01b2 21       		.uleb128 0x21
 1774 01b3 2E       		.uleb128 0x2e
 1775 01b4 00       		.byte	0
 1776 01b5 3F       		.uleb128 0x3f
 1777 01b6 19       		.uleb128 0x19
 1778 01b7 3C       		.uleb128 0x3c
 1779 01b8 19       		.uleb128 0x19
 1780 01b9 6E       		.uleb128 0x6e
 1781 01ba 0E       		.uleb128 0xe
 1782 01bb 03       		.uleb128 0x3
 1783 01bc 0E       		.uleb128 0xe
 1784 01bd 3A       		.uleb128 0x3a
 1785 01be 0B       		.uleb128 0xb
 1786 01bf 3B       		.uleb128 0x3b
 1787 01c0 0B       		.uleb128 0xb
 1788 01c1 39       		.uleb128 0x39
 1789 01c2 0B       		.uleb128 0xb
 1790 01c3 00       		.byte	0
 1791 01c4 00       		.byte	0
 1792 01c5 22       		.uleb128 0x22
 1793 01c6 2E       		.uleb128 0x2e
 1794 01c7 00       		.byte	0
 1795 01c8 3F       		.uleb128 0x3f
 1796 01c9 19       		.uleb128 0x19
 1797 01ca 3C       		.uleb128 0x3c
 1798 01cb 19       		.uleb128 0x19
 1799 01cc 6E       		.uleb128 0x6e
 1800 01cd 0E       		.uleb128 0xe
 1801 01ce 03       		.uleb128 0x3
 1802 01cf 0E       		.uleb128 0xe
 1803 01d0 3A       		.uleb128 0x3a
 1804 01d1 0B       		.uleb128 0xb
 1805 01d2 3B       		.uleb128 0x3b
 1806 01d3 05       		.uleb128 0x5
 1807 01d4 39       		.uleb128 0x39
 1808 01d5 0B       		.uleb128 0xb
 1809 01d6 00       		.byte	0
 1810 01d7 00       		.byte	0
 1811 01d8 00       		.byte	0
 1812              		.section	.debug_loc,"",%progbits
 1813              	.Ldebug_loc0:
 1814              	.LVUS0:
 1815 0000 04       		.uleb128 .LVU54
 1816 0001 00       		.uleb128 .LVU63
 1817 0002 00       		.uleb128 .LVU66
 1818 0003 00       		.uleb128 0
 1819              	.LLST0:
ARM GAS  /var/folders/l5/0x54b2c10074c8bt31ycjvl80000gp/T//cczfY1rR.s 			page 33


 1820 0004 54000000 		.4byte	.LVL7
 1821 0008 73000000 		.4byte	.LVL9-1
 1822 000c 0100     		.2byte	0x1
 1823 000e 53       		.byte	0x53
 1824 000f 78000000 		.4byte	.LVL10
 1825 0013 90000000 		.4byte	.LFE9
 1826 0017 0100     		.2byte	0x1
 1827 0019 53       		.byte	0x53
 1828 001a 00000000 		.4byte	0
 1829 001e 00000000 		.4byte	0
 1830              	.LVUS1:
 1831 0022 00       		.uleb128 .LVU56
 1832 0023 00       		.uleb128 .LVU63
 1833              	.LLST1:
 1834 0024 60000000 		.4byte	.LVL8
 1835 0028 73000000 		.4byte	.LVL9-1
 1836 002c 0100     		.2byte	0x1
 1837 002e 51       		.byte	0x51
 1838 002f 00000000 		.4byte	0
 1839 0033 00000000 		.4byte	0
 1840              		.section	.debug_aranges,"",%progbits
 1841 0000 2C000000 		.4byte	0x2c
 1842 0004 0200     		.2byte	0x2
 1843 0006 00000000 		.4byte	.Ldebug_info0
 1844 000a 04       		.byte	0x4
 1845 000b 00       		.byte	0
 1846 000c 0000     		.2byte	0
 1847 000e 0000     		.2byte	0
 1848 0010 00000000 		.4byte	.LFB7
 1849 0014 20000000 		.4byte	.LFE7-.LFB7
 1850 0018 00000000 		.4byte	.LFB8
 1851 001c 78000000 		.4byte	.LFE8-.LFB8
 1852 0020 00000000 		.4byte	.LFB9
 1853 0024 90000000 		.4byte	.LFE9-.LFB9
 1854 0028 00000000 		.4byte	0
 1855 002c 00000000 		.4byte	0
 1856              		.section	.debug_ranges,"",%progbits
 1857              	.Ldebug_ranges0:
 1858 0000 54000000 		.4byte	.LBB3
 1859 0004 54000000 		.4byte	.LBE3
 1860 0008 58000000 		.4byte	.LBB4
 1861 000c 74000000 		.4byte	.LBE4
 1862 0010 00000000 		.4byte	0
 1863 0014 00000000 		.4byte	0
 1864 0018 00000000 		.4byte	.LFB7
 1865 001c 20000000 		.4byte	.LFE7
 1866 0020 00000000 		.4byte	.LFB8
 1867 0024 78000000 		.4byte	.LFE8
 1868 0028 00000000 		.4byte	.LFB9
 1869 002c 90000000 		.4byte	.LFE9
 1870 0030 00000000 		.4byte	0
 1871 0034 00000000 		.4byte	0
 1872              		.section	.debug_line,"",%progbits
 1873              	.Ldebug_line0:
 1874 0000 D4020000 		.section	.debug_str,"MS",%progbits,1
 1874      0300A101 
 1874      00000201 
ARM GAS  /var/folders/l5/0x54b2c10074c8bt31ycjvl80000gp/T//cczfY1rR.s 			page 34


 1874      FB0E0D00 
 1874      01010101 
 1875              	.LASF77:
 1876 0000 7466756E 		.ascii	"tfunc_t\000"
 1876      635F7400 
 1877              	.LASF88:
 1878 0008 63665F6F 		.ascii	"cf_off_older\000"
 1878      66665F6F 
 1878      6C646572 
 1878      00
 1879              	.LASF40:
 1880 0015 705F6D73 		.ascii	"p_msg\000"
 1880      6700
 1881              	.LASF72:
 1882 001b 7264796D 		.ascii	"rdymsg\000"
 1882      736700
 1883              	.LASF4:
 1884 0022 5F5F7569 		.ascii	"__uint8_t\000"
 1884      6E74385F 
 1884      7400
 1885              	.LASF66:
 1886 002c 76746C69 		.ascii	"vtlist\000"
 1886      737400
 1887              	.LASF99:
 1888 0033 63685379 		.ascii	"chSysTimerHandlerI\000"
 1888      7354696D 
 1888      65724861 
 1888      6E646C65 
 1888      724900
 1889              	.LASF12:
 1890 0046 6C6F6E67 		.ascii	"long long unsigned int\000"
 1890      206C6F6E 
 1890      6720756E 
 1890      7369676E 
 1890      65642069 
 1891              	.LASF84:
 1892 005d 63685F74 		.ascii	"ch_threadsize\000"
 1892      68726561 
 1892      6473697A 
 1892      6500
 1893              	.LASF73:
 1894 006b 65786974 		.ascii	"exitcode\000"
 1894      636F6465 
 1894      00
 1895              	.LASF111:
 1896 0074 6D61696E 		.ascii	"mainthread\000"
 1896      74687265 
 1896      616400
 1897              	.LASF28:
 1898 007f 705F7072 		.ascii	"p_prio\000"
 1898      696F00
 1899              	.LASF91:
 1900 0086 63665F6F 		.ascii	"cf_off_state\000"
 1900      66665F73 
 1900      74617465 
 1900      00
 1901              	.LASF102:
ARM GAS  /var/folders/l5/0x54b2c10074c8bt31ycjvl80000gp/T//cczfY1rR.s 			page 35


 1902 0093 5F736368 		.ascii	"_scheduler_init\000"
 1902      6564756C 
 1902      65725F69 
 1902      6E697400 
 1903              	.LASF11:
 1904 00a3 6C6F6E67 		.ascii	"long long int\000"
 1904      206C6F6E 
 1904      6720696E 
 1904      7400
 1905              	.LASF1:
 1906 00b1 7369676E 		.ascii	"signed char\000"
 1906      65642063 
 1906      68617200 
 1907              	.LASF90:
 1908 00bd 63665F6F 		.ascii	"cf_off_stklimit\000"
 1908      66665F73 
 1908      746B6C69 
 1908      6D697400 
 1909              	.LASF92:
 1910 00cd 63665F6F 		.ascii	"cf_off_flags\000"
 1910      66665F66 
 1910      6C616773 
 1910      00
 1911              	.LASF69:
 1912 00da 6D5F7175 		.ascii	"m_queue\000"
 1912      65756500 
 1913              	.LASF20:
 1914 00e2 74736C69 		.ascii	"tslices_t\000"
 1914      6365735F 
 1914      7400
 1915              	.LASF8:
 1916 00ec 6C6F6E67 		.ascii	"long int\000"
 1916      20696E74 
 1916      00
 1917              	.LASF18:
 1918 00f5 74737461 		.ascii	"tstate_t\000"
 1918      74655F74 
 1918      00
 1919              	.LASF14:
 1920 00fe 75696E74 		.ascii	"uint16_t\000"
 1920      31365F74 
 1920      00
 1921              	.LASF96:
 1922 0107 63686465 		.ascii	"chdebug_t\000"
 1922      6275675F 
 1922      7400
 1923              	.LASF30:
 1924 0111 705F6E65 		.ascii	"p_newer\000"
 1924      77657200 
 1925              	.LASF98:
 1926 0119 5F69646C 		.ascii	"_idle_thread_wa\000"
 1926      655F7468 
 1926      72656164 
 1926      5F776100 
 1927              	.LASF9:
 1928 0129 5F5F7569 		.ascii	"__uint32_t\000"
 1928      6E743332 
ARM GAS  /var/folders/l5/0x54b2c10074c8bt31ycjvl80000gp/T//cczfY1rR.s 			page 36


 1928      5F7400
 1929              	.LASF47:
 1930 0134 72656761 		.ascii	"regarm_t\000"
 1930      726D5F74 
 1930      00
 1931              	.LASF53:
 1932 013d 76745F70 		.ascii	"vt_prev\000"
 1932      72657600 
 1933              	.LASF100:
 1934 0145 63685379 		.ascii	"chSysInit\000"
 1934      73496E69 
 1934      7400
 1935              	.LASF105:
 1936 014f 5F686561 		.ascii	"_heap_init\000"
 1936      705F696E 
 1936      697400
 1937              	.LASF0:
 1938 015a 756E7369 		.ascii	"unsigned int\000"
 1938      676E6564 
 1938      20696E74 
 1938      00
 1939              	.LASF106:
 1940 0167 5F746872 		.ascii	"_thread_init\000"
 1940      6561645F 
 1940      696E6974 
 1940      00
 1941              	.LASF52:
 1942 0174 76745F6E 		.ascii	"vt_next\000"
 1942      65787400 
 1943              	.LASF10:
 1944 017c 6C6F6E67 		.ascii	"long unsigned int\000"
 1944      20756E73 
 1944      69676E65 
 1944      6420696E 
 1944      7400
 1945              	.LASF97:
 1946 018e 63685F64 		.ascii	"ch_debug\000"
 1946      65627567 
 1946      00
 1947              	.LASF50:
 1948 0197 76746675 		.ascii	"vtfunc_t\000"
 1948      6E635F74 
 1948      00
 1949              	.LASF78:
 1950 01a0 63685F69 		.ascii	"ch_identifier\000"
 1950      64656E74 
 1950      69666965 
 1950      7200
 1951              	.LASF49:
 1952 01ae 636F6E74 		.ascii	"context\000"
 1952      65787400 
 1953              	.LASF6:
 1954 01b6 73686F72 		.ascii	"short unsigned int\000"
 1954      7420756E 
 1954      7369676E 
 1954      65642069 
 1954      6E7400
ARM GAS  /var/folders/l5/0x54b2c10074c8bt31ycjvl80000gp/T//cczfY1rR.s 			page 37


 1955              	.LASF22:
 1956 01c9 6D73675F 		.ascii	"msg_t\000"
 1956      7400
 1957              	.LASF62:
 1958 01cf 725F6E65 		.ascii	"r_newer\000"
 1958      77657200 
 1959              	.LASF108:
 1960 01d7 474E5520 		.ascii	"GNU C17 8.3.1 20190703 (release) [gcc-8-branch revi"
 1960      43313720 
 1960      382E332E 
 1960      31203230 
 1960      31393037 
 1961 020a 73696F6E 		.ascii	"sion 273027] -mcpu=arm1176jz-s -mno-thumb-interwork"
 1961      20323733 
 1961      3032375D 
 1961      202D6D63 
 1961      70753D61 
 1962 023d 202D6D66 		.ascii	" -mfloat-abi=soft -marm -march=armv6kz -ggdb -O2 -f"
 1962      6C6F6174 
 1962      2D616269 
 1962      3D736F66 
 1962      74202D6D 
 1963 0270 6F6D6974 		.ascii	"omit-frame-pointer -ffunction-sections -fdata-secti"
 1963      2D667261 
 1963      6D652D70 
 1963      6F696E74 
 1963      6572202D 
 1964 02a3 6F6E7300 		.ascii	"ons\000"
 1965              	.LASF17:
 1966 02a7 746D6F64 		.ascii	"tmode_t\000"
 1966      655F7400 
 1967              	.LASF45:
 1968 02af 54687265 		.ascii	"ThreadsList\000"
 1968      6164734C 
 1968      69737400 
 1969              	.LASF23:
 1970 02bb 6576656E 		.ascii	"eventmask_t\000"
 1970      746D6173 
 1970      6B5F7400 
 1971              	.LASF68:
 1972 02c7 4D757465 		.ascii	"Mutex\000"
 1972      7800
 1973              	.LASF46:
 1974 02cd 73746B61 		.ascii	"stkalign_t\000"
 1974      6C69676E 
 1974      5F7400
 1975              	.LASF107:
 1976 02d8 63685468 		.ascii	"chThdCreateStatic\000"
 1976      64437265 
 1976      61746553 
 1976      74617469 
 1976      6300
 1977              	.LASF79:
 1978 02ea 63685F7A 		.ascii	"ch_zero\000"
 1978      65726F00 
 1979              	.LASF93:
 1980 02f2 63665F6F 		.ascii	"cf_off_refs\000"
ARM GAS  /var/folders/l5/0x54b2c10074c8bt31ycjvl80000gp/T//cczfY1rR.s 			page 38


 1980      66665F72 
 1980      65667300 
 1981              	.LASF54:
 1982 02fe 76745F74 		.ascii	"vt_time\000"
 1982      696D6500 
 1983              	.LASF55:
 1984 0306 76745F66 		.ascii	"vt_func\000"
 1984      756E6300 
 1985              	.LASF83:
 1986 030e 63685F74 		.ascii	"ch_timesize\000"
 1986      696D6573 
 1986      697A6500 
 1987              	.LASF89:
 1988 031a 63665F6F 		.ascii	"cf_off_name\000"
 1988      66665F6E 
 1988      616D6500 
 1989              	.LASF110:
 1990 0326 2F557365 		.ascii	"/Users/fernandoguirado/Desktop/Chibi/ChibiOS-RPi/de"
 1990      72732F66 
 1990      65726E61 
 1990      6E646F67 
 1990      75697261 
 1991 0359 6D6F732F 		.ascii	"mos/led\000"
 1991      6C656400 
 1992              	.LASF61:
 1993 0361 725F6374 		.ascii	"r_ctx\000"
 1993      7800
 1994              	.LASF44:
 1995 0367 54687265 		.ascii	"ThreadsQueue\000"
 1995      61647351 
 1995      75657565 
 1995      00
 1996              	.LASF80:
 1997 0374 63685F73 		.ascii	"ch_size\000"
 1997      697A6500 
 1998              	.LASF64:
 1999 037c 725F6375 		.ascii	"r_current\000"
 1999      7272656E 
 1999      7400
 2000              	.LASF63:
 2001 0386 725F6F6C 		.ascii	"r_older\000"
 2001      64657200 
 2002              	.LASF101:
 2003 038e 5F69646C 		.ascii	"_idle_thread\000"
 2003      655F7468 
 2003      72656164 
 2003      00
 2004              	.LASF19:
 2005 039b 74726566 		.ascii	"trefs_t\000"
 2005      735F7400 
 2006              	.LASF82:
 2007 03a3 63685F70 		.ascii	"ch_ptrsize\000"
 2007      74727369 
 2007      7A6500
 2008              	.LASF27:
 2009 03ae 705F7072 		.ascii	"p_prev\000"
 2009      657600
ARM GAS  /var/folders/l5/0x54b2c10074c8bt31ycjvl80000gp/T//cczfY1rR.s 			page 39


 2010              	.LASF21:
 2011 03b5 74707269 		.ascii	"tprio_t\000"
 2011      6F5F7400 
 2012              	.LASF15:
 2013 03bd 696E7433 		.ascii	"int32_t\000"
 2013      325F7400 
 2014              	.LASF2:
 2015 03c5 756E7369 		.ascii	"unsigned char\000"
 2015      676E6564 
 2015      20636861 
 2015      7200
 2016              	.LASF104:
 2017 03d3 5F636F72 		.ascii	"_core_init\000"
 2017      655F696E 
 2017      697400
 2018              	.LASF42:
 2019 03de 705F6D74 		.ascii	"p_mtxlist\000"
 2019      786C6973 
 2019      7400
 2020              	.LASF3:
 2021 03e8 73686F72 		.ascii	"short int\000"
 2021      7420696E 
 2021      7400
 2022              	.LASF33:
 2023 03f2 705F7374 		.ascii	"p_state\000"
 2023      61746500 
 2024              	.LASF36:
 2025 03fa 705F7072 		.ascii	"p_preempt\000"
 2025      65656D70 
 2025      7400
 2026              	.LASF95:
 2027 0404 63665F6F 		.ascii	"cf_off_time\000"
 2027      66665F74 
 2027      696D6500 
 2028              	.LASF31:
 2029 0410 705F6F6C 		.ascii	"p_older\000"
 2029      64657200 
 2030              	.LASF60:
 2031 0418 725F7072 		.ascii	"r_prio\000"
 2031      696F00
 2032              	.LASF75:
 2033 041f 65776D61 		.ascii	"ewmask\000"
 2033      736B00
 2034              	.LASF26:
 2035 0426 705F6E65 		.ascii	"p_next\000"
 2035      787400
 2036              	.LASF94:
 2037 042d 63665F6F 		.ascii	"cf_off_preempt\000"
 2037      66665F70 
 2037      7265656D 
 2037      707400
 2038              	.LASF34:
 2039 043c 705F666C 		.ascii	"p_flags\000"
 2039      61677300 
 2040              	.LASF25:
 2041 0444 54687265 		.ascii	"Thread\000"
 2041      616400
ARM GAS  /var/folders/l5/0x54b2c10074c8bt31ycjvl80000gp/T//cczfY1rR.s 			page 40


 2042              	.LASF87:
 2043 044b 63665F6F 		.ascii	"cf_off_newer\000"
 2043      66665F6E 
 2043      65776572 
 2043      00
 2044              	.LASF41:
 2045 0458 705F6570 		.ascii	"p_epending\000"
 2045      656E6469 
 2045      6E6700
 2046              	.LASF16:
 2047 0463 75696E74 		.ascii	"uint32_t\000"
 2047      33325F74 
 2047      00
 2048              	.LASF85:
 2049 046c 63665F6F 		.ascii	"cf_off_prio\000"
 2049      66665F70 
 2049      72696F00 
 2050              	.LASF59:
 2051 0478 725F7175 		.ascii	"r_queue\000"
 2051      65756500 
 2052              	.LASF51:
 2053 0480 56697274 		.ascii	"VirtualTimer\000"
 2053      75616C54 
 2053      696D6572 
 2053      00
 2054              	.LASF76:
 2055 048d 63686172 		.ascii	"char\000"
 2055      00
 2056              	.LASF5:
 2057 0492 5F5F7569 		.ascii	"__uint16_t\000"
 2057      6E743136 
 2057      5F7400
 2058              	.LASF71:
 2059 049d 6D5F6E65 		.ascii	"m_next\000"
 2059      787400
 2060              	.LASF24:
 2061 04a4 73797374 		.ascii	"systime_t\000"
 2061      696D655F 
 2061      7400
 2062              	.LASF43:
 2063 04ae 705F7265 		.ascii	"p_realprio\000"
 2063      616C7072 
 2063      696F00
 2064              	.LASF7:
 2065 04b9 5F5F696E 		.ascii	"__int32_t\000"
 2065      7433325F 
 2065      7400
 2066              	.LASF103:
 2067 04c3 5F76745F 		.ascii	"_vt_init\000"
 2067      696E6974 
 2067      00
 2068              	.LASF37:
 2069 04cc 705F7469 		.ascii	"p_time\000"
 2069      6D6500
 2070              	.LASF48:
 2071 04d3 696E7463 		.ascii	"intctx\000"
 2071      747800
ARM GAS  /var/folders/l5/0x54b2c10074c8bt31ycjvl80000gp/T//cczfY1rR.s 			page 41


 2072              	.LASF39:
 2073 04da 705F6D73 		.ascii	"p_msgqueue\000"
 2073      67717565 
 2073      756500
 2074              	.LASF56:
 2075 04e5 76745F70 		.ascii	"vt_par\000"
 2075      617200
 2076              	.LASF86:
 2077 04ec 63665F6F 		.ascii	"cf_off_ctx\000"
 2077      66665F63 
 2077      747800
 2078              	.LASF35:
 2079 04f7 705F7265 		.ascii	"p_refs\000"
 2079      667300
 2080              	.LASF65:
 2081 04fe 52656164 		.ascii	"ReadyList\000"
 2081      794C6973 
 2081      7400
 2082              	.LASF67:
 2083 0508 726C6973 		.ascii	"rlist\000"
 2083      7400
 2084              	.LASF109:
 2085 050e 2E2E2F2E 		.ascii	"../../os/kernel/src/chsys.c\000"
 2085      2E2F6F73 
 2085      2F6B6572 
 2085      6E656C2F 
 2085      7372632F 
 2086              	.LASF13:
 2087 052a 75696E74 		.ascii	"uint8_t\000"
 2087      385F7400 
 2088              	.LASF74:
 2089 0532 77746F62 		.ascii	"wtobjp\000"
 2089      6A7000
 2090              	.LASF32:
 2091 0539 705F6E61 		.ascii	"p_name\000"
 2091      6D6500
 2092              	.LASF57:
 2093 0540 76745F73 		.ascii	"vt_systime\000"
 2093      79737469 
 2093      6D6500
 2094              	.LASF81:
 2095 054b 63685F76 		.ascii	"ch_version\000"
 2095      65727369 
 2095      6F6E00
 2096              	.LASF58:
 2097 0556 56544C69 		.ascii	"VTList\000"
 2097      737400
 2098              	.LASF70:
 2099 055d 6D5F6F77 		.ascii	"m_owner\000"
 2099      6E657200 
 2100              	.LASF29:
 2101 0565 705F6374 		.ascii	"p_ctx\000"
 2101      7800
 2102              	.LASF38:
 2103 056b 705F7761 		.ascii	"p_waiting\000"
 2103      6974696E 
 2103      6700
ARM GAS  /var/folders/l5/0x54b2c10074c8bt31ycjvl80000gp/T//cczfY1rR.s 			page 42


 2104              		.ident	"GCC: (GNU Tools for Arm Embedded Processors 8-2019-q3-update) 8.3.1 20190703 (release) [gc
ARM GAS  /var/folders/l5/0x54b2c10074c8bt31ycjvl80000gp/T//cczfY1rR.s 			page 43


DEFINED SYMBOLS
                            *ABS*:0000000000000000 chsys.c
/var/folders/l5/0x54b2c10074c8bt31ycjvl80000gp/T//cczfY1rR.s:16     .text._idle_thread:0000000000000000 $a
/var/folders/l5/0x54b2c10074c8bt31ycjvl80000gp/T//cczfY1rR.s:23     .text._idle_thread:0000000000000000 _idle_thread
/var/folders/l5/0x54b2c10074c8bt31ycjvl80000gp/T//cczfY1rR.s:55     .text._idle_thread:0000000000000018 $d
/var/folders/l5/0x54b2c10074c8bt31ycjvl80000gp/T//cczfY1rR.s:61     .text.chSysInit:0000000000000000 $a
/var/folders/l5/0x54b2c10074c8bt31ycjvl80000gp/T//cczfY1rR.s:67     .text.chSysInit:0000000000000000 chSysInit
/var/folders/l5/0x54b2c10074c8bt31ycjvl80000gp/T//cczfY1rR.s:139    .text.chSysInit:0000000000000064 $d
                            *COM*:000000000000009c _idle_thread_wa
/var/folders/l5/0x54b2c10074c8bt31ycjvl80000gp/T//cczfY1rR.s:148    .text.chSysTimerHandlerI:0000000000000000 $a
/var/folders/l5/0x54b2c10074c8bt31ycjvl80000gp/T//cczfY1rR.s:154    .text.chSysTimerHandlerI:0000000000000000 chSysTimerHandlerI
/var/folders/l5/0x54b2c10074c8bt31ycjvl80000gp/T//cczfY1rR.s:247    .text.chSysTimerHandlerI:0000000000000088 $d
/var/folders/l5/0x54b2c10074c8bt31ycjvl80000gp/T//cczfY1rR.s:255    .bss.mainthread.4816:0000000000000000 $d
/var/folders/l5/0x54b2c10074c8bt31ycjvl80000gp/T//cczfY1rR.s:259    .bss.mainthread.4816:0000000000000000 mainthread.4816
/var/folders/l5/0x54b2c10074c8bt31ycjvl80000gp/T//cczfY1rR.s:262    .rodata._idle_thread.str1.4:0000000000000000 $d

UNDEFINED SYMBOLS
rlist
_scheduler_init
_vt_init
_core_init
_heap_init
_thread_init
chThdCreateStatic
ch_debug
vtlist
